[2024-03-25T20:19:37.504+0000] {processor.py:161} INFO - Started process (PID=61) to work on /home/airflow/.local/lib/python3.8/site-packages/airflow/example_dags/example_sensor_decorator.py
[2024-03-25T20:19:37.505+0000] {processor.py:830} INFO - Processing file /home/airflow/.local/lib/python3.8/site-packages/airflow/example_dags/example_sensor_decorator.py for tasks to queue
[2024-03-25T20:19:37.507+0000] {logging_mixin.py:188} INFO - [2024-03-25T20:19:37.507+0000] {dagbag.py:540} INFO - Filling up the DagBag from /home/airflow/.local/lib/python3.8/site-packages/airflow/example_dags/example_sensor_decorator.py
[2024-03-25T20:19:37.513+0000] {processor.py:840} INFO - DAG(s) 'example_sensor_decorator' retrieved from /home/airflow/.local/lib/python3.8/site-packages/airflow/example_dags/example_sensor_decorator.py
[2024-03-25T20:19:37.525+0000] {logging_mixin.py:188} INFO - [2024-03-25T20:19:37.525+0000] {dag.py:3047} INFO - Sync 1 DAGs
[2024-03-25T20:19:37.532+0000] {logging_mixin.py:188} INFO - [2024-03-25T20:19:37.532+0000] {dag.py:3834} INFO - Setting next_dagrun for example_sensor_decorator to None, run_after=None
[2024-03-25T20:19:37.542+0000] {processor.py:183} INFO - Processing /home/airflow/.local/lib/python3.8/site-packages/airflow/example_dags/example_sensor_decorator.py took 0.040 seconds
[2024-03-25T20:20:07.929+0000] {processor.py:161} INFO - Started process (PID=117) to work on /home/airflow/.local/lib/python3.8/site-packages/airflow/example_dags/example_sensor_decorator.py
[2024-03-25T20:20:07.930+0000] {processor.py:830} INFO - Processing file /home/airflow/.local/lib/python3.8/site-packages/airflow/example_dags/example_sensor_decorator.py for tasks to queue
[2024-03-25T20:20:07.933+0000] {logging_mixin.py:188} INFO - [2024-03-25T20:20:07.932+0000] {dagbag.py:540} INFO - Filling up the DagBag from /home/airflow/.local/lib/python3.8/site-packages/airflow/example_dags/example_sensor_decorator.py
[2024-03-25T20:20:07.938+0000] {processor.py:840} INFO - DAG(s) 'example_sensor_decorator' retrieved from /home/airflow/.local/lib/python3.8/site-packages/airflow/example_dags/example_sensor_decorator.py
[2024-03-25T20:20:07.951+0000] {logging_mixin.py:188} INFO - [2024-03-25T20:20:07.950+0000] {dag.py:3047} INFO - Sync 1 DAGs
[2024-03-25T20:20:07.958+0000] {logging_mixin.py:188} INFO - [2024-03-25T20:20:07.958+0000] {dag.py:3834} INFO - Setting next_dagrun for example_sensor_decorator to None, run_after=None
[2024-03-25T20:20:07.971+0000] {processor.py:183} INFO - Processing /home/airflow/.local/lib/python3.8/site-packages/airflow/example_dags/example_sensor_decorator.py took 0.044 seconds
[2024-03-25T20:26:14.748+0000] {processor.py:161} INFO - Started process (PID=60) to work on /home/airflow/.local/lib/python3.8/site-packages/airflow/example_dags/example_sensor_decorator.py
[2024-03-25T20:26:14.749+0000] {processor.py:830} INFO - Processing file /home/airflow/.local/lib/python3.8/site-packages/airflow/example_dags/example_sensor_decorator.py for tasks to queue
[2024-03-25T20:26:14.750+0000] {logging_mixin.py:188} INFO - [2024-03-25T20:26:14.750+0000] {dagbag.py:540} INFO - Filling up the DagBag from /home/airflow/.local/lib/python3.8/site-packages/airflow/example_dags/example_sensor_decorator.py
[2024-03-25T20:26:14.754+0000] {processor.py:840} INFO - DAG(s) 'example_sensor_decorator' retrieved from /home/airflow/.local/lib/python3.8/site-packages/airflow/example_dags/example_sensor_decorator.py
[2024-03-25T20:26:14.768+0000] {logging_mixin.py:188} INFO - [2024-03-25T20:26:14.768+0000] {dag.py:3047} INFO - Sync 1 DAGs
[2024-03-25T20:26:14.775+0000] {logging_mixin.py:188} INFO - [2024-03-25T20:26:14.775+0000] {dag.py:3834} INFO - Setting next_dagrun for example_sensor_decorator to None, run_after=None
[2024-03-25T20:26:14.785+0000] {processor.py:183} INFO - Processing /home/airflow/.local/lib/python3.8/site-packages/airflow/example_dags/example_sensor_decorator.py took 0.039 seconds
[2024-03-25T20:26:44.914+0000] {processor.py:161} INFO - Started process (PID=115) to work on /home/airflow/.local/lib/python3.8/site-packages/airflow/example_dags/example_sensor_decorator.py
[2024-03-25T20:26:44.914+0000] {processor.py:830} INFO - Processing file /home/airflow/.local/lib/python3.8/site-packages/airflow/example_dags/example_sensor_decorator.py for tasks to queue
[2024-03-25T20:26:44.915+0000] {logging_mixin.py:188} INFO - [2024-03-25T20:26:44.915+0000] {dagbag.py:540} INFO - Filling up the DagBag from /home/airflow/.local/lib/python3.8/site-packages/airflow/example_dags/example_sensor_decorator.py
[2024-03-25T20:26:44.919+0000] {processor.py:840} INFO - DAG(s) 'example_sensor_decorator' retrieved from /home/airflow/.local/lib/python3.8/site-packages/airflow/example_dags/example_sensor_decorator.py
[2024-03-25T20:26:44.928+0000] {logging_mixin.py:188} INFO - [2024-03-25T20:26:44.928+0000] {dag.py:3047} INFO - Sync 1 DAGs
[2024-03-25T20:26:44.934+0000] {logging_mixin.py:188} INFO - [2024-03-25T20:26:44.934+0000] {dag.py:3834} INFO - Setting next_dagrun for example_sensor_decorator to None, run_after=None
[2024-03-25T20:26:44.942+0000] {processor.py:183} INFO - Processing /home/airflow/.local/lib/python3.8/site-packages/airflow/example_dags/example_sensor_decorator.py took 0.030 seconds
[2024-03-25T20:27:16.063+0000] {processor.py:161} INFO - Started process (PID=171) to work on /home/airflow/.local/lib/python3.8/site-packages/airflow/example_dags/example_sensor_decorator.py
[2024-03-25T20:27:16.064+0000] {processor.py:830} INFO - Processing file /home/airflow/.local/lib/python3.8/site-packages/airflow/example_dags/example_sensor_decorator.py for tasks to queue
[2024-03-25T20:27:16.065+0000] {logging_mixin.py:188} INFO - [2024-03-25T20:27:16.065+0000] {dagbag.py:540} INFO - Filling up the DagBag from /home/airflow/.local/lib/python3.8/site-packages/airflow/example_dags/example_sensor_decorator.py
[2024-03-25T20:27:16.070+0000] {processor.py:840} INFO - DAG(s) 'example_sensor_decorator' retrieved from /home/airflow/.local/lib/python3.8/site-packages/airflow/example_dags/example_sensor_decorator.py
[2024-03-25T20:27:16.088+0000] {logging_mixin.py:188} INFO - [2024-03-25T20:27:16.088+0000] {dag.py:3047} INFO - Sync 1 DAGs
[2024-03-25T20:27:16.097+0000] {logging_mixin.py:188} INFO - [2024-03-25T20:27:16.097+0000] {dag.py:3834} INFO - Setting next_dagrun for example_sensor_decorator to None, run_after=None
[2024-03-25T20:27:16.108+0000] {processor.py:183} INFO - Processing /home/airflow/.local/lib/python3.8/site-packages/airflow/example_dags/example_sensor_decorator.py took 0.047 seconds
[2024-03-25T20:27:47.124+0000] {processor.py:161} INFO - Started process (PID=227) to work on /home/airflow/.local/lib/python3.8/site-packages/airflow/example_dags/example_sensor_decorator.py
[2024-03-25T20:27:47.125+0000] {processor.py:830} INFO - Processing file /home/airflow/.local/lib/python3.8/site-packages/airflow/example_dags/example_sensor_decorator.py for tasks to queue
[2024-03-25T20:27:47.126+0000] {logging_mixin.py:188} INFO - [2024-03-25T20:27:47.126+0000] {dagbag.py:540} INFO - Filling up the DagBag from /home/airflow/.local/lib/python3.8/site-packages/airflow/example_dags/example_sensor_decorator.py
[2024-03-25T20:27:47.130+0000] {processor.py:840} INFO - DAG(s) 'example_sensor_decorator' retrieved from /home/airflow/.local/lib/python3.8/site-packages/airflow/example_dags/example_sensor_decorator.py
[2024-03-25T20:27:47.143+0000] {logging_mixin.py:188} INFO - [2024-03-25T20:27:47.143+0000] {dag.py:3047} INFO - Sync 1 DAGs
[2024-03-25T20:27:47.149+0000] {logging_mixin.py:188} INFO - [2024-03-25T20:27:47.149+0000] {dag.py:3834} INFO - Setting next_dagrun for example_sensor_decorator to None, run_after=None
[2024-03-25T20:27:47.160+0000] {processor.py:183} INFO - Processing /home/airflow/.local/lib/python3.8/site-packages/airflow/example_dags/example_sensor_decorator.py took 0.038 seconds
[2024-03-25T20:28:17.185+0000] {processor.py:161} INFO - Started process (PID=282) to work on /home/airflow/.local/lib/python3.8/site-packages/airflow/example_dags/example_sensor_decorator.py
[2024-03-25T20:28:17.185+0000] {processor.py:830} INFO - Processing file /home/airflow/.local/lib/python3.8/site-packages/airflow/example_dags/example_sensor_decorator.py for tasks to queue
[2024-03-25T20:28:17.186+0000] {logging_mixin.py:188} INFO - [2024-03-25T20:28:17.186+0000] {dagbag.py:540} INFO - Filling up the DagBag from /home/airflow/.local/lib/python3.8/site-packages/airflow/example_dags/example_sensor_decorator.py
[2024-03-25T20:28:17.190+0000] {processor.py:840} INFO - DAG(s) 'example_sensor_decorator' retrieved from /home/airflow/.local/lib/python3.8/site-packages/airflow/example_dags/example_sensor_decorator.py
[2024-03-25T20:28:17.200+0000] {logging_mixin.py:188} INFO - [2024-03-25T20:28:17.199+0000] {dag.py:3047} INFO - Sync 1 DAGs
[2024-03-25T20:28:17.205+0000] {logging_mixin.py:188} INFO - [2024-03-25T20:28:17.205+0000] {dag.py:3834} INFO - Setting next_dagrun for example_sensor_decorator to None, run_after=None
[2024-03-25T20:28:17.212+0000] {processor.py:183} INFO - Processing /home/airflow/.local/lib/python3.8/site-packages/airflow/example_dags/example_sensor_decorator.py took 0.029 seconds
[2024-03-25T20:28:47.397+0000] {processor.py:161} INFO - Started process (PID=338) to work on /home/airflow/.local/lib/python3.8/site-packages/airflow/example_dags/example_sensor_decorator.py
[2024-03-25T20:28:47.398+0000] {processor.py:830} INFO - Processing file /home/airflow/.local/lib/python3.8/site-packages/airflow/example_dags/example_sensor_decorator.py for tasks to queue
[2024-03-25T20:28:47.399+0000] {logging_mixin.py:188} INFO - [2024-03-25T20:28:47.399+0000] {dagbag.py:540} INFO - Filling up the DagBag from /home/airflow/.local/lib/python3.8/site-packages/airflow/example_dags/example_sensor_decorator.py
[2024-03-25T20:28:47.402+0000] {processor.py:840} INFO - DAG(s) 'example_sensor_decorator' retrieved from /home/airflow/.local/lib/python3.8/site-packages/airflow/example_dags/example_sensor_decorator.py
[2024-03-25T20:28:47.412+0000] {logging_mixin.py:188} INFO - [2024-03-25T20:28:47.412+0000] {dag.py:3047} INFO - Sync 1 DAGs
[2024-03-25T20:28:47.418+0000] {logging_mixin.py:188} INFO - [2024-03-25T20:28:47.418+0000] {dag.py:3834} INFO - Setting next_dagrun for example_sensor_decorator to None, run_after=None
[2024-03-25T20:28:47.425+0000] {processor.py:183} INFO - Processing /home/airflow/.local/lib/python3.8/site-packages/airflow/example_dags/example_sensor_decorator.py took 0.030 seconds
[2024-03-25T20:29:17.622+0000] {processor.py:161} INFO - Started process (PID=394) to work on /home/airflow/.local/lib/python3.8/site-packages/airflow/example_dags/example_sensor_decorator.py
[2024-03-25T20:29:17.622+0000] {processor.py:830} INFO - Processing file /home/airflow/.local/lib/python3.8/site-packages/airflow/example_dags/example_sensor_decorator.py for tasks to queue
[2024-03-25T20:29:17.623+0000] {logging_mixin.py:188} INFO - [2024-03-25T20:29:17.623+0000] {dagbag.py:540} INFO - Filling up the DagBag from /home/airflow/.local/lib/python3.8/site-packages/airflow/example_dags/example_sensor_decorator.py
[2024-03-25T20:29:17.627+0000] {processor.py:840} INFO - DAG(s) 'example_sensor_decorator' retrieved from /home/airflow/.local/lib/python3.8/site-packages/airflow/example_dags/example_sensor_decorator.py
[2024-03-25T20:29:17.637+0000] {logging_mixin.py:188} INFO - [2024-03-25T20:29:17.637+0000] {dag.py:3047} INFO - Sync 1 DAGs
[2024-03-25T20:29:17.642+0000] {logging_mixin.py:188} INFO - [2024-03-25T20:29:17.642+0000] {dag.py:3834} INFO - Setting next_dagrun for example_sensor_decorator to None, run_after=None
[2024-03-25T20:29:17.650+0000] {processor.py:183} INFO - Processing /home/airflow/.local/lib/python3.8/site-packages/airflow/example_dags/example_sensor_decorator.py took 0.030 seconds
[2024-03-25T20:29:47.967+0000] {processor.py:161} INFO - Started process (PID=450) to work on /home/airflow/.local/lib/python3.8/site-packages/airflow/example_dags/example_sensor_decorator.py
[2024-03-25T20:29:47.967+0000] {processor.py:830} INFO - Processing file /home/airflow/.local/lib/python3.8/site-packages/airflow/example_dags/example_sensor_decorator.py for tasks to queue
[2024-03-25T20:29:47.968+0000] {logging_mixin.py:188} INFO - [2024-03-25T20:29:47.968+0000] {dagbag.py:540} INFO - Filling up the DagBag from /home/airflow/.local/lib/python3.8/site-packages/airflow/example_dags/example_sensor_decorator.py
[2024-03-25T20:29:47.972+0000] {processor.py:840} INFO - DAG(s) 'example_sensor_decorator' retrieved from /home/airflow/.local/lib/python3.8/site-packages/airflow/example_dags/example_sensor_decorator.py
[2024-03-25T20:29:47.981+0000] {logging_mixin.py:188} INFO - [2024-03-25T20:29:47.981+0000] {dag.py:3047} INFO - Sync 1 DAGs
[2024-03-25T20:29:47.987+0000] {logging_mixin.py:188} INFO - [2024-03-25T20:29:47.987+0000] {dag.py:3834} INFO - Setting next_dagrun for example_sensor_decorator to None, run_after=None
[2024-03-25T20:29:47.994+0000] {processor.py:183} INFO - Processing /home/airflow/.local/lib/python3.8/site-packages/airflow/example_dags/example_sensor_decorator.py took 0.029 seconds
[2024-03-25T20:30:18.167+0000] {processor.py:161} INFO - Started process (PID=515) to work on /home/airflow/.local/lib/python3.8/site-packages/airflow/example_dags/example_sensor_decorator.py
[2024-03-25T20:30:18.168+0000] {processor.py:830} INFO - Processing file /home/airflow/.local/lib/python3.8/site-packages/airflow/example_dags/example_sensor_decorator.py for tasks to queue
[2024-03-25T20:30:18.169+0000] {logging_mixin.py:188} INFO - [2024-03-25T20:30:18.169+0000] {dagbag.py:540} INFO - Filling up the DagBag from /home/airflow/.local/lib/python3.8/site-packages/airflow/example_dags/example_sensor_decorator.py
[2024-03-25T20:30:18.174+0000] {processor.py:840} INFO - DAG(s) 'example_sensor_decorator' retrieved from /home/airflow/.local/lib/python3.8/site-packages/airflow/example_dags/example_sensor_decorator.py
[2024-03-25T20:30:18.186+0000] {logging_mixin.py:188} INFO - [2024-03-25T20:30:18.186+0000] {dag.py:3047} INFO - Sync 1 DAGs
[2024-03-25T20:30:18.191+0000] {logging_mixin.py:188} INFO - [2024-03-25T20:30:18.191+0000] {dag.py:3834} INFO - Setting next_dagrun for example_sensor_decorator to None, run_after=None
[2024-03-25T20:30:18.199+0000] {processor.py:183} INFO - Processing /home/airflow/.local/lib/python3.8/site-packages/airflow/example_dags/example_sensor_decorator.py took 0.034 seconds
[2024-03-25T20:30:48.269+0000] {processor.py:161} INFO - Started process (PID=571) to work on /home/airflow/.local/lib/python3.8/site-packages/airflow/example_dags/example_sensor_decorator.py
[2024-03-25T20:30:48.270+0000] {processor.py:830} INFO - Processing file /home/airflow/.local/lib/python3.8/site-packages/airflow/example_dags/example_sensor_decorator.py for tasks to queue
[2024-03-25T20:30:48.270+0000] {logging_mixin.py:188} INFO - [2024-03-25T20:30:48.270+0000] {dagbag.py:540} INFO - Filling up the DagBag from /home/airflow/.local/lib/python3.8/site-packages/airflow/example_dags/example_sensor_decorator.py
[2024-03-25T20:30:48.274+0000] {processor.py:840} INFO - DAG(s) 'example_sensor_decorator' retrieved from /home/airflow/.local/lib/python3.8/site-packages/airflow/example_dags/example_sensor_decorator.py
[2024-03-25T20:30:48.284+0000] {logging_mixin.py:188} INFO - [2024-03-25T20:30:48.284+0000] {dag.py:3047} INFO - Sync 1 DAGs
[2024-03-25T20:30:48.291+0000] {logging_mixin.py:188} INFO - [2024-03-25T20:30:48.291+0000] {dag.py:3834} INFO - Setting next_dagrun for example_sensor_decorator to None, run_after=None
[2024-03-25T20:30:48.303+0000] {processor.py:183} INFO - Processing /home/airflow/.local/lib/python3.8/site-packages/airflow/example_dags/example_sensor_decorator.py took 0.036 seconds
[2024-03-25T20:31:19.176+0000] {processor.py:161} INFO - Started process (PID=627) to work on /home/airflow/.local/lib/python3.8/site-packages/airflow/example_dags/example_sensor_decorator.py
[2024-03-25T20:31:19.176+0000] {processor.py:830} INFO - Processing file /home/airflow/.local/lib/python3.8/site-packages/airflow/example_dags/example_sensor_decorator.py for tasks to queue
[2024-03-25T20:31:19.178+0000] {logging_mixin.py:188} INFO - [2024-03-25T20:31:19.177+0000] {dagbag.py:540} INFO - Filling up the DagBag from /home/airflow/.local/lib/python3.8/site-packages/airflow/example_dags/example_sensor_decorator.py
[2024-03-25T20:31:19.181+0000] {processor.py:840} INFO - DAG(s) 'example_sensor_decorator' retrieved from /home/airflow/.local/lib/python3.8/site-packages/airflow/example_dags/example_sensor_decorator.py
[2024-03-25T20:31:19.192+0000] {logging_mixin.py:188} INFO - [2024-03-25T20:31:19.192+0000] {dag.py:3047} INFO - Sync 1 DAGs
[2024-03-25T20:31:19.198+0000] {logging_mixin.py:188} INFO - [2024-03-25T20:31:19.198+0000] {dag.py:3834} INFO - Setting next_dagrun for example_sensor_decorator to None, run_after=None
[2024-03-25T20:31:19.207+0000] {processor.py:183} INFO - Processing /home/airflow/.local/lib/python3.8/site-packages/airflow/example_dags/example_sensor_decorator.py took 0.033 seconds
[2024-03-25T20:31:49.999+0000] {processor.py:161} INFO - Started process (PID=683) to work on /home/airflow/.local/lib/python3.8/site-packages/airflow/example_dags/example_sensor_decorator.py
[2024-03-25T20:31:50.000+0000] {processor.py:830} INFO - Processing file /home/airflow/.local/lib/python3.8/site-packages/airflow/example_dags/example_sensor_decorator.py for tasks to queue
[2024-03-25T20:31:50.001+0000] {logging_mixin.py:188} INFO - [2024-03-25T20:31:50.001+0000] {dagbag.py:540} INFO - Filling up the DagBag from /home/airflow/.local/lib/python3.8/site-packages/airflow/example_dags/example_sensor_decorator.py
[2024-03-25T20:31:50.005+0000] {processor.py:840} INFO - DAG(s) 'example_sensor_decorator' retrieved from /home/airflow/.local/lib/python3.8/site-packages/airflow/example_dags/example_sensor_decorator.py
[2024-03-25T20:31:50.015+0000] {logging_mixin.py:188} INFO - [2024-03-25T20:31:50.015+0000] {dag.py:3047} INFO - Sync 1 DAGs
[2024-03-25T20:31:50.021+0000] {logging_mixin.py:188} INFO - [2024-03-25T20:31:50.021+0000] {dag.py:3834} INFO - Setting next_dagrun for example_sensor_decorator to None, run_after=None
[2024-03-25T20:31:50.029+0000] {processor.py:183} INFO - Processing /home/airflow/.local/lib/python3.8/site-packages/airflow/example_dags/example_sensor_decorator.py took 0.031 seconds
[2024-03-25T20:32:20.462+0000] {processor.py:161} INFO - Started process (PID=739) to work on /home/airflow/.local/lib/python3.8/site-packages/airflow/example_dags/example_sensor_decorator.py
[2024-03-25T20:32:20.462+0000] {processor.py:830} INFO - Processing file /home/airflow/.local/lib/python3.8/site-packages/airflow/example_dags/example_sensor_decorator.py for tasks to queue
[2024-03-25T20:32:20.464+0000] {logging_mixin.py:188} INFO - [2024-03-25T20:32:20.463+0000] {dagbag.py:540} INFO - Filling up the DagBag from /home/airflow/.local/lib/python3.8/site-packages/airflow/example_dags/example_sensor_decorator.py
[2024-03-25T20:32:20.467+0000] {processor.py:840} INFO - DAG(s) 'example_sensor_decorator' retrieved from /home/airflow/.local/lib/python3.8/site-packages/airflow/example_dags/example_sensor_decorator.py
[2024-03-25T20:32:20.478+0000] {logging_mixin.py:188} INFO - [2024-03-25T20:32:20.478+0000] {dag.py:3047} INFO - Sync 1 DAGs
[2024-03-25T20:32:20.484+0000] {logging_mixin.py:188} INFO - [2024-03-25T20:32:20.484+0000] {dag.py:3834} INFO - Setting next_dagrun for example_sensor_decorator to None, run_after=None
[2024-03-25T20:32:20.493+0000] {processor.py:183} INFO - Processing /home/airflow/.local/lib/python3.8/site-packages/airflow/example_dags/example_sensor_decorator.py took 0.033 seconds
[2024-03-25T20:32:51.059+0000] {processor.py:161} INFO - Started process (PID=795) to work on /home/airflow/.local/lib/python3.8/site-packages/airflow/example_dags/example_sensor_decorator.py
[2024-03-25T20:32:51.060+0000] {processor.py:830} INFO - Processing file /home/airflow/.local/lib/python3.8/site-packages/airflow/example_dags/example_sensor_decorator.py for tasks to queue
[2024-03-25T20:32:51.061+0000] {logging_mixin.py:188} INFO - [2024-03-25T20:32:51.061+0000] {dagbag.py:540} INFO - Filling up the DagBag from /home/airflow/.local/lib/python3.8/site-packages/airflow/example_dags/example_sensor_decorator.py
[2024-03-25T20:32:51.065+0000] {processor.py:840} INFO - DAG(s) 'example_sensor_decorator' retrieved from /home/airflow/.local/lib/python3.8/site-packages/airflow/example_dags/example_sensor_decorator.py
[2024-03-25T20:32:51.076+0000] {logging_mixin.py:188} INFO - [2024-03-25T20:32:51.076+0000] {dag.py:3047} INFO - Sync 1 DAGs
[2024-03-25T20:32:51.082+0000] {logging_mixin.py:188} INFO - [2024-03-25T20:32:51.082+0000] {dag.py:3834} INFO - Setting next_dagrun for example_sensor_decorator to None, run_after=None
[2024-03-25T20:32:51.091+0000] {processor.py:183} INFO - Processing /home/airflow/.local/lib/python3.8/site-packages/airflow/example_dags/example_sensor_decorator.py took 0.033 seconds
[2024-03-25T20:33:21.549+0000] {processor.py:161} INFO - Started process (PID=851) to work on /home/airflow/.local/lib/python3.8/site-packages/airflow/example_dags/example_sensor_decorator.py
[2024-03-25T20:33:21.550+0000] {processor.py:830} INFO - Processing file /home/airflow/.local/lib/python3.8/site-packages/airflow/example_dags/example_sensor_decorator.py for tasks to queue
[2024-03-25T20:33:21.551+0000] {logging_mixin.py:188} INFO - [2024-03-25T20:33:21.551+0000] {dagbag.py:540} INFO - Filling up the DagBag from /home/airflow/.local/lib/python3.8/site-packages/airflow/example_dags/example_sensor_decorator.py
[2024-03-25T20:33:21.554+0000] {processor.py:840} INFO - DAG(s) 'example_sensor_decorator' retrieved from /home/airflow/.local/lib/python3.8/site-packages/airflow/example_dags/example_sensor_decorator.py
[2024-03-25T20:33:21.566+0000] {logging_mixin.py:188} INFO - [2024-03-25T20:33:21.566+0000] {dag.py:3047} INFO - Sync 1 DAGs
[2024-03-25T20:33:21.571+0000] {logging_mixin.py:188} INFO - [2024-03-25T20:33:21.571+0000] {dag.py:3834} INFO - Setting next_dagrun for example_sensor_decorator to None, run_after=None
[2024-03-25T20:33:21.580+0000] {processor.py:183} INFO - Processing /home/airflow/.local/lib/python3.8/site-packages/airflow/example_dags/example_sensor_decorator.py took 0.033 seconds
[2024-03-25T20:33:51.978+0000] {processor.py:161} INFO - Started process (PID=907) to work on /home/airflow/.local/lib/python3.8/site-packages/airflow/example_dags/example_sensor_decorator.py
[2024-03-25T20:33:51.979+0000] {processor.py:830} INFO - Processing file /home/airflow/.local/lib/python3.8/site-packages/airflow/example_dags/example_sensor_decorator.py for tasks to queue
[2024-03-25T20:33:51.980+0000] {logging_mixin.py:188} INFO - [2024-03-25T20:33:51.980+0000] {dagbag.py:540} INFO - Filling up the DagBag from /home/airflow/.local/lib/python3.8/site-packages/airflow/example_dags/example_sensor_decorator.py
[2024-03-25T20:33:51.984+0000] {processor.py:840} INFO - DAG(s) 'example_sensor_decorator' retrieved from /home/airflow/.local/lib/python3.8/site-packages/airflow/example_dags/example_sensor_decorator.py
[2024-03-25T20:33:51.994+0000] {logging_mixin.py:188} INFO - [2024-03-25T20:33:51.994+0000] {dag.py:3047} INFO - Sync 1 DAGs
[2024-03-25T20:33:52.000+0000] {logging_mixin.py:188} INFO - [2024-03-25T20:33:51.999+0000] {dag.py:3834} INFO - Setting next_dagrun for example_sensor_decorator to None, run_after=None
[2024-03-25T20:33:52.007+0000] {processor.py:183} INFO - Processing /home/airflow/.local/lib/python3.8/site-packages/airflow/example_dags/example_sensor_decorator.py took 0.031 seconds
[2024-03-25T20:34:22.716+0000] {processor.py:161} INFO - Started process (PID=962) to work on /home/airflow/.local/lib/python3.8/site-packages/airflow/example_dags/example_sensor_decorator.py
[2024-03-25T20:34:22.716+0000] {processor.py:830} INFO - Processing file /home/airflow/.local/lib/python3.8/site-packages/airflow/example_dags/example_sensor_decorator.py for tasks to queue
[2024-03-25T20:34:22.717+0000] {logging_mixin.py:188} INFO - [2024-03-25T20:34:22.717+0000] {dagbag.py:540} INFO - Filling up the DagBag from /home/airflow/.local/lib/python3.8/site-packages/airflow/example_dags/example_sensor_decorator.py
[2024-03-25T20:34:22.722+0000] {processor.py:840} INFO - DAG(s) 'example_sensor_decorator' retrieved from /home/airflow/.local/lib/python3.8/site-packages/airflow/example_dags/example_sensor_decorator.py
[2024-03-25T20:34:22.732+0000] {logging_mixin.py:188} INFO - [2024-03-25T20:34:22.732+0000] {dag.py:3047} INFO - Sync 1 DAGs
[2024-03-25T20:34:22.738+0000] {logging_mixin.py:188} INFO - [2024-03-25T20:34:22.738+0000] {dag.py:3834} INFO - Setting next_dagrun for example_sensor_decorator to None, run_after=None
[2024-03-25T20:34:22.746+0000] {processor.py:183} INFO - Processing /home/airflow/.local/lib/python3.8/site-packages/airflow/example_dags/example_sensor_decorator.py took 0.032 seconds
[2024-03-25T20:34:53.439+0000] {processor.py:161} INFO - Started process (PID=1018) to work on /home/airflow/.local/lib/python3.8/site-packages/airflow/example_dags/example_sensor_decorator.py
[2024-03-25T20:34:53.440+0000] {processor.py:830} INFO - Processing file /home/airflow/.local/lib/python3.8/site-packages/airflow/example_dags/example_sensor_decorator.py for tasks to queue
[2024-03-25T20:34:53.441+0000] {logging_mixin.py:188} INFO - [2024-03-25T20:34:53.441+0000] {dagbag.py:540} INFO - Filling up the DagBag from /home/airflow/.local/lib/python3.8/site-packages/airflow/example_dags/example_sensor_decorator.py
[2024-03-25T20:34:53.444+0000] {processor.py:840} INFO - DAG(s) 'example_sensor_decorator' retrieved from /home/airflow/.local/lib/python3.8/site-packages/airflow/example_dags/example_sensor_decorator.py
[2024-03-25T20:34:53.454+0000] {logging_mixin.py:188} INFO - [2024-03-25T20:34:53.454+0000] {dag.py:3047} INFO - Sync 1 DAGs
[2024-03-25T20:34:53.460+0000] {logging_mixin.py:188} INFO - [2024-03-25T20:34:53.460+0000] {dag.py:3834} INFO - Setting next_dagrun for example_sensor_decorator to None, run_after=None
[2024-03-25T20:34:53.468+0000] {processor.py:183} INFO - Processing /home/airflow/.local/lib/python3.8/site-packages/airflow/example_dags/example_sensor_decorator.py took 0.030 seconds
[2024-03-25T20:35:23.885+0000] {processor.py:161} INFO - Started process (PID=1074) to work on /home/airflow/.local/lib/python3.8/site-packages/airflow/example_dags/example_sensor_decorator.py
[2024-03-25T20:35:23.885+0000] {processor.py:830} INFO - Processing file /home/airflow/.local/lib/python3.8/site-packages/airflow/example_dags/example_sensor_decorator.py for tasks to queue
[2024-03-25T20:35:23.886+0000] {logging_mixin.py:188} INFO - [2024-03-25T20:35:23.886+0000] {dagbag.py:540} INFO - Filling up the DagBag from /home/airflow/.local/lib/python3.8/site-packages/airflow/example_dags/example_sensor_decorator.py
[2024-03-25T20:35:23.890+0000] {processor.py:840} INFO - DAG(s) 'example_sensor_decorator' retrieved from /home/airflow/.local/lib/python3.8/site-packages/airflow/example_dags/example_sensor_decorator.py
[2024-03-25T20:35:23.900+0000] {logging_mixin.py:188} INFO - [2024-03-25T20:35:23.900+0000] {dag.py:3047} INFO - Sync 1 DAGs
[2024-03-25T20:35:23.906+0000] {logging_mixin.py:188} INFO - [2024-03-25T20:35:23.905+0000] {dag.py:3834} INFO - Setting next_dagrun for example_sensor_decorator to None, run_after=None
[2024-03-25T20:35:23.914+0000] {processor.py:183} INFO - Processing /home/airflow/.local/lib/python3.8/site-packages/airflow/example_dags/example_sensor_decorator.py took 0.031 seconds
[2024-03-25T20:35:54.489+0000] {processor.py:161} INFO - Started process (PID=1130) to work on /home/airflow/.local/lib/python3.8/site-packages/airflow/example_dags/example_sensor_decorator.py
[2024-03-25T20:35:54.489+0000] {processor.py:830} INFO - Processing file /home/airflow/.local/lib/python3.8/site-packages/airflow/example_dags/example_sensor_decorator.py for tasks to queue
[2024-03-25T20:35:54.490+0000] {logging_mixin.py:188} INFO - [2024-03-25T20:35:54.490+0000] {dagbag.py:540} INFO - Filling up the DagBag from /home/airflow/.local/lib/python3.8/site-packages/airflow/example_dags/example_sensor_decorator.py
[2024-03-25T20:35:54.494+0000] {processor.py:840} INFO - DAG(s) 'example_sensor_decorator' retrieved from /home/airflow/.local/lib/python3.8/site-packages/airflow/example_dags/example_sensor_decorator.py
[2024-03-25T20:35:54.504+0000] {logging_mixin.py:188} INFO - [2024-03-25T20:35:54.504+0000] {dag.py:3047} INFO - Sync 1 DAGs
[2024-03-25T20:35:54.510+0000] {logging_mixin.py:188} INFO - [2024-03-25T20:35:54.510+0000] {dag.py:3834} INFO - Setting next_dagrun for example_sensor_decorator to None, run_after=None
[2024-03-25T20:35:54.518+0000] {processor.py:183} INFO - Processing /home/airflow/.local/lib/python3.8/site-packages/airflow/example_dags/example_sensor_decorator.py took 0.031 seconds
[2024-03-25T20:36:25.027+0000] {processor.py:161} INFO - Started process (PID=1186) to work on /home/airflow/.local/lib/python3.8/site-packages/airflow/example_dags/example_sensor_decorator.py
[2024-03-25T20:36:25.027+0000] {processor.py:830} INFO - Processing file /home/airflow/.local/lib/python3.8/site-packages/airflow/example_dags/example_sensor_decorator.py for tasks to queue
[2024-03-25T20:36:25.028+0000] {logging_mixin.py:188} INFO - [2024-03-25T20:36:25.028+0000] {dagbag.py:540} INFO - Filling up the DagBag from /home/airflow/.local/lib/python3.8/site-packages/airflow/example_dags/example_sensor_decorator.py
[2024-03-25T20:36:25.032+0000] {processor.py:840} INFO - DAG(s) 'example_sensor_decorator' retrieved from /home/airflow/.local/lib/python3.8/site-packages/airflow/example_dags/example_sensor_decorator.py
[2024-03-25T20:36:25.041+0000] {logging_mixin.py:188} INFO - [2024-03-25T20:36:25.041+0000] {dag.py:3047} INFO - Sync 1 DAGs
[2024-03-25T20:36:25.047+0000] {logging_mixin.py:188} INFO - [2024-03-25T20:36:25.047+0000] {dag.py:3834} INFO - Setting next_dagrun for example_sensor_decorator to None, run_after=None
[2024-03-25T20:36:25.055+0000] {processor.py:183} INFO - Processing /home/airflow/.local/lib/python3.8/site-packages/airflow/example_dags/example_sensor_decorator.py took 0.030 seconds
[2024-03-25T20:36:55.641+0000] {processor.py:161} INFO - Started process (PID=1241) to work on /home/airflow/.local/lib/python3.8/site-packages/airflow/example_dags/example_sensor_decorator.py
[2024-03-25T20:36:55.642+0000] {processor.py:830} INFO - Processing file /home/airflow/.local/lib/python3.8/site-packages/airflow/example_dags/example_sensor_decorator.py for tasks to queue
[2024-03-25T20:36:55.643+0000] {logging_mixin.py:188} INFO - [2024-03-25T20:36:55.643+0000] {dagbag.py:540} INFO - Filling up the DagBag from /home/airflow/.local/lib/python3.8/site-packages/airflow/example_dags/example_sensor_decorator.py
[2024-03-25T20:36:55.647+0000] {processor.py:840} INFO - DAG(s) 'example_sensor_decorator' retrieved from /home/airflow/.local/lib/python3.8/site-packages/airflow/example_dags/example_sensor_decorator.py
[2024-03-25T20:36:55.658+0000] {logging_mixin.py:188} INFO - [2024-03-25T20:36:55.658+0000] {dag.py:3047} INFO - Sync 1 DAGs
[2024-03-25T20:36:55.663+0000] {logging_mixin.py:188} INFO - [2024-03-25T20:36:55.663+0000] {dag.py:3834} INFO - Setting next_dagrun for example_sensor_decorator to None, run_after=None
[2024-03-25T20:36:55.671+0000] {processor.py:183} INFO - Processing /home/airflow/.local/lib/python3.8/site-packages/airflow/example_dags/example_sensor_decorator.py took 0.032 seconds
[2024-03-25T20:37:26.282+0000] {processor.py:161} INFO - Started process (PID=1297) to work on /home/airflow/.local/lib/python3.8/site-packages/airflow/example_dags/example_sensor_decorator.py
[2024-03-25T20:37:26.283+0000] {processor.py:830} INFO - Processing file /home/airflow/.local/lib/python3.8/site-packages/airflow/example_dags/example_sensor_decorator.py for tasks to queue
[2024-03-25T20:37:26.284+0000] {logging_mixin.py:188} INFO - [2024-03-25T20:37:26.284+0000] {dagbag.py:540} INFO - Filling up the DagBag from /home/airflow/.local/lib/python3.8/site-packages/airflow/example_dags/example_sensor_decorator.py
[2024-03-25T20:37:26.287+0000] {processor.py:840} INFO - DAG(s) 'example_sensor_decorator' retrieved from /home/airflow/.local/lib/python3.8/site-packages/airflow/example_dags/example_sensor_decorator.py
[2024-03-25T20:37:26.298+0000] {logging_mixin.py:188} INFO - [2024-03-25T20:37:26.298+0000] {dag.py:3047} INFO - Sync 1 DAGs
[2024-03-25T20:37:26.304+0000] {logging_mixin.py:188} INFO - [2024-03-25T20:37:26.303+0000] {dag.py:3834} INFO - Setting next_dagrun for example_sensor_decorator to None, run_after=None
[2024-03-25T20:37:26.312+0000] {processor.py:183} INFO - Processing /home/airflow/.local/lib/python3.8/site-packages/airflow/example_dags/example_sensor_decorator.py took 0.032 seconds
[2024-03-25T20:37:57.048+0000] {processor.py:161} INFO - Started process (PID=1353) to work on /home/airflow/.local/lib/python3.8/site-packages/airflow/example_dags/example_sensor_decorator.py
[2024-03-25T20:37:57.049+0000] {processor.py:830} INFO - Processing file /home/airflow/.local/lib/python3.8/site-packages/airflow/example_dags/example_sensor_decorator.py for tasks to queue
[2024-03-25T20:37:57.050+0000] {logging_mixin.py:188} INFO - [2024-03-25T20:37:57.050+0000] {dagbag.py:540} INFO - Filling up the DagBag from /home/airflow/.local/lib/python3.8/site-packages/airflow/example_dags/example_sensor_decorator.py
[2024-03-25T20:37:57.054+0000] {processor.py:840} INFO - DAG(s) 'example_sensor_decorator' retrieved from /home/airflow/.local/lib/python3.8/site-packages/airflow/example_dags/example_sensor_decorator.py
[2024-03-25T20:37:57.064+0000] {logging_mixin.py:188} INFO - [2024-03-25T20:37:57.063+0000] {dag.py:3047} INFO - Sync 1 DAGs
[2024-03-25T20:37:57.069+0000] {logging_mixin.py:188} INFO - [2024-03-25T20:37:57.069+0000] {dag.py:3834} INFO - Setting next_dagrun for example_sensor_decorator to None, run_after=None
[2024-03-25T20:37:57.077+0000] {processor.py:183} INFO - Processing /home/airflow/.local/lib/python3.8/site-packages/airflow/example_dags/example_sensor_decorator.py took 0.030 seconds
[2024-03-25T20:38:27.548+0000] {processor.py:161} INFO - Started process (PID=1409) to work on /home/airflow/.local/lib/python3.8/site-packages/airflow/example_dags/example_sensor_decorator.py
[2024-03-25T20:38:27.549+0000] {processor.py:830} INFO - Processing file /home/airflow/.local/lib/python3.8/site-packages/airflow/example_dags/example_sensor_decorator.py for tasks to queue
[2024-03-25T20:38:27.550+0000] {logging_mixin.py:188} INFO - [2024-03-25T20:38:27.550+0000] {dagbag.py:540} INFO - Filling up the DagBag from /home/airflow/.local/lib/python3.8/site-packages/airflow/example_dags/example_sensor_decorator.py
[2024-03-25T20:38:27.554+0000] {processor.py:840} INFO - DAG(s) 'example_sensor_decorator' retrieved from /home/airflow/.local/lib/python3.8/site-packages/airflow/example_dags/example_sensor_decorator.py
[2024-03-25T20:38:27.564+0000] {logging_mixin.py:188} INFO - [2024-03-25T20:38:27.564+0000] {dag.py:3047} INFO - Sync 1 DAGs
[2024-03-25T20:38:27.570+0000] {logging_mixin.py:188} INFO - [2024-03-25T20:38:27.569+0000] {dag.py:3834} INFO - Setting next_dagrun for example_sensor_decorator to None, run_after=None
[2024-03-25T20:38:27.577+0000] {processor.py:183} INFO - Processing /home/airflow/.local/lib/python3.8/site-packages/airflow/example_dags/example_sensor_decorator.py took 0.031 seconds
[2024-03-25T20:38:57.985+0000] {processor.py:161} INFO - Started process (PID=1465) to work on /home/airflow/.local/lib/python3.8/site-packages/airflow/example_dags/example_sensor_decorator.py
[2024-03-25T20:38:57.986+0000] {processor.py:830} INFO - Processing file /home/airflow/.local/lib/python3.8/site-packages/airflow/example_dags/example_sensor_decorator.py for tasks to queue
[2024-03-25T20:38:57.987+0000] {logging_mixin.py:188} INFO - [2024-03-25T20:38:57.987+0000] {dagbag.py:540} INFO - Filling up the DagBag from /home/airflow/.local/lib/python3.8/site-packages/airflow/example_dags/example_sensor_decorator.py
[2024-03-25T20:38:57.991+0000] {processor.py:840} INFO - DAG(s) 'example_sensor_decorator' retrieved from /home/airflow/.local/lib/python3.8/site-packages/airflow/example_dags/example_sensor_decorator.py
[2024-03-25T20:38:58.001+0000] {logging_mixin.py:188} INFO - [2024-03-25T20:38:58.001+0000] {dag.py:3047} INFO - Sync 1 DAGs
[2024-03-25T20:38:58.007+0000] {logging_mixin.py:188} INFO - [2024-03-25T20:38:58.006+0000] {dag.py:3834} INFO - Setting next_dagrun for example_sensor_decorator to None, run_after=None
[2024-03-25T20:38:58.015+0000] {processor.py:183} INFO - Processing /home/airflow/.local/lib/python3.8/site-packages/airflow/example_dags/example_sensor_decorator.py took 0.031 seconds
[2024-03-25T20:39:28.683+0000] {processor.py:161} INFO - Started process (PID=1521) to work on /home/airflow/.local/lib/python3.8/site-packages/airflow/example_dags/example_sensor_decorator.py
[2024-03-25T20:39:28.683+0000] {processor.py:830} INFO - Processing file /home/airflow/.local/lib/python3.8/site-packages/airflow/example_dags/example_sensor_decorator.py for tasks to queue
[2024-03-25T20:39:28.684+0000] {logging_mixin.py:188} INFO - [2024-03-25T20:39:28.684+0000] {dagbag.py:540} INFO - Filling up the DagBag from /home/airflow/.local/lib/python3.8/site-packages/airflow/example_dags/example_sensor_decorator.py
[2024-03-25T20:39:28.688+0000] {processor.py:840} INFO - DAG(s) 'example_sensor_decorator' retrieved from /home/airflow/.local/lib/python3.8/site-packages/airflow/example_dags/example_sensor_decorator.py
[2024-03-25T20:39:28.698+0000] {logging_mixin.py:188} INFO - [2024-03-25T20:39:28.698+0000] {dag.py:3047} INFO - Sync 1 DAGs
[2024-03-25T20:39:28.704+0000] {logging_mixin.py:188} INFO - [2024-03-25T20:39:28.704+0000] {dag.py:3834} INFO - Setting next_dagrun for example_sensor_decorator to None, run_after=None
[2024-03-25T20:39:28.711+0000] {processor.py:183} INFO - Processing /home/airflow/.local/lib/python3.8/site-packages/airflow/example_dags/example_sensor_decorator.py took 0.031 seconds
[2024-03-25T20:39:59.151+0000] {processor.py:161} INFO - Started process (PID=1577) to work on /home/airflow/.local/lib/python3.8/site-packages/airflow/example_dags/example_sensor_decorator.py
[2024-03-25T20:39:59.152+0000] {processor.py:830} INFO - Processing file /home/airflow/.local/lib/python3.8/site-packages/airflow/example_dags/example_sensor_decorator.py for tasks to queue
[2024-03-25T20:39:59.153+0000] {logging_mixin.py:188} INFO - [2024-03-25T20:39:59.153+0000] {dagbag.py:540} INFO - Filling up the DagBag from /home/airflow/.local/lib/python3.8/site-packages/airflow/example_dags/example_sensor_decorator.py
[2024-03-25T20:39:59.156+0000] {processor.py:840} INFO - DAG(s) 'example_sensor_decorator' retrieved from /home/airflow/.local/lib/python3.8/site-packages/airflow/example_dags/example_sensor_decorator.py
[2024-03-25T20:39:59.166+0000] {logging_mixin.py:188} INFO - [2024-03-25T20:39:59.166+0000] {dag.py:3047} INFO - Sync 1 DAGs
[2024-03-25T20:39:59.172+0000] {logging_mixin.py:188} INFO - [2024-03-25T20:39:59.172+0000] {dag.py:3834} INFO - Setting next_dagrun for example_sensor_decorator to None, run_after=None
[2024-03-25T20:39:59.180+0000] {processor.py:183} INFO - Processing /home/airflow/.local/lib/python3.8/site-packages/airflow/example_dags/example_sensor_decorator.py took 0.031 seconds
