[2024-03-25T20:19:37.522+0000] {processor.py:161} INFO - Started process (PID=62) to work on /home/airflow/.local/lib/python3.8/site-packages/airflow/example_dags/example_subdag_operator.py
[2024-03-25T20:19:37.523+0000] {processor.py:830} INFO - Processing file /home/airflow/.local/lib/python3.8/site-packages/airflow/example_dags/example_subdag_operator.py for tasks to queue
[2024-03-25T20:19:37.524+0000] {logging_mixin.py:188} INFO - [2024-03-25T20:19:37.524+0000] {dagbag.py:540} INFO - Filling up the DagBag from /home/airflow/.local/lib/python3.8/site-packages/airflow/example_dags/example_subdag_operator.py
[2024-03-25T20:19:37.537+0000] {processor.py:840} INFO - DAG(s) 'example_subdag_operator.section-1', 'example_subdag_operator.section-2', 'example_subdag_operator' retrieved from /home/airflow/.local/lib/python3.8/site-packages/airflow/example_dags/example_subdag_operator.py
[2024-03-25T20:19:37.547+0000] {logging_mixin.py:188} INFO - [2024-03-25T20:19:37.546+0000] {dag.py:3047} INFO - Sync 3 DAGs
[2024-03-25T20:19:37.561+0000] {logging_mixin.py:188} INFO - [2024-03-25T20:19:37.560+0000] {dag.py:3834} INFO - Setting next_dagrun for example_subdag_operator to 2022-01-01 00:00:00+00:00, run_after=2022-01-01 00:00:00+00:00
[2024-03-25T20:19:37.563+0000] {logging_mixin.py:188} INFO - [2024-03-25T20:19:37.563+0000] {dag.py:3834} INFO - Setting next_dagrun for example_subdag_operator.section-1 to None, run_after=None
[2024-03-25T20:19:37.563+0000] {logging_mixin.py:188} INFO - [2024-03-25T20:19:37.563+0000] {dag.py:3834} INFO - Setting next_dagrun for example_subdag_operator.section-2 to None, run_after=None
[2024-03-25T20:19:37.568+0000] {logging_mixin.py:188} INFO - [2024-03-25T20:19:37.567+0000] {dag.py:3047} INFO - Sync 2 DAGs
[2024-03-25T20:19:37.571+0000] {logging_mixin.py:188} INFO - [2024-03-25T20:19:37.570+0000] {dag.py:3834} INFO - Setting next_dagrun for example_subdag_operator.section-1 to None, run_after=None
[2024-03-25T20:19:37.571+0000] {logging_mixin.py:188} INFO - [2024-03-25T20:19:37.571+0000] {dag.py:3834} INFO - Setting next_dagrun for example_subdag_operator.section-2 to None, run_after=None
[2024-03-25T20:19:37.577+0000] {processor.py:183} INFO - Processing /home/airflow/.local/lib/python3.8/site-packages/airflow/example_dags/example_subdag_operator.py took 0.056 seconds
[2024-03-25T20:20:07.954+0000] {processor.py:161} INFO - Started process (PID=118) to work on /home/airflow/.local/lib/python3.8/site-packages/airflow/example_dags/example_subdag_operator.py
[2024-03-25T20:20:07.955+0000] {processor.py:830} INFO - Processing file /home/airflow/.local/lib/python3.8/site-packages/airflow/example_dags/example_subdag_operator.py for tasks to queue
[2024-03-25T20:20:07.957+0000] {logging_mixin.py:188} INFO - [2024-03-25T20:20:07.957+0000] {dagbag.py:540} INFO - Filling up the DagBag from /home/airflow/.local/lib/python3.8/site-packages/airflow/example_dags/example_subdag_operator.py
[2024-03-25T20:20:07.972+0000] {processor.py:840} INFO - DAG(s) 'example_subdag_operator.section-1', 'example_subdag_operator.section-2', 'example_subdag_operator' retrieved from /home/airflow/.local/lib/python3.8/site-packages/airflow/example_dags/example_subdag_operator.py
[2024-03-25T20:20:07.982+0000] {logging_mixin.py:188} INFO - [2024-03-25T20:20:07.981+0000] {dag.py:3047} INFO - Sync 3 DAGs
[2024-03-25T20:20:07.994+0000] {logging_mixin.py:188} INFO - [2024-03-25T20:20:07.994+0000] {dag.py:3834} INFO - Setting next_dagrun for example_subdag_operator to 2022-01-01 00:00:00+00:00, run_after=2022-01-01 00:00:00+00:00
[2024-03-25T20:20:07.996+0000] {logging_mixin.py:188} INFO - [2024-03-25T20:20:07.996+0000] {dag.py:3834} INFO - Setting next_dagrun for example_subdag_operator.section-1 to None, run_after=None
[2024-03-25T20:20:07.997+0000] {logging_mixin.py:188} INFO - [2024-03-25T20:20:07.997+0000] {dag.py:3834} INFO - Setting next_dagrun for example_subdag_operator.section-2 to None, run_after=None
[2024-03-25T20:20:08.001+0000] {logging_mixin.py:188} INFO - [2024-03-25T20:20:08.001+0000] {dag.py:3047} INFO - Sync 2 DAGs
[2024-03-25T20:20:08.004+0000] {logging_mixin.py:188} INFO - [2024-03-25T20:20:08.004+0000] {dag.py:3834} INFO - Setting next_dagrun for example_subdag_operator.section-1 to None, run_after=None
[2024-03-25T20:20:08.004+0000] {logging_mixin.py:188} INFO - [2024-03-25T20:20:08.004+0000] {dag.py:3834} INFO - Setting next_dagrun for example_subdag_operator.section-2 to None, run_after=None
[2024-03-25T20:20:08.010+0000] {processor.py:183} INFO - Processing /home/airflow/.local/lib/python3.8/site-packages/airflow/example_dags/example_subdag_operator.py took 0.058 seconds
[2024-03-25T20:26:14.767+0000] {processor.py:161} INFO - Started process (PID=61) to work on /home/airflow/.local/lib/python3.8/site-packages/airflow/example_dags/example_subdag_operator.py
[2024-03-25T20:26:14.768+0000] {processor.py:830} INFO - Processing file /home/airflow/.local/lib/python3.8/site-packages/airflow/example_dags/example_subdag_operator.py for tasks to queue
[2024-03-25T20:26:14.769+0000] {logging_mixin.py:188} INFO - [2024-03-25T20:26:14.769+0000] {dagbag.py:540} INFO - Filling up the DagBag from /home/airflow/.local/lib/python3.8/site-packages/airflow/example_dags/example_subdag_operator.py
[2024-03-25T20:26:14.782+0000] {processor.py:840} INFO - DAG(s) 'example_subdag_operator.section-1', 'example_subdag_operator.section-2', 'example_subdag_operator' retrieved from /home/airflow/.local/lib/python3.8/site-packages/airflow/example_dags/example_subdag_operator.py
[2024-03-25T20:26:14.792+0000] {logging_mixin.py:188} INFO - [2024-03-25T20:26:14.792+0000] {dag.py:3047} INFO - Sync 3 DAGs
[2024-03-25T20:26:14.804+0000] {logging_mixin.py:188} INFO - [2024-03-25T20:26:14.804+0000] {dag.py:3834} INFO - Setting next_dagrun for example_subdag_operator to 2022-01-01 00:00:00+00:00, run_after=2022-01-01 00:00:00+00:00
[2024-03-25T20:26:14.806+0000] {logging_mixin.py:188} INFO - [2024-03-25T20:26:14.806+0000] {dag.py:3834} INFO - Setting next_dagrun for example_subdag_operator.section-1 to None, run_after=None
[2024-03-25T20:26:14.807+0000] {logging_mixin.py:188} INFO - [2024-03-25T20:26:14.807+0000] {dag.py:3834} INFO - Setting next_dagrun for example_subdag_operator.section-2 to None, run_after=None
[2024-03-25T20:26:14.811+0000] {logging_mixin.py:188} INFO - [2024-03-25T20:26:14.811+0000] {dag.py:3047} INFO - Sync 2 DAGs
[2024-03-25T20:26:14.813+0000] {logging_mixin.py:188} INFO - [2024-03-25T20:26:14.813+0000] {dag.py:3834} INFO - Setting next_dagrun for example_subdag_operator.section-1 to None, run_after=None
[2024-03-25T20:26:14.814+0000] {logging_mixin.py:188} INFO - [2024-03-25T20:26:14.814+0000] {dag.py:3834} INFO - Setting next_dagrun for example_subdag_operator.section-2 to None, run_after=None
[2024-03-25T20:26:14.819+0000] {processor.py:183} INFO - Processing /home/airflow/.local/lib/python3.8/site-packages/airflow/example_dags/example_subdag_operator.py took 0.054 seconds
[2024-03-25T20:26:44.952+0000] {processor.py:161} INFO - Started process (PID=116) to work on /home/airflow/.local/lib/python3.8/site-packages/airflow/example_dags/example_subdag_operator.py
[2024-03-25T20:26:44.953+0000] {processor.py:830} INFO - Processing file /home/airflow/.local/lib/python3.8/site-packages/airflow/example_dags/example_subdag_operator.py for tasks to queue
[2024-03-25T20:26:44.954+0000] {logging_mixin.py:188} INFO - [2024-03-25T20:26:44.953+0000] {dagbag.py:540} INFO - Filling up the DagBag from /home/airflow/.local/lib/python3.8/site-packages/airflow/example_dags/example_subdag_operator.py
[2024-03-25T20:26:44.965+0000] {processor.py:840} INFO - DAG(s) 'example_subdag_operator.section-1', 'example_subdag_operator.section-2', 'example_subdag_operator' retrieved from /home/airflow/.local/lib/python3.8/site-packages/airflow/example_dags/example_subdag_operator.py
[2024-03-25T20:26:44.972+0000] {logging_mixin.py:188} INFO - [2024-03-25T20:26:44.972+0000] {dag.py:3047} INFO - Sync 3 DAGs
[2024-03-25T20:26:44.981+0000] {logging_mixin.py:188} INFO - [2024-03-25T20:26:44.981+0000] {dag.py:3834} INFO - Setting next_dagrun for example_subdag_operator to 2022-01-01 00:00:00+00:00, run_after=2022-01-01 00:00:00+00:00
[2024-03-25T20:26:44.983+0000] {logging_mixin.py:188} INFO - [2024-03-25T20:26:44.983+0000] {dag.py:3834} INFO - Setting next_dagrun for example_subdag_operator.section-1 to None, run_after=None
[2024-03-25T20:26:44.984+0000] {logging_mixin.py:188} INFO - [2024-03-25T20:26:44.984+0000] {dag.py:3834} INFO - Setting next_dagrun for example_subdag_operator.section-2 to None, run_after=None
[2024-03-25T20:26:44.987+0000] {logging_mixin.py:188} INFO - [2024-03-25T20:26:44.987+0000] {dag.py:3047} INFO - Sync 2 DAGs
[2024-03-25T20:26:44.990+0000] {logging_mixin.py:188} INFO - [2024-03-25T20:26:44.990+0000] {dag.py:3834} INFO - Setting next_dagrun for example_subdag_operator.section-1 to None, run_after=None
[2024-03-25T20:26:44.990+0000] {logging_mixin.py:188} INFO - [2024-03-25T20:26:44.990+0000] {dag.py:3834} INFO - Setting next_dagrun for example_subdag_operator.section-2 to None, run_after=None
[2024-03-25T20:26:44.995+0000] {processor.py:183} INFO - Processing /home/airflow/.local/lib/python3.8/site-packages/airflow/example_dags/example_subdag_operator.py took 0.045 seconds
[2024-03-25T20:27:16.120+0000] {processor.py:161} INFO - Started process (PID=172) to work on /home/airflow/.local/lib/python3.8/site-packages/airflow/example_dags/example_subdag_operator.py
[2024-03-25T20:27:16.121+0000] {processor.py:830} INFO - Processing file /home/airflow/.local/lib/python3.8/site-packages/airflow/example_dags/example_subdag_operator.py for tasks to queue
[2024-03-25T20:27:16.122+0000] {logging_mixin.py:188} INFO - [2024-03-25T20:27:16.122+0000] {dagbag.py:540} INFO - Filling up the DagBag from /home/airflow/.local/lib/python3.8/site-packages/airflow/example_dags/example_subdag_operator.py
[2024-03-25T20:27:16.137+0000] {processor.py:840} INFO - DAG(s) 'example_subdag_operator.section-1', 'example_subdag_operator.section-2', 'example_subdag_operator' retrieved from /home/airflow/.local/lib/python3.8/site-packages/airflow/example_dags/example_subdag_operator.py
[2024-03-25T20:27:16.151+0000] {logging_mixin.py:188} INFO - [2024-03-25T20:27:16.150+0000] {dag.py:3047} INFO - Sync 3 DAGs
[2024-03-25T20:27:16.170+0000] {logging_mixin.py:188} INFO - [2024-03-25T20:27:16.170+0000] {dag.py:3834} INFO - Setting next_dagrun for example_subdag_operator to 2022-01-01 00:00:00+00:00, run_after=2022-01-01 00:00:00+00:00
[2024-03-25T20:27:16.178+0000] {logging_mixin.py:188} INFO - [2024-03-25T20:27:16.177+0000] {dag.py:3834} INFO - Setting next_dagrun for example_subdag_operator.section-1 to None, run_after=None
[2024-03-25T20:27:16.180+0000] {logging_mixin.py:188} INFO - [2024-03-25T20:27:16.179+0000] {dag.py:3834} INFO - Setting next_dagrun for example_subdag_operator.section-2 to None, run_after=None
[2024-03-25T20:27:16.184+0000] {logging_mixin.py:188} INFO - [2024-03-25T20:27:16.184+0000] {dag.py:3047} INFO - Sync 2 DAGs
[2024-03-25T20:27:16.188+0000] {logging_mixin.py:188} INFO - [2024-03-25T20:27:16.187+0000] {dag.py:3834} INFO - Setting next_dagrun for example_subdag_operator.section-1 to None, run_after=None
[2024-03-25T20:27:16.188+0000] {logging_mixin.py:188} INFO - [2024-03-25T20:27:16.188+0000] {dag.py:3834} INFO - Setting next_dagrun for example_subdag_operator.section-2 to None, run_after=None
[2024-03-25T20:27:16.198+0000] {processor.py:183} INFO - Processing /home/airflow/.local/lib/python3.8/site-packages/airflow/example_dags/example_subdag_operator.py took 0.080 seconds
[2024-03-25T20:27:47.173+0000] {processor.py:161} INFO - Started process (PID=228) to work on /home/airflow/.local/lib/python3.8/site-packages/airflow/example_dags/example_subdag_operator.py
[2024-03-25T20:27:47.174+0000] {processor.py:830} INFO - Processing file /home/airflow/.local/lib/python3.8/site-packages/airflow/example_dags/example_subdag_operator.py for tasks to queue
[2024-03-25T20:27:47.175+0000] {logging_mixin.py:188} INFO - [2024-03-25T20:27:47.175+0000] {dagbag.py:540} INFO - Filling up the DagBag from /home/airflow/.local/lib/python3.8/site-packages/airflow/example_dags/example_subdag_operator.py
[2024-03-25T20:27:47.192+0000] {processor.py:840} INFO - DAG(s) 'example_subdag_operator.section-1', 'example_subdag_operator.section-2', 'example_subdag_operator' retrieved from /home/airflow/.local/lib/python3.8/site-packages/airflow/example_dags/example_subdag_operator.py
[2024-03-25T20:27:47.200+0000] {logging_mixin.py:188} INFO - [2024-03-25T20:27:47.200+0000] {dag.py:3047} INFO - Sync 3 DAGs
[2024-03-25T20:27:47.210+0000] {logging_mixin.py:188} INFO - [2024-03-25T20:27:47.210+0000] {dag.py:3834} INFO - Setting next_dagrun for example_subdag_operator to 2022-01-01 00:00:00+00:00, run_after=2022-01-01 00:00:00+00:00
[2024-03-25T20:27:47.211+0000] {logging_mixin.py:188} INFO - [2024-03-25T20:27:47.211+0000] {dag.py:3834} INFO - Setting next_dagrun for example_subdag_operator.section-1 to None, run_after=None
[2024-03-25T20:27:47.212+0000] {logging_mixin.py:188} INFO - [2024-03-25T20:27:47.212+0000] {dag.py:3834} INFO - Setting next_dagrun for example_subdag_operator.section-2 to None, run_after=None
[2024-03-25T20:27:47.215+0000] {logging_mixin.py:188} INFO - [2024-03-25T20:27:47.215+0000] {dag.py:3047} INFO - Sync 2 DAGs
[2024-03-25T20:27:47.218+0000] {logging_mixin.py:188} INFO - [2024-03-25T20:27:47.218+0000] {dag.py:3834} INFO - Setting next_dagrun for example_subdag_operator.section-1 to None, run_after=None
[2024-03-25T20:27:47.218+0000] {logging_mixin.py:188} INFO - [2024-03-25T20:27:47.218+0000] {dag.py:3834} INFO - Setting next_dagrun for example_subdag_operator.section-2 to None, run_after=None
[2024-03-25T20:27:47.223+0000] {processor.py:183} INFO - Processing /home/airflow/.local/lib/python3.8/site-packages/airflow/example_dags/example_subdag_operator.py took 0.052 seconds
[2024-03-25T20:28:18.217+0000] {processor.py:161} INFO - Started process (PID=284) to work on /home/airflow/.local/lib/python3.8/site-packages/airflow/example_dags/example_subdag_operator.py
[2024-03-25T20:28:18.217+0000] {processor.py:830} INFO - Processing file /home/airflow/.local/lib/python3.8/site-packages/airflow/example_dags/example_subdag_operator.py for tasks to queue
[2024-03-25T20:28:18.219+0000] {logging_mixin.py:188} INFO - [2024-03-25T20:28:18.218+0000] {dagbag.py:540} INFO - Filling up the DagBag from /home/airflow/.local/lib/python3.8/site-packages/airflow/example_dags/example_subdag_operator.py
[2024-03-25T20:28:18.234+0000] {processor.py:840} INFO - DAG(s) 'example_subdag_operator.section-1', 'example_subdag_operator.section-2', 'example_subdag_operator' retrieved from /home/airflow/.local/lib/python3.8/site-packages/airflow/example_dags/example_subdag_operator.py
[2024-03-25T20:28:18.243+0000] {logging_mixin.py:188} INFO - [2024-03-25T20:28:18.243+0000] {dag.py:3047} INFO - Sync 3 DAGs
[2024-03-25T20:28:18.255+0000] {logging_mixin.py:188} INFO - [2024-03-25T20:28:18.255+0000] {dag.py:3834} INFO - Setting next_dagrun for example_subdag_operator to 2022-01-01 00:00:00+00:00, run_after=2022-01-01 00:00:00+00:00
[2024-03-25T20:28:18.257+0000] {logging_mixin.py:188} INFO - [2024-03-25T20:28:18.257+0000] {dag.py:3834} INFO - Setting next_dagrun for example_subdag_operator.section-1 to None, run_after=None
[2024-03-25T20:28:18.258+0000] {logging_mixin.py:188} INFO - [2024-03-25T20:28:18.258+0000] {dag.py:3834} INFO - Setting next_dagrun for example_subdag_operator.section-2 to None, run_after=None
[2024-03-25T20:28:18.261+0000] {logging_mixin.py:188} INFO - [2024-03-25T20:28:18.261+0000] {dag.py:3047} INFO - Sync 2 DAGs
[2024-03-25T20:28:18.264+0000] {logging_mixin.py:188} INFO - [2024-03-25T20:28:18.264+0000] {dag.py:3834} INFO - Setting next_dagrun for example_subdag_operator.section-1 to None, run_after=None
[2024-03-25T20:28:18.264+0000] {logging_mixin.py:188} INFO - [2024-03-25T20:28:18.264+0000] {dag.py:3834} INFO - Setting next_dagrun for example_subdag_operator.section-2 to None, run_after=None
[2024-03-25T20:28:18.269+0000] {processor.py:183} INFO - Processing /home/airflow/.local/lib/python3.8/site-packages/airflow/example_dags/example_subdag_operator.py took 0.055 seconds
[2024-03-25T20:28:48.438+0000] {processor.py:161} INFO - Started process (PID=339) to work on /home/airflow/.local/lib/python3.8/site-packages/airflow/example_dags/example_subdag_operator.py
[2024-03-25T20:28:48.440+0000] {processor.py:830} INFO - Processing file /home/airflow/.local/lib/python3.8/site-packages/airflow/example_dags/example_subdag_operator.py for tasks to queue
[2024-03-25T20:28:48.443+0000] {logging_mixin.py:188} INFO - [2024-03-25T20:28:48.442+0000] {dagbag.py:540} INFO - Filling up the DagBag from /home/airflow/.local/lib/python3.8/site-packages/airflow/example_dags/example_subdag_operator.py
[2024-03-25T20:28:48.470+0000] {processor.py:840} INFO - DAG(s) 'example_subdag_operator.section-1', 'example_subdag_operator.section-2', 'example_subdag_operator' retrieved from /home/airflow/.local/lib/python3.8/site-packages/airflow/example_dags/example_subdag_operator.py
[2024-03-25T20:28:48.483+0000] {logging_mixin.py:188} INFO - [2024-03-25T20:28:48.483+0000] {dag.py:3047} INFO - Sync 3 DAGs
[2024-03-25T20:28:48.497+0000] {logging_mixin.py:188} INFO - [2024-03-25T20:28:48.496+0000] {dag.py:3834} INFO - Setting next_dagrun for example_subdag_operator to 2022-01-01 00:00:00+00:00, run_after=2022-01-01 00:00:00+00:00
[2024-03-25T20:28:48.499+0000] {logging_mixin.py:188} INFO - [2024-03-25T20:28:48.499+0000] {dag.py:3834} INFO - Setting next_dagrun for example_subdag_operator.section-1 to None, run_after=None
[2024-03-25T20:28:48.500+0000] {logging_mixin.py:188} INFO - [2024-03-25T20:28:48.500+0000] {dag.py:3834} INFO - Setting next_dagrun for example_subdag_operator.section-2 to None, run_after=None
[2024-03-25T20:28:48.504+0000] {logging_mixin.py:188} INFO - [2024-03-25T20:28:48.504+0000] {dag.py:3047} INFO - Sync 2 DAGs
[2024-03-25T20:28:48.507+0000] {logging_mixin.py:188} INFO - [2024-03-25T20:28:48.507+0000] {dag.py:3834} INFO - Setting next_dagrun for example_subdag_operator.section-1 to None, run_after=None
[2024-03-25T20:28:48.508+0000] {logging_mixin.py:188} INFO - [2024-03-25T20:28:48.508+0000] {dag.py:3834} INFO - Setting next_dagrun for example_subdag_operator.section-2 to None, run_after=None
[2024-03-25T20:28:48.514+0000] {processor.py:183} INFO - Processing /home/airflow/.local/lib/python3.8/site-packages/airflow/example_dags/example_subdag_operator.py took 0.081 seconds
[2024-03-25T20:29:18.662+0000] {processor.py:161} INFO - Started process (PID=395) to work on /home/airflow/.local/lib/python3.8/site-packages/airflow/example_dags/example_subdag_operator.py
[2024-03-25T20:29:18.665+0000] {processor.py:830} INFO - Processing file /home/airflow/.local/lib/python3.8/site-packages/airflow/example_dags/example_subdag_operator.py for tasks to queue
[2024-03-25T20:29:18.668+0000] {logging_mixin.py:188} INFO - [2024-03-25T20:29:18.668+0000] {dagbag.py:540} INFO - Filling up the DagBag from /home/airflow/.local/lib/python3.8/site-packages/airflow/example_dags/example_subdag_operator.py
[2024-03-25T20:29:18.697+0000] {processor.py:840} INFO - DAG(s) 'example_subdag_operator.section-1', 'example_subdag_operator.section-2', 'example_subdag_operator' retrieved from /home/airflow/.local/lib/python3.8/site-packages/airflow/example_dags/example_subdag_operator.py
[2024-03-25T20:29:18.710+0000] {logging_mixin.py:188} INFO - [2024-03-25T20:29:18.710+0000] {dag.py:3047} INFO - Sync 3 DAGs
[2024-03-25T20:29:18.724+0000] {logging_mixin.py:188} INFO - [2024-03-25T20:29:18.724+0000] {dag.py:3834} INFO - Setting next_dagrun for example_subdag_operator to 2022-01-01 00:00:00+00:00, run_after=2022-01-01 00:00:00+00:00
[2024-03-25T20:29:18.727+0000] {logging_mixin.py:188} INFO - [2024-03-25T20:29:18.727+0000] {dag.py:3834} INFO - Setting next_dagrun for example_subdag_operator.section-1 to None, run_after=None
[2024-03-25T20:29:18.728+0000] {logging_mixin.py:188} INFO - [2024-03-25T20:29:18.728+0000] {dag.py:3834} INFO - Setting next_dagrun for example_subdag_operator.section-2 to None, run_after=None
[2024-03-25T20:29:18.741+0000] {logging_mixin.py:188} INFO - [2024-03-25T20:29:18.740+0000] {dag.py:3047} INFO - Sync 2 DAGs
[2024-03-25T20:29:18.745+0000] {logging_mixin.py:188} INFO - [2024-03-25T20:29:18.745+0000] {dag.py:3834} INFO - Setting next_dagrun for example_subdag_operator.section-1 to None, run_after=None
[2024-03-25T20:29:18.745+0000] {logging_mixin.py:188} INFO - [2024-03-25T20:29:18.745+0000] {dag.py:3834} INFO - Setting next_dagrun for example_subdag_operator.section-2 to None, run_after=None
[2024-03-25T20:29:18.757+0000] {processor.py:183} INFO - Processing /home/airflow/.local/lib/python3.8/site-packages/airflow/example_dags/example_subdag_operator.py took 0.100 seconds
[2024-03-25T20:29:48.987+0000] {processor.py:161} INFO - Started process (PID=451) to work on /home/airflow/.local/lib/python3.8/site-packages/airflow/example_dags/example_subdag_operator.py
[2024-03-25T20:29:48.988+0000] {processor.py:830} INFO - Processing file /home/airflow/.local/lib/python3.8/site-packages/airflow/example_dags/example_subdag_operator.py for tasks to queue
[2024-03-25T20:29:48.989+0000] {logging_mixin.py:188} INFO - [2024-03-25T20:29:48.989+0000] {dagbag.py:540} INFO - Filling up the DagBag from /home/airflow/.local/lib/python3.8/site-packages/airflow/example_dags/example_subdag_operator.py
[2024-03-25T20:29:49.001+0000] {processor.py:840} INFO - DAG(s) 'example_subdag_operator.section-1', 'example_subdag_operator.section-2', 'example_subdag_operator' retrieved from /home/airflow/.local/lib/python3.8/site-packages/airflow/example_dags/example_subdag_operator.py
[2024-03-25T20:29:49.008+0000] {logging_mixin.py:188} INFO - [2024-03-25T20:29:49.008+0000] {dag.py:3047} INFO - Sync 3 DAGs
[2024-03-25T20:29:49.017+0000] {logging_mixin.py:188} INFO - [2024-03-25T20:29:49.017+0000] {dag.py:3834} INFO - Setting next_dagrun for example_subdag_operator to 2022-01-01 00:00:00+00:00, run_after=2022-01-01 00:00:00+00:00
[2024-03-25T20:29:49.019+0000] {logging_mixin.py:188} INFO - [2024-03-25T20:29:49.019+0000] {dag.py:3834} INFO - Setting next_dagrun for example_subdag_operator.section-1 to None, run_after=None
[2024-03-25T20:29:49.020+0000] {logging_mixin.py:188} INFO - [2024-03-25T20:29:49.019+0000] {dag.py:3834} INFO - Setting next_dagrun for example_subdag_operator.section-2 to None, run_after=None
[2024-03-25T20:29:49.023+0000] {logging_mixin.py:188} INFO - [2024-03-25T20:29:49.023+0000] {dag.py:3047} INFO - Sync 2 DAGs
[2024-03-25T20:29:49.028+0000] {logging_mixin.py:188} INFO - [2024-03-25T20:29:49.028+0000] {dag.py:3834} INFO - Setting next_dagrun for example_subdag_operator.section-1 to None, run_after=None
[2024-03-25T20:29:49.028+0000] {logging_mixin.py:188} INFO - [2024-03-25T20:29:49.028+0000] {dag.py:3834} INFO - Setting next_dagrun for example_subdag_operator.section-2 to None, run_after=None
[2024-03-25T20:29:49.033+0000] {processor.py:183} INFO - Processing /home/airflow/.local/lib/python3.8/site-packages/airflow/example_dags/example_subdag_operator.py took 0.048 seconds
[2024-03-25T20:30:19.222+0000] {processor.py:161} INFO - Started process (PID=516) to work on /home/airflow/.local/lib/python3.8/site-packages/airflow/example_dags/example_subdag_operator.py
[2024-03-25T20:30:19.225+0000] {processor.py:830} INFO - Processing file /home/airflow/.local/lib/python3.8/site-packages/airflow/example_dags/example_subdag_operator.py for tasks to queue
[2024-03-25T20:30:19.228+0000] {logging_mixin.py:188} INFO - [2024-03-25T20:30:19.227+0000] {dagbag.py:540} INFO - Filling up the DagBag from /home/airflow/.local/lib/python3.8/site-packages/airflow/example_dags/example_subdag_operator.py
[2024-03-25T20:30:19.254+0000] {processor.py:840} INFO - DAG(s) 'example_subdag_operator.section-1', 'example_subdag_operator.section-2', 'example_subdag_operator' retrieved from /home/airflow/.local/lib/python3.8/site-packages/airflow/example_dags/example_subdag_operator.py
[2024-03-25T20:30:19.264+0000] {logging_mixin.py:188} INFO - [2024-03-25T20:30:19.264+0000] {dag.py:3047} INFO - Sync 3 DAGs
[2024-03-25T20:30:19.276+0000] {logging_mixin.py:188} INFO - [2024-03-25T20:30:19.276+0000] {dag.py:3834} INFO - Setting next_dagrun for example_subdag_operator to 2022-01-01 00:00:00+00:00, run_after=2022-01-01 00:00:00+00:00
[2024-03-25T20:30:19.278+0000] {logging_mixin.py:188} INFO - [2024-03-25T20:30:19.278+0000] {dag.py:3834} INFO - Setting next_dagrun for example_subdag_operator.section-1 to None, run_after=None
[2024-03-25T20:30:19.279+0000] {logging_mixin.py:188} INFO - [2024-03-25T20:30:19.279+0000] {dag.py:3834} INFO - Setting next_dagrun for example_subdag_operator.section-2 to None, run_after=None
[2024-03-25T20:30:19.283+0000] {logging_mixin.py:188} INFO - [2024-03-25T20:30:19.282+0000] {dag.py:3047} INFO - Sync 2 DAGs
[2024-03-25T20:30:19.286+0000] {logging_mixin.py:188} INFO - [2024-03-25T20:30:19.286+0000] {dag.py:3834} INFO - Setting next_dagrun for example_subdag_operator.section-1 to None, run_after=None
[2024-03-25T20:30:19.286+0000] {logging_mixin.py:188} INFO - [2024-03-25T20:30:19.286+0000] {dag.py:3834} INFO - Setting next_dagrun for example_subdag_operator.section-2 to None, run_after=None
[2024-03-25T20:30:19.291+0000] {processor.py:183} INFO - Processing /home/airflow/.local/lib/python3.8/site-packages/airflow/example_dags/example_subdag_operator.py took 0.076 seconds
[2024-03-25T20:30:49.318+0000] {processor.py:161} INFO - Started process (PID=573) to work on /home/airflow/.local/lib/python3.8/site-packages/airflow/example_dags/example_subdag_operator.py
[2024-03-25T20:30:49.319+0000] {processor.py:830} INFO - Processing file /home/airflow/.local/lib/python3.8/site-packages/airflow/example_dags/example_subdag_operator.py for tasks to queue
[2024-03-25T20:30:49.320+0000] {logging_mixin.py:188} INFO - [2024-03-25T20:30:49.320+0000] {dagbag.py:540} INFO - Filling up the DagBag from /home/airflow/.local/lib/python3.8/site-packages/airflow/example_dags/example_subdag_operator.py
[2024-03-25T20:30:49.332+0000] {processor.py:840} INFO - DAG(s) 'example_subdag_operator.section-1', 'example_subdag_operator.section-2', 'example_subdag_operator' retrieved from /home/airflow/.local/lib/python3.8/site-packages/airflow/example_dags/example_subdag_operator.py
[2024-03-25T20:30:49.341+0000] {logging_mixin.py:188} INFO - [2024-03-25T20:30:49.341+0000] {dag.py:3047} INFO - Sync 3 DAGs
[2024-03-25T20:30:49.353+0000] {logging_mixin.py:188} INFO - [2024-03-25T20:30:49.353+0000] {dag.py:3834} INFO - Setting next_dagrun for example_subdag_operator to 2022-01-01 00:00:00+00:00, run_after=2022-01-01 00:00:00+00:00
[2024-03-25T20:30:49.355+0000] {logging_mixin.py:188} INFO - [2024-03-25T20:30:49.355+0000] {dag.py:3834} INFO - Setting next_dagrun for example_subdag_operator.section-1 to None, run_after=None
[2024-03-25T20:30:49.356+0000] {logging_mixin.py:188} INFO - [2024-03-25T20:30:49.356+0000] {dag.py:3834} INFO - Setting next_dagrun for example_subdag_operator.section-2 to None, run_after=None
[2024-03-25T20:30:49.360+0000] {logging_mixin.py:188} INFO - [2024-03-25T20:30:49.360+0000] {dag.py:3047} INFO - Sync 2 DAGs
[2024-03-25T20:30:49.363+0000] {logging_mixin.py:188} INFO - [2024-03-25T20:30:49.363+0000] {dag.py:3834} INFO - Setting next_dagrun for example_subdag_operator.section-1 to None, run_after=None
[2024-03-25T20:30:49.363+0000] {logging_mixin.py:188} INFO - [2024-03-25T20:30:49.363+0000] {dag.py:3834} INFO - Setting next_dagrun for example_subdag_operator.section-2 to None, run_after=None
[2024-03-25T20:30:49.370+0000] {processor.py:183} INFO - Processing /home/airflow/.local/lib/python3.8/site-packages/airflow/example_dags/example_subdag_operator.py took 0.054 seconds
[2024-03-25T20:31:20.213+0000] {processor.py:161} INFO - Started process (PID=628) to work on /home/airflow/.local/lib/python3.8/site-packages/airflow/example_dags/example_subdag_operator.py
[2024-03-25T20:31:20.216+0000] {processor.py:830} INFO - Processing file /home/airflow/.local/lib/python3.8/site-packages/airflow/example_dags/example_subdag_operator.py for tasks to queue
[2024-03-25T20:31:20.218+0000] {logging_mixin.py:188} INFO - [2024-03-25T20:31:20.218+0000] {dagbag.py:540} INFO - Filling up the DagBag from /home/airflow/.local/lib/python3.8/site-packages/airflow/example_dags/example_subdag_operator.py
[2024-03-25T20:31:20.241+0000] {processor.py:840} INFO - DAG(s) 'example_subdag_operator.section-1', 'example_subdag_operator.section-2', 'example_subdag_operator' retrieved from /home/airflow/.local/lib/python3.8/site-packages/airflow/example_dags/example_subdag_operator.py
[2024-03-25T20:31:20.251+0000] {logging_mixin.py:188} INFO - [2024-03-25T20:31:20.251+0000] {dag.py:3047} INFO - Sync 3 DAGs
[2024-03-25T20:31:20.265+0000] {logging_mixin.py:188} INFO - [2024-03-25T20:31:20.264+0000] {dag.py:3834} INFO - Setting next_dagrun for example_subdag_operator to 2022-01-01 00:00:00+00:00, run_after=2022-01-01 00:00:00+00:00
[2024-03-25T20:31:20.267+0000] {logging_mixin.py:188} INFO - [2024-03-25T20:31:20.266+0000] {dag.py:3834} INFO - Setting next_dagrun for example_subdag_operator.section-1 to None, run_after=None
[2024-03-25T20:31:20.267+0000] {logging_mixin.py:188} INFO - [2024-03-25T20:31:20.267+0000] {dag.py:3834} INFO - Setting next_dagrun for example_subdag_operator.section-2 to None, run_after=None
[2024-03-25T20:31:20.272+0000] {logging_mixin.py:188} INFO - [2024-03-25T20:31:20.271+0000] {dag.py:3047} INFO - Sync 2 DAGs
[2024-03-25T20:31:20.275+0000] {logging_mixin.py:188} INFO - [2024-03-25T20:31:20.274+0000] {dag.py:3834} INFO - Setting next_dagrun for example_subdag_operator.section-1 to None, run_after=None
[2024-03-25T20:31:20.275+0000] {logging_mixin.py:188} INFO - [2024-03-25T20:31:20.275+0000] {dag.py:3834} INFO - Setting next_dagrun for example_subdag_operator.section-2 to None, run_after=None
[2024-03-25T20:31:20.281+0000] {processor.py:183} INFO - Processing /home/airflow/.local/lib/python3.8/site-packages/airflow/example_dags/example_subdag_operator.py took 0.072 seconds
[2024-03-25T20:31:51.036+0000] {processor.py:161} INFO - Started process (PID=684) to work on /home/airflow/.local/lib/python3.8/site-packages/airflow/example_dags/example_subdag_operator.py
[2024-03-25T20:31:51.037+0000] {processor.py:830} INFO - Processing file /home/airflow/.local/lib/python3.8/site-packages/airflow/example_dags/example_subdag_operator.py for tasks to queue
[2024-03-25T20:31:51.040+0000] {logging_mixin.py:188} INFO - [2024-03-25T20:31:51.039+0000] {dagbag.py:540} INFO - Filling up the DagBag from /home/airflow/.local/lib/python3.8/site-packages/airflow/example_dags/example_subdag_operator.py
[2024-03-25T20:31:51.062+0000] {processor.py:840} INFO - DAG(s) 'example_subdag_operator.section-1', 'example_subdag_operator.section-2', 'example_subdag_operator' retrieved from /home/airflow/.local/lib/python3.8/site-packages/airflow/example_dags/example_subdag_operator.py
[2024-03-25T20:31:51.073+0000] {logging_mixin.py:188} INFO - [2024-03-25T20:31:51.073+0000] {dag.py:3047} INFO - Sync 3 DAGs
[2024-03-25T20:31:51.086+0000] {logging_mixin.py:188} INFO - [2024-03-25T20:31:51.085+0000] {dag.py:3834} INFO - Setting next_dagrun for example_subdag_operator to 2022-01-01 00:00:00+00:00, run_after=2022-01-01 00:00:00+00:00
[2024-03-25T20:31:51.089+0000] {logging_mixin.py:188} INFO - [2024-03-25T20:31:51.089+0000] {dag.py:3834} INFO - Setting next_dagrun for example_subdag_operator.section-1 to None, run_after=None
[2024-03-25T20:31:51.092+0000] {logging_mixin.py:188} INFO - [2024-03-25T20:31:51.092+0000] {dag.py:3834} INFO - Setting next_dagrun for example_subdag_operator.section-2 to None, run_after=None
[2024-03-25T20:31:51.097+0000] {logging_mixin.py:188} INFO - [2024-03-25T20:31:51.097+0000] {dag.py:3047} INFO - Sync 2 DAGs
[2024-03-25T20:31:51.100+0000] {logging_mixin.py:188} INFO - [2024-03-25T20:31:51.100+0000] {dag.py:3834} INFO - Setting next_dagrun for example_subdag_operator.section-1 to None, run_after=None
[2024-03-25T20:31:51.101+0000] {logging_mixin.py:188} INFO - [2024-03-25T20:31:51.100+0000] {dag.py:3834} INFO - Setting next_dagrun for example_subdag_operator.section-2 to None, run_after=None
[2024-03-25T20:31:51.106+0000] {processor.py:183} INFO - Processing /home/airflow/.local/lib/python3.8/site-packages/airflow/example_dags/example_subdag_operator.py took 0.075 seconds
[2024-03-25T20:32:21.506+0000] {processor.py:161} INFO - Started process (PID=740) to work on /home/airflow/.local/lib/python3.8/site-packages/airflow/example_dags/example_subdag_operator.py
[2024-03-25T20:32:21.508+0000] {processor.py:830} INFO - Processing file /home/airflow/.local/lib/python3.8/site-packages/airflow/example_dags/example_subdag_operator.py for tasks to queue
[2024-03-25T20:32:21.510+0000] {logging_mixin.py:188} INFO - [2024-03-25T20:32:21.510+0000] {dagbag.py:540} INFO - Filling up the DagBag from /home/airflow/.local/lib/python3.8/site-packages/airflow/example_dags/example_subdag_operator.py
[2024-03-25T20:32:21.534+0000] {processor.py:840} INFO - DAG(s) 'example_subdag_operator.section-1', 'example_subdag_operator.section-2', 'example_subdag_operator' retrieved from /home/airflow/.local/lib/python3.8/site-packages/airflow/example_dags/example_subdag_operator.py
[2024-03-25T20:32:21.545+0000] {logging_mixin.py:188} INFO - [2024-03-25T20:32:21.545+0000] {dag.py:3047} INFO - Sync 3 DAGs
[2024-03-25T20:32:21.558+0000] {logging_mixin.py:188} INFO - [2024-03-25T20:32:21.557+0000] {dag.py:3834} INFO - Setting next_dagrun for example_subdag_operator to 2022-01-01 00:00:00+00:00, run_after=2022-01-01 00:00:00+00:00
[2024-03-25T20:32:21.559+0000] {logging_mixin.py:188} INFO - [2024-03-25T20:32:21.559+0000] {dag.py:3834} INFO - Setting next_dagrun for example_subdag_operator.section-1 to None, run_after=None
[2024-03-25T20:32:21.560+0000] {logging_mixin.py:188} INFO - [2024-03-25T20:32:21.560+0000] {dag.py:3834} INFO - Setting next_dagrun for example_subdag_operator.section-2 to None, run_after=None
[2024-03-25T20:32:21.564+0000] {logging_mixin.py:188} INFO - [2024-03-25T20:32:21.564+0000] {dag.py:3047} INFO - Sync 2 DAGs
[2024-03-25T20:32:21.567+0000] {logging_mixin.py:188} INFO - [2024-03-25T20:32:21.567+0000] {dag.py:3834} INFO - Setting next_dagrun for example_subdag_operator.section-1 to None, run_after=None
[2024-03-25T20:32:21.567+0000] {logging_mixin.py:188} INFO - [2024-03-25T20:32:21.567+0000] {dag.py:3834} INFO - Setting next_dagrun for example_subdag_operator.section-2 to None, run_after=None
[2024-03-25T20:32:21.572+0000] {processor.py:183} INFO - Processing /home/airflow/.local/lib/python3.8/site-packages/airflow/example_dags/example_subdag_operator.py took 0.072 seconds
[2024-03-25T20:32:52.083+0000] {processor.py:161} INFO - Started process (PID=796) to work on /home/airflow/.local/lib/python3.8/site-packages/airflow/example_dags/example_subdag_operator.py
[2024-03-25T20:32:52.083+0000] {processor.py:830} INFO - Processing file /home/airflow/.local/lib/python3.8/site-packages/airflow/example_dags/example_subdag_operator.py for tasks to queue
[2024-03-25T20:32:52.084+0000] {logging_mixin.py:188} INFO - [2024-03-25T20:32:52.084+0000] {dagbag.py:540} INFO - Filling up the DagBag from /home/airflow/.local/lib/python3.8/site-packages/airflow/example_dags/example_subdag_operator.py
[2024-03-25T20:32:52.097+0000] {processor.py:840} INFO - DAG(s) 'example_subdag_operator.section-1', 'example_subdag_operator.section-2', 'example_subdag_operator' retrieved from /home/airflow/.local/lib/python3.8/site-packages/airflow/example_dags/example_subdag_operator.py
[2024-03-25T20:32:52.105+0000] {logging_mixin.py:188} INFO - [2024-03-25T20:32:52.105+0000] {dag.py:3047} INFO - Sync 3 DAGs
[2024-03-25T20:32:52.115+0000] {logging_mixin.py:188} INFO - [2024-03-25T20:32:52.115+0000] {dag.py:3834} INFO - Setting next_dagrun for example_subdag_operator to 2022-01-01 00:00:00+00:00, run_after=2022-01-01 00:00:00+00:00
[2024-03-25T20:32:52.117+0000] {logging_mixin.py:188} INFO - [2024-03-25T20:32:52.117+0000] {dag.py:3834} INFO - Setting next_dagrun for example_subdag_operator.section-1 to None, run_after=None
[2024-03-25T20:32:52.118+0000] {logging_mixin.py:188} INFO - [2024-03-25T20:32:52.118+0000] {dag.py:3834} INFO - Setting next_dagrun for example_subdag_operator.section-2 to None, run_after=None
[2024-03-25T20:32:52.122+0000] {logging_mixin.py:188} INFO - [2024-03-25T20:32:52.122+0000] {dag.py:3047} INFO - Sync 2 DAGs
[2024-03-25T20:32:52.125+0000] {logging_mixin.py:188} INFO - [2024-03-25T20:32:52.125+0000] {dag.py:3834} INFO - Setting next_dagrun for example_subdag_operator.section-1 to None, run_after=None
[2024-03-25T20:32:52.125+0000] {logging_mixin.py:188} INFO - [2024-03-25T20:32:52.125+0000] {dag.py:3834} INFO - Setting next_dagrun for example_subdag_operator.section-2 to None, run_after=None
[2024-03-25T20:32:52.132+0000] {processor.py:183} INFO - Processing /home/airflow/.local/lib/python3.8/site-packages/airflow/example_dags/example_subdag_operator.py took 0.051 seconds
[2024-03-25T20:33:22.575+0000] {processor.py:161} INFO - Started process (PID=852) to work on /home/airflow/.local/lib/python3.8/site-packages/airflow/example_dags/example_subdag_operator.py
[2024-03-25T20:33:22.576+0000] {processor.py:830} INFO - Processing file /home/airflow/.local/lib/python3.8/site-packages/airflow/example_dags/example_subdag_operator.py for tasks to queue
[2024-03-25T20:33:22.577+0000] {logging_mixin.py:188} INFO - [2024-03-25T20:33:22.577+0000] {dagbag.py:540} INFO - Filling up the DagBag from /home/airflow/.local/lib/python3.8/site-packages/airflow/example_dags/example_subdag_operator.py
[2024-03-25T20:33:22.591+0000] {processor.py:840} INFO - DAG(s) 'example_subdag_operator.section-1', 'example_subdag_operator.section-2', 'example_subdag_operator' retrieved from /home/airflow/.local/lib/python3.8/site-packages/airflow/example_dags/example_subdag_operator.py
[2024-03-25T20:33:22.599+0000] {logging_mixin.py:188} INFO - [2024-03-25T20:33:22.598+0000] {dag.py:3047} INFO - Sync 3 DAGs
[2024-03-25T20:33:22.609+0000] {logging_mixin.py:188} INFO - [2024-03-25T20:33:22.609+0000] {dag.py:3834} INFO - Setting next_dagrun for example_subdag_operator to 2022-01-01 00:00:00+00:00, run_after=2022-01-01 00:00:00+00:00
[2024-03-25T20:33:22.611+0000] {logging_mixin.py:188} INFO - [2024-03-25T20:33:22.611+0000] {dag.py:3834} INFO - Setting next_dagrun for example_subdag_operator.section-1 to None, run_after=None
[2024-03-25T20:33:22.612+0000] {logging_mixin.py:188} INFO - [2024-03-25T20:33:22.612+0000] {dag.py:3834} INFO - Setting next_dagrun for example_subdag_operator.section-2 to None, run_after=None
[2024-03-25T20:33:22.616+0000] {logging_mixin.py:188} INFO - [2024-03-25T20:33:22.615+0000] {dag.py:3047} INFO - Sync 2 DAGs
[2024-03-25T20:33:22.619+0000] {logging_mixin.py:188} INFO - [2024-03-25T20:33:22.618+0000] {dag.py:3834} INFO - Setting next_dagrun for example_subdag_operator.section-1 to None, run_after=None
[2024-03-25T20:33:22.619+0000] {logging_mixin.py:188} INFO - [2024-03-25T20:33:22.619+0000] {dag.py:3834} INFO - Setting next_dagrun for example_subdag_operator.section-2 to None, run_after=None
[2024-03-25T20:33:22.625+0000] {processor.py:183} INFO - Processing /home/airflow/.local/lib/python3.8/site-packages/airflow/example_dags/example_subdag_operator.py took 0.053 seconds
[2024-03-25T20:33:53.003+0000] {processor.py:161} INFO - Started process (PID=908) to work on /home/airflow/.local/lib/python3.8/site-packages/airflow/example_dags/example_subdag_operator.py
[2024-03-25T20:33:53.004+0000] {processor.py:830} INFO - Processing file /home/airflow/.local/lib/python3.8/site-packages/airflow/example_dags/example_subdag_operator.py for tasks to queue
[2024-03-25T20:33:53.005+0000] {logging_mixin.py:188} INFO - [2024-03-25T20:33:53.005+0000] {dagbag.py:540} INFO - Filling up the DagBag from /home/airflow/.local/lib/python3.8/site-packages/airflow/example_dags/example_subdag_operator.py
[2024-03-25T20:33:53.020+0000] {processor.py:840} INFO - DAG(s) 'example_subdag_operator.section-1', 'example_subdag_operator.section-2', 'example_subdag_operator' retrieved from /home/airflow/.local/lib/python3.8/site-packages/airflow/example_dags/example_subdag_operator.py
[2024-03-25T20:33:53.028+0000] {logging_mixin.py:188} INFO - [2024-03-25T20:33:53.027+0000] {dag.py:3047} INFO - Sync 3 DAGs
[2024-03-25T20:33:53.039+0000] {logging_mixin.py:188} INFO - [2024-03-25T20:33:53.039+0000] {dag.py:3834} INFO - Setting next_dagrun for example_subdag_operator to 2022-01-01 00:00:00+00:00, run_after=2022-01-01 00:00:00+00:00
[2024-03-25T20:33:53.041+0000] {logging_mixin.py:188} INFO - [2024-03-25T20:33:53.041+0000] {dag.py:3834} INFO - Setting next_dagrun for example_subdag_operator.section-1 to None, run_after=None
[2024-03-25T20:33:53.042+0000] {logging_mixin.py:188} INFO - [2024-03-25T20:33:53.042+0000] {dag.py:3834} INFO - Setting next_dagrun for example_subdag_operator.section-2 to None, run_after=None
[2024-03-25T20:33:53.046+0000] {logging_mixin.py:188} INFO - [2024-03-25T20:33:53.046+0000] {dag.py:3047} INFO - Sync 2 DAGs
[2024-03-25T20:33:53.050+0000] {logging_mixin.py:188} INFO - [2024-03-25T20:33:53.049+0000] {dag.py:3834} INFO - Setting next_dagrun for example_subdag_operator.section-1 to None, run_after=None
[2024-03-25T20:33:53.050+0000] {logging_mixin.py:188} INFO - [2024-03-25T20:33:53.050+0000] {dag.py:3834} INFO - Setting next_dagrun for example_subdag_operator.section-2 to None, run_after=None
[2024-03-25T20:33:53.056+0000] {processor.py:183} INFO - Processing /home/airflow/.local/lib/python3.8/site-packages/airflow/example_dags/example_subdag_operator.py took 0.055 seconds
[2024-03-25T20:34:23.747+0000] {processor.py:161} INFO - Started process (PID=963) to work on /home/airflow/.local/lib/python3.8/site-packages/airflow/example_dags/example_subdag_operator.py
[2024-03-25T20:34:23.748+0000] {processor.py:830} INFO - Processing file /home/airflow/.local/lib/python3.8/site-packages/airflow/example_dags/example_subdag_operator.py for tasks to queue
[2024-03-25T20:34:23.749+0000] {logging_mixin.py:188} INFO - [2024-03-25T20:34:23.749+0000] {dagbag.py:540} INFO - Filling up the DagBag from /home/airflow/.local/lib/python3.8/site-packages/airflow/example_dags/example_subdag_operator.py
[2024-03-25T20:34:23.764+0000] {processor.py:840} INFO - DAG(s) 'example_subdag_operator.section-1', 'example_subdag_operator.section-2', 'example_subdag_operator' retrieved from /home/airflow/.local/lib/python3.8/site-packages/airflow/example_dags/example_subdag_operator.py
[2024-03-25T20:34:23.774+0000] {logging_mixin.py:188} INFO - [2024-03-25T20:34:23.774+0000] {dag.py:3047} INFO - Sync 3 DAGs
[2024-03-25T20:34:23.788+0000] {logging_mixin.py:188} INFO - [2024-03-25T20:34:23.788+0000] {dag.py:3834} INFO - Setting next_dagrun for example_subdag_operator to 2022-01-01 00:00:00+00:00, run_after=2022-01-01 00:00:00+00:00
[2024-03-25T20:34:23.792+0000] {logging_mixin.py:188} INFO - [2024-03-25T20:34:23.791+0000] {dag.py:3834} INFO - Setting next_dagrun for example_subdag_operator.section-1 to None, run_after=None
[2024-03-25T20:34:23.793+0000] {logging_mixin.py:188} INFO - [2024-03-25T20:34:23.793+0000] {dag.py:3834} INFO - Setting next_dagrun for example_subdag_operator.section-2 to None, run_after=None
[2024-03-25T20:34:23.798+0000] {logging_mixin.py:188} INFO - [2024-03-25T20:34:23.798+0000] {dag.py:3047} INFO - Sync 2 DAGs
[2024-03-25T20:34:23.802+0000] {logging_mixin.py:188} INFO - [2024-03-25T20:34:23.802+0000] {dag.py:3834} INFO - Setting next_dagrun for example_subdag_operator.section-1 to None, run_after=None
[2024-03-25T20:34:23.803+0000] {logging_mixin.py:188} INFO - [2024-03-25T20:34:23.803+0000] {dag.py:3834} INFO - Setting next_dagrun for example_subdag_operator.section-2 to None, run_after=None
[2024-03-25T20:34:23.810+0000] {processor.py:183} INFO - Processing /home/airflow/.local/lib/python3.8/site-packages/airflow/example_dags/example_subdag_operator.py took 0.066 seconds
[2024-03-25T20:34:54.485+0000] {processor.py:161} INFO - Started process (PID=1019) to work on /home/airflow/.local/lib/python3.8/site-packages/airflow/example_dags/example_subdag_operator.py
[2024-03-25T20:34:54.488+0000] {processor.py:830} INFO - Processing file /home/airflow/.local/lib/python3.8/site-packages/airflow/example_dags/example_subdag_operator.py for tasks to queue
[2024-03-25T20:34:54.491+0000] {logging_mixin.py:188} INFO - [2024-03-25T20:34:54.491+0000] {dagbag.py:540} INFO - Filling up the DagBag from /home/airflow/.local/lib/python3.8/site-packages/airflow/example_dags/example_subdag_operator.py
[2024-03-25T20:34:54.515+0000] {processor.py:840} INFO - DAG(s) 'example_subdag_operator.section-1', 'example_subdag_operator.section-2', 'example_subdag_operator' retrieved from /home/airflow/.local/lib/python3.8/site-packages/airflow/example_dags/example_subdag_operator.py
[2024-03-25T20:34:54.526+0000] {logging_mixin.py:188} INFO - [2024-03-25T20:34:54.526+0000] {dag.py:3047} INFO - Sync 3 DAGs
[2024-03-25T20:34:54.538+0000] {logging_mixin.py:188} INFO - [2024-03-25T20:34:54.538+0000] {dag.py:3834} INFO - Setting next_dagrun for example_subdag_operator to 2022-01-01 00:00:00+00:00, run_after=2022-01-01 00:00:00+00:00
[2024-03-25T20:34:54.540+0000] {logging_mixin.py:188} INFO - [2024-03-25T20:34:54.540+0000] {dag.py:3834} INFO - Setting next_dagrun for example_subdag_operator.section-1 to None, run_after=None
[2024-03-25T20:34:54.541+0000] {logging_mixin.py:188} INFO - [2024-03-25T20:34:54.541+0000] {dag.py:3834} INFO - Setting next_dagrun for example_subdag_operator.section-2 to None, run_after=None
[2024-03-25T20:34:54.545+0000] {logging_mixin.py:188} INFO - [2024-03-25T20:34:54.545+0000] {dag.py:3047} INFO - Sync 2 DAGs
[2024-03-25T20:34:54.548+0000] {logging_mixin.py:188} INFO - [2024-03-25T20:34:54.548+0000] {dag.py:3834} INFO - Setting next_dagrun for example_subdag_operator.section-1 to None, run_after=None
[2024-03-25T20:34:54.548+0000] {logging_mixin.py:188} INFO - [2024-03-25T20:34:54.548+0000] {dag.py:3834} INFO - Setting next_dagrun for example_subdag_operator.section-2 to None, run_after=None
[2024-03-25T20:34:54.553+0000] {processor.py:183} INFO - Processing /home/airflow/.local/lib/python3.8/site-packages/airflow/example_dags/example_subdag_operator.py took 0.074 seconds
[2024-03-25T20:35:24.926+0000] {processor.py:161} INFO - Started process (PID=1075) to work on /home/airflow/.local/lib/python3.8/site-packages/airflow/example_dags/example_subdag_operator.py
[2024-03-25T20:35:24.928+0000] {processor.py:830} INFO - Processing file /home/airflow/.local/lib/python3.8/site-packages/airflow/example_dags/example_subdag_operator.py for tasks to queue
[2024-03-25T20:35:24.930+0000] {logging_mixin.py:188} INFO - [2024-03-25T20:35:24.930+0000] {dagbag.py:540} INFO - Filling up the DagBag from /home/airflow/.local/lib/python3.8/site-packages/airflow/example_dags/example_subdag_operator.py
[2024-03-25T20:35:24.953+0000] {processor.py:840} INFO - DAG(s) 'example_subdag_operator.section-1', 'example_subdag_operator.section-2', 'example_subdag_operator' retrieved from /home/airflow/.local/lib/python3.8/site-packages/airflow/example_dags/example_subdag_operator.py
[2024-03-25T20:35:24.963+0000] {logging_mixin.py:188} INFO - [2024-03-25T20:35:24.963+0000] {dag.py:3047} INFO - Sync 3 DAGs
[2024-03-25T20:35:24.976+0000] {logging_mixin.py:188} INFO - [2024-03-25T20:35:24.976+0000] {dag.py:3834} INFO - Setting next_dagrun for example_subdag_operator to 2022-01-01 00:00:00+00:00, run_after=2022-01-01 00:00:00+00:00
[2024-03-25T20:35:24.978+0000] {logging_mixin.py:188} INFO - [2024-03-25T20:35:24.978+0000] {dag.py:3834} INFO - Setting next_dagrun for example_subdag_operator.section-1 to None, run_after=None
[2024-03-25T20:35:24.979+0000] {logging_mixin.py:188} INFO - [2024-03-25T20:35:24.979+0000] {dag.py:3834} INFO - Setting next_dagrun for example_subdag_operator.section-2 to None, run_after=None
[2024-03-25T20:35:24.983+0000] {logging_mixin.py:188} INFO - [2024-03-25T20:35:24.983+0000] {dag.py:3047} INFO - Sync 2 DAGs
[2024-03-25T20:35:24.986+0000] {logging_mixin.py:188} INFO - [2024-03-25T20:35:24.986+0000] {dag.py:3834} INFO - Setting next_dagrun for example_subdag_operator.section-1 to None, run_after=None
[2024-03-25T20:35:24.987+0000] {logging_mixin.py:188} INFO - [2024-03-25T20:35:24.987+0000] {dag.py:3834} INFO - Setting next_dagrun for example_subdag_operator.section-2 to None, run_after=None
[2024-03-25T20:35:24.992+0000] {processor.py:183} INFO - Processing /home/airflow/.local/lib/python3.8/site-packages/airflow/example_dags/example_subdag_operator.py took 0.071 seconds
[2024-03-25T20:35:55.532+0000] {processor.py:161} INFO - Started process (PID=1131) to work on /home/airflow/.local/lib/python3.8/site-packages/airflow/example_dags/example_subdag_operator.py
[2024-03-25T20:35:55.535+0000] {processor.py:830} INFO - Processing file /home/airflow/.local/lib/python3.8/site-packages/airflow/example_dags/example_subdag_operator.py for tasks to queue
[2024-03-25T20:35:55.537+0000] {logging_mixin.py:188} INFO - [2024-03-25T20:35:55.537+0000] {dagbag.py:540} INFO - Filling up the DagBag from /home/airflow/.local/lib/python3.8/site-packages/airflow/example_dags/example_subdag_operator.py
[2024-03-25T20:35:55.559+0000] {processor.py:840} INFO - DAG(s) 'example_subdag_operator.section-1', 'example_subdag_operator.section-2', 'example_subdag_operator' retrieved from /home/airflow/.local/lib/python3.8/site-packages/airflow/example_dags/example_subdag_operator.py
[2024-03-25T20:35:55.571+0000] {logging_mixin.py:188} INFO - [2024-03-25T20:35:55.571+0000] {dag.py:3047} INFO - Sync 3 DAGs
[2024-03-25T20:35:55.584+0000] {logging_mixin.py:188} INFO - [2024-03-25T20:35:55.584+0000] {dag.py:3834} INFO - Setting next_dagrun for example_subdag_operator to 2022-01-01 00:00:00+00:00, run_after=2022-01-01 00:00:00+00:00
[2024-03-25T20:35:55.586+0000] {logging_mixin.py:188} INFO - [2024-03-25T20:35:55.586+0000] {dag.py:3834} INFO - Setting next_dagrun for example_subdag_operator.section-1 to None, run_after=None
[2024-03-25T20:35:55.587+0000] {logging_mixin.py:188} INFO - [2024-03-25T20:35:55.587+0000] {dag.py:3834} INFO - Setting next_dagrun for example_subdag_operator.section-2 to None, run_after=None
[2024-03-25T20:35:55.591+0000] {logging_mixin.py:188} INFO - [2024-03-25T20:35:55.591+0000] {dag.py:3047} INFO - Sync 2 DAGs
[2024-03-25T20:35:55.594+0000] {logging_mixin.py:188} INFO - [2024-03-25T20:35:55.594+0000] {dag.py:3834} INFO - Setting next_dagrun for example_subdag_operator.section-1 to None, run_after=None
[2024-03-25T20:35:55.594+0000] {logging_mixin.py:188} INFO - [2024-03-25T20:35:55.594+0000] {dag.py:3834} INFO - Setting next_dagrun for example_subdag_operator.section-2 to None, run_after=None
[2024-03-25T20:35:55.601+0000] {processor.py:183} INFO - Processing /home/airflow/.local/lib/python3.8/site-packages/airflow/example_dags/example_subdag_operator.py took 0.073 seconds
[2024-03-25T20:36:26.058+0000] {processor.py:161} INFO - Started process (PID=1187) to work on /home/airflow/.local/lib/python3.8/site-packages/airflow/example_dags/example_subdag_operator.py
[2024-03-25T20:36:26.062+0000] {processor.py:830} INFO - Processing file /home/airflow/.local/lib/python3.8/site-packages/airflow/example_dags/example_subdag_operator.py for tasks to queue
[2024-03-25T20:36:26.065+0000] {logging_mixin.py:188} INFO - [2024-03-25T20:36:26.064+0000] {dagbag.py:540} INFO - Filling up the DagBag from /home/airflow/.local/lib/python3.8/site-packages/airflow/example_dags/example_subdag_operator.py
[2024-03-25T20:36:26.086+0000] {processor.py:840} INFO - DAG(s) 'example_subdag_operator.section-1', 'example_subdag_operator.section-2', 'example_subdag_operator' retrieved from /home/airflow/.local/lib/python3.8/site-packages/airflow/example_dags/example_subdag_operator.py
[2024-03-25T20:36:26.096+0000] {logging_mixin.py:188} INFO - [2024-03-25T20:36:26.096+0000] {dag.py:3047} INFO - Sync 3 DAGs
[2024-03-25T20:36:26.108+0000] {logging_mixin.py:188} INFO - [2024-03-25T20:36:26.108+0000] {dag.py:3834} INFO - Setting next_dagrun for example_subdag_operator to 2022-01-01 00:00:00+00:00, run_after=2022-01-01 00:00:00+00:00
[2024-03-25T20:36:26.110+0000] {logging_mixin.py:188} INFO - [2024-03-25T20:36:26.110+0000] {dag.py:3834} INFO - Setting next_dagrun for example_subdag_operator.section-1 to None, run_after=None
[2024-03-25T20:36:26.111+0000] {logging_mixin.py:188} INFO - [2024-03-25T20:36:26.111+0000] {dag.py:3834} INFO - Setting next_dagrun for example_subdag_operator.section-2 to None, run_after=None
[2024-03-25T20:36:26.115+0000] {logging_mixin.py:188} INFO - [2024-03-25T20:36:26.115+0000] {dag.py:3047} INFO - Sync 2 DAGs
[2024-03-25T20:36:26.121+0000] {logging_mixin.py:188} INFO - [2024-03-25T20:36:26.121+0000] {dag.py:3834} INFO - Setting next_dagrun for example_subdag_operator.section-1 to None, run_after=None
[2024-03-25T20:36:26.121+0000] {logging_mixin.py:188} INFO - [2024-03-25T20:36:26.121+0000] {dag.py:3834} INFO - Setting next_dagrun for example_subdag_operator.section-2 to None, run_after=None
[2024-03-25T20:36:26.127+0000] {processor.py:183} INFO - Processing /home/airflow/.local/lib/python3.8/site-packages/airflow/example_dags/example_subdag_operator.py took 0.073 seconds
[2024-03-25T20:36:56.693+0000] {processor.py:161} INFO - Started process (PID=1242) to work on /home/airflow/.local/lib/python3.8/site-packages/airflow/example_dags/example_subdag_operator.py
[2024-03-25T20:36:56.696+0000] {processor.py:830} INFO - Processing file /home/airflow/.local/lib/python3.8/site-packages/airflow/example_dags/example_subdag_operator.py for tasks to queue
[2024-03-25T20:36:56.698+0000] {logging_mixin.py:188} INFO - [2024-03-25T20:36:56.698+0000] {dagbag.py:540} INFO - Filling up the DagBag from /home/airflow/.local/lib/python3.8/site-packages/airflow/example_dags/example_subdag_operator.py
[2024-03-25T20:36:56.721+0000] {processor.py:840} INFO - DAG(s) 'example_subdag_operator.section-1', 'example_subdag_operator.section-2', 'example_subdag_operator' retrieved from /home/airflow/.local/lib/python3.8/site-packages/airflow/example_dags/example_subdag_operator.py
[2024-03-25T20:36:56.732+0000] {logging_mixin.py:188} INFO - [2024-03-25T20:36:56.732+0000] {dag.py:3047} INFO - Sync 3 DAGs
[2024-03-25T20:36:56.745+0000] {logging_mixin.py:188} INFO - [2024-03-25T20:36:56.745+0000] {dag.py:3834} INFO - Setting next_dagrun for example_subdag_operator to 2022-01-01 00:00:00+00:00, run_after=2022-01-01 00:00:00+00:00
[2024-03-25T20:36:56.747+0000] {logging_mixin.py:188} INFO - [2024-03-25T20:36:56.747+0000] {dag.py:3834} INFO - Setting next_dagrun for example_subdag_operator.section-1 to None, run_after=None
[2024-03-25T20:36:56.748+0000] {logging_mixin.py:188} INFO - [2024-03-25T20:36:56.748+0000] {dag.py:3834} INFO - Setting next_dagrun for example_subdag_operator.section-2 to None, run_after=None
[2024-03-25T20:36:56.752+0000] {logging_mixin.py:188} INFO - [2024-03-25T20:36:56.752+0000] {dag.py:3047} INFO - Sync 2 DAGs
[2024-03-25T20:36:56.756+0000] {logging_mixin.py:188} INFO - [2024-03-25T20:36:56.756+0000] {dag.py:3834} INFO - Setting next_dagrun for example_subdag_operator.section-1 to None, run_after=None
[2024-03-25T20:36:56.756+0000] {logging_mixin.py:188} INFO - [2024-03-25T20:36:56.756+0000] {dag.py:3834} INFO - Setting next_dagrun for example_subdag_operator.section-2 to None, run_after=None
[2024-03-25T20:36:56.763+0000] {processor.py:183} INFO - Processing /home/airflow/.local/lib/python3.8/site-packages/airflow/example_dags/example_subdag_operator.py took 0.075 seconds
[2024-03-25T20:37:27.332+0000] {processor.py:161} INFO - Started process (PID=1298) to work on /home/airflow/.local/lib/python3.8/site-packages/airflow/example_dags/example_subdag_operator.py
[2024-03-25T20:37:27.334+0000] {processor.py:830} INFO - Processing file /home/airflow/.local/lib/python3.8/site-packages/airflow/example_dags/example_subdag_operator.py for tasks to queue
[2024-03-25T20:37:27.336+0000] {logging_mixin.py:188} INFO - [2024-03-25T20:37:27.336+0000] {dagbag.py:540} INFO - Filling up the DagBag from /home/airflow/.local/lib/python3.8/site-packages/airflow/example_dags/example_subdag_operator.py
[2024-03-25T20:37:27.357+0000] {processor.py:840} INFO - DAG(s) 'example_subdag_operator.section-1', 'example_subdag_operator.section-2', 'example_subdag_operator' retrieved from /home/airflow/.local/lib/python3.8/site-packages/airflow/example_dags/example_subdag_operator.py
[2024-03-25T20:37:27.367+0000] {logging_mixin.py:188} INFO - [2024-03-25T20:37:27.367+0000] {dag.py:3047} INFO - Sync 3 DAGs
[2024-03-25T20:37:27.379+0000] {logging_mixin.py:188} INFO - [2024-03-25T20:37:27.379+0000] {dag.py:3834} INFO - Setting next_dagrun for example_subdag_operator to 2022-01-01 00:00:00+00:00, run_after=2022-01-01 00:00:00+00:00
[2024-03-25T20:37:27.381+0000] {logging_mixin.py:188} INFO - [2024-03-25T20:37:27.381+0000] {dag.py:3834} INFO - Setting next_dagrun for example_subdag_operator.section-1 to None, run_after=None
[2024-03-25T20:37:27.384+0000] {logging_mixin.py:188} INFO - [2024-03-25T20:37:27.383+0000] {dag.py:3834} INFO - Setting next_dagrun for example_subdag_operator.section-2 to None, run_after=None
[2024-03-25T20:37:27.388+0000] {logging_mixin.py:188} INFO - [2024-03-25T20:37:27.387+0000] {dag.py:3047} INFO - Sync 2 DAGs
[2024-03-25T20:37:27.390+0000] {logging_mixin.py:188} INFO - [2024-03-25T20:37:27.390+0000] {dag.py:3834} INFO - Setting next_dagrun for example_subdag_operator.section-1 to None, run_after=None
[2024-03-25T20:37:27.391+0000] {logging_mixin.py:188} INFO - [2024-03-25T20:37:27.391+0000] {dag.py:3834} INFO - Setting next_dagrun for example_subdag_operator.section-2 to None, run_after=None
[2024-03-25T20:37:27.396+0000] {processor.py:183} INFO - Processing /home/airflow/.local/lib/python3.8/site-packages/airflow/example_dags/example_subdag_operator.py took 0.069 seconds
[2024-03-25T20:37:58.089+0000] {processor.py:161} INFO - Started process (PID=1354) to work on /home/airflow/.local/lib/python3.8/site-packages/airflow/example_dags/example_subdag_operator.py
[2024-03-25T20:37:58.091+0000] {processor.py:830} INFO - Processing file /home/airflow/.local/lib/python3.8/site-packages/airflow/example_dags/example_subdag_operator.py for tasks to queue
[2024-03-25T20:37:58.094+0000] {logging_mixin.py:188} INFO - [2024-03-25T20:37:58.094+0000] {dagbag.py:540} INFO - Filling up the DagBag from /home/airflow/.local/lib/python3.8/site-packages/airflow/example_dags/example_subdag_operator.py
[2024-03-25T20:37:58.121+0000] {processor.py:840} INFO - DAG(s) 'example_subdag_operator.section-1', 'example_subdag_operator.section-2', 'example_subdag_operator' retrieved from /home/airflow/.local/lib/python3.8/site-packages/airflow/example_dags/example_subdag_operator.py
[2024-03-25T20:37:58.133+0000] {logging_mixin.py:188} INFO - [2024-03-25T20:37:58.132+0000] {dag.py:3047} INFO - Sync 3 DAGs
[2024-03-25T20:37:58.146+0000] {logging_mixin.py:188} INFO - [2024-03-25T20:37:58.146+0000] {dag.py:3834} INFO - Setting next_dagrun for example_subdag_operator to 2022-01-01 00:00:00+00:00, run_after=2022-01-01 00:00:00+00:00
[2024-03-25T20:37:58.148+0000] {logging_mixin.py:188} INFO - [2024-03-25T20:37:58.148+0000] {dag.py:3834} INFO - Setting next_dagrun for example_subdag_operator.section-1 to None, run_after=None
[2024-03-25T20:37:58.149+0000] {logging_mixin.py:188} INFO - [2024-03-25T20:37:58.149+0000] {dag.py:3834} INFO - Setting next_dagrun for example_subdag_operator.section-2 to None, run_after=None
[2024-03-25T20:37:58.154+0000] {logging_mixin.py:188} INFO - [2024-03-25T20:37:58.154+0000] {dag.py:3047} INFO - Sync 2 DAGs
[2024-03-25T20:37:58.157+0000] {logging_mixin.py:188} INFO - [2024-03-25T20:37:58.157+0000] {dag.py:3834} INFO - Setting next_dagrun for example_subdag_operator.section-1 to None, run_after=None
[2024-03-25T20:37:58.157+0000] {logging_mixin.py:188} INFO - [2024-03-25T20:37:58.157+0000] {dag.py:3834} INFO - Setting next_dagrun for example_subdag_operator.section-2 to None, run_after=None
[2024-03-25T20:37:58.163+0000] {processor.py:183} INFO - Processing /home/airflow/.local/lib/python3.8/site-packages/airflow/example_dags/example_subdag_operator.py took 0.079 seconds
[2024-03-25T20:38:28.602+0000] {processor.py:161} INFO - Started process (PID=1410) to work on /home/airflow/.local/lib/python3.8/site-packages/airflow/example_dags/example_subdag_operator.py
[2024-03-25T20:38:28.604+0000] {processor.py:830} INFO - Processing file /home/airflow/.local/lib/python3.8/site-packages/airflow/example_dags/example_subdag_operator.py for tasks to queue
[2024-03-25T20:38:28.607+0000] {logging_mixin.py:188} INFO - [2024-03-25T20:38:28.606+0000] {dagbag.py:540} INFO - Filling up the DagBag from /home/airflow/.local/lib/python3.8/site-packages/airflow/example_dags/example_subdag_operator.py
[2024-03-25T20:38:28.633+0000] {processor.py:840} INFO - DAG(s) 'example_subdag_operator.section-1', 'example_subdag_operator.section-2', 'example_subdag_operator' retrieved from /home/airflow/.local/lib/python3.8/site-packages/airflow/example_dags/example_subdag_operator.py
[2024-03-25T20:38:28.644+0000] {logging_mixin.py:188} INFO - [2024-03-25T20:38:28.644+0000] {dag.py:3047} INFO - Sync 3 DAGs
[2024-03-25T20:38:28.657+0000] {logging_mixin.py:188} INFO - [2024-03-25T20:38:28.657+0000] {dag.py:3834} INFO - Setting next_dagrun for example_subdag_operator to 2022-01-01 00:00:00+00:00, run_after=2022-01-01 00:00:00+00:00
[2024-03-25T20:38:28.659+0000] {logging_mixin.py:188} INFO - [2024-03-25T20:38:28.659+0000] {dag.py:3834} INFO - Setting next_dagrun for example_subdag_operator.section-1 to None, run_after=None
[2024-03-25T20:38:28.659+0000] {logging_mixin.py:188} INFO - [2024-03-25T20:38:28.659+0000] {dag.py:3834} INFO - Setting next_dagrun for example_subdag_operator.section-2 to None, run_after=None
[2024-03-25T20:38:28.663+0000] {logging_mixin.py:188} INFO - [2024-03-25T20:38:28.663+0000] {dag.py:3047} INFO - Sync 2 DAGs
[2024-03-25T20:38:28.666+0000] {logging_mixin.py:188} INFO - [2024-03-25T20:38:28.666+0000] {dag.py:3834} INFO - Setting next_dagrun for example_subdag_operator.section-1 to None, run_after=None
[2024-03-25T20:38:28.668+0000] {logging_mixin.py:188} INFO - [2024-03-25T20:38:28.668+0000] {dag.py:3834} INFO - Setting next_dagrun for example_subdag_operator.section-2 to None, run_after=None
[2024-03-25T20:38:28.674+0000] {processor.py:183} INFO - Processing /home/airflow/.local/lib/python3.8/site-packages/airflow/example_dags/example_subdag_operator.py took 0.078 seconds
[2024-03-25T20:38:59.032+0000] {processor.py:161} INFO - Started process (PID=1466) to work on /home/airflow/.local/lib/python3.8/site-packages/airflow/example_dags/example_subdag_operator.py
[2024-03-25T20:38:59.034+0000] {processor.py:830} INFO - Processing file /home/airflow/.local/lib/python3.8/site-packages/airflow/example_dags/example_subdag_operator.py for tasks to queue
[2024-03-25T20:38:59.037+0000] {logging_mixin.py:188} INFO - [2024-03-25T20:38:59.036+0000] {dagbag.py:540} INFO - Filling up the DagBag from /home/airflow/.local/lib/python3.8/site-packages/airflow/example_dags/example_subdag_operator.py
[2024-03-25T20:38:59.064+0000] {processor.py:840} INFO - DAG(s) 'example_subdag_operator.section-1', 'example_subdag_operator.section-2', 'example_subdag_operator' retrieved from /home/airflow/.local/lib/python3.8/site-packages/airflow/example_dags/example_subdag_operator.py
[2024-03-25T20:38:59.075+0000] {logging_mixin.py:188} INFO - [2024-03-25T20:38:59.075+0000] {dag.py:3047} INFO - Sync 3 DAGs
[2024-03-25T20:38:59.088+0000] {logging_mixin.py:188} INFO - [2024-03-25T20:38:59.088+0000] {dag.py:3834} INFO - Setting next_dagrun for example_subdag_operator to 2022-01-01 00:00:00+00:00, run_after=2022-01-01 00:00:00+00:00
[2024-03-25T20:38:59.090+0000] {logging_mixin.py:188} INFO - [2024-03-25T20:38:59.090+0000] {dag.py:3834} INFO - Setting next_dagrun for example_subdag_operator.section-1 to None, run_after=None
[2024-03-25T20:38:59.091+0000] {logging_mixin.py:188} INFO - [2024-03-25T20:38:59.091+0000] {dag.py:3834} INFO - Setting next_dagrun for example_subdag_operator.section-2 to None, run_after=None
[2024-03-25T20:38:59.094+0000] {logging_mixin.py:188} INFO - [2024-03-25T20:38:59.094+0000] {dag.py:3047} INFO - Sync 2 DAGs
[2024-03-25T20:38:59.097+0000] {logging_mixin.py:188} INFO - [2024-03-25T20:38:59.097+0000] {dag.py:3834} INFO - Setting next_dagrun for example_subdag_operator.section-1 to None, run_after=None
[2024-03-25T20:38:59.098+0000] {logging_mixin.py:188} INFO - [2024-03-25T20:38:59.097+0000] {dag.py:3834} INFO - Setting next_dagrun for example_subdag_operator.section-2 to None, run_after=None
[2024-03-25T20:38:59.104+0000] {processor.py:183} INFO - Processing /home/airflow/.local/lib/python3.8/site-packages/airflow/example_dags/example_subdag_operator.py took 0.078 seconds
[2024-03-25T20:39:29.728+0000] {processor.py:161} INFO - Started process (PID=1522) to work on /home/airflow/.local/lib/python3.8/site-packages/airflow/example_dags/example_subdag_operator.py
[2024-03-25T20:39:29.730+0000] {processor.py:830} INFO - Processing file /home/airflow/.local/lib/python3.8/site-packages/airflow/example_dags/example_subdag_operator.py for tasks to queue
[2024-03-25T20:39:29.733+0000] {logging_mixin.py:188} INFO - [2024-03-25T20:39:29.732+0000] {dagbag.py:540} INFO - Filling up the DagBag from /home/airflow/.local/lib/python3.8/site-packages/airflow/example_dags/example_subdag_operator.py
[2024-03-25T20:39:29.758+0000] {processor.py:840} INFO - DAG(s) 'example_subdag_operator.section-1', 'example_subdag_operator.section-2', 'example_subdag_operator' retrieved from /home/airflow/.local/lib/python3.8/site-packages/airflow/example_dags/example_subdag_operator.py
[2024-03-25T20:39:29.770+0000] {logging_mixin.py:188} INFO - [2024-03-25T20:39:29.770+0000] {dag.py:3047} INFO - Sync 3 DAGs
[2024-03-25T20:39:29.782+0000] {logging_mixin.py:188} INFO - [2024-03-25T20:39:29.782+0000] {dag.py:3834} INFO - Setting next_dagrun for example_subdag_operator to 2022-01-01 00:00:00+00:00, run_after=2022-01-01 00:00:00+00:00
[2024-03-25T20:39:29.784+0000] {logging_mixin.py:188} INFO - [2024-03-25T20:39:29.784+0000] {dag.py:3834} INFO - Setting next_dagrun for example_subdag_operator.section-1 to None, run_after=None
[2024-03-25T20:39:29.785+0000] {logging_mixin.py:188} INFO - [2024-03-25T20:39:29.785+0000] {dag.py:3834} INFO - Setting next_dagrun for example_subdag_operator.section-2 to None, run_after=None
[2024-03-25T20:39:29.790+0000] {logging_mixin.py:188} INFO - [2024-03-25T20:39:29.790+0000] {dag.py:3047} INFO - Sync 2 DAGs
[2024-03-25T20:39:29.793+0000] {logging_mixin.py:188} INFO - [2024-03-25T20:39:29.792+0000] {dag.py:3834} INFO - Setting next_dagrun for example_subdag_operator.section-1 to None, run_after=None
[2024-03-25T20:39:29.794+0000] {logging_mixin.py:188} INFO - [2024-03-25T20:39:29.794+0000] {dag.py:3834} INFO - Setting next_dagrun for example_subdag_operator.section-2 to None, run_after=None
[2024-03-25T20:39:29.799+0000] {processor.py:183} INFO - Processing /home/airflow/.local/lib/python3.8/site-packages/airflow/example_dags/example_subdag_operator.py took 0.078 seconds
[2024-03-25T20:40:00.191+0000] {processor.py:161} INFO - Started process (PID=1578) to work on /home/airflow/.local/lib/python3.8/site-packages/airflow/example_dags/example_subdag_operator.py
[2024-03-25T20:40:00.193+0000] {processor.py:830} INFO - Processing file /home/airflow/.local/lib/python3.8/site-packages/airflow/example_dags/example_subdag_operator.py for tasks to queue
[2024-03-25T20:40:00.195+0000] {logging_mixin.py:188} INFO - [2024-03-25T20:40:00.195+0000] {dagbag.py:540} INFO - Filling up the DagBag from /home/airflow/.local/lib/python3.8/site-packages/airflow/example_dags/example_subdag_operator.py
[2024-03-25T20:40:00.219+0000] {processor.py:840} INFO - DAG(s) 'example_subdag_operator.section-1', 'example_subdag_operator.section-2', 'example_subdag_operator' retrieved from /home/airflow/.local/lib/python3.8/site-packages/airflow/example_dags/example_subdag_operator.py
[2024-03-25T20:40:00.230+0000] {logging_mixin.py:188} INFO - [2024-03-25T20:40:00.230+0000] {dag.py:3047} INFO - Sync 3 DAGs
[2024-03-25T20:40:00.243+0000] {logging_mixin.py:188} INFO - [2024-03-25T20:40:00.242+0000] {dag.py:3834} INFO - Setting next_dagrun for example_subdag_operator to 2022-01-01 00:00:00+00:00, run_after=2022-01-01 00:00:00+00:00
[2024-03-25T20:40:00.245+0000] {logging_mixin.py:188} INFO - [2024-03-25T20:40:00.245+0000] {dag.py:3834} INFO - Setting next_dagrun for example_subdag_operator.section-1 to None, run_after=None
[2024-03-25T20:40:00.246+0000] {logging_mixin.py:188} INFO - [2024-03-25T20:40:00.245+0000] {dag.py:3834} INFO - Setting next_dagrun for example_subdag_operator.section-2 to None, run_after=None
[2024-03-25T20:40:00.250+0000] {logging_mixin.py:188} INFO - [2024-03-25T20:40:00.250+0000] {dag.py:3047} INFO - Sync 2 DAGs
[2024-03-25T20:40:00.253+0000] {logging_mixin.py:188} INFO - [2024-03-25T20:40:00.253+0000] {dag.py:3834} INFO - Setting next_dagrun for example_subdag_operator.section-1 to None, run_after=None
[2024-03-25T20:40:00.253+0000] {logging_mixin.py:188} INFO - [2024-03-25T20:40:00.253+0000] {dag.py:3834} INFO - Setting next_dagrun for example_subdag_operator.section-2 to None, run_after=None
[2024-03-25T20:40:00.259+0000] {processor.py:183} INFO - Processing /home/airflow/.local/lib/python3.8/site-packages/airflow/example_dags/example_subdag_operator.py took 0.072 seconds
