[2024-03-25T20:19:37.590+0000] {processor.py:161} INFO - Started process (PID=64) to work on /home/airflow/.local/lib/python3.8/site-packages/airflow/example_dags/example_python_operator.py
[2024-03-25T20:19:37.591+0000] {processor.py:830} INFO - Processing file /home/airflow/.local/lib/python3.8/site-packages/airflow/example_dags/example_python_operator.py for tasks to queue
[2024-03-25T20:19:37.592+0000] {logging_mixin.py:188} INFO - [2024-03-25T20:19:37.592+0000] {dagbag.py:540} INFO - Filling up the DagBag from /home/airflow/.local/lib/python3.8/site-packages/airflow/example_dags/example_python_operator.py
[2024-03-25T20:19:37.602+0000] {processor.py:840} INFO - DAG(s) 'example_python_operator' retrieved from /home/airflow/.local/lib/python3.8/site-packages/airflow/example_dags/example_python_operator.py
[2024-03-25T20:19:37.658+0000] {logging_mixin.py:188} INFO - [2024-03-25T20:19:37.658+0000] {dag.py:3047} INFO - Sync 1 DAGs
[2024-03-25T20:19:37.666+0000] {logging_mixin.py:188} INFO - [2024-03-25T20:19:37.666+0000] {dag.py:3834} INFO - Setting next_dagrun for example_python_operator to None, run_after=None
[2024-03-25T20:19:37.684+0000] {processor.py:183} INFO - Processing /home/airflow/.local/lib/python3.8/site-packages/airflow/example_dags/example_python_operator.py took 0.096 seconds
[2024-03-25T20:20:08.021+0000] {processor.py:161} INFO - Started process (PID=120) to work on /home/airflow/.local/lib/python3.8/site-packages/airflow/example_dags/example_python_operator.py
[2024-03-25T20:20:08.022+0000] {processor.py:830} INFO - Processing file /home/airflow/.local/lib/python3.8/site-packages/airflow/example_dags/example_python_operator.py for tasks to queue
[2024-03-25T20:20:08.023+0000] {logging_mixin.py:188} INFO - [2024-03-25T20:20:08.023+0000] {dagbag.py:540} INFO - Filling up the DagBag from /home/airflow/.local/lib/python3.8/site-packages/airflow/example_dags/example_python_operator.py
[2024-03-25T20:20:08.029+0000] {processor.py:840} INFO - DAG(s) 'example_python_operator' retrieved from /home/airflow/.local/lib/python3.8/site-packages/airflow/example_dags/example_python_operator.py
[2024-03-25T20:20:08.043+0000] {logging_mixin.py:188} INFO - [2024-03-25T20:20:08.042+0000] {dag.py:3047} INFO - Sync 1 DAGs
[2024-03-25T20:20:08.051+0000] {logging_mixin.py:188} INFO - [2024-03-25T20:20:08.051+0000] {dag.py:3834} INFO - Setting next_dagrun for example_python_operator to None, run_after=None
[2024-03-25T20:20:08.060+0000] {processor.py:183} INFO - Processing /home/airflow/.local/lib/python3.8/site-packages/airflow/example_dags/example_python_operator.py took 0.040 seconds
[2024-03-25T20:26:14.831+0000] {processor.py:161} INFO - Started process (PID=63) to work on /home/airflow/.local/lib/python3.8/site-packages/airflow/example_dags/example_python_operator.py
[2024-03-25T20:26:14.832+0000] {processor.py:830} INFO - Processing file /home/airflow/.local/lib/python3.8/site-packages/airflow/example_dags/example_python_operator.py for tasks to queue
[2024-03-25T20:26:14.833+0000] {logging_mixin.py:188} INFO - [2024-03-25T20:26:14.833+0000] {dagbag.py:540} INFO - Filling up the DagBag from /home/airflow/.local/lib/python3.8/site-packages/airflow/example_dags/example_python_operator.py
[2024-03-25T20:26:14.843+0000] {processor.py:840} INFO - DAG(s) 'example_python_operator' retrieved from /home/airflow/.local/lib/python3.8/site-packages/airflow/example_dags/example_python_operator.py
[2024-03-25T20:26:14.929+0000] {logging_mixin.py:188} INFO - [2024-03-25T20:26:14.928+0000] {dag.py:3047} INFO - Sync 1 DAGs
[2024-03-25T20:26:14.935+0000] {logging_mixin.py:188} INFO - [2024-03-25T20:26:14.935+0000] {dag.py:3834} INFO - Setting next_dagrun for example_python_operator to None, run_after=None
[2024-03-25T20:26:14.951+0000] {processor.py:183} INFO - Processing /home/airflow/.local/lib/python3.8/site-packages/airflow/example_dags/example_python_operator.py took 0.122 seconds
[2024-03-25T20:26:45.047+0000] {processor.py:161} INFO - Started process (PID=118) to work on /home/airflow/.local/lib/python3.8/site-packages/airflow/example_dags/example_python_operator.py
[2024-03-25T20:26:45.047+0000] {processor.py:830} INFO - Processing file /home/airflow/.local/lib/python3.8/site-packages/airflow/example_dags/example_python_operator.py for tasks to queue
[2024-03-25T20:26:45.048+0000] {logging_mixin.py:188} INFO - [2024-03-25T20:26:45.048+0000] {dagbag.py:540} INFO - Filling up the DagBag from /home/airflow/.local/lib/python3.8/site-packages/airflow/example_dags/example_python_operator.py
[2024-03-25T20:26:45.054+0000] {processor.py:840} INFO - DAG(s) 'example_python_operator' retrieved from /home/airflow/.local/lib/python3.8/site-packages/airflow/example_dags/example_python_operator.py
[2024-03-25T20:26:45.065+0000] {logging_mixin.py:188} INFO - [2024-03-25T20:26:45.064+0000] {dag.py:3047} INFO - Sync 1 DAGs
[2024-03-25T20:26:45.071+0000] {logging_mixin.py:188} INFO - [2024-03-25T20:26:45.070+0000] {dag.py:3834} INFO - Setting next_dagrun for example_python_operator to None, run_after=None
[2024-03-25T20:26:45.080+0000] {processor.py:183} INFO - Processing /home/airflow/.local/lib/python3.8/site-packages/airflow/example_dags/example_python_operator.py took 0.034 seconds
[2024-03-25T20:27:16.261+0000] {processor.py:161} INFO - Started process (PID=174) to work on /home/airflow/.local/lib/python3.8/site-packages/airflow/example_dags/example_python_operator.py
[2024-03-25T20:27:16.261+0000] {processor.py:830} INFO - Processing file /home/airflow/.local/lib/python3.8/site-packages/airflow/example_dags/example_python_operator.py for tasks to queue
[2024-03-25T20:27:16.262+0000] {logging_mixin.py:188} INFO - [2024-03-25T20:27:16.262+0000] {dagbag.py:540} INFO - Filling up the DagBag from /home/airflow/.local/lib/python3.8/site-packages/airflow/example_dags/example_python_operator.py
[2024-03-25T20:27:16.268+0000] {processor.py:840} INFO - DAG(s) 'example_python_operator' retrieved from /home/airflow/.local/lib/python3.8/site-packages/airflow/example_dags/example_python_operator.py
[2024-03-25T20:27:16.281+0000] {logging_mixin.py:188} INFO - [2024-03-25T20:27:16.280+0000] {dag.py:3047} INFO - Sync 1 DAGs
[2024-03-25T20:27:16.287+0000] {logging_mixin.py:188} INFO - [2024-03-25T20:27:16.286+0000] {dag.py:3834} INFO - Setting next_dagrun for example_python_operator to None, run_after=None
[2024-03-25T20:27:16.298+0000] {processor.py:183} INFO - Processing /home/airflow/.local/lib/python3.8/site-packages/airflow/example_dags/example_python_operator.py took 0.039 seconds
[2024-03-25T20:27:47.277+0000] {processor.py:161} INFO - Started process (PID=230) to work on /home/airflow/.local/lib/python3.8/site-packages/airflow/example_dags/example_python_operator.py
[2024-03-25T20:27:47.278+0000] {processor.py:830} INFO - Processing file /home/airflow/.local/lib/python3.8/site-packages/airflow/example_dags/example_python_operator.py for tasks to queue
[2024-03-25T20:27:47.279+0000] {logging_mixin.py:188} INFO - [2024-03-25T20:27:47.279+0000] {dagbag.py:540} INFO - Filling up the DagBag from /home/airflow/.local/lib/python3.8/site-packages/airflow/example_dags/example_python_operator.py
[2024-03-25T20:27:47.285+0000] {processor.py:840} INFO - DAG(s) 'example_python_operator' retrieved from /home/airflow/.local/lib/python3.8/site-packages/airflow/example_dags/example_python_operator.py
[2024-03-25T20:27:47.296+0000] {logging_mixin.py:188} INFO - [2024-03-25T20:27:47.296+0000] {dag.py:3047} INFO - Sync 1 DAGs
[2024-03-25T20:27:47.302+0000] {logging_mixin.py:188} INFO - [2024-03-25T20:27:47.302+0000] {dag.py:3834} INFO - Setting next_dagrun for example_python_operator to None, run_after=None
[2024-03-25T20:27:47.310+0000] {processor.py:183} INFO - Processing /home/airflow/.local/lib/python3.8/site-packages/airflow/example_dags/example_python_operator.py took 0.035 seconds
[2024-03-25T20:28:18.321+0000] {processor.py:161} INFO - Started process (PID=286) to work on /home/airflow/.local/lib/python3.8/site-packages/airflow/example_dags/example_python_operator.py
[2024-03-25T20:28:18.321+0000] {processor.py:830} INFO - Processing file /home/airflow/.local/lib/python3.8/site-packages/airflow/example_dags/example_python_operator.py for tasks to queue
[2024-03-25T20:28:18.323+0000] {logging_mixin.py:188} INFO - [2024-03-25T20:28:18.322+0000] {dagbag.py:540} INFO - Filling up the DagBag from /home/airflow/.local/lib/python3.8/site-packages/airflow/example_dags/example_python_operator.py
[2024-03-25T20:28:18.328+0000] {processor.py:840} INFO - DAG(s) 'example_python_operator' retrieved from /home/airflow/.local/lib/python3.8/site-packages/airflow/example_dags/example_python_operator.py
[2024-03-25T20:28:18.339+0000] {logging_mixin.py:188} INFO - [2024-03-25T20:28:18.339+0000] {dag.py:3047} INFO - Sync 1 DAGs
[2024-03-25T20:28:18.345+0000] {logging_mixin.py:188} INFO - [2024-03-25T20:28:18.344+0000] {dag.py:3834} INFO - Setting next_dagrun for example_python_operator to None, run_after=None
[2024-03-25T20:28:18.353+0000] {processor.py:183} INFO - Processing /home/airflow/.local/lib/python3.8/site-packages/airflow/example_dags/example_python_operator.py took 0.034 seconds
[2024-03-25T20:28:48.513+0000] {processor.py:161} INFO - Started process (PID=341) to work on /home/airflow/.local/lib/python3.8/site-packages/airflow/example_dags/example_python_operator.py
[2024-03-25T20:28:48.514+0000] {processor.py:830} INFO - Processing file /home/airflow/.local/lib/python3.8/site-packages/airflow/example_dags/example_python_operator.py for tasks to queue
[2024-03-25T20:28:48.515+0000] {logging_mixin.py:188} INFO - [2024-03-25T20:28:48.514+0000] {dagbag.py:540} INFO - Filling up the DagBag from /home/airflow/.local/lib/python3.8/site-packages/airflow/example_dags/example_python_operator.py
[2024-03-25T20:28:48.521+0000] {processor.py:840} INFO - DAG(s) 'example_python_operator' retrieved from /home/airflow/.local/lib/python3.8/site-packages/airflow/example_dags/example_python_operator.py
[2024-03-25T20:28:48.532+0000] {logging_mixin.py:188} INFO - [2024-03-25T20:28:48.532+0000] {dag.py:3047} INFO - Sync 1 DAGs
[2024-03-25T20:28:48.538+0000] {logging_mixin.py:188} INFO - [2024-03-25T20:28:48.538+0000] {dag.py:3834} INFO - Setting next_dagrun for example_python_operator to None, run_after=None
[2024-03-25T20:28:48.546+0000] {processor.py:183} INFO - Processing /home/airflow/.local/lib/python3.8/site-packages/airflow/example_dags/example_python_operator.py took 0.035 seconds
[2024-03-25T20:29:18.750+0000] {processor.py:161} INFO - Started process (PID=397) to work on /home/airflow/.local/lib/python3.8/site-packages/airflow/example_dags/example_python_operator.py
[2024-03-25T20:29:18.751+0000] {processor.py:830} INFO - Processing file /home/airflow/.local/lib/python3.8/site-packages/airflow/example_dags/example_python_operator.py for tasks to queue
[2024-03-25T20:29:18.755+0000] {logging_mixin.py:188} INFO - [2024-03-25T20:29:18.755+0000] {dagbag.py:540} INFO - Filling up the DagBag from /home/airflow/.local/lib/python3.8/site-packages/airflow/example_dags/example_python_operator.py
[2024-03-25T20:29:18.762+0000] {processor.py:840} INFO - DAG(s) 'example_python_operator' retrieved from /home/airflow/.local/lib/python3.8/site-packages/airflow/example_dags/example_python_operator.py
[2024-03-25T20:29:18.776+0000] {logging_mixin.py:188} INFO - [2024-03-25T20:29:18.776+0000] {dag.py:3047} INFO - Sync 1 DAGs
[2024-03-25T20:29:18.783+0000] {logging_mixin.py:188} INFO - [2024-03-25T20:29:18.783+0000] {dag.py:3834} INFO - Setting next_dagrun for example_python_operator to None, run_after=None
[2024-03-25T20:29:18.811+0000] {processor.py:183} INFO - Processing /home/airflow/.local/lib/python3.8/site-packages/airflow/example_dags/example_python_operator.py took 0.064 seconds
[2024-03-25T20:29:49.028+0000] {processor.py:161} INFO - Started process (PID=453) to work on /home/airflow/.local/lib/python3.8/site-packages/airflow/example_dags/example_python_operator.py
[2024-03-25T20:29:49.029+0000] {processor.py:830} INFO - Processing file /home/airflow/.local/lib/python3.8/site-packages/airflow/example_dags/example_python_operator.py for tasks to queue
[2024-03-25T20:29:49.030+0000] {logging_mixin.py:188} INFO - [2024-03-25T20:29:49.030+0000] {dagbag.py:540} INFO - Filling up the DagBag from /home/airflow/.local/lib/python3.8/site-packages/airflow/example_dags/example_python_operator.py
[2024-03-25T20:29:49.035+0000] {processor.py:840} INFO - DAG(s) 'example_python_operator' retrieved from /home/airflow/.local/lib/python3.8/site-packages/airflow/example_dags/example_python_operator.py
[2024-03-25T20:29:49.046+0000] {logging_mixin.py:188} INFO - [2024-03-25T20:29:49.046+0000] {dag.py:3047} INFO - Sync 1 DAGs
[2024-03-25T20:29:49.053+0000] {logging_mixin.py:188} INFO - [2024-03-25T20:29:49.053+0000] {dag.py:3834} INFO - Setting next_dagrun for example_python_operator to None, run_after=None
[2024-03-25T20:29:49.061+0000] {processor.py:183} INFO - Processing /home/airflow/.local/lib/python3.8/site-packages/airflow/example_dags/example_python_operator.py took 0.034 seconds
[2024-03-25T20:30:19.288+0000] {processor.py:161} INFO - Started process (PID=518) to work on /home/airflow/.local/lib/python3.8/site-packages/airflow/example_dags/example_python_operator.py
[2024-03-25T20:30:19.288+0000] {processor.py:830} INFO - Processing file /home/airflow/.local/lib/python3.8/site-packages/airflow/example_dags/example_python_operator.py for tasks to queue
[2024-03-25T20:30:19.289+0000] {logging_mixin.py:188} INFO - [2024-03-25T20:30:19.289+0000] {dagbag.py:540} INFO - Filling up the DagBag from /home/airflow/.local/lib/python3.8/site-packages/airflow/example_dags/example_python_operator.py
[2024-03-25T20:30:19.295+0000] {processor.py:840} INFO - DAG(s) 'example_python_operator' retrieved from /home/airflow/.local/lib/python3.8/site-packages/airflow/example_dags/example_python_operator.py
[2024-03-25T20:30:19.307+0000] {logging_mixin.py:188} INFO - [2024-03-25T20:30:19.307+0000] {dag.py:3047} INFO - Sync 1 DAGs
[2024-03-25T20:30:19.314+0000] {logging_mixin.py:188} INFO - [2024-03-25T20:30:19.314+0000] {dag.py:3834} INFO - Setting next_dagrun for example_python_operator to None, run_after=None
[2024-03-25T20:30:19.324+0000] {processor.py:183} INFO - Processing /home/airflow/.local/lib/python3.8/site-packages/airflow/example_dags/example_python_operator.py took 0.038 seconds
[2024-03-25T20:30:49.345+0000] {processor.py:161} INFO - Started process (PID=574) to work on /home/airflow/.local/lib/python3.8/site-packages/airflow/example_dags/example_python_operator.py
[2024-03-25T20:30:49.345+0000] {processor.py:830} INFO - Processing file /home/airflow/.local/lib/python3.8/site-packages/airflow/example_dags/example_python_operator.py for tasks to queue
[2024-03-25T20:30:49.346+0000] {logging_mixin.py:188} INFO - [2024-03-25T20:30:49.346+0000] {dagbag.py:540} INFO - Filling up the DagBag from /home/airflow/.local/lib/python3.8/site-packages/airflow/example_dags/example_python_operator.py
[2024-03-25T20:30:49.353+0000] {processor.py:840} INFO - DAG(s) 'example_python_operator' retrieved from /home/airflow/.local/lib/python3.8/site-packages/airflow/example_dags/example_python_operator.py
[2024-03-25T20:30:49.365+0000] {logging_mixin.py:188} INFO - [2024-03-25T20:30:49.365+0000] {dag.py:3047} INFO - Sync 1 DAGs
[2024-03-25T20:30:49.373+0000] {logging_mixin.py:188} INFO - [2024-03-25T20:30:49.372+0000] {dag.py:3834} INFO - Setting next_dagrun for example_python_operator to None, run_after=None
[2024-03-25T20:30:49.382+0000] {processor.py:183} INFO - Processing /home/airflow/.local/lib/python3.8/site-packages/airflow/example_dags/example_python_operator.py took 0.039 seconds
[2024-03-25T20:31:20.278+0000] {processor.py:161} INFO - Started process (PID=630) to work on /home/airflow/.local/lib/python3.8/site-packages/airflow/example_dags/example_python_operator.py
[2024-03-25T20:31:20.279+0000] {processor.py:830} INFO - Processing file /home/airflow/.local/lib/python3.8/site-packages/airflow/example_dags/example_python_operator.py for tasks to queue
[2024-03-25T20:31:20.280+0000] {logging_mixin.py:188} INFO - [2024-03-25T20:31:20.280+0000] {dagbag.py:540} INFO - Filling up the DagBag from /home/airflow/.local/lib/python3.8/site-packages/airflow/example_dags/example_python_operator.py
[2024-03-25T20:31:20.286+0000] {processor.py:840} INFO - DAG(s) 'example_python_operator' retrieved from /home/airflow/.local/lib/python3.8/site-packages/airflow/example_dags/example_python_operator.py
[2024-03-25T20:31:20.297+0000] {logging_mixin.py:188} INFO - [2024-03-25T20:31:20.297+0000] {dag.py:3047} INFO - Sync 1 DAGs
[2024-03-25T20:31:20.303+0000] {logging_mixin.py:188} INFO - [2024-03-25T20:31:20.303+0000] {dag.py:3834} INFO - Setting next_dagrun for example_python_operator to None, run_after=None
[2024-03-25T20:31:20.311+0000] {processor.py:183} INFO - Processing /home/airflow/.local/lib/python3.8/site-packages/airflow/example_dags/example_python_operator.py took 0.035 seconds
[2024-03-25T20:31:51.107+0000] {processor.py:161} INFO - Started process (PID=686) to work on /home/airflow/.local/lib/python3.8/site-packages/airflow/example_dags/example_python_operator.py
[2024-03-25T20:31:51.107+0000] {processor.py:830} INFO - Processing file /home/airflow/.local/lib/python3.8/site-packages/airflow/example_dags/example_python_operator.py for tasks to queue
[2024-03-25T20:31:51.109+0000] {logging_mixin.py:188} INFO - [2024-03-25T20:31:51.108+0000] {dagbag.py:540} INFO - Filling up the DagBag from /home/airflow/.local/lib/python3.8/site-packages/airflow/example_dags/example_python_operator.py
[2024-03-25T20:31:51.115+0000] {processor.py:840} INFO - DAG(s) 'example_python_operator' retrieved from /home/airflow/.local/lib/python3.8/site-packages/airflow/example_dags/example_python_operator.py
[2024-03-25T20:31:51.124+0000] {logging_mixin.py:188} INFO - [2024-03-25T20:31:51.124+0000] {dag.py:3047} INFO - Sync 1 DAGs
[2024-03-25T20:31:51.130+0000] {logging_mixin.py:188} INFO - [2024-03-25T20:31:51.130+0000] {dag.py:3834} INFO - Setting next_dagrun for example_python_operator to None, run_after=None
[2024-03-25T20:31:51.137+0000] {processor.py:183} INFO - Processing /home/airflow/.local/lib/python3.8/site-packages/airflow/example_dags/example_python_operator.py took 0.033 seconds
[2024-03-25T20:32:21.572+0000] {processor.py:161} INFO - Started process (PID=742) to work on /home/airflow/.local/lib/python3.8/site-packages/airflow/example_dags/example_python_operator.py
[2024-03-25T20:32:21.575+0000] {processor.py:830} INFO - Processing file /home/airflow/.local/lib/python3.8/site-packages/airflow/example_dags/example_python_operator.py for tasks to queue
[2024-03-25T20:32:21.577+0000] {logging_mixin.py:188} INFO - [2024-03-25T20:32:21.576+0000] {dagbag.py:540} INFO - Filling up the DagBag from /home/airflow/.local/lib/python3.8/site-packages/airflow/example_dags/example_python_operator.py
[2024-03-25T20:32:21.582+0000] {processor.py:840} INFO - DAG(s) 'example_python_operator' retrieved from /home/airflow/.local/lib/python3.8/site-packages/airflow/example_dags/example_python_operator.py
[2024-03-25T20:32:21.592+0000] {logging_mixin.py:188} INFO - [2024-03-25T20:32:21.592+0000] {dag.py:3047} INFO - Sync 1 DAGs
[2024-03-25T20:32:21.597+0000] {logging_mixin.py:188} INFO - [2024-03-25T20:32:21.597+0000] {dag.py:3834} INFO - Setting next_dagrun for example_python_operator to None, run_after=None
[2024-03-25T20:32:21.605+0000] {processor.py:183} INFO - Processing /home/airflow/.local/lib/python3.8/site-packages/airflow/example_dags/example_python_operator.py took 0.034 seconds
[2024-03-25T20:32:52.128+0000] {processor.py:161} INFO - Started process (PID=798) to work on /home/airflow/.local/lib/python3.8/site-packages/airflow/example_dags/example_python_operator.py
[2024-03-25T20:32:52.129+0000] {processor.py:830} INFO - Processing file /home/airflow/.local/lib/python3.8/site-packages/airflow/example_dags/example_python_operator.py for tasks to queue
[2024-03-25T20:32:52.130+0000] {logging_mixin.py:188} INFO - [2024-03-25T20:32:52.130+0000] {dagbag.py:540} INFO - Filling up the DagBag from /home/airflow/.local/lib/python3.8/site-packages/airflow/example_dags/example_python_operator.py
[2024-03-25T20:32:52.136+0000] {processor.py:840} INFO - DAG(s) 'example_python_operator' retrieved from /home/airflow/.local/lib/python3.8/site-packages/airflow/example_dags/example_python_operator.py
[2024-03-25T20:32:52.147+0000] {logging_mixin.py:188} INFO - [2024-03-25T20:32:52.147+0000] {dag.py:3047} INFO - Sync 1 DAGs
[2024-03-25T20:32:52.153+0000] {logging_mixin.py:188} INFO - [2024-03-25T20:32:52.152+0000] {dag.py:3834} INFO - Setting next_dagrun for example_python_operator to None, run_after=None
[2024-03-25T20:32:52.162+0000] {processor.py:183} INFO - Processing /home/airflow/.local/lib/python3.8/site-packages/airflow/example_dags/example_python_operator.py took 0.035 seconds
[2024-03-25T20:33:22.623+0000] {processor.py:161} INFO - Started process (PID=854) to work on /home/airflow/.local/lib/python3.8/site-packages/airflow/example_dags/example_python_operator.py
[2024-03-25T20:33:22.624+0000] {processor.py:830} INFO - Processing file /home/airflow/.local/lib/python3.8/site-packages/airflow/example_dags/example_python_operator.py for tasks to queue
[2024-03-25T20:33:22.625+0000] {logging_mixin.py:188} INFO - [2024-03-25T20:33:22.625+0000] {dagbag.py:540} INFO - Filling up the DagBag from /home/airflow/.local/lib/python3.8/site-packages/airflow/example_dags/example_python_operator.py
[2024-03-25T20:33:22.632+0000] {processor.py:840} INFO - DAG(s) 'example_python_operator' retrieved from /home/airflow/.local/lib/python3.8/site-packages/airflow/example_dags/example_python_operator.py
[2024-03-25T20:33:22.642+0000] {logging_mixin.py:188} INFO - [2024-03-25T20:33:22.642+0000] {dag.py:3047} INFO - Sync 1 DAGs
[2024-03-25T20:33:22.648+0000] {logging_mixin.py:188} INFO - [2024-03-25T20:33:22.648+0000] {dag.py:3834} INFO - Setting next_dagrun for example_python_operator to None, run_after=None
[2024-03-25T20:33:22.657+0000] {processor.py:183} INFO - Processing /home/airflow/.local/lib/python3.8/site-packages/airflow/example_dags/example_python_operator.py took 0.035 seconds
[2024-03-25T20:33:53.054+0000] {processor.py:161} INFO - Started process (PID=910) to work on /home/airflow/.local/lib/python3.8/site-packages/airflow/example_dags/example_python_operator.py
[2024-03-25T20:33:53.054+0000] {processor.py:830} INFO - Processing file /home/airflow/.local/lib/python3.8/site-packages/airflow/example_dags/example_python_operator.py for tasks to queue
[2024-03-25T20:33:53.055+0000] {logging_mixin.py:188} INFO - [2024-03-25T20:33:53.055+0000] {dagbag.py:540} INFO - Filling up the DagBag from /home/airflow/.local/lib/python3.8/site-packages/airflow/example_dags/example_python_operator.py
[2024-03-25T20:33:53.062+0000] {processor.py:840} INFO - DAG(s) 'example_python_operator' retrieved from /home/airflow/.local/lib/python3.8/site-packages/airflow/example_dags/example_python_operator.py
[2024-03-25T20:33:53.073+0000] {logging_mixin.py:188} INFO - [2024-03-25T20:33:53.073+0000] {dag.py:3047} INFO - Sync 1 DAGs
[2024-03-25T20:33:53.079+0000] {logging_mixin.py:188} INFO - [2024-03-25T20:33:53.079+0000] {dag.py:3834} INFO - Setting next_dagrun for example_python_operator to None, run_after=None
[2024-03-25T20:33:53.087+0000] {processor.py:183} INFO - Processing /home/airflow/.local/lib/python3.8/site-packages/airflow/example_dags/example_python_operator.py took 0.036 seconds
[2024-03-25T20:34:23.805+0000] {processor.py:161} INFO - Started process (PID=965) to work on /home/airflow/.local/lib/python3.8/site-packages/airflow/example_dags/example_python_operator.py
[2024-03-25T20:34:23.806+0000] {processor.py:830} INFO - Processing file /home/airflow/.local/lib/python3.8/site-packages/airflow/example_dags/example_python_operator.py for tasks to queue
[2024-03-25T20:34:23.807+0000] {logging_mixin.py:188} INFO - [2024-03-25T20:34:23.807+0000] {dagbag.py:540} INFO - Filling up the DagBag from /home/airflow/.local/lib/python3.8/site-packages/airflow/example_dags/example_python_operator.py
[2024-03-25T20:34:23.814+0000] {processor.py:840} INFO - DAG(s) 'example_python_operator' retrieved from /home/airflow/.local/lib/python3.8/site-packages/airflow/example_dags/example_python_operator.py
[2024-03-25T20:34:23.826+0000] {logging_mixin.py:188} INFO - [2024-03-25T20:34:23.826+0000] {dag.py:3047} INFO - Sync 1 DAGs
[2024-03-25T20:34:23.833+0000] {logging_mixin.py:188} INFO - [2024-03-25T20:34:23.833+0000] {dag.py:3834} INFO - Setting next_dagrun for example_python_operator to None, run_after=None
[2024-03-25T20:34:23.843+0000] {processor.py:183} INFO - Processing /home/airflow/.local/lib/python3.8/site-packages/airflow/example_dags/example_python_operator.py took 0.040 seconds
[2024-03-25T20:34:54.551+0000] {processor.py:161} INFO - Started process (PID=1021) to work on /home/airflow/.local/lib/python3.8/site-packages/airflow/example_dags/example_python_operator.py
[2024-03-25T20:34:54.551+0000] {processor.py:830} INFO - Processing file /home/airflow/.local/lib/python3.8/site-packages/airflow/example_dags/example_python_operator.py for tasks to queue
[2024-03-25T20:34:54.552+0000] {logging_mixin.py:188} INFO - [2024-03-25T20:34:54.552+0000] {dagbag.py:540} INFO - Filling up the DagBag from /home/airflow/.local/lib/python3.8/site-packages/airflow/example_dags/example_python_operator.py
[2024-03-25T20:34:54.558+0000] {processor.py:840} INFO - DAG(s) 'example_python_operator' retrieved from /home/airflow/.local/lib/python3.8/site-packages/airflow/example_dags/example_python_operator.py
[2024-03-25T20:34:54.568+0000] {logging_mixin.py:188} INFO - [2024-03-25T20:34:54.568+0000] {dag.py:3047} INFO - Sync 1 DAGs
[2024-03-25T20:34:54.574+0000] {logging_mixin.py:188} INFO - [2024-03-25T20:34:54.574+0000] {dag.py:3834} INFO - Setting next_dagrun for example_python_operator to None, run_after=None
[2024-03-25T20:34:54.582+0000] {processor.py:183} INFO - Processing /home/airflow/.local/lib/python3.8/site-packages/airflow/example_dags/example_python_operator.py took 0.033 seconds
[2024-03-25T20:35:24.990+0000] {processor.py:161} INFO - Started process (PID=1077) to work on /home/airflow/.local/lib/python3.8/site-packages/airflow/example_dags/example_python_operator.py
[2024-03-25T20:35:24.990+0000] {processor.py:830} INFO - Processing file /home/airflow/.local/lib/python3.8/site-packages/airflow/example_dags/example_python_operator.py for tasks to queue
[2024-03-25T20:35:24.991+0000] {logging_mixin.py:188} INFO - [2024-03-25T20:35:24.991+0000] {dagbag.py:540} INFO - Filling up the DagBag from /home/airflow/.local/lib/python3.8/site-packages/airflow/example_dags/example_python_operator.py
[2024-03-25T20:35:24.997+0000] {processor.py:840} INFO - DAG(s) 'example_python_operator' retrieved from /home/airflow/.local/lib/python3.8/site-packages/airflow/example_dags/example_python_operator.py
[2024-03-25T20:35:25.008+0000] {logging_mixin.py:188} INFO - [2024-03-25T20:35:25.008+0000] {dag.py:3047} INFO - Sync 1 DAGs
[2024-03-25T20:35:25.013+0000] {logging_mixin.py:188} INFO - [2024-03-25T20:35:25.013+0000] {dag.py:3834} INFO - Setting next_dagrun for example_python_operator to None, run_after=None
[2024-03-25T20:35:25.021+0000] {processor.py:183} INFO - Processing /home/airflow/.local/lib/python3.8/site-packages/airflow/example_dags/example_python_operator.py took 0.033 seconds
[2024-03-25T20:35:55.600+0000] {processor.py:161} INFO - Started process (PID=1133) to work on /home/airflow/.local/lib/python3.8/site-packages/airflow/example_dags/example_python_operator.py
[2024-03-25T20:35:55.601+0000] {processor.py:830} INFO - Processing file /home/airflow/.local/lib/python3.8/site-packages/airflow/example_dags/example_python_operator.py for tasks to queue
[2024-03-25T20:35:55.605+0000] {logging_mixin.py:188} INFO - [2024-03-25T20:35:55.604+0000] {dagbag.py:540} INFO - Filling up the DagBag from /home/airflow/.local/lib/python3.8/site-packages/airflow/example_dags/example_python_operator.py
[2024-03-25T20:35:55.611+0000] {processor.py:840} INFO - DAG(s) 'example_python_operator' retrieved from /home/airflow/.local/lib/python3.8/site-packages/airflow/example_dags/example_python_operator.py
[2024-03-25T20:35:55.621+0000] {logging_mixin.py:188} INFO - [2024-03-25T20:35:55.621+0000] {dag.py:3047} INFO - Sync 1 DAGs
[2024-03-25T20:35:55.627+0000] {logging_mixin.py:188} INFO - [2024-03-25T20:35:55.627+0000] {dag.py:3834} INFO - Setting next_dagrun for example_python_operator to None, run_after=None
[2024-03-25T20:35:55.635+0000] {processor.py:183} INFO - Processing /home/airflow/.local/lib/python3.8/site-packages/airflow/example_dags/example_python_operator.py took 0.037 seconds
[2024-03-25T20:36:26.122+0000] {processor.py:161} INFO - Started process (PID=1189) to work on /home/airflow/.local/lib/python3.8/site-packages/airflow/example_dags/example_python_operator.py
[2024-03-25T20:36:26.122+0000] {processor.py:830} INFO - Processing file /home/airflow/.local/lib/python3.8/site-packages/airflow/example_dags/example_python_operator.py for tasks to queue
[2024-03-25T20:36:26.123+0000] {logging_mixin.py:188} INFO - [2024-03-25T20:36:26.123+0000] {dagbag.py:540} INFO - Filling up the DagBag from /home/airflow/.local/lib/python3.8/site-packages/airflow/example_dags/example_python_operator.py
[2024-03-25T20:36:26.129+0000] {processor.py:840} INFO - DAG(s) 'example_python_operator' retrieved from /home/airflow/.local/lib/python3.8/site-packages/airflow/example_dags/example_python_operator.py
[2024-03-25T20:36:26.140+0000] {logging_mixin.py:188} INFO - [2024-03-25T20:36:26.140+0000] {dag.py:3047} INFO - Sync 1 DAGs
[2024-03-25T20:36:26.146+0000] {logging_mixin.py:188} INFO - [2024-03-25T20:36:26.145+0000] {dag.py:3834} INFO - Setting next_dagrun for example_python_operator to None, run_after=None
[2024-03-25T20:36:26.153+0000] {processor.py:183} INFO - Processing /home/airflow/.local/lib/python3.8/site-packages/airflow/example_dags/example_python_operator.py took 0.033 seconds
[2024-03-25T20:36:56.757+0000] {processor.py:161} INFO - Started process (PID=1244) to work on /home/airflow/.local/lib/python3.8/site-packages/airflow/example_dags/example_python_operator.py
[2024-03-25T20:36:56.757+0000] {processor.py:830} INFO - Processing file /home/airflow/.local/lib/python3.8/site-packages/airflow/example_dags/example_python_operator.py for tasks to queue
[2024-03-25T20:36:56.758+0000] {logging_mixin.py:188} INFO - [2024-03-25T20:36:56.758+0000] {dagbag.py:540} INFO - Filling up the DagBag from /home/airflow/.local/lib/python3.8/site-packages/airflow/example_dags/example_python_operator.py
[2024-03-25T20:36:56.765+0000] {processor.py:840} INFO - DAG(s) 'example_python_operator' retrieved from /home/airflow/.local/lib/python3.8/site-packages/airflow/example_dags/example_python_operator.py
[2024-03-25T20:36:56.776+0000] {logging_mixin.py:188} INFO - [2024-03-25T20:36:56.776+0000] {dag.py:3047} INFO - Sync 1 DAGs
[2024-03-25T20:36:56.782+0000] {logging_mixin.py:188} INFO - [2024-03-25T20:36:56.782+0000] {dag.py:3834} INFO - Setting next_dagrun for example_python_operator to None, run_after=None
[2024-03-25T20:36:56.789+0000] {processor.py:183} INFO - Processing /home/airflow/.local/lib/python3.8/site-packages/airflow/example_dags/example_python_operator.py took 0.034 seconds
[2024-03-25T20:37:27.390+0000] {processor.py:161} INFO - Started process (PID=1300) to work on /home/airflow/.local/lib/python3.8/site-packages/airflow/example_dags/example_python_operator.py
[2024-03-25T20:37:27.391+0000] {processor.py:830} INFO - Processing file /home/airflow/.local/lib/python3.8/site-packages/airflow/example_dags/example_python_operator.py for tasks to queue
[2024-03-25T20:37:27.392+0000] {logging_mixin.py:188} INFO - [2024-03-25T20:37:27.392+0000] {dagbag.py:540} INFO - Filling up the DagBag from /home/airflow/.local/lib/python3.8/site-packages/airflow/example_dags/example_python_operator.py
[2024-03-25T20:37:27.398+0000] {processor.py:840} INFO - DAG(s) 'example_python_operator' retrieved from /home/airflow/.local/lib/python3.8/site-packages/airflow/example_dags/example_python_operator.py
[2024-03-25T20:37:27.408+0000] {logging_mixin.py:188} INFO - [2024-03-25T20:37:27.408+0000] {dag.py:3047} INFO - Sync 1 DAGs
[2024-03-25T20:37:27.414+0000] {logging_mixin.py:188} INFO - [2024-03-25T20:37:27.414+0000] {dag.py:3834} INFO - Setting next_dagrun for example_python_operator to None, run_after=None
[2024-03-25T20:37:27.422+0000] {processor.py:183} INFO - Processing /home/airflow/.local/lib/python3.8/site-packages/airflow/example_dags/example_python_operator.py took 0.034 seconds
[2024-03-25T20:37:58.161+0000] {processor.py:161} INFO - Started process (PID=1356) to work on /home/airflow/.local/lib/python3.8/site-packages/airflow/example_dags/example_python_operator.py
[2024-03-25T20:37:58.162+0000] {processor.py:830} INFO - Processing file /home/airflow/.local/lib/python3.8/site-packages/airflow/example_dags/example_python_operator.py for tasks to queue
[2024-03-25T20:37:58.163+0000] {logging_mixin.py:188} INFO - [2024-03-25T20:37:58.163+0000] {dagbag.py:540} INFO - Filling up the DagBag from /home/airflow/.local/lib/python3.8/site-packages/airflow/example_dags/example_python_operator.py
[2024-03-25T20:37:58.170+0000] {processor.py:840} INFO - DAG(s) 'example_python_operator' retrieved from /home/airflow/.local/lib/python3.8/site-packages/airflow/example_dags/example_python_operator.py
[2024-03-25T20:37:58.180+0000] {logging_mixin.py:188} INFO - [2024-03-25T20:37:58.180+0000] {dag.py:3047} INFO - Sync 1 DAGs
[2024-03-25T20:37:58.187+0000] {logging_mixin.py:188} INFO - [2024-03-25T20:37:58.186+0000] {dag.py:3834} INFO - Setting next_dagrun for example_python_operator to None, run_after=None
[2024-03-25T20:37:58.196+0000] {processor.py:183} INFO - Processing /home/airflow/.local/lib/python3.8/site-packages/airflow/example_dags/example_python_operator.py took 0.036 seconds
[2024-03-25T20:38:28.672+0000] {processor.py:161} INFO - Started process (PID=1412) to work on /home/airflow/.local/lib/python3.8/site-packages/airflow/example_dags/example_python_operator.py
[2024-03-25T20:38:28.673+0000] {processor.py:830} INFO - Processing file /home/airflow/.local/lib/python3.8/site-packages/airflow/example_dags/example_python_operator.py for tasks to queue
[2024-03-25T20:38:28.674+0000] {logging_mixin.py:188} INFO - [2024-03-25T20:38:28.674+0000] {dagbag.py:540} INFO - Filling up the DagBag from /home/airflow/.local/lib/python3.8/site-packages/airflow/example_dags/example_python_operator.py
[2024-03-25T20:38:28.680+0000] {processor.py:840} INFO - DAG(s) 'example_python_operator' retrieved from /home/airflow/.local/lib/python3.8/site-packages/airflow/example_dags/example_python_operator.py
[2024-03-25T20:38:28.690+0000] {logging_mixin.py:188} INFO - [2024-03-25T20:38:28.690+0000] {dag.py:3047} INFO - Sync 1 DAGs
[2024-03-25T20:38:28.695+0000] {logging_mixin.py:188} INFO - [2024-03-25T20:38:28.695+0000] {dag.py:3834} INFO - Setting next_dagrun for example_python_operator to None, run_after=None
[2024-03-25T20:38:28.703+0000] {processor.py:183} INFO - Processing /home/airflow/.local/lib/python3.8/site-packages/airflow/example_dags/example_python_operator.py took 0.033 seconds
[2024-03-25T20:38:59.110+0000] {processor.py:161} INFO - Started process (PID=1468) to work on /home/airflow/.local/lib/python3.8/site-packages/airflow/example_dags/example_python_operator.py
[2024-03-25T20:38:59.110+0000] {processor.py:830} INFO - Processing file /home/airflow/.local/lib/python3.8/site-packages/airflow/example_dags/example_python_operator.py for tasks to queue
[2024-03-25T20:38:59.112+0000] {logging_mixin.py:188} INFO - [2024-03-25T20:38:59.112+0000] {dagbag.py:540} INFO - Filling up the DagBag from /home/airflow/.local/lib/python3.8/site-packages/airflow/example_dags/example_python_operator.py
[2024-03-25T20:38:59.117+0000] {processor.py:840} INFO - DAG(s) 'example_python_operator' retrieved from /home/airflow/.local/lib/python3.8/site-packages/airflow/example_dags/example_python_operator.py
[2024-03-25T20:38:59.127+0000] {logging_mixin.py:188} INFO - [2024-03-25T20:38:59.127+0000] {dag.py:3047} INFO - Sync 1 DAGs
[2024-03-25T20:38:59.133+0000] {logging_mixin.py:188} INFO - [2024-03-25T20:38:59.133+0000] {dag.py:3834} INFO - Setting next_dagrun for example_python_operator to None, run_after=None
[2024-03-25T20:38:59.140+0000] {processor.py:183} INFO - Processing /home/airflow/.local/lib/python3.8/site-packages/airflow/example_dags/example_python_operator.py took 0.033 seconds
[2024-03-25T20:39:29.797+0000] {processor.py:161} INFO - Started process (PID=1524) to work on /home/airflow/.local/lib/python3.8/site-packages/airflow/example_dags/example_python_operator.py
[2024-03-25T20:39:29.798+0000] {processor.py:830} INFO - Processing file /home/airflow/.local/lib/python3.8/site-packages/airflow/example_dags/example_python_operator.py for tasks to queue
[2024-03-25T20:39:29.799+0000] {logging_mixin.py:188} INFO - [2024-03-25T20:39:29.799+0000] {dagbag.py:540} INFO - Filling up the DagBag from /home/airflow/.local/lib/python3.8/site-packages/airflow/example_dags/example_python_operator.py
[2024-03-25T20:39:29.805+0000] {processor.py:840} INFO - DAG(s) 'example_python_operator' retrieved from /home/airflow/.local/lib/python3.8/site-packages/airflow/example_dags/example_python_operator.py
[2024-03-25T20:39:29.815+0000] {logging_mixin.py:188} INFO - [2024-03-25T20:39:29.815+0000] {dag.py:3047} INFO - Sync 1 DAGs
[2024-03-25T20:39:29.821+0000] {logging_mixin.py:188} INFO - [2024-03-25T20:39:29.821+0000] {dag.py:3834} INFO - Setting next_dagrun for example_python_operator to None, run_after=None
[2024-03-25T20:39:29.829+0000] {processor.py:183} INFO - Processing /home/airflow/.local/lib/python3.8/site-packages/airflow/example_dags/example_python_operator.py took 0.033 seconds
[2024-03-25T20:40:00.256+0000] {processor.py:161} INFO - Started process (PID=1580) to work on /home/airflow/.local/lib/python3.8/site-packages/airflow/example_dags/example_python_operator.py
[2024-03-25T20:40:00.257+0000] {processor.py:830} INFO - Processing file /home/airflow/.local/lib/python3.8/site-packages/airflow/example_dags/example_python_operator.py for tasks to queue
[2024-03-25T20:40:00.258+0000] {logging_mixin.py:188} INFO - [2024-03-25T20:40:00.258+0000] {dagbag.py:540} INFO - Filling up the DagBag from /home/airflow/.local/lib/python3.8/site-packages/airflow/example_dags/example_python_operator.py
[2024-03-25T20:40:00.264+0000] {processor.py:840} INFO - DAG(s) 'example_python_operator' retrieved from /home/airflow/.local/lib/python3.8/site-packages/airflow/example_dags/example_python_operator.py
[2024-03-25T20:40:00.274+0000] {logging_mixin.py:188} INFO - [2024-03-25T20:40:00.274+0000] {dag.py:3047} INFO - Sync 1 DAGs
[2024-03-25T20:40:00.280+0000] {logging_mixin.py:188} INFO - [2024-03-25T20:40:00.280+0000] {dag.py:3834} INFO - Setting next_dagrun for example_python_operator to None, run_after=None
[2024-03-25T20:40:00.288+0000] {processor.py:183} INFO - Processing /home/airflow/.local/lib/python3.8/site-packages/airflow/example_dags/example_python_operator.py took 0.034 seconds
