[2024-03-25T20:19:38.036+0000] {processor.py:161} INFO - Started process (PID=73) to work on /home/airflow/.local/lib/python3.8/site-packages/airflow/example_dags/example_complex.py
[2024-03-25T20:19:38.037+0000] {processor.py:830} INFO - Processing file /home/airflow/.local/lib/python3.8/site-packages/airflow/example_dags/example_complex.py for tasks to queue
[2024-03-25T20:19:38.039+0000] {logging_mixin.py:188} INFO - [2024-03-25T20:19:38.038+0000] {dagbag.py:540} INFO - Filling up the DagBag from /home/airflow/.local/lib/python3.8/site-packages/airflow/example_dags/example_complex.py
[2024-03-25T20:19:38.047+0000] {processor.py:840} INFO - DAG(s) 'example_complex' retrieved from /home/airflow/.local/lib/python3.8/site-packages/airflow/example_dags/example_complex.py
[2024-03-25T20:19:38.068+0000] {logging_mixin.py:188} INFO - [2024-03-25T20:19:38.068+0000] {dag.py:3047} INFO - Sync 1 DAGs
[2024-03-25T20:19:38.075+0000] {logging_mixin.py:188} INFO - [2024-03-25T20:19:38.075+0000] {dag.py:3834} INFO - Setting next_dagrun for example_complex to None, run_after=None
[2024-03-25T20:19:38.085+0000] {processor.py:183} INFO - Processing /home/airflow/.local/lib/python3.8/site-packages/airflow/example_dags/example_complex.py took 0.052 seconds
[2024-03-25T20:20:08.318+0000] {processor.py:161} INFO - Started process (PID=129) to work on /home/airflow/.local/lib/python3.8/site-packages/airflow/example_dags/example_complex.py
[2024-03-25T20:20:08.319+0000] {processor.py:830} INFO - Processing file /home/airflow/.local/lib/python3.8/site-packages/airflow/example_dags/example_complex.py for tasks to queue
[2024-03-25T20:20:08.320+0000] {logging_mixin.py:188} INFO - [2024-03-25T20:20:08.320+0000] {dagbag.py:540} INFO - Filling up the DagBag from /home/airflow/.local/lib/python3.8/site-packages/airflow/example_dags/example_complex.py
[2024-03-25T20:20:08.326+0000] {processor.py:840} INFO - DAG(s) 'example_complex' retrieved from /home/airflow/.local/lib/python3.8/site-packages/airflow/example_dags/example_complex.py
[2024-03-25T20:20:08.342+0000] {logging_mixin.py:188} INFO - [2024-03-25T20:20:08.342+0000] {dag.py:3047} INFO - Sync 1 DAGs
[2024-03-25T20:20:08.348+0000] {logging_mixin.py:188} INFO - [2024-03-25T20:20:08.348+0000] {dag.py:3834} INFO - Setting next_dagrun for example_complex to None, run_after=None
[2024-03-25T20:20:08.358+0000] {processor.py:183} INFO - Processing /home/airflow/.local/lib/python3.8/site-packages/airflow/example_dags/example_complex.py took 0.043 seconds
[2024-03-25T20:26:15.311+0000] {processor.py:161} INFO - Started process (PID=72) to work on /home/airflow/.local/lib/python3.8/site-packages/airflow/example_dags/example_complex.py
[2024-03-25T20:26:15.312+0000] {processor.py:830} INFO - Processing file /home/airflow/.local/lib/python3.8/site-packages/airflow/example_dags/example_complex.py for tasks to queue
[2024-03-25T20:26:15.314+0000] {logging_mixin.py:188} INFO - [2024-03-25T20:26:15.314+0000] {dagbag.py:540} INFO - Filling up the DagBag from /home/airflow/.local/lib/python3.8/site-packages/airflow/example_dags/example_complex.py
[2024-03-25T20:26:15.320+0000] {processor.py:840} INFO - DAG(s) 'example_complex' retrieved from /home/airflow/.local/lib/python3.8/site-packages/airflow/example_dags/example_complex.py
[2024-03-25T20:26:15.347+0000] {logging_mixin.py:188} INFO - [2024-03-25T20:26:15.346+0000] {dag.py:3047} INFO - Sync 1 DAGs
[2024-03-25T20:26:15.354+0000] {logging_mixin.py:188} INFO - [2024-03-25T20:26:15.354+0000] {dag.py:3834} INFO - Setting next_dagrun for example_complex to None, run_after=None
[2024-03-25T20:26:15.368+0000] {processor.py:183} INFO - Processing /home/airflow/.local/lib/python3.8/site-packages/airflow/example_dags/example_complex.py took 0.058 seconds
[2024-03-25T20:26:45.380+0000] {processor.py:161} INFO - Started process (PID=127) to work on /home/airflow/.local/lib/python3.8/site-packages/airflow/example_dags/example_complex.py
[2024-03-25T20:26:45.381+0000] {processor.py:830} INFO - Processing file /home/airflow/.local/lib/python3.8/site-packages/airflow/example_dags/example_complex.py for tasks to queue
[2024-03-25T20:26:45.382+0000] {logging_mixin.py:188} INFO - [2024-03-25T20:26:45.382+0000] {dagbag.py:540} INFO - Filling up the DagBag from /home/airflow/.local/lib/python3.8/site-packages/airflow/example_dags/example_complex.py
[2024-03-25T20:26:45.388+0000] {processor.py:840} INFO - DAG(s) 'example_complex' retrieved from /home/airflow/.local/lib/python3.8/site-packages/airflow/example_dags/example_complex.py
[2024-03-25T20:26:45.406+0000] {logging_mixin.py:188} INFO - [2024-03-25T20:26:45.405+0000] {dag.py:3047} INFO - Sync 1 DAGs
[2024-03-25T20:26:45.411+0000] {logging_mixin.py:188} INFO - [2024-03-25T20:26:45.411+0000] {dag.py:3834} INFO - Setting next_dagrun for example_complex to None, run_after=None
[2024-03-25T20:26:45.420+0000] {processor.py:183} INFO - Processing /home/airflow/.local/lib/python3.8/site-packages/airflow/example_dags/example_complex.py took 0.041 seconds
[2024-03-25T20:27:16.818+0000] {processor.py:161} INFO - Started process (PID=183) to work on /home/airflow/.local/lib/python3.8/site-packages/airflow/example_dags/example_complex.py
[2024-03-25T20:27:16.819+0000] {processor.py:830} INFO - Processing file /home/airflow/.local/lib/python3.8/site-packages/airflow/example_dags/example_complex.py for tasks to queue
[2024-03-25T20:27:16.820+0000] {logging_mixin.py:188} INFO - [2024-03-25T20:27:16.820+0000] {dagbag.py:540} INFO - Filling up the DagBag from /home/airflow/.local/lib/python3.8/site-packages/airflow/example_dags/example_complex.py
[2024-03-25T20:27:16.826+0000] {processor.py:840} INFO - DAG(s) 'example_complex' retrieved from /home/airflow/.local/lib/python3.8/site-packages/airflow/example_dags/example_complex.py
[2024-03-25T20:27:16.841+0000] {logging_mixin.py:188} INFO - [2024-03-25T20:27:16.841+0000] {dag.py:3047} INFO - Sync 1 DAGs
[2024-03-25T20:27:16.850+0000] {logging_mixin.py:188} INFO - [2024-03-25T20:27:16.850+0000] {dag.py:3834} INFO - Setting next_dagrun for example_complex to None, run_after=None
[2024-03-25T20:27:16.862+0000] {processor.py:183} INFO - Processing /home/airflow/.local/lib/python3.8/site-packages/airflow/example_dags/example_complex.py took 0.045 seconds
[2024-03-25T20:27:47.805+0000] {processor.py:161} INFO - Started process (PID=239) to work on /home/airflow/.local/lib/python3.8/site-packages/airflow/example_dags/example_complex.py
[2024-03-25T20:27:47.805+0000] {processor.py:830} INFO - Processing file /home/airflow/.local/lib/python3.8/site-packages/airflow/example_dags/example_complex.py for tasks to queue
[2024-03-25T20:27:47.807+0000] {logging_mixin.py:188} INFO - [2024-03-25T20:27:47.807+0000] {dagbag.py:540} INFO - Filling up the DagBag from /home/airflow/.local/lib/python3.8/site-packages/airflow/example_dags/example_complex.py
[2024-03-25T20:27:47.812+0000] {processor.py:840} INFO - DAG(s) 'example_complex' retrieved from /home/airflow/.local/lib/python3.8/site-packages/airflow/example_dags/example_complex.py
[2024-03-25T20:27:47.829+0000] {logging_mixin.py:188} INFO - [2024-03-25T20:27:47.829+0000] {dag.py:3047} INFO - Sync 1 DAGs
[2024-03-25T20:27:47.836+0000] {logging_mixin.py:188} INFO - [2024-03-25T20:27:47.836+0000] {dag.py:3834} INFO - Setting next_dagrun for example_complex to None, run_after=None
[2024-03-25T20:27:47.846+0000] {processor.py:183} INFO - Processing /home/airflow/.local/lib/python3.8/site-packages/airflow/example_dags/example_complex.py took 0.043 seconds
[2024-03-25T20:28:18.876+0000] {processor.py:161} INFO - Started process (PID=295) to work on /home/airflow/.local/lib/python3.8/site-packages/airflow/example_dags/example_complex.py
[2024-03-25T20:28:18.877+0000] {processor.py:830} INFO - Processing file /home/airflow/.local/lib/python3.8/site-packages/airflow/example_dags/example_complex.py for tasks to queue
[2024-03-25T20:28:18.878+0000] {logging_mixin.py:188} INFO - [2024-03-25T20:28:18.878+0000] {dagbag.py:540} INFO - Filling up the DagBag from /home/airflow/.local/lib/python3.8/site-packages/airflow/example_dags/example_complex.py
[2024-03-25T20:28:18.883+0000] {processor.py:840} INFO - DAG(s) 'example_complex' retrieved from /home/airflow/.local/lib/python3.8/site-packages/airflow/example_dags/example_complex.py
[2024-03-25T20:28:18.898+0000] {logging_mixin.py:188} INFO - [2024-03-25T20:28:18.897+0000] {dag.py:3047} INFO - Sync 1 DAGs
[2024-03-25T20:28:18.905+0000] {logging_mixin.py:188} INFO - [2024-03-25T20:28:18.905+0000] {dag.py:3834} INFO - Setting next_dagrun for example_complex to None, run_after=None
[2024-03-25T20:28:18.913+0000] {processor.py:183} INFO - Processing /home/airflow/.local/lib/python3.8/site-packages/airflow/example_dags/example_complex.py took 0.039 seconds
[2024-03-25T20:28:50.017+0000] {processor.py:161} INFO - Started process (PID=351) to work on /home/airflow/.local/lib/python3.8/site-packages/airflow/example_dags/example_complex.py
[2024-03-25T20:28:50.018+0000] {processor.py:830} INFO - Processing file /home/airflow/.local/lib/python3.8/site-packages/airflow/example_dags/example_complex.py for tasks to queue
[2024-03-25T20:28:50.020+0000] {logging_mixin.py:188} INFO - [2024-03-25T20:28:50.020+0000] {dagbag.py:540} INFO - Filling up the DagBag from /home/airflow/.local/lib/python3.8/site-packages/airflow/example_dags/example_complex.py
[2024-03-25T20:28:50.026+0000] {processor.py:840} INFO - DAG(s) 'example_complex' retrieved from /home/airflow/.local/lib/python3.8/site-packages/airflow/example_dags/example_complex.py
[2024-03-25T20:28:50.044+0000] {logging_mixin.py:188} INFO - [2024-03-25T20:28:50.044+0000] {dag.py:3047} INFO - Sync 1 DAGs
[2024-03-25T20:28:50.051+0000] {logging_mixin.py:188} INFO - [2024-03-25T20:28:50.051+0000] {dag.py:3834} INFO - Setting next_dagrun for example_complex to None, run_after=None
[2024-03-25T20:28:50.062+0000] {processor.py:183} INFO - Processing /home/airflow/.local/lib/python3.8/site-packages/airflow/example_dags/example_complex.py took 0.046 seconds
[2024-03-25T20:29:20.078+0000] {processor.py:161} INFO - Started process (PID=406) to work on /home/airflow/.local/lib/python3.8/site-packages/airflow/example_dags/example_complex.py
[2024-03-25T20:29:20.078+0000] {processor.py:830} INFO - Processing file /home/airflow/.local/lib/python3.8/site-packages/airflow/example_dags/example_complex.py for tasks to queue
[2024-03-25T20:29:20.079+0000] {logging_mixin.py:188} INFO - [2024-03-25T20:29:20.079+0000] {dagbag.py:540} INFO - Filling up the DagBag from /home/airflow/.local/lib/python3.8/site-packages/airflow/example_dags/example_complex.py
[2024-03-25T20:29:20.085+0000] {processor.py:840} INFO - DAG(s) 'example_complex' retrieved from /home/airflow/.local/lib/python3.8/site-packages/airflow/example_dags/example_complex.py
[2024-03-25T20:29:20.099+0000] {logging_mixin.py:188} INFO - [2024-03-25T20:29:20.099+0000] {dag.py:3047} INFO - Sync 1 DAGs
[2024-03-25T20:29:20.104+0000] {logging_mixin.py:188} INFO - [2024-03-25T20:29:20.104+0000] {dag.py:3834} INFO - Setting next_dagrun for example_complex to None, run_after=None
[2024-03-25T20:29:20.112+0000] {processor.py:183} INFO - Processing /home/airflow/.local/lib/python3.8/site-packages/airflow/example_dags/example_complex.py took 0.036 seconds
[2024-03-25T20:29:50.794+0000] {processor.py:161} INFO - Started process (PID=471) to work on /home/airflow/.local/lib/python3.8/site-packages/airflow/example_dags/example_complex.py
[2024-03-25T20:29:50.797+0000] {processor.py:830} INFO - Processing file /home/airflow/.local/lib/python3.8/site-packages/airflow/example_dags/example_complex.py for tasks to queue
[2024-03-25T20:29:50.804+0000] {logging_mixin.py:188} INFO - [2024-03-25T20:29:50.803+0000] {dagbag.py:540} INFO - Filling up the DagBag from /home/airflow/.local/lib/python3.8/site-packages/airflow/example_dags/example_complex.py
[2024-03-25T20:29:50.815+0000] {processor.py:840} INFO - DAG(s) 'example_complex' retrieved from /home/airflow/.local/lib/python3.8/site-packages/airflow/example_dags/example_complex.py
[2024-03-25T20:29:50.875+0000] {logging_mixin.py:188} INFO - [2024-03-25T20:29:50.875+0000] {dag.py:3047} INFO - Sync 1 DAGs
[2024-03-25T20:29:50.904+0000] {logging_mixin.py:188} INFO - [2024-03-25T20:29:50.904+0000] {dag.py:3834} INFO - Setting next_dagrun for example_complex to None, run_after=None
[2024-03-25T20:29:50.987+0000] {processor.py:183} INFO - Processing /home/airflow/.local/lib/python3.8/site-packages/airflow/example_dags/example_complex.py took 0.195 seconds
[2024-03-25T20:30:21.596+0000] {processor.py:161} INFO - Started process (PID=527) to work on /home/airflow/.local/lib/python3.8/site-packages/airflow/example_dags/example_complex.py
[2024-03-25T20:30:21.597+0000] {processor.py:830} INFO - Processing file /home/airflow/.local/lib/python3.8/site-packages/airflow/example_dags/example_complex.py for tasks to queue
[2024-03-25T20:30:21.598+0000] {logging_mixin.py:188} INFO - [2024-03-25T20:30:21.597+0000] {dagbag.py:540} INFO - Filling up the DagBag from /home/airflow/.local/lib/python3.8/site-packages/airflow/example_dags/example_complex.py
[2024-03-25T20:30:21.603+0000] {processor.py:840} INFO - DAG(s) 'example_complex' retrieved from /home/airflow/.local/lib/python3.8/site-packages/airflow/example_dags/example_complex.py
[2024-03-25T20:30:21.618+0000] {logging_mixin.py:188} INFO - [2024-03-25T20:30:21.617+0000] {dag.py:3047} INFO - Sync 1 DAGs
[2024-03-25T20:30:21.623+0000] {logging_mixin.py:188} INFO - [2024-03-25T20:30:21.623+0000] {dag.py:3834} INFO - Setting next_dagrun for example_complex to None, run_after=None
[2024-03-25T20:30:21.631+0000] {processor.py:183} INFO - Processing /home/airflow/.local/lib/python3.8/site-packages/airflow/example_dags/example_complex.py took 0.036 seconds
[2024-03-25T20:30:52.671+0000] {processor.py:161} INFO - Started process (PID=583) to work on /home/airflow/.local/lib/python3.8/site-packages/airflow/example_dags/example_complex.py
[2024-03-25T20:30:52.672+0000] {processor.py:830} INFO - Processing file /home/airflow/.local/lib/python3.8/site-packages/airflow/example_dags/example_complex.py for tasks to queue
[2024-03-25T20:30:52.673+0000] {logging_mixin.py:188} INFO - [2024-03-25T20:30:52.673+0000] {dagbag.py:540} INFO - Filling up the DagBag from /home/airflow/.local/lib/python3.8/site-packages/airflow/example_dags/example_complex.py
[2024-03-25T20:30:52.678+0000] {processor.py:840} INFO - DAG(s) 'example_complex' retrieved from /home/airflow/.local/lib/python3.8/site-packages/airflow/example_dags/example_complex.py
[2024-03-25T20:30:52.692+0000] {logging_mixin.py:188} INFO - [2024-03-25T20:30:52.692+0000] {dag.py:3047} INFO - Sync 1 DAGs
[2024-03-25T20:30:52.697+0000] {logging_mixin.py:188} INFO - [2024-03-25T20:30:52.697+0000] {dag.py:3834} INFO - Setting next_dagrun for example_complex to None, run_after=None
[2024-03-25T20:30:52.705+0000] {processor.py:183} INFO - Processing /home/airflow/.local/lib/python3.8/site-packages/airflow/example_dags/example_complex.py took 0.036 seconds
[2024-03-25T20:31:23.587+0000] {processor.py:161} INFO - Started process (PID=639) to work on /home/airflow/.local/lib/python3.8/site-packages/airflow/example_dags/example_complex.py
[2024-03-25T20:31:23.588+0000] {processor.py:830} INFO - Processing file /home/airflow/.local/lib/python3.8/site-packages/airflow/example_dags/example_complex.py for tasks to queue
[2024-03-25T20:31:23.589+0000] {logging_mixin.py:188} INFO - [2024-03-25T20:31:23.589+0000] {dagbag.py:540} INFO - Filling up the DagBag from /home/airflow/.local/lib/python3.8/site-packages/airflow/example_dags/example_complex.py
[2024-03-25T20:31:23.595+0000] {processor.py:840} INFO - DAG(s) 'example_complex' retrieved from /home/airflow/.local/lib/python3.8/site-packages/airflow/example_dags/example_complex.py
[2024-03-25T20:31:23.610+0000] {logging_mixin.py:188} INFO - [2024-03-25T20:31:23.610+0000] {dag.py:3047} INFO - Sync 1 DAGs
[2024-03-25T20:31:23.616+0000] {logging_mixin.py:188} INFO - [2024-03-25T20:31:23.616+0000] {dag.py:3834} INFO - Setting next_dagrun for example_complex to None, run_after=None
[2024-03-25T20:31:23.625+0000] {processor.py:183} INFO - Processing /home/airflow/.local/lib/python3.8/site-packages/airflow/example_dags/example_complex.py took 0.039 seconds
[2024-03-25T20:31:54.433+0000] {processor.py:161} INFO - Started process (PID=695) to work on /home/airflow/.local/lib/python3.8/site-packages/airflow/example_dags/example_complex.py
[2024-03-25T20:31:54.434+0000] {processor.py:830} INFO - Processing file /home/airflow/.local/lib/python3.8/site-packages/airflow/example_dags/example_complex.py for tasks to queue
[2024-03-25T20:31:54.435+0000] {logging_mixin.py:188} INFO - [2024-03-25T20:31:54.435+0000] {dagbag.py:540} INFO - Filling up the DagBag from /home/airflow/.local/lib/python3.8/site-packages/airflow/example_dags/example_complex.py
[2024-03-25T20:31:54.441+0000] {processor.py:840} INFO - DAG(s) 'example_complex' retrieved from /home/airflow/.local/lib/python3.8/site-packages/airflow/example_dags/example_complex.py
[2024-03-25T20:31:54.457+0000] {logging_mixin.py:188} INFO - [2024-03-25T20:31:54.457+0000] {dag.py:3047} INFO - Sync 1 DAGs
[2024-03-25T20:31:54.464+0000] {logging_mixin.py:188} INFO - [2024-03-25T20:31:54.464+0000] {dag.py:3834} INFO - Setting next_dagrun for example_complex to None, run_after=None
[2024-03-25T20:31:54.473+0000] {processor.py:183} INFO - Processing /home/airflow/.local/lib/python3.8/site-packages/airflow/example_dags/example_complex.py took 0.042 seconds
[2024-03-25T20:32:24.928+0000] {processor.py:161} INFO - Started process (PID=751) to work on /home/airflow/.local/lib/python3.8/site-packages/airflow/example_dags/example_complex.py
[2024-03-25T20:32:24.929+0000] {processor.py:830} INFO - Processing file /home/airflow/.local/lib/python3.8/site-packages/airflow/example_dags/example_complex.py for tasks to queue
[2024-03-25T20:32:24.930+0000] {logging_mixin.py:188} INFO - [2024-03-25T20:32:24.930+0000] {dagbag.py:540} INFO - Filling up the DagBag from /home/airflow/.local/lib/python3.8/site-packages/airflow/example_dags/example_complex.py
[2024-03-25T20:32:24.936+0000] {processor.py:840} INFO - DAG(s) 'example_complex' retrieved from /home/airflow/.local/lib/python3.8/site-packages/airflow/example_dags/example_complex.py
[2024-03-25T20:32:24.952+0000] {logging_mixin.py:188} INFO - [2024-03-25T20:32:24.952+0000] {dag.py:3047} INFO - Sync 1 DAGs
[2024-03-25T20:32:24.958+0000] {logging_mixin.py:188} INFO - [2024-03-25T20:32:24.958+0000] {dag.py:3834} INFO - Setting next_dagrun for example_complex to None, run_after=None
[2024-03-25T20:32:24.968+0000] {processor.py:183} INFO - Processing /home/airflow/.local/lib/python3.8/site-packages/airflow/example_dags/example_complex.py took 0.041 seconds
[2024-03-25T20:32:55.517+0000] {processor.py:161} INFO - Started process (PID=807) to work on /home/airflow/.local/lib/python3.8/site-packages/airflow/example_dags/example_complex.py
[2024-03-25T20:32:55.517+0000] {processor.py:830} INFO - Processing file /home/airflow/.local/lib/python3.8/site-packages/airflow/example_dags/example_complex.py for tasks to queue
[2024-03-25T20:32:55.519+0000] {logging_mixin.py:188} INFO - [2024-03-25T20:32:55.518+0000] {dagbag.py:540} INFO - Filling up the DagBag from /home/airflow/.local/lib/python3.8/site-packages/airflow/example_dags/example_complex.py
[2024-03-25T20:32:55.524+0000] {processor.py:840} INFO - DAG(s) 'example_complex' retrieved from /home/airflow/.local/lib/python3.8/site-packages/airflow/example_dags/example_complex.py
[2024-03-25T20:32:55.540+0000] {logging_mixin.py:188} INFO - [2024-03-25T20:32:55.540+0000] {dag.py:3047} INFO - Sync 1 DAGs
[2024-03-25T20:32:55.546+0000] {logging_mixin.py:188} INFO - [2024-03-25T20:32:55.546+0000] {dag.py:3834} INFO - Setting next_dagrun for example_complex to None, run_after=None
[2024-03-25T20:32:55.555+0000] {processor.py:183} INFO - Processing /home/airflow/.local/lib/python3.8/site-packages/airflow/example_dags/example_complex.py took 0.040 seconds
[2024-03-25T20:33:25.883+0000] {processor.py:161} INFO - Started process (PID=863) to work on /home/airflow/.local/lib/python3.8/site-packages/airflow/example_dags/example_complex.py
[2024-03-25T20:33:25.884+0000] {processor.py:830} INFO - Processing file /home/airflow/.local/lib/python3.8/site-packages/airflow/example_dags/example_complex.py for tasks to queue
[2024-03-25T20:33:25.885+0000] {logging_mixin.py:188} INFO - [2024-03-25T20:33:25.885+0000] {dagbag.py:540} INFO - Filling up the DagBag from /home/airflow/.local/lib/python3.8/site-packages/airflow/example_dags/example_complex.py
[2024-03-25T20:33:25.891+0000] {processor.py:840} INFO - DAG(s) 'example_complex' retrieved from /home/airflow/.local/lib/python3.8/site-packages/airflow/example_dags/example_complex.py
[2024-03-25T20:33:25.906+0000] {logging_mixin.py:188} INFO - [2024-03-25T20:33:25.906+0000] {dag.py:3047} INFO - Sync 1 DAGs
[2024-03-25T20:33:25.912+0000] {logging_mixin.py:188} INFO - [2024-03-25T20:33:25.912+0000] {dag.py:3834} INFO - Setting next_dagrun for example_complex to None, run_after=None
[2024-03-25T20:33:25.922+0000] {processor.py:183} INFO - Processing /home/airflow/.local/lib/python3.8/site-packages/airflow/example_dags/example_complex.py took 0.040 seconds
[2024-03-25T20:33:56.382+0000] {processor.py:161} INFO - Started process (PID=919) to work on /home/airflow/.local/lib/python3.8/site-packages/airflow/example_dags/example_complex.py
[2024-03-25T20:33:56.383+0000] {processor.py:830} INFO - Processing file /home/airflow/.local/lib/python3.8/site-packages/airflow/example_dags/example_complex.py for tasks to queue
[2024-03-25T20:33:56.384+0000] {logging_mixin.py:188} INFO - [2024-03-25T20:33:56.384+0000] {dagbag.py:540} INFO - Filling up the DagBag from /home/airflow/.local/lib/python3.8/site-packages/airflow/example_dags/example_complex.py
[2024-03-25T20:33:56.390+0000] {processor.py:840} INFO - DAG(s) 'example_complex' retrieved from /home/airflow/.local/lib/python3.8/site-packages/airflow/example_dags/example_complex.py
[2024-03-25T20:33:56.405+0000] {logging_mixin.py:188} INFO - [2024-03-25T20:33:56.405+0000] {dag.py:3047} INFO - Sync 1 DAGs
[2024-03-25T20:33:56.411+0000] {logging_mixin.py:188} INFO - [2024-03-25T20:33:56.410+0000] {dag.py:3834} INFO - Setting next_dagrun for example_complex to None, run_after=None
[2024-03-25T20:33:56.419+0000] {processor.py:183} INFO - Processing /home/airflow/.local/lib/python3.8/site-packages/airflow/example_dags/example_complex.py took 0.038 seconds
[2024-03-25T20:34:27.139+0000] {processor.py:161} INFO - Started process (PID=974) to work on /home/airflow/.local/lib/python3.8/site-packages/airflow/example_dags/example_complex.py
[2024-03-25T20:34:27.140+0000] {processor.py:830} INFO - Processing file /home/airflow/.local/lib/python3.8/site-packages/airflow/example_dags/example_complex.py for tasks to queue
[2024-03-25T20:34:27.141+0000] {logging_mixin.py:188} INFO - [2024-03-25T20:34:27.141+0000] {dagbag.py:540} INFO - Filling up the DagBag from /home/airflow/.local/lib/python3.8/site-packages/airflow/example_dags/example_complex.py
[2024-03-25T20:34:27.147+0000] {processor.py:840} INFO - DAG(s) 'example_complex' retrieved from /home/airflow/.local/lib/python3.8/site-packages/airflow/example_dags/example_complex.py
[2024-03-25T20:34:27.163+0000] {logging_mixin.py:188} INFO - [2024-03-25T20:34:27.163+0000] {dag.py:3047} INFO - Sync 1 DAGs
[2024-03-25T20:34:27.170+0000] {logging_mixin.py:188} INFO - [2024-03-25T20:34:27.169+0000] {dag.py:3834} INFO - Setting next_dagrun for example_complex to None, run_after=None
[2024-03-25T20:34:27.179+0000] {processor.py:183} INFO - Processing /home/airflow/.local/lib/python3.8/site-packages/airflow/example_dags/example_complex.py took 0.041 seconds
[2024-03-25T20:34:57.853+0000] {processor.py:161} INFO - Started process (PID=1030) to work on /home/airflow/.local/lib/python3.8/site-packages/airflow/example_dags/example_complex.py
[2024-03-25T20:34:57.854+0000] {processor.py:830} INFO - Processing file /home/airflow/.local/lib/python3.8/site-packages/airflow/example_dags/example_complex.py for tasks to queue
[2024-03-25T20:34:57.855+0000] {logging_mixin.py:188} INFO - [2024-03-25T20:34:57.855+0000] {dagbag.py:540} INFO - Filling up the DagBag from /home/airflow/.local/lib/python3.8/site-packages/airflow/example_dags/example_complex.py
[2024-03-25T20:34:57.860+0000] {processor.py:840} INFO - DAG(s) 'example_complex' retrieved from /home/airflow/.local/lib/python3.8/site-packages/airflow/example_dags/example_complex.py
[2024-03-25T20:34:57.876+0000] {logging_mixin.py:188} INFO - [2024-03-25T20:34:57.876+0000] {dag.py:3047} INFO - Sync 1 DAGs
[2024-03-25T20:34:57.882+0000] {logging_mixin.py:188} INFO - [2024-03-25T20:34:57.882+0000] {dag.py:3834} INFO - Setting next_dagrun for example_complex to None, run_after=None
[2024-03-25T20:34:57.891+0000] {processor.py:183} INFO - Processing /home/airflow/.local/lib/python3.8/site-packages/airflow/example_dags/example_complex.py took 0.040 seconds
[2024-03-25T20:35:28.408+0000] {processor.py:161} INFO - Started process (PID=1086) to work on /home/airflow/.local/lib/python3.8/site-packages/airflow/example_dags/example_complex.py
[2024-03-25T20:35:28.409+0000] {processor.py:830} INFO - Processing file /home/airflow/.local/lib/python3.8/site-packages/airflow/example_dags/example_complex.py for tasks to queue
[2024-03-25T20:35:28.410+0000] {logging_mixin.py:188} INFO - [2024-03-25T20:35:28.410+0000] {dagbag.py:540} INFO - Filling up the DagBag from /home/airflow/.local/lib/python3.8/site-packages/airflow/example_dags/example_complex.py
[2024-03-25T20:35:28.417+0000] {processor.py:840} INFO - DAG(s) 'example_complex' retrieved from /home/airflow/.local/lib/python3.8/site-packages/airflow/example_dags/example_complex.py
[2024-03-25T20:35:28.435+0000] {logging_mixin.py:188} INFO - [2024-03-25T20:35:28.435+0000] {dag.py:3047} INFO - Sync 1 DAGs
[2024-03-25T20:35:28.442+0000] {logging_mixin.py:188} INFO - [2024-03-25T20:35:28.441+0000] {dag.py:3834} INFO - Setting next_dagrun for example_complex to None, run_after=None
[2024-03-25T20:35:28.451+0000] {processor.py:183} INFO - Processing /home/airflow/.local/lib/python3.8/site-packages/airflow/example_dags/example_complex.py took 0.045 seconds
[2024-03-25T20:35:58.915+0000] {processor.py:161} INFO - Started process (PID=1142) to work on /home/airflow/.local/lib/python3.8/site-packages/airflow/example_dags/example_complex.py
[2024-03-25T20:35:58.916+0000] {processor.py:830} INFO - Processing file /home/airflow/.local/lib/python3.8/site-packages/airflow/example_dags/example_complex.py for tasks to queue
[2024-03-25T20:35:58.917+0000] {logging_mixin.py:188} INFO - [2024-03-25T20:35:58.917+0000] {dagbag.py:540} INFO - Filling up the DagBag from /home/airflow/.local/lib/python3.8/site-packages/airflow/example_dags/example_complex.py
[2024-03-25T20:35:58.923+0000] {processor.py:840} INFO - DAG(s) 'example_complex' retrieved from /home/airflow/.local/lib/python3.8/site-packages/airflow/example_dags/example_complex.py
[2024-03-25T20:35:58.939+0000] {logging_mixin.py:188} INFO - [2024-03-25T20:35:58.939+0000] {dag.py:3047} INFO - Sync 1 DAGs
[2024-03-25T20:35:58.945+0000] {logging_mixin.py:188} INFO - [2024-03-25T20:35:58.945+0000] {dag.py:3834} INFO - Setting next_dagrun for example_complex to None, run_after=None
[2024-03-25T20:35:58.954+0000] {processor.py:183} INFO - Processing /home/airflow/.local/lib/python3.8/site-packages/airflow/example_dags/example_complex.py took 0.041 seconds
[2024-03-25T20:36:29.465+0000] {processor.py:161} INFO - Started process (PID=1198) to work on /home/airflow/.local/lib/python3.8/site-packages/airflow/example_dags/example_complex.py
[2024-03-25T20:36:29.465+0000] {processor.py:830} INFO - Processing file /home/airflow/.local/lib/python3.8/site-packages/airflow/example_dags/example_complex.py for tasks to queue
[2024-03-25T20:36:29.466+0000] {logging_mixin.py:188} INFO - [2024-03-25T20:36:29.466+0000] {dagbag.py:540} INFO - Filling up the DagBag from /home/airflow/.local/lib/python3.8/site-packages/airflow/example_dags/example_complex.py
[2024-03-25T20:36:29.472+0000] {processor.py:840} INFO - DAG(s) 'example_complex' retrieved from /home/airflow/.local/lib/python3.8/site-packages/airflow/example_dags/example_complex.py
[2024-03-25T20:36:29.487+0000] {logging_mixin.py:188} INFO - [2024-03-25T20:36:29.487+0000] {dag.py:3047} INFO - Sync 1 DAGs
[2024-03-25T20:36:29.494+0000] {logging_mixin.py:188} INFO - [2024-03-25T20:36:29.494+0000] {dag.py:3834} INFO - Setting next_dagrun for example_complex to None, run_after=None
[2024-03-25T20:36:29.507+0000] {processor.py:183} INFO - Processing /home/airflow/.local/lib/python3.8/site-packages/airflow/example_dags/example_complex.py took 0.044 seconds
[2024-03-25T20:37:00.104+0000] {processor.py:161} INFO - Started process (PID=1253) to work on /home/airflow/.local/lib/python3.8/site-packages/airflow/example_dags/example_complex.py
[2024-03-25T20:37:00.105+0000] {processor.py:830} INFO - Processing file /home/airflow/.local/lib/python3.8/site-packages/airflow/example_dags/example_complex.py for tasks to queue
[2024-03-25T20:37:00.106+0000] {logging_mixin.py:188} INFO - [2024-03-25T20:37:00.106+0000] {dagbag.py:540} INFO - Filling up the DagBag from /home/airflow/.local/lib/python3.8/site-packages/airflow/example_dags/example_complex.py
[2024-03-25T20:37:00.113+0000] {processor.py:840} INFO - DAG(s) 'example_complex' retrieved from /home/airflow/.local/lib/python3.8/site-packages/airflow/example_dags/example_complex.py
[2024-03-25T20:37:00.131+0000] {logging_mixin.py:188} INFO - [2024-03-25T20:37:00.131+0000] {dag.py:3047} INFO - Sync 1 DAGs
[2024-03-25T20:37:00.141+0000] {logging_mixin.py:188} INFO - [2024-03-25T20:37:00.141+0000] {dag.py:3834} INFO - Setting next_dagrun for example_complex to None, run_after=None
[2024-03-25T20:37:00.153+0000] {processor.py:183} INFO - Processing /home/airflow/.local/lib/python3.8/site-packages/airflow/example_dags/example_complex.py took 0.051 seconds
[2024-03-25T20:37:30.773+0000] {processor.py:161} INFO - Started process (PID=1309) to work on /home/airflow/.local/lib/python3.8/site-packages/airflow/example_dags/example_complex.py
[2024-03-25T20:37:30.773+0000] {processor.py:830} INFO - Processing file /home/airflow/.local/lib/python3.8/site-packages/airflow/example_dags/example_complex.py for tasks to queue
[2024-03-25T20:37:30.775+0000] {logging_mixin.py:188} INFO - [2024-03-25T20:37:30.774+0000] {dagbag.py:540} INFO - Filling up the DagBag from /home/airflow/.local/lib/python3.8/site-packages/airflow/example_dags/example_complex.py
[2024-03-25T20:37:30.781+0000] {processor.py:840} INFO - DAG(s) 'example_complex' retrieved from /home/airflow/.local/lib/python3.8/site-packages/airflow/example_dags/example_complex.py
[2024-03-25T20:37:30.797+0000] {logging_mixin.py:188} INFO - [2024-03-25T20:37:30.797+0000] {dag.py:3047} INFO - Sync 1 DAGs
[2024-03-25T20:37:30.804+0000] {logging_mixin.py:188} INFO - [2024-03-25T20:37:30.804+0000] {dag.py:3834} INFO - Setting next_dagrun for example_complex to None, run_after=None
[2024-03-25T20:37:30.814+0000] {processor.py:183} INFO - Processing /home/airflow/.local/lib/python3.8/site-packages/airflow/example_dags/example_complex.py took 0.043 seconds
[2024-03-25T20:38:01.536+0000] {processor.py:161} INFO - Started process (PID=1365) to work on /home/airflow/.local/lib/python3.8/site-packages/airflow/example_dags/example_complex.py
[2024-03-25T20:38:01.537+0000] {processor.py:830} INFO - Processing file /home/airflow/.local/lib/python3.8/site-packages/airflow/example_dags/example_complex.py for tasks to queue
[2024-03-25T20:38:01.538+0000] {logging_mixin.py:188} INFO - [2024-03-25T20:38:01.538+0000] {dagbag.py:540} INFO - Filling up the DagBag from /home/airflow/.local/lib/python3.8/site-packages/airflow/example_dags/example_complex.py
[2024-03-25T20:38:01.544+0000] {processor.py:840} INFO - DAG(s) 'example_complex' retrieved from /home/airflow/.local/lib/python3.8/site-packages/airflow/example_dags/example_complex.py
[2024-03-25T20:38:01.559+0000] {logging_mixin.py:188} INFO - [2024-03-25T20:38:01.559+0000] {dag.py:3047} INFO - Sync 1 DAGs
[2024-03-25T20:38:01.565+0000] {logging_mixin.py:188} INFO - [2024-03-25T20:38:01.565+0000] {dag.py:3834} INFO - Setting next_dagrun for example_complex to None, run_after=None
[2024-03-25T20:38:01.574+0000] {processor.py:183} INFO - Processing /home/airflow/.local/lib/python3.8/site-packages/airflow/example_dags/example_complex.py took 0.039 seconds
[2024-03-25T20:38:31.981+0000] {processor.py:161} INFO - Started process (PID=1421) to work on /home/airflow/.local/lib/python3.8/site-packages/airflow/example_dags/example_complex.py
[2024-03-25T20:38:31.982+0000] {processor.py:830} INFO - Processing file /home/airflow/.local/lib/python3.8/site-packages/airflow/example_dags/example_complex.py for tasks to queue
[2024-03-25T20:38:31.983+0000] {logging_mixin.py:188} INFO - [2024-03-25T20:38:31.982+0000] {dagbag.py:540} INFO - Filling up the DagBag from /home/airflow/.local/lib/python3.8/site-packages/airflow/example_dags/example_complex.py
[2024-03-25T20:38:31.988+0000] {processor.py:840} INFO - DAG(s) 'example_complex' retrieved from /home/airflow/.local/lib/python3.8/site-packages/airflow/example_dags/example_complex.py
[2024-03-25T20:38:32.004+0000] {logging_mixin.py:188} INFO - [2024-03-25T20:38:32.004+0000] {dag.py:3047} INFO - Sync 1 DAGs
[2024-03-25T20:38:32.010+0000] {logging_mixin.py:188} INFO - [2024-03-25T20:38:32.009+0000] {dag.py:3834} INFO - Setting next_dagrun for example_complex to None, run_after=None
[2024-03-25T20:38:32.018+0000] {processor.py:183} INFO - Processing /home/airflow/.local/lib/python3.8/site-packages/airflow/example_dags/example_complex.py took 0.039 seconds
[2024-03-25T20:39:02.556+0000] {processor.py:161} INFO - Started process (PID=1477) to work on /home/airflow/.local/lib/python3.8/site-packages/airflow/example_dags/example_complex.py
[2024-03-25T20:39:02.556+0000] {processor.py:830} INFO - Processing file /home/airflow/.local/lib/python3.8/site-packages/airflow/example_dags/example_complex.py for tasks to queue
[2024-03-25T20:39:02.557+0000] {logging_mixin.py:188} INFO - [2024-03-25T20:39:02.557+0000] {dagbag.py:540} INFO - Filling up the DagBag from /home/airflow/.local/lib/python3.8/site-packages/airflow/example_dags/example_complex.py
[2024-03-25T20:39:02.564+0000] {processor.py:840} INFO - DAG(s) 'example_complex' retrieved from /home/airflow/.local/lib/python3.8/site-packages/airflow/example_dags/example_complex.py
[2024-03-25T20:39:02.581+0000] {logging_mixin.py:188} INFO - [2024-03-25T20:39:02.581+0000] {dag.py:3047} INFO - Sync 1 DAGs
[2024-03-25T20:39:02.588+0000] {logging_mixin.py:188} INFO - [2024-03-25T20:39:02.588+0000] {dag.py:3834} INFO - Setting next_dagrun for example_complex to None, run_after=None
[2024-03-25T20:39:02.597+0000] {processor.py:183} INFO - Processing /home/airflow/.local/lib/python3.8/site-packages/airflow/example_dags/example_complex.py took 0.044 seconds
[2024-03-25T20:39:33.106+0000] {processor.py:161} INFO - Started process (PID=1533) to work on /home/airflow/.local/lib/python3.8/site-packages/airflow/example_dags/example_complex.py
[2024-03-25T20:39:33.106+0000] {processor.py:830} INFO - Processing file /home/airflow/.local/lib/python3.8/site-packages/airflow/example_dags/example_complex.py for tasks to queue
[2024-03-25T20:39:33.107+0000] {logging_mixin.py:188} INFO - [2024-03-25T20:39:33.107+0000] {dagbag.py:540} INFO - Filling up the DagBag from /home/airflow/.local/lib/python3.8/site-packages/airflow/example_dags/example_complex.py
[2024-03-25T20:39:33.113+0000] {processor.py:840} INFO - DAG(s) 'example_complex' retrieved from /home/airflow/.local/lib/python3.8/site-packages/airflow/example_dags/example_complex.py
[2024-03-25T20:39:33.129+0000] {logging_mixin.py:188} INFO - [2024-03-25T20:39:33.128+0000] {dag.py:3047} INFO - Sync 1 DAGs
[2024-03-25T20:39:33.135+0000] {logging_mixin.py:188} INFO - [2024-03-25T20:39:33.135+0000] {dag.py:3834} INFO - Setting next_dagrun for example_complex to None, run_after=None
[2024-03-25T20:39:33.144+0000] {processor.py:183} INFO - Processing /home/airflow/.local/lib/python3.8/site-packages/airflow/example_dags/example_complex.py took 0.041 seconds
[2024-03-25T20:40:03.550+0000] {processor.py:161} INFO - Started process (PID=1589) to work on /home/airflow/.local/lib/python3.8/site-packages/airflow/example_dags/example_complex.py
[2024-03-25T20:40:03.551+0000] {processor.py:830} INFO - Processing file /home/airflow/.local/lib/python3.8/site-packages/airflow/example_dags/example_complex.py for tasks to queue
[2024-03-25T20:40:03.552+0000] {logging_mixin.py:188} INFO - [2024-03-25T20:40:03.551+0000] {dagbag.py:540} INFO - Filling up the DagBag from /home/airflow/.local/lib/python3.8/site-packages/airflow/example_dags/example_complex.py
[2024-03-25T20:40:03.558+0000] {processor.py:840} INFO - DAG(s) 'example_complex' retrieved from /home/airflow/.local/lib/python3.8/site-packages/airflow/example_dags/example_complex.py
[2024-03-25T20:40:03.573+0000] {logging_mixin.py:188} INFO - [2024-03-25T20:40:03.573+0000] {dag.py:3047} INFO - Sync 1 DAGs
[2024-03-25T20:40:03.579+0000] {logging_mixin.py:188} INFO - [2024-03-25T20:40:03.579+0000] {dag.py:3834} INFO - Setting next_dagrun for example_complex to None, run_after=None
[2024-03-25T20:40:03.588+0000] {processor.py:183} INFO - Processing /home/airflow/.local/lib/python3.8/site-packages/airflow/example_dags/example_complex.py took 0.040 seconds
