[2024-03-25T20:19:35.609+0000] {processor.py:161} INFO - Started process (PID=40) to work on /home/airflow/.local/lib/python3.8/site-packages/airflow/example_dags/example_setup_teardown.py
[2024-03-25T20:19:35.610+0000] {processor.py:830} INFO - Processing file /home/airflow/.local/lib/python3.8/site-packages/airflow/example_dags/example_setup_teardown.py for tasks to queue
[2024-03-25T20:19:35.612+0000] {logging_mixin.py:188} INFO - [2024-03-25T20:19:35.611+0000] {dagbag.py:540} INFO - Filling up the DagBag from /home/airflow/.local/lib/python3.8/site-packages/airflow/example_dags/example_setup_teardown.py
[2024-03-25T20:19:35.619+0000] {processor.py:840} INFO - DAG(s) 'example_setup_teardown' retrieved from /home/airflow/.local/lib/python3.8/site-packages/airflow/example_dags/example_setup_teardown.py
[2024-03-25T20:19:35.644+0000] {logging_mixin.py:188} INFO - [2024-03-25T20:19:35.644+0000] {dag.py:3047} INFO - Sync 1 DAGs
[2024-03-25T20:19:35.667+0000] {logging_mixin.py:188} INFO - [2024-03-25T20:19:35.667+0000] {dag.py:3834} INFO - Setting next_dagrun for example_setup_teardown to 2024-03-24 00:00:00+00:00, run_after=2024-03-25 00:00:00+00:00
[2024-03-25T20:19:35.695+0000] {processor.py:183} INFO - Processing /home/airflow/.local/lib/python3.8/site-packages/airflow/example_dags/example_setup_teardown.py took 0.089 seconds
[2024-03-25T20:20:05.850+0000] {processor.py:161} INFO - Started process (PID=95) to work on /home/airflow/.local/lib/python3.8/site-packages/airflow/example_dags/example_setup_teardown.py
[2024-03-25T20:20:05.851+0000] {processor.py:830} INFO - Processing file /home/airflow/.local/lib/python3.8/site-packages/airflow/example_dags/example_setup_teardown.py for tasks to queue
[2024-03-25T20:20:05.852+0000] {logging_mixin.py:188} INFO - [2024-03-25T20:20:05.852+0000] {dagbag.py:540} INFO - Filling up the DagBag from /home/airflow/.local/lib/python3.8/site-packages/airflow/example_dags/example_setup_teardown.py
[2024-03-25T20:20:05.856+0000] {processor.py:840} INFO - DAG(s) 'example_setup_teardown' retrieved from /home/airflow/.local/lib/python3.8/site-packages/airflow/example_dags/example_setup_teardown.py
[2024-03-25T20:20:05.867+0000] {logging_mixin.py:188} INFO - [2024-03-25T20:20:05.867+0000] {dag.py:3047} INFO - Sync 1 DAGs
[2024-03-25T20:20:05.878+0000] {logging_mixin.py:188} INFO - [2024-03-25T20:20:05.877+0000] {dag.py:3834} INFO - Setting next_dagrun for example_setup_teardown to 2024-03-24 00:00:00+00:00, run_after=2024-03-25 00:00:00+00:00
[2024-03-25T20:20:05.886+0000] {processor.py:183} INFO - Processing /home/airflow/.local/lib/python3.8/site-packages/airflow/example_dags/example_setup_teardown.py took 0.037 seconds
[2024-03-25T20:26:13.193+0000] {processor.py:161} INFO - Started process (PID=39) to work on /home/airflow/.local/lib/python3.8/site-packages/airflow/example_dags/example_setup_teardown.py
[2024-03-25T20:26:13.194+0000] {processor.py:830} INFO - Processing file /home/airflow/.local/lib/python3.8/site-packages/airflow/example_dags/example_setup_teardown.py for tasks to queue
[2024-03-25T20:26:13.196+0000] {logging_mixin.py:188} INFO - [2024-03-25T20:26:13.195+0000] {dagbag.py:540} INFO - Filling up the DagBag from /home/airflow/.local/lib/python3.8/site-packages/airflow/example_dags/example_setup_teardown.py
[2024-03-25T20:26:13.206+0000] {processor.py:840} INFO - DAG(s) 'example_setup_teardown' retrieved from /home/airflow/.local/lib/python3.8/site-packages/airflow/example_dags/example_setup_teardown.py
[2024-03-25T20:26:13.239+0000] {logging_mixin.py:188} INFO - [2024-03-25T20:26:13.239+0000] {dag.py:3047} INFO - Sync 1 DAGs
[2024-03-25T20:26:13.267+0000] {logging_mixin.py:188} INFO - [2024-03-25T20:26:13.267+0000] {dag.py:3834} INFO - Setting next_dagrun for example_setup_teardown to 2024-03-24 00:00:00+00:00, run_after=2024-03-25 00:00:00+00:00
[2024-03-25T20:26:13.283+0000] {processor.py:183} INFO - Processing /home/airflow/.local/lib/python3.8/site-packages/airflow/example_dags/example_setup_teardown.py took 0.093 seconds
[2024-03-25T20:26:44.069+0000] {processor.py:161} INFO - Started process (PID=93) to work on /home/airflow/.local/lib/python3.8/site-packages/airflow/example_dags/example_setup_teardown.py
[2024-03-25T20:26:44.074+0000] {processor.py:830} INFO - Processing file /home/airflow/.local/lib/python3.8/site-packages/airflow/example_dags/example_setup_teardown.py for tasks to queue
[2024-03-25T20:26:44.080+0000] {logging_mixin.py:188} INFO - [2024-03-25T20:26:44.080+0000] {dagbag.py:540} INFO - Filling up the DagBag from /home/airflow/.local/lib/python3.8/site-packages/airflow/example_dags/example_setup_teardown.py
[2024-03-25T20:26:44.085+0000] {processor.py:840} INFO - DAG(s) 'example_setup_teardown' retrieved from /home/airflow/.local/lib/python3.8/site-packages/airflow/example_dags/example_setup_teardown.py
[2024-03-25T20:26:44.107+0000] {logging_mixin.py:188} INFO - [2024-03-25T20:26:44.106+0000] {dag.py:3047} INFO - Sync 1 DAGs
[2024-03-25T20:26:44.118+0000] {logging_mixin.py:188} INFO - [2024-03-25T20:26:44.118+0000] {dag.py:3834} INFO - Setting next_dagrun for example_setup_teardown to 2024-03-24 00:00:00+00:00, run_after=2024-03-25 00:00:00+00:00
[2024-03-25T20:26:44.126+0000] {processor.py:183} INFO - Processing /home/airflow/.local/lib/python3.8/site-packages/airflow/example_dags/example_setup_teardown.py took 0.060 seconds
[2024-03-25T20:27:14.312+0000] {processor.py:161} INFO - Started process (PID=149) to work on /home/airflow/.local/lib/python3.8/site-packages/airflow/example_dags/example_setup_teardown.py
[2024-03-25T20:27:14.312+0000] {processor.py:830} INFO - Processing file /home/airflow/.local/lib/python3.8/site-packages/airflow/example_dags/example_setup_teardown.py for tasks to queue
[2024-03-25T20:27:14.313+0000] {logging_mixin.py:188} INFO - [2024-03-25T20:27:14.313+0000] {dagbag.py:540} INFO - Filling up the DagBag from /home/airflow/.local/lib/python3.8/site-packages/airflow/example_dags/example_setup_teardown.py
[2024-03-25T20:27:14.318+0000] {processor.py:840} INFO - DAG(s) 'example_setup_teardown' retrieved from /home/airflow/.local/lib/python3.8/site-packages/airflow/example_dags/example_setup_teardown.py
[2024-03-25T20:27:14.329+0000] {logging_mixin.py:188} INFO - [2024-03-25T20:27:14.329+0000] {dag.py:3047} INFO - Sync 1 DAGs
[2024-03-25T20:27:14.340+0000] {logging_mixin.py:188} INFO - [2024-03-25T20:27:14.340+0000] {dag.py:3834} INFO - Setting next_dagrun for example_setup_teardown to 2024-03-24 00:00:00+00:00, run_after=2024-03-25 00:00:00+00:00
[2024-03-25T20:27:14.348+0000] {processor.py:183} INFO - Processing /home/airflow/.local/lib/python3.8/site-packages/airflow/example_dags/example_setup_teardown.py took 0.038 seconds
[2024-03-25T20:27:44.454+0000] {processor.py:161} INFO - Started process (PID=205) to work on /home/airflow/.local/lib/python3.8/site-packages/airflow/example_dags/example_setup_teardown.py
[2024-03-25T20:27:44.454+0000] {processor.py:830} INFO - Processing file /home/airflow/.local/lib/python3.8/site-packages/airflow/example_dags/example_setup_teardown.py for tasks to queue
[2024-03-25T20:27:44.455+0000] {logging_mixin.py:188} INFO - [2024-03-25T20:27:44.455+0000] {dagbag.py:540} INFO - Filling up the DagBag from /home/airflow/.local/lib/python3.8/site-packages/airflow/example_dags/example_setup_teardown.py
[2024-03-25T20:27:44.459+0000] {processor.py:840} INFO - DAG(s) 'example_setup_teardown' retrieved from /home/airflow/.local/lib/python3.8/site-packages/airflow/example_dags/example_setup_teardown.py
[2024-03-25T20:27:44.469+0000] {logging_mixin.py:188} INFO - [2024-03-25T20:27:44.469+0000] {dag.py:3047} INFO - Sync 1 DAGs
[2024-03-25T20:27:44.479+0000] {logging_mixin.py:188} INFO - [2024-03-25T20:27:44.479+0000] {dag.py:3834} INFO - Setting next_dagrun for example_setup_teardown to 2024-03-24 00:00:00+00:00, run_after=2024-03-25 00:00:00+00:00
[2024-03-25T20:27:44.488+0000] {processor.py:183} INFO - Processing /home/airflow/.local/lib/python3.8/site-packages/airflow/example_dags/example_setup_teardown.py took 0.036 seconds
[2024-03-25T20:28:14.658+0000] {processor.py:161} INFO - Started process (PID=261) to work on /home/airflow/.local/lib/python3.8/site-packages/airflow/example_dags/example_setup_teardown.py
[2024-03-25T20:28:14.658+0000] {processor.py:830} INFO - Processing file /home/airflow/.local/lib/python3.8/site-packages/airflow/example_dags/example_setup_teardown.py for tasks to queue
[2024-03-25T20:28:14.659+0000] {logging_mixin.py:188} INFO - [2024-03-25T20:28:14.659+0000] {dagbag.py:540} INFO - Filling up the DagBag from /home/airflow/.local/lib/python3.8/site-packages/airflow/example_dags/example_setup_teardown.py
[2024-03-25T20:28:14.663+0000] {processor.py:840} INFO - DAG(s) 'example_setup_teardown' retrieved from /home/airflow/.local/lib/python3.8/site-packages/airflow/example_dags/example_setup_teardown.py
[2024-03-25T20:28:14.674+0000] {logging_mixin.py:188} INFO - [2024-03-25T20:28:14.673+0000] {dag.py:3047} INFO - Sync 1 DAGs
[2024-03-25T20:28:14.684+0000] {logging_mixin.py:188} INFO - [2024-03-25T20:28:14.683+0000] {dag.py:3834} INFO - Setting next_dagrun for example_setup_teardown to 2024-03-24 00:00:00+00:00, run_after=2024-03-25 00:00:00+00:00
[2024-03-25T20:28:14.692+0000] {processor.py:183} INFO - Processing /home/airflow/.local/lib/python3.8/site-packages/airflow/example_dags/example_setup_teardown.py took 0.036 seconds
[2024-03-25T20:28:44.748+0000] {processor.py:161} INFO - Started process (PID=317) to work on /home/airflow/.local/lib/python3.8/site-packages/airflow/example_dags/example_setup_teardown.py
[2024-03-25T20:28:44.749+0000] {processor.py:830} INFO - Processing file /home/airflow/.local/lib/python3.8/site-packages/airflow/example_dags/example_setup_teardown.py for tasks to queue
[2024-03-25T20:28:44.750+0000] {logging_mixin.py:188} INFO - [2024-03-25T20:28:44.750+0000] {dagbag.py:540} INFO - Filling up the DagBag from /home/airflow/.local/lib/python3.8/site-packages/airflow/example_dags/example_setup_teardown.py
[2024-03-25T20:28:44.754+0000] {processor.py:840} INFO - DAG(s) 'example_setup_teardown' retrieved from /home/airflow/.local/lib/python3.8/site-packages/airflow/example_dags/example_setup_teardown.py
[2024-03-25T20:28:44.765+0000] {logging_mixin.py:188} INFO - [2024-03-25T20:28:44.765+0000] {dag.py:3047} INFO - Sync 1 DAGs
[2024-03-25T20:28:44.776+0000] {logging_mixin.py:188} INFO - [2024-03-25T20:28:44.776+0000] {dag.py:3834} INFO - Setting next_dagrun for example_setup_teardown to 2024-03-24 00:00:00+00:00, run_after=2024-03-25 00:00:00+00:00
[2024-03-25T20:28:44.787+0000] {processor.py:183} INFO - Processing /home/airflow/.local/lib/python3.8/site-packages/airflow/example_dags/example_setup_teardown.py took 0.041 seconds
[2024-03-25T20:29:15.074+0000] {processor.py:161} INFO - Started process (PID=373) to work on /home/airflow/.local/lib/python3.8/site-packages/airflow/example_dags/example_setup_teardown.py
[2024-03-25T20:29:15.075+0000] {processor.py:830} INFO - Processing file /home/airflow/.local/lib/python3.8/site-packages/airflow/example_dags/example_setup_teardown.py for tasks to queue
[2024-03-25T20:29:15.079+0000] {logging_mixin.py:188} INFO - [2024-03-25T20:29:15.078+0000] {dagbag.py:540} INFO - Filling up the DagBag from /home/airflow/.local/lib/python3.8/site-packages/airflow/example_dags/example_setup_teardown.py
[2024-03-25T20:29:15.082+0000] {processor.py:840} INFO - DAG(s) 'example_setup_teardown' retrieved from /home/airflow/.local/lib/python3.8/site-packages/airflow/example_dags/example_setup_teardown.py
[2024-03-25T20:29:15.092+0000] {logging_mixin.py:188} INFO - [2024-03-25T20:29:15.092+0000] {dag.py:3047} INFO - Sync 1 DAGs
[2024-03-25T20:29:15.102+0000] {logging_mixin.py:188} INFO - [2024-03-25T20:29:15.102+0000] {dag.py:3834} INFO - Setting next_dagrun for example_setup_teardown to 2024-03-24 00:00:00+00:00, run_after=2024-03-25 00:00:00+00:00
[2024-03-25T20:29:15.110+0000] {processor.py:183} INFO - Processing /home/airflow/.local/lib/python3.8/site-packages/airflow/example_dags/example_setup_teardown.py took 0.038 seconds
[2024-03-25T20:29:45.401+0000] {processor.py:161} INFO - Started process (PID=429) to work on /home/airflow/.local/lib/python3.8/site-packages/airflow/example_dags/example_setup_teardown.py
[2024-03-25T20:29:45.402+0000] {processor.py:830} INFO - Processing file /home/airflow/.local/lib/python3.8/site-packages/airflow/example_dags/example_setup_teardown.py for tasks to queue
[2024-03-25T20:29:45.403+0000] {logging_mixin.py:188} INFO - [2024-03-25T20:29:45.402+0000] {dagbag.py:540} INFO - Filling up the DagBag from /home/airflow/.local/lib/python3.8/site-packages/airflow/example_dags/example_setup_teardown.py
[2024-03-25T20:29:45.406+0000] {processor.py:840} INFO - DAG(s) 'example_setup_teardown' retrieved from /home/airflow/.local/lib/python3.8/site-packages/airflow/example_dags/example_setup_teardown.py
[2024-03-25T20:29:45.417+0000] {logging_mixin.py:188} INFO - [2024-03-25T20:29:45.417+0000] {dag.py:3047} INFO - Sync 1 DAGs
[2024-03-25T20:29:45.427+0000] {logging_mixin.py:188} INFO - [2024-03-25T20:29:45.427+0000] {dag.py:3834} INFO - Setting next_dagrun for example_setup_teardown to 2024-03-24 00:00:00+00:00, run_after=2024-03-25 00:00:00+00:00
[2024-03-25T20:29:45.435+0000] {processor.py:183} INFO - Processing /home/airflow/.local/lib/python3.8/site-packages/airflow/example_dags/example_setup_teardown.py took 0.036 seconds
[2024-03-25T20:30:15.465+0000] {processor.py:161} INFO - Started process (PID=494) to work on /home/airflow/.local/lib/python3.8/site-packages/airflow/example_dags/example_setup_teardown.py
[2024-03-25T20:30:15.465+0000] {processor.py:830} INFO - Processing file /home/airflow/.local/lib/python3.8/site-packages/airflow/example_dags/example_setup_teardown.py for tasks to queue
[2024-03-25T20:30:15.467+0000] {logging_mixin.py:188} INFO - [2024-03-25T20:30:15.467+0000] {dagbag.py:540} INFO - Filling up the DagBag from /home/airflow/.local/lib/python3.8/site-packages/airflow/example_dags/example_setup_teardown.py
[2024-03-25T20:30:15.472+0000] {processor.py:840} INFO - DAG(s) 'example_setup_teardown' retrieved from /home/airflow/.local/lib/python3.8/site-packages/airflow/example_dags/example_setup_teardown.py
[2024-03-25T20:30:15.484+0000] {logging_mixin.py:188} INFO - [2024-03-25T20:30:15.484+0000] {dag.py:3047} INFO - Sync 1 DAGs
[2024-03-25T20:30:15.495+0000] {logging_mixin.py:188} INFO - [2024-03-25T20:30:15.495+0000] {dag.py:3834} INFO - Setting next_dagrun for example_setup_teardown to 2024-03-24 00:00:00+00:00, run_after=2024-03-25 00:00:00+00:00
[2024-03-25T20:30:15.505+0000] {processor.py:183} INFO - Processing /home/airflow/.local/lib/python3.8/site-packages/airflow/example_dags/example_setup_teardown.py took 0.042 seconds
[2024-03-25T20:30:46.201+0000] {processor.py:161} INFO - Started process (PID=550) to work on /home/airflow/.local/lib/python3.8/site-packages/airflow/example_dags/example_setup_teardown.py
[2024-03-25T20:30:46.205+0000] {processor.py:830} INFO - Processing file /home/airflow/.local/lib/python3.8/site-packages/airflow/example_dags/example_setup_teardown.py for tasks to queue
[2024-03-25T20:30:46.206+0000] {logging_mixin.py:188} INFO - [2024-03-25T20:30:46.206+0000] {dagbag.py:540} INFO - Filling up the DagBag from /home/airflow/.local/lib/python3.8/site-packages/airflow/example_dags/example_setup_teardown.py
[2024-03-25T20:30:46.214+0000] {processor.py:840} INFO - DAG(s) 'example_setup_teardown' retrieved from /home/airflow/.local/lib/python3.8/site-packages/airflow/example_dags/example_setup_teardown.py
[2024-03-25T20:30:46.228+0000] {logging_mixin.py:188} INFO - [2024-03-25T20:30:46.228+0000] {dag.py:3047} INFO - Sync 1 DAGs
[2024-03-25T20:30:46.245+0000] {logging_mixin.py:188} INFO - [2024-03-25T20:30:46.244+0000] {dag.py:3834} INFO - Setting next_dagrun for example_setup_teardown to 2024-03-24 00:00:00+00:00, run_after=2024-03-25 00:00:00+00:00
[2024-03-25T20:30:46.427+0000] {processor.py:183} INFO - Processing /home/airflow/.local/lib/python3.8/site-packages/airflow/example_dags/example_setup_teardown.py took 0.228 seconds
[2024-03-25T20:31:17.396+0000] {processor.py:161} INFO - Started process (PID=606) to work on /home/airflow/.local/lib/python3.8/site-packages/airflow/example_dags/example_setup_teardown.py
[2024-03-25T20:31:17.399+0000] {processor.py:830} INFO - Processing file /home/airflow/.local/lib/python3.8/site-packages/airflow/example_dags/example_setup_teardown.py for tasks to queue
[2024-03-25T20:31:17.401+0000] {logging_mixin.py:188} INFO - [2024-03-25T20:31:17.401+0000] {dagbag.py:540} INFO - Filling up the DagBag from /home/airflow/.local/lib/python3.8/site-packages/airflow/example_dags/example_setup_teardown.py
[2024-03-25T20:31:17.407+0000] {processor.py:840} INFO - DAG(s) 'example_setup_teardown' retrieved from /home/airflow/.local/lib/python3.8/site-packages/airflow/example_dags/example_setup_teardown.py
[2024-03-25T20:31:17.423+0000] {logging_mixin.py:188} INFO - [2024-03-25T20:31:17.423+0000] {dag.py:3047} INFO - Sync 1 DAGs
[2024-03-25T20:31:17.437+0000] {logging_mixin.py:188} INFO - [2024-03-25T20:31:17.437+0000] {dag.py:3834} INFO - Setting next_dagrun for example_setup_teardown to 2024-03-24 00:00:00+00:00, run_after=2024-03-25 00:00:00+00:00
[2024-03-25T20:31:17.452+0000] {processor.py:183} INFO - Processing /home/airflow/.local/lib/python3.8/site-packages/airflow/example_dags/example_setup_teardown.py took 0.059 seconds
[2024-03-25T20:31:48.235+0000] {processor.py:161} INFO - Started process (PID=662) to work on /home/airflow/.local/lib/python3.8/site-packages/airflow/example_dags/example_setup_teardown.py
[2024-03-25T20:31:48.235+0000] {processor.py:830} INFO - Processing file /home/airflow/.local/lib/python3.8/site-packages/airflow/example_dags/example_setup_teardown.py for tasks to queue
[2024-03-25T20:31:48.237+0000] {logging_mixin.py:188} INFO - [2024-03-25T20:31:48.237+0000] {dagbag.py:540} INFO - Filling up the DagBag from /home/airflow/.local/lib/python3.8/site-packages/airflow/example_dags/example_setup_teardown.py
[2024-03-25T20:31:48.241+0000] {processor.py:840} INFO - DAG(s) 'example_setup_teardown' retrieved from /home/airflow/.local/lib/python3.8/site-packages/airflow/example_dags/example_setup_teardown.py
[2024-03-25T20:31:48.253+0000] {logging_mixin.py:188} INFO - [2024-03-25T20:31:48.252+0000] {dag.py:3047} INFO - Sync 1 DAGs
[2024-03-25T20:31:48.264+0000] {logging_mixin.py:188} INFO - [2024-03-25T20:31:48.264+0000] {dag.py:3834} INFO - Setting next_dagrun for example_setup_teardown to 2024-03-24 00:00:00+00:00, run_after=2024-03-25 00:00:00+00:00
[2024-03-25T20:31:48.275+0000] {processor.py:183} INFO - Processing /home/airflow/.local/lib/python3.8/site-packages/airflow/example_dags/example_setup_teardown.py took 0.043 seconds
[2024-03-25T20:32:18.869+0000] {processor.py:161} INFO - Started process (PID=718) to work on /home/airflow/.local/lib/python3.8/site-packages/airflow/example_dags/example_setup_teardown.py
[2024-03-25T20:32:18.869+0000] {processor.py:830} INFO - Processing file /home/airflow/.local/lib/python3.8/site-packages/airflow/example_dags/example_setup_teardown.py for tasks to queue
[2024-03-25T20:32:18.870+0000] {logging_mixin.py:188} INFO - [2024-03-25T20:32:18.870+0000] {dagbag.py:540} INFO - Filling up the DagBag from /home/airflow/.local/lib/python3.8/site-packages/airflow/example_dags/example_setup_teardown.py
[2024-03-25T20:32:18.874+0000] {processor.py:840} INFO - DAG(s) 'example_setup_teardown' retrieved from /home/airflow/.local/lib/python3.8/site-packages/airflow/example_dags/example_setup_teardown.py
[2024-03-25T20:32:18.884+0000] {logging_mixin.py:188} INFO - [2024-03-25T20:32:18.884+0000] {dag.py:3047} INFO - Sync 1 DAGs
[2024-03-25T20:32:18.895+0000] {logging_mixin.py:188} INFO - [2024-03-25T20:32:18.895+0000] {dag.py:3834} INFO - Setting next_dagrun for example_setup_teardown to 2024-03-24 00:00:00+00:00, run_after=2024-03-25 00:00:00+00:00
[2024-03-25T20:32:18.903+0000] {processor.py:183} INFO - Processing /home/airflow/.local/lib/python3.8/site-packages/airflow/example_dags/example_setup_teardown.py took 0.037 seconds
[2024-03-25T20:32:49.416+0000] {processor.py:161} INFO - Started process (PID=774) to work on /home/airflow/.local/lib/python3.8/site-packages/airflow/example_dags/example_setup_teardown.py
[2024-03-25T20:32:49.418+0000] {processor.py:830} INFO - Processing file /home/airflow/.local/lib/python3.8/site-packages/airflow/example_dags/example_setup_teardown.py for tasks to queue
[2024-03-25T20:32:49.420+0000] {logging_mixin.py:188} INFO - [2024-03-25T20:32:49.419+0000] {dagbag.py:540} INFO - Filling up the DagBag from /home/airflow/.local/lib/python3.8/site-packages/airflow/example_dags/example_setup_teardown.py
[2024-03-25T20:32:49.425+0000] {processor.py:840} INFO - DAG(s) 'example_setup_teardown' retrieved from /home/airflow/.local/lib/python3.8/site-packages/airflow/example_dags/example_setup_teardown.py
[2024-03-25T20:32:49.440+0000] {logging_mixin.py:188} INFO - [2024-03-25T20:32:49.440+0000] {dag.py:3047} INFO - Sync 1 DAGs
[2024-03-25T20:32:49.452+0000] {logging_mixin.py:188} INFO - [2024-03-25T20:32:49.452+0000] {dag.py:3834} INFO - Setting next_dagrun for example_setup_teardown to 2024-03-24 00:00:00+00:00, run_after=2024-03-25 00:00:00+00:00
[2024-03-25T20:32:49.461+0000] {processor.py:183} INFO - Processing /home/airflow/.local/lib/python3.8/site-packages/airflow/example_dags/example_setup_teardown.py took 0.048 seconds
[2024-03-25T20:33:19.906+0000] {processor.py:161} INFO - Started process (PID=830) to work on /home/airflow/.local/lib/python3.8/site-packages/airflow/example_dags/example_setup_teardown.py
[2024-03-25T20:33:19.908+0000] {processor.py:830} INFO - Processing file /home/airflow/.local/lib/python3.8/site-packages/airflow/example_dags/example_setup_teardown.py for tasks to queue
[2024-03-25T20:33:19.911+0000] {logging_mixin.py:188} INFO - [2024-03-25T20:33:19.910+0000] {dagbag.py:540} INFO - Filling up the DagBag from /home/airflow/.local/lib/python3.8/site-packages/airflow/example_dags/example_setup_teardown.py
[2024-03-25T20:33:19.920+0000] {processor.py:840} INFO - DAG(s) 'example_setup_teardown' retrieved from /home/airflow/.local/lib/python3.8/site-packages/airflow/example_dags/example_setup_teardown.py
[2024-03-25T20:33:19.942+0000] {logging_mixin.py:188} INFO - [2024-03-25T20:33:19.942+0000] {dag.py:3047} INFO - Sync 1 DAGs
[2024-03-25T20:33:19.958+0000] {logging_mixin.py:188} INFO - [2024-03-25T20:33:19.958+0000] {dag.py:3834} INFO - Setting next_dagrun for example_setup_teardown to 2024-03-24 00:00:00+00:00, run_after=2024-03-25 00:00:00+00:00
[2024-03-25T20:33:19.969+0000] {processor.py:183} INFO - Processing /home/airflow/.local/lib/python3.8/site-packages/airflow/example_dags/example_setup_teardown.py took 0.067 seconds
[2024-03-25T20:33:50.331+0000] {processor.py:161} INFO - Started process (PID=886) to work on /home/airflow/.local/lib/python3.8/site-packages/airflow/example_dags/example_setup_teardown.py
[2024-03-25T20:33:50.332+0000] {processor.py:830} INFO - Processing file /home/airflow/.local/lib/python3.8/site-packages/airflow/example_dags/example_setup_teardown.py for tasks to queue
[2024-03-25T20:33:50.334+0000] {logging_mixin.py:188} INFO - [2024-03-25T20:33:50.334+0000] {dagbag.py:540} INFO - Filling up the DagBag from /home/airflow/.local/lib/python3.8/site-packages/airflow/example_dags/example_setup_teardown.py
[2024-03-25T20:33:50.339+0000] {processor.py:840} INFO - DAG(s) 'example_setup_teardown' retrieved from /home/airflow/.local/lib/python3.8/site-packages/airflow/example_dags/example_setup_teardown.py
[2024-03-25T20:33:50.356+0000] {logging_mixin.py:188} INFO - [2024-03-25T20:33:50.356+0000] {dag.py:3047} INFO - Sync 1 DAGs
[2024-03-25T20:33:50.372+0000] {logging_mixin.py:188} INFO - [2024-03-25T20:33:50.372+0000] {dag.py:3834} INFO - Setting next_dagrun for example_setup_teardown to 2024-03-24 00:00:00+00:00, run_after=2024-03-25 00:00:00+00:00
[2024-03-25T20:33:50.383+0000] {processor.py:183} INFO - Processing /home/airflow/.local/lib/python3.8/site-packages/airflow/example_dags/example_setup_teardown.py took 0.055 seconds
[2024-03-25T20:34:20.990+0000] {processor.py:161} INFO - Started process (PID=941) to work on /home/airflow/.local/lib/python3.8/site-packages/airflow/example_dags/example_setup_teardown.py
[2024-03-25T20:34:20.992+0000] {processor.py:830} INFO - Processing file /home/airflow/.local/lib/python3.8/site-packages/airflow/example_dags/example_setup_teardown.py for tasks to queue
[2024-03-25T20:34:20.993+0000] {logging_mixin.py:188} INFO - [2024-03-25T20:34:20.993+0000] {dagbag.py:540} INFO - Filling up the DagBag from /home/airflow/.local/lib/python3.8/site-packages/airflow/example_dags/example_setup_teardown.py
[2024-03-25T20:34:20.999+0000] {processor.py:840} INFO - DAG(s) 'example_setup_teardown' retrieved from /home/airflow/.local/lib/python3.8/site-packages/airflow/example_dags/example_setup_teardown.py
[2024-03-25T20:34:21.017+0000] {logging_mixin.py:188} INFO - [2024-03-25T20:34:21.017+0000] {dag.py:3047} INFO - Sync 1 DAGs
[2024-03-25T20:34:21.030+0000] {logging_mixin.py:188} INFO - [2024-03-25T20:34:21.030+0000] {dag.py:3834} INFO - Setting next_dagrun for example_setup_teardown to 2024-03-24 00:00:00+00:00, run_after=2024-03-25 00:00:00+00:00
[2024-03-25T20:34:21.042+0000] {processor.py:183} INFO - Processing /home/airflow/.local/lib/python3.8/site-packages/airflow/example_dags/example_setup_teardown.py took 0.057 seconds
[2024-03-25T20:34:51.815+0000] {processor.py:161} INFO - Started process (PID=997) to work on /home/airflow/.local/lib/python3.8/site-packages/airflow/example_dags/example_setup_teardown.py
[2024-03-25T20:34:51.816+0000] {processor.py:830} INFO - Processing file /home/airflow/.local/lib/python3.8/site-packages/airflow/example_dags/example_setup_teardown.py for tasks to queue
[2024-03-25T20:34:51.819+0000] {logging_mixin.py:188} INFO - [2024-03-25T20:34:51.818+0000] {dagbag.py:540} INFO - Filling up the DagBag from /home/airflow/.local/lib/python3.8/site-packages/airflow/example_dags/example_setup_teardown.py
[2024-03-25T20:34:51.826+0000] {processor.py:840} INFO - DAG(s) 'example_setup_teardown' retrieved from /home/airflow/.local/lib/python3.8/site-packages/airflow/example_dags/example_setup_teardown.py
[2024-03-25T20:34:51.841+0000] {logging_mixin.py:188} INFO - [2024-03-25T20:34:51.841+0000] {dag.py:3047} INFO - Sync 1 DAGs
[2024-03-25T20:34:51.859+0000] {logging_mixin.py:188} INFO - [2024-03-25T20:34:51.859+0000] {dag.py:3834} INFO - Setting next_dagrun for example_setup_teardown to 2024-03-24 00:00:00+00:00, run_after=2024-03-25 00:00:00+00:00
[2024-03-25T20:34:51.872+0000] {processor.py:183} INFO - Processing /home/airflow/.local/lib/python3.8/site-packages/airflow/example_dags/example_setup_teardown.py took 0.062 seconds
[2024-03-25T20:35:22.286+0000] {processor.py:161} INFO - Started process (PID=1053) to work on /home/airflow/.local/lib/python3.8/site-packages/airflow/example_dags/example_setup_teardown.py
[2024-03-25T20:35:22.288+0000] {processor.py:830} INFO - Processing file /home/airflow/.local/lib/python3.8/site-packages/airflow/example_dags/example_setup_teardown.py for tasks to queue
[2024-03-25T20:35:22.290+0000] {logging_mixin.py:188} INFO - [2024-03-25T20:35:22.290+0000] {dagbag.py:540} INFO - Filling up the DagBag from /home/airflow/.local/lib/python3.8/site-packages/airflow/example_dags/example_setup_teardown.py
[2024-03-25T20:35:22.298+0000] {processor.py:840} INFO - DAG(s) 'example_setup_teardown' retrieved from /home/airflow/.local/lib/python3.8/site-packages/airflow/example_dags/example_setup_teardown.py
[2024-03-25T20:35:22.316+0000] {logging_mixin.py:188} INFO - [2024-03-25T20:35:22.316+0000] {dag.py:3047} INFO - Sync 1 DAGs
[2024-03-25T20:35:22.331+0000] {logging_mixin.py:188} INFO - [2024-03-25T20:35:22.330+0000] {dag.py:3834} INFO - Setting next_dagrun for example_setup_teardown to 2024-03-24 00:00:00+00:00, run_after=2024-03-25 00:00:00+00:00
[2024-03-25T20:35:22.341+0000] {processor.py:183} INFO - Processing /home/airflow/.local/lib/python3.8/site-packages/airflow/example_dags/example_setup_teardown.py took 0.060 seconds
[2024-03-25T20:35:52.887+0000] {processor.py:161} INFO - Started process (PID=1109) to work on /home/airflow/.local/lib/python3.8/site-packages/airflow/example_dags/example_setup_teardown.py
[2024-03-25T20:35:52.888+0000] {processor.py:830} INFO - Processing file /home/airflow/.local/lib/python3.8/site-packages/airflow/example_dags/example_setup_teardown.py for tasks to queue
[2024-03-25T20:35:52.891+0000] {logging_mixin.py:188} INFO - [2024-03-25T20:35:52.890+0000] {dagbag.py:540} INFO - Filling up the DagBag from /home/airflow/.local/lib/python3.8/site-packages/airflow/example_dags/example_setup_teardown.py
[2024-03-25T20:35:52.898+0000] {processor.py:840} INFO - DAG(s) 'example_setup_teardown' retrieved from /home/airflow/.local/lib/python3.8/site-packages/airflow/example_dags/example_setup_teardown.py
[2024-03-25T20:35:52.916+0000] {logging_mixin.py:188} INFO - [2024-03-25T20:35:52.915+0000] {dag.py:3047} INFO - Sync 1 DAGs
[2024-03-25T20:35:52.930+0000] {logging_mixin.py:188} INFO - [2024-03-25T20:35:52.930+0000] {dag.py:3834} INFO - Setting next_dagrun for example_setup_teardown to 2024-03-24 00:00:00+00:00, run_after=2024-03-25 00:00:00+00:00
[2024-03-25T20:35:52.940+0000] {processor.py:183} INFO - Processing /home/airflow/.local/lib/python3.8/site-packages/airflow/example_dags/example_setup_teardown.py took 0.058 seconds
[2024-03-25T20:36:23.358+0000] {processor.py:161} INFO - Started process (PID=1165) to work on /home/airflow/.local/lib/python3.8/site-packages/airflow/example_dags/example_setup_teardown.py
[2024-03-25T20:36:23.359+0000] {processor.py:830} INFO - Processing file /home/airflow/.local/lib/python3.8/site-packages/airflow/example_dags/example_setup_teardown.py for tasks to queue
[2024-03-25T20:36:23.361+0000] {logging_mixin.py:188} INFO - [2024-03-25T20:36:23.360+0000] {dagbag.py:540} INFO - Filling up the DagBag from /home/airflow/.local/lib/python3.8/site-packages/airflow/example_dags/example_setup_teardown.py
[2024-03-25T20:36:23.365+0000] {processor.py:840} INFO - DAG(s) 'example_setup_teardown' retrieved from /home/airflow/.local/lib/python3.8/site-packages/airflow/example_dags/example_setup_teardown.py
[2024-03-25T20:36:23.378+0000] {logging_mixin.py:188} INFO - [2024-03-25T20:36:23.378+0000] {dag.py:3047} INFO - Sync 1 DAGs
[2024-03-25T20:36:23.392+0000] {logging_mixin.py:188} INFO - [2024-03-25T20:36:23.392+0000] {dag.py:3834} INFO - Setting next_dagrun for example_setup_teardown to 2024-03-24 00:00:00+00:00, run_after=2024-03-25 00:00:00+00:00
[2024-03-25T20:36:23.402+0000] {processor.py:183} INFO - Processing /home/airflow/.local/lib/python3.8/site-packages/airflow/example_dags/example_setup_teardown.py took 0.046 seconds
[2024-03-25T20:36:54.004+0000] {processor.py:161} INFO - Started process (PID=1220) to work on /home/airflow/.local/lib/python3.8/site-packages/airflow/example_dags/example_setup_teardown.py
[2024-03-25T20:36:54.006+0000] {processor.py:830} INFO - Processing file /home/airflow/.local/lib/python3.8/site-packages/airflow/example_dags/example_setup_teardown.py for tasks to queue
[2024-03-25T20:36:54.008+0000] {logging_mixin.py:188} INFO - [2024-03-25T20:36:54.008+0000] {dagbag.py:540} INFO - Filling up the DagBag from /home/airflow/.local/lib/python3.8/site-packages/airflow/example_dags/example_setup_teardown.py
[2024-03-25T20:36:54.016+0000] {processor.py:840} INFO - DAG(s) 'example_setup_teardown' retrieved from /home/airflow/.local/lib/python3.8/site-packages/airflow/example_dags/example_setup_teardown.py
[2024-03-25T20:36:54.032+0000] {logging_mixin.py:188} INFO - [2024-03-25T20:36:54.032+0000] {dag.py:3047} INFO - Sync 1 DAGs
[2024-03-25T20:36:54.046+0000] {logging_mixin.py:188} INFO - [2024-03-25T20:36:54.046+0000] {dag.py:3834} INFO - Setting next_dagrun for example_setup_teardown to 2024-03-24 00:00:00+00:00, run_after=2024-03-25 00:00:00+00:00
[2024-03-25T20:36:54.055+0000] {processor.py:183} INFO - Processing /home/airflow/.local/lib/python3.8/site-packages/airflow/example_dags/example_setup_teardown.py took 0.056 seconds
[2024-03-25T20:37:24.624+0000] {processor.py:161} INFO - Started process (PID=1276) to work on /home/airflow/.local/lib/python3.8/site-packages/airflow/example_dags/example_setup_teardown.py
[2024-03-25T20:37:24.626+0000] {processor.py:830} INFO - Processing file /home/airflow/.local/lib/python3.8/site-packages/airflow/example_dags/example_setup_teardown.py for tasks to queue
[2024-03-25T20:37:24.629+0000] {logging_mixin.py:188} INFO - [2024-03-25T20:37:24.629+0000] {dagbag.py:540} INFO - Filling up the DagBag from /home/airflow/.local/lib/python3.8/site-packages/airflow/example_dags/example_setup_teardown.py
[2024-03-25T20:37:24.637+0000] {processor.py:840} INFO - DAG(s) 'example_setup_teardown' retrieved from /home/airflow/.local/lib/python3.8/site-packages/airflow/example_dags/example_setup_teardown.py
[2024-03-25T20:37:24.656+0000] {logging_mixin.py:188} INFO - [2024-03-25T20:37:24.656+0000] {dag.py:3047} INFO - Sync 1 DAGs
[2024-03-25T20:37:24.671+0000] {logging_mixin.py:188} INFO - [2024-03-25T20:37:24.671+0000] {dag.py:3834} INFO - Setting next_dagrun for example_setup_teardown to 2024-03-24 00:00:00+00:00, run_after=2024-03-25 00:00:00+00:00
[2024-03-25T20:37:24.682+0000] {processor.py:183} INFO - Processing /home/airflow/.local/lib/python3.8/site-packages/airflow/example_dags/example_setup_teardown.py took 0.064 seconds
[2024-03-25T20:37:55.461+0000] {processor.py:161} INFO - Started process (PID=1332) to work on /home/airflow/.local/lib/python3.8/site-packages/airflow/example_dags/example_setup_teardown.py
[2024-03-25T20:37:55.463+0000] {processor.py:830} INFO - Processing file /home/airflow/.local/lib/python3.8/site-packages/airflow/example_dags/example_setup_teardown.py for tasks to queue
[2024-03-25T20:37:55.465+0000] {logging_mixin.py:188} INFO - [2024-03-25T20:37:55.465+0000] {dagbag.py:540} INFO - Filling up the DagBag from /home/airflow/.local/lib/python3.8/site-packages/airflow/example_dags/example_setup_teardown.py
[2024-03-25T20:37:55.474+0000] {processor.py:840} INFO - DAG(s) 'example_setup_teardown' retrieved from /home/airflow/.local/lib/python3.8/site-packages/airflow/example_dags/example_setup_teardown.py
[2024-03-25T20:37:55.495+0000] {logging_mixin.py:188} INFO - [2024-03-25T20:37:55.494+0000] {dag.py:3047} INFO - Sync 1 DAGs
[2024-03-25T20:37:55.510+0000] {logging_mixin.py:188} INFO - [2024-03-25T20:37:55.509+0000] {dag.py:3834} INFO - Setting next_dagrun for example_setup_teardown to 2024-03-24 00:00:00+00:00, run_after=2024-03-25 00:00:00+00:00
[2024-03-25T20:37:55.521+0000] {processor.py:183} INFO - Processing /home/airflow/.local/lib/python3.8/site-packages/airflow/example_dags/example_setup_teardown.py took 0.066 seconds
[2024-03-25T20:38:25.984+0000] {processor.py:161} INFO - Started process (PID=1388) to work on /home/airflow/.local/lib/python3.8/site-packages/airflow/example_dags/example_setup_teardown.py
[2024-03-25T20:38:25.987+0000] {processor.py:830} INFO - Processing file /home/airflow/.local/lib/python3.8/site-packages/airflow/example_dags/example_setup_teardown.py for tasks to queue
[2024-03-25T20:38:25.989+0000] {logging_mixin.py:188} INFO - [2024-03-25T20:38:25.989+0000] {dagbag.py:540} INFO - Filling up the DagBag from /home/airflow/.local/lib/python3.8/site-packages/airflow/example_dags/example_setup_teardown.py
[2024-03-25T20:38:25.996+0000] {processor.py:840} INFO - DAG(s) 'example_setup_teardown' retrieved from /home/airflow/.local/lib/python3.8/site-packages/airflow/example_dags/example_setup_teardown.py
[2024-03-25T20:38:26.012+0000] {logging_mixin.py:188} INFO - [2024-03-25T20:38:26.012+0000] {dag.py:3047} INFO - Sync 1 DAGs
[2024-03-25T20:38:26.026+0000] {logging_mixin.py:188} INFO - [2024-03-25T20:38:26.025+0000] {dag.py:3834} INFO - Setting next_dagrun for example_setup_teardown to 2024-03-24 00:00:00+00:00, run_after=2024-03-25 00:00:00+00:00
[2024-03-25T20:38:26.035+0000] {processor.py:183} INFO - Processing /home/airflow/.local/lib/python3.8/site-packages/airflow/example_dags/example_setup_teardown.py took 0.055 seconds
[2024-03-25T20:38:56.415+0000] {processor.py:161} INFO - Started process (PID=1444) to work on /home/airflow/.local/lib/python3.8/site-packages/airflow/example_dags/example_setup_teardown.py
[2024-03-25T20:38:56.417+0000] {processor.py:830} INFO - Processing file /home/airflow/.local/lib/python3.8/site-packages/airflow/example_dags/example_setup_teardown.py for tasks to queue
[2024-03-25T20:38:56.419+0000] {logging_mixin.py:188} INFO - [2024-03-25T20:38:56.419+0000] {dagbag.py:540} INFO - Filling up the DagBag from /home/airflow/.local/lib/python3.8/site-packages/airflow/example_dags/example_setup_teardown.py
[2024-03-25T20:38:56.425+0000] {processor.py:840} INFO - DAG(s) 'example_setup_teardown' retrieved from /home/airflow/.local/lib/python3.8/site-packages/airflow/example_dags/example_setup_teardown.py
[2024-03-25T20:38:56.441+0000] {logging_mixin.py:188} INFO - [2024-03-25T20:38:56.441+0000] {dag.py:3047} INFO - Sync 1 DAGs
[2024-03-25T20:38:56.455+0000] {logging_mixin.py:188} INFO - [2024-03-25T20:38:56.455+0000] {dag.py:3834} INFO - Setting next_dagrun for example_setup_teardown to 2024-03-24 00:00:00+00:00, run_after=2024-03-25 00:00:00+00:00
[2024-03-25T20:38:56.466+0000] {processor.py:183} INFO - Processing /home/airflow/.local/lib/python3.8/site-packages/airflow/example_dags/example_setup_teardown.py took 0.055 seconds
[2024-03-25T20:39:27.060+0000] {processor.py:161} INFO - Started process (PID=1500) to work on /home/airflow/.local/lib/python3.8/site-packages/airflow/example_dags/example_setup_teardown.py
[2024-03-25T20:39:27.062+0000] {processor.py:830} INFO - Processing file /home/airflow/.local/lib/python3.8/site-packages/airflow/example_dags/example_setup_teardown.py for tasks to queue
[2024-03-25T20:39:27.064+0000] {logging_mixin.py:188} INFO - [2024-03-25T20:39:27.064+0000] {dagbag.py:540} INFO - Filling up the DagBag from /home/airflow/.local/lib/python3.8/site-packages/airflow/example_dags/example_setup_teardown.py
[2024-03-25T20:39:27.072+0000] {processor.py:840} INFO - DAG(s) 'example_setup_teardown' retrieved from /home/airflow/.local/lib/python3.8/site-packages/airflow/example_dags/example_setup_teardown.py
[2024-03-25T20:39:27.090+0000] {logging_mixin.py:188} INFO - [2024-03-25T20:39:27.090+0000] {dag.py:3047} INFO - Sync 1 DAGs
[2024-03-25T20:39:27.104+0000] {logging_mixin.py:188} INFO - [2024-03-25T20:39:27.104+0000] {dag.py:3834} INFO - Setting next_dagrun for example_setup_teardown to 2024-03-24 00:00:00+00:00, run_after=2024-03-25 00:00:00+00:00
[2024-03-25T20:39:27.115+0000] {processor.py:183} INFO - Processing /home/airflow/.local/lib/python3.8/site-packages/airflow/example_dags/example_setup_teardown.py took 0.059 seconds
[2024-03-25T20:39:57.530+0000] {processor.py:161} INFO - Started process (PID=1556) to work on /home/airflow/.local/lib/python3.8/site-packages/airflow/example_dags/example_setup_teardown.py
[2024-03-25T20:39:57.531+0000] {processor.py:830} INFO - Processing file /home/airflow/.local/lib/python3.8/site-packages/airflow/example_dags/example_setup_teardown.py for tasks to queue
[2024-03-25T20:39:57.533+0000] {logging_mixin.py:188} INFO - [2024-03-25T20:39:57.533+0000] {dagbag.py:540} INFO - Filling up the DagBag from /home/airflow/.local/lib/python3.8/site-packages/airflow/example_dags/example_setup_teardown.py
[2024-03-25T20:39:57.539+0000] {processor.py:840} INFO - DAG(s) 'example_setup_teardown' retrieved from /home/airflow/.local/lib/python3.8/site-packages/airflow/example_dags/example_setup_teardown.py
[2024-03-25T20:39:57.554+0000] {logging_mixin.py:188} INFO - [2024-03-25T20:39:57.554+0000] {dag.py:3047} INFO - Sync 1 DAGs
[2024-03-25T20:39:57.568+0000] {logging_mixin.py:188} INFO - [2024-03-25T20:39:57.568+0000] {dag.py:3834} INFO - Setting next_dagrun for example_setup_teardown to 2024-03-24 00:00:00+00:00, run_after=2024-03-25 00:00:00+00:00
[2024-03-25T20:39:57.577+0000] {processor.py:183} INFO - Processing /home/airflow/.local/lib/python3.8/site-packages/airflow/example_dags/example_setup_teardown.py took 0.051 seconds
