[2024-03-25T20:19:37.459+0000] {processor.py:161} INFO - Started process (PID=60) to work on /home/airflow/.local/lib/python3.8/site-packages/airflow/example_dags/example_sla_dag.py
[2024-03-25T20:19:37.459+0000] {processor.py:830} INFO - Processing file /home/airflow/.local/lib/python3.8/site-packages/airflow/example_dags/example_sla_dag.py for tasks to queue
[2024-03-25T20:19:37.461+0000] {logging_mixin.py:188} INFO - [2024-03-25T20:19:37.460+0000] {dagbag.py:540} INFO - Filling up the DagBag from /home/airflow/.local/lib/python3.8/site-packages/airflow/example_dags/example_sla_dag.py
[2024-03-25T20:19:37.467+0000] {processor.py:840} INFO - DAG(s) 'example_sla_dag' retrieved from /home/airflow/.local/lib/python3.8/site-packages/airflow/example_dags/example_sla_dag.py
[2024-03-25T20:19:37.478+0000] {logging_mixin.py:188} INFO - [2024-03-25T20:19:37.478+0000] {dag.py:3047} INFO - Sync 1 DAGs
[2024-03-25T20:19:37.494+0000] {logging_mixin.py:188} INFO - [2024-03-25T20:19:37.494+0000] {dag.py:3834} INFO - Setting next_dagrun for example_sla_dag to 2024-03-25 20:16:00+00:00, run_after=2024-03-25 20:18:00+00:00
[2024-03-25T20:19:37.508+0000] {processor.py:183} INFO - Processing /home/airflow/.local/lib/python3.8/site-packages/airflow/example_dags/example_sla_dag.py took 0.052 seconds
[2024-03-25T20:20:07.893+0000] {processor.py:161} INFO - Started process (PID=116) to work on /home/airflow/.local/lib/python3.8/site-packages/airflow/example_dags/example_sla_dag.py
[2024-03-25T20:20:07.894+0000] {processor.py:830} INFO - Processing file /home/airflow/.local/lib/python3.8/site-packages/airflow/example_dags/example_sla_dag.py for tasks to queue
[2024-03-25T20:20:07.895+0000] {logging_mixin.py:188} INFO - [2024-03-25T20:20:07.895+0000] {dagbag.py:540} INFO - Filling up the DagBag from /home/airflow/.local/lib/python3.8/site-packages/airflow/example_dags/example_sla_dag.py
[2024-03-25T20:20:07.901+0000] {processor.py:840} INFO - DAG(s) 'example_sla_dag' retrieved from /home/airflow/.local/lib/python3.8/site-packages/airflow/example_dags/example_sla_dag.py
[2024-03-25T20:20:07.912+0000] {logging_mixin.py:188} INFO - [2024-03-25T20:20:07.912+0000] {dag.py:3047} INFO - Sync 1 DAGs
[2024-03-25T20:20:07.927+0000] {logging_mixin.py:188} INFO - [2024-03-25T20:20:07.927+0000] {dag.py:3834} INFO - Setting next_dagrun for example_sla_dag to 2024-03-25 20:18:00+00:00, run_after=2024-03-25 20:20:00+00:00
[2024-03-25T20:20:07.940+0000] {processor.py:183} INFO - Processing /home/airflow/.local/lib/python3.8/site-packages/airflow/example_dags/example_sla_dag.py took 0.049 seconds
[2024-03-25T20:26:14.710+0000] {processor.py:161} INFO - Started process (PID=59) to work on /home/airflow/.local/lib/python3.8/site-packages/airflow/example_dags/example_sla_dag.py
[2024-03-25T20:26:14.711+0000] {processor.py:830} INFO - Processing file /home/airflow/.local/lib/python3.8/site-packages/airflow/example_dags/example_sla_dag.py for tasks to queue
[2024-03-25T20:26:14.712+0000] {logging_mixin.py:188} INFO - [2024-03-25T20:26:14.712+0000] {dagbag.py:540} INFO - Filling up the DagBag from /home/airflow/.local/lib/python3.8/site-packages/airflow/example_dags/example_sla_dag.py
[2024-03-25T20:26:14.718+0000] {processor.py:840} INFO - DAG(s) 'example_sla_dag' retrieved from /home/airflow/.local/lib/python3.8/site-packages/airflow/example_dags/example_sla_dag.py
[2024-03-25T20:26:14.729+0000] {logging_mixin.py:188} INFO - [2024-03-25T20:26:14.729+0000] {dag.py:3047} INFO - Sync 1 DAGs
[2024-03-25T20:26:14.743+0000] {logging_mixin.py:188} INFO - [2024-03-25T20:26:14.743+0000] {dag.py:3834} INFO - Setting next_dagrun for example_sla_dag to 2024-03-25 20:24:00+00:00, run_after=2024-03-25 20:26:00+00:00
[2024-03-25T20:26:14.754+0000] {processor.py:183} INFO - Processing /home/airflow/.local/lib/python3.8/site-packages/airflow/example_dags/example_sla_dag.py took 0.046 seconds
[2024-03-25T20:26:44.869+0000] {processor.py:161} INFO - Started process (PID=114) to work on /home/airflow/.local/lib/python3.8/site-packages/airflow/example_dags/example_sla_dag.py
[2024-03-25T20:26:44.870+0000] {processor.py:830} INFO - Processing file /home/airflow/.local/lib/python3.8/site-packages/airflow/example_dags/example_sla_dag.py for tasks to queue
[2024-03-25T20:26:44.871+0000] {logging_mixin.py:188} INFO - [2024-03-25T20:26:44.870+0000] {dagbag.py:540} INFO - Filling up the DagBag from /home/airflow/.local/lib/python3.8/site-packages/airflow/example_dags/example_sla_dag.py
[2024-03-25T20:26:44.875+0000] {processor.py:840} INFO - DAG(s) 'example_sla_dag' retrieved from /home/airflow/.local/lib/python3.8/site-packages/airflow/example_dags/example_sla_dag.py
[2024-03-25T20:26:44.885+0000] {logging_mixin.py:188} INFO - [2024-03-25T20:26:44.884+0000] {dag.py:3047} INFO - Sync 1 DAGs
[2024-03-25T20:26:44.896+0000] {logging_mixin.py:188} INFO - [2024-03-25T20:26:44.896+0000] {dag.py:3834} INFO - Setting next_dagrun for example_sla_dag to 2024-03-25 20:24:00+00:00, run_after=2024-03-25 20:26:00+00:00
[2024-03-25T20:26:44.904+0000] {processor.py:183} INFO - Processing /home/airflow/.local/lib/python3.8/site-packages/airflow/example_dags/example_sla_dag.py took 0.037 seconds
[2024-03-25T20:27:16.005+0000] {processor.py:161} INFO - Started process (PID=170) to work on /home/airflow/.local/lib/python3.8/site-packages/airflow/example_dags/example_sla_dag.py
[2024-03-25T20:27:16.007+0000] {processor.py:830} INFO - Processing file /home/airflow/.local/lib/python3.8/site-packages/airflow/example_dags/example_sla_dag.py for tasks to queue
[2024-03-25T20:27:16.009+0000] {logging_mixin.py:188} INFO - [2024-03-25T20:27:16.008+0000] {dagbag.py:540} INFO - Filling up the DagBag from /home/airflow/.local/lib/python3.8/site-packages/airflow/example_dags/example_sla_dag.py
[2024-03-25T20:27:16.014+0000] {processor.py:840} INFO - DAG(s) 'example_sla_dag' retrieved from /home/airflow/.local/lib/python3.8/site-packages/airflow/example_dags/example_sla_dag.py
[2024-03-25T20:27:16.027+0000] {logging_mixin.py:188} INFO - [2024-03-25T20:27:16.027+0000] {dag.py:3047} INFO - Sync 1 DAGs
[2024-03-25T20:27:16.041+0000] {logging_mixin.py:188} INFO - [2024-03-25T20:27:16.041+0000] {dag.py:3834} INFO - Setting next_dagrun for example_sla_dag to 2024-03-25 20:24:00+00:00, run_after=2024-03-25 20:26:00+00:00
[2024-03-25T20:27:16.050+0000] {processor.py:183} INFO - Processing /home/airflow/.local/lib/python3.8/site-packages/airflow/example_dags/example_sla_dag.py took 0.047 seconds
[2024-03-25T20:27:47.074+0000] {processor.py:161} INFO - Started process (PID=226) to work on /home/airflow/.local/lib/python3.8/site-packages/airflow/example_dags/example_sla_dag.py
[2024-03-25T20:27:47.075+0000] {processor.py:830} INFO - Processing file /home/airflow/.local/lib/python3.8/site-packages/airflow/example_dags/example_sla_dag.py for tasks to queue
[2024-03-25T20:27:47.076+0000] {logging_mixin.py:188} INFO - [2024-03-25T20:27:47.075+0000] {dagbag.py:540} INFO - Filling up the DagBag from /home/airflow/.local/lib/python3.8/site-packages/airflow/example_dags/example_sla_dag.py
[2024-03-25T20:27:47.080+0000] {processor.py:840} INFO - DAG(s) 'example_sla_dag' retrieved from /home/airflow/.local/lib/python3.8/site-packages/airflow/example_dags/example_sla_dag.py
[2024-03-25T20:27:47.091+0000] {logging_mixin.py:188} INFO - [2024-03-25T20:27:47.091+0000] {dag.py:3047} INFO - Sync 1 DAGs
[2024-03-25T20:27:47.103+0000] {logging_mixin.py:188} INFO - [2024-03-25T20:27:47.103+0000] {dag.py:3834} INFO - Setting next_dagrun for example_sla_dag to 2024-03-25 20:24:00+00:00, run_after=2024-03-25 20:26:00+00:00
[2024-03-25T20:27:47.113+0000] {processor.py:183} INFO - Processing /home/airflow/.local/lib/python3.8/site-packages/airflow/example_dags/example_sla_dag.py took 0.040 seconds
[2024-03-25T20:28:17.141+0000] {processor.py:161} INFO - Started process (PID=281) to work on /home/airflow/.local/lib/python3.8/site-packages/airflow/example_dags/example_sla_dag.py
[2024-03-25T20:28:17.142+0000] {processor.py:830} INFO - Processing file /home/airflow/.local/lib/python3.8/site-packages/airflow/example_dags/example_sla_dag.py for tasks to queue
[2024-03-25T20:28:17.143+0000] {logging_mixin.py:188} INFO - [2024-03-25T20:28:17.143+0000] {dagbag.py:540} INFO - Filling up the DagBag from /home/airflow/.local/lib/python3.8/site-packages/airflow/example_dags/example_sla_dag.py
[2024-03-25T20:28:17.147+0000] {processor.py:840} INFO - DAG(s) 'example_sla_dag' retrieved from /home/airflow/.local/lib/python3.8/site-packages/airflow/example_dags/example_sla_dag.py
[2024-03-25T20:28:17.156+0000] {logging_mixin.py:188} INFO - [2024-03-25T20:28:17.155+0000] {dag.py:3047} INFO - Sync 1 DAGs
[2024-03-25T20:28:17.167+0000] {logging_mixin.py:188} INFO - [2024-03-25T20:28:17.167+0000] {dag.py:3834} INFO - Setting next_dagrun for example_sla_dag to 2024-03-25 20:26:00+00:00, run_after=2024-03-25 20:28:00+00:00
[2024-03-25T20:28:17.175+0000] {processor.py:183} INFO - Processing /home/airflow/.local/lib/python3.8/site-packages/airflow/example_dags/example_sla_dag.py took 0.036 seconds
[2024-03-25T20:28:47.335+0000] {processor.py:161} INFO - Started process (PID=337) to work on /home/airflow/.local/lib/python3.8/site-packages/airflow/example_dags/example_sla_dag.py
[2024-03-25T20:28:47.336+0000] {processor.py:830} INFO - Processing file /home/airflow/.local/lib/python3.8/site-packages/airflow/example_dags/example_sla_dag.py for tasks to queue
[2024-03-25T20:28:47.338+0000] {logging_mixin.py:188} INFO - [2024-03-25T20:28:47.338+0000] {dagbag.py:540} INFO - Filling up the DagBag from /home/airflow/.local/lib/python3.8/site-packages/airflow/example_dags/example_sla_dag.py
[2024-03-25T20:28:47.346+0000] {processor.py:840} INFO - DAG(s) 'example_sla_dag' retrieved from /home/airflow/.local/lib/python3.8/site-packages/airflow/example_dags/example_sla_dag.py
[2024-03-25T20:28:47.363+0000] {logging_mixin.py:188} INFO - [2024-03-25T20:28:47.363+0000] {dag.py:3047} INFO - Sync 1 DAGs
[2024-03-25T20:28:47.378+0000] {logging_mixin.py:188} INFO - [2024-03-25T20:28:47.378+0000] {dag.py:3834} INFO - Setting next_dagrun for example_sla_dag to 2024-03-25 20:26:00+00:00, run_after=2024-03-25 20:28:00+00:00
[2024-03-25T20:28:47.388+0000] {processor.py:183} INFO - Processing /home/airflow/.local/lib/python3.8/site-packages/airflow/example_dags/example_sla_dag.py took 0.057 seconds
[2024-03-25T20:29:17.556+0000] {processor.py:161} INFO - Started process (PID=393) to work on /home/airflow/.local/lib/python3.8/site-packages/airflow/example_dags/example_sla_dag.py
[2024-03-25T20:29:17.557+0000] {processor.py:830} INFO - Processing file /home/airflow/.local/lib/python3.8/site-packages/airflow/example_dags/example_sla_dag.py for tasks to queue
[2024-03-25T20:29:17.558+0000] {logging_mixin.py:188} INFO - [2024-03-25T20:29:17.558+0000] {dagbag.py:540} INFO - Filling up the DagBag from /home/airflow/.local/lib/python3.8/site-packages/airflow/example_dags/example_sla_dag.py
[2024-03-25T20:29:17.567+0000] {processor.py:840} INFO - DAG(s) 'example_sla_dag' retrieved from /home/airflow/.local/lib/python3.8/site-packages/airflow/example_dags/example_sla_dag.py
[2024-03-25T20:29:17.584+0000] {logging_mixin.py:188} INFO - [2024-03-25T20:29:17.584+0000] {dag.py:3047} INFO - Sync 1 DAGs
[2024-03-25T20:29:17.601+0000] {logging_mixin.py:188} INFO - [2024-03-25T20:29:17.601+0000] {dag.py:3834} INFO - Setting next_dagrun for example_sla_dag to 2024-03-25 20:26:00+00:00, run_after=2024-03-25 20:28:00+00:00
[2024-03-25T20:29:17.612+0000] {processor.py:183} INFO - Processing /home/airflow/.local/lib/python3.8/site-packages/airflow/example_dags/example_sla_dag.py took 0.059 seconds
[2024-03-25T20:29:47.919+0000] {processor.py:161} INFO - Started process (PID=449) to work on /home/airflow/.local/lib/python3.8/site-packages/airflow/example_dags/example_sla_dag.py
[2024-03-25T20:29:47.920+0000] {processor.py:830} INFO - Processing file /home/airflow/.local/lib/python3.8/site-packages/airflow/example_dags/example_sla_dag.py for tasks to queue
[2024-03-25T20:29:47.921+0000] {logging_mixin.py:188} INFO - [2024-03-25T20:29:47.921+0000] {dagbag.py:540} INFO - Filling up the DagBag from /home/airflow/.local/lib/python3.8/site-packages/airflow/example_dags/example_sla_dag.py
[2024-03-25T20:29:47.925+0000] {processor.py:840} INFO - DAG(s) 'example_sla_dag' retrieved from /home/airflow/.local/lib/python3.8/site-packages/airflow/example_dags/example_sla_dag.py
[2024-03-25T20:29:47.935+0000] {logging_mixin.py:188} INFO - [2024-03-25T20:29:47.934+0000] {dag.py:3047} INFO - Sync 1 DAGs
[2024-03-25T20:29:47.947+0000] {logging_mixin.py:188} INFO - [2024-03-25T20:29:47.947+0000] {dag.py:3834} INFO - Setting next_dagrun for example_sla_dag to 2024-03-25 20:26:00+00:00, run_after=2024-03-25 20:28:00+00:00
[2024-03-25T20:29:47.957+0000] {processor.py:183} INFO - Processing /home/airflow/.local/lib/python3.8/site-packages/airflow/example_dags/example_sla_dag.py took 0.040 seconds
[2024-03-25T20:30:18.101+0000] {processor.py:161} INFO - Started process (PID=514) to work on /home/airflow/.local/lib/python3.8/site-packages/airflow/example_dags/example_sla_dag.py
[2024-03-25T20:30:18.103+0000] {processor.py:830} INFO - Processing file /home/airflow/.local/lib/python3.8/site-packages/airflow/example_dags/example_sla_dag.py for tasks to queue
[2024-03-25T20:30:18.105+0000] {logging_mixin.py:188} INFO - [2024-03-25T20:30:18.105+0000] {dagbag.py:540} INFO - Filling up the DagBag from /home/airflow/.local/lib/python3.8/site-packages/airflow/example_dags/example_sla_dag.py
[2024-03-25T20:30:18.115+0000] {processor.py:840} INFO - DAG(s) 'example_sla_dag' retrieved from /home/airflow/.local/lib/python3.8/site-packages/airflow/example_dags/example_sla_dag.py
[2024-03-25T20:30:18.131+0000] {logging_mixin.py:188} INFO - [2024-03-25T20:30:18.131+0000] {dag.py:3047} INFO - Sync 1 DAGs
[2024-03-25T20:30:18.147+0000] {logging_mixin.py:188} INFO - [2024-03-25T20:30:18.147+0000] {dag.py:3834} INFO - Setting next_dagrun for example_sla_dag to 2024-03-25 20:28:00+00:00, run_after=2024-03-25 20:30:00+00:00
[2024-03-25T20:30:18.157+0000] {processor.py:183} INFO - Processing /home/airflow/.local/lib/python3.8/site-packages/airflow/example_dags/example_sla_dag.py took 0.061 seconds
[2024-03-25T20:30:48.217+0000] {processor.py:161} INFO - Started process (PID=570) to work on /home/airflow/.local/lib/python3.8/site-packages/airflow/example_dags/example_sla_dag.py
[2024-03-25T20:30:48.219+0000] {processor.py:830} INFO - Processing file /home/airflow/.local/lib/python3.8/site-packages/airflow/example_dags/example_sla_dag.py for tasks to queue
[2024-03-25T20:30:48.221+0000] {logging_mixin.py:188} INFO - [2024-03-25T20:30:48.221+0000] {dagbag.py:540} INFO - Filling up the DagBag from /home/airflow/.local/lib/python3.8/site-packages/airflow/example_dags/example_sla_dag.py
[2024-03-25T20:30:48.227+0000] {processor.py:840} INFO - DAG(s) 'example_sla_dag' retrieved from /home/airflow/.local/lib/python3.8/site-packages/airflow/example_dags/example_sla_dag.py
[2024-03-25T20:30:48.239+0000] {logging_mixin.py:188} INFO - [2024-03-25T20:30:48.239+0000] {dag.py:3047} INFO - Sync 1 DAGs
[2024-03-25T20:30:48.250+0000] {logging_mixin.py:188} INFO - [2024-03-25T20:30:48.250+0000] {dag.py:3834} INFO - Setting next_dagrun for example_sla_dag to 2024-03-25 20:28:00+00:00, run_after=2024-03-25 20:30:00+00:00
[2024-03-25T20:30:48.259+0000] {processor.py:183} INFO - Processing /home/airflow/.local/lib/python3.8/site-packages/airflow/example_dags/example_sla_dag.py took 0.044 seconds
[2024-03-25T20:31:19.113+0000] {processor.py:161} INFO - Started process (PID=626) to work on /home/airflow/.local/lib/python3.8/site-packages/airflow/example_dags/example_sla_dag.py
[2024-03-25T20:31:19.114+0000] {processor.py:830} INFO - Processing file /home/airflow/.local/lib/python3.8/site-packages/airflow/example_dags/example_sla_dag.py for tasks to queue
[2024-03-25T20:31:19.116+0000] {logging_mixin.py:188} INFO - [2024-03-25T20:31:19.115+0000] {dagbag.py:540} INFO - Filling up the DagBag from /home/airflow/.local/lib/python3.8/site-packages/airflow/example_dags/example_sla_dag.py
[2024-03-25T20:31:19.124+0000] {processor.py:840} INFO - DAG(s) 'example_sla_dag' retrieved from /home/airflow/.local/lib/python3.8/site-packages/airflow/example_dags/example_sla_dag.py
[2024-03-25T20:31:19.139+0000] {logging_mixin.py:188} INFO - [2024-03-25T20:31:19.138+0000] {dag.py:3047} INFO - Sync 1 DAGs
[2024-03-25T20:31:19.155+0000] {logging_mixin.py:188} INFO - [2024-03-25T20:31:19.154+0000] {dag.py:3834} INFO - Setting next_dagrun for example_sla_dag to 2024-03-25 20:28:00+00:00, run_after=2024-03-25 20:30:00+00:00
[2024-03-25T20:31:19.165+0000] {processor.py:183} INFO - Processing /home/airflow/.local/lib/python3.8/site-packages/airflow/example_dags/example_sla_dag.py took 0.055 seconds
[2024-03-25T20:31:49.918+0000] {processor.py:161} INFO - Started process (PID=682) to work on /home/airflow/.local/lib/python3.8/site-packages/airflow/example_dags/example_sla_dag.py
[2024-03-25T20:31:49.923+0000] {processor.py:830} INFO - Processing file /home/airflow/.local/lib/python3.8/site-packages/airflow/example_dags/example_sla_dag.py for tasks to queue
[2024-03-25T20:31:49.927+0000] {logging_mixin.py:188} INFO - [2024-03-25T20:31:49.927+0000] {dagbag.py:540} INFO - Filling up the DagBag from /home/airflow/.local/lib/python3.8/site-packages/airflow/example_dags/example_sla_dag.py
[2024-03-25T20:31:49.935+0000] {processor.py:840} INFO - DAG(s) 'example_sla_dag' retrieved from /home/airflow/.local/lib/python3.8/site-packages/airflow/example_dags/example_sla_dag.py
[2024-03-25T20:31:49.953+0000] {logging_mixin.py:188} INFO - [2024-03-25T20:31:49.953+0000] {dag.py:3047} INFO - Sync 1 DAGs
[2024-03-25T20:31:49.972+0000] {logging_mixin.py:188} INFO - [2024-03-25T20:31:49.972+0000] {dag.py:3834} INFO - Setting next_dagrun for example_sla_dag to 2024-03-25 20:28:00+00:00, run_after=2024-03-25 20:30:00+00:00
[2024-03-25T20:31:49.989+0000] {processor.py:183} INFO - Processing /home/airflow/.local/lib/python3.8/site-packages/airflow/example_dags/example_sla_dag.py took 0.075 seconds
[2024-03-25T20:32:20.410+0000] {processor.py:161} INFO - Started process (PID=738) to work on /home/airflow/.local/lib/python3.8/site-packages/airflow/example_dags/example_sla_dag.py
[2024-03-25T20:32:20.411+0000] {processor.py:830} INFO - Processing file /home/airflow/.local/lib/python3.8/site-packages/airflow/example_dags/example_sla_dag.py for tasks to queue
[2024-03-25T20:32:20.412+0000] {logging_mixin.py:188} INFO - [2024-03-25T20:32:20.411+0000] {dagbag.py:540} INFO - Filling up the DagBag from /home/airflow/.local/lib/python3.8/site-packages/airflow/example_dags/example_sla_dag.py
[2024-03-25T20:32:20.416+0000] {processor.py:840} INFO - DAG(s) 'example_sla_dag' retrieved from /home/airflow/.local/lib/python3.8/site-packages/airflow/example_dags/example_sla_dag.py
[2024-03-25T20:32:20.426+0000] {logging_mixin.py:188} INFO - [2024-03-25T20:32:20.426+0000] {dag.py:3047} INFO - Sync 1 DAGs
[2024-03-25T20:32:20.442+0000] {logging_mixin.py:188} INFO - [2024-03-25T20:32:20.442+0000] {dag.py:3834} INFO - Setting next_dagrun for example_sla_dag to 2024-03-25 20:30:00+00:00, run_after=2024-03-25 20:32:00+00:00
[2024-03-25T20:32:20.452+0000] {processor.py:183} INFO - Processing /home/airflow/.local/lib/python3.8/site-packages/airflow/example_dags/example_sla_dag.py took 0.043 seconds
[2024-03-25T20:32:51.011+0000] {processor.py:161} INFO - Started process (PID=794) to work on /home/airflow/.local/lib/python3.8/site-packages/airflow/example_dags/example_sla_dag.py
[2024-03-25T20:32:51.012+0000] {processor.py:830} INFO - Processing file /home/airflow/.local/lib/python3.8/site-packages/airflow/example_dags/example_sla_dag.py for tasks to queue
[2024-03-25T20:32:51.013+0000] {logging_mixin.py:188} INFO - [2024-03-25T20:32:51.013+0000] {dagbag.py:540} INFO - Filling up the DagBag from /home/airflow/.local/lib/python3.8/site-packages/airflow/example_dags/example_sla_dag.py
[2024-03-25T20:32:51.017+0000] {processor.py:840} INFO - DAG(s) 'example_sla_dag' retrieved from /home/airflow/.local/lib/python3.8/site-packages/airflow/example_dags/example_sla_dag.py
[2024-03-25T20:32:51.028+0000] {logging_mixin.py:188} INFO - [2024-03-25T20:32:51.028+0000] {dag.py:3047} INFO - Sync 1 DAGs
[2024-03-25T20:32:51.040+0000] {logging_mixin.py:188} INFO - [2024-03-25T20:32:51.040+0000] {dag.py:3834} INFO - Setting next_dagrun for example_sla_dag to 2024-03-25 20:30:00+00:00, run_after=2024-03-25 20:32:00+00:00
[2024-03-25T20:32:51.050+0000] {processor.py:183} INFO - Processing /home/airflow/.local/lib/python3.8/site-packages/airflow/example_dags/example_sla_dag.py took 0.040 seconds
[2024-03-25T20:33:21.478+0000] {processor.py:161} INFO - Started process (PID=850) to work on /home/airflow/.local/lib/python3.8/site-packages/airflow/example_dags/example_sla_dag.py
[2024-03-25T20:33:21.480+0000] {processor.py:830} INFO - Processing file /home/airflow/.local/lib/python3.8/site-packages/airflow/example_dags/example_sla_dag.py for tasks to queue
[2024-03-25T20:33:21.482+0000] {logging_mixin.py:188} INFO - [2024-03-25T20:33:21.482+0000] {dagbag.py:540} INFO - Filling up the DagBag from /home/airflow/.local/lib/python3.8/site-packages/airflow/example_dags/example_sla_dag.py
[2024-03-25T20:33:21.491+0000] {processor.py:840} INFO - DAG(s) 'example_sla_dag' retrieved from /home/airflow/.local/lib/python3.8/site-packages/airflow/example_dags/example_sla_dag.py
[2024-03-25T20:33:21.507+0000] {logging_mixin.py:188} INFO - [2024-03-25T20:33:21.507+0000] {dag.py:3047} INFO - Sync 1 DAGs
[2024-03-25T20:33:21.526+0000] {logging_mixin.py:188} INFO - [2024-03-25T20:33:21.526+0000] {dag.py:3834} INFO - Setting next_dagrun for example_sla_dag to 2024-03-25 20:30:00+00:00, run_after=2024-03-25 20:32:00+00:00
[2024-03-25T20:33:21.538+0000] {processor.py:183} INFO - Processing /home/airflow/.local/lib/python3.8/site-packages/airflow/example_dags/example_sla_dag.py took 0.064 seconds
[2024-03-25T20:33:51.916+0000] {processor.py:161} INFO - Started process (PID=906) to work on /home/airflow/.local/lib/python3.8/site-packages/airflow/example_dags/example_sla_dag.py
[2024-03-25T20:33:51.918+0000] {processor.py:830} INFO - Processing file /home/airflow/.local/lib/python3.8/site-packages/airflow/example_dags/example_sla_dag.py for tasks to queue
[2024-03-25T20:33:51.919+0000] {logging_mixin.py:188} INFO - [2024-03-25T20:33:51.919+0000] {dagbag.py:540} INFO - Filling up the DagBag from /home/airflow/.local/lib/python3.8/site-packages/airflow/example_dags/example_sla_dag.py
[2024-03-25T20:33:51.927+0000] {processor.py:840} INFO - DAG(s) 'example_sla_dag' retrieved from /home/airflow/.local/lib/python3.8/site-packages/airflow/example_dags/example_sla_dag.py
[2024-03-25T20:33:51.942+0000] {logging_mixin.py:188} INFO - [2024-03-25T20:33:51.942+0000] {dag.py:3047} INFO - Sync 1 DAGs
[2024-03-25T20:33:51.958+0000] {logging_mixin.py:188} INFO - [2024-03-25T20:33:51.958+0000] {dag.py:3834} INFO - Setting next_dagrun for example_sla_dag to 2024-03-25 20:30:00+00:00, run_after=2024-03-25 20:32:00+00:00
[2024-03-25T20:33:51.968+0000] {processor.py:183} INFO - Processing /home/airflow/.local/lib/python3.8/site-packages/airflow/example_dags/example_sla_dag.py took 0.055 seconds
[2024-03-25T20:34:22.644+0000] {processor.py:161} INFO - Started process (PID=961) to work on /home/airflow/.local/lib/python3.8/site-packages/airflow/example_dags/example_sla_dag.py
[2024-03-25T20:34:22.646+0000] {processor.py:830} INFO - Processing file /home/airflow/.local/lib/python3.8/site-packages/airflow/example_dags/example_sla_dag.py for tasks to queue
[2024-03-25T20:34:22.647+0000] {logging_mixin.py:188} INFO - [2024-03-25T20:34:22.647+0000] {dagbag.py:540} INFO - Filling up the DagBag from /home/airflow/.local/lib/python3.8/site-packages/airflow/example_dags/example_sla_dag.py
[2024-03-25T20:34:22.655+0000] {processor.py:840} INFO - DAG(s) 'example_sla_dag' retrieved from /home/airflow/.local/lib/python3.8/site-packages/airflow/example_dags/example_sla_dag.py
[2024-03-25T20:34:22.672+0000] {logging_mixin.py:188} INFO - [2024-03-25T20:34:22.672+0000] {dag.py:3047} INFO - Sync 1 DAGs
[2024-03-25T20:34:22.691+0000] {logging_mixin.py:188} INFO - [2024-03-25T20:34:22.691+0000] {dag.py:3834} INFO - Setting next_dagrun for example_sla_dag to 2024-03-25 20:32:00+00:00, run_after=2024-03-25 20:34:00+00:00
[2024-03-25T20:34:22.704+0000] {processor.py:183} INFO - Processing /home/airflow/.local/lib/python3.8/site-packages/airflow/example_dags/example_sla_dag.py took 0.064 seconds
[2024-03-25T20:34:53.377+0000] {processor.py:161} INFO - Started process (PID=1017) to work on /home/airflow/.local/lib/python3.8/site-packages/airflow/example_dags/example_sla_dag.py
[2024-03-25T20:34:53.378+0000] {processor.py:830} INFO - Processing file /home/airflow/.local/lib/python3.8/site-packages/airflow/example_dags/example_sla_dag.py for tasks to queue
[2024-03-25T20:34:53.380+0000] {logging_mixin.py:188} INFO - [2024-03-25T20:34:53.380+0000] {dagbag.py:540} INFO - Filling up the DagBag from /home/airflow/.local/lib/python3.8/site-packages/airflow/example_dags/example_sla_dag.py
[2024-03-25T20:34:53.389+0000] {processor.py:840} INFO - DAG(s) 'example_sla_dag' retrieved from /home/airflow/.local/lib/python3.8/site-packages/airflow/example_dags/example_sla_dag.py
[2024-03-25T20:34:53.404+0000] {logging_mixin.py:188} INFO - [2024-03-25T20:34:53.404+0000] {dag.py:3047} INFO - Sync 1 DAGs
[2024-03-25T20:34:53.419+0000] {logging_mixin.py:188} INFO - [2024-03-25T20:34:53.419+0000] {dag.py:3834} INFO - Setting next_dagrun for example_sla_dag to 2024-03-25 20:32:00+00:00, run_after=2024-03-25 20:34:00+00:00
[2024-03-25T20:34:53.429+0000] {processor.py:183} INFO - Processing /home/airflow/.local/lib/python3.8/site-packages/airflow/example_dags/example_sla_dag.py took 0.057 seconds
[2024-03-25T20:35:23.828+0000] {processor.py:161} INFO - Started process (PID=1073) to work on /home/airflow/.local/lib/python3.8/site-packages/airflow/example_dags/example_sla_dag.py
[2024-03-25T20:35:23.829+0000] {processor.py:830} INFO - Processing file /home/airflow/.local/lib/python3.8/site-packages/airflow/example_dags/example_sla_dag.py for tasks to queue
[2024-03-25T20:35:23.830+0000] {logging_mixin.py:188} INFO - [2024-03-25T20:35:23.830+0000] {dagbag.py:540} INFO - Filling up the DagBag from /home/airflow/.local/lib/python3.8/site-packages/airflow/example_dags/example_sla_dag.py
[2024-03-25T20:35:23.837+0000] {processor.py:840} INFO - DAG(s) 'example_sla_dag' retrieved from /home/airflow/.local/lib/python3.8/site-packages/airflow/example_dags/example_sla_dag.py
[2024-03-25T20:35:23.850+0000] {logging_mixin.py:188} INFO - [2024-03-25T20:35:23.850+0000] {dag.py:3047} INFO - Sync 1 DAGs
[2024-03-25T20:35:23.865+0000] {logging_mixin.py:188} INFO - [2024-03-25T20:35:23.865+0000] {dag.py:3834} INFO - Setting next_dagrun for example_sla_dag to 2024-03-25 20:32:00+00:00, run_after=2024-03-25 20:34:00+00:00
[2024-03-25T20:35:23.874+0000] {processor.py:183} INFO - Processing /home/airflow/.local/lib/python3.8/site-packages/airflow/example_dags/example_sla_dag.py took 0.050 seconds
[2024-03-25T20:35:54.426+0000] {processor.py:161} INFO - Started process (PID=1129) to work on /home/airflow/.local/lib/python3.8/site-packages/airflow/example_dags/example_sla_dag.py
[2024-03-25T20:35:54.427+0000] {processor.py:830} INFO - Processing file /home/airflow/.local/lib/python3.8/site-packages/airflow/example_dags/example_sla_dag.py for tasks to queue
[2024-03-25T20:35:54.429+0000] {logging_mixin.py:188} INFO - [2024-03-25T20:35:54.429+0000] {dagbag.py:540} INFO - Filling up the DagBag from /home/airflow/.local/lib/python3.8/site-packages/airflow/example_dags/example_sla_dag.py
[2024-03-25T20:35:54.437+0000] {processor.py:840} INFO - DAG(s) 'example_sla_dag' retrieved from /home/airflow/.local/lib/python3.8/site-packages/airflow/example_dags/example_sla_dag.py
[2024-03-25T20:35:54.453+0000] {logging_mixin.py:188} INFO - [2024-03-25T20:35:54.453+0000] {dag.py:3047} INFO - Sync 1 DAGs
[2024-03-25T20:35:54.469+0000] {logging_mixin.py:188} INFO - [2024-03-25T20:35:54.469+0000] {dag.py:3834} INFO - Setting next_dagrun for example_sla_dag to 2024-03-25 20:32:00+00:00, run_after=2024-03-25 20:34:00+00:00
[2024-03-25T20:35:54.479+0000] {processor.py:183} INFO - Processing /home/airflow/.local/lib/python3.8/site-packages/airflow/example_dags/example_sla_dag.py took 0.057 seconds
[2024-03-25T20:36:24.963+0000] {processor.py:161} INFO - Started process (PID=1185) to work on /home/airflow/.local/lib/python3.8/site-packages/airflow/example_dags/example_sla_dag.py
[2024-03-25T20:36:24.964+0000] {processor.py:830} INFO - Processing file /home/airflow/.local/lib/python3.8/site-packages/airflow/example_dags/example_sla_dag.py for tasks to queue
[2024-03-25T20:36:24.965+0000] {logging_mixin.py:188} INFO - [2024-03-25T20:36:24.965+0000] {dagbag.py:540} INFO - Filling up the DagBag from /home/airflow/.local/lib/python3.8/site-packages/airflow/example_dags/example_sla_dag.py
[2024-03-25T20:36:24.974+0000] {processor.py:840} INFO - DAG(s) 'example_sla_dag' retrieved from /home/airflow/.local/lib/python3.8/site-packages/airflow/example_dags/example_sla_dag.py
[2024-03-25T20:36:24.989+0000] {logging_mixin.py:188} INFO - [2024-03-25T20:36:24.989+0000] {dag.py:3047} INFO - Sync 1 DAGs
[2024-03-25T20:36:25.005+0000] {logging_mixin.py:188} INFO - [2024-03-25T20:36:25.005+0000] {dag.py:3834} INFO - Setting next_dagrun for example_sla_dag to 2024-03-25 20:34:00+00:00, run_after=2024-03-25 20:36:00+00:00
[2024-03-25T20:36:25.017+0000] {processor.py:183} INFO - Processing /home/airflow/.local/lib/python3.8/site-packages/airflow/example_dags/example_sla_dag.py took 0.057 seconds
[2024-03-25T20:36:55.581+0000] {processor.py:161} INFO - Started process (PID=1240) to work on /home/airflow/.local/lib/python3.8/site-packages/airflow/example_dags/example_sla_dag.py
[2024-03-25T20:36:55.582+0000] {processor.py:830} INFO - Processing file /home/airflow/.local/lib/python3.8/site-packages/airflow/example_dags/example_sla_dag.py for tasks to queue
[2024-03-25T20:36:55.584+0000] {logging_mixin.py:188} INFO - [2024-03-25T20:36:55.583+0000] {dagbag.py:540} INFO - Filling up the DagBag from /home/airflow/.local/lib/python3.8/site-packages/airflow/example_dags/example_sla_dag.py
[2024-03-25T20:36:55.590+0000] {processor.py:840} INFO - DAG(s) 'example_sla_dag' retrieved from /home/airflow/.local/lib/python3.8/site-packages/airflow/example_dags/example_sla_dag.py
[2024-03-25T20:36:55.603+0000] {logging_mixin.py:188} INFO - [2024-03-25T20:36:55.602+0000] {dag.py:3047} INFO - Sync 1 DAGs
[2024-03-25T20:36:55.620+0000] {logging_mixin.py:188} INFO - [2024-03-25T20:36:55.620+0000] {dag.py:3834} INFO - Setting next_dagrun for example_sla_dag to 2024-03-25 20:34:00+00:00, run_after=2024-03-25 20:36:00+00:00
[2024-03-25T20:36:55.631+0000] {processor.py:183} INFO - Processing /home/airflow/.local/lib/python3.8/site-packages/airflow/example_dags/example_sla_dag.py took 0.054 seconds
[2024-03-25T20:37:26.218+0000] {processor.py:161} INFO - Started process (PID=1296) to work on /home/airflow/.local/lib/python3.8/site-packages/airflow/example_dags/example_sla_dag.py
[2024-03-25T20:37:26.219+0000] {processor.py:830} INFO - Processing file /home/airflow/.local/lib/python3.8/site-packages/airflow/example_dags/example_sla_dag.py for tasks to queue
[2024-03-25T20:37:26.221+0000] {logging_mixin.py:188} INFO - [2024-03-25T20:37:26.221+0000] {dagbag.py:540} INFO - Filling up the DagBag from /home/airflow/.local/lib/python3.8/site-packages/airflow/example_dags/example_sla_dag.py
[2024-03-25T20:37:26.230+0000] {processor.py:840} INFO - DAG(s) 'example_sla_dag' retrieved from /home/airflow/.local/lib/python3.8/site-packages/airflow/example_dags/example_sla_dag.py
[2024-03-25T20:37:26.247+0000] {logging_mixin.py:188} INFO - [2024-03-25T20:37:26.247+0000] {dag.py:3047} INFO - Sync 1 DAGs
[2024-03-25T20:37:26.262+0000] {logging_mixin.py:188} INFO - [2024-03-25T20:37:26.262+0000] {dag.py:3834} INFO - Setting next_dagrun for example_sla_dag to 2024-03-25 20:34:00+00:00, run_after=2024-03-25 20:36:00+00:00
[2024-03-25T20:37:26.272+0000] {processor.py:183} INFO - Processing /home/airflow/.local/lib/python3.8/site-packages/airflow/example_dags/example_sla_dag.py took 0.059 seconds
[2024-03-25T20:37:56.984+0000] {processor.py:161} INFO - Started process (PID=1352) to work on /home/airflow/.local/lib/python3.8/site-packages/airflow/example_dags/example_sla_dag.py
[2024-03-25T20:37:56.986+0000] {processor.py:830} INFO - Processing file /home/airflow/.local/lib/python3.8/site-packages/airflow/example_dags/example_sla_dag.py for tasks to queue
[2024-03-25T20:37:56.988+0000] {logging_mixin.py:188} INFO - [2024-03-25T20:37:56.988+0000] {dagbag.py:540} INFO - Filling up the DagBag from /home/airflow/.local/lib/python3.8/site-packages/airflow/example_dags/example_sla_dag.py
[2024-03-25T20:37:56.998+0000] {processor.py:840} INFO - DAG(s) 'example_sla_dag' retrieved from /home/airflow/.local/lib/python3.8/site-packages/airflow/example_dags/example_sla_dag.py
[2024-03-25T20:37:57.014+0000] {logging_mixin.py:188} INFO - [2024-03-25T20:37:57.013+0000] {dag.py:3047} INFO - Sync 1 DAGs
[2024-03-25T20:37:57.029+0000] {logging_mixin.py:188} INFO - [2024-03-25T20:37:57.029+0000] {dag.py:3834} INFO - Setting next_dagrun for example_sla_dag to 2024-03-25 20:34:00+00:00, run_after=2024-03-25 20:36:00+00:00
[2024-03-25T20:37:57.038+0000] {processor.py:183} INFO - Processing /home/airflow/.local/lib/python3.8/site-packages/airflow/example_dags/example_sla_dag.py took 0.059 seconds
[2024-03-25T20:38:27.486+0000] {processor.py:161} INFO - Started process (PID=1408) to work on /home/airflow/.local/lib/python3.8/site-packages/airflow/example_dags/example_sla_dag.py
[2024-03-25T20:38:27.487+0000] {processor.py:830} INFO - Processing file /home/airflow/.local/lib/python3.8/site-packages/airflow/example_dags/example_sla_dag.py for tasks to queue
[2024-03-25T20:38:27.489+0000] {logging_mixin.py:188} INFO - [2024-03-25T20:38:27.489+0000] {dagbag.py:540} INFO - Filling up the DagBag from /home/airflow/.local/lib/python3.8/site-packages/airflow/example_dags/example_sla_dag.py
[2024-03-25T20:38:27.498+0000] {processor.py:840} INFO - DAG(s) 'example_sla_dag' retrieved from /home/airflow/.local/lib/python3.8/site-packages/airflow/example_dags/example_sla_dag.py
[2024-03-25T20:38:27.514+0000] {logging_mixin.py:188} INFO - [2024-03-25T20:38:27.514+0000] {dag.py:3047} INFO - Sync 1 DAGs
[2024-03-25T20:38:27.529+0000] {logging_mixin.py:188} INFO - [2024-03-25T20:38:27.529+0000] {dag.py:3834} INFO - Setting next_dagrun for example_sla_dag to 2024-03-25 20:36:00+00:00, run_after=2024-03-25 20:38:00+00:00
[2024-03-25T20:38:27.539+0000] {processor.py:183} INFO - Processing /home/airflow/.local/lib/python3.8/site-packages/airflow/example_dags/example_sla_dag.py took 0.057 seconds
[2024-03-25T20:38:57.920+0000] {processor.py:161} INFO - Started process (PID=1464) to work on /home/airflow/.local/lib/python3.8/site-packages/airflow/example_dags/example_sla_dag.py
[2024-03-25T20:38:57.922+0000] {processor.py:830} INFO - Processing file /home/airflow/.local/lib/python3.8/site-packages/airflow/example_dags/example_sla_dag.py for tasks to queue
[2024-03-25T20:38:57.924+0000] {logging_mixin.py:188} INFO - [2024-03-25T20:38:57.923+0000] {dagbag.py:540} INFO - Filling up the DagBag from /home/airflow/.local/lib/python3.8/site-packages/airflow/example_dags/example_sla_dag.py
[2024-03-25T20:38:57.933+0000] {processor.py:840} INFO - DAG(s) 'example_sla_dag' retrieved from /home/airflow/.local/lib/python3.8/site-packages/airflow/example_dags/example_sla_dag.py
[2024-03-25T20:38:57.950+0000] {logging_mixin.py:188} INFO - [2024-03-25T20:38:57.949+0000] {dag.py:3047} INFO - Sync 1 DAGs
[2024-03-25T20:38:57.965+0000] {logging_mixin.py:188} INFO - [2024-03-25T20:38:57.965+0000] {dag.py:3834} INFO - Setting next_dagrun for example_sla_dag to 2024-03-25 20:36:00+00:00, run_after=2024-03-25 20:38:00+00:00
[2024-03-25T20:38:57.975+0000] {processor.py:183} INFO - Processing /home/airflow/.local/lib/python3.8/site-packages/airflow/example_dags/example_sla_dag.py took 0.059 seconds
[2024-03-25T20:39:28.620+0000] {processor.py:161} INFO - Started process (PID=1520) to work on /home/airflow/.local/lib/python3.8/site-packages/airflow/example_dags/example_sla_dag.py
[2024-03-25T20:39:28.621+0000] {processor.py:830} INFO - Processing file /home/airflow/.local/lib/python3.8/site-packages/airflow/example_dags/example_sla_dag.py for tasks to queue
[2024-03-25T20:39:28.623+0000] {logging_mixin.py:188} INFO - [2024-03-25T20:39:28.623+0000] {dagbag.py:540} INFO - Filling up the DagBag from /home/airflow/.local/lib/python3.8/site-packages/airflow/example_dags/example_sla_dag.py
[2024-03-25T20:39:28.631+0000] {processor.py:840} INFO - DAG(s) 'example_sla_dag' retrieved from /home/airflow/.local/lib/python3.8/site-packages/airflow/example_dags/example_sla_dag.py
[2024-03-25T20:39:28.647+0000] {logging_mixin.py:188} INFO - [2024-03-25T20:39:28.646+0000] {dag.py:3047} INFO - Sync 1 DAGs
[2024-03-25T20:39:28.662+0000] {logging_mixin.py:188} INFO - [2024-03-25T20:39:28.662+0000] {dag.py:3834} INFO - Setting next_dagrun for example_sla_dag to 2024-03-25 20:36:00+00:00, run_after=2024-03-25 20:38:00+00:00
[2024-03-25T20:39:28.672+0000] {processor.py:183} INFO - Processing /home/airflow/.local/lib/python3.8/site-packages/airflow/example_dags/example_sla_dag.py took 0.057 seconds
[2024-03-25T20:39:59.089+0000] {processor.py:161} INFO - Started process (PID=1576) to work on /home/airflow/.local/lib/python3.8/site-packages/airflow/example_dags/example_sla_dag.py
[2024-03-25T20:39:59.090+0000] {processor.py:830} INFO - Processing file /home/airflow/.local/lib/python3.8/site-packages/airflow/example_dags/example_sla_dag.py for tasks to queue
[2024-03-25T20:39:59.092+0000] {logging_mixin.py:188} INFO - [2024-03-25T20:39:59.092+0000] {dagbag.py:540} INFO - Filling up the DagBag from /home/airflow/.local/lib/python3.8/site-packages/airflow/example_dags/example_sla_dag.py
[2024-03-25T20:39:59.101+0000] {processor.py:840} INFO - DAG(s) 'example_sla_dag' retrieved from /home/airflow/.local/lib/python3.8/site-packages/airflow/example_dags/example_sla_dag.py
[2024-03-25T20:39:59.115+0000] {logging_mixin.py:188} INFO - [2024-03-25T20:39:59.115+0000] {dag.py:3047} INFO - Sync 1 DAGs
[2024-03-25T20:39:59.131+0000] {logging_mixin.py:188} INFO - [2024-03-25T20:39:59.131+0000] {dag.py:3834} INFO - Setting next_dagrun for example_sla_dag to 2024-03-25 20:36:00+00:00, run_after=2024-03-25 20:38:00+00:00
[2024-03-25T20:39:59.141+0000] {processor.py:183} INFO - Processing /home/airflow/.local/lib/python3.8/site-packages/airflow/example_dags/example_sla_dag.py took 0.056 seconds
