[2024-03-25T20:19:36.993+0000] {processor.py:161} INFO - Started process (PID=53) to work on /home/airflow/.local/lib/python3.8/site-packages/airflow/example_dags/example_branch_python_dop_operator_3.py
[2024-03-25T20:19:36.995+0000] {processor.py:830} INFO - Processing file /home/airflow/.local/lib/python3.8/site-packages/airflow/example_dags/example_branch_python_dop_operator_3.py for tasks to queue
[2024-03-25T20:19:36.996+0000] {logging_mixin.py:188} INFO - [2024-03-25T20:19:36.996+0000] {dagbag.py:540} INFO - Filling up the DagBag from /home/airflow/.local/lib/python3.8/site-packages/airflow/example_dags/example_branch_python_dop_operator_3.py
[2024-03-25T20:19:37.006+0000] {processor.py:840} INFO - DAG(s) 'example_branch_dop_operator_v3' retrieved from /home/airflow/.local/lib/python3.8/site-packages/airflow/example_dags/example_branch_python_dop_operator_3.py
[2024-03-25T20:19:37.031+0000] {logging_mixin.py:188} INFO - [2024-03-25T20:19:37.031+0000] {dag.py:3047} INFO - Sync 1 DAGs
[2024-03-25T20:19:37.069+0000] {logging_mixin.py:188} INFO - [2024-03-25T20:19:37.069+0000] {dag.py:3834} INFO - Setting next_dagrun for example_branch_dop_operator_v3 to 2024-03-25 20:18:00+00:00, run_after=2024-03-25 20:19:00+00:00
[2024-03-25T20:19:37.093+0000] {processor.py:183} INFO - Processing /home/airflow/.local/lib/python3.8/site-packages/airflow/example_dags/example_branch_python_dop_operator_3.py took 0.104 seconds
[2024-03-25T20:20:07.481+0000] {processor.py:161} INFO - Started process (PID=109) to work on /home/airflow/.local/lib/python3.8/site-packages/airflow/example_dags/example_branch_python_dop_operator_3.py
[2024-03-25T20:20:07.482+0000] {processor.py:830} INFO - Processing file /home/airflow/.local/lib/python3.8/site-packages/airflow/example_dags/example_branch_python_dop_operator_3.py for tasks to queue
[2024-03-25T20:20:07.482+0000] {logging_mixin.py:188} INFO - [2024-03-25T20:20:07.482+0000] {dagbag.py:540} INFO - Filling up the DagBag from /home/airflow/.local/lib/python3.8/site-packages/airflow/example_dags/example_branch_python_dop_operator_3.py
[2024-03-25T20:20:07.488+0000] {processor.py:840} INFO - DAG(s) 'example_branch_dop_operator_v3' retrieved from /home/airflow/.local/lib/python3.8/site-packages/airflow/example_dags/example_branch_python_dop_operator_3.py
[2024-03-25T20:20:07.505+0000] {logging_mixin.py:188} INFO - [2024-03-25T20:20:07.504+0000] {dag.py:3047} INFO - Sync 1 DAGs
[2024-03-25T20:20:07.538+0000] {logging_mixin.py:188} INFO - [2024-03-25T20:20:07.537+0000] {dag.py:3834} INFO - Setting next_dagrun for example_branch_dop_operator_v3 to 2024-03-25 20:19:00+00:00, run_after=2024-03-25 20:20:00+00:00
[2024-03-25T20:20:07.546+0000] {processor.py:183} INFO - Processing /home/airflow/.local/lib/python3.8/site-packages/airflow/example_dags/example_branch_python_dop_operator_3.py took 0.068 seconds
[2024-03-25T20:26:14.357+0000] {processor.py:161} INFO - Started process (PID=52) to work on /home/airflow/.local/lib/python3.8/site-packages/airflow/example_dags/example_branch_python_dop_operator_3.py
[2024-03-25T20:26:14.358+0000] {processor.py:830} INFO - Processing file /home/airflow/.local/lib/python3.8/site-packages/airflow/example_dags/example_branch_python_dop_operator_3.py for tasks to queue
[2024-03-25T20:26:14.360+0000] {logging_mixin.py:188} INFO - [2024-03-25T20:26:14.359+0000] {dagbag.py:540} INFO - Filling up the DagBag from /home/airflow/.local/lib/python3.8/site-packages/airflow/example_dags/example_branch_python_dop_operator_3.py
[2024-03-25T20:26:14.366+0000] {processor.py:840} INFO - DAG(s) 'example_branch_dop_operator_v3' retrieved from /home/airflow/.local/lib/python3.8/site-packages/airflow/example_dags/example_branch_python_dop_operator_3.py
[2024-03-25T20:26:14.381+0000] {logging_mixin.py:188} INFO - [2024-03-25T20:26:14.381+0000] {dag.py:3047} INFO - Sync 1 DAGs
[2024-03-25T20:26:14.397+0000] {logging_mixin.py:188} INFO - [2024-03-25T20:26:14.396+0000] {dag.py:3834} INFO - Setting next_dagrun for example_branch_dop_operator_v3 to 2024-03-25 20:25:00+00:00, run_after=2024-03-25 20:26:00+00:00
[2024-03-25T20:26:14.411+0000] {processor.py:183} INFO - Processing /home/airflow/.local/lib/python3.8/site-packages/airflow/example_dags/example_branch_python_dop_operator_3.py took 0.056 seconds
[2024-03-25T20:26:44.476+0000] {processor.py:161} INFO - Started process (PID=107) to work on /home/airflow/.local/lib/python3.8/site-packages/airflow/example_dags/example_branch_python_dop_operator_3.py
[2024-03-25T20:26:44.477+0000] {processor.py:830} INFO - Processing file /home/airflow/.local/lib/python3.8/site-packages/airflow/example_dags/example_branch_python_dop_operator_3.py for tasks to queue
[2024-03-25T20:26:44.478+0000] {logging_mixin.py:188} INFO - [2024-03-25T20:26:44.478+0000] {dagbag.py:540} INFO - Filling up the DagBag from /home/airflow/.local/lib/python3.8/site-packages/airflow/example_dags/example_branch_python_dop_operator_3.py
[2024-03-25T20:26:44.485+0000] {processor.py:840} INFO - DAG(s) 'example_branch_dop_operator_v3' retrieved from /home/airflow/.local/lib/python3.8/site-packages/airflow/example_dags/example_branch_python_dop_operator_3.py
[2024-03-25T20:26:44.498+0000] {logging_mixin.py:188} INFO - [2024-03-25T20:26:44.498+0000] {dag.py:3047} INFO - Sync 1 DAGs
[2024-03-25T20:26:44.514+0000] {logging_mixin.py:188} INFO - [2024-03-25T20:26:44.513+0000] {dag.py:3834} INFO - Setting next_dagrun for example_branch_dop_operator_v3 to 2024-03-25 20:25:00+00:00, run_after=2024-03-25 20:26:00+00:00
[2024-03-25T20:26:44.524+0000] {processor.py:183} INFO - Processing /home/airflow/.local/lib/python3.8/site-packages/airflow/example_dags/example_branch_python_dop_operator_3.py took 0.050 seconds
[2024-03-25T20:27:14.679+0000] {processor.py:161} INFO - Started process (PID=162) to work on /home/airflow/.local/lib/python3.8/site-packages/airflow/example_dags/example_branch_python_dop_operator_3.py
[2024-03-25T20:27:14.680+0000] {processor.py:830} INFO - Processing file /home/airflow/.local/lib/python3.8/site-packages/airflow/example_dags/example_branch_python_dop_operator_3.py for tasks to queue
[2024-03-25T20:27:14.682+0000] {logging_mixin.py:188} INFO - [2024-03-25T20:27:14.681+0000] {dagbag.py:540} INFO - Filling up the DagBag from /home/airflow/.local/lib/python3.8/site-packages/airflow/example_dags/example_branch_python_dop_operator_3.py
[2024-03-25T20:27:14.688+0000] {processor.py:840} INFO - DAG(s) 'example_branch_dop_operator_v3' retrieved from /home/airflow/.local/lib/python3.8/site-packages/airflow/example_dags/example_branch_python_dop_operator_3.py
[2024-03-25T20:27:14.701+0000] {logging_mixin.py:188} INFO - [2024-03-25T20:27:14.701+0000] {dag.py:3047} INFO - Sync 1 DAGs
[2024-03-25T20:27:14.716+0000] {logging_mixin.py:188} INFO - [2024-03-25T20:27:14.716+0000] {dag.py:3834} INFO - Setting next_dagrun for example_branch_dop_operator_v3 to 2024-03-25 20:26:00+00:00, run_after=2024-03-25 20:27:00+00:00
[2024-03-25T20:27:14.726+0000] {processor.py:183} INFO - Processing /home/airflow/.local/lib/python3.8/site-packages/airflow/example_dags/example_branch_python_dop_operator_3.py took 0.049 seconds
[2024-03-25T20:27:44.799+0000] {processor.py:161} INFO - Started process (PID=218) to work on /home/airflow/.local/lib/python3.8/site-packages/airflow/example_dags/example_branch_python_dop_operator_3.py
[2024-03-25T20:27:44.800+0000] {processor.py:830} INFO - Processing file /home/airflow/.local/lib/python3.8/site-packages/airflow/example_dags/example_branch_python_dop_operator_3.py for tasks to queue
[2024-03-25T20:27:44.801+0000] {logging_mixin.py:188} INFO - [2024-03-25T20:27:44.801+0000] {dagbag.py:540} INFO - Filling up the DagBag from /home/airflow/.local/lib/python3.8/site-packages/airflow/example_dags/example_branch_python_dop_operator_3.py
[2024-03-25T20:27:44.806+0000] {processor.py:840} INFO - DAG(s) 'example_branch_dop_operator_v3' retrieved from /home/airflow/.local/lib/python3.8/site-packages/airflow/example_dags/example_branch_python_dop_operator_3.py
[2024-03-25T20:27:44.816+0000] {logging_mixin.py:188} INFO - [2024-03-25T20:27:44.816+0000] {dag.py:3047} INFO - Sync 1 DAGs
[2024-03-25T20:27:44.828+0000] {logging_mixin.py:188} INFO - [2024-03-25T20:27:44.828+0000] {dag.py:3834} INFO - Setting next_dagrun for example_branch_dop_operator_v3 to 2024-03-25 20:26:00+00:00, run_after=2024-03-25 20:27:00+00:00
[2024-03-25T20:27:44.838+0000] {processor.py:183} INFO - Processing /home/airflow/.local/lib/python3.8/site-packages/airflow/example_dags/example_branch_python_dop_operator_3.py took 0.041 seconds
[2024-03-25T20:28:14.969+0000] {processor.py:161} INFO - Started process (PID=274) to work on /home/airflow/.local/lib/python3.8/site-packages/airflow/example_dags/example_branch_python_dop_operator_3.py
[2024-03-25T20:28:14.970+0000] {processor.py:830} INFO - Processing file /home/airflow/.local/lib/python3.8/site-packages/airflow/example_dags/example_branch_python_dop_operator_3.py for tasks to queue
[2024-03-25T20:28:14.971+0000] {logging_mixin.py:188} INFO - [2024-03-25T20:28:14.971+0000] {dagbag.py:540} INFO - Filling up the DagBag from /home/airflow/.local/lib/python3.8/site-packages/airflow/example_dags/example_branch_python_dop_operator_3.py
[2024-03-25T20:28:14.976+0000] {processor.py:840} INFO - DAG(s) 'example_branch_dop_operator_v3' retrieved from /home/airflow/.local/lib/python3.8/site-packages/airflow/example_dags/example_branch_python_dop_operator_3.py
[2024-03-25T20:28:14.986+0000] {logging_mixin.py:188} INFO - [2024-03-25T20:28:14.986+0000] {dag.py:3047} INFO - Sync 1 DAGs
[2024-03-25T20:28:14.999+0000] {logging_mixin.py:188} INFO - [2024-03-25T20:28:14.999+0000] {dag.py:3834} INFO - Setting next_dagrun for example_branch_dop_operator_v3 to 2024-03-25 20:27:00+00:00, run_after=2024-03-25 20:28:00+00:00
[2024-03-25T20:28:15.007+0000] {processor.py:183} INFO - Processing /home/airflow/.local/lib/python3.8/site-packages/airflow/example_dags/example_branch_python_dop_operator_3.py took 0.040 seconds
[2024-03-25T20:28:45.088+0000] {processor.py:161} INFO - Started process (PID=330) to work on /home/airflow/.local/lib/python3.8/site-packages/airflow/example_dags/example_branch_python_dop_operator_3.py
[2024-03-25T20:28:45.088+0000] {processor.py:830} INFO - Processing file /home/airflow/.local/lib/python3.8/site-packages/airflow/example_dags/example_branch_python_dop_operator_3.py for tasks to queue
[2024-03-25T20:28:45.089+0000] {logging_mixin.py:188} INFO - [2024-03-25T20:28:45.089+0000] {dagbag.py:540} INFO - Filling up the DagBag from /home/airflow/.local/lib/python3.8/site-packages/airflow/example_dags/example_branch_python_dop_operator_3.py
[2024-03-25T20:28:45.095+0000] {processor.py:840} INFO - DAG(s) 'example_branch_dop_operator_v3' retrieved from /home/airflow/.local/lib/python3.8/site-packages/airflow/example_dags/example_branch_python_dop_operator_3.py
[2024-03-25T20:28:45.106+0000] {logging_mixin.py:188} INFO - [2024-03-25T20:28:45.106+0000] {dag.py:3047} INFO - Sync 1 DAGs
[2024-03-25T20:28:45.119+0000] {logging_mixin.py:188} INFO - [2024-03-25T20:28:45.119+0000] {dag.py:3834} INFO - Setting next_dagrun for example_branch_dop_operator_v3 to 2024-03-25 20:27:00+00:00, run_after=2024-03-25 20:28:00+00:00
[2024-03-25T20:28:45.128+0000] {processor.py:183} INFO - Processing /home/airflow/.local/lib/python3.8/site-packages/airflow/example_dags/example_branch_python_dop_operator_3.py took 0.043 seconds
[2024-03-25T20:29:15.360+0000] {processor.py:161} INFO - Started process (PID=386) to work on /home/airflow/.local/lib/python3.8/site-packages/airflow/example_dags/example_branch_python_dop_operator_3.py
[2024-03-25T20:29:15.361+0000] {processor.py:830} INFO - Processing file /home/airflow/.local/lib/python3.8/site-packages/airflow/example_dags/example_branch_python_dop_operator_3.py for tasks to queue
[2024-03-25T20:29:15.362+0000] {logging_mixin.py:188} INFO - [2024-03-25T20:29:15.362+0000] {dagbag.py:540} INFO - Filling up the DagBag from /home/airflow/.local/lib/python3.8/site-packages/airflow/example_dags/example_branch_python_dop_operator_3.py
[2024-03-25T20:29:15.368+0000] {processor.py:840} INFO - DAG(s) 'example_branch_dop_operator_v3' retrieved from /home/airflow/.local/lib/python3.8/site-packages/airflow/example_dags/example_branch_python_dop_operator_3.py
[2024-03-25T20:29:15.379+0000] {logging_mixin.py:188} INFO - [2024-03-25T20:29:15.378+0000] {dag.py:3047} INFO - Sync 1 DAGs
[2024-03-25T20:29:15.391+0000] {logging_mixin.py:188} INFO - [2024-03-25T20:29:15.391+0000] {dag.py:3834} INFO - Setting next_dagrun for example_branch_dop_operator_v3 to 2024-03-25 20:28:00+00:00, run_after=2024-03-25 20:29:00+00:00
[2024-03-25T20:29:15.400+0000] {processor.py:183} INFO - Processing /home/airflow/.local/lib/python3.8/site-packages/airflow/example_dags/example_branch_python_dop_operator_3.py took 0.041 seconds
[2024-03-25T20:29:45.748+0000] {processor.py:161} INFO - Started process (PID=442) to work on /home/airflow/.local/lib/python3.8/site-packages/airflow/example_dags/example_branch_python_dop_operator_3.py
[2024-03-25T20:29:45.749+0000] {processor.py:830} INFO - Processing file /home/airflow/.local/lib/python3.8/site-packages/airflow/example_dags/example_branch_python_dop_operator_3.py for tasks to queue
[2024-03-25T20:29:45.753+0000] {logging_mixin.py:188} INFO - [2024-03-25T20:29:45.753+0000] {dagbag.py:540} INFO - Filling up the DagBag from /home/airflow/.local/lib/python3.8/site-packages/airflow/example_dags/example_branch_python_dop_operator_3.py
[2024-03-25T20:29:45.758+0000] {processor.py:840} INFO - DAG(s) 'example_branch_dop_operator_v3' retrieved from /home/airflow/.local/lib/python3.8/site-packages/airflow/example_dags/example_branch_python_dop_operator_3.py
[2024-03-25T20:29:45.768+0000] {logging_mixin.py:188} INFO - [2024-03-25T20:29:45.768+0000] {dag.py:3047} INFO - Sync 1 DAGs
[2024-03-25T20:29:45.780+0000] {logging_mixin.py:188} INFO - [2024-03-25T20:29:45.780+0000] {dag.py:3834} INFO - Setting next_dagrun for example_branch_dop_operator_v3 to 2024-03-25 20:28:00+00:00, run_after=2024-03-25 20:29:00+00:00
[2024-03-25T20:29:45.788+0000] {processor.py:183} INFO - Processing /home/airflow/.local/lib/python3.8/site-packages/airflow/example_dags/example_branch_python_dop_operator_3.py took 0.042 seconds
[2024-03-25T20:30:15.854+0000] {processor.py:161} INFO - Started process (PID=507) to work on /home/airflow/.local/lib/python3.8/site-packages/airflow/example_dags/example_branch_python_dop_operator_3.py
[2024-03-25T20:30:15.855+0000] {processor.py:830} INFO - Processing file /home/airflow/.local/lib/python3.8/site-packages/airflow/example_dags/example_branch_python_dop_operator_3.py for tasks to queue
[2024-03-25T20:30:15.856+0000] {logging_mixin.py:188} INFO - [2024-03-25T20:30:15.856+0000] {dagbag.py:540} INFO - Filling up the DagBag from /home/airflow/.local/lib/python3.8/site-packages/airflow/example_dags/example_branch_python_dop_operator_3.py
[2024-03-25T20:30:15.861+0000] {processor.py:840} INFO - DAG(s) 'example_branch_dop_operator_v3' retrieved from /home/airflow/.local/lib/python3.8/site-packages/airflow/example_dags/example_branch_python_dop_operator_3.py
[2024-03-25T20:30:15.873+0000] {logging_mixin.py:188} INFO - [2024-03-25T20:30:15.873+0000] {dag.py:3047} INFO - Sync 1 DAGs
[2024-03-25T20:30:15.885+0000] {logging_mixin.py:188} INFO - [2024-03-25T20:30:15.885+0000] {dag.py:3834} INFO - Setting next_dagrun for example_branch_dop_operator_v3 to 2024-03-25 20:29:00+00:00, run_after=2024-03-25 20:30:00+00:00
[2024-03-25T20:30:15.894+0000] {processor.py:183} INFO - Processing /home/airflow/.local/lib/python3.8/site-packages/airflow/example_dags/example_branch_python_dop_operator_3.py took 0.041 seconds
[2024-03-25T20:30:46.980+0000] {processor.py:161} INFO - Started process (PID=563) to work on /home/airflow/.local/lib/python3.8/site-packages/airflow/example_dags/example_branch_python_dop_operator_3.py
[2024-03-25T20:30:46.981+0000] {processor.py:830} INFO - Processing file /home/airflow/.local/lib/python3.8/site-packages/airflow/example_dags/example_branch_python_dop_operator_3.py for tasks to queue
[2024-03-25T20:30:46.983+0000] {logging_mixin.py:188} INFO - [2024-03-25T20:30:46.983+0000] {dagbag.py:540} INFO - Filling up the DagBag from /home/airflow/.local/lib/python3.8/site-packages/airflow/example_dags/example_branch_python_dop_operator_3.py
[2024-03-25T20:30:46.989+0000] {processor.py:840} INFO - DAG(s) 'example_branch_dop_operator_v3' retrieved from /home/airflow/.local/lib/python3.8/site-packages/airflow/example_dags/example_branch_python_dop_operator_3.py
[2024-03-25T20:30:47.003+0000] {logging_mixin.py:188} INFO - [2024-03-25T20:30:47.003+0000] {dag.py:3047} INFO - Sync 1 DAGs
[2024-03-25T20:30:47.023+0000] {logging_mixin.py:188} INFO - [2024-03-25T20:30:47.023+0000] {dag.py:3834} INFO - Setting next_dagrun for example_branch_dop_operator_v3 to 2024-03-25 20:29:00+00:00, run_after=2024-03-25 20:30:00+00:00
[2024-03-25T20:30:47.038+0000] {processor.py:183} INFO - Processing /home/airflow/.local/lib/python3.8/site-packages/airflow/example_dags/example_branch_python_dop_operator_3.py took 0.060 seconds
[2024-03-25T20:31:17.918+0000] {processor.py:161} INFO - Started process (PID=619) to work on /home/airflow/.local/lib/python3.8/site-packages/airflow/example_dags/example_branch_python_dop_operator_3.py
[2024-03-25T20:31:17.919+0000] {processor.py:830} INFO - Processing file /home/airflow/.local/lib/python3.8/site-packages/airflow/example_dags/example_branch_python_dop_operator_3.py for tasks to queue
[2024-03-25T20:31:17.920+0000] {logging_mixin.py:188} INFO - [2024-03-25T20:31:17.920+0000] {dagbag.py:540} INFO - Filling up the DagBag from /home/airflow/.local/lib/python3.8/site-packages/airflow/example_dags/example_branch_python_dop_operator_3.py
[2024-03-25T20:31:17.926+0000] {processor.py:840} INFO - DAG(s) 'example_branch_dop_operator_v3' retrieved from /home/airflow/.local/lib/python3.8/site-packages/airflow/example_dags/example_branch_python_dop_operator_3.py
[2024-03-25T20:31:17.940+0000] {logging_mixin.py:188} INFO - [2024-03-25T20:31:17.940+0000] {dag.py:3047} INFO - Sync 1 DAGs
[2024-03-25T20:31:17.953+0000] {logging_mixin.py:188} INFO - [2024-03-25T20:31:17.953+0000] {dag.py:3834} INFO - Setting next_dagrun for example_branch_dop_operator_v3 to 2024-03-25 20:30:00+00:00, run_after=2024-03-25 20:31:00+00:00
[2024-03-25T20:31:17.963+0000] {processor.py:183} INFO - Processing /home/airflow/.local/lib/python3.8/site-packages/airflow/example_dags/example_branch_python_dop_operator_3.py took 0.048 seconds
[2024-03-25T20:31:48.594+0000] {processor.py:161} INFO - Started process (PID=675) to work on /home/airflow/.local/lib/python3.8/site-packages/airflow/example_dags/example_branch_python_dop_operator_3.py
[2024-03-25T20:31:48.595+0000] {processor.py:830} INFO - Processing file /home/airflow/.local/lib/python3.8/site-packages/airflow/example_dags/example_branch_python_dop_operator_3.py for tasks to queue
[2024-03-25T20:31:48.596+0000] {logging_mixin.py:188} INFO - [2024-03-25T20:31:48.596+0000] {dagbag.py:540} INFO - Filling up the DagBag from /home/airflow/.local/lib/python3.8/site-packages/airflow/example_dags/example_branch_python_dop_operator_3.py
[2024-03-25T20:31:48.602+0000] {processor.py:840} INFO - DAG(s) 'example_branch_dop_operator_v3' retrieved from /home/airflow/.local/lib/python3.8/site-packages/airflow/example_dags/example_branch_python_dop_operator_3.py
[2024-03-25T20:31:48.618+0000] {logging_mixin.py:188} INFO - [2024-03-25T20:31:48.618+0000] {dag.py:3047} INFO - Sync 1 DAGs
[2024-03-25T20:31:48.631+0000] {logging_mixin.py:188} INFO - [2024-03-25T20:31:48.631+0000] {dag.py:3834} INFO - Setting next_dagrun for example_branch_dop_operator_v3 to 2024-03-25 20:30:00+00:00, run_after=2024-03-25 20:31:00+00:00
[2024-03-25T20:31:48.648+0000] {processor.py:183} INFO - Processing /home/airflow/.local/lib/python3.8/site-packages/airflow/example_dags/example_branch_python_dop_operator_3.py took 0.056 seconds
[2024-03-25T20:32:19.204+0000] {processor.py:161} INFO - Started process (PID=731) to work on /home/airflow/.local/lib/python3.8/site-packages/airflow/example_dags/example_branch_python_dop_operator_3.py
[2024-03-25T20:32:19.205+0000] {processor.py:830} INFO - Processing file /home/airflow/.local/lib/python3.8/site-packages/airflow/example_dags/example_branch_python_dop_operator_3.py for tasks to queue
[2024-03-25T20:32:19.206+0000] {logging_mixin.py:188} INFO - [2024-03-25T20:32:19.206+0000] {dagbag.py:540} INFO - Filling up the DagBag from /home/airflow/.local/lib/python3.8/site-packages/airflow/example_dags/example_branch_python_dop_operator_3.py
[2024-03-25T20:32:19.211+0000] {processor.py:840} INFO - DAG(s) 'example_branch_dop_operator_v3' retrieved from /home/airflow/.local/lib/python3.8/site-packages/airflow/example_dags/example_branch_python_dop_operator_3.py
[2024-03-25T20:32:19.223+0000] {logging_mixin.py:188} INFO - [2024-03-25T20:32:19.223+0000] {dag.py:3047} INFO - Sync 1 DAGs
[2024-03-25T20:32:19.236+0000] {logging_mixin.py:188} INFO - [2024-03-25T20:32:19.236+0000] {dag.py:3834} INFO - Setting next_dagrun for example_branch_dop_operator_v3 to 2024-03-25 20:31:00+00:00, run_after=2024-03-25 20:32:00+00:00
[2024-03-25T20:32:19.246+0000] {processor.py:183} INFO - Processing /home/airflow/.local/lib/python3.8/site-packages/airflow/example_dags/example_branch_python_dop_operator_3.py took 0.044 seconds
[2024-03-25T20:32:49.798+0000] {processor.py:161} INFO - Started process (PID=787) to work on /home/airflow/.local/lib/python3.8/site-packages/airflow/example_dags/example_branch_python_dop_operator_3.py
[2024-03-25T20:32:49.798+0000] {processor.py:830} INFO - Processing file /home/airflow/.local/lib/python3.8/site-packages/airflow/example_dags/example_branch_python_dop_operator_3.py for tasks to queue
[2024-03-25T20:32:49.800+0000] {logging_mixin.py:188} INFO - [2024-03-25T20:32:49.799+0000] {dagbag.py:540} INFO - Filling up the DagBag from /home/airflow/.local/lib/python3.8/site-packages/airflow/example_dags/example_branch_python_dop_operator_3.py
[2024-03-25T20:32:49.805+0000] {processor.py:840} INFO - DAG(s) 'example_branch_dop_operator_v3' retrieved from /home/airflow/.local/lib/python3.8/site-packages/airflow/example_dags/example_branch_python_dop_operator_3.py
[2024-03-25T20:32:49.816+0000] {logging_mixin.py:188} INFO - [2024-03-25T20:32:49.816+0000] {dag.py:3047} INFO - Sync 1 DAGs
[2024-03-25T20:32:49.828+0000] {logging_mixin.py:188} INFO - [2024-03-25T20:32:49.827+0000] {dag.py:3834} INFO - Setting next_dagrun for example_branch_dop_operator_v3 to 2024-03-25 20:31:00+00:00, run_after=2024-03-25 20:32:00+00:00
[2024-03-25T20:32:49.838+0000] {processor.py:183} INFO - Processing /home/airflow/.local/lib/python3.8/site-packages/airflow/example_dags/example_branch_python_dop_operator_3.py took 0.043 seconds
[2024-03-25T20:33:20.261+0000] {processor.py:161} INFO - Started process (PID=843) to work on /home/airflow/.local/lib/python3.8/site-packages/airflow/example_dags/example_branch_python_dop_operator_3.py
[2024-03-25T20:33:20.261+0000] {processor.py:830} INFO - Processing file /home/airflow/.local/lib/python3.8/site-packages/airflow/example_dags/example_branch_python_dop_operator_3.py for tasks to queue
[2024-03-25T20:33:20.262+0000] {logging_mixin.py:188} INFO - [2024-03-25T20:33:20.262+0000] {dagbag.py:540} INFO - Filling up the DagBag from /home/airflow/.local/lib/python3.8/site-packages/airflow/example_dags/example_branch_python_dop_operator_3.py
[2024-03-25T20:33:20.267+0000] {processor.py:840} INFO - DAG(s) 'example_branch_dop_operator_v3' retrieved from /home/airflow/.local/lib/python3.8/site-packages/airflow/example_dags/example_branch_python_dop_operator_3.py
[2024-03-25T20:33:20.278+0000] {logging_mixin.py:188} INFO - [2024-03-25T20:33:20.277+0000] {dag.py:3047} INFO - Sync 1 DAGs
[2024-03-25T20:33:20.290+0000] {logging_mixin.py:188} INFO - [2024-03-25T20:33:20.290+0000] {dag.py:3834} INFO - Setting next_dagrun for example_branch_dop_operator_v3 to 2024-03-25 20:32:00+00:00, run_after=2024-03-25 20:33:00+00:00
[2024-03-25T20:33:20.299+0000] {processor.py:183} INFO - Processing /home/airflow/.local/lib/python3.8/site-packages/airflow/example_dags/example_branch_python_dop_operator_3.py took 0.040 seconds
[2024-03-25T20:33:50.701+0000] {processor.py:161} INFO - Started process (PID=899) to work on /home/airflow/.local/lib/python3.8/site-packages/airflow/example_dags/example_branch_python_dop_operator_3.py
[2024-03-25T20:33:50.701+0000] {processor.py:830} INFO - Processing file /home/airflow/.local/lib/python3.8/site-packages/airflow/example_dags/example_branch_python_dop_operator_3.py for tasks to queue
[2024-03-25T20:33:50.702+0000] {logging_mixin.py:188} INFO - [2024-03-25T20:33:50.702+0000] {dagbag.py:540} INFO - Filling up the DagBag from /home/airflow/.local/lib/python3.8/site-packages/airflow/example_dags/example_branch_python_dop_operator_3.py
[2024-03-25T20:33:50.707+0000] {processor.py:840} INFO - DAG(s) 'example_branch_dop_operator_v3' retrieved from /home/airflow/.local/lib/python3.8/site-packages/airflow/example_dags/example_branch_python_dop_operator_3.py
[2024-03-25T20:33:50.717+0000] {logging_mixin.py:188} INFO - [2024-03-25T20:33:50.717+0000] {dag.py:3047} INFO - Sync 1 DAGs
[2024-03-25T20:33:50.729+0000] {logging_mixin.py:188} INFO - [2024-03-25T20:33:50.729+0000] {dag.py:3834} INFO - Setting next_dagrun for example_branch_dop_operator_v3 to 2024-03-25 20:32:00+00:00, run_after=2024-03-25 20:33:00+00:00
[2024-03-25T20:33:50.737+0000] {processor.py:183} INFO - Processing /home/airflow/.local/lib/python3.8/site-packages/airflow/example_dags/example_branch_python_dop_operator_3.py took 0.039 seconds
[2024-03-25T20:34:21.415+0000] {processor.py:161} INFO - Started process (PID=954) to work on /home/airflow/.local/lib/python3.8/site-packages/airflow/example_dags/example_branch_python_dop_operator_3.py
[2024-03-25T20:34:21.416+0000] {processor.py:830} INFO - Processing file /home/airflow/.local/lib/python3.8/site-packages/airflow/example_dags/example_branch_python_dop_operator_3.py for tasks to queue
[2024-03-25T20:34:21.420+0000] {logging_mixin.py:188} INFO - [2024-03-25T20:34:21.420+0000] {dagbag.py:540} INFO - Filling up the DagBag from /home/airflow/.local/lib/python3.8/site-packages/airflow/example_dags/example_branch_python_dop_operator_3.py
[2024-03-25T20:34:21.427+0000] {processor.py:840} INFO - DAG(s) 'example_branch_dop_operator_v3' retrieved from /home/airflow/.local/lib/python3.8/site-packages/airflow/example_dags/example_branch_python_dop_operator_3.py
[2024-03-25T20:34:21.441+0000] {logging_mixin.py:188} INFO - [2024-03-25T20:34:21.441+0000] {dag.py:3047} INFO - Sync 1 DAGs
[2024-03-25T20:34:21.458+0000] {logging_mixin.py:188} INFO - [2024-03-25T20:34:21.458+0000] {dag.py:3834} INFO - Setting next_dagrun for example_branch_dop_operator_v3 to 2024-03-25 20:33:00+00:00, run_after=2024-03-25 20:34:00+00:00
[2024-03-25T20:34:21.467+0000] {processor.py:183} INFO - Processing /home/airflow/.local/lib/python3.8/site-packages/airflow/example_dags/example_branch_python_dop_operator_3.py took 0.055 seconds
[2024-03-25T20:34:52.152+0000] {processor.py:161} INFO - Started process (PID=1010) to work on /home/airflow/.local/lib/python3.8/site-packages/airflow/example_dags/example_branch_python_dop_operator_3.py
[2024-03-25T20:34:52.153+0000] {processor.py:830} INFO - Processing file /home/airflow/.local/lib/python3.8/site-packages/airflow/example_dags/example_branch_python_dop_operator_3.py for tasks to queue
[2024-03-25T20:34:52.154+0000] {logging_mixin.py:188} INFO - [2024-03-25T20:34:52.154+0000] {dagbag.py:540} INFO - Filling up the DagBag from /home/airflow/.local/lib/python3.8/site-packages/airflow/example_dags/example_branch_python_dop_operator_3.py
[2024-03-25T20:34:52.159+0000] {processor.py:840} INFO - DAG(s) 'example_branch_dop_operator_v3' retrieved from /home/airflow/.local/lib/python3.8/site-packages/airflow/example_dags/example_branch_python_dop_operator_3.py
[2024-03-25T20:34:52.169+0000] {logging_mixin.py:188} INFO - [2024-03-25T20:34:52.169+0000] {dag.py:3047} INFO - Sync 1 DAGs
[2024-03-25T20:34:52.181+0000] {logging_mixin.py:188} INFO - [2024-03-25T20:34:52.181+0000] {dag.py:3834} INFO - Setting next_dagrun for example_branch_dop_operator_v3 to 2024-03-25 20:33:00+00:00, run_after=2024-03-25 20:34:00+00:00
[2024-03-25T20:34:52.190+0000] {processor.py:183} INFO - Processing /home/airflow/.local/lib/python3.8/site-packages/airflow/example_dags/example_branch_python_dop_operator_3.py took 0.039 seconds
[2024-03-25T20:35:22.623+0000] {processor.py:161} INFO - Started process (PID=1066) to work on /home/airflow/.local/lib/python3.8/site-packages/airflow/example_dags/example_branch_python_dop_operator_3.py
[2024-03-25T20:35:22.623+0000] {processor.py:830} INFO - Processing file /home/airflow/.local/lib/python3.8/site-packages/airflow/example_dags/example_branch_python_dop_operator_3.py for tasks to queue
[2024-03-25T20:35:22.624+0000] {logging_mixin.py:188} INFO - [2024-03-25T20:35:22.624+0000] {dagbag.py:540} INFO - Filling up the DagBag from /home/airflow/.local/lib/python3.8/site-packages/airflow/example_dags/example_branch_python_dop_operator_3.py
[2024-03-25T20:35:22.629+0000] {processor.py:840} INFO - DAG(s) 'example_branch_dop_operator_v3' retrieved from /home/airflow/.local/lib/python3.8/site-packages/airflow/example_dags/example_branch_python_dop_operator_3.py
[2024-03-25T20:35:22.639+0000] {logging_mixin.py:188} INFO - [2024-03-25T20:35:22.639+0000] {dag.py:3047} INFO - Sync 1 DAGs
[2024-03-25T20:35:22.651+0000] {logging_mixin.py:188} INFO - [2024-03-25T20:35:22.651+0000] {dag.py:3834} INFO - Setting next_dagrun for example_branch_dop_operator_v3 to 2024-03-25 20:34:00+00:00, run_after=2024-03-25 20:35:00+00:00
[2024-03-25T20:35:22.660+0000] {processor.py:183} INFO - Processing /home/airflow/.local/lib/python3.8/site-packages/airflow/example_dags/example_branch_python_dop_operator_3.py took 0.039 seconds
[2024-03-25T20:35:53.287+0000] {processor.py:161} INFO - Started process (PID=1122) to work on /home/airflow/.local/lib/python3.8/site-packages/airflow/example_dags/example_branch_python_dop_operator_3.py
[2024-03-25T20:35:53.287+0000] {processor.py:830} INFO - Processing file /home/airflow/.local/lib/python3.8/site-packages/airflow/example_dags/example_branch_python_dop_operator_3.py for tasks to queue
[2024-03-25T20:35:53.288+0000] {logging_mixin.py:188} INFO - [2024-03-25T20:35:53.288+0000] {dagbag.py:540} INFO - Filling up the DagBag from /home/airflow/.local/lib/python3.8/site-packages/airflow/example_dags/example_branch_python_dop_operator_3.py
[2024-03-25T20:35:53.293+0000] {processor.py:840} INFO - DAG(s) 'example_branch_dop_operator_v3' retrieved from /home/airflow/.local/lib/python3.8/site-packages/airflow/example_dags/example_branch_python_dop_operator_3.py
[2024-03-25T20:35:53.304+0000] {logging_mixin.py:188} INFO - [2024-03-25T20:35:53.304+0000] {dag.py:3047} INFO - Sync 1 DAGs
[2024-03-25T20:35:53.316+0000] {logging_mixin.py:188} INFO - [2024-03-25T20:35:53.316+0000] {dag.py:3834} INFO - Setting next_dagrun for example_branch_dop_operator_v3 to 2024-03-25 20:34:00+00:00, run_after=2024-03-25 20:35:00+00:00
[2024-03-25T20:35:53.324+0000] {processor.py:183} INFO - Processing /home/airflow/.local/lib/python3.8/site-packages/airflow/example_dags/example_branch_python_dop_operator_3.py took 0.039 seconds
[2024-03-25T20:36:23.751+0000] {processor.py:161} INFO - Started process (PID=1178) to work on /home/airflow/.local/lib/python3.8/site-packages/airflow/example_dags/example_branch_python_dop_operator_3.py
[2024-03-25T20:36:23.752+0000] {processor.py:830} INFO - Processing file /home/airflow/.local/lib/python3.8/site-packages/airflow/example_dags/example_branch_python_dop_operator_3.py for tasks to queue
[2024-03-25T20:36:23.753+0000] {logging_mixin.py:188} INFO - [2024-03-25T20:36:23.753+0000] {dagbag.py:540} INFO - Filling up the DagBag from /home/airflow/.local/lib/python3.8/site-packages/airflow/example_dags/example_branch_python_dop_operator_3.py
[2024-03-25T20:36:23.758+0000] {processor.py:840} INFO - DAG(s) 'example_branch_dop_operator_v3' retrieved from /home/airflow/.local/lib/python3.8/site-packages/airflow/example_dags/example_branch_python_dop_operator_3.py
[2024-03-25T20:36:23.770+0000] {logging_mixin.py:188} INFO - [2024-03-25T20:36:23.770+0000] {dag.py:3047} INFO - Sync 1 DAGs
[2024-03-25T20:36:23.783+0000] {logging_mixin.py:188} INFO - [2024-03-25T20:36:23.783+0000] {dag.py:3834} INFO - Setting next_dagrun for example_branch_dop_operator_v3 to 2024-03-25 20:35:00+00:00, run_after=2024-03-25 20:36:00+00:00
[2024-03-25T20:36:23.793+0000] {processor.py:183} INFO - Processing /home/airflow/.local/lib/python3.8/site-packages/airflow/example_dags/example_branch_python_dop_operator_3.py took 0.044 seconds
[2024-03-25T20:36:54.391+0000] {processor.py:161} INFO - Started process (PID=1233) to work on /home/airflow/.local/lib/python3.8/site-packages/airflow/example_dags/example_branch_python_dop_operator_3.py
[2024-03-25T20:36:54.392+0000] {processor.py:830} INFO - Processing file /home/airflow/.local/lib/python3.8/site-packages/airflow/example_dags/example_branch_python_dop_operator_3.py for tasks to queue
[2024-03-25T20:36:54.393+0000] {logging_mixin.py:188} INFO - [2024-03-25T20:36:54.393+0000] {dagbag.py:540} INFO - Filling up the DagBag from /home/airflow/.local/lib/python3.8/site-packages/airflow/example_dags/example_branch_python_dop_operator_3.py
[2024-03-25T20:36:54.398+0000] {processor.py:840} INFO - DAG(s) 'example_branch_dop_operator_v3' retrieved from /home/airflow/.local/lib/python3.8/site-packages/airflow/example_dags/example_branch_python_dop_operator_3.py
[2024-03-25T20:36:54.409+0000] {logging_mixin.py:188} INFO - [2024-03-25T20:36:54.409+0000] {dag.py:3047} INFO - Sync 1 DAGs
[2024-03-25T20:36:54.422+0000] {logging_mixin.py:188} INFO - [2024-03-25T20:36:54.422+0000] {dag.py:3834} INFO - Setting next_dagrun for example_branch_dop_operator_v3 to 2024-03-25 20:35:00+00:00, run_after=2024-03-25 20:36:00+00:00
[2024-03-25T20:36:54.430+0000] {processor.py:183} INFO - Processing /home/airflow/.local/lib/python3.8/site-packages/airflow/example_dags/example_branch_python_dop_operator_3.py took 0.041 seconds
[2024-03-25T20:37:24.990+0000] {processor.py:161} INFO - Started process (PID=1289) to work on /home/airflow/.local/lib/python3.8/site-packages/airflow/example_dags/example_branch_python_dop_operator_3.py
[2024-03-25T20:37:24.991+0000] {processor.py:830} INFO - Processing file /home/airflow/.local/lib/python3.8/site-packages/airflow/example_dags/example_branch_python_dop_operator_3.py for tasks to queue
[2024-03-25T20:37:24.992+0000] {logging_mixin.py:188} INFO - [2024-03-25T20:37:24.992+0000] {dagbag.py:540} INFO - Filling up the DagBag from /home/airflow/.local/lib/python3.8/site-packages/airflow/example_dags/example_branch_python_dop_operator_3.py
[2024-03-25T20:37:24.997+0000] {processor.py:840} INFO - DAG(s) 'example_branch_dop_operator_v3' retrieved from /home/airflow/.local/lib/python3.8/site-packages/airflow/example_dags/example_branch_python_dop_operator_3.py
[2024-03-25T20:37:25.007+0000] {logging_mixin.py:188} INFO - [2024-03-25T20:37:25.007+0000] {dag.py:3047} INFO - Sync 1 DAGs
[2024-03-25T20:37:25.019+0000] {logging_mixin.py:188} INFO - [2024-03-25T20:37:25.019+0000] {dag.py:3834} INFO - Setting next_dagrun for example_branch_dop_operator_v3 to 2024-03-25 20:36:00+00:00, run_after=2024-03-25 20:37:00+00:00
[2024-03-25T20:37:25.028+0000] {processor.py:183} INFO - Processing /home/airflow/.local/lib/python3.8/site-packages/airflow/example_dags/example_branch_python_dop_operator_3.py took 0.040 seconds
[2024-03-25T20:37:55.770+0000] {processor.py:161} INFO - Started process (PID=1345) to work on /home/airflow/.local/lib/python3.8/site-packages/airflow/example_dags/example_branch_python_dop_operator_3.py
[2024-03-25T20:37:55.771+0000] {processor.py:830} INFO - Processing file /home/airflow/.local/lib/python3.8/site-packages/airflow/example_dags/example_branch_python_dop_operator_3.py for tasks to queue
[2024-03-25T20:37:55.772+0000] {logging_mixin.py:188} INFO - [2024-03-25T20:37:55.772+0000] {dagbag.py:540} INFO - Filling up the DagBag from /home/airflow/.local/lib/python3.8/site-packages/airflow/example_dags/example_branch_python_dop_operator_3.py
[2024-03-25T20:37:55.777+0000] {processor.py:840} INFO - DAG(s) 'example_branch_dop_operator_v3' retrieved from /home/airflow/.local/lib/python3.8/site-packages/airflow/example_dags/example_branch_python_dop_operator_3.py
[2024-03-25T20:37:55.787+0000] {logging_mixin.py:188} INFO - [2024-03-25T20:37:55.787+0000] {dag.py:3047} INFO - Sync 1 DAGs
[2024-03-25T20:37:55.799+0000] {logging_mixin.py:188} INFO - [2024-03-25T20:37:55.799+0000] {dag.py:3834} INFO - Setting next_dagrun for example_branch_dop_operator_v3 to 2024-03-25 20:36:00+00:00, run_after=2024-03-25 20:37:00+00:00
[2024-03-25T20:37:55.808+0000] {processor.py:183} INFO - Processing /home/airflow/.local/lib/python3.8/site-packages/airflow/example_dags/example_branch_python_dop_operator_3.py took 0.040 seconds
[2024-03-25T20:38:26.284+0000] {processor.py:161} INFO - Started process (PID=1401) to work on /home/airflow/.local/lib/python3.8/site-packages/airflow/example_dags/example_branch_python_dop_operator_3.py
[2024-03-25T20:38:26.285+0000] {processor.py:830} INFO - Processing file /home/airflow/.local/lib/python3.8/site-packages/airflow/example_dags/example_branch_python_dop_operator_3.py for tasks to queue
[2024-03-25T20:38:26.286+0000] {logging_mixin.py:188} INFO - [2024-03-25T20:38:26.286+0000] {dagbag.py:540} INFO - Filling up the DagBag from /home/airflow/.local/lib/python3.8/site-packages/airflow/example_dags/example_branch_python_dop_operator_3.py
[2024-03-25T20:38:26.290+0000] {processor.py:840} INFO - DAG(s) 'example_branch_dop_operator_v3' retrieved from /home/airflow/.local/lib/python3.8/site-packages/airflow/example_dags/example_branch_python_dop_operator_3.py
[2024-03-25T20:38:26.301+0000] {logging_mixin.py:188} INFO - [2024-03-25T20:38:26.301+0000] {dag.py:3047} INFO - Sync 1 DAGs
[2024-03-25T20:38:26.314+0000] {logging_mixin.py:188} INFO - [2024-03-25T20:38:26.314+0000] {dag.py:3834} INFO - Setting next_dagrun for example_branch_dop_operator_v3 to 2024-03-25 20:37:00+00:00, run_after=2024-03-25 20:38:00+00:00
[2024-03-25T20:38:26.323+0000] {processor.py:183} INFO - Processing /home/airflow/.local/lib/python3.8/site-packages/airflow/example_dags/example_branch_python_dop_operator_3.py took 0.041 seconds
[2024-03-25T20:38:56.723+0000] {processor.py:161} INFO - Started process (PID=1457) to work on /home/airflow/.local/lib/python3.8/site-packages/airflow/example_dags/example_branch_python_dop_operator_3.py
[2024-03-25T20:38:56.724+0000] {processor.py:830} INFO - Processing file /home/airflow/.local/lib/python3.8/site-packages/airflow/example_dags/example_branch_python_dop_operator_3.py for tasks to queue
[2024-03-25T20:38:56.725+0000] {logging_mixin.py:188} INFO - [2024-03-25T20:38:56.725+0000] {dagbag.py:540} INFO - Filling up the DagBag from /home/airflow/.local/lib/python3.8/site-packages/airflow/example_dags/example_branch_python_dop_operator_3.py
[2024-03-25T20:38:56.730+0000] {processor.py:840} INFO - DAG(s) 'example_branch_dop_operator_v3' retrieved from /home/airflow/.local/lib/python3.8/site-packages/airflow/example_dags/example_branch_python_dop_operator_3.py
[2024-03-25T20:38:56.740+0000] {logging_mixin.py:188} INFO - [2024-03-25T20:38:56.740+0000] {dag.py:3047} INFO - Sync 1 DAGs
[2024-03-25T20:38:56.753+0000] {logging_mixin.py:188} INFO - [2024-03-25T20:38:56.753+0000] {dag.py:3834} INFO - Setting next_dagrun for example_branch_dop_operator_v3 to 2024-03-25 20:37:00+00:00, run_after=2024-03-25 20:38:00+00:00
[2024-03-25T20:38:56.762+0000] {processor.py:183} INFO - Processing /home/airflow/.local/lib/python3.8/site-packages/airflow/example_dags/example_branch_python_dop_operator_3.py took 0.041 seconds
[2024-03-25T20:39:27.406+0000] {processor.py:161} INFO - Started process (PID=1513) to work on /home/airflow/.local/lib/python3.8/site-packages/airflow/example_dags/example_branch_python_dop_operator_3.py
[2024-03-25T20:39:27.407+0000] {processor.py:830} INFO - Processing file /home/airflow/.local/lib/python3.8/site-packages/airflow/example_dags/example_branch_python_dop_operator_3.py for tasks to queue
[2024-03-25T20:39:27.410+0000] {logging_mixin.py:188} INFO - [2024-03-25T20:39:27.409+0000] {dagbag.py:540} INFO - Filling up the DagBag from /home/airflow/.local/lib/python3.8/site-packages/airflow/example_dags/example_branch_python_dop_operator_3.py
[2024-03-25T20:39:27.417+0000] {processor.py:840} INFO - DAG(s) 'example_branch_dop_operator_v3' retrieved from /home/airflow/.local/lib/python3.8/site-packages/airflow/example_dags/example_branch_python_dop_operator_3.py
[2024-03-25T20:39:27.439+0000] {logging_mixin.py:188} INFO - [2024-03-25T20:39:27.439+0000] {dag.py:3047} INFO - Sync 1 DAGs
[2024-03-25T20:39:27.451+0000] {logging_mixin.py:188} INFO - [2024-03-25T20:39:27.451+0000] {dag.py:3834} INFO - Setting next_dagrun for example_branch_dop_operator_v3 to 2024-03-25 20:38:00+00:00, run_after=2024-03-25 20:39:00+00:00
[2024-03-25T20:39:27.461+0000] {processor.py:183} INFO - Processing /home/airflow/.local/lib/python3.8/site-packages/airflow/example_dags/example_branch_python_dop_operator_3.py took 0.057 seconds
[2024-03-25T20:39:57.863+0000] {processor.py:161} INFO - Started process (PID=1569) to work on /home/airflow/.local/lib/python3.8/site-packages/airflow/example_dags/example_branch_python_dop_operator_3.py
[2024-03-25T20:39:57.864+0000] {processor.py:830} INFO - Processing file /home/airflow/.local/lib/python3.8/site-packages/airflow/example_dags/example_branch_python_dop_operator_3.py for tasks to queue
[2024-03-25T20:39:57.865+0000] {logging_mixin.py:188} INFO - [2024-03-25T20:39:57.865+0000] {dagbag.py:540} INFO - Filling up the DagBag from /home/airflow/.local/lib/python3.8/site-packages/airflow/example_dags/example_branch_python_dop_operator_3.py
[2024-03-25T20:39:57.870+0000] {processor.py:840} INFO - DAG(s) 'example_branch_dop_operator_v3' retrieved from /home/airflow/.local/lib/python3.8/site-packages/airflow/example_dags/example_branch_python_dop_operator_3.py
[2024-03-25T20:39:57.880+0000] {logging_mixin.py:188} INFO - [2024-03-25T20:39:57.880+0000] {dag.py:3047} INFO - Sync 1 DAGs
[2024-03-25T20:39:57.893+0000] {logging_mixin.py:188} INFO - [2024-03-25T20:39:57.892+0000] {dag.py:3834} INFO - Setting next_dagrun for example_branch_dop_operator_v3 to 2024-03-25 20:38:00+00:00, run_after=2024-03-25 20:39:00+00:00
[2024-03-25T20:39:57.902+0000] {processor.py:183} INFO - Processing /home/airflow/.local/lib/python3.8/site-packages/airflow/example_dags/example_branch_python_dop_operator_3.py took 0.041 seconds
