[2024-03-25T20:19:37.298+0000] {processor.py:161} INFO - Started process (PID=57) to work on /home/airflow/.local/lib/python3.8/site-packages/airflow/example_dags/example_branch_operator.py
[2024-03-25T20:19:37.299+0000] {processor.py:830} INFO - Processing file /home/airflow/.local/lib/python3.8/site-packages/airflow/example_dags/example_branch_operator.py for tasks to queue
[2024-03-25T20:19:37.302+0000] {logging_mixin.py:188} INFO - [2024-03-25T20:19:37.301+0000] {dagbag.py:540} INFO - Filling up the DagBag from /home/airflow/.local/lib/python3.8/site-packages/airflow/example_dags/example_branch_operator.py
[2024-03-25T20:19:37.318+0000] {processor.py:840} INFO - DAG(s) 'example_branch_operator' retrieved from /home/airflow/.local/lib/python3.8/site-packages/airflow/example_dags/example_branch_operator.py
[2024-03-25T20:19:37.423+0000] {logging_mixin.py:188} INFO - [2024-03-25T20:19:37.422+0000] {dag.py:3047} INFO - Sync 1 DAGs
[2024-03-25T20:19:37.435+0000] {logging_mixin.py:188} INFO - [2024-03-25T20:19:37.435+0000] {dag.py:3834} INFO - Setting next_dagrun for example_branch_operator to 2024-03-24 00:00:00+00:00, run_after=2024-03-25 00:00:00+00:00
[2024-03-25T20:19:37.447+0000] {processor.py:183} INFO - Processing /home/airflow/.local/lib/python3.8/site-packages/airflow/example_dags/example_branch_operator.py took 0.152 seconds
[2024-03-25T20:20:07.717+0000] {processor.py:161} INFO - Started process (PID=113) to work on /home/airflow/.local/lib/python3.8/site-packages/airflow/example_dags/example_branch_operator.py
[2024-03-25T20:20:07.718+0000] {processor.py:830} INFO - Processing file /home/airflow/.local/lib/python3.8/site-packages/airflow/example_dags/example_branch_operator.py for tasks to queue
[2024-03-25T20:20:07.719+0000] {logging_mixin.py:188} INFO - [2024-03-25T20:20:07.719+0000] {dagbag.py:540} INFO - Filling up the DagBag from /home/airflow/.local/lib/python3.8/site-packages/airflow/example_dags/example_branch_operator.py
[2024-03-25T20:20:07.727+0000] {processor.py:840} INFO - DAG(s) 'example_branch_operator' retrieved from /home/airflow/.local/lib/python3.8/site-packages/airflow/example_dags/example_branch_operator.py
[2024-03-25T20:20:07.741+0000] {logging_mixin.py:188} INFO - [2024-03-25T20:20:07.741+0000] {dag.py:3047} INFO - Sync 1 DAGs
[2024-03-25T20:20:07.752+0000] {logging_mixin.py:188} INFO - [2024-03-25T20:20:07.752+0000] {dag.py:3834} INFO - Setting next_dagrun for example_branch_operator to 2024-03-24 00:00:00+00:00, run_after=2024-03-25 00:00:00+00:00
[2024-03-25T20:20:07.761+0000] {processor.py:183} INFO - Processing /home/airflow/.local/lib/python3.8/site-packages/airflow/example_dags/example_branch_operator.py took 0.045 seconds
[2024-03-25T20:26:14.586+0000] {processor.py:161} INFO - Started process (PID=56) to work on /home/airflow/.local/lib/python3.8/site-packages/airflow/example_dags/example_branch_operator.py
[2024-03-25T20:26:14.588+0000] {processor.py:830} INFO - Processing file /home/airflow/.local/lib/python3.8/site-packages/airflow/example_dags/example_branch_operator.py for tasks to queue
[2024-03-25T20:26:14.589+0000] {logging_mixin.py:188} INFO - [2024-03-25T20:26:14.589+0000] {dagbag.py:540} INFO - Filling up the DagBag from /home/airflow/.local/lib/python3.8/site-packages/airflow/example_dags/example_branch_operator.py
[2024-03-25T20:26:14.601+0000] {processor.py:840} INFO - DAG(s) 'example_branch_operator' retrieved from /home/airflow/.local/lib/python3.8/site-packages/airflow/example_dags/example_branch_operator.py
[2024-03-25T20:26:14.672+0000] {logging_mixin.py:188} INFO - [2024-03-25T20:26:14.672+0000] {dag.py:3047} INFO - Sync 1 DAGs
[2024-03-25T20:26:14.685+0000] {logging_mixin.py:188} INFO - [2024-03-25T20:26:14.684+0000] {dag.py:3834} INFO - Setting next_dagrun for example_branch_operator to 2024-03-24 00:00:00+00:00, run_after=2024-03-25 00:00:00+00:00
[2024-03-25T20:26:14.698+0000] {processor.py:183} INFO - Processing /home/airflow/.local/lib/python3.8/site-packages/airflow/example_dags/example_branch_operator.py took 0.115 seconds
[2024-03-25T20:26:44.748+0000] {processor.py:161} INFO - Started process (PID=112) to work on /home/airflow/.local/lib/python3.8/site-packages/airflow/example_dags/example_branch_operator.py
[2024-03-25T20:26:44.749+0000] {processor.py:830} INFO - Processing file /home/airflow/.local/lib/python3.8/site-packages/airflow/example_dags/example_branch_operator.py for tasks to queue
[2024-03-25T20:26:44.750+0000] {logging_mixin.py:188} INFO - [2024-03-25T20:26:44.750+0000] {dagbag.py:540} INFO - Filling up the DagBag from /home/airflow/.local/lib/python3.8/site-packages/airflow/example_dags/example_branch_operator.py
[2024-03-25T20:26:44.760+0000] {processor.py:840} INFO - DAG(s) 'example_branch_operator' retrieved from /home/airflow/.local/lib/python3.8/site-packages/airflow/example_dags/example_branch_operator.py
[2024-03-25T20:26:44.775+0000] {logging_mixin.py:188} INFO - [2024-03-25T20:26:44.774+0000] {dag.py:3047} INFO - Sync 1 DAGs
[2024-03-25T20:26:44.788+0000] {logging_mixin.py:188} INFO - [2024-03-25T20:26:44.787+0000] {dag.py:3834} INFO - Setting next_dagrun for example_branch_operator to 2024-03-24 00:00:00+00:00, run_after=2024-03-25 00:00:00+00:00
[2024-03-25T20:26:44.798+0000] {processor.py:183} INFO - Processing /home/airflow/.local/lib/python3.8/site-packages/airflow/example_dags/example_branch_operator.py took 0.052 seconds
[2024-03-25T20:27:14.812+0000] {processor.py:161} INFO - Started process (PID=167) to work on /home/airflow/.local/lib/python3.8/site-packages/airflow/example_dags/example_branch_operator.py
[2024-03-25T20:27:14.813+0000] {processor.py:830} INFO - Processing file /home/airflow/.local/lib/python3.8/site-packages/airflow/example_dags/example_branch_operator.py for tasks to queue
[2024-03-25T20:27:14.814+0000] {logging_mixin.py:188} INFO - [2024-03-25T20:27:14.813+0000] {dagbag.py:540} INFO - Filling up the DagBag from /home/airflow/.local/lib/python3.8/site-packages/airflow/example_dags/example_branch_operator.py
[2024-03-25T20:27:14.822+0000] {processor.py:840} INFO - DAG(s) 'example_branch_operator' retrieved from /home/airflow/.local/lib/python3.8/site-packages/airflow/example_dags/example_branch_operator.py
[2024-03-25T20:27:14.836+0000] {logging_mixin.py:188} INFO - [2024-03-25T20:27:14.836+0000] {dag.py:3047} INFO - Sync 1 DAGs
[2024-03-25T20:27:14.847+0000] {logging_mixin.py:188} INFO - [2024-03-25T20:27:14.847+0000] {dag.py:3834} INFO - Setting next_dagrun for example_branch_operator to 2024-03-24 00:00:00+00:00, run_after=2024-03-25 00:00:00+00:00
[2024-03-25T20:27:14.855+0000] {processor.py:183} INFO - Processing /home/airflow/.local/lib/python3.8/site-packages/airflow/example_dags/example_branch_operator.py took 0.045 seconds
[2024-03-25T20:27:44.916+0000] {processor.py:161} INFO - Started process (PID=223) to work on /home/airflow/.local/lib/python3.8/site-packages/airflow/example_dags/example_branch_operator.py
[2024-03-25T20:27:44.916+0000] {processor.py:830} INFO - Processing file /home/airflow/.local/lib/python3.8/site-packages/airflow/example_dags/example_branch_operator.py for tasks to queue
[2024-03-25T20:27:44.917+0000] {logging_mixin.py:188} INFO - [2024-03-25T20:27:44.917+0000] {dagbag.py:540} INFO - Filling up the DagBag from /home/airflow/.local/lib/python3.8/site-packages/airflow/example_dags/example_branch_operator.py
[2024-03-25T20:27:44.925+0000] {processor.py:840} INFO - DAG(s) 'example_branch_operator' retrieved from /home/airflow/.local/lib/python3.8/site-packages/airflow/example_dags/example_branch_operator.py
[2024-03-25T20:27:44.938+0000] {logging_mixin.py:188} INFO - [2024-03-25T20:27:44.938+0000] {dag.py:3047} INFO - Sync 1 DAGs
[2024-03-25T20:27:44.949+0000] {logging_mixin.py:188} INFO - [2024-03-25T20:27:44.949+0000] {dag.py:3834} INFO - Setting next_dagrun for example_branch_operator to 2024-03-24 00:00:00+00:00, run_after=2024-03-25 00:00:00+00:00
[2024-03-25T20:27:44.957+0000] {processor.py:183} INFO - Processing /home/airflow/.local/lib/python3.8/site-packages/airflow/example_dags/example_branch_operator.py took 0.043 seconds
[2024-03-25T20:28:15.073+0000] {processor.py:161} INFO - Started process (PID=278) to work on /home/airflow/.local/lib/python3.8/site-packages/airflow/example_dags/example_branch_operator.py
[2024-03-25T20:28:15.074+0000] {processor.py:830} INFO - Processing file /home/airflow/.local/lib/python3.8/site-packages/airflow/example_dags/example_branch_operator.py for tasks to queue
[2024-03-25T20:28:15.075+0000] {logging_mixin.py:188} INFO - [2024-03-25T20:28:15.075+0000] {dagbag.py:540} INFO - Filling up the DagBag from /home/airflow/.local/lib/python3.8/site-packages/airflow/example_dags/example_branch_operator.py
[2024-03-25T20:28:15.083+0000] {processor.py:840} INFO - DAG(s) 'example_branch_operator' retrieved from /home/airflow/.local/lib/python3.8/site-packages/airflow/example_dags/example_branch_operator.py
[2024-03-25T20:28:15.097+0000] {logging_mixin.py:188} INFO - [2024-03-25T20:28:15.097+0000] {dag.py:3047} INFO - Sync 1 DAGs
[2024-03-25T20:28:15.107+0000] {logging_mixin.py:188} INFO - [2024-03-25T20:28:15.107+0000] {dag.py:3834} INFO - Setting next_dagrun for example_branch_operator to 2024-03-24 00:00:00+00:00, run_after=2024-03-25 00:00:00+00:00
[2024-03-25T20:28:15.118+0000] {processor.py:183} INFO - Processing /home/airflow/.local/lib/python3.8/site-packages/airflow/example_dags/example_branch_operator.py took 0.046 seconds
[2024-03-25T20:28:45.246+0000] {processor.py:161} INFO - Started process (PID=334) to work on /home/airflow/.local/lib/python3.8/site-packages/airflow/example_dags/example_branch_operator.py
[2024-03-25T20:28:45.247+0000] {processor.py:830} INFO - Processing file /home/airflow/.local/lib/python3.8/site-packages/airflow/example_dags/example_branch_operator.py for tasks to queue
[2024-03-25T20:28:45.248+0000] {logging_mixin.py:188} INFO - [2024-03-25T20:28:45.248+0000] {dagbag.py:540} INFO - Filling up the DagBag from /home/airflow/.local/lib/python3.8/site-packages/airflow/example_dags/example_branch_operator.py
[2024-03-25T20:28:45.258+0000] {processor.py:840} INFO - DAG(s) 'example_branch_operator' retrieved from /home/airflow/.local/lib/python3.8/site-packages/airflow/example_dags/example_branch_operator.py
[2024-03-25T20:28:45.272+0000] {logging_mixin.py:188} INFO - [2024-03-25T20:28:45.272+0000] {dag.py:3047} INFO - Sync 1 DAGs
[2024-03-25T20:28:45.284+0000] {logging_mixin.py:188} INFO - [2024-03-25T20:28:45.284+0000] {dag.py:3834} INFO - Setting next_dagrun for example_branch_operator to 2024-03-24 00:00:00+00:00, run_after=2024-03-25 00:00:00+00:00
[2024-03-25T20:28:45.293+0000] {processor.py:183} INFO - Processing /home/airflow/.local/lib/python3.8/site-packages/airflow/example_dags/example_branch_operator.py took 0.049 seconds
[2024-03-25T20:29:15.466+0000] {processor.py:161} INFO - Started process (PID=390) to work on /home/airflow/.local/lib/python3.8/site-packages/airflow/example_dags/example_branch_operator.py
[2024-03-25T20:29:15.466+0000] {processor.py:830} INFO - Processing file /home/airflow/.local/lib/python3.8/site-packages/airflow/example_dags/example_branch_operator.py for tasks to queue
[2024-03-25T20:29:15.467+0000] {logging_mixin.py:188} INFO - [2024-03-25T20:29:15.467+0000] {dagbag.py:540} INFO - Filling up the DagBag from /home/airflow/.local/lib/python3.8/site-packages/airflow/example_dags/example_branch_operator.py
[2024-03-25T20:29:15.476+0000] {processor.py:840} INFO - DAG(s) 'example_branch_operator' retrieved from /home/airflow/.local/lib/python3.8/site-packages/airflow/example_dags/example_branch_operator.py
[2024-03-25T20:29:15.489+0000] {logging_mixin.py:188} INFO - [2024-03-25T20:29:15.489+0000] {dag.py:3047} INFO - Sync 1 DAGs
[2024-03-25T20:29:15.499+0000] {logging_mixin.py:188} INFO - [2024-03-25T20:29:15.499+0000] {dag.py:3834} INFO - Setting next_dagrun for example_branch_operator to 2024-03-24 00:00:00+00:00, run_after=2024-03-25 00:00:00+00:00
[2024-03-25T20:29:15.508+0000] {processor.py:183} INFO - Processing /home/airflow/.local/lib/python3.8/site-packages/airflow/example_dags/example_branch_operator.py took 0.044 seconds
[2024-03-25T20:29:45.856+0000] {processor.py:161} INFO - Started process (PID=446) to work on /home/airflow/.local/lib/python3.8/site-packages/airflow/example_dags/example_branch_operator.py
[2024-03-25T20:29:45.857+0000] {processor.py:830} INFO - Processing file /home/airflow/.local/lib/python3.8/site-packages/airflow/example_dags/example_branch_operator.py for tasks to queue
[2024-03-25T20:29:45.861+0000] {logging_mixin.py:188} INFO - [2024-03-25T20:29:45.860+0000] {dagbag.py:540} INFO - Filling up the DagBag from /home/airflow/.local/lib/python3.8/site-packages/airflow/example_dags/example_branch_operator.py
[2024-03-25T20:29:45.869+0000] {processor.py:840} INFO - DAG(s) 'example_branch_operator' retrieved from /home/airflow/.local/lib/python3.8/site-packages/airflow/example_dags/example_branch_operator.py
[2024-03-25T20:29:45.881+0000] {logging_mixin.py:188} INFO - [2024-03-25T20:29:45.881+0000] {dag.py:3047} INFO - Sync 1 DAGs
[2024-03-25T20:29:45.891+0000] {logging_mixin.py:188} INFO - [2024-03-25T20:29:45.891+0000] {dag.py:3834} INFO - Setting next_dagrun for example_branch_operator to 2024-03-24 00:00:00+00:00, run_after=2024-03-25 00:00:00+00:00
[2024-03-25T20:29:45.899+0000] {processor.py:183} INFO - Processing /home/airflow/.local/lib/python3.8/site-packages/airflow/example_dags/example_branch_operator.py took 0.045 seconds
[2024-03-25T20:30:16.013+0000] {processor.py:161} INFO - Started process (PID=511) to work on /home/airflow/.local/lib/python3.8/site-packages/airflow/example_dags/example_branch_operator.py
[2024-03-25T20:30:16.014+0000] {processor.py:830} INFO - Processing file /home/airflow/.local/lib/python3.8/site-packages/airflow/example_dags/example_branch_operator.py for tasks to queue
[2024-03-25T20:30:16.015+0000] {logging_mixin.py:188} INFO - [2024-03-25T20:30:16.015+0000] {dagbag.py:540} INFO - Filling up the DagBag from /home/airflow/.local/lib/python3.8/site-packages/airflow/example_dags/example_branch_operator.py
[2024-03-25T20:30:16.024+0000] {processor.py:840} INFO - DAG(s) 'example_branch_operator' retrieved from /home/airflow/.local/lib/python3.8/site-packages/airflow/example_dags/example_branch_operator.py
[2024-03-25T20:30:16.037+0000] {logging_mixin.py:188} INFO - [2024-03-25T20:30:16.037+0000] {dag.py:3047} INFO - Sync 1 DAGs
[2024-03-25T20:30:16.048+0000] {logging_mixin.py:188} INFO - [2024-03-25T20:30:16.048+0000] {dag.py:3834} INFO - Setting next_dagrun for example_branch_operator to 2024-03-24 00:00:00+00:00, run_after=2024-03-25 00:00:00+00:00
[2024-03-25T20:30:16.056+0000] {processor.py:183} INFO - Processing /home/airflow/.local/lib/python3.8/site-packages/airflow/example_dags/example_branch_operator.py took 0.045 seconds
[2024-03-25T20:30:47.204+0000] {processor.py:161} INFO - Started process (PID=568) to work on /home/airflow/.local/lib/python3.8/site-packages/airflow/example_dags/example_branch_operator.py
[2024-03-25T20:30:47.205+0000] {processor.py:830} INFO - Processing file /home/airflow/.local/lib/python3.8/site-packages/airflow/example_dags/example_branch_operator.py for tasks to queue
[2024-03-25T20:30:47.206+0000] {logging_mixin.py:188} INFO - [2024-03-25T20:30:47.205+0000] {dagbag.py:540} INFO - Filling up the DagBag from /home/airflow/.local/lib/python3.8/site-packages/airflow/example_dags/example_branch_operator.py
[2024-03-25T20:30:47.216+0000] {processor.py:840} INFO - DAG(s) 'example_branch_operator' retrieved from /home/airflow/.local/lib/python3.8/site-packages/airflow/example_dags/example_branch_operator.py
[2024-03-25T20:30:47.230+0000] {logging_mixin.py:188} INFO - [2024-03-25T20:30:47.230+0000] {dag.py:3047} INFO - Sync 1 DAGs
[2024-03-25T20:30:47.241+0000] {logging_mixin.py:188} INFO - [2024-03-25T20:30:47.240+0000] {dag.py:3834} INFO - Setting next_dagrun for example_branch_operator to 2024-03-24 00:00:00+00:00, run_after=2024-03-25 00:00:00+00:00
[2024-03-25T20:30:47.249+0000] {processor.py:183} INFO - Processing /home/airflow/.local/lib/python3.8/site-packages/airflow/example_dags/example_branch_operator.py took 0.047 seconds
[2024-03-25T20:31:18.036+0000] {processor.py:161} INFO - Started process (PID=623) to work on /home/airflow/.local/lib/python3.8/site-packages/airflow/example_dags/example_branch_operator.py
[2024-03-25T20:31:18.037+0000] {processor.py:830} INFO - Processing file /home/airflow/.local/lib/python3.8/site-packages/airflow/example_dags/example_branch_operator.py for tasks to queue
[2024-03-25T20:31:18.038+0000] {logging_mixin.py:188} INFO - [2024-03-25T20:31:18.038+0000] {dagbag.py:540} INFO - Filling up the DagBag from /home/airflow/.local/lib/python3.8/site-packages/airflow/example_dags/example_branch_operator.py
[2024-03-25T20:31:18.047+0000] {processor.py:840} INFO - DAG(s) 'example_branch_operator' retrieved from /home/airflow/.local/lib/python3.8/site-packages/airflow/example_dags/example_branch_operator.py
[2024-03-25T20:31:18.061+0000] {logging_mixin.py:188} INFO - [2024-03-25T20:31:18.061+0000] {dag.py:3047} INFO - Sync 1 DAGs
[2024-03-25T20:31:18.072+0000] {logging_mixin.py:188} INFO - [2024-03-25T20:31:18.071+0000] {dag.py:3834} INFO - Setting next_dagrun for example_branch_operator to 2024-03-24 00:00:00+00:00, run_after=2024-03-25 00:00:00+00:00
[2024-03-25T20:31:18.080+0000] {processor.py:183} INFO - Processing /home/airflow/.local/lib/python3.8/site-packages/airflow/example_dags/example_branch_operator.py took 0.045 seconds
[2024-03-25T20:31:48.815+0000] {processor.py:161} INFO - Started process (PID=679) to work on /home/airflow/.local/lib/python3.8/site-packages/airflow/example_dags/example_branch_operator.py
[2024-03-25T20:31:48.817+0000] {processor.py:830} INFO - Processing file /home/airflow/.local/lib/python3.8/site-packages/airflow/example_dags/example_branch_operator.py for tasks to queue
[2024-03-25T20:31:48.820+0000] {logging_mixin.py:188} INFO - [2024-03-25T20:31:48.820+0000] {dagbag.py:540} INFO - Filling up the DagBag from /home/airflow/.local/lib/python3.8/site-packages/airflow/example_dags/example_branch_operator.py
[2024-03-25T20:31:48.833+0000] {processor.py:840} INFO - DAG(s) 'example_branch_operator' retrieved from /home/airflow/.local/lib/python3.8/site-packages/airflow/example_dags/example_branch_operator.py
[2024-03-25T20:31:48.849+0000] {logging_mixin.py:188} INFO - [2024-03-25T20:31:48.849+0000] {dag.py:3047} INFO - Sync 1 DAGs
[2024-03-25T20:31:48.862+0000] {logging_mixin.py:188} INFO - [2024-03-25T20:31:48.862+0000] {dag.py:3834} INFO - Setting next_dagrun for example_branch_operator to 2024-03-24 00:00:00+00:00, run_after=2024-03-25 00:00:00+00:00
[2024-03-25T20:31:48.875+0000] {processor.py:183} INFO - Processing /home/airflow/.local/lib/python3.8/site-packages/airflow/example_dags/example_branch_operator.py took 0.063 seconds
[2024-03-25T20:32:19.331+0000] {processor.py:161} INFO - Started process (PID=735) to work on /home/airflow/.local/lib/python3.8/site-packages/airflow/example_dags/example_branch_operator.py
[2024-03-25T20:32:19.333+0000] {processor.py:830} INFO - Processing file /home/airflow/.local/lib/python3.8/site-packages/airflow/example_dags/example_branch_operator.py for tasks to queue
[2024-03-25T20:32:19.335+0000] {logging_mixin.py:188} INFO - [2024-03-25T20:32:19.334+0000] {dagbag.py:540} INFO - Filling up the DagBag from /home/airflow/.local/lib/python3.8/site-packages/airflow/example_dags/example_branch_operator.py
[2024-03-25T20:32:19.345+0000] {processor.py:840} INFO - DAG(s) 'example_branch_operator' retrieved from /home/airflow/.local/lib/python3.8/site-packages/airflow/example_dags/example_branch_operator.py
[2024-03-25T20:32:19.362+0000] {logging_mixin.py:188} INFO - [2024-03-25T20:32:19.362+0000] {dag.py:3047} INFO - Sync 1 DAGs
[2024-03-25T20:32:19.376+0000] {logging_mixin.py:188} INFO - [2024-03-25T20:32:19.376+0000] {dag.py:3834} INFO - Setting next_dagrun for example_branch_operator to 2024-03-24 00:00:00+00:00, run_after=2024-03-25 00:00:00+00:00
[2024-03-25T20:32:19.389+0000] {processor.py:183} INFO - Processing /home/airflow/.local/lib/python3.8/site-packages/airflow/example_dags/example_branch_operator.py took 0.059 seconds
[2024-03-25T20:32:49.951+0000] {processor.py:161} INFO - Started process (PID=791) to work on /home/airflow/.local/lib/python3.8/site-packages/airflow/example_dags/example_branch_operator.py
[2024-03-25T20:32:49.952+0000] {processor.py:830} INFO - Processing file /home/airflow/.local/lib/python3.8/site-packages/airflow/example_dags/example_branch_operator.py for tasks to queue
[2024-03-25T20:32:49.953+0000] {logging_mixin.py:188} INFO - [2024-03-25T20:32:49.953+0000] {dagbag.py:540} INFO - Filling up the DagBag from /home/airflow/.local/lib/python3.8/site-packages/airflow/example_dags/example_branch_operator.py
[2024-03-25T20:32:49.961+0000] {processor.py:840} INFO - DAG(s) 'example_branch_operator' retrieved from /home/airflow/.local/lib/python3.8/site-packages/airflow/example_dags/example_branch_operator.py
[2024-03-25T20:32:49.974+0000] {logging_mixin.py:188} INFO - [2024-03-25T20:32:49.974+0000] {dag.py:3047} INFO - Sync 1 DAGs
[2024-03-25T20:32:49.984+0000] {logging_mixin.py:188} INFO - [2024-03-25T20:32:49.984+0000] {dag.py:3834} INFO - Setting next_dagrun for example_branch_operator to 2024-03-24 00:00:00+00:00, run_after=2024-03-25 00:00:00+00:00
[2024-03-25T20:32:49.992+0000] {processor.py:183} INFO - Processing /home/airflow/.local/lib/python3.8/site-packages/airflow/example_dags/example_branch_operator.py took 0.042 seconds
[2024-03-25T20:33:20.407+0000] {processor.py:161} INFO - Started process (PID=847) to work on /home/airflow/.local/lib/python3.8/site-packages/airflow/example_dags/example_branch_operator.py
[2024-03-25T20:33:20.408+0000] {processor.py:830} INFO - Processing file /home/airflow/.local/lib/python3.8/site-packages/airflow/example_dags/example_branch_operator.py for tasks to queue
[2024-03-25T20:33:20.409+0000] {logging_mixin.py:188} INFO - [2024-03-25T20:33:20.409+0000] {dagbag.py:540} INFO - Filling up the DagBag from /home/airflow/.local/lib/python3.8/site-packages/airflow/example_dags/example_branch_operator.py
[2024-03-25T20:33:20.418+0000] {processor.py:840} INFO - DAG(s) 'example_branch_operator' retrieved from /home/airflow/.local/lib/python3.8/site-packages/airflow/example_dags/example_branch_operator.py
[2024-03-25T20:33:20.431+0000] {logging_mixin.py:188} INFO - [2024-03-25T20:33:20.431+0000] {dag.py:3047} INFO - Sync 1 DAGs
[2024-03-25T20:33:20.442+0000] {logging_mixin.py:188} INFO - [2024-03-25T20:33:20.442+0000] {dag.py:3834} INFO - Setting next_dagrun for example_branch_operator to 2024-03-24 00:00:00+00:00, run_after=2024-03-25 00:00:00+00:00
[2024-03-25T20:33:20.451+0000] {processor.py:183} INFO - Processing /home/airflow/.local/lib/python3.8/site-packages/airflow/example_dags/example_branch_operator.py took 0.046 seconds
[2024-03-25T20:33:50.844+0000] {processor.py:161} INFO - Started process (PID=903) to work on /home/airflow/.local/lib/python3.8/site-packages/airflow/example_dags/example_branch_operator.py
[2024-03-25T20:33:50.845+0000] {processor.py:830} INFO - Processing file /home/airflow/.local/lib/python3.8/site-packages/airflow/example_dags/example_branch_operator.py for tasks to queue
[2024-03-25T20:33:50.846+0000] {logging_mixin.py:188} INFO - [2024-03-25T20:33:50.846+0000] {dagbag.py:540} INFO - Filling up the DagBag from /home/airflow/.local/lib/python3.8/site-packages/airflow/example_dags/example_branch_operator.py
[2024-03-25T20:33:50.854+0000] {processor.py:840} INFO - DAG(s) 'example_branch_operator' retrieved from /home/airflow/.local/lib/python3.8/site-packages/airflow/example_dags/example_branch_operator.py
[2024-03-25T20:33:50.868+0000] {logging_mixin.py:188} INFO - [2024-03-25T20:33:50.868+0000] {dag.py:3047} INFO - Sync 1 DAGs
[2024-03-25T20:33:50.878+0000] {logging_mixin.py:188} INFO - [2024-03-25T20:33:50.878+0000] {dag.py:3834} INFO - Setting next_dagrun for example_branch_operator to 2024-03-24 00:00:00+00:00, run_after=2024-03-25 00:00:00+00:00
[2024-03-25T20:33:50.887+0000] {processor.py:183} INFO - Processing /home/airflow/.local/lib/python3.8/site-packages/airflow/example_dags/example_branch_operator.py took 0.045 seconds
[2024-03-25T20:34:21.547+0000] {processor.py:161} INFO - Started process (PID=958) to work on /home/airflow/.local/lib/python3.8/site-packages/airflow/example_dags/example_branch_operator.py
[2024-03-25T20:34:21.548+0000] {processor.py:830} INFO - Processing file /home/airflow/.local/lib/python3.8/site-packages/airflow/example_dags/example_branch_operator.py for tasks to queue
[2024-03-25T20:34:21.549+0000] {logging_mixin.py:188} INFO - [2024-03-25T20:34:21.549+0000] {dagbag.py:540} INFO - Filling up the DagBag from /home/airflow/.local/lib/python3.8/site-packages/airflow/example_dags/example_branch_operator.py
[2024-03-25T20:34:21.559+0000] {processor.py:840} INFO - DAG(s) 'example_branch_operator' retrieved from /home/airflow/.local/lib/python3.8/site-packages/airflow/example_dags/example_branch_operator.py
[2024-03-25T20:34:21.576+0000] {logging_mixin.py:188} INFO - [2024-03-25T20:34:21.576+0000] {dag.py:3047} INFO - Sync 1 DAGs
[2024-03-25T20:34:21.589+0000] {logging_mixin.py:188} INFO - [2024-03-25T20:34:21.589+0000] {dag.py:3834} INFO - Setting next_dagrun for example_branch_operator to 2024-03-24 00:00:00+00:00, run_after=2024-03-25 00:00:00+00:00
[2024-03-25T20:34:21.608+0000] {processor.py:183} INFO - Processing /home/airflow/.local/lib/python3.8/site-packages/airflow/example_dags/example_branch_operator.py took 0.063 seconds
[2024-03-25T20:34:52.295+0000] {processor.py:161} INFO - Started process (PID=1014) to work on /home/airflow/.local/lib/python3.8/site-packages/airflow/example_dags/example_branch_operator.py
[2024-03-25T20:34:52.296+0000] {processor.py:830} INFO - Processing file /home/airflow/.local/lib/python3.8/site-packages/airflow/example_dags/example_branch_operator.py for tasks to queue
[2024-03-25T20:34:52.297+0000] {logging_mixin.py:188} INFO - [2024-03-25T20:34:52.297+0000] {dagbag.py:540} INFO - Filling up the DagBag from /home/airflow/.local/lib/python3.8/site-packages/airflow/example_dags/example_branch_operator.py
[2024-03-25T20:34:52.305+0000] {processor.py:840} INFO - DAG(s) 'example_branch_operator' retrieved from /home/airflow/.local/lib/python3.8/site-packages/airflow/example_dags/example_branch_operator.py
[2024-03-25T20:34:52.319+0000] {logging_mixin.py:188} INFO - [2024-03-25T20:34:52.318+0000] {dag.py:3047} INFO - Sync 1 DAGs
[2024-03-25T20:34:52.329+0000] {logging_mixin.py:188} INFO - [2024-03-25T20:34:52.329+0000] {dag.py:3834} INFO - Setting next_dagrun for example_branch_operator to 2024-03-24 00:00:00+00:00, run_after=2024-03-25 00:00:00+00:00
[2024-03-25T20:34:52.337+0000] {processor.py:183} INFO - Processing /home/airflow/.local/lib/python3.8/site-packages/airflow/example_dags/example_branch_operator.py took 0.044 seconds
[2024-03-25T20:35:22.766+0000] {processor.py:161} INFO - Started process (PID=1070) to work on /home/airflow/.local/lib/python3.8/site-packages/airflow/example_dags/example_branch_operator.py
[2024-03-25T20:35:22.766+0000] {processor.py:830} INFO - Processing file /home/airflow/.local/lib/python3.8/site-packages/airflow/example_dags/example_branch_operator.py for tasks to queue
[2024-03-25T20:35:22.767+0000] {logging_mixin.py:188} INFO - [2024-03-25T20:35:22.767+0000] {dagbag.py:540} INFO - Filling up the DagBag from /home/airflow/.local/lib/python3.8/site-packages/airflow/example_dags/example_branch_operator.py
[2024-03-25T20:35:22.776+0000] {processor.py:840} INFO - DAG(s) 'example_branch_operator' retrieved from /home/airflow/.local/lib/python3.8/site-packages/airflow/example_dags/example_branch_operator.py
[2024-03-25T20:35:22.789+0000] {logging_mixin.py:188} INFO - [2024-03-25T20:35:22.789+0000] {dag.py:3047} INFO - Sync 1 DAGs
[2024-03-25T20:35:22.800+0000] {logging_mixin.py:188} INFO - [2024-03-25T20:35:22.800+0000] {dag.py:3834} INFO - Setting next_dagrun for example_branch_operator to 2024-03-24 00:00:00+00:00, run_after=2024-03-25 00:00:00+00:00
[2024-03-25T20:35:22.808+0000] {processor.py:183} INFO - Processing /home/airflow/.local/lib/python3.8/site-packages/airflow/example_dags/example_branch_operator.py took 0.044 seconds
[2024-03-25T20:35:53.392+0000] {processor.py:161} INFO - Started process (PID=1126) to work on /home/airflow/.local/lib/python3.8/site-packages/airflow/example_dags/example_branch_operator.py
[2024-03-25T20:35:53.392+0000] {processor.py:830} INFO - Processing file /home/airflow/.local/lib/python3.8/site-packages/airflow/example_dags/example_branch_operator.py for tasks to queue
[2024-03-25T20:35:53.394+0000] {logging_mixin.py:188} INFO - [2024-03-25T20:35:53.393+0000] {dagbag.py:540} INFO - Filling up the DagBag from /home/airflow/.local/lib/python3.8/site-packages/airflow/example_dags/example_branch_operator.py
[2024-03-25T20:35:53.403+0000] {processor.py:840} INFO - DAG(s) 'example_branch_operator' retrieved from /home/airflow/.local/lib/python3.8/site-packages/airflow/example_dags/example_branch_operator.py
[2024-03-25T20:35:53.416+0000] {logging_mixin.py:188} INFO - [2024-03-25T20:35:53.416+0000] {dag.py:3047} INFO - Sync 1 DAGs
[2024-03-25T20:35:53.426+0000] {logging_mixin.py:188} INFO - [2024-03-25T20:35:53.426+0000] {dag.py:3834} INFO - Setting next_dagrun for example_branch_operator to 2024-03-24 00:00:00+00:00, run_after=2024-03-25 00:00:00+00:00
[2024-03-25T20:35:53.434+0000] {processor.py:183} INFO - Processing /home/airflow/.local/lib/python3.8/site-packages/airflow/example_dags/example_branch_operator.py took 0.044 seconds
[2024-03-25T20:36:23.876+0000] {processor.py:161} INFO - Started process (PID=1182) to work on /home/airflow/.local/lib/python3.8/site-packages/airflow/example_dags/example_branch_operator.py
[2024-03-25T20:36:23.877+0000] {processor.py:830} INFO - Processing file /home/airflow/.local/lib/python3.8/site-packages/airflow/example_dags/example_branch_operator.py for tasks to queue
[2024-03-25T20:36:23.879+0000] {logging_mixin.py:188} INFO - [2024-03-25T20:36:23.878+0000] {dagbag.py:540} INFO - Filling up the DagBag from /home/airflow/.local/lib/python3.8/site-packages/airflow/example_dags/example_branch_operator.py
[2024-03-25T20:36:23.889+0000] {processor.py:840} INFO - DAG(s) 'example_branch_operator' retrieved from /home/airflow/.local/lib/python3.8/site-packages/airflow/example_dags/example_branch_operator.py
[2024-03-25T20:36:23.906+0000] {logging_mixin.py:188} INFO - [2024-03-25T20:36:23.906+0000] {dag.py:3047} INFO - Sync 1 DAGs
[2024-03-25T20:36:23.921+0000] {logging_mixin.py:188} INFO - [2024-03-25T20:36:23.921+0000] {dag.py:3834} INFO - Setting next_dagrun for example_branch_operator to 2024-03-24 00:00:00+00:00, run_after=2024-03-25 00:00:00+00:00
[2024-03-25T20:36:23.932+0000] {processor.py:183} INFO - Processing /home/airflow/.local/lib/python3.8/site-packages/airflow/example_dags/example_branch_operator.py took 0.058 seconds
[2024-03-25T20:36:54.500+0000] {processor.py:161} INFO - Started process (PID=1237) to work on /home/airflow/.local/lib/python3.8/site-packages/airflow/example_dags/example_branch_operator.py
[2024-03-25T20:36:54.501+0000] {processor.py:830} INFO - Processing file /home/airflow/.local/lib/python3.8/site-packages/airflow/example_dags/example_branch_operator.py for tasks to queue
[2024-03-25T20:36:54.502+0000] {logging_mixin.py:188} INFO - [2024-03-25T20:36:54.502+0000] {dagbag.py:540} INFO - Filling up the DagBag from /home/airflow/.local/lib/python3.8/site-packages/airflow/example_dags/example_branch_operator.py
[2024-03-25T20:36:54.511+0000] {processor.py:840} INFO - DAG(s) 'example_branch_operator' retrieved from /home/airflow/.local/lib/python3.8/site-packages/airflow/example_dags/example_branch_operator.py
[2024-03-25T20:36:54.525+0000] {logging_mixin.py:188} INFO - [2024-03-25T20:36:54.525+0000] {dag.py:3047} INFO - Sync 1 DAGs
[2024-03-25T20:36:54.536+0000] {logging_mixin.py:188} INFO - [2024-03-25T20:36:54.536+0000] {dag.py:3834} INFO - Setting next_dagrun for example_branch_operator to 2024-03-24 00:00:00+00:00, run_after=2024-03-25 00:00:00+00:00
[2024-03-25T20:36:54.545+0000] {processor.py:183} INFO - Processing /home/airflow/.local/lib/python3.8/site-packages/airflow/example_dags/example_branch_operator.py took 0.046 seconds
[2024-03-25T20:37:25.137+0000] {processor.py:161} INFO - Started process (PID=1293) to work on /home/airflow/.local/lib/python3.8/site-packages/airflow/example_dags/example_branch_operator.py
[2024-03-25T20:37:25.138+0000] {processor.py:830} INFO - Processing file /home/airflow/.local/lib/python3.8/site-packages/airflow/example_dags/example_branch_operator.py for tasks to queue
[2024-03-25T20:37:25.139+0000] {logging_mixin.py:188} INFO - [2024-03-25T20:37:25.139+0000] {dagbag.py:540} INFO - Filling up the DagBag from /home/airflow/.local/lib/python3.8/site-packages/airflow/example_dags/example_branch_operator.py
[2024-03-25T20:37:25.148+0000] {processor.py:840} INFO - DAG(s) 'example_branch_operator' retrieved from /home/airflow/.local/lib/python3.8/site-packages/airflow/example_dags/example_branch_operator.py
[2024-03-25T20:37:25.161+0000] {logging_mixin.py:188} INFO - [2024-03-25T20:37:25.161+0000] {dag.py:3047} INFO - Sync 1 DAGs
[2024-03-25T20:37:25.172+0000] {logging_mixin.py:188} INFO - [2024-03-25T20:37:25.172+0000] {dag.py:3834} INFO - Setting next_dagrun for example_branch_operator to 2024-03-24 00:00:00+00:00, run_after=2024-03-25 00:00:00+00:00
[2024-03-25T20:37:25.181+0000] {processor.py:183} INFO - Processing /home/airflow/.local/lib/python3.8/site-packages/airflow/example_dags/example_branch_operator.py took 0.045 seconds
[2024-03-25T20:37:55.877+0000] {processor.py:161} INFO - Started process (PID=1349) to work on /home/airflow/.local/lib/python3.8/site-packages/airflow/example_dags/example_branch_operator.py
[2024-03-25T20:37:55.878+0000] {processor.py:830} INFO - Processing file /home/airflow/.local/lib/python3.8/site-packages/airflow/example_dags/example_branch_operator.py for tasks to queue
[2024-03-25T20:37:55.881+0000] {logging_mixin.py:188} INFO - [2024-03-25T20:37:55.881+0000] {dagbag.py:540} INFO - Filling up the DagBag from /home/airflow/.local/lib/python3.8/site-packages/airflow/example_dags/example_branch_operator.py
[2024-03-25T20:37:55.892+0000] {processor.py:840} INFO - DAG(s) 'example_branch_operator' retrieved from /home/airflow/.local/lib/python3.8/site-packages/airflow/example_dags/example_branch_operator.py
[2024-03-25T20:37:55.920+0000] {logging_mixin.py:188} INFO - [2024-03-25T20:37:55.920+0000] {dag.py:3047} INFO - Sync 1 DAGs
[2024-03-25T20:37:55.931+0000] {logging_mixin.py:188} INFO - [2024-03-25T20:37:55.931+0000] {dag.py:3834} INFO - Setting next_dagrun for example_branch_operator to 2024-03-24 00:00:00+00:00, run_after=2024-03-25 00:00:00+00:00
[2024-03-25T20:37:55.940+0000] {processor.py:183} INFO - Processing /home/airflow/.local/lib/python3.8/site-packages/airflow/example_dags/example_branch_operator.py took 0.065 seconds
[2024-03-25T20:38:26.397+0000] {processor.py:161} INFO - Started process (PID=1405) to work on /home/airflow/.local/lib/python3.8/site-packages/airflow/example_dags/example_branch_operator.py
[2024-03-25T20:38:26.398+0000] {processor.py:830} INFO - Processing file /home/airflow/.local/lib/python3.8/site-packages/airflow/example_dags/example_branch_operator.py for tasks to queue
[2024-03-25T20:38:26.399+0000] {logging_mixin.py:188} INFO - [2024-03-25T20:38:26.399+0000] {dagbag.py:540} INFO - Filling up the DagBag from /home/airflow/.local/lib/python3.8/site-packages/airflow/example_dags/example_branch_operator.py
[2024-03-25T20:38:26.408+0000] {processor.py:840} INFO - DAG(s) 'example_branch_operator' retrieved from /home/airflow/.local/lib/python3.8/site-packages/airflow/example_dags/example_branch_operator.py
[2024-03-25T20:38:26.421+0000] {logging_mixin.py:188} INFO - [2024-03-25T20:38:26.420+0000] {dag.py:3047} INFO - Sync 1 DAGs
[2024-03-25T20:38:26.431+0000] {logging_mixin.py:188} INFO - [2024-03-25T20:38:26.431+0000] {dag.py:3834} INFO - Setting next_dagrun for example_branch_operator to 2024-03-24 00:00:00+00:00, run_after=2024-03-25 00:00:00+00:00
[2024-03-25T20:38:26.440+0000] {processor.py:183} INFO - Processing /home/airflow/.local/lib/python3.8/site-packages/airflow/example_dags/example_branch_operator.py took 0.045 seconds
[2024-03-25T20:38:56.831+0000] {processor.py:161} INFO - Started process (PID=1461) to work on /home/airflow/.local/lib/python3.8/site-packages/airflow/example_dags/example_branch_operator.py
[2024-03-25T20:38:56.832+0000] {processor.py:830} INFO - Processing file /home/airflow/.local/lib/python3.8/site-packages/airflow/example_dags/example_branch_operator.py for tasks to queue
[2024-03-25T20:38:56.833+0000] {logging_mixin.py:188} INFO - [2024-03-25T20:38:56.833+0000] {dagbag.py:540} INFO - Filling up the DagBag from /home/airflow/.local/lib/python3.8/site-packages/airflow/example_dags/example_branch_operator.py
[2024-03-25T20:38:56.841+0000] {processor.py:840} INFO - DAG(s) 'example_branch_operator' retrieved from /home/airflow/.local/lib/python3.8/site-packages/airflow/example_dags/example_branch_operator.py
[2024-03-25T20:38:56.855+0000] {logging_mixin.py:188} INFO - [2024-03-25T20:38:56.855+0000] {dag.py:3047} INFO - Sync 1 DAGs
[2024-03-25T20:38:56.866+0000] {logging_mixin.py:188} INFO - [2024-03-25T20:38:56.866+0000] {dag.py:3834} INFO - Setting next_dagrun for example_branch_operator to 2024-03-24 00:00:00+00:00, run_after=2024-03-25 00:00:00+00:00
[2024-03-25T20:38:56.875+0000] {processor.py:183} INFO - Processing /home/airflow/.local/lib/python3.8/site-packages/airflow/example_dags/example_branch_operator.py took 0.046 seconds
[2024-03-25T20:39:27.532+0000] {processor.py:161} INFO - Started process (PID=1517) to work on /home/airflow/.local/lib/python3.8/site-packages/airflow/example_dags/example_branch_operator.py
[2024-03-25T20:39:27.532+0000] {processor.py:830} INFO - Processing file /home/airflow/.local/lib/python3.8/site-packages/airflow/example_dags/example_branch_operator.py for tasks to queue
[2024-03-25T20:39:27.533+0000] {logging_mixin.py:188} INFO - [2024-03-25T20:39:27.533+0000] {dagbag.py:540} INFO - Filling up the DagBag from /home/airflow/.local/lib/python3.8/site-packages/airflow/example_dags/example_branch_operator.py
[2024-03-25T20:39:27.542+0000] {processor.py:840} INFO - DAG(s) 'example_branch_operator' retrieved from /home/airflow/.local/lib/python3.8/site-packages/airflow/example_dags/example_branch_operator.py
[2024-03-25T20:39:27.556+0000] {logging_mixin.py:188} INFO - [2024-03-25T20:39:27.556+0000] {dag.py:3047} INFO - Sync 1 DAGs
[2024-03-25T20:39:27.567+0000] {logging_mixin.py:188} INFO - [2024-03-25T20:39:27.567+0000] {dag.py:3834} INFO - Setting next_dagrun for example_branch_operator to 2024-03-24 00:00:00+00:00, run_after=2024-03-25 00:00:00+00:00
[2024-03-25T20:39:27.576+0000] {processor.py:183} INFO - Processing /home/airflow/.local/lib/python3.8/site-packages/airflow/example_dags/example_branch_operator.py took 0.047 seconds
[2024-03-25T20:39:58.015+0000] {processor.py:161} INFO - Started process (PID=1573) to work on /home/airflow/.local/lib/python3.8/site-packages/airflow/example_dags/example_branch_operator.py
[2024-03-25T20:39:58.015+0000] {processor.py:830} INFO - Processing file /home/airflow/.local/lib/python3.8/site-packages/airflow/example_dags/example_branch_operator.py for tasks to queue
[2024-03-25T20:39:58.016+0000] {logging_mixin.py:188} INFO - [2024-03-25T20:39:58.016+0000] {dagbag.py:540} INFO - Filling up the DagBag from /home/airflow/.local/lib/python3.8/site-packages/airflow/example_dags/example_branch_operator.py
[2024-03-25T20:39:58.025+0000] {processor.py:840} INFO - DAG(s) 'example_branch_operator' retrieved from /home/airflow/.local/lib/python3.8/site-packages/airflow/example_dags/example_branch_operator.py
[2024-03-25T20:39:58.038+0000] {logging_mixin.py:188} INFO - [2024-03-25T20:39:58.038+0000] {dag.py:3047} INFO - Sync 1 DAGs
[2024-03-25T20:39:58.048+0000] {logging_mixin.py:188} INFO - [2024-03-25T20:39:58.048+0000] {dag.py:3834} INFO - Setting next_dagrun for example_branch_operator to 2024-03-24 00:00:00+00:00, run_after=2024-03-25 00:00:00+00:00
[2024-03-25T20:39:58.056+0000] {processor.py:183} INFO - Processing /home/airflow/.local/lib/python3.8/site-packages/airflow/example_dags/example_branch_operator.py took 0.043 seconds
