[2024-03-25T20:19:35.718+0000] {processor.py:161} INFO - Started process (PID=41) to work on /home/airflow/.local/lib/python3.8/site-packages/airflow/example_dags/example_task_group.py
[2024-03-25T20:19:35.721+0000] {processor.py:830} INFO - Processing file /home/airflow/.local/lib/python3.8/site-packages/airflow/example_dags/example_task_group.py for tasks to queue
[2024-03-25T20:19:35.724+0000] {logging_mixin.py:188} INFO - [2024-03-25T20:19:35.723+0000] {dagbag.py:540} INFO - Filling up the DagBag from /home/airflow/.local/lib/python3.8/site-packages/airflow/example_dags/example_task_group.py
[2024-03-25T20:19:35.733+0000] {processor.py:840} INFO - DAG(s) 'example_task_group' retrieved from /home/airflow/.local/lib/python3.8/site-packages/airflow/example_dags/example_task_group.py
[2024-03-25T20:19:35.757+0000] {logging_mixin.py:188} INFO - [2024-03-25T20:19:35.756+0000] {dag.py:3047} INFO - Sync 1 DAGs
[2024-03-25T20:19:35.775+0000] {logging_mixin.py:188} INFO - [2024-03-25T20:19:35.775+0000] {dag.py:3834} INFO - Setting next_dagrun for example_task_group to 2024-03-24 00:00:00+00:00, run_after=2024-03-25 00:00:00+00:00
[2024-03-25T20:19:35.802+0000] {processor.py:183} INFO - Processing /home/airflow/.local/lib/python3.8/site-packages/airflow/example_dags/example_task_group.py took 0.087 seconds
[2024-03-25T20:20:05.858+0000] {processor.py:161} INFO - Started process (PID=96) to work on /home/airflow/.local/lib/python3.8/site-packages/airflow/example_dags/example_task_group.py
[2024-03-25T20:20:05.859+0000] {processor.py:830} INFO - Processing file /home/airflow/.local/lib/python3.8/site-packages/airflow/example_dags/example_task_group.py for tasks to queue
[2024-03-25T20:20:05.860+0000] {logging_mixin.py:188} INFO - [2024-03-25T20:20:05.860+0000] {dagbag.py:540} INFO - Filling up the DagBag from /home/airflow/.local/lib/python3.8/site-packages/airflow/example_dags/example_task_group.py
[2024-03-25T20:20:05.864+0000] {processor.py:840} INFO - DAG(s) 'example_task_group' retrieved from /home/airflow/.local/lib/python3.8/site-packages/airflow/example_dags/example_task_group.py
[2024-03-25T20:20:05.875+0000] {logging_mixin.py:188} INFO - [2024-03-25T20:20:05.875+0000] {dag.py:3047} INFO - Sync 1 DAGs
[2024-03-25T20:20:05.885+0000] {logging_mixin.py:188} INFO - [2024-03-25T20:20:05.885+0000] {dag.py:3834} INFO - Setting next_dagrun for example_task_group to 2024-03-24 00:00:00+00:00, run_after=2024-03-25 00:00:00+00:00
[2024-03-25T20:20:05.894+0000] {processor.py:183} INFO - Processing /home/airflow/.local/lib/python3.8/site-packages/airflow/example_dags/example_task_group.py took 0.037 seconds
[2024-03-25T20:26:13.298+0000] {processor.py:161} INFO - Started process (PID=40) to work on /home/airflow/.local/lib/python3.8/site-packages/airflow/example_dags/example_task_group.py
[2024-03-25T20:26:13.299+0000] {processor.py:830} INFO - Processing file /home/airflow/.local/lib/python3.8/site-packages/airflow/example_dags/example_task_group.py for tasks to queue
[2024-03-25T20:26:13.300+0000] {logging_mixin.py:188} INFO - [2024-03-25T20:26:13.300+0000] {dagbag.py:540} INFO - Filling up the DagBag from /home/airflow/.local/lib/python3.8/site-packages/airflow/example_dags/example_task_group.py
[2024-03-25T20:26:13.310+0000] {processor.py:840} INFO - DAG(s) 'example_task_group' retrieved from /home/airflow/.local/lib/python3.8/site-packages/airflow/example_dags/example_task_group.py
[2024-03-25T20:26:13.334+0000] {logging_mixin.py:188} INFO - [2024-03-25T20:26:13.334+0000] {dag.py:3047} INFO - Sync 1 DAGs
[2024-03-25T20:26:13.359+0000] {logging_mixin.py:188} INFO - [2024-03-25T20:26:13.359+0000] {dag.py:3834} INFO - Setting next_dagrun for example_task_group to 2024-03-24 00:00:00+00:00, run_after=2024-03-25 00:00:00+00:00
[2024-03-25T20:26:13.376+0000] {processor.py:183} INFO - Processing /home/airflow/.local/lib/python3.8/site-packages/airflow/example_dags/example_task_group.py took 0.081 seconds
[2024-03-25T20:26:44.103+0000] {processor.py:161} INFO - Started process (PID=94) to work on /home/airflow/.local/lib/python3.8/site-packages/airflow/example_dags/example_task_group.py
[2024-03-25T20:26:44.103+0000] {processor.py:830} INFO - Processing file /home/airflow/.local/lib/python3.8/site-packages/airflow/example_dags/example_task_group.py for tasks to queue
[2024-03-25T20:26:44.104+0000] {logging_mixin.py:188} INFO - [2024-03-25T20:26:44.104+0000] {dagbag.py:540} INFO - Filling up the DagBag from /home/airflow/.local/lib/python3.8/site-packages/airflow/example_dags/example_task_group.py
[2024-03-25T20:26:44.109+0000] {processor.py:840} INFO - DAG(s) 'example_task_group' retrieved from /home/airflow/.local/lib/python3.8/site-packages/airflow/example_dags/example_task_group.py
[2024-03-25T20:26:44.119+0000] {logging_mixin.py:188} INFO - [2024-03-25T20:26:44.119+0000] {dag.py:3047} INFO - Sync 1 DAGs
[2024-03-25T20:26:44.130+0000] {logging_mixin.py:188} INFO - [2024-03-25T20:26:44.130+0000] {dag.py:3834} INFO - Setting next_dagrun for example_task_group to 2024-03-24 00:00:00+00:00, run_after=2024-03-25 00:00:00+00:00
[2024-03-25T20:26:44.139+0000] {processor.py:183} INFO - Processing /home/airflow/.local/lib/python3.8/site-packages/airflow/example_dags/example_task_group.py took 0.038 seconds
[2024-03-25T20:27:14.321+0000] {processor.py:161} INFO - Started process (PID=150) to work on /home/airflow/.local/lib/python3.8/site-packages/airflow/example_dags/example_task_group.py
[2024-03-25T20:27:14.321+0000] {processor.py:830} INFO - Processing file /home/airflow/.local/lib/python3.8/site-packages/airflow/example_dags/example_task_group.py for tasks to queue
[2024-03-25T20:27:14.322+0000] {logging_mixin.py:188} INFO - [2024-03-25T20:27:14.322+0000] {dagbag.py:540} INFO - Filling up the DagBag from /home/airflow/.local/lib/python3.8/site-packages/airflow/example_dags/example_task_group.py
[2024-03-25T20:27:14.327+0000] {processor.py:840} INFO - DAG(s) 'example_task_group' retrieved from /home/airflow/.local/lib/python3.8/site-packages/airflow/example_dags/example_task_group.py
[2024-03-25T20:27:14.338+0000] {logging_mixin.py:188} INFO - [2024-03-25T20:27:14.338+0000] {dag.py:3047} INFO - Sync 1 DAGs
[2024-03-25T20:27:14.348+0000] {logging_mixin.py:188} INFO - [2024-03-25T20:27:14.348+0000] {dag.py:3834} INFO - Setting next_dagrun for example_task_group to 2024-03-24 00:00:00+00:00, run_after=2024-03-25 00:00:00+00:00
[2024-03-25T20:27:14.357+0000] {processor.py:183} INFO - Processing /home/airflow/.local/lib/python3.8/site-packages/airflow/example_dags/example_task_group.py took 0.038 seconds
[2024-03-25T20:27:44.462+0000] {processor.py:161} INFO - Started process (PID=206) to work on /home/airflow/.local/lib/python3.8/site-packages/airflow/example_dags/example_task_group.py
[2024-03-25T20:27:44.463+0000] {processor.py:830} INFO - Processing file /home/airflow/.local/lib/python3.8/site-packages/airflow/example_dags/example_task_group.py for tasks to queue
[2024-03-25T20:27:44.464+0000] {logging_mixin.py:188} INFO - [2024-03-25T20:27:44.463+0000] {dagbag.py:540} INFO - Filling up the DagBag from /home/airflow/.local/lib/python3.8/site-packages/airflow/example_dags/example_task_group.py
[2024-03-25T20:27:44.467+0000] {processor.py:840} INFO - DAG(s) 'example_task_group' retrieved from /home/airflow/.local/lib/python3.8/site-packages/airflow/example_dags/example_task_group.py
[2024-03-25T20:27:44.478+0000] {logging_mixin.py:188} INFO - [2024-03-25T20:27:44.478+0000] {dag.py:3047} INFO - Sync 1 DAGs
[2024-03-25T20:27:44.488+0000] {logging_mixin.py:188} INFO - [2024-03-25T20:27:44.488+0000] {dag.py:3834} INFO - Setting next_dagrun for example_task_group to 2024-03-24 00:00:00+00:00, run_after=2024-03-25 00:00:00+00:00
[2024-03-25T20:27:44.496+0000] {processor.py:183} INFO - Processing /home/airflow/.local/lib/python3.8/site-packages/airflow/example_dags/example_task_group.py took 0.036 seconds
[2024-03-25T20:28:14.664+0000] {processor.py:161} INFO - Started process (PID=262) to work on /home/airflow/.local/lib/python3.8/site-packages/airflow/example_dags/example_task_group.py
[2024-03-25T20:28:14.665+0000] {processor.py:830} INFO - Processing file /home/airflow/.local/lib/python3.8/site-packages/airflow/example_dags/example_task_group.py for tasks to queue
[2024-03-25T20:28:14.666+0000] {logging_mixin.py:188} INFO - [2024-03-25T20:28:14.666+0000] {dagbag.py:540} INFO - Filling up the DagBag from /home/airflow/.local/lib/python3.8/site-packages/airflow/example_dags/example_task_group.py
[2024-03-25T20:28:14.670+0000] {processor.py:840} INFO - DAG(s) 'example_task_group' retrieved from /home/airflow/.local/lib/python3.8/site-packages/airflow/example_dags/example_task_group.py
[2024-03-25T20:28:14.680+0000] {logging_mixin.py:188} INFO - [2024-03-25T20:28:14.680+0000] {dag.py:3047} INFO - Sync 1 DAGs
[2024-03-25T20:28:14.690+0000] {logging_mixin.py:188} INFO - [2024-03-25T20:28:14.690+0000] {dag.py:3834} INFO - Setting next_dagrun for example_task_group to 2024-03-24 00:00:00+00:00, run_after=2024-03-25 00:00:00+00:00
[2024-03-25T20:28:14.699+0000] {processor.py:183} INFO - Processing /home/airflow/.local/lib/python3.8/site-packages/airflow/example_dags/example_task_group.py took 0.036 seconds
[2024-03-25T20:28:44.759+0000] {processor.py:161} INFO - Started process (PID=318) to work on /home/airflow/.local/lib/python3.8/site-packages/airflow/example_dags/example_task_group.py
[2024-03-25T20:28:44.760+0000] {processor.py:830} INFO - Processing file /home/airflow/.local/lib/python3.8/site-packages/airflow/example_dags/example_task_group.py for tasks to queue
[2024-03-25T20:28:44.761+0000] {logging_mixin.py:188} INFO - [2024-03-25T20:28:44.760+0000] {dagbag.py:540} INFO - Filling up the DagBag from /home/airflow/.local/lib/python3.8/site-packages/airflow/example_dags/example_task_group.py
[2024-03-25T20:28:44.764+0000] {processor.py:840} INFO - DAG(s) 'example_task_group' retrieved from /home/airflow/.local/lib/python3.8/site-packages/airflow/example_dags/example_task_group.py
[2024-03-25T20:28:44.775+0000] {logging_mixin.py:188} INFO - [2024-03-25T20:28:44.775+0000] {dag.py:3047} INFO - Sync 1 DAGs
[2024-03-25T20:28:44.785+0000] {logging_mixin.py:188} INFO - [2024-03-25T20:28:44.785+0000] {dag.py:3834} INFO - Setting next_dagrun for example_task_group to 2024-03-24 00:00:00+00:00, run_after=2024-03-25 00:00:00+00:00
[2024-03-25T20:28:44.793+0000] {processor.py:183} INFO - Processing /home/airflow/.local/lib/python3.8/site-packages/airflow/example_dags/example_task_group.py took 0.036 seconds
[2024-03-25T20:29:15.081+0000] {processor.py:161} INFO - Started process (PID=374) to work on /home/airflow/.local/lib/python3.8/site-packages/airflow/example_dags/example_task_group.py
[2024-03-25T20:29:15.082+0000] {processor.py:830} INFO - Processing file /home/airflow/.local/lib/python3.8/site-packages/airflow/example_dags/example_task_group.py for tasks to queue
[2024-03-25T20:29:15.083+0000] {logging_mixin.py:188} INFO - [2024-03-25T20:29:15.083+0000] {dagbag.py:540} INFO - Filling up the DagBag from /home/airflow/.local/lib/python3.8/site-packages/airflow/example_dags/example_task_group.py
[2024-03-25T20:29:15.087+0000] {processor.py:840} INFO - DAG(s) 'example_task_group' retrieved from /home/airflow/.local/lib/python3.8/site-packages/airflow/example_dags/example_task_group.py
[2024-03-25T20:29:15.097+0000] {logging_mixin.py:188} INFO - [2024-03-25T20:29:15.097+0000] {dag.py:3047} INFO - Sync 1 DAGs
[2024-03-25T20:29:15.107+0000] {logging_mixin.py:188} INFO - [2024-03-25T20:29:15.107+0000] {dag.py:3834} INFO - Setting next_dagrun for example_task_group to 2024-03-24 00:00:00+00:00, run_after=2024-03-25 00:00:00+00:00
[2024-03-25T20:29:15.116+0000] {processor.py:183} INFO - Processing /home/airflow/.local/lib/python3.8/site-packages/airflow/example_dags/example_task_group.py took 0.036 seconds
[2024-03-25T20:29:45.409+0000] {processor.py:161} INFO - Started process (PID=430) to work on /home/airflow/.local/lib/python3.8/site-packages/airflow/example_dags/example_task_group.py
[2024-03-25T20:29:45.410+0000] {processor.py:830} INFO - Processing file /home/airflow/.local/lib/python3.8/site-packages/airflow/example_dags/example_task_group.py for tasks to queue
[2024-03-25T20:29:45.411+0000] {logging_mixin.py:188} INFO - [2024-03-25T20:29:45.410+0000] {dagbag.py:540} INFO - Filling up the DagBag from /home/airflow/.local/lib/python3.8/site-packages/airflow/example_dags/example_task_group.py
[2024-03-25T20:29:45.414+0000] {processor.py:840} INFO - DAG(s) 'example_task_group' retrieved from /home/airflow/.local/lib/python3.8/site-packages/airflow/example_dags/example_task_group.py
[2024-03-25T20:29:45.425+0000] {logging_mixin.py:188} INFO - [2024-03-25T20:29:45.425+0000] {dag.py:3047} INFO - Sync 1 DAGs
[2024-03-25T20:29:45.435+0000] {logging_mixin.py:188} INFO - [2024-03-25T20:29:45.435+0000] {dag.py:3834} INFO - Setting next_dagrun for example_task_group to 2024-03-24 00:00:00+00:00, run_after=2024-03-25 00:00:00+00:00
[2024-03-25T20:29:45.444+0000] {processor.py:183} INFO - Processing /home/airflow/.local/lib/python3.8/site-packages/airflow/example_dags/example_task_group.py took 0.037 seconds
[2024-03-25T20:30:15.475+0000] {processor.py:161} INFO - Started process (PID=495) to work on /home/airflow/.local/lib/python3.8/site-packages/airflow/example_dags/example_task_group.py
[2024-03-25T20:30:15.476+0000] {processor.py:830} INFO - Processing file /home/airflow/.local/lib/python3.8/site-packages/airflow/example_dags/example_task_group.py for tasks to queue
[2024-03-25T20:30:15.477+0000] {logging_mixin.py:188} INFO - [2024-03-25T20:30:15.477+0000] {dagbag.py:540} INFO - Filling up the DagBag from /home/airflow/.local/lib/python3.8/site-packages/airflow/example_dags/example_task_group.py
[2024-03-25T20:30:15.481+0000] {processor.py:840} INFO - DAG(s) 'example_task_group' retrieved from /home/airflow/.local/lib/python3.8/site-packages/airflow/example_dags/example_task_group.py
[2024-03-25T20:30:15.494+0000] {logging_mixin.py:188} INFO - [2024-03-25T20:30:15.494+0000] {dag.py:3047} INFO - Sync 1 DAGs
[2024-03-25T20:30:15.505+0000] {logging_mixin.py:188} INFO - [2024-03-25T20:30:15.505+0000] {dag.py:3834} INFO - Setting next_dagrun for example_task_group to 2024-03-24 00:00:00+00:00, run_after=2024-03-25 00:00:00+00:00
[2024-03-25T20:30:15.517+0000] {processor.py:183} INFO - Processing /home/airflow/.local/lib/python3.8/site-packages/airflow/example_dags/example_task_group.py took 0.044 seconds
[2024-03-25T20:30:46.455+0000] {processor.py:161} INFO - Started process (PID=551) to work on /home/airflow/.local/lib/python3.8/site-packages/airflow/example_dags/example_task_group.py
[2024-03-25T20:30:46.518+0000] {processor.py:830} INFO - Processing file /home/airflow/.local/lib/python3.8/site-packages/airflow/example_dags/example_task_group.py for tasks to queue
[2024-03-25T20:30:46.520+0000] {logging_mixin.py:188} INFO - [2024-03-25T20:30:46.520+0000] {dagbag.py:540} INFO - Filling up the DagBag from /home/airflow/.local/lib/python3.8/site-packages/airflow/example_dags/example_task_group.py
[2024-03-25T20:30:46.526+0000] {processor.py:840} INFO - DAG(s) 'example_task_group' retrieved from /home/airflow/.local/lib/python3.8/site-packages/airflow/example_dags/example_task_group.py
[2024-03-25T20:30:46.551+0000] {logging_mixin.py:188} INFO - [2024-03-25T20:30:46.551+0000] {dag.py:3047} INFO - Sync 1 DAGs
[2024-03-25T20:30:46.566+0000] {logging_mixin.py:188} INFO - [2024-03-25T20:30:46.565+0000] {dag.py:3834} INFO - Setting next_dagrun for example_task_group to 2024-03-24 00:00:00+00:00, run_after=2024-03-25 00:00:00+00:00
[2024-03-25T20:30:46.583+0000] {processor.py:183} INFO - Processing /home/airflow/.local/lib/python3.8/site-packages/airflow/example_dags/example_task_group.py took 0.130 seconds
[2024-03-25T20:31:17.400+0000] {processor.py:161} INFO - Started process (PID=607) to work on /home/airflow/.local/lib/python3.8/site-packages/airflow/example_dags/example_task_group.py
[2024-03-25T20:31:17.401+0000] {processor.py:830} INFO - Processing file /home/airflow/.local/lib/python3.8/site-packages/airflow/example_dags/example_task_group.py for tasks to queue
[2024-03-25T20:31:17.402+0000] {logging_mixin.py:188} INFO - [2024-03-25T20:31:17.402+0000] {dagbag.py:540} INFO - Filling up the DagBag from /home/airflow/.local/lib/python3.8/site-packages/airflow/example_dags/example_task_group.py
[2024-03-25T20:31:17.408+0000] {processor.py:840} INFO - DAG(s) 'example_task_group' retrieved from /home/airflow/.local/lib/python3.8/site-packages/airflow/example_dags/example_task_group.py
[2024-03-25T20:31:17.424+0000] {logging_mixin.py:188} INFO - [2024-03-25T20:31:17.424+0000] {dag.py:3047} INFO - Sync 1 DAGs
[2024-03-25T20:31:17.437+0000] {logging_mixin.py:188} INFO - [2024-03-25T20:31:17.437+0000] {dag.py:3834} INFO - Setting next_dagrun for example_task_group to 2024-03-24 00:00:00+00:00, run_after=2024-03-25 00:00:00+00:00
[2024-03-25T20:31:17.452+0000] {processor.py:183} INFO - Processing /home/airflow/.local/lib/python3.8/site-packages/airflow/example_dags/example_task_group.py took 0.055 seconds
[2024-03-25T20:31:48.238+0000] {processor.py:161} INFO - Started process (PID=663) to work on /home/airflow/.local/lib/python3.8/site-packages/airflow/example_dags/example_task_group.py
[2024-03-25T20:31:48.238+0000] {processor.py:830} INFO - Processing file /home/airflow/.local/lib/python3.8/site-packages/airflow/example_dags/example_task_group.py for tasks to queue
[2024-03-25T20:31:48.239+0000] {logging_mixin.py:188} INFO - [2024-03-25T20:31:48.239+0000] {dagbag.py:540} INFO - Filling up the DagBag from /home/airflow/.local/lib/python3.8/site-packages/airflow/example_dags/example_task_group.py
[2024-03-25T20:31:48.243+0000] {processor.py:840} INFO - DAG(s) 'example_task_group' retrieved from /home/airflow/.local/lib/python3.8/site-packages/airflow/example_dags/example_task_group.py
[2024-03-25T20:31:48.254+0000] {logging_mixin.py:188} INFO - [2024-03-25T20:31:48.254+0000] {dag.py:3047} INFO - Sync 1 DAGs
[2024-03-25T20:31:48.265+0000] {logging_mixin.py:188} INFO - [2024-03-25T20:31:48.265+0000] {dag.py:3834} INFO - Setting next_dagrun for example_task_group to 2024-03-24 00:00:00+00:00, run_after=2024-03-25 00:00:00+00:00
[2024-03-25T20:31:48.275+0000] {processor.py:183} INFO - Processing /home/airflow/.local/lib/python3.8/site-packages/airflow/example_dags/example_task_group.py took 0.039 seconds
[2024-03-25T20:32:18.869+0000] {processor.py:161} INFO - Started process (PID=719) to work on /home/airflow/.local/lib/python3.8/site-packages/airflow/example_dags/example_task_group.py
[2024-03-25T20:32:18.870+0000] {processor.py:830} INFO - Processing file /home/airflow/.local/lib/python3.8/site-packages/airflow/example_dags/example_task_group.py for tasks to queue
[2024-03-25T20:32:18.871+0000] {logging_mixin.py:188} INFO - [2024-03-25T20:32:18.871+0000] {dagbag.py:540} INFO - Filling up the DagBag from /home/airflow/.local/lib/python3.8/site-packages/airflow/example_dags/example_task_group.py
[2024-03-25T20:32:18.874+0000] {processor.py:840} INFO - DAG(s) 'example_task_group' retrieved from /home/airflow/.local/lib/python3.8/site-packages/airflow/example_dags/example_task_group.py
[2024-03-25T20:32:18.885+0000] {logging_mixin.py:188} INFO - [2024-03-25T20:32:18.885+0000] {dag.py:3047} INFO - Sync 1 DAGs
[2024-03-25T20:32:18.895+0000] {logging_mixin.py:188} INFO - [2024-03-25T20:32:18.895+0000] {dag.py:3834} INFO - Setting next_dagrun for example_task_group to 2024-03-24 00:00:00+00:00, run_after=2024-03-25 00:00:00+00:00
[2024-03-25T20:32:18.903+0000] {processor.py:183} INFO - Processing /home/airflow/.local/lib/python3.8/site-packages/airflow/example_dags/example_task_group.py took 0.036 seconds
[2024-03-25T20:32:49.420+0000] {processor.py:161} INFO - Started process (PID=775) to work on /home/airflow/.local/lib/python3.8/site-packages/airflow/example_dags/example_task_group.py
[2024-03-25T20:32:49.422+0000] {processor.py:830} INFO - Processing file /home/airflow/.local/lib/python3.8/site-packages/airflow/example_dags/example_task_group.py for tasks to queue
[2024-03-25T20:32:49.423+0000] {logging_mixin.py:188} INFO - [2024-03-25T20:32:49.423+0000] {dagbag.py:540} INFO - Filling up the DagBag from /home/airflow/.local/lib/python3.8/site-packages/airflow/example_dags/example_task_group.py
[2024-03-25T20:32:49.429+0000] {processor.py:840} INFO - DAG(s) 'example_task_group' retrieved from /home/airflow/.local/lib/python3.8/site-packages/airflow/example_dags/example_task_group.py
[2024-03-25T20:32:49.443+0000] {logging_mixin.py:188} INFO - [2024-03-25T20:32:49.443+0000] {dag.py:3047} INFO - Sync 1 DAGs
[2024-03-25T20:32:49.454+0000] {logging_mixin.py:188} INFO - [2024-03-25T20:32:49.454+0000] {dag.py:3834} INFO - Setting next_dagrun for example_task_group to 2024-03-24 00:00:00+00:00, run_after=2024-03-25 00:00:00+00:00
[2024-03-25T20:32:49.462+0000] {processor.py:183} INFO - Processing /home/airflow/.local/lib/python3.8/site-packages/airflow/example_dags/example_task_group.py took 0.045 seconds
[2024-03-25T20:33:19.913+0000] {processor.py:161} INFO - Started process (PID=831) to work on /home/airflow/.local/lib/python3.8/site-packages/airflow/example_dags/example_task_group.py
[2024-03-25T20:33:19.914+0000] {processor.py:830} INFO - Processing file /home/airflow/.local/lib/python3.8/site-packages/airflow/example_dags/example_task_group.py for tasks to queue
[2024-03-25T20:33:19.917+0000] {logging_mixin.py:188} INFO - [2024-03-25T20:33:19.916+0000] {dagbag.py:540} INFO - Filling up the DagBag from /home/airflow/.local/lib/python3.8/site-packages/airflow/example_dags/example_task_group.py
[2024-03-25T20:33:19.925+0000] {processor.py:840} INFO - DAG(s) 'example_task_group' retrieved from /home/airflow/.local/lib/python3.8/site-packages/airflow/example_dags/example_task_group.py
[2024-03-25T20:33:19.946+0000] {logging_mixin.py:188} INFO - [2024-03-25T20:33:19.946+0000] {dag.py:3047} INFO - Sync 1 DAGs
[2024-03-25T20:33:19.960+0000] {logging_mixin.py:188} INFO - [2024-03-25T20:33:19.960+0000] {dag.py:3834} INFO - Setting next_dagrun for example_task_group to 2024-03-24 00:00:00+00:00, run_after=2024-03-25 00:00:00+00:00
[2024-03-25T20:33:19.970+0000] {processor.py:183} INFO - Processing /home/airflow/.local/lib/python3.8/site-packages/airflow/example_dags/example_task_group.py took 0.062 seconds
[2024-03-25T20:33:50.336+0000] {processor.py:161} INFO - Started process (PID=887) to work on /home/airflow/.local/lib/python3.8/site-packages/airflow/example_dags/example_task_group.py
[2024-03-25T20:33:50.336+0000] {processor.py:830} INFO - Processing file /home/airflow/.local/lib/python3.8/site-packages/airflow/example_dags/example_task_group.py for tasks to queue
[2024-03-25T20:33:50.338+0000] {logging_mixin.py:188} INFO - [2024-03-25T20:33:50.338+0000] {dagbag.py:540} INFO - Filling up the DagBag from /home/airflow/.local/lib/python3.8/site-packages/airflow/example_dags/example_task_group.py
[2024-03-25T20:33:50.343+0000] {processor.py:840} INFO - DAG(s) 'example_task_group' retrieved from /home/airflow/.local/lib/python3.8/site-packages/airflow/example_dags/example_task_group.py
[2024-03-25T20:33:50.360+0000] {logging_mixin.py:188} INFO - [2024-03-25T20:33:50.360+0000] {dag.py:3047} INFO - Sync 1 DAGs
[2024-03-25T20:33:50.375+0000] {logging_mixin.py:188} INFO - [2024-03-25T20:33:50.375+0000] {dag.py:3834} INFO - Setting next_dagrun for example_task_group to 2024-03-24 00:00:00+00:00, run_after=2024-03-25 00:00:00+00:00
[2024-03-25T20:33:50.385+0000] {processor.py:183} INFO - Processing /home/airflow/.local/lib/python3.8/site-packages/airflow/example_dags/example_task_group.py took 0.052 seconds
[2024-03-25T20:34:20.995+0000] {processor.py:161} INFO - Started process (PID=942) to work on /home/airflow/.local/lib/python3.8/site-packages/airflow/example_dags/example_task_group.py
[2024-03-25T20:34:20.996+0000] {processor.py:830} INFO - Processing file /home/airflow/.local/lib/python3.8/site-packages/airflow/example_dags/example_task_group.py for tasks to queue
[2024-03-25T20:34:20.998+0000] {logging_mixin.py:188} INFO - [2024-03-25T20:34:20.997+0000] {dagbag.py:540} INFO - Filling up the DagBag from /home/airflow/.local/lib/python3.8/site-packages/airflow/example_dags/example_task_group.py
[2024-03-25T20:34:21.006+0000] {processor.py:840} INFO - DAG(s) 'example_task_group' retrieved from /home/airflow/.local/lib/python3.8/site-packages/airflow/example_dags/example_task_group.py
[2024-03-25T20:34:21.021+0000] {logging_mixin.py:188} INFO - [2024-03-25T20:34:21.020+0000] {dag.py:3047} INFO - Sync 1 DAGs
[2024-03-25T20:34:21.033+0000] {logging_mixin.py:188} INFO - [2024-03-25T20:34:21.033+0000] {dag.py:3834} INFO - Setting next_dagrun for example_task_group to 2024-03-24 00:00:00+00:00, run_after=2024-03-25 00:00:00+00:00
[2024-03-25T20:34:21.045+0000] {processor.py:183} INFO - Processing /home/airflow/.local/lib/python3.8/site-packages/airflow/example_dags/example_task_group.py took 0.053 seconds
[2024-03-25T20:34:51.820+0000] {processor.py:161} INFO - Started process (PID=998) to work on /home/airflow/.local/lib/python3.8/site-packages/airflow/example_dags/example_task_group.py
[2024-03-25T20:34:51.821+0000] {processor.py:830} INFO - Processing file /home/airflow/.local/lib/python3.8/site-packages/airflow/example_dags/example_task_group.py for tasks to queue
[2024-03-25T20:34:51.823+0000] {logging_mixin.py:188} INFO - [2024-03-25T20:34:51.823+0000] {dagbag.py:540} INFO - Filling up the DagBag from /home/airflow/.local/lib/python3.8/site-packages/airflow/example_dags/example_task_group.py
[2024-03-25T20:34:51.830+0000] {processor.py:840} INFO - DAG(s) 'example_task_group' retrieved from /home/airflow/.local/lib/python3.8/site-packages/airflow/example_dags/example_task_group.py
[2024-03-25T20:34:51.844+0000] {logging_mixin.py:188} INFO - [2024-03-25T20:34:51.844+0000] {dag.py:3047} INFO - Sync 1 DAGs
[2024-03-25T20:34:51.859+0000] {logging_mixin.py:188} INFO - [2024-03-25T20:34:51.859+0000] {dag.py:3834} INFO - Setting next_dagrun for example_task_group to 2024-03-24 00:00:00+00:00, run_after=2024-03-25 00:00:00+00:00
[2024-03-25T20:34:51.872+0000] {processor.py:183} INFO - Processing /home/airflow/.local/lib/python3.8/site-packages/airflow/example_dags/example_task_group.py took 0.056 seconds
[2024-03-25T20:35:22.290+0000] {processor.py:161} INFO - Started process (PID=1054) to work on /home/airflow/.local/lib/python3.8/site-packages/airflow/example_dags/example_task_group.py
[2024-03-25T20:35:22.292+0000] {processor.py:830} INFO - Processing file /home/airflow/.local/lib/python3.8/site-packages/airflow/example_dags/example_task_group.py for tasks to queue
[2024-03-25T20:35:22.294+0000] {logging_mixin.py:188} INFO - [2024-03-25T20:35:22.293+0000] {dagbag.py:540} INFO - Filling up the DagBag from /home/airflow/.local/lib/python3.8/site-packages/airflow/example_dags/example_task_group.py
[2024-03-25T20:35:22.301+0000] {processor.py:840} INFO - DAG(s) 'example_task_group' retrieved from /home/airflow/.local/lib/python3.8/site-packages/airflow/example_dags/example_task_group.py
[2024-03-25T20:35:22.317+0000] {logging_mixin.py:188} INFO - [2024-03-25T20:35:22.317+0000] {dag.py:3047} INFO - Sync 1 DAGs
[2024-03-25T20:35:22.333+0000] {logging_mixin.py:188} INFO - [2024-03-25T20:35:22.333+0000] {dag.py:3834} INFO - Setting next_dagrun for example_task_group to 2024-03-24 00:00:00+00:00, run_after=2024-03-25 00:00:00+00:00
[2024-03-25T20:35:22.343+0000] {processor.py:183} INFO - Processing /home/airflow/.local/lib/python3.8/site-packages/airflow/example_dags/example_task_group.py took 0.056 seconds
[2024-03-25T20:35:52.891+0000] {processor.py:161} INFO - Started process (PID=1110) to work on /home/airflow/.local/lib/python3.8/site-packages/airflow/example_dags/example_task_group.py
[2024-03-25T20:35:52.892+0000] {processor.py:830} INFO - Processing file /home/airflow/.local/lib/python3.8/site-packages/airflow/example_dags/example_task_group.py for tasks to queue
[2024-03-25T20:35:52.894+0000] {logging_mixin.py:188} INFO - [2024-03-25T20:35:52.893+0000] {dagbag.py:540} INFO - Filling up the DagBag from /home/airflow/.local/lib/python3.8/site-packages/airflow/example_dags/example_task_group.py
[2024-03-25T20:35:52.900+0000] {processor.py:840} INFO - DAG(s) 'example_task_group' retrieved from /home/airflow/.local/lib/python3.8/site-packages/airflow/example_dags/example_task_group.py
[2024-03-25T20:35:52.916+0000] {logging_mixin.py:188} INFO - [2024-03-25T20:35:52.916+0000] {dag.py:3047} INFO - Sync 1 DAGs
[2024-03-25T20:35:52.930+0000] {logging_mixin.py:188} INFO - [2024-03-25T20:35:52.930+0000] {dag.py:3834} INFO - Setting next_dagrun for example_task_group to 2024-03-24 00:00:00+00:00, run_after=2024-03-25 00:00:00+00:00
[2024-03-25T20:35:52.940+0000] {processor.py:183} INFO - Processing /home/airflow/.local/lib/python3.8/site-packages/airflow/example_dags/example_task_group.py took 0.053 seconds
[2024-03-25T20:36:23.362+0000] {processor.py:161} INFO - Started process (PID=1166) to work on /home/airflow/.local/lib/python3.8/site-packages/airflow/example_dags/example_task_group.py
[2024-03-25T20:36:23.362+0000] {processor.py:830} INFO - Processing file /home/airflow/.local/lib/python3.8/site-packages/airflow/example_dags/example_task_group.py for tasks to queue
[2024-03-25T20:36:23.364+0000] {logging_mixin.py:188} INFO - [2024-03-25T20:36:23.363+0000] {dagbag.py:540} INFO - Filling up the DagBag from /home/airflow/.local/lib/python3.8/site-packages/airflow/example_dags/example_task_group.py
[2024-03-25T20:36:23.368+0000] {processor.py:840} INFO - DAG(s) 'example_task_group' retrieved from /home/airflow/.local/lib/python3.8/site-packages/airflow/example_dags/example_task_group.py
[2024-03-25T20:36:23.382+0000] {logging_mixin.py:188} INFO - [2024-03-25T20:36:23.382+0000] {dag.py:3047} INFO - Sync 1 DAGs
[2024-03-25T20:36:23.395+0000] {logging_mixin.py:188} INFO - [2024-03-25T20:36:23.395+0000] {dag.py:3834} INFO - Setting next_dagrun for example_task_group to 2024-03-24 00:00:00+00:00, run_after=2024-03-25 00:00:00+00:00
[2024-03-25T20:36:23.405+0000] {processor.py:183} INFO - Processing /home/airflow/.local/lib/python3.8/site-packages/airflow/example_dags/example_task_group.py took 0.045 seconds
[2024-03-25T20:36:54.008+0000] {processor.py:161} INFO - Started process (PID=1221) to work on /home/airflow/.local/lib/python3.8/site-packages/airflow/example_dags/example_task_group.py
[2024-03-25T20:36:54.009+0000] {processor.py:830} INFO - Processing file /home/airflow/.local/lib/python3.8/site-packages/airflow/example_dags/example_task_group.py for tasks to queue
[2024-03-25T20:36:54.011+0000] {logging_mixin.py:188} INFO - [2024-03-25T20:36:54.011+0000] {dagbag.py:540} INFO - Filling up the DagBag from /home/airflow/.local/lib/python3.8/site-packages/airflow/example_dags/example_task_group.py
[2024-03-25T20:36:54.018+0000] {processor.py:840} INFO - DAG(s) 'example_task_group' retrieved from /home/airflow/.local/lib/python3.8/site-packages/airflow/example_dags/example_task_group.py
[2024-03-25T20:36:54.032+0000] {logging_mixin.py:188} INFO - [2024-03-25T20:36:54.032+0000] {dag.py:3047} INFO - Sync 1 DAGs
[2024-03-25T20:36:54.046+0000] {logging_mixin.py:188} INFO - [2024-03-25T20:36:54.046+0000] {dag.py:3834} INFO - Setting next_dagrun for example_task_group to 2024-03-24 00:00:00+00:00, run_after=2024-03-25 00:00:00+00:00
[2024-03-25T20:36:54.055+0000] {processor.py:183} INFO - Processing /home/airflow/.local/lib/python3.8/site-packages/airflow/example_dags/example_task_group.py took 0.052 seconds
[2024-03-25T20:37:24.631+0000] {processor.py:161} INFO - Started process (PID=1277) to work on /home/airflow/.local/lib/python3.8/site-packages/airflow/example_dags/example_task_group.py
[2024-03-25T20:37:24.633+0000] {processor.py:830} INFO - Processing file /home/airflow/.local/lib/python3.8/site-packages/airflow/example_dags/example_task_group.py for tasks to queue
[2024-03-25T20:37:24.635+0000] {logging_mixin.py:188} INFO - [2024-03-25T20:37:24.635+0000] {dagbag.py:540} INFO - Filling up the DagBag from /home/airflow/.local/lib/python3.8/site-packages/airflow/example_dags/example_task_group.py
[2024-03-25T20:37:24.642+0000] {processor.py:840} INFO - DAG(s) 'example_task_group' retrieved from /home/airflow/.local/lib/python3.8/site-packages/airflow/example_dags/example_task_group.py
[2024-03-25T20:37:24.660+0000] {logging_mixin.py:188} INFO - [2024-03-25T20:37:24.660+0000] {dag.py:3047} INFO - Sync 1 DAGs
[2024-03-25T20:37:24.674+0000] {logging_mixin.py:188} INFO - [2024-03-25T20:37:24.674+0000] {dag.py:3834} INFO - Setting next_dagrun for example_task_group to 2024-03-24 00:00:00+00:00, run_after=2024-03-25 00:00:00+00:00
[2024-03-25T20:37:24.684+0000] {processor.py:183} INFO - Processing /home/airflow/.local/lib/python3.8/site-packages/airflow/example_dags/example_task_group.py took 0.057 seconds
[2024-03-25T20:37:55.468+0000] {processor.py:161} INFO - Started process (PID=1333) to work on /home/airflow/.local/lib/python3.8/site-packages/airflow/example_dags/example_task_group.py
[2024-03-25T20:37:55.469+0000] {processor.py:830} INFO - Processing file /home/airflow/.local/lib/python3.8/site-packages/airflow/example_dags/example_task_group.py for tasks to queue
[2024-03-25T20:37:55.471+0000] {logging_mixin.py:188} INFO - [2024-03-25T20:37:55.471+0000] {dagbag.py:540} INFO - Filling up the DagBag from /home/airflow/.local/lib/python3.8/site-packages/airflow/example_dags/example_task_group.py
[2024-03-25T20:37:55.479+0000] {processor.py:840} INFO - DAG(s) 'example_task_group' retrieved from /home/airflow/.local/lib/python3.8/site-packages/airflow/example_dags/example_task_group.py
[2024-03-25T20:37:55.498+0000] {logging_mixin.py:188} INFO - [2024-03-25T20:37:55.498+0000] {dag.py:3047} INFO - Sync 1 DAGs
[2024-03-25T20:37:55.511+0000] {logging_mixin.py:188} INFO - [2024-03-25T20:37:55.511+0000] {dag.py:3834} INFO - Setting next_dagrun for example_task_group to 2024-03-24 00:00:00+00:00, run_after=2024-03-25 00:00:00+00:00
[2024-03-25T20:37:55.521+0000] {processor.py:183} INFO - Processing /home/airflow/.local/lib/python3.8/site-packages/airflow/example_dags/example_task_group.py took 0.058 seconds
[2024-03-25T20:38:25.988+0000] {processor.py:161} INFO - Started process (PID=1389) to work on /home/airflow/.local/lib/python3.8/site-packages/airflow/example_dags/example_task_group.py
[2024-03-25T20:38:25.989+0000] {processor.py:830} INFO - Processing file /home/airflow/.local/lib/python3.8/site-packages/airflow/example_dags/example_task_group.py for tasks to queue
[2024-03-25T20:38:25.991+0000] {logging_mixin.py:188} INFO - [2024-03-25T20:38:25.991+0000] {dagbag.py:540} INFO - Filling up the DagBag from /home/airflow/.local/lib/python3.8/site-packages/airflow/example_dags/example_task_group.py
[2024-03-25T20:38:25.998+0000] {processor.py:840} INFO - DAG(s) 'example_task_group' retrieved from /home/airflow/.local/lib/python3.8/site-packages/airflow/example_dags/example_task_group.py
[2024-03-25T20:38:26.013+0000] {logging_mixin.py:188} INFO - [2024-03-25T20:38:26.013+0000] {dag.py:3047} INFO - Sync 1 DAGs
[2024-03-25T20:38:26.026+0000] {logging_mixin.py:188} INFO - [2024-03-25T20:38:26.025+0000] {dag.py:3834} INFO - Setting next_dagrun for example_task_group to 2024-03-24 00:00:00+00:00, run_after=2024-03-25 00:00:00+00:00
[2024-03-25T20:38:26.035+0000] {processor.py:183} INFO - Processing /home/airflow/.local/lib/python3.8/site-packages/airflow/example_dags/example_task_group.py took 0.051 seconds
[2024-03-25T20:38:56.417+0000] {processor.py:161} INFO - Started process (PID=1445) to work on /home/airflow/.local/lib/python3.8/site-packages/airflow/example_dags/example_task_group.py
[2024-03-25T20:38:56.418+0000] {processor.py:830} INFO - Processing file /home/airflow/.local/lib/python3.8/site-packages/airflow/example_dags/example_task_group.py for tasks to queue
[2024-03-25T20:38:56.419+0000] {logging_mixin.py:188} INFO - [2024-03-25T20:38:56.419+0000] {dagbag.py:540} INFO - Filling up the DagBag from /home/airflow/.local/lib/python3.8/site-packages/airflow/example_dags/example_task_group.py
[2024-03-25T20:38:56.426+0000] {processor.py:840} INFO - DAG(s) 'example_task_group' retrieved from /home/airflow/.local/lib/python3.8/site-packages/airflow/example_dags/example_task_group.py
[2024-03-25T20:38:56.442+0000] {logging_mixin.py:188} INFO - [2024-03-25T20:38:56.442+0000] {dag.py:3047} INFO - Sync 1 DAGs
[2024-03-25T20:38:56.455+0000] {logging_mixin.py:188} INFO - [2024-03-25T20:38:56.455+0000] {dag.py:3834} INFO - Setting next_dagrun for example_task_group to 2024-03-24 00:00:00+00:00, run_after=2024-03-25 00:00:00+00:00
[2024-03-25T20:38:56.466+0000] {processor.py:183} INFO - Processing /home/airflow/.local/lib/python3.8/site-packages/airflow/example_dags/example_task_group.py took 0.053 seconds
[2024-03-25T20:39:27.065+0000] {processor.py:161} INFO - Started process (PID=1501) to work on /home/airflow/.local/lib/python3.8/site-packages/airflow/example_dags/example_task_group.py
[2024-03-25T20:39:27.066+0000] {processor.py:830} INFO - Processing file /home/airflow/.local/lib/python3.8/site-packages/airflow/example_dags/example_task_group.py for tasks to queue
[2024-03-25T20:39:27.068+0000] {logging_mixin.py:188} INFO - [2024-03-25T20:39:27.068+0000] {dagbag.py:540} INFO - Filling up the DagBag from /home/airflow/.local/lib/python3.8/site-packages/airflow/example_dags/example_task_group.py
[2024-03-25T20:39:27.075+0000] {processor.py:840} INFO - DAG(s) 'example_task_group' retrieved from /home/airflow/.local/lib/python3.8/site-packages/airflow/example_dags/example_task_group.py
[2024-03-25T20:39:27.091+0000] {logging_mixin.py:188} INFO - [2024-03-25T20:39:27.091+0000] {dag.py:3047} INFO - Sync 1 DAGs
[2024-03-25T20:39:27.105+0000] {logging_mixin.py:188} INFO - [2024-03-25T20:39:27.105+0000] {dag.py:3834} INFO - Setting next_dagrun for example_task_group to 2024-03-24 00:00:00+00:00, run_after=2024-03-25 00:00:00+00:00
[2024-03-25T20:39:27.115+0000] {processor.py:183} INFO - Processing /home/airflow/.local/lib/python3.8/site-packages/airflow/example_dags/example_task_group.py took 0.054 seconds
[2024-03-25T20:39:57.533+0000] {processor.py:161} INFO - Started process (PID=1557) to work on /home/airflow/.local/lib/python3.8/site-packages/airflow/example_dags/example_task_group.py
[2024-03-25T20:39:57.534+0000] {processor.py:830} INFO - Processing file /home/airflow/.local/lib/python3.8/site-packages/airflow/example_dags/example_task_group.py for tasks to queue
[2024-03-25T20:39:57.535+0000] {logging_mixin.py:188} INFO - [2024-03-25T20:39:57.535+0000] {dagbag.py:540} INFO - Filling up the DagBag from /home/airflow/.local/lib/python3.8/site-packages/airflow/example_dags/example_task_group.py
[2024-03-25T20:39:57.541+0000] {processor.py:840} INFO - DAG(s) 'example_task_group' retrieved from /home/airflow/.local/lib/python3.8/site-packages/airflow/example_dags/example_task_group.py
[2024-03-25T20:39:57.555+0000] {logging_mixin.py:188} INFO - [2024-03-25T20:39:57.555+0000] {dag.py:3047} INFO - Sync 1 DAGs
[2024-03-25T20:39:57.568+0000] {logging_mixin.py:188} INFO - [2024-03-25T20:39:57.568+0000] {dag.py:3834} INFO - Setting next_dagrun for example_task_group to 2024-03-24 00:00:00+00:00, run_after=2024-03-25 00:00:00+00:00
[2024-03-25T20:39:57.577+0000] {processor.py:183} INFO - Processing /home/airflow/.local/lib/python3.8/site-packages/airflow/example_dags/example_task_group.py took 0.047 seconds
