[2024-03-25T20:19:35.346+0000] {processor.py:161} INFO - Started process (PID=38) to work on /home/airflow/.local/lib/python3.8/site-packages/airflow/example_dags/example_latest_only_with_trigger.py
[2024-03-25T20:19:35.348+0000] {processor.py:830} INFO - Processing file /home/airflow/.local/lib/python3.8/site-packages/airflow/example_dags/example_latest_only_with_trigger.py for tasks to queue
[2024-03-25T20:19:35.352+0000] {logging_mixin.py:188} INFO - [2024-03-25T20:19:35.352+0000] {dagbag.py:540} INFO - Filling up the DagBag from /home/airflow/.local/lib/python3.8/site-packages/airflow/example_dags/example_latest_only_with_trigger.py
[2024-03-25T20:19:35.359+0000] {processor.py:840} INFO - DAG(s) 'latest_only_with_trigger' retrieved from /home/airflow/.local/lib/python3.8/site-packages/airflow/example_dags/example_latest_only_with_trigger.py
[2024-03-25T20:19:35.390+0000] {logging_mixin.py:188} INFO - [2024-03-25T20:19:35.390+0000] {dag.py:3047} INFO - Sync 1 DAGs
[2024-03-25T20:19:35.431+0000] {logging_mixin.py:188} INFO - [2024-03-25T20:19:35.431+0000] {dag.py:3834} INFO - Setting next_dagrun for latest_only_with_trigger to 2024-03-25 16:00:00+00:00, run_after=2024-03-25 20:00:00+00:00
[2024-03-25T20:19:35.473+0000] {processor.py:183} INFO - Processing /home/airflow/.local/lib/python3.8/site-packages/airflow/example_dags/example_latest_only_with_trigger.py took 0.132 seconds
[2024-03-25T20:20:05.804+0000] {processor.py:161} INFO - Started process (PID=93) to work on /home/airflow/.local/lib/python3.8/site-packages/airflow/example_dags/example_latest_only_with_trigger.py
[2024-03-25T20:20:05.805+0000] {processor.py:830} INFO - Processing file /home/airflow/.local/lib/python3.8/site-packages/airflow/example_dags/example_latest_only_with_trigger.py for tasks to queue
[2024-03-25T20:20:05.806+0000] {logging_mixin.py:188} INFO - [2024-03-25T20:20:05.806+0000] {dagbag.py:540} INFO - Filling up the DagBag from /home/airflow/.local/lib/python3.8/site-packages/airflow/example_dags/example_latest_only_with_trigger.py
[2024-03-25T20:20:05.809+0000] {processor.py:840} INFO - DAG(s) 'latest_only_with_trigger' retrieved from /home/airflow/.local/lib/python3.8/site-packages/airflow/example_dags/example_latest_only_with_trigger.py
[2024-03-25T20:20:05.820+0000] {logging_mixin.py:188} INFO - [2024-03-25T20:20:05.820+0000] {dag.py:3047} INFO - Sync 1 DAGs
[2024-03-25T20:20:05.831+0000] {logging_mixin.py:188} INFO - [2024-03-25T20:20:05.830+0000] {dag.py:3834} INFO - Setting next_dagrun for latest_only_with_trigger to 2024-03-25 16:00:00+00:00, run_after=2024-03-25 20:00:00+00:00
[2024-03-25T20:20:05.839+0000] {processor.py:183} INFO - Processing /home/airflow/.local/lib/python3.8/site-packages/airflow/example_dags/example_latest_only_with_trigger.py took 0.037 seconds
[2024-03-25T20:26:12.940+0000] {processor.py:161} INFO - Started process (PID=37) to work on /home/airflow/.local/lib/python3.8/site-packages/airflow/example_dags/example_latest_only_with_trigger.py
[2024-03-25T20:26:12.941+0000] {processor.py:830} INFO - Processing file /home/airflow/.local/lib/python3.8/site-packages/airflow/example_dags/example_latest_only_with_trigger.py for tasks to queue
[2024-03-25T20:26:12.943+0000] {logging_mixin.py:188} INFO - [2024-03-25T20:26:12.943+0000] {dagbag.py:540} INFO - Filling up the DagBag from /home/airflow/.local/lib/python3.8/site-packages/airflow/example_dags/example_latest_only_with_trigger.py
[2024-03-25T20:26:12.950+0000] {processor.py:840} INFO - DAG(s) 'latest_only_with_trigger' retrieved from /home/airflow/.local/lib/python3.8/site-packages/airflow/example_dags/example_latest_only_with_trigger.py
[2024-03-25T20:26:12.975+0000] {logging_mixin.py:188} INFO - [2024-03-25T20:26:12.974+0000] {dag.py:3047} INFO - Sync 1 DAGs
[2024-03-25T20:26:12.994+0000] {logging_mixin.py:188} INFO - [2024-03-25T20:26:12.993+0000] {dag.py:3834} INFO - Setting next_dagrun for latest_only_with_trigger to 2024-03-25 16:00:00+00:00, run_after=2024-03-25 20:00:00+00:00
[2024-03-25T20:26:13.017+0000] {processor.py:183} INFO - Processing /home/airflow/.local/lib/python3.8/site-packages/airflow/example_dags/example_latest_only_with_trigger.py took 0.080 seconds
[2024-03-25T20:26:43.986+0000] {processor.py:161} INFO - Started process (PID=91) to work on /home/airflow/.local/lib/python3.8/site-packages/airflow/example_dags/example_latest_only_with_trigger.py
[2024-03-25T20:26:43.987+0000] {processor.py:830} INFO - Processing file /home/airflow/.local/lib/python3.8/site-packages/airflow/example_dags/example_latest_only_with_trigger.py for tasks to queue
[2024-03-25T20:26:43.991+0000] {logging_mixin.py:188} INFO - [2024-03-25T20:26:43.990+0000] {dagbag.py:540} INFO - Filling up the DagBag from /home/airflow/.local/lib/python3.8/site-packages/airflow/example_dags/example_latest_only_with_trigger.py
[2024-03-25T20:26:44.000+0000] {processor.py:840} INFO - DAG(s) 'latest_only_with_trigger' retrieved from /home/airflow/.local/lib/python3.8/site-packages/airflow/example_dags/example_latest_only_with_trigger.py
[2024-03-25T20:26:44.025+0000] {logging_mixin.py:188} INFO - [2024-03-25T20:26:44.025+0000] {dag.py:3047} INFO - Sync 1 DAGs
[2024-03-25T20:26:44.041+0000] {logging_mixin.py:188} INFO - [2024-03-25T20:26:44.041+0000] {dag.py:3834} INFO - Setting next_dagrun for latest_only_with_trigger to 2024-03-25 16:00:00+00:00, run_after=2024-03-25 20:00:00+00:00
[2024-03-25T20:26:44.053+0000] {processor.py:183} INFO - Processing /home/airflow/.local/lib/python3.8/site-packages/airflow/example_dags/example_latest_only_with_trigger.py took 0.072 seconds
[2024-03-25T20:27:14.237+0000] {processor.py:161} INFO - Started process (PID=147) to work on /home/airflow/.local/lib/python3.8/site-packages/airflow/example_dags/example_latest_only_with_trigger.py
[2024-03-25T20:27:14.239+0000] {processor.py:830} INFO - Processing file /home/airflow/.local/lib/python3.8/site-packages/airflow/example_dags/example_latest_only_with_trigger.py for tasks to queue
[2024-03-25T20:27:14.242+0000] {logging_mixin.py:188} INFO - [2024-03-25T20:27:14.242+0000] {dagbag.py:540} INFO - Filling up the DagBag from /home/airflow/.local/lib/python3.8/site-packages/airflow/example_dags/example_latest_only_with_trigger.py
[2024-03-25T20:27:14.251+0000] {processor.py:840} INFO - DAG(s) 'latest_only_with_trigger' retrieved from /home/airflow/.local/lib/python3.8/site-packages/airflow/example_dags/example_latest_only_with_trigger.py
[2024-03-25T20:27:14.274+0000] {logging_mixin.py:188} INFO - [2024-03-25T20:27:14.274+0000] {dag.py:3047} INFO - Sync 1 DAGs
[2024-03-25T20:27:14.290+0000] {logging_mixin.py:188} INFO - [2024-03-25T20:27:14.289+0000] {dag.py:3834} INFO - Setting next_dagrun for latest_only_with_trigger to 2024-03-25 16:00:00+00:00, run_after=2024-03-25 20:00:00+00:00
[2024-03-25T20:27:14.301+0000] {processor.py:183} INFO - Processing /home/airflow/.local/lib/python3.8/site-packages/airflow/example_dags/example_latest_only_with_trigger.py took 0.069 seconds
[2024-03-25T20:27:44.393+0000] {processor.py:161} INFO - Started process (PID=203) to work on /home/airflow/.local/lib/python3.8/site-packages/airflow/example_dags/example_latest_only_with_trigger.py
[2024-03-25T20:27:44.394+0000] {processor.py:830} INFO - Processing file /home/airflow/.local/lib/python3.8/site-packages/airflow/example_dags/example_latest_only_with_trigger.py for tasks to queue
[2024-03-25T20:27:44.395+0000] {logging_mixin.py:188} INFO - [2024-03-25T20:27:44.395+0000] {dagbag.py:540} INFO - Filling up the DagBag from /home/airflow/.local/lib/python3.8/site-packages/airflow/example_dags/example_latest_only_with_trigger.py
[2024-03-25T20:27:44.399+0000] {processor.py:840} INFO - DAG(s) 'latest_only_with_trigger' retrieved from /home/airflow/.local/lib/python3.8/site-packages/airflow/example_dags/example_latest_only_with_trigger.py
[2024-03-25T20:27:44.415+0000] {logging_mixin.py:188} INFO - [2024-03-25T20:27:44.415+0000] {dag.py:3047} INFO - Sync 1 DAGs
[2024-03-25T20:27:44.430+0000] {logging_mixin.py:188} INFO - [2024-03-25T20:27:44.430+0000] {dag.py:3834} INFO - Setting next_dagrun for latest_only_with_trigger to 2024-03-25 16:00:00+00:00, run_after=2024-03-25 20:00:00+00:00
[2024-03-25T20:27:44.444+0000] {processor.py:183} INFO - Processing /home/airflow/.local/lib/python3.8/site-packages/airflow/example_dags/example_latest_only_with_trigger.py took 0.053 seconds
[2024-03-25T20:28:14.590+0000] {processor.py:161} INFO - Started process (PID=259) to work on /home/airflow/.local/lib/python3.8/site-packages/airflow/example_dags/example_latest_only_with_trigger.py
[2024-03-25T20:28:14.592+0000] {processor.py:830} INFO - Processing file /home/airflow/.local/lib/python3.8/site-packages/airflow/example_dags/example_latest_only_with_trigger.py for tasks to queue
[2024-03-25T20:28:14.595+0000] {logging_mixin.py:188} INFO - [2024-03-25T20:28:14.594+0000] {dagbag.py:540} INFO - Filling up the DagBag from /home/airflow/.local/lib/python3.8/site-packages/airflow/example_dags/example_latest_only_with_trigger.py
[2024-03-25T20:28:14.602+0000] {processor.py:840} INFO - DAG(s) 'latest_only_with_trigger' retrieved from /home/airflow/.local/lib/python3.8/site-packages/airflow/example_dags/example_latest_only_with_trigger.py
[2024-03-25T20:28:14.623+0000] {logging_mixin.py:188} INFO - [2024-03-25T20:28:14.623+0000] {dag.py:3047} INFO - Sync 1 DAGs
[2024-03-25T20:28:14.637+0000] {logging_mixin.py:188} INFO - [2024-03-25T20:28:14.637+0000] {dag.py:3834} INFO - Setting next_dagrun for latest_only_with_trigger to 2024-03-25 16:00:00+00:00, run_after=2024-03-25 20:00:00+00:00
[2024-03-25T20:28:14.647+0000] {processor.py:183} INFO - Processing /home/airflow/.local/lib/python3.8/site-packages/airflow/example_dags/example_latest_only_with_trigger.py took 0.063 seconds
[2024-03-25T20:28:44.674+0000] {processor.py:161} INFO - Started process (PID=315) to work on /home/airflow/.local/lib/python3.8/site-packages/airflow/example_dags/example_latest_only_with_trigger.py
[2024-03-25T20:28:44.676+0000] {processor.py:830} INFO - Processing file /home/airflow/.local/lib/python3.8/site-packages/airflow/example_dags/example_latest_only_with_trigger.py for tasks to queue
[2024-03-25T20:28:44.679+0000] {logging_mixin.py:188} INFO - [2024-03-25T20:28:44.678+0000] {dagbag.py:540} INFO - Filling up the DagBag from /home/airflow/.local/lib/python3.8/site-packages/airflow/example_dags/example_latest_only_with_trigger.py
[2024-03-25T20:28:44.687+0000] {processor.py:840} INFO - DAG(s) 'latest_only_with_trigger' retrieved from /home/airflow/.local/lib/python3.8/site-packages/airflow/example_dags/example_latest_only_with_trigger.py
[2024-03-25T20:28:44.709+0000] {logging_mixin.py:188} INFO - [2024-03-25T20:28:44.709+0000] {dag.py:3047} INFO - Sync 1 DAGs
[2024-03-25T20:28:44.725+0000] {logging_mixin.py:188} INFO - [2024-03-25T20:28:44.725+0000] {dag.py:3834} INFO - Setting next_dagrun for latest_only_with_trigger to 2024-03-25 16:00:00+00:00, run_after=2024-03-25 20:00:00+00:00
[2024-03-25T20:28:44.736+0000] {processor.py:183} INFO - Processing /home/airflow/.local/lib/python3.8/site-packages/airflow/example_dags/example_latest_only_with_trigger.py took 0.067 seconds
[2024-03-25T20:29:15.005+0000] {processor.py:161} INFO - Started process (PID=371) to work on /home/airflow/.local/lib/python3.8/site-packages/airflow/example_dags/example_latest_only_with_trigger.py
[2024-03-25T20:29:15.007+0000] {processor.py:830} INFO - Processing file /home/airflow/.local/lib/python3.8/site-packages/airflow/example_dags/example_latest_only_with_trigger.py for tasks to queue
[2024-03-25T20:29:15.010+0000] {logging_mixin.py:188} INFO - [2024-03-25T20:29:15.010+0000] {dagbag.py:540} INFO - Filling up the DagBag from /home/airflow/.local/lib/python3.8/site-packages/airflow/example_dags/example_latest_only_with_trigger.py
[2024-03-25T20:29:15.018+0000] {processor.py:840} INFO - DAG(s) 'latest_only_with_trigger' retrieved from /home/airflow/.local/lib/python3.8/site-packages/airflow/example_dags/example_latest_only_with_trigger.py
[2024-03-25T20:29:15.039+0000] {logging_mixin.py:188} INFO - [2024-03-25T20:29:15.039+0000] {dag.py:3047} INFO - Sync 1 DAGs
[2024-03-25T20:29:15.053+0000] {logging_mixin.py:188} INFO - [2024-03-25T20:29:15.053+0000] {dag.py:3834} INFO - Setting next_dagrun for latest_only_with_trigger to 2024-03-25 16:00:00+00:00, run_after=2024-03-25 20:00:00+00:00
[2024-03-25T20:29:15.064+0000] {processor.py:183} INFO - Processing /home/airflow/.local/lib/python3.8/site-packages/airflow/example_dags/example_latest_only_with_trigger.py took 0.065 seconds
[2024-03-25T20:29:45.333+0000] {processor.py:161} INFO - Started process (PID=427) to work on /home/airflow/.local/lib/python3.8/site-packages/airflow/example_dags/example_latest_only_with_trigger.py
[2024-03-25T20:29:45.335+0000] {processor.py:830} INFO - Processing file /home/airflow/.local/lib/python3.8/site-packages/airflow/example_dags/example_latest_only_with_trigger.py for tasks to queue
[2024-03-25T20:29:45.338+0000] {logging_mixin.py:188} INFO - [2024-03-25T20:29:45.337+0000] {dagbag.py:540} INFO - Filling up the DagBag from /home/airflow/.local/lib/python3.8/site-packages/airflow/example_dags/example_latest_only_with_trigger.py
[2024-03-25T20:29:45.345+0000] {processor.py:840} INFO - DAG(s) 'latest_only_with_trigger' retrieved from /home/airflow/.local/lib/python3.8/site-packages/airflow/example_dags/example_latest_only_with_trigger.py
[2024-03-25T20:29:45.366+0000] {logging_mixin.py:188} INFO - [2024-03-25T20:29:45.365+0000] {dag.py:3047} INFO - Sync 1 DAGs
[2024-03-25T20:29:45.380+0000] {logging_mixin.py:188} INFO - [2024-03-25T20:29:45.380+0000] {dag.py:3834} INFO - Setting next_dagrun for latest_only_with_trigger to 2024-03-25 16:00:00+00:00, run_after=2024-03-25 20:00:00+00:00
[2024-03-25T20:29:45.391+0000] {processor.py:183} INFO - Processing /home/airflow/.local/lib/python3.8/site-packages/airflow/example_dags/example_latest_only_with_trigger.py took 0.063 seconds
[2024-03-25T20:30:15.415+0000] {processor.py:161} INFO - Started process (PID=492) to work on /home/airflow/.local/lib/python3.8/site-packages/airflow/example_dags/example_latest_only_with_trigger.py
[2024-03-25T20:30:15.416+0000] {processor.py:830} INFO - Processing file /home/airflow/.local/lib/python3.8/site-packages/airflow/example_dags/example_latest_only_with_trigger.py for tasks to queue
[2024-03-25T20:30:15.417+0000] {logging_mixin.py:188} INFO - [2024-03-25T20:30:15.417+0000] {dagbag.py:540} INFO - Filling up the DagBag from /home/airflow/.local/lib/python3.8/site-packages/airflow/example_dags/example_latest_only_with_trigger.py
[2024-03-25T20:30:15.420+0000] {processor.py:840} INFO - DAG(s) 'latest_only_with_trigger' retrieved from /home/airflow/.local/lib/python3.8/site-packages/airflow/example_dags/example_latest_only_with_trigger.py
[2024-03-25T20:30:15.433+0000] {logging_mixin.py:188} INFO - [2024-03-25T20:30:15.433+0000] {dag.py:3047} INFO - Sync 1 DAGs
[2024-03-25T20:30:15.445+0000] {logging_mixin.py:188} INFO - [2024-03-25T20:30:15.445+0000] {dag.py:3834} INFO - Setting next_dagrun for latest_only_with_trigger to 2024-03-25 16:00:00+00:00, run_after=2024-03-25 20:00:00+00:00
[2024-03-25T20:30:15.454+0000] {processor.py:183} INFO - Processing /home/airflow/.local/lib/python3.8/site-packages/airflow/example_dags/example_latest_only_with_trigger.py took 0.041 seconds
[2024-03-25T20:30:46.069+0000] {processor.py:161} INFO - Started process (PID=548) to work on /home/airflow/.local/lib/python3.8/site-packages/airflow/example_dags/example_latest_only_with_trigger.py
[2024-03-25T20:30:46.072+0000] {processor.py:830} INFO - Processing file /home/airflow/.local/lib/python3.8/site-packages/airflow/example_dags/example_latest_only_with_trigger.py for tasks to queue
[2024-03-25T20:30:46.080+0000] {logging_mixin.py:188} INFO - [2024-03-25T20:30:46.080+0000] {dagbag.py:540} INFO - Filling up the DagBag from /home/airflow/.local/lib/python3.8/site-packages/airflow/example_dags/example_latest_only_with_trigger.py
[2024-03-25T20:30:46.089+0000] {processor.py:840} INFO - DAG(s) 'latest_only_with_trigger' retrieved from /home/airflow/.local/lib/python3.8/site-packages/airflow/example_dags/example_latest_only_with_trigger.py
[2024-03-25T20:30:46.117+0000] {logging_mixin.py:188} INFO - [2024-03-25T20:30:46.117+0000] {dag.py:3047} INFO - Sync 1 DAGs
[2024-03-25T20:30:46.151+0000] {logging_mixin.py:188} INFO - [2024-03-25T20:30:46.151+0000] {dag.py:3834} INFO - Setting next_dagrun for latest_only_with_trigger to 2024-03-25 16:00:00+00:00, run_after=2024-03-25 20:00:00+00:00
[2024-03-25T20:30:46.179+0000] {processor.py:183} INFO - Processing /home/airflow/.local/lib/python3.8/site-packages/airflow/example_dags/example_latest_only_with_trigger.py took 0.113 seconds
[2024-03-25T20:31:16.351+0000] {processor.py:161} INFO - Started process (PID=604) to work on /home/airflow/.local/lib/python3.8/site-packages/airflow/example_dags/example_latest_only_with_trigger.py
[2024-03-25T20:31:16.355+0000] {processor.py:830} INFO - Processing file /home/airflow/.local/lib/python3.8/site-packages/airflow/example_dags/example_latest_only_with_trigger.py for tasks to queue
[2024-03-25T20:31:16.357+0000] {logging_mixin.py:188} INFO - [2024-03-25T20:31:16.357+0000] {dagbag.py:540} INFO - Filling up the DagBag from /home/airflow/.local/lib/python3.8/site-packages/airflow/example_dags/example_latest_only_with_trigger.py
[2024-03-25T20:31:16.362+0000] {processor.py:840} INFO - DAG(s) 'latest_only_with_trigger' retrieved from /home/airflow/.local/lib/python3.8/site-packages/airflow/example_dags/example_latest_only_with_trigger.py
[2024-03-25T20:31:16.378+0000] {logging_mixin.py:188} INFO - [2024-03-25T20:31:16.378+0000] {dag.py:3047} INFO - Sync 1 DAGs
[2024-03-25T20:31:16.392+0000] {logging_mixin.py:188} INFO - [2024-03-25T20:31:16.391+0000] {dag.py:3834} INFO - Setting next_dagrun for latest_only_with_trigger to 2024-03-25 16:00:00+00:00, run_after=2024-03-25 20:00:00+00:00
[2024-03-25T20:31:16.401+0000] {processor.py:183} INFO - Processing /home/airflow/.local/lib/python3.8/site-packages/airflow/example_dags/example_latest_only_with_trigger.py took 0.056 seconds
[2024-03-25T20:31:47.163+0000] {processor.py:161} INFO - Started process (PID=660) to work on /home/airflow/.local/lib/python3.8/site-packages/airflow/example_dags/example_latest_only_with_trigger.py
[2024-03-25T20:31:47.165+0000] {processor.py:830} INFO - Processing file /home/airflow/.local/lib/python3.8/site-packages/airflow/example_dags/example_latest_only_with_trigger.py for tasks to queue
[2024-03-25T20:31:47.167+0000] {logging_mixin.py:188} INFO - [2024-03-25T20:31:47.167+0000] {dagbag.py:540} INFO - Filling up the DagBag from /home/airflow/.local/lib/python3.8/site-packages/airflow/example_dags/example_latest_only_with_trigger.py
[2024-03-25T20:31:47.172+0000] {processor.py:840} INFO - DAG(s) 'latest_only_with_trigger' retrieved from /home/airflow/.local/lib/python3.8/site-packages/airflow/example_dags/example_latest_only_with_trigger.py
[2024-03-25T20:31:47.187+0000] {logging_mixin.py:188} INFO - [2024-03-25T20:31:47.187+0000] {dag.py:3047} INFO - Sync 1 DAGs
[2024-03-25T20:31:47.205+0000] {logging_mixin.py:188} INFO - [2024-03-25T20:31:47.205+0000] {dag.py:3834} INFO - Setting next_dagrun for latest_only_with_trigger to 2024-03-25 16:00:00+00:00, run_after=2024-03-25 20:00:00+00:00
[2024-03-25T20:31:47.217+0000] {processor.py:183} INFO - Processing /home/airflow/.local/lib/python3.8/site-packages/airflow/example_dags/example_latest_only_with_trigger.py took 0.058 seconds
[2024-03-25T20:32:17.827+0000] {processor.py:161} INFO - Started process (PID=716) to work on /home/airflow/.local/lib/python3.8/site-packages/airflow/example_dags/example_latest_only_with_trigger.py
[2024-03-25T20:32:17.830+0000] {processor.py:830} INFO - Processing file /home/airflow/.local/lib/python3.8/site-packages/airflow/example_dags/example_latest_only_with_trigger.py for tasks to queue
[2024-03-25T20:32:17.831+0000] {logging_mixin.py:188} INFO - [2024-03-25T20:32:17.831+0000] {dagbag.py:540} INFO - Filling up the DagBag from /home/airflow/.local/lib/python3.8/site-packages/airflow/example_dags/example_latest_only_with_trigger.py
[2024-03-25T20:32:17.835+0000] {processor.py:840} INFO - DAG(s) 'latest_only_with_trigger' retrieved from /home/airflow/.local/lib/python3.8/site-packages/airflow/example_dags/example_latest_only_with_trigger.py
[2024-03-25T20:32:17.848+0000] {logging_mixin.py:188} INFO - [2024-03-25T20:32:17.848+0000] {dag.py:3047} INFO - Sync 1 DAGs
[2024-03-25T20:32:17.858+0000] {logging_mixin.py:188} INFO - [2024-03-25T20:32:17.858+0000] {dag.py:3834} INFO - Setting next_dagrun for latest_only_with_trigger to 2024-03-25 16:00:00+00:00, run_after=2024-03-25 20:00:00+00:00
[2024-03-25T20:32:17.869+0000] {processor.py:183} INFO - Processing /home/airflow/.local/lib/python3.8/site-packages/airflow/example_dags/example_latest_only_with_trigger.py took 0.044 seconds
[2024-03-25T20:32:48.336+0000] {processor.py:161} INFO - Started process (PID=772) to work on /home/airflow/.local/lib/python3.8/site-packages/airflow/example_dags/example_latest_only_with_trigger.py
[2024-03-25T20:32:48.338+0000] {processor.py:830} INFO - Processing file /home/airflow/.local/lib/python3.8/site-packages/airflow/example_dags/example_latest_only_with_trigger.py for tasks to queue
[2024-03-25T20:32:48.341+0000] {logging_mixin.py:188} INFO - [2024-03-25T20:32:48.340+0000] {dagbag.py:540} INFO - Filling up the DagBag from /home/airflow/.local/lib/python3.8/site-packages/airflow/example_dags/example_latest_only_with_trigger.py
[2024-03-25T20:32:48.348+0000] {processor.py:840} INFO - DAG(s) 'latest_only_with_trigger' retrieved from /home/airflow/.local/lib/python3.8/site-packages/airflow/example_dags/example_latest_only_with_trigger.py
[2024-03-25T20:32:48.368+0000] {logging_mixin.py:188} INFO - [2024-03-25T20:32:48.367+0000] {dag.py:3047} INFO - Sync 1 DAGs
[2024-03-25T20:32:48.383+0000] {logging_mixin.py:188} INFO - [2024-03-25T20:32:48.383+0000] {dag.py:3834} INFO - Setting next_dagrun for latest_only_with_trigger to 2024-03-25 16:00:00+00:00, run_after=2024-03-25 20:00:00+00:00
[2024-03-25T20:32:48.393+0000] {processor.py:183} INFO - Processing /home/airflow/.local/lib/python3.8/site-packages/airflow/example_dags/example_latest_only_with_trigger.py took 0.061 seconds
[2024-03-25T20:33:18.816+0000] {processor.py:161} INFO - Started process (PID=828) to work on /home/airflow/.local/lib/python3.8/site-packages/airflow/example_dags/example_latest_only_with_trigger.py
[2024-03-25T20:33:18.817+0000] {processor.py:830} INFO - Processing file /home/airflow/.local/lib/python3.8/site-packages/airflow/example_dags/example_latest_only_with_trigger.py for tasks to queue
[2024-03-25T20:33:18.819+0000] {logging_mixin.py:188} INFO - [2024-03-25T20:33:18.819+0000] {dagbag.py:540} INFO - Filling up the DagBag from /home/airflow/.local/lib/python3.8/site-packages/airflow/example_dags/example_latest_only_with_trigger.py
[2024-03-25T20:33:18.825+0000] {processor.py:840} INFO - DAG(s) 'latest_only_with_trigger' retrieved from /home/airflow/.local/lib/python3.8/site-packages/airflow/example_dags/example_latest_only_with_trigger.py
[2024-03-25T20:33:18.852+0000] {logging_mixin.py:188} INFO - [2024-03-25T20:33:18.852+0000] {dag.py:3047} INFO - Sync 1 DAGs
[2024-03-25T20:33:18.866+0000] {logging_mixin.py:188} INFO - [2024-03-25T20:33:18.866+0000] {dag.py:3834} INFO - Setting next_dagrun for latest_only_with_trigger to 2024-03-25 16:00:00+00:00, run_after=2024-03-25 20:00:00+00:00
[2024-03-25T20:33:18.875+0000] {processor.py:183} INFO - Processing /home/airflow/.local/lib/python3.8/site-packages/airflow/example_dags/example_latest_only_with_trigger.py took 0.063 seconds
[2024-03-25T20:33:49.254+0000] {processor.py:161} INFO - Started process (PID=884) to work on /home/airflow/.local/lib/python3.8/site-packages/airflow/example_dags/example_latest_only_with_trigger.py
[2024-03-25T20:33:49.255+0000] {processor.py:830} INFO - Processing file /home/airflow/.local/lib/python3.8/site-packages/airflow/example_dags/example_latest_only_with_trigger.py for tasks to queue
[2024-03-25T20:33:49.257+0000] {logging_mixin.py:188} INFO - [2024-03-25T20:33:49.257+0000] {dagbag.py:540} INFO - Filling up the DagBag from /home/airflow/.local/lib/python3.8/site-packages/airflow/example_dags/example_latest_only_with_trigger.py
[2024-03-25T20:33:49.264+0000] {processor.py:840} INFO - DAG(s) 'latest_only_with_trigger' retrieved from /home/airflow/.local/lib/python3.8/site-packages/airflow/example_dags/example_latest_only_with_trigger.py
[2024-03-25T20:33:49.282+0000] {logging_mixin.py:188} INFO - [2024-03-25T20:33:49.282+0000] {dag.py:3047} INFO - Sync 1 DAGs
[2024-03-25T20:33:49.297+0000] {logging_mixin.py:188} INFO - [2024-03-25T20:33:49.297+0000] {dag.py:3834} INFO - Setting next_dagrun for latest_only_with_trigger to 2024-03-25 16:00:00+00:00, run_after=2024-03-25 20:00:00+00:00
[2024-03-25T20:33:49.308+0000] {processor.py:183} INFO - Processing /home/airflow/.local/lib/python3.8/site-packages/airflow/example_dags/example_latest_only_with_trigger.py took 0.058 seconds
[2024-03-25T20:34:19.878+0000] {processor.py:161} INFO - Started process (PID=939) to work on /home/airflow/.local/lib/python3.8/site-packages/airflow/example_dags/example_latest_only_with_trigger.py
[2024-03-25T20:34:19.879+0000] {processor.py:830} INFO - Processing file /home/airflow/.local/lib/python3.8/site-packages/airflow/example_dags/example_latest_only_with_trigger.py for tasks to queue
[2024-03-25T20:34:19.882+0000] {logging_mixin.py:188} INFO - [2024-03-25T20:34:19.882+0000] {dagbag.py:540} INFO - Filling up the DagBag from /home/airflow/.local/lib/python3.8/site-packages/airflow/example_dags/example_latest_only_with_trigger.py
[2024-03-25T20:34:19.896+0000] {processor.py:840} INFO - DAG(s) 'latest_only_with_trigger' retrieved from /home/airflow/.local/lib/python3.8/site-packages/airflow/example_dags/example_latest_only_with_trigger.py
[2024-03-25T20:34:19.933+0000] {logging_mixin.py:188} INFO - [2024-03-25T20:34:19.933+0000] {dag.py:3047} INFO - Sync 1 DAGs
[2024-03-25T20:34:19.948+0000] {logging_mixin.py:188} INFO - [2024-03-25T20:34:19.948+0000] {dag.py:3834} INFO - Setting next_dagrun for latest_only_with_trigger to 2024-03-25 16:00:00+00:00, run_after=2024-03-25 20:00:00+00:00
[2024-03-25T20:34:19.959+0000] {processor.py:183} INFO - Processing /home/airflow/.local/lib/python3.8/site-packages/airflow/example_dags/example_latest_only_with_trigger.py took 0.085 seconds
[2024-03-25T20:34:50.712+0000] {processor.py:161} INFO - Started process (PID=995) to work on /home/airflow/.local/lib/python3.8/site-packages/airflow/example_dags/example_latest_only_with_trigger.py
[2024-03-25T20:34:50.713+0000] {processor.py:830} INFO - Processing file /home/airflow/.local/lib/python3.8/site-packages/airflow/example_dags/example_latest_only_with_trigger.py for tasks to queue
[2024-03-25T20:34:50.716+0000] {logging_mixin.py:188} INFO - [2024-03-25T20:34:50.716+0000] {dagbag.py:540} INFO - Filling up the DagBag from /home/airflow/.local/lib/python3.8/site-packages/airflow/example_dags/example_latest_only_with_trigger.py
[2024-03-25T20:34:50.724+0000] {processor.py:840} INFO - DAG(s) 'latest_only_with_trigger' retrieved from /home/airflow/.local/lib/python3.8/site-packages/airflow/example_dags/example_latest_only_with_trigger.py
[2024-03-25T20:34:50.751+0000] {logging_mixin.py:188} INFO - [2024-03-25T20:34:50.750+0000] {dag.py:3047} INFO - Sync 1 DAGs
[2024-03-25T20:34:50.773+0000] {logging_mixin.py:188} INFO - [2024-03-25T20:34:50.773+0000] {dag.py:3834} INFO - Setting next_dagrun for latest_only_with_trigger to 2024-03-25 16:00:00+00:00, run_after=2024-03-25 20:00:00+00:00
[2024-03-25T20:34:50.785+0000] {processor.py:183} INFO - Processing /home/airflow/.local/lib/python3.8/site-packages/airflow/example_dags/example_latest_only_with_trigger.py took 0.081 seconds
[2024-03-25T20:35:21.202+0000] {processor.py:161} INFO - Started process (PID=1051) to work on /home/airflow/.local/lib/python3.8/site-packages/airflow/example_dags/example_latest_only_with_trigger.py
[2024-03-25T20:35:21.204+0000] {processor.py:830} INFO - Processing file /home/airflow/.local/lib/python3.8/site-packages/airflow/example_dags/example_latest_only_with_trigger.py for tasks to queue
[2024-03-25T20:35:21.206+0000] {logging_mixin.py:188} INFO - [2024-03-25T20:35:21.206+0000] {dagbag.py:540} INFO - Filling up the DagBag from /home/airflow/.local/lib/python3.8/site-packages/airflow/example_dags/example_latest_only_with_trigger.py
[2024-03-25T20:35:21.213+0000] {processor.py:840} INFO - DAG(s) 'latest_only_with_trigger' retrieved from /home/airflow/.local/lib/python3.8/site-packages/airflow/example_dags/example_latest_only_with_trigger.py
[2024-03-25T20:35:21.230+0000] {logging_mixin.py:188} INFO - [2024-03-25T20:35:21.230+0000] {dag.py:3047} INFO - Sync 1 DAGs
[2024-03-25T20:35:21.245+0000] {logging_mixin.py:188} INFO - [2024-03-25T20:35:21.245+0000] {dag.py:3834} INFO - Setting next_dagrun for latest_only_with_trigger to 2024-03-25 16:00:00+00:00, run_after=2024-03-25 20:00:00+00:00
[2024-03-25T20:35:21.255+0000] {processor.py:183} INFO - Processing /home/airflow/.local/lib/python3.8/site-packages/airflow/example_dags/example_latest_only_with_trigger.py took 0.057 seconds
[2024-03-25T20:35:51.800+0000] {processor.py:161} INFO - Started process (PID=1107) to work on /home/airflow/.local/lib/python3.8/site-packages/airflow/example_dags/example_latest_only_with_trigger.py
[2024-03-25T20:35:51.802+0000] {processor.py:830} INFO - Processing file /home/airflow/.local/lib/python3.8/site-packages/airflow/example_dags/example_latest_only_with_trigger.py for tasks to queue
[2024-03-25T20:35:51.804+0000] {logging_mixin.py:188} INFO - [2024-03-25T20:35:51.804+0000] {dagbag.py:540} INFO - Filling up the DagBag from /home/airflow/.local/lib/python3.8/site-packages/airflow/example_dags/example_latest_only_with_trigger.py
[2024-03-25T20:35:51.811+0000] {processor.py:840} INFO - DAG(s) 'latest_only_with_trigger' retrieved from /home/airflow/.local/lib/python3.8/site-packages/airflow/example_dags/example_latest_only_with_trigger.py
[2024-03-25T20:35:51.830+0000] {logging_mixin.py:188} INFO - [2024-03-25T20:35:51.829+0000] {dag.py:3047} INFO - Sync 1 DAGs
[2024-03-25T20:35:51.844+0000] {logging_mixin.py:188} INFO - [2024-03-25T20:35:51.844+0000] {dag.py:3834} INFO - Setting next_dagrun for latest_only_with_trigger to 2024-03-25 16:00:00+00:00, run_after=2024-03-25 20:00:00+00:00
[2024-03-25T20:35:51.855+0000] {processor.py:183} INFO - Processing /home/airflow/.local/lib/python3.8/site-packages/airflow/example_dags/example_latest_only_with_trigger.py took 0.059 seconds
[2024-03-25T20:36:22.286+0000] {processor.py:161} INFO - Started process (PID=1163) to work on /home/airflow/.local/lib/python3.8/site-packages/airflow/example_dags/example_latest_only_with_trigger.py
[2024-03-25T20:36:22.288+0000] {processor.py:830} INFO - Processing file /home/airflow/.local/lib/python3.8/site-packages/airflow/example_dags/example_latest_only_with_trigger.py for tasks to queue
[2024-03-25T20:36:22.290+0000] {logging_mixin.py:188} INFO - [2024-03-25T20:36:22.289+0000] {dagbag.py:540} INFO - Filling up the DagBag from /home/airflow/.local/lib/python3.8/site-packages/airflow/example_dags/example_latest_only_with_trigger.py
[2024-03-25T20:36:22.296+0000] {processor.py:840} INFO - DAG(s) 'latest_only_with_trigger' retrieved from /home/airflow/.local/lib/python3.8/site-packages/airflow/example_dags/example_latest_only_with_trigger.py
[2024-03-25T20:36:22.315+0000] {logging_mixin.py:188} INFO - [2024-03-25T20:36:22.315+0000] {dag.py:3047} INFO - Sync 1 DAGs
[2024-03-25T20:36:22.331+0000] {logging_mixin.py:188} INFO - [2024-03-25T20:36:22.331+0000] {dag.py:3834} INFO - Setting next_dagrun for latest_only_with_trigger to 2024-03-25 16:00:00+00:00, run_after=2024-03-25 20:00:00+00:00
[2024-03-25T20:36:22.342+0000] {processor.py:183} INFO - Processing /home/airflow/.local/lib/python3.8/site-packages/airflow/example_dags/example_latest_only_with_trigger.py took 0.060 seconds
[2024-03-25T20:36:52.915+0000] {processor.py:161} INFO - Started process (PID=1218) to work on /home/airflow/.local/lib/python3.8/site-packages/airflow/example_dags/example_latest_only_with_trigger.py
[2024-03-25T20:36:52.917+0000] {processor.py:830} INFO - Processing file /home/airflow/.local/lib/python3.8/site-packages/airflow/example_dags/example_latest_only_with_trigger.py for tasks to queue
[2024-03-25T20:36:52.919+0000] {logging_mixin.py:188} INFO - [2024-03-25T20:36:52.919+0000] {dagbag.py:540} INFO - Filling up the DagBag from /home/airflow/.local/lib/python3.8/site-packages/airflow/example_dags/example_latest_only_with_trigger.py
[2024-03-25T20:36:52.927+0000] {processor.py:840} INFO - DAG(s) 'latest_only_with_trigger' retrieved from /home/airflow/.local/lib/python3.8/site-packages/airflow/example_dags/example_latest_only_with_trigger.py
[2024-03-25T20:36:52.947+0000] {logging_mixin.py:188} INFO - [2024-03-25T20:36:52.947+0000] {dag.py:3047} INFO - Sync 1 DAGs
[2024-03-25T20:36:52.962+0000] {logging_mixin.py:188} INFO - [2024-03-25T20:36:52.962+0000] {dag.py:3834} INFO - Setting next_dagrun for latest_only_with_trigger to 2024-03-25 16:00:00+00:00, run_after=2024-03-25 20:00:00+00:00
[2024-03-25T20:36:52.972+0000] {processor.py:183} INFO - Processing /home/airflow/.local/lib/python3.8/site-packages/airflow/example_dags/example_latest_only_with_trigger.py took 0.064 seconds
[2024-03-25T20:37:23.531+0000] {processor.py:161} INFO - Started process (PID=1274) to work on /home/airflow/.local/lib/python3.8/site-packages/airflow/example_dags/example_latest_only_with_trigger.py
[2024-03-25T20:37:23.536+0000] {processor.py:830} INFO - Processing file /home/airflow/.local/lib/python3.8/site-packages/airflow/example_dags/example_latest_only_with_trigger.py for tasks to queue
[2024-03-25T20:37:23.540+0000] {logging_mixin.py:188} INFO - [2024-03-25T20:37:23.540+0000] {dagbag.py:540} INFO - Filling up the DagBag from /home/airflow/.local/lib/python3.8/site-packages/airflow/example_dags/example_latest_only_with_trigger.py
[2024-03-25T20:37:23.546+0000] {processor.py:840} INFO - DAG(s) 'latest_only_with_trigger' retrieved from /home/airflow/.local/lib/python3.8/site-packages/airflow/example_dags/example_latest_only_with_trigger.py
[2024-03-25T20:37:23.564+0000] {logging_mixin.py:188} INFO - [2024-03-25T20:37:23.564+0000] {dag.py:3047} INFO - Sync 1 DAGs
[2024-03-25T20:37:23.579+0000] {logging_mixin.py:188} INFO - [2024-03-25T20:37:23.578+0000] {dag.py:3834} INFO - Setting next_dagrun for latest_only_with_trigger to 2024-03-25 16:00:00+00:00, run_after=2024-03-25 20:00:00+00:00
[2024-03-25T20:37:23.589+0000] {processor.py:183} INFO - Processing /home/airflow/.local/lib/python3.8/site-packages/airflow/example_dags/example_latest_only_with_trigger.py took 0.063 seconds
[2024-03-25T20:37:54.353+0000] {processor.py:161} INFO - Started process (PID=1330) to work on /home/airflow/.local/lib/python3.8/site-packages/airflow/example_dags/example_latest_only_with_trigger.py
[2024-03-25T20:37:54.355+0000] {processor.py:830} INFO - Processing file /home/airflow/.local/lib/python3.8/site-packages/airflow/example_dags/example_latest_only_with_trigger.py for tasks to queue
[2024-03-25T20:37:54.358+0000] {logging_mixin.py:188} INFO - [2024-03-25T20:37:54.358+0000] {dagbag.py:540} INFO - Filling up the DagBag from /home/airflow/.local/lib/python3.8/site-packages/airflow/example_dags/example_latest_only_with_trigger.py
[2024-03-25T20:37:54.367+0000] {processor.py:840} INFO - DAG(s) 'latest_only_with_trigger' retrieved from /home/airflow/.local/lib/python3.8/site-packages/airflow/example_dags/example_latest_only_with_trigger.py
[2024-03-25T20:37:54.393+0000] {logging_mixin.py:188} INFO - [2024-03-25T20:37:54.392+0000] {dag.py:3047} INFO - Sync 1 DAGs
[2024-03-25T20:37:54.411+0000] {logging_mixin.py:188} INFO - [2024-03-25T20:37:54.411+0000] {dag.py:3834} INFO - Setting next_dagrun for latest_only_with_trigger to 2024-03-25 16:00:00+00:00, run_after=2024-03-25 20:00:00+00:00
[2024-03-25T20:37:54.423+0000] {processor.py:183} INFO - Processing /home/airflow/.local/lib/python3.8/site-packages/airflow/example_dags/example_latest_only_with_trigger.py took 0.075 seconds
[2024-03-25T20:38:24.906+0000] {processor.py:161} INFO - Started process (PID=1386) to work on /home/airflow/.local/lib/python3.8/site-packages/airflow/example_dags/example_latest_only_with_trigger.py
[2024-03-25T20:38:24.907+0000] {processor.py:830} INFO - Processing file /home/airflow/.local/lib/python3.8/site-packages/airflow/example_dags/example_latest_only_with_trigger.py for tasks to queue
[2024-03-25T20:38:24.909+0000] {logging_mixin.py:188} INFO - [2024-03-25T20:38:24.909+0000] {dagbag.py:540} INFO - Filling up the DagBag from /home/airflow/.local/lib/python3.8/site-packages/airflow/example_dags/example_latest_only_with_trigger.py
[2024-03-25T20:38:24.915+0000] {processor.py:840} INFO - DAG(s) 'latest_only_with_trigger' retrieved from /home/airflow/.local/lib/python3.8/site-packages/airflow/example_dags/example_latest_only_with_trigger.py
[2024-03-25T20:38:24.932+0000] {logging_mixin.py:188} INFO - [2024-03-25T20:38:24.932+0000] {dag.py:3047} INFO - Sync 1 DAGs
[2024-03-25T20:38:24.945+0000] {logging_mixin.py:188} INFO - [2024-03-25T20:38:24.945+0000] {dag.py:3834} INFO - Setting next_dagrun for latest_only_with_trigger to 2024-03-25 16:00:00+00:00, run_after=2024-03-25 20:00:00+00:00
[2024-03-25T20:38:24.955+0000] {processor.py:183} INFO - Processing /home/airflow/.local/lib/python3.8/site-packages/airflow/example_dags/example_latest_only_with_trigger.py took 0.053 seconds
[2024-03-25T20:38:55.329+0000] {processor.py:161} INFO - Started process (PID=1442) to work on /home/airflow/.local/lib/python3.8/site-packages/airflow/example_dags/example_latest_only_with_trigger.py
[2024-03-25T20:38:55.331+0000] {processor.py:830} INFO - Processing file /home/airflow/.local/lib/python3.8/site-packages/airflow/example_dags/example_latest_only_with_trigger.py for tasks to queue
[2024-03-25T20:38:55.333+0000] {logging_mixin.py:188} INFO - [2024-03-25T20:38:55.332+0000] {dagbag.py:540} INFO - Filling up the DagBag from /home/airflow/.local/lib/python3.8/site-packages/airflow/example_dags/example_latest_only_with_trigger.py
[2024-03-25T20:38:55.339+0000] {processor.py:840} INFO - DAG(s) 'latest_only_with_trigger' retrieved from /home/airflow/.local/lib/python3.8/site-packages/airflow/example_dags/example_latest_only_with_trigger.py
[2024-03-25T20:38:55.359+0000] {logging_mixin.py:188} INFO - [2024-03-25T20:38:55.359+0000] {dag.py:3047} INFO - Sync 1 DAGs
[2024-03-25T20:38:55.374+0000] {logging_mixin.py:188} INFO - [2024-03-25T20:38:55.374+0000] {dag.py:3834} INFO - Setting next_dagrun for latest_only_with_trigger to 2024-03-25 16:00:00+00:00, run_after=2024-03-25 20:00:00+00:00
[2024-03-25T20:38:55.384+0000] {processor.py:183} INFO - Processing /home/airflow/.local/lib/python3.8/site-packages/airflow/example_dags/example_latest_only_with_trigger.py took 0.059 seconds
[2024-03-25T20:39:25.975+0000] {processor.py:161} INFO - Started process (PID=1498) to work on /home/airflow/.local/lib/python3.8/site-packages/airflow/example_dags/example_latest_only_with_trigger.py
[2024-03-25T20:39:25.976+0000] {processor.py:830} INFO - Processing file /home/airflow/.local/lib/python3.8/site-packages/airflow/example_dags/example_latest_only_with_trigger.py for tasks to queue
[2024-03-25T20:39:25.979+0000] {logging_mixin.py:188} INFO - [2024-03-25T20:39:25.978+0000] {dagbag.py:540} INFO - Filling up the DagBag from /home/airflow/.local/lib/python3.8/site-packages/airflow/example_dags/example_latest_only_with_trigger.py
[2024-03-25T20:39:25.985+0000] {processor.py:840} INFO - DAG(s) 'latest_only_with_trigger' retrieved from /home/airflow/.local/lib/python3.8/site-packages/airflow/example_dags/example_latest_only_with_trigger.py
[2024-03-25T20:39:26.004+0000] {logging_mixin.py:188} INFO - [2024-03-25T20:39:26.004+0000] {dag.py:3047} INFO - Sync 1 DAGs
[2024-03-25T20:39:26.019+0000] {logging_mixin.py:188} INFO - [2024-03-25T20:39:26.019+0000] {dag.py:3834} INFO - Setting next_dagrun for latest_only_with_trigger to 2024-03-25 16:00:00+00:00, run_after=2024-03-25 20:00:00+00:00
[2024-03-25T20:39:26.030+0000] {processor.py:183} INFO - Processing /home/airflow/.local/lib/python3.8/site-packages/airflow/example_dags/example_latest_only_with_trigger.py took 0.059 seconds
[2024-03-25T20:39:56.454+0000] {processor.py:161} INFO - Started process (PID=1554) to work on /home/airflow/.local/lib/python3.8/site-packages/airflow/example_dags/example_latest_only_with_trigger.py
[2024-03-25T20:39:56.456+0000] {processor.py:830} INFO - Processing file /home/airflow/.local/lib/python3.8/site-packages/airflow/example_dags/example_latest_only_with_trigger.py for tasks to queue
[2024-03-25T20:39:56.458+0000] {logging_mixin.py:188} INFO - [2024-03-25T20:39:56.458+0000] {dagbag.py:540} INFO - Filling up the DagBag from /home/airflow/.local/lib/python3.8/site-packages/airflow/example_dags/example_latest_only_with_trigger.py
[2024-03-25T20:39:56.465+0000] {processor.py:840} INFO - DAG(s) 'latest_only_with_trigger' retrieved from /home/airflow/.local/lib/python3.8/site-packages/airflow/example_dags/example_latest_only_with_trigger.py
[2024-03-25T20:39:56.483+0000] {logging_mixin.py:188} INFO - [2024-03-25T20:39:56.482+0000] {dag.py:3047} INFO - Sync 1 DAGs
[2024-03-25T20:39:56.497+0000] {logging_mixin.py:188} INFO - [2024-03-25T20:39:56.497+0000] {dag.py:3834} INFO - Setting next_dagrun for latest_only_with_trigger to 2024-03-25 16:00:00+00:00, run_after=2024-03-25 20:00:00+00:00
[2024-03-25T20:39:56.507+0000] {processor.py:183} INFO - Processing /home/airflow/.local/lib/python3.8/site-packages/airflow/example_dags/example_latest_only_with_trigger.py took 0.058 seconds
