[2024-03-25T20:19:38.144+0000] {processor.py:161} INFO - Started process (PID=76) to work on /home/airflow/.local/lib/python3.8/site-packages/airflow/example_dags/example_task_group_decorator.py
[2024-03-25T20:19:38.146+0000] {processor.py:830} INFO - Processing file /home/airflow/.local/lib/python3.8/site-packages/airflow/example_dags/example_task_group_decorator.py for tasks to queue
[2024-03-25T20:19:38.147+0000] {logging_mixin.py:188} INFO - [2024-03-25T20:19:38.147+0000] {dagbag.py:540} INFO - Filling up the DagBag from /home/airflow/.local/lib/python3.8/site-packages/airflow/example_dags/example_task_group_decorator.py
[2024-03-25T20:19:38.156+0000] {processor.py:840} INFO - DAG(s) 'example_task_group_decorator' retrieved from /home/airflow/.local/lib/python3.8/site-packages/airflow/example_dags/example_task_group_decorator.py
[2024-03-25T20:19:38.171+0000] {logging_mixin.py:188} INFO - [2024-03-25T20:19:38.170+0000] {dag.py:3047} INFO - Sync 1 DAGs
[2024-03-25T20:19:38.185+0000] {logging_mixin.py:188} INFO - [2024-03-25T20:19:38.185+0000] {dag.py:3834} INFO - Setting next_dagrun for example_task_group_decorator to 2024-03-24 00:00:00+00:00, run_after=2024-03-25 00:00:00+00:00
[2024-03-25T20:19:38.199+0000] {processor.py:183} INFO - Processing /home/airflow/.local/lib/python3.8/site-packages/airflow/example_dags/example_task_group_decorator.py took 0.057 seconds
[2024-03-25T20:20:08.370+0000] {processor.py:161} INFO - Started process (PID=132) to work on /home/airflow/.local/lib/python3.8/site-packages/airflow/example_dags/example_task_group_decorator.py
[2024-03-25T20:20:08.371+0000] {processor.py:830} INFO - Processing file /home/airflow/.local/lib/python3.8/site-packages/airflow/example_dags/example_task_group_decorator.py for tasks to queue
[2024-03-25T20:20:08.372+0000] {logging_mixin.py:188} INFO - [2024-03-25T20:20:08.372+0000] {dagbag.py:540} INFO - Filling up the DagBag from /home/airflow/.local/lib/python3.8/site-packages/airflow/example_dags/example_task_group_decorator.py
[2024-03-25T20:20:08.379+0000] {processor.py:840} INFO - DAG(s) 'example_task_group_decorator' retrieved from /home/airflow/.local/lib/python3.8/site-packages/airflow/example_dags/example_task_group_decorator.py
[2024-03-25T20:20:08.391+0000] {logging_mixin.py:188} INFO - [2024-03-25T20:20:08.391+0000] {dag.py:3047} INFO - Sync 1 DAGs
[2024-03-25T20:20:08.401+0000] {logging_mixin.py:188} INFO - [2024-03-25T20:20:08.401+0000] {dag.py:3834} INFO - Setting next_dagrun for example_task_group_decorator to 2024-03-24 00:00:00+00:00, run_after=2024-03-25 00:00:00+00:00
[2024-03-25T20:20:08.411+0000] {processor.py:183} INFO - Processing /home/airflow/.local/lib/python3.8/site-packages/airflow/example_dags/example_task_group_decorator.py took 0.043 seconds
[2024-03-25T20:26:15.418+0000] {processor.py:161} INFO - Started process (PID=75) to work on /home/airflow/.local/lib/python3.8/site-packages/airflow/example_dags/example_task_group_decorator.py
[2024-03-25T20:26:15.418+0000] {processor.py:830} INFO - Processing file /home/airflow/.local/lib/python3.8/site-packages/airflow/example_dags/example_task_group_decorator.py for tasks to queue
[2024-03-25T20:26:15.420+0000] {logging_mixin.py:188} INFO - [2024-03-25T20:26:15.419+0000] {dagbag.py:540} INFO - Filling up the DagBag from /home/airflow/.local/lib/python3.8/site-packages/airflow/example_dags/example_task_group_decorator.py
[2024-03-25T20:26:15.427+0000] {processor.py:840} INFO - DAG(s) 'example_task_group_decorator' retrieved from /home/airflow/.local/lib/python3.8/site-packages/airflow/example_dags/example_task_group_decorator.py
[2024-03-25T20:26:15.440+0000] {logging_mixin.py:188} INFO - [2024-03-25T20:26:15.440+0000] {dag.py:3047} INFO - Sync 1 DAGs
[2024-03-25T20:26:15.451+0000] {logging_mixin.py:188} INFO - [2024-03-25T20:26:15.451+0000] {dag.py:3834} INFO - Setting next_dagrun for example_task_group_decorator to 2024-03-24 00:00:00+00:00, run_after=2024-03-25 00:00:00+00:00
[2024-03-25T20:26:15.462+0000] {processor.py:183} INFO - Processing /home/airflow/.local/lib/python3.8/site-packages/airflow/example_dags/example_task_group_decorator.py took 0.046 seconds
[2024-03-25T20:26:45.472+0000] {processor.py:161} INFO - Started process (PID=130) to work on /home/airflow/.local/lib/python3.8/site-packages/airflow/example_dags/example_task_group_decorator.py
[2024-03-25T20:26:45.473+0000] {processor.py:830} INFO - Processing file /home/airflow/.local/lib/python3.8/site-packages/airflow/example_dags/example_task_group_decorator.py for tasks to queue
[2024-03-25T20:26:45.474+0000] {logging_mixin.py:188} INFO - [2024-03-25T20:26:45.473+0000] {dagbag.py:540} INFO - Filling up the DagBag from /home/airflow/.local/lib/python3.8/site-packages/airflow/example_dags/example_task_group_decorator.py
[2024-03-25T20:26:45.480+0000] {processor.py:840} INFO - DAG(s) 'example_task_group_decorator' retrieved from /home/airflow/.local/lib/python3.8/site-packages/airflow/example_dags/example_task_group_decorator.py
[2024-03-25T20:26:45.491+0000] {logging_mixin.py:188} INFO - [2024-03-25T20:26:45.491+0000] {dag.py:3047} INFO - Sync 1 DAGs
[2024-03-25T20:26:45.500+0000] {logging_mixin.py:188} INFO - [2024-03-25T20:26:45.500+0000] {dag.py:3834} INFO - Setting next_dagrun for example_task_group_decorator to 2024-03-24 00:00:00+00:00, run_after=2024-03-25 00:00:00+00:00
[2024-03-25T20:26:45.508+0000] {processor.py:183} INFO - Processing /home/airflow/.local/lib/python3.8/site-packages/airflow/example_dags/example_task_group_decorator.py took 0.038 seconds
[2024-03-25T20:27:16.960+0000] {processor.py:161} INFO - Started process (PID=186) to work on /home/airflow/.local/lib/python3.8/site-packages/airflow/example_dags/example_task_group_decorator.py
[2024-03-25T20:27:16.961+0000] {processor.py:830} INFO - Processing file /home/airflow/.local/lib/python3.8/site-packages/airflow/example_dags/example_task_group_decorator.py for tasks to queue
[2024-03-25T20:27:16.962+0000] {logging_mixin.py:188} INFO - [2024-03-25T20:27:16.962+0000] {dagbag.py:540} INFO - Filling up the DagBag from /home/airflow/.local/lib/python3.8/site-packages/airflow/example_dags/example_task_group_decorator.py
[2024-03-25T20:27:16.970+0000] {processor.py:840} INFO - DAG(s) 'example_task_group_decorator' retrieved from /home/airflow/.local/lib/python3.8/site-packages/airflow/example_dags/example_task_group_decorator.py
[2024-03-25T20:27:16.982+0000] {logging_mixin.py:188} INFO - [2024-03-25T20:27:16.982+0000] {dag.py:3047} INFO - Sync 1 DAGs
[2024-03-25T20:27:16.993+0000] {logging_mixin.py:188} INFO - [2024-03-25T20:27:16.993+0000] {dag.py:3834} INFO - Setting next_dagrun for example_task_group_decorator to 2024-03-24 00:00:00+00:00, run_after=2024-03-25 00:00:00+00:00
[2024-03-25T20:27:17.010+0000] {processor.py:183} INFO - Processing /home/airflow/.local/lib/python3.8/site-packages/airflow/example_dags/example_task_group_decorator.py took 0.051 seconds
[2024-03-25T20:27:47.930+0000] {processor.py:161} INFO - Started process (PID=242) to work on /home/airflow/.local/lib/python3.8/site-packages/airflow/example_dags/example_task_group_decorator.py
[2024-03-25T20:27:47.930+0000] {processor.py:830} INFO - Processing file /home/airflow/.local/lib/python3.8/site-packages/airflow/example_dags/example_task_group_decorator.py for tasks to queue
[2024-03-25T20:27:47.931+0000] {logging_mixin.py:188} INFO - [2024-03-25T20:27:47.931+0000] {dagbag.py:540} INFO - Filling up the DagBag from /home/airflow/.local/lib/python3.8/site-packages/airflow/example_dags/example_task_group_decorator.py
[2024-03-25T20:27:47.938+0000] {processor.py:840} INFO - DAG(s) 'example_task_group_decorator' retrieved from /home/airflow/.local/lib/python3.8/site-packages/airflow/example_dags/example_task_group_decorator.py
[2024-03-25T20:27:47.950+0000] {logging_mixin.py:188} INFO - [2024-03-25T20:27:47.950+0000] {dag.py:3047} INFO - Sync 1 DAGs
[2024-03-25T20:27:47.965+0000] {logging_mixin.py:188} INFO - [2024-03-25T20:27:47.965+0000] {dag.py:3834} INFO - Setting next_dagrun for example_task_group_decorator to 2024-03-24 00:00:00+00:00, run_after=2024-03-25 00:00:00+00:00
[2024-03-25T20:27:47.974+0000] {processor.py:183} INFO - Processing /home/airflow/.local/lib/python3.8/site-packages/airflow/example_dags/example_task_group_decorator.py took 0.046 seconds
[2024-03-25T20:28:19.007+0000] {processor.py:161} INFO - Started process (PID=298) to work on /home/airflow/.local/lib/python3.8/site-packages/airflow/example_dags/example_task_group_decorator.py
[2024-03-25T20:28:19.008+0000] {processor.py:830} INFO - Processing file /home/airflow/.local/lib/python3.8/site-packages/airflow/example_dags/example_task_group_decorator.py for tasks to queue
[2024-03-25T20:28:19.009+0000] {logging_mixin.py:188} INFO - [2024-03-25T20:28:19.009+0000] {dagbag.py:540} INFO - Filling up the DagBag from /home/airflow/.local/lib/python3.8/site-packages/airflow/example_dags/example_task_group_decorator.py
[2024-03-25T20:28:19.015+0000] {processor.py:840} INFO - DAG(s) 'example_task_group_decorator' retrieved from /home/airflow/.local/lib/python3.8/site-packages/airflow/example_dags/example_task_group_decorator.py
[2024-03-25T20:28:19.027+0000] {logging_mixin.py:188} INFO - [2024-03-25T20:28:19.027+0000] {dag.py:3047} INFO - Sync 1 DAGs
[2024-03-25T20:28:19.039+0000] {logging_mixin.py:188} INFO - [2024-03-25T20:28:19.039+0000] {dag.py:3834} INFO - Setting next_dagrun for example_task_group_decorator to 2024-03-24 00:00:00+00:00, run_after=2024-03-25 00:00:00+00:00
[2024-03-25T20:28:19.048+0000] {processor.py:183} INFO - Processing /home/airflow/.local/lib/python3.8/site-packages/airflow/example_dags/example_task_group_decorator.py took 0.042 seconds
[2024-03-25T20:28:50.203+0000] {processor.py:161} INFO - Started process (PID=354) to work on /home/airflow/.local/lib/python3.8/site-packages/airflow/example_dags/example_task_group_decorator.py
[2024-03-25T20:28:50.204+0000] {processor.py:830} INFO - Processing file /home/airflow/.local/lib/python3.8/site-packages/airflow/example_dags/example_task_group_decorator.py for tasks to queue
[2024-03-25T20:28:50.206+0000] {logging_mixin.py:188} INFO - [2024-03-25T20:28:50.206+0000] {dagbag.py:540} INFO - Filling up the DagBag from /home/airflow/.local/lib/python3.8/site-packages/airflow/example_dags/example_task_group_decorator.py
[2024-03-25T20:28:50.224+0000] {processor.py:840} INFO - DAG(s) 'example_task_group_decorator' retrieved from /home/airflow/.local/lib/python3.8/site-packages/airflow/example_dags/example_task_group_decorator.py
[2024-03-25T20:28:50.259+0000] {logging_mixin.py:188} INFO - [2024-03-25T20:28:50.258+0000] {dag.py:3047} INFO - Sync 1 DAGs
[2024-03-25T20:28:50.273+0000] {logging_mixin.py:188} INFO - [2024-03-25T20:28:50.273+0000] {dag.py:3834} INFO - Setting next_dagrun for example_task_group_decorator to 2024-03-24 00:00:00+00:00, run_after=2024-03-25 00:00:00+00:00
[2024-03-25T20:28:50.286+0000] {processor.py:183} INFO - Processing /home/airflow/.local/lib/python3.8/site-packages/airflow/example_dags/example_task_group_decorator.py took 0.085 seconds
[2024-03-25T20:29:21.233+0000] {processor.py:161} INFO - Started process (PID=410) to work on /home/airflow/.local/lib/python3.8/site-packages/airflow/example_dags/example_task_group_decorator.py
[2024-03-25T20:29:21.233+0000] {processor.py:830} INFO - Processing file /home/airflow/.local/lib/python3.8/site-packages/airflow/example_dags/example_task_group_decorator.py for tasks to queue
[2024-03-25T20:29:21.234+0000] {logging_mixin.py:188} INFO - [2024-03-25T20:29:21.234+0000] {dagbag.py:540} INFO - Filling up the DagBag from /home/airflow/.local/lib/python3.8/site-packages/airflow/example_dags/example_task_group_decorator.py
[2024-03-25T20:29:21.242+0000] {processor.py:840} INFO - DAG(s) 'example_task_group_decorator' retrieved from /home/airflow/.local/lib/python3.8/site-packages/airflow/example_dags/example_task_group_decorator.py
[2024-03-25T20:29:21.255+0000] {logging_mixin.py:188} INFO - [2024-03-25T20:29:21.255+0000] {dag.py:3047} INFO - Sync 1 DAGs
[2024-03-25T20:29:21.267+0000] {logging_mixin.py:188} INFO - [2024-03-25T20:29:21.267+0000] {dag.py:3834} INFO - Setting next_dagrun for example_task_group_decorator to 2024-03-24 00:00:00+00:00, run_after=2024-03-25 00:00:00+00:00
[2024-03-25T20:29:21.278+0000] {processor.py:183} INFO - Processing /home/airflow/.local/lib/python3.8/site-packages/airflow/example_dags/example_task_group_decorator.py took 0.047 seconds
[2024-03-25T20:29:52.010+0000] {processor.py:161} INFO - Started process (PID=474) to work on /home/airflow/.local/lib/python3.8/site-packages/airflow/example_dags/example_task_group_decorator.py
[2024-03-25T20:29:52.011+0000] {processor.py:830} INFO - Processing file /home/airflow/.local/lib/python3.8/site-packages/airflow/example_dags/example_task_group_decorator.py for tasks to queue
[2024-03-25T20:29:52.013+0000] {logging_mixin.py:188} INFO - [2024-03-25T20:29:52.013+0000] {dagbag.py:540} INFO - Filling up the DagBag from /home/airflow/.local/lib/python3.8/site-packages/airflow/example_dags/example_task_group_decorator.py
[2024-03-25T20:29:52.030+0000] {processor.py:840} INFO - DAG(s) 'example_task_group_decorator' retrieved from /home/airflow/.local/lib/python3.8/site-packages/airflow/example_dags/example_task_group_decorator.py
[2024-03-25T20:29:52.068+0000] {logging_mixin.py:188} INFO - [2024-03-25T20:29:52.067+0000] {dag.py:3047} INFO - Sync 1 DAGs
[2024-03-25T20:29:52.099+0000] {logging_mixin.py:188} INFO - [2024-03-25T20:29:52.099+0000] {dag.py:3834} INFO - Setting next_dagrun for example_task_group_decorator to 2024-03-24 00:00:00+00:00, run_after=2024-03-25 00:00:00+00:00
[2024-03-25T20:29:52.121+0000] {processor.py:183} INFO - Processing /home/airflow/.local/lib/python3.8/site-packages/airflow/example_dags/example_task_group_decorator.py took 0.114 seconds
[2024-03-25T20:30:22.701+0000] {processor.py:161} INFO - Started process (PID=530) to work on /home/airflow/.local/lib/python3.8/site-packages/airflow/example_dags/example_task_group_decorator.py
[2024-03-25T20:30:22.702+0000] {processor.py:830} INFO - Processing file /home/airflow/.local/lib/python3.8/site-packages/airflow/example_dags/example_task_group_decorator.py for tasks to queue
[2024-03-25T20:30:22.703+0000] {logging_mixin.py:188} INFO - [2024-03-25T20:30:22.703+0000] {dagbag.py:540} INFO - Filling up the DagBag from /home/airflow/.local/lib/python3.8/site-packages/airflow/example_dags/example_task_group_decorator.py
[2024-03-25T20:30:22.710+0000] {processor.py:840} INFO - DAG(s) 'example_task_group_decorator' retrieved from /home/airflow/.local/lib/python3.8/site-packages/airflow/example_dags/example_task_group_decorator.py
[2024-03-25T20:30:22.722+0000] {logging_mixin.py:188} INFO - [2024-03-25T20:30:22.722+0000] {dag.py:3047} INFO - Sync 1 DAGs
[2024-03-25T20:30:22.733+0000] {logging_mixin.py:188} INFO - [2024-03-25T20:30:22.732+0000] {dag.py:3834} INFO - Setting next_dagrun for example_task_group_decorator to 2024-03-24 00:00:00+00:00, run_after=2024-03-25 00:00:00+00:00
[2024-03-25T20:30:22.741+0000] {processor.py:183} INFO - Processing /home/airflow/.local/lib/python3.8/site-packages/airflow/example_dags/example_task_group_decorator.py took 0.042 seconds
[2024-03-25T20:30:52.755+0000] {processor.py:161} INFO - Started process (PID=586) to work on /home/airflow/.local/lib/python3.8/site-packages/airflow/example_dags/example_task_group_decorator.py
[2024-03-25T20:30:52.756+0000] {processor.py:830} INFO - Processing file /home/airflow/.local/lib/python3.8/site-packages/airflow/example_dags/example_task_group_decorator.py for tasks to queue
[2024-03-25T20:30:52.757+0000] {logging_mixin.py:188} INFO - [2024-03-25T20:30:52.757+0000] {dagbag.py:540} INFO - Filling up the DagBag from /home/airflow/.local/lib/python3.8/site-packages/airflow/example_dags/example_task_group_decorator.py
[2024-03-25T20:30:52.764+0000] {processor.py:840} INFO - DAG(s) 'example_task_group_decorator' retrieved from /home/airflow/.local/lib/python3.8/site-packages/airflow/example_dags/example_task_group_decorator.py
[2024-03-25T20:30:52.776+0000] {logging_mixin.py:188} INFO - [2024-03-25T20:30:52.775+0000] {dag.py:3047} INFO - Sync 1 DAGs
[2024-03-25T20:30:52.785+0000] {logging_mixin.py:188} INFO - [2024-03-25T20:30:52.785+0000] {dag.py:3834} INFO - Setting next_dagrun for example_task_group_decorator to 2024-03-24 00:00:00+00:00, run_after=2024-03-25 00:00:00+00:00
[2024-03-25T20:30:52.793+0000] {processor.py:183} INFO - Processing /home/airflow/.local/lib/python3.8/site-packages/airflow/example_dags/example_task_group_decorator.py took 0.040 seconds
[2024-03-25T20:31:23.660+0000] {processor.py:161} INFO - Started process (PID=642) to work on /home/airflow/.local/lib/python3.8/site-packages/airflow/example_dags/example_task_group_decorator.py
[2024-03-25T20:31:23.661+0000] {processor.py:830} INFO - Processing file /home/airflow/.local/lib/python3.8/site-packages/airflow/example_dags/example_task_group_decorator.py for tasks to queue
[2024-03-25T20:31:23.662+0000] {logging_mixin.py:188} INFO - [2024-03-25T20:31:23.662+0000] {dagbag.py:540} INFO - Filling up the DagBag from /home/airflow/.local/lib/python3.8/site-packages/airflow/example_dags/example_task_group_decorator.py
[2024-03-25T20:31:23.670+0000] {processor.py:840} INFO - DAG(s) 'example_task_group_decorator' retrieved from /home/airflow/.local/lib/python3.8/site-packages/airflow/example_dags/example_task_group_decorator.py
[2024-03-25T20:31:23.684+0000] {logging_mixin.py:188} INFO - [2024-03-25T20:31:23.684+0000] {dag.py:3047} INFO - Sync 1 DAGs
[2024-03-25T20:31:23.695+0000] {logging_mixin.py:188} INFO - [2024-03-25T20:31:23.695+0000] {dag.py:3834} INFO - Setting next_dagrun for example_task_group_decorator to 2024-03-24 00:00:00+00:00, run_after=2024-03-25 00:00:00+00:00
[2024-03-25T20:31:23.704+0000] {processor.py:183} INFO - Processing /home/airflow/.local/lib/python3.8/site-packages/airflow/example_dags/example_task_group_decorator.py took 0.047 seconds
[2024-03-25T20:31:54.496+0000] {processor.py:161} INFO - Started process (PID=698) to work on /home/airflow/.local/lib/python3.8/site-packages/airflow/example_dags/example_task_group_decorator.py
[2024-03-25T20:31:54.496+0000] {processor.py:830} INFO - Processing file /home/airflow/.local/lib/python3.8/site-packages/airflow/example_dags/example_task_group_decorator.py for tasks to queue
[2024-03-25T20:31:54.497+0000] {logging_mixin.py:188} INFO - [2024-03-25T20:31:54.497+0000] {dagbag.py:540} INFO - Filling up the DagBag from /home/airflow/.local/lib/python3.8/site-packages/airflow/example_dags/example_task_group_decorator.py
[2024-03-25T20:31:54.505+0000] {processor.py:840} INFO - DAG(s) 'example_task_group_decorator' retrieved from /home/airflow/.local/lib/python3.8/site-packages/airflow/example_dags/example_task_group_decorator.py
[2024-03-25T20:31:54.517+0000] {logging_mixin.py:188} INFO - [2024-03-25T20:31:54.517+0000] {dag.py:3047} INFO - Sync 1 DAGs
[2024-03-25T20:31:54.527+0000] {logging_mixin.py:188} INFO - [2024-03-25T20:31:54.527+0000] {dag.py:3834} INFO - Setting next_dagrun for example_task_group_decorator to 2024-03-24 00:00:00+00:00, run_after=2024-03-25 00:00:00+00:00
[2024-03-25T20:31:54.537+0000] {processor.py:183} INFO - Processing /home/airflow/.local/lib/python3.8/site-packages/airflow/example_dags/example_task_group_decorator.py took 0.043 seconds
[2024-03-25T20:32:24.990+0000] {processor.py:161} INFO - Started process (PID=754) to work on /home/airflow/.local/lib/python3.8/site-packages/airflow/example_dags/example_task_group_decorator.py
[2024-03-25T20:32:24.990+0000] {processor.py:830} INFO - Processing file /home/airflow/.local/lib/python3.8/site-packages/airflow/example_dags/example_task_group_decorator.py for tasks to queue
[2024-03-25T20:32:24.991+0000] {logging_mixin.py:188} INFO - [2024-03-25T20:32:24.991+0000] {dagbag.py:540} INFO - Filling up the DagBag from /home/airflow/.local/lib/python3.8/site-packages/airflow/example_dags/example_task_group_decorator.py
[2024-03-25T20:32:24.998+0000] {processor.py:840} INFO - DAG(s) 'example_task_group_decorator' retrieved from /home/airflow/.local/lib/python3.8/site-packages/airflow/example_dags/example_task_group_decorator.py
[2024-03-25T20:32:25.010+0000] {logging_mixin.py:188} INFO - [2024-03-25T20:32:25.010+0000] {dag.py:3047} INFO - Sync 1 DAGs
[2024-03-25T20:32:25.022+0000] {logging_mixin.py:188} INFO - [2024-03-25T20:32:25.021+0000] {dag.py:3834} INFO - Setting next_dagrun for example_task_group_decorator to 2024-03-24 00:00:00+00:00, run_after=2024-03-25 00:00:00+00:00
[2024-03-25T20:32:25.031+0000] {processor.py:183} INFO - Processing /home/airflow/.local/lib/python3.8/site-packages/airflow/example_dags/example_task_group_decorator.py took 0.043 seconds
[2024-03-25T20:32:55.574+0000] {processor.py:161} INFO - Started process (PID=810) to work on /home/airflow/.local/lib/python3.8/site-packages/airflow/example_dags/example_task_group_decorator.py
[2024-03-25T20:32:55.575+0000] {processor.py:830} INFO - Processing file /home/airflow/.local/lib/python3.8/site-packages/airflow/example_dags/example_task_group_decorator.py for tasks to queue
[2024-03-25T20:32:55.576+0000] {logging_mixin.py:188} INFO - [2024-03-25T20:32:55.576+0000] {dagbag.py:540} INFO - Filling up the DagBag from /home/airflow/.local/lib/python3.8/site-packages/airflow/example_dags/example_task_group_decorator.py
[2024-03-25T20:32:55.583+0000] {processor.py:840} INFO - DAG(s) 'example_task_group_decorator' retrieved from /home/airflow/.local/lib/python3.8/site-packages/airflow/example_dags/example_task_group_decorator.py
[2024-03-25T20:32:55.597+0000] {logging_mixin.py:188} INFO - [2024-03-25T20:32:55.597+0000] {dag.py:3047} INFO - Sync 1 DAGs
[2024-03-25T20:32:55.608+0000] {logging_mixin.py:188} INFO - [2024-03-25T20:32:55.608+0000] {dag.py:3834} INFO - Setting next_dagrun for example_task_group_decorator to 2024-03-24 00:00:00+00:00, run_after=2024-03-25 00:00:00+00:00
[2024-03-25T20:32:55.618+0000] {processor.py:183} INFO - Processing /home/airflow/.local/lib/python3.8/site-packages/airflow/example_dags/example_task_group_decorator.py took 0.045 seconds
[2024-03-25T20:33:25.942+0000] {processor.py:161} INFO - Started process (PID=866) to work on /home/airflow/.local/lib/python3.8/site-packages/airflow/example_dags/example_task_group_decorator.py
[2024-03-25T20:33:25.943+0000] {processor.py:830} INFO - Processing file /home/airflow/.local/lib/python3.8/site-packages/airflow/example_dags/example_task_group_decorator.py for tasks to queue
[2024-03-25T20:33:25.944+0000] {logging_mixin.py:188} INFO - [2024-03-25T20:33:25.944+0000] {dagbag.py:540} INFO - Filling up the DagBag from /home/airflow/.local/lib/python3.8/site-packages/airflow/example_dags/example_task_group_decorator.py
[2024-03-25T20:33:25.951+0000] {processor.py:840} INFO - DAG(s) 'example_task_group_decorator' retrieved from /home/airflow/.local/lib/python3.8/site-packages/airflow/example_dags/example_task_group_decorator.py
[2024-03-25T20:33:25.963+0000] {logging_mixin.py:188} INFO - [2024-03-25T20:33:25.963+0000] {dag.py:3047} INFO - Sync 1 DAGs
[2024-03-25T20:33:25.974+0000] {logging_mixin.py:188} INFO - [2024-03-25T20:33:25.973+0000] {dag.py:3834} INFO - Setting next_dagrun for example_task_group_decorator to 2024-03-24 00:00:00+00:00, run_after=2024-03-25 00:00:00+00:00
[2024-03-25T20:33:25.983+0000] {processor.py:183} INFO - Processing /home/airflow/.local/lib/python3.8/site-packages/airflow/example_dags/example_task_group_decorator.py took 0.043 seconds
[2024-03-25T20:33:56.431+0000] {processor.py:161} INFO - Started process (PID=922) to work on /home/airflow/.local/lib/python3.8/site-packages/airflow/example_dags/example_task_group_decorator.py
[2024-03-25T20:33:56.432+0000] {processor.py:830} INFO - Processing file /home/airflow/.local/lib/python3.8/site-packages/airflow/example_dags/example_task_group_decorator.py for tasks to queue
[2024-03-25T20:33:56.433+0000] {logging_mixin.py:188} INFO - [2024-03-25T20:33:56.433+0000] {dagbag.py:540} INFO - Filling up the DagBag from /home/airflow/.local/lib/python3.8/site-packages/airflow/example_dags/example_task_group_decorator.py
[2024-03-25T20:33:56.440+0000] {processor.py:840} INFO - DAG(s) 'example_task_group_decorator' retrieved from /home/airflow/.local/lib/python3.8/site-packages/airflow/example_dags/example_task_group_decorator.py
[2024-03-25T20:33:56.452+0000] {logging_mixin.py:188} INFO - [2024-03-25T20:33:56.451+0000] {dag.py:3047} INFO - Sync 1 DAGs
[2024-03-25T20:33:56.462+0000] {logging_mixin.py:188} INFO - [2024-03-25T20:33:56.461+0000] {dag.py:3834} INFO - Setting next_dagrun for example_task_group_decorator to 2024-03-24 00:00:00+00:00, run_after=2024-03-25 00:00:00+00:00
[2024-03-25T20:33:56.470+0000] {processor.py:183} INFO - Processing /home/airflow/.local/lib/python3.8/site-packages/airflow/example_dags/example_task_group_decorator.py took 0.040 seconds
[2024-03-25T20:34:27.203+0000] {processor.py:161} INFO - Started process (PID=977) to work on /home/airflow/.local/lib/python3.8/site-packages/airflow/example_dags/example_task_group_decorator.py
[2024-03-25T20:34:27.203+0000] {processor.py:830} INFO - Processing file /home/airflow/.local/lib/python3.8/site-packages/airflow/example_dags/example_task_group_decorator.py for tasks to queue
[2024-03-25T20:34:27.205+0000] {logging_mixin.py:188} INFO - [2024-03-25T20:34:27.204+0000] {dagbag.py:540} INFO - Filling up the DagBag from /home/airflow/.local/lib/python3.8/site-packages/airflow/example_dags/example_task_group_decorator.py
[2024-03-25T20:34:27.213+0000] {processor.py:840} INFO - DAG(s) 'example_task_group_decorator' retrieved from /home/airflow/.local/lib/python3.8/site-packages/airflow/example_dags/example_task_group_decorator.py
[2024-03-25T20:34:27.226+0000] {logging_mixin.py:188} INFO - [2024-03-25T20:34:27.226+0000] {dag.py:3047} INFO - Sync 1 DAGs
[2024-03-25T20:34:27.238+0000] {logging_mixin.py:188} INFO - [2024-03-25T20:34:27.238+0000] {dag.py:3834} INFO - Setting next_dagrun for example_task_group_decorator to 2024-03-24 00:00:00+00:00, run_after=2024-03-25 00:00:00+00:00
[2024-03-25T20:34:27.247+0000] {processor.py:183} INFO - Processing /home/airflow/.local/lib/python3.8/site-packages/airflow/example_dags/example_task_group_decorator.py took 0.046 seconds
[2024-03-25T20:34:57.917+0000] {processor.py:161} INFO - Started process (PID=1033) to work on /home/airflow/.local/lib/python3.8/site-packages/airflow/example_dags/example_task_group_decorator.py
[2024-03-25T20:34:57.918+0000] {processor.py:830} INFO - Processing file /home/airflow/.local/lib/python3.8/site-packages/airflow/example_dags/example_task_group_decorator.py for tasks to queue
[2024-03-25T20:34:57.919+0000] {logging_mixin.py:188} INFO - [2024-03-25T20:34:57.919+0000] {dagbag.py:540} INFO - Filling up the DagBag from /home/airflow/.local/lib/python3.8/site-packages/airflow/example_dags/example_task_group_decorator.py
[2024-03-25T20:34:57.926+0000] {processor.py:840} INFO - DAG(s) 'example_task_group_decorator' retrieved from /home/airflow/.local/lib/python3.8/site-packages/airflow/example_dags/example_task_group_decorator.py
[2024-03-25T20:34:57.938+0000] {logging_mixin.py:188} INFO - [2024-03-25T20:34:57.938+0000] {dag.py:3047} INFO - Sync 1 DAGs
[2024-03-25T20:34:57.949+0000] {logging_mixin.py:188} INFO - [2024-03-25T20:34:57.949+0000] {dag.py:3834} INFO - Setting next_dagrun for example_task_group_decorator to 2024-03-24 00:00:00+00:00, run_after=2024-03-25 00:00:00+00:00
[2024-03-25T20:34:57.958+0000] {processor.py:183} INFO - Processing /home/airflow/.local/lib/python3.8/site-packages/airflow/example_dags/example_task_group_decorator.py took 0.043 seconds
[2024-03-25T20:35:28.505+0000] {processor.py:161} INFO - Started process (PID=1089) to work on /home/airflow/.local/lib/python3.8/site-packages/airflow/example_dags/example_task_group_decorator.py
[2024-03-25T20:35:28.505+0000] {processor.py:830} INFO - Processing file /home/airflow/.local/lib/python3.8/site-packages/airflow/example_dags/example_task_group_decorator.py for tasks to queue
[2024-03-25T20:35:28.506+0000] {logging_mixin.py:188} INFO - [2024-03-25T20:35:28.506+0000] {dagbag.py:540} INFO - Filling up the DagBag from /home/airflow/.local/lib/python3.8/site-packages/airflow/example_dags/example_task_group_decorator.py
[2024-03-25T20:35:28.513+0000] {processor.py:840} INFO - DAG(s) 'example_task_group_decorator' retrieved from /home/airflow/.local/lib/python3.8/site-packages/airflow/example_dags/example_task_group_decorator.py
[2024-03-25T20:35:28.526+0000] {logging_mixin.py:188} INFO - [2024-03-25T20:35:28.526+0000] {dag.py:3047} INFO - Sync 1 DAGs
[2024-03-25T20:35:28.537+0000] {logging_mixin.py:188} INFO - [2024-03-25T20:35:28.536+0000] {dag.py:3834} INFO - Setting next_dagrun for example_task_group_decorator to 2024-03-24 00:00:00+00:00, run_after=2024-03-25 00:00:00+00:00
[2024-03-25T20:35:28.546+0000] {processor.py:183} INFO - Processing /home/airflow/.local/lib/python3.8/site-packages/airflow/example_dags/example_task_group_decorator.py took 0.043 seconds
[2024-03-25T20:35:58.976+0000] {processor.py:161} INFO - Started process (PID=1145) to work on /home/airflow/.local/lib/python3.8/site-packages/airflow/example_dags/example_task_group_decorator.py
[2024-03-25T20:35:58.977+0000] {processor.py:830} INFO - Processing file /home/airflow/.local/lib/python3.8/site-packages/airflow/example_dags/example_task_group_decorator.py for tasks to queue
[2024-03-25T20:35:58.978+0000] {logging_mixin.py:188} INFO - [2024-03-25T20:35:58.978+0000] {dagbag.py:540} INFO - Filling up the DagBag from /home/airflow/.local/lib/python3.8/site-packages/airflow/example_dags/example_task_group_decorator.py
[2024-03-25T20:35:58.985+0000] {processor.py:840} INFO - DAG(s) 'example_task_group_decorator' retrieved from /home/airflow/.local/lib/python3.8/site-packages/airflow/example_dags/example_task_group_decorator.py
[2024-03-25T20:35:58.998+0000] {logging_mixin.py:188} INFO - [2024-03-25T20:35:58.997+0000] {dag.py:3047} INFO - Sync 1 DAGs
[2024-03-25T20:35:59.009+0000] {logging_mixin.py:188} INFO - [2024-03-25T20:35:59.009+0000] {dag.py:3834} INFO - Setting next_dagrun for example_task_group_decorator to 2024-03-24 00:00:00+00:00, run_after=2024-03-25 00:00:00+00:00
[2024-03-25T20:35:59.018+0000] {processor.py:183} INFO - Processing /home/airflow/.local/lib/python3.8/site-packages/airflow/example_dags/example_task_group_decorator.py took 0.044 seconds
[2024-03-25T20:36:29.528+0000] {processor.py:161} INFO - Started process (PID=1201) to work on /home/airflow/.local/lib/python3.8/site-packages/airflow/example_dags/example_task_group_decorator.py
[2024-03-25T20:36:29.528+0000] {processor.py:830} INFO - Processing file /home/airflow/.local/lib/python3.8/site-packages/airflow/example_dags/example_task_group_decorator.py for tasks to queue
[2024-03-25T20:36:29.529+0000] {logging_mixin.py:188} INFO - [2024-03-25T20:36:29.529+0000] {dagbag.py:540} INFO - Filling up the DagBag from /home/airflow/.local/lib/python3.8/site-packages/airflow/example_dags/example_task_group_decorator.py
[2024-03-25T20:36:29.537+0000] {processor.py:840} INFO - DAG(s) 'example_task_group_decorator' retrieved from /home/airflow/.local/lib/python3.8/site-packages/airflow/example_dags/example_task_group_decorator.py
[2024-03-25T20:36:29.551+0000] {logging_mixin.py:188} INFO - [2024-03-25T20:36:29.551+0000] {dag.py:3047} INFO - Sync 1 DAGs
[2024-03-25T20:36:29.562+0000] {logging_mixin.py:188} INFO - [2024-03-25T20:36:29.562+0000] {dag.py:3834} INFO - Setting next_dagrun for example_task_group_decorator to 2024-03-24 00:00:00+00:00, run_after=2024-03-25 00:00:00+00:00
[2024-03-25T20:36:29.571+0000] {processor.py:183} INFO - Processing /home/airflow/.local/lib/python3.8/site-packages/airflow/example_dags/example_task_group_decorator.py took 0.045 seconds
[2024-03-25T20:37:00.174+0000] {processor.py:161} INFO - Started process (PID=1256) to work on /home/airflow/.local/lib/python3.8/site-packages/airflow/example_dags/example_task_group_decorator.py
[2024-03-25T20:37:00.175+0000] {processor.py:830} INFO - Processing file /home/airflow/.local/lib/python3.8/site-packages/airflow/example_dags/example_task_group_decorator.py for tasks to queue
[2024-03-25T20:37:00.176+0000] {logging_mixin.py:188} INFO - [2024-03-25T20:37:00.176+0000] {dagbag.py:540} INFO - Filling up the DagBag from /home/airflow/.local/lib/python3.8/site-packages/airflow/example_dags/example_task_group_decorator.py
[2024-03-25T20:37:00.183+0000] {processor.py:840} INFO - DAG(s) 'example_task_group_decorator' retrieved from /home/airflow/.local/lib/python3.8/site-packages/airflow/example_dags/example_task_group_decorator.py
[2024-03-25T20:37:00.197+0000] {logging_mixin.py:188} INFO - [2024-03-25T20:37:00.197+0000] {dag.py:3047} INFO - Sync 1 DAGs
[2024-03-25T20:37:00.209+0000] {logging_mixin.py:188} INFO - [2024-03-25T20:37:00.209+0000] {dag.py:3834} INFO - Setting next_dagrun for example_task_group_decorator to 2024-03-24 00:00:00+00:00, run_after=2024-03-25 00:00:00+00:00
[2024-03-25T20:37:00.222+0000] {processor.py:183} INFO - Processing /home/airflow/.local/lib/python3.8/site-packages/airflow/example_dags/example_task_group_decorator.py took 0.049 seconds
[2024-03-25T20:37:30.871+0000] {processor.py:161} INFO - Started process (PID=1312) to work on /home/airflow/.local/lib/python3.8/site-packages/airflow/example_dags/example_task_group_decorator.py
[2024-03-25T20:37:30.871+0000] {processor.py:830} INFO - Processing file /home/airflow/.local/lib/python3.8/site-packages/airflow/example_dags/example_task_group_decorator.py for tasks to queue
[2024-03-25T20:37:30.873+0000] {logging_mixin.py:188} INFO - [2024-03-25T20:37:30.873+0000] {dagbag.py:540} INFO - Filling up the DagBag from /home/airflow/.local/lib/python3.8/site-packages/airflow/example_dags/example_task_group_decorator.py
[2024-03-25T20:37:30.881+0000] {processor.py:840} INFO - DAG(s) 'example_task_group_decorator' retrieved from /home/airflow/.local/lib/python3.8/site-packages/airflow/example_dags/example_task_group_decorator.py
[2024-03-25T20:37:30.893+0000] {logging_mixin.py:188} INFO - [2024-03-25T20:37:30.893+0000] {dag.py:3047} INFO - Sync 1 DAGs
[2024-03-25T20:37:30.907+0000] {logging_mixin.py:188} INFO - [2024-03-25T20:37:30.907+0000] {dag.py:3834} INFO - Setting next_dagrun for example_task_group_decorator to 2024-03-24 00:00:00+00:00, run_after=2024-03-25 00:00:00+00:00
[2024-03-25T20:37:30.916+0000] {processor.py:183} INFO - Processing /home/airflow/.local/lib/python3.8/site-packages/airflow/example_dags/example_task_group_decorator.py took 0.048 seconds
[2024-03-25T20:38:01.593+0000] {processor.py:161} INFO - Started process (PID=1368) to work on /home/airflow/.local/lib/python3.8/site-packages/airflow/example_dags/example_task_group_decorator.py
[2024-03-25T20:38:01.594+0000] {processor.py:830} INFO - Processing file /home/airflow/.local/lib/python3.8/site-packages/airflow/example_dags/example_task_group_decorator.py for tasks to queue
[2024-03-25T20:38:01.595+0000] {logging_mixin.py:188} INFO - [2024-03-25T20:38:01.595+0000] {dagbag.py:540} INFO - Filling up the DagBag from /home/airflow/.local/lib/python3.8/site-packages/airflow/example_dags/example_task_group_decorator.py
[2024-03-25T20:38:01.602+0000] {processor.py:840} INFO - DAG(s) 'example_task_group_decorator' retrieved from /home/airflow/.local/lib/python3.8/site-packages/airflow/example_dags/example_task_group_decorator.py
[2024-03-25T20:38:01.614+0000] {logging_mixin.py:188} INFO - [2024-03-25T20:38:01.614+0000] {dag.py:3047} INFO - Sync 1 DAGs
[2024-03-25T20:38:01.624+0000] {logging_mixin.py:188} INFO - [2024-03-25T20:38:01.624+0000] {dag.py:3834} INFO - Setting next_dagrun for example_task_group_decorator to 2024-03-24 00:00:00+00:00, run_after=2024-03-25 00:00:00+00:00
[2024-03-25T20:38:01.633+0000] {processor.py:183} INFO - Processing /home/airflow/.local/lib/python3.8/site-packages/airflow/example_dags/example_task_group_decorator.py took 0.042 seconds
[2024-03-25T20:38:32.038+0000] {processor.py:161} INFO - Started process (PID=1424) to work on /home/airflow/.local/lib/python3.8/site-packages/airflow/example_dags/example_task_group_decorator.py
[2024-03-25T20:38:32.039+0000] {processor.py:830} INFO - Processing file /home/airflow/.local/lib/python3.8/site-packages/airflow/example_dags/example_task_group_decorator.py for tasks to queue
[2024-03-25T20:38:32.040+0000] {logging_mixin.py:188} INFO - [2024-03-25T20:38:32.040+0000] {dagbag.py:540} INFO - Filling up the DagBag from /home/airflow/.local/lib/python3.8/site-packages/airflow/example_dags/example_task_group_decorator.py
[2024-03-25T20:38:32.047+0000] {processor.py:840} INFO - DAG(s) 'example_task_group_decorator' retrieved from /home/airflow/.local/lib/python3.8/site-packages/airflow/example_dags/example_task_group_decorator.py
[2024-03-25T20:38:32.059+0000] {logging_mixin.py:188} INFO - [2024-03-25T20:38:32.059+0000] {dag.py:3047} INFO - Sync 1 DAGs
[2024-03-25T20:38:32.069+0000] {logging_mixin.py:188} INFO - [2024-03-25T20:38:32.069+0000] {dag.py:3834} INFO - Setting next_dagrun for example_task_group_decorator to 2024-03-24 00:00:00+00:00, run_after=2024-03-25 00:00:00+00:00
[2024-03-25T20:38:32.078+0000] {processor.py:183} INFO - Processing /home/airflow/.local/lib/python3.8/site-packages/airflow/example_dags/example_task_group_decorator.py took 0.042 seconds
[2024-03-25T20:39:02.622+0000] {processor.py:161} INFO - Started process (PID=1480) to work on /home/airflow/.local/lib/python3.8/site-packages/airflow/example_dags/example_task_group_decorator.py
[2024-03-25T20:39:02.622+0000] {processor.py:830} INFO - Processing file /home/airflow/.local/lib/python3.8/site-packages/airflow/example_dags/example_task_group_decorator.py for tasks to queue
[2024-03-25T20:39:02.623+0000] {logging_mixin.py:188} INFO - [2024-03-25T20:39:02.623+0000] {dagbag.py:540} INFO - Filling up the DagBag from /home/airflow/.local/lib/python3.8/site-packages/airflow/example_dags/example_task_group_decorator.py
[2024-03-25T20:39:02.631+0000] {processor.py:840} INFO - DAG(s) 'example_task_group_decorator' retrieved from /home/airflow/.local/lib/python3.8/site-packages/airflow/example_dags/example_task_group_decorator.py
[2024-03-25T20:39:02.644+0000] {logging_mixin.py:188} INFO - [2024-03-25T20:39:02.644+0000] {dag.py:3047} INFO - Sync 1 DAGs
[2024-03-25T20:39:02.680+0000] {logging_mixin.py:188} INFO - [2024-03-25T20:39:02.680+0000] {dag.py:3834} INFO - Setting next_dagrun for example_task_group_decorator to 2024-03-24 00:00:00+00:00, run_after=2024-03-25 00:00:00+00:00
[2024-03-25T20:39:02.692+0000] {processor.py:183} INFO - Processing /home/airflow/.local/lib/python3.8/site-packages/airflow/example_dags/example_task_group_decorator.py took 0.073 seconds
[2024-03-25T20:39:33.172+0000] {processor.py:161} INFO - Started process (PID=1536) to work on /home/airflow/.local/lib/python3.8/site-packages/airflow/example_dags/example_task_group_decorator.py
[2024-03-25T20:39:33.173+0000] {processor.py:830} INFO - Processing file /home/airflow/.local/lib/python3.8/site-packages/airflow/example_dags/example_task_group_decorator.py for tasks to queue
[2024-03-25T20:39:33.174+0000] {logging_mixin.py:188} INFO - [2024-03-25T20:39:33.174+0000] {dagbag.py:540} INFO - Filling up the DagBag from /home/airflow/.local/lib/python3.8/site-packages/airflow/example_dags/example_task_group_decorator.py
[2024-03-25T20:39:33.181+0000] {processor.py:840} INFO - DAG(s) 'example_task_group_decorator' retrieved from /home/airflow/.local/lib/python3.8/site-packages/airflow/example_dags/example_task_group_decorator.py
[2024-03-25T20:39:33.193+0000] {logging_mixin.py:188} INFO - [2024-03-25T20:39:33.193+0000] {dag.py:3047} INFO - Sync 1 DAGs
[2024-03-25T20:39:33.204+0000] {logging_mixin.py:188} INFO - [2024-03-25T20:39:33.204+0000] {dag.py:3834} INFO - Setting next_dagrun for example_task_group_decorator to 2024-03-24 00:00:00+00:00, run_after=2024-03-25 00:00:00+00:00
[2024-03-25T20:39:33.213+0000] {processor.py:183} INFO - Processing /home/airflow/.local/lib/python3.8/site-packages/airflow/example_dags/example_task_group_decorator.py took 0.043 seconds
[2024-03-25T20:40:03.609+0000] {processor.py:161} INFO - Started process (PID=1592) to work on /home/airflow/.local/lib/python3.8/site-packages/airflow/example_dags/example_task_group_decorator.py
[2024-03-25T20:40:03.610+0000] {processor.py:830} INFO - Processing file /home/airflow/.local/lib/python3.8/site-packages/airflow/example_dags/example_task_group_decorator.py for tasks to queue
[2024-03-25T20:40:03.611+0000] {logging_mixin.py:188} INFO - [2024-03-25T20:40:03.611+0000] {dagbag.py:540} INFO - Filling up the DagBag from /home/airflow/.local/lib/python3.8/site-packages/airflow/example_dags/example_task_group_decorator.py
[2024-03-25T20:40:03.618+0000] {processor.py:840} INFO - DAG(s) 'example_task_group_decorator' retrieved from /home/airflow/.local/lib/python3.8/site-packages/airflow/example_dags/example_task_group_decorator.py
[2024-03-25T20:40:03.630+0000] {logging_mixin.py:188} INFO - [2024-03-25T20:40:03.630+0000] {dag.py:3047} INFO - Sync 1 DAGs
[2024-03-25T20:40:03.641+0000] {logging_mixin.py:188} INFO - [2024-03-25T20:40:03.641+0000] {dag.py:3834} INFO - Setting next_dagrun for example_task_group_decorator to 2024-03-24 00:00:00+00:00, run_after=2024-03-25 00:00:00+00:00
[2024-03-25T20:40:03.650+0000] {processor.py:183} INFO - Processing /home/airflow/.local/lib/python3.8/site-packages/airflow/example_dags/example_task_group_decorator.py took 0.043 seconds
