[2024-03-25T20:19:36.800+0000] {processor.py:161} INFO - Started process (PID=50) to work on /home/airflow/.local/lib/python3.8/site-packages/airflow/example_dags/example_branch_labels.py
[2024-03-25T20:19:36.802+0000] {processor.py:830} INFO - Processing file /home/airflow/.local/lib/python3.8/site-packages/airflow/example_dags/example_branch_labels.py for tasks to queue
[2024-03-25T20:19:36.804+0000] {logging_mixin.py:188} INFO - [2024-03-25T20:19:36.804+0000] {dagbag.py:540} INFO - Filling up the DagBag from /home/airflow/.local/lib/python3.8/site-packages/airflow/example_dags/example_branch_labels.py
[2024-03-25T20:19:36.812+0000] {processor.py:840} INFO - DAG(s) 'example_branch_labels' retrieved from /home/airflow/.local/lib/python3.8/site-packages/airflow/example_dags/example_branch_labels.py
[2024-03-25T20:19:36.838+0000] {logging_mixin.py:188} INFO - [2024-03-25T20:19:36.838+0000] {dag.py:3047} INFO - Sync 1 DAGs
[2024-03-25T20:19:36.856+0000] {logging_mixin.py:188} INFO - [2024-03-25T20:19:36.856+0000] {dag.py:3834} INFO - Setting next_dagrun for example_branch_labels to 2024-03-24 00:00:00+00:00, run_after=2024-03-25 00:00:00+00:00
[2024-03-25T20:19:36.877+0000] {processor.py:183} INFO - Processing /home/airflow/.local/lib/python3.8/site-packages/airflow/example_dags/example_branch_labels.py took 0.080 seconds
[2024-03-25T20:20:07.338+0000] {processor.py:161} INFO - Started process (PID=106) to work on /home/airflow/.local/lib/python3.8/site-packages/airflow/example_dags/example_branch_labels.py
[2024-03-25T20:20:07.339+0000] {processor.py:830} INFO - Processing file /home/airflow/.local/lib/python3.8/site-packages/airflow/example_dags/example_branch_labels.py for tasks to queue
[2024-03-25T20:20:07.340+0000] {logging_mixin.py:188} INFO - [2024-03-25T20:20:07.339+0000] {dagbag.py:540} INFO - Filling up the DagBag from /home/airflow/.local/lib/python3.8/site-packages/airflow/example_dags/example_branch_labels.py
[2024-03-25T20:20:07.344+0000] {processor.py:840} INFO - DAG(s) 'example_branch_labels' retrieved from /home/airflow/.local/lib/python3.8/site-packages/airflow/example_dags/example_branch_labels.py
[2024-03-25T20:20:07.355+0000] {logging_mixin.py:188} INFO - [2024-03-25T20:20:07.354+0000] {dag.py:3047} INFO - Sync 1 DAGs
[2024-03-25T20:20:07.366+0000] {logging_mixin.py:188} INFO - [2024-03-25T20:20:07.366+0000] {dag.py:3834} INFO - Setting next_dagrun for example_branch_labels to 2024-03-24 00:00:00+00:00, run_after=2024-03-25 00:00:00+00:00
[2024-03-25T20:20:07.376+0000] {processor.py:183} INFO - Processing /home/airflow/.local/lib/python3.8/site-packages/airflow/example_dags/example_branch_labels.py took 0.040 seconds
[2024-03-25T20:26:14.230+0000] {processor.py:161} INFO - Started process (PID=49) to work on /home/airflow/.local/lib/python3.8/site-packages/airflow/example_dags/example_branch_labels.py
[2024-03-25T20:26:14.231+0000] {processor.py:830} INFO - Processing file /home/airflow/.local/lib/python3.8/site-packages/airflow/example_dags/example_branch_labels.py for tasks to queue
[2024-03-25T20:26:14.233+0000] {logging_mixin.py:188} INFO - [2024-03-25T20:26:14.233+0000] {dagbag.py:540} INFO - Filling up the DagBag from /home/airflow/.local/lib/python3.8/site-packages/airflow/example_dags/example_branch_labels.py
[2024-03-25T20:26:14.248+0000] {processor.py:840} INFO - DAG(s) 'example_branch_labels' retrieved from /home/airflow/.local/lib/python3.8/site-packages/airflow/example_dags/example_branch_labels.py
[2024-03-25T20:26:14.273+0000] {logging_mixin.py:188} INFO - [2024-03-25T20:26:14.273+0000] {dag.py:3047} INFO - Sync 1 DAGs
[2024-03-25T20:26:14.289+0000] {logging_mixin.py:188} INFO - [2024-03-25T20:26:14.288+0000] {dag.py:3834} INFO - Setting next_dagrun for example_branch_labels to 2024-03-24 00:00:00+00:00, run_after=2024-03-25 00:00:00+00:00
[2024-03-25T20:26:14.301+0000] {processor.py:183} INFO - Processing /home/airflow/.local/lib/python3.8/site-packages/airflow/example_dags/example_branch_labels.py took 0.074 seconds
[2024-03-25T20:26:44.336+0000] {processor.py:161} INFO - Started process (PID=104) to work on /home/airflow/.local/lib/python3.8/site-packages/airflow/example_dags/example_branch_labels.py
[2024-03-25T20:26:44.337+0000] {processor.py:830} INFO - Processing file /home/airflow/.local/lib/python3.8/site-packages/airflow/example_dags/example_branch_labels.py for tasks to queue
[2024-03-25T20:26:44.338+0000] {logging_mixin.py:188} INFO - [2024-03-25T20:26:44.338+0000] {dagbag.py:540} INFO - Filling up the DagBag from /home/airflow/.local/lib/python3.8/site-packages/airflow/example_dags/example_branch_labels.py
[2024-03-25T20:26:44.343+0000] {processor.py:840} INFO - DAG(s) 'example_branch_labels' retrieved from /home/airflow/.local/lib/python3.8/site-packages/airflow/example_dags/example_branch_labels.py
[2024-03-25T20:26:44.354+0000] {logging_mixin.py:188} INFO - [2024-03-25T20:26:44.354+0000] {dag.py:3047} INFO - Sync 1 DAGs
[2024-03-25T20:26:44.365+0000] {logging_mixin.py:188} INFO - [2024-03-25T20:26:44.365+0000] {dag.py:3834} INFO - Setting next_dagrun for example_branch_labels to 2024-03-24 00:00:00+00:00, run_after=2024-03-25 00:00:00+00:00
[2024-03-25T20:26:44.373+0000] {processor.py:183} INFO - Processing /home/airflow/.local/lib/python3.8/site-packages/airflow/example_dags/example_branch_labels.py took 0.039 seconds
[2024-03-25T20:27:14.581+0000] {processor.py:161} INFO - Started process (PID=159) to work on /home/airflow/.local/lib/python3.8/site-packages/airflow/example_dags/example_branch_labels.py
[2024-03-25T20:27:14.582+0000] {processor.py:830} INFO - Processing file /home/airflow/.local/lib/python3.8/site-packages/airflow/example_dags/example_branch_labels.py for tasks to queue
[2024-03-25T20:27:14.583+0000] {logging_mixin.py:188} INFO - [2024-03-25T20:27:14.582+0000] {dagbag.py:540} INFO - Filling up the DagBag from /home/airflow/.local/lib/python3.8/site-packages/airflow/example_dags/example_branch_labels.py
[2024-03-25T20:27:14.587+0000] {processor.py:840} INFO - DAG(s) 'example_branch_labels' retrieved from /home/airflow/.local/lib/python3.8/site-packages/airflow/example_dags/example_branch_labels.py
[2024-03-25T20:27:14.597+0000] {logging_mixin.py:188} INFO - [2024-03-25T20:27:14.597+0000] {dag.py:3047} INFO - Sync 1 DAGs
[2024-03-25T20:27:14.606+0000] {logging_mixin.py:188} INFO - [2024-03-25T20:27:14.606+0000] {dag.py:3834} INFO - Setting next_dagrun for example_branch_labels to 2024-03-24 00:00:00+00:00, run_after=2024-03-25 00:00:00+00:00
[2024-03-25T20:27:14.614+0000] {processor.py:183} INFO - Processing /home/airflow/.local/lib/python3.8/site-packages/airflow/example_dags/example_branch_labels.py took 0.035 seconds
[2024-03-25T20:27:44.717+0000] {processor.py:161} INFO - Started process (PID=215) to work on /home/airflow/.local/lib/python3.8/site-packages/airflow/example_dags/example_branch_labels.py
[2024-03-25T20:27:44.718+0000] {processor.py:830} INFO - Processing file /home/airflow/.local/lib/python3.8/site-packages/airflow/example_dags/example_branch_labels.py for tasks to queue
[2024-03-25T20:27:44.719+0000] {logging_mixin.py:188} INFO - [2024-03-25T20:27:44.718+0000] {dagbag.py:540} INFO - Filling up the DagBag from /home/airflow/.local/lib/python3.8/site-packages/airflow/example_dags/example_branch_labels.py
[2024-03-25T20:27:44.722+0000] {processor.py:840} INFO - DAG(s) 'example_branch_labels' retrieved from /home/airflow/.local/lib/python3.8/site-packages/airflow/example_dags/example_branch_labels.py
[2024-03-25T20:27:44.733+0000] {logging_mixin.py:188} INFO - [2024-03-25T20:27:44.732+0000] {dag.py:3047} INFO - Sync 1 DAGs
[2024-03-25T20:27:44.742+0000] {logging_mixin.py:188} INFO - [2024-03-25T20:27:44.742+0000] {dag.py:3834} INFO - Setting next_dagrun for example_branch_labels to 2024-03-24 00:00:00+00:00, run_after=2024-03-25 00:00:00+00:00
[2024-03-25T20:27:44.749+0000] {processor.py:183} INFO - Processing /home/airflow/.local/lib/python3.8/site-packages/airflow/example_dags/example_branch_labels.py took 0.034 seconds
[2024-03-25T20:28:14.890+0000] {processor.py:161} INFO - Started process (PID=271) to work on /home/airflow/.local/lib/python3.8/site-packages/airflow/example_dags/example_branch_labels.py
[2024-03-25T20:28:14.890+0000] {processor.py:830} INFO - Processing file /home/airflow/.local/lib/python3.8/site-packages/airflow/example_dags/example_branch_labels.py for tasks to queue
[2024-03-25T20:28:14.891+0000] {logging_mixin.py:188} INFO - [2024-03-25T20:28:14.891+0000] {dagbag.py:540} INFO - Filling up the DagBag from /home/airflow/.local/lib/python3.8/site-packages/airflow/example_dags/example_branch_labels.py
[2024-03-25T20:28:14.896+0000] {processor.py:840} INFO - DAG(s) 'example_branch_labels' retrieved from /home/airflow/.local/lib/python3.8/site-packages/airflow/example_dags/example_branch_labels.py
[2024-03-25T20:28:14.907+0000] {logging_mixin.py:188} INFO - [2024-03-25T20:28:14.907+0000] {dag.py:3047} INFO - Sync 1 DAGs
[2024-03-25T20:28:14.917+0000] {logging_mixin.py:188} INFO - [2024-03-25T20:28:14.917+0000] {dag.py:3834} INFO - Setting next_dagrun for example_branch_labels to 2024-03-24 00:00:00+00:00, run_after=2024-03-25 00:00:00+00:00
[2024-03-25T20:28:14.925+0000] {processor.py:183} INFO - Processing /home/airflow/.local/lib/python3.8/site-packages/airflow/example_dags/example_branch_labels.py took 0.038 seconds
[2024-03-25T20:28:45.038+0000] {processor.py:161} INFO - Started process (PID=327) to work on /home/airflow/.local/lib/python3.8/site-packages/airflow/example_dags/example_branch_labels.py
[2024-03-25T20:28:45.039+0000] {processor.py:830} INFO - Processing file /home/airflow/.local/lib/python3.8/site-packages/airflow/example_dags/example_branch_labels.py for tasks to queue
[2024-03-25T20:28:45.040+0000] {logging_mixin.py:188} INFO - [2024-03-25T20:28:45.040+0000] {dagbag.py:540} INFO - Filling up the DagBag from /home/airflow/.local/lib/python3.8/site-packages/airflow/example_dags/example_branch_labels.py
[2024-03-25T20:28:45.044+0000] {processor.py:840} INFO - DAG(s) 'example_branch_labels' retrieved from /home/airflow/.local/lib/python3.8/site-packages/airflow/example_dags/example_branch_labels.py
[2024-03-25T20:28:45.055+0000] {logging_mixin.py:188} INFO - [2024-03-25T20:28:45.055+0000] {dag.py:3047} INFO - Sync 1 DAGs
[2024-03-25T20:28:45.066+0000] {logging_mixin.py:188} INFO - [2024-03-25T20:28:45.066+0000] {dag.py:3834} INFO - Setting next_dagrun for example_branch_labels to 2024-03-24 00:00:00+00:00, run_after=2024-03-25 00:00:00+00:00
[2024-03-25T20:28:45.075+0000] {processor.py:183} INFO - Processing /home/airflow/.local/lib/python3.8/site-packages/airflow/example_dags/example_branch_labels.py took 0.039 seconds
[2024-03-25T20:29:15.302+0000] {processor.py:161} INFO - Started process (PID=383) to work on /home/airflow/.local/lib/python3.8/site-packages/airflow/example_dags/example_branch_labels.py
[2024-03-25T20:29:15.303+0000] {processor.py:830} INFO - Processing file /home/airflow/.local/lib/python3.8/site-packages/airflow/example_dags/example_branch_labels.py for tasks to queue
[2024-03-25T20:29:15.304+0000] {logging_mixin.py:188} INFO - [2024-03-25T20:29:15.304+0000] {dagbag.py:540} INFO - Filling up the DagBag from /home/airflow/.local/lib/python3.8/site-packages/airflow/example_dags/example_branch_labels.py
[2024-03-25T20:29:15.308+0000] {processor.py:840} INFO - DAG(s) 'example_branch_labels' retrieved from /home/airflow/.local/lib/python3.8/site-packages/airflow/example_dags/example_branch_labels.py
[2024-03-25T20:29:15.319+0000] {logging_mixin.py:188} INFO - [2024-03-25T20:29:15.319+0000] {dag.py:3047} INFO - Sync 1 DAGs
[2024-03-25T20:29:15.331+0000] {logging_mixin.py:188} INFO - [2024-03-25T20:29:15.330+0000] {dag.py:3834} INFO - Setting next_dagrun for example_branch_labels to 2024-03-24 00:00:00+00:00, run_after=2024-03-25 00:00:00+00:00
[2024-03-25T20:29:15.340+0000] {processor.py:183} INFO - Processing /home/airflow/.local/lib/python3.8/site-packages/airflow/example_dags/example_branch_labels.py took 0.039 seconds
[2024-03-25T20:29:45.661+0000] {processor.py:161} INFO - Started process (PID=439) to work on /home/airflow/.local/lib/python3.8/site-packages/airflow/example_dags/example_branch_labels.py
[2024-03-25T20:29:45.662+0000] {processor.py:830} INFO - Processing file /home/airflow/.local/lib/python3.8/site-packages/airflow/example_dags/example_branch_labels.py for tasks to queue
[2024-03-25T20:29:45.663+0000] {logging_mixin.py:188} INFO - [2024-03-25T20:29:45.662+0000] {dagbag.py:540} INFO - Filling up the DagBag from /home/airflow/.local/lib/python3.8/site-packages/airflow/example_dags/example_branch_labels.py
[2024-03-25T20:29:45.667+0000] {processor.py:840} INFO - DAG(s) 'example_branch_labels' retrieved from /home/airflow/.local/lib/python3.8/site-packages/airflow/example_dags/example_branch_labels.py
[2024-03-25T20:29:45.678+0000] {logging_mixin.py:188} INFO - [2024-03-25T20:29:45.677+0000] {dag.py:3047} INFO - Sync 1 DAGs
[2024-03-25T20:29:45.688+0000] {logging_mixin.py:188} INFO - [2024-03-25T20:29:45.688+0000] {dag.py:3834} INFO - Setting next_dagrun for example_branch_labels to 2024-03-24 00:00:00+00:00, run_after=2024-03-25 00:00:00+00:00
[2024-03-25T20:29:45.696+0000] {processor.py:183} INFO - Processing /home/airflow/.local/lib/python3.8/site-packages/airflow/example_dags/example_branch_labels.py took 0.037 seconds
[2024-03-25T20:30:15.805+0000] {processor.py:161} INFO - Started process (PID=504) to work on /home/airflow/.local/lib/python3.8/site-packages/airflow/example_dags/example_branch_labels.py
[2024-03-25T20:30:15.806+0000] {processor.py:830} INFO - Processing file /home/airflow/.local/lib/python3.8/site-packages/airflow/example_dags/example_branch_labels.py for tasks to queue
[2024-03-25T20:30:15.807+0000] {logging_mixin.py:188} INFO - [2024-03-25T20:30:15.807+0000] {dagbag.py:540} INFO - Filling up the DagBag from /home/airflow/.local/lib/python3.8/site-packages/airflow/example_dags/example_branch_labels.py
[2024-03-25T20:30:15.812+0000] {processor.py:840} INFO - DAG(s) 'example_branch_labels' retrieved from /home/airflow/.local/lib/python3.8/site-packages/airflow/example_dags/example_branch_labels.py
[2024-03-25T20:30:15.822+0000] {logging_mixin.py:188} INFO - [2024-03-25T20:30:15.822+0000] {dag.py:3047} INFO - Sync 1 DAGs
[2024-03-25T20:30:15.833+0000] {logging_mixin.py:188} INFO - [2024-03-25T20:30:15.833+0000] {dag.py:3834} INFO - Setting next_dagrun for example_branch_labels to 2024-03-24 00:00:00+00:00, run_after=2024-03-25 00:00:00+00:00
[2024-03-25T20:30:15.843+0000] {processor.py:183} INFO - Processing /home/airflow/.local/lib/python3.8/site-packages/airflow/example_dags/example_branch_labels.py took 0.039 seconds
[2024-03-25T20:30:46.884+0000] {processor.py:161} INFO - Started process (PID=560) to work on /home/airflow/.local/lib/python3.8/site-packages/airflow/example_dags/example_branch_labels.py
[2024-03-25T20:30:46.885+0000] {processor.py:830} INFO - Processing file /home/airflow/.local/lib/python3.8/site-packages/airflow/example_dags/example_branch_labels.py for tasks to queue
[2024-03-25T20:30:46.886+0000] {logging_mixin.py:188} INFO - [2024-03-25T20:30:46.886+0000] {dagbag.py:540} INFO - Filling up the DagBag from /home/airflow/.local/lib/python3.8/site-packages/airflow/example_dags/example_branch_labels.py
[2024-03-25T20:30:46.891+0000] {processor.py:840} INFO - DAG(s) 'example_branch_labels' retrieved from /home/airflow/.local/lib/python3.8/site-packages/airflow/example_dags/example_branch_labels.py
[2024-03-25T20:30:46.905+0000] {logging_mixin.py:188} INFO - [2024-03-25T20:30:46.905+0000] {dag.py:3047} INFO - Sync 1 DAGs
[2024-03-25T20:30:46.922+0000] {logging_mixin.py:188} INFO - [2024-03-25T20:30:46.921+0000] {dag.py:3834} INFO - Setting next_dagrun for example_branch_labels to 2024-03-24 00:00:00+00:00, run_after=2024-03-25 00:00:00+00:00
[2024-03-25T20:30:46.938+0000] {processor.py:183} INFO - Processing /home/airflow/.local/lib/python3.8/site-packages/airflow/example_dags/example_branch_labels.py took 0.056 seconds
[2024-03-25T20:31:17.787+0000] {processor.py:161} INFO - Started process (PID=616) to work on /home/airflow/.local/lib/python3.8/site-packages/airflow/example_dags/example_branch_labels.py
[2024-03-25T20:31:17.788+0000] {processor.py:830} INFO - Processing file /home/airflow/.local/lib/python3.8/site-packages/airflow/example_dags/example_branch_labels.py for tasks to queue
[2024-03-25T20:31:17.790+0000] {logging_mixin.py:188} INFO - [2024-03-25T20:31:17.789+0000] {dagbag.py:540} INFO - Filling up the DagBag from /home/airflow/.local/lib/python3.8/site-packages/airflow/example_dags/example_branch_labels.py
[2024-03-25T20:31:17.795+0000] {processor.py:840} INFO - DAG(s) 'example_branch_labels' retrieved from /home/airflow/.local/lib/python3.8/site-packages/airflow/example_dags/example_branch_labels.py
[2024-03-25T20:31:17.811+0000] {logging_mixin.py:188} INFO - [2024-03-25T20:31:17.811+0000] {dag.py:3047} INFO - Sync 1 DAGs
[2024-03-25T20:31:17.828+0000] {logging_mixin.py:188} INFO - [2024-03-25T20:31:17.827+0000] {dag.py:3834} INFO - Setting next_dagrun for example_branch_labels to 2024-03-24 00:00:00+00:00, run_after=2024-03-25 00:00:00+00:00
[2024-03-25T20:31:17.843+0000] {processor.py:183} INFO - Processing /home/airflow/.local/lib/python3.8/site-packages/airflow/example_dags/example_branch_labels.py took 0.058 seconds
[2024-03-25T20:31:48.529+0000] {processor.py:161} INFO - Started process (PID=672) to work on /home/airflow/.local/lib/python3.8/site-packages/airflow/example_dags/example_branch_labels.py
[2024-03-25T20:31:48.530+0000] {processor.py:830} INFO - Processing file /home/airflow/.local/lib/python3.8/site-packages/airflow/example_dags/example_branch_labels.py for tasks to queue
[2024-03-25T20:31:48.531+0000] {logging_mixin.py:188} INFO - [2024-03-25T20:31:48.531+0000] {dagbag.py:540} INFO - Filling up the DagBag from /home/airflow/.local/lib/python3.8/site-packages/airflow/example_dags/example_branch_labels.py
[2024-03-25T20:31:48.536+0000] {processor.py:840} INFO - DAG(s) 'example_branch_labels' retrieved from /home/airflow/.local/lib/python3.8/site-packages/airflow/example_dags/example_branch_labels.py
[2024-03-25T20:31:48.548+0000] {logging_mixin.py:188} INFO - [2024-03-25T20:31:48.548+0000] {dag.py:3047} INFO - Sync 1 DAGs
[2024-03-25T20:31:48.565+0000] {logging_mixin.py:188} INFO - [2024-03-25T20:31:48.565+0000] {dag.py:3834} INFO - Setting next_dagrun for example_branch_labels to 2024-03-24 00:00:00+00:00, run_after=2024-03-25 00:00:00+00:00
[2024-03-25T20:31:48.579+0000] {processor.py:183} INFO - Processing /home/airflow/.local/lib/python3.8/site-packages/airflow/example_dags/example_branch_labels.py took 0.052 seconds
[2024-03-25T20:32:19.134+0000] {processor.py:161} INFO - Started process (PID=728) to work on /home/airflow/.local/lib/python3.8/site-packages/airflow/example_dags/example_branch_labels.py
[2024-03-25T20:32:19.134+0000] {processor.py:830} INFO - Processing file /home/airflow/.local/lib/python3.8/site-packages/airflow/example_dags/example_branch_labels.py for tasks to queue
[2024-03-25T20:32:19.136+0000] {logging_mixin.py:188} INFO - [2024-03-25T20:32:19.136+0000] {dagbag.py:540} INFO - Filling up the DagBag from /home/airflow/.local/lib/python3.8/site-packages/airflow/example_dags/example_branch_labels.py
[2024-03-25T20:32:19.141+0000] {processor.py:840} INFO - DAG(s) 'example_branch_labels' retrieved from /home/airflow/.local/lib/python3.8/site-packages/airflow/example_dags/example_branch_labels.py
[2024-03-25T20:32:19.155+0000] {logging_mixin.py:188} INFO - [2024-03-25T20:32:19.154+0000] {dag.py:3047} INFO - Sync 1 DAGs
[2024-03-25T20:32:19.166+0000] {logging_mixin.py:188} INFO - [2024-03-25T20:32:19.166+0000] {dag.py:3834} INFO - Setting next_dagrun for example_branch_labels to 2024-03-24 00:00:00+00:00, run_after=2024-03-25 00:00:00+00:00
[2024-03-25T20:32:19.175+0000] {processor.py:183} INFO - Processing /home/airflow/.local/lib/python3.8/site-packages/airflow/example_dags/example_branch_labels.py took 0.044 seconds
[2024-03-25T20:32:49.736+0000] {processor.py:161} INFO - Started process (PID=784) to work on /home/airflow/.local/lib/python3.8/site-packages/airflow/example_dags/example_branch_labels.py
[2024-03-25T20:32:49.737+0000] {processor.py:830} INFO - Processing file /home/airflow/.local/lib/python3.8/site-packages/airflow/example_dags/example_branch_labels.py for tasks to queue
[2024-03-25T20:32:49.738+0000] {logging_mixin.py:188} INFO - [2024-03-25T20:32:49.738+0000] {dagbag.py:540} INFO - Filling up the DagBag from /home/airflow/.local/lib/python3.8/site-packages/airflow/example_dags/example_branch_labels.py
[2024-03-25T20:32:49.743+0000] {processor.py:840} INFO - DAG(s) 'example_branch_labels' retrieved from /home/airflow/.local/lib/python3.8/site-packages/airflow/example_dags/example_branch_labels.py
[2024-03-25T20:32:49.756+0000] {logging_mixin.py:188} INFO - [2024-03-25T20:32:49.756+0000] {dag.py:3047} INFO - Sync 1 DAGs
[2024-03-25T20:32:49.768+0000] {logging_mixin.py:188} INFO - [2024-03-25T20:32:49.767+0000] {dag.py:3834} INFO - Setting next_dagrun for example_branch_labels to 2024-03-24 00:00:00+00:00, run_after=2024-03-25 00:00:00+00:00
[2024-03-25T20:32:49.776+0000] {processor.py:183} INFO - Processing /home/airflow/.local/lib/python3.8/site-packages/airflow/example_dags/example_branch_labels.py took 0.041 seconds
[2024-03-25T20:33:20.206+0000] {processor.py:161} INFO - Started process (PID=840) to work on /home/airflow/.local/lib/python3.8/site-packages/airflow/example_dags/example_branch_labels.py
[2024-03-25T20:33:20.207+0000] {processor.py:830} INFO - Processing file /home/airflow/.local/lib/python3.8/site-packages/airflow/example_dags/example_branch_labels.py for tasks to queue
[2024-03-25T20:33:20.208+0000] {logging_mixin.py:188} INFO - [2024-03-25T20:33:20.208+0000] {dagbag.py:540} INFO - Filling up the DagBag from /home/airflow/.local/lib/python3.8/site-packages/airflow/example_dags/example_branch_labels.py
[2024-03-25T20:33:20.213+0000] {processor.py:840} INFO - DAG(s) 'example_branch_labels' retrieved from /home/airflow/.local/lib/python3.8/site-packages/airflow/example_dags/example_branch_labels.py
[2024-03-25T20:33:20.224+0000] {logging_mixin.py:188} INFO - [2024-03-25T20:33:20.224+0000] {dag.py:3047} INFO - Sync 1 DAGs
[2024-03-25T20:33:20.235+0000] {logging_mixin.py:188} INFO - [2024-03-25T20:33:20.235+0000] {dag.py:3834} INFO - Setting next_dagrun for example_branch_labels to 2024-03-24 00:00:00+00:00, run_after=2024-03-25 00:00:00+00:00
[2024-03-25T20:33:20.243+0000] {processor.py:183} INFO - Processing /home/airflow/.local/lib/python3.8/site-packages/airflow/example_dags/example_branch_labels.py took 0.038 seconds
[2024-03-25T20:33:50.647+0000] {processor.py:161} INFO - Started process (PID=896) to work on /home/airflow/.local/lib/python3.8/site-packages/airflow/example_dags/example_branch_labels.py
[2024-03-25T20:33:50.648+0000] {processor.py:830} INFO - Processing file /home/airflow/.local/lib/python3.8/site-packages/airflow/example_dags/example_branch_labels.py for tasks to queue
[2024-03-25T20:33:50.649+0000] {logging_mixin.py:188} INFO - [2024-03-25T20:33:50.649+0000] {dagbag.py:540} INFO - Filling up the DagBag from /home/airflow/.local/lib/python3.8/site-packages/airflow/example_dags/example_branch_labels.py
[2024-03-25T20:33:50.654+0000] {processor.py:840} INFO - DAG(s) 'example_branch_labels' retrieved from /home/airflow/.local/lib/python3.8/site-packages/airflow/example_dags/example_branch_labels.py
[2024-03-25T20:33:50.665+0000] {logging_mixin.py:188} INFO - [2024-03-25T20:33:50.665+0000] {dag.py:3047} INFO - Sync 1 DAGs
[2024-03-25T20:33:50.676+0000] {logging_mixin.py:188} INFO - [2024-03-25T20:33:50.676+0000] {dag.py:3834} INFO - Setting next_dagrun for example_branch_labels to 2024-03-24 00:00:00+00:00, run_after=2024-03-25 00:00:00+00:00
[2024-03-25T20:33:50.684+0000] {processor.py:183} INFO - Processing /home/airflow/.local/lib/python3.8/site-packages/airflow/example_dags/example_branch_labels.py took 0.039 seconds
[2024-03-25T20:34:21.294+0000] {processor.py:161} INFO - Started process (PID=951) to work on /home/airflow/.local/lib/python3.8/site-packages/airflow/example_dags/example_branch_labels.py
[2024-03-25T20:34:21.295+0000] {processor.py:830} INFO - Processing file /home/airflow/.local/lib/python3.8/site-packages/airflow/example_dags/example_branch_labels.py for tasks to queue
[2024-03-25T20:34:21.299+0000] {logging_mixin.py:188} INFO - [2024-03-25T20:34:21.299+0000] {dagbag.py:540} INFO - Filling up the DagBag from /home/airflow/.local/lib/python3.8/site-packages/airflow/example_dags/example_branch_labels.py
[2024-03-25T20:34:21.303+0000] {processor.py:840} INFO - DAG(s) 'example_branch_labels' retrieved from /home/airflow/.local/lib/python3.8/site-packages/airflow/example_dags/example_branch_labels.py
[2024-03-25T20:34:21.314+0000] {logging_mixin.py:188} INFO - [2024-03-25T20:34:21.314+0000] {dag.py:3047} INFO - Sync 1 DAGs
[2024-03-25T20:34:21.325+0000] {logging_mixin.py:188} INFO - [2024-03-25T20:34:21.325+0000] {dag.py:3834} INFO - Setting next_dagrun for example_branch_labels to 2024-03-24 00:00:00+00:00, run_after=2024-03-25 00:00:00+00:00
[2024-03-25T20:34:21.333+0000] {processor.py:183} INFO - Processing /home/airflow/.local/lib/python3.8/site-packages/airflow/example_dags/example_branch_labels.py took 0.041 seconds
[2024-03-25T20:34:52.101+0000] {processor.py:161} INFO - Started process (PID=1007) to work on /home/airflow/.local/lib/python3.8/site-packages/airflow/example_dags/example_branch_labels.py
[2024-03-25T20:34:52.101+0000] {processor.py:830} INFO - Processing file /home/airflow/.local/lib/python3.8/site-packages/airflow/example_dags/example_branch_labels.py for tasks to queue
[2024-03-25T20:34:52.102+0000] {logging_mixin.py:188} INFO - [2024-03-25T20:34:52.102+0000] {dagbag.py:540} INFO - Filling up the DagBag from /home/airflow/.local/lib/python3.8/site-packages/airflow/example_dags/example_branch_labels.py
[2024-03-25T20:34:52.107+0000] {processor.py:840} INFO - DAG(s) 'example_branch_labels' retrieved from /home/airflow/.local/lib/python3.8/site-packages/airflow/example_dags/example_branch_labels.py
[2024-03-25T20:34:52.118+0000] {logging_mixin.py:188} INFO - [2024-03-25T20:34:52.117+0000] {dag.py:3047} INFO - Sync 1 DAGs
[2024-03-25T20:34:52.128+0000] {logging_mixin.py:188} INFO - [2024-03-25T20:34:52.128+0000] {dag.py:3834} INFO - Setting next_dagrun for example_branch_labels to 2024-03-24 00:00:00+00:00, run_after=2024-03-25 00:00:00+00:00
[2024-03-25T20:34:52.136+0000] {processor.py:183} INFO - Processing /home/airflow/.local/lib/python3.8/site-packages/airflow/example_dags/example_branch_labels.py took 0.037 seconds
[2024-03-25T20:35:22.570+0000] {processor.py:161} INFO - Started process (PID=1063) to work on /home/airflow/.local/lib/python3.8/site-packages/airflow/example_dags/example_branch_labels.py
[2024-03-25T20:35:22.570+0000] {processor.py:830} INFO - Processing file /home/airflow/.local/lib/python3.8/site-packages/airflow/example_dags/example_branch_labels.py for tasks to queue
[2024-03-25T20:35:22.571+0000] {logging_mixin.py:188} INFO - [2024-03-25T20:35:22.571+0000] {dagbag.py:540} INFO - Filling up the DagBag from /home/airflow/.local/lib/python3.8/site-packages/airflow/example_dags/example_branch_labels.py
[2024-03-25T20:35:22.576+0000] {processor.py:840} INFO - DAG(s) 'example_branch_labels' retrieved from /home/airflow/.local/lib/python3.8/site-packages/airflow/example_dags/example_branch_labels.py
[2024-03-25T20:35:22.587+0000] {logging_mixin.py:188} INFO - [2024-03-25T20:35:22.587+0000] {dag.py:3047} INFO - Sync 1 DAGs
[2024-03-25T20:35:22.598+0000] {logging_mixin.py:188} INFO - [2024-03-25T20:35:22.598+0000] {dag.py:3834} INFO - Setting next_dagrun for example_branch_labels to 2024-03-24 00:00:00+00:00, run_after=2024-03-25 00:00:00+00:00
[2024-03-25T20:35:22.606+0000] {processor.py:183} INFO - Processing /home/airflow/.local/lib/python3.8/site-packages/airflow/example_dags/example_branch_labels.py took 0.038 seconds
[2024-03-25T20:35:53.194+0000] {processor.py:161} INFO - Started process (PID=1119) to work on /home/airflow/.local/lib/python3.8/site-packages/airflow/example_dags/example_branch_labels.py
[2024-03-25T20:35:53.194+0000] {processor.py:830} INFO - Processing file /home/airflow/.local/lib/python3.8/site-packages/airflow/example_dags/example_branch_labels.py for tasks to queue
[2024-03-25T20:35:53.197+0000] {logging_mixin.py:188} INFO - [2024-03-25T20:35:53.197+0000] {dagbag.py:540} INFO - Filling up the DagBag from /home/airflow/.local/lib/python3.8/site-packages/airflow/example_dags/example_branch_labels.py
[2024-03-25T20:35:53.201+0000] {processor.py:840} INFO - DAG(s) 'example_branch_labels' retrieved from /home/airflow/.local/lib/python3.8/site-packages/airflow/example_dags/example_branch_labels.py
[2024-03-25T20:35:53.212+0000] {logging_mixin.py:188} INFO - [2024-03-25T20:35:53.212+0000] {dag.py:3047} INFO - Sync 1 DAGs
[2024-03-25T20:35:53.223+0000] {logging_mixin.py:188} INFO - [2024-03-25T20:35:53.223+0000] {dag.py:3834} INFO - Setting next_dagrun for example_branch_labels to 2024-03-24 00:00:00+00:00, run_after=2024-03-25 00:00:00+00:00
[2024-03-25T20:35:53.231+0000] {processor.py:183} INFO - Processing /home/airflow/.local/lib/python3.8/site-packages/airflow/example_dags/example_branch_labels.py took 0.039 seconds
[2024-03-25T20:36:23.649+0000] {processor.py:161} INFO - Started process (PID=1175) to work on /home/airflow/.local/lib/python3.8/site-packages/airflow/example_dags/example_branch_labels.py
[2024-03-25T20:36:23.650+0000] {processor.py:830} INFO - Processing file /home/airflow/.local/lib/python3.8/site-packages/airflow/example_dags/example_branch_labels.py for tasks to queue
[2024-03-25T20:36:23.654+0000] {logging_mixin.py:188} INFO - [2024-03-25T20:36:23.653+0000] {dagbag.py:540} INFO - Filling up the DagBag from /home/airflow/.local/lib/python3.8/site-packages/airflow/example_dags/example_branch_labels.py
[2024-03-25T20:36:23.658+0000] {processor.py:840} INFO - DAG(s) 'example_branch_labels' retrieved from /home/airflow/.local/lib/python3.8/site-packages/airflow/example_dags/example_branch_labels.py
[2024-03-25T20:36:23.669+0000] {logging_mixin.py:188} INFO - [2024-03-25T20:36:23.669+0000] {dag.py:3047} INFO - Sync 1 DAGs
[2024-03-25T20:36:23.680+0000] {logging_mixin.py:188} INFO - [2024-03-25T20:36:23.680+0000] {dag.py:3834} INFO - Setting next_dagrun for example_branch_labels to 2024-03-24 00:00:00+00:00, run_after=2024-03-25 00:00:00+00:00
[2024-03-25T20:36:23.688+0000] {processor.py:183} INFO - Processing /home/airflow/.local/lib/python3.8/site-packages/airflow/example_dags/example_branch_labels.py took 0.042 seconds
[2024-03-25T20:36:54.295+0000] {processor.py:161} INFO - Started process (PID=1230) to work on /home/airflow/.local/lib/python3.8/site-packages/airflow/example_dags/example_branch_labels.py
[2024-03-25T20:36:54.296+0000] {processor.py:830} INFO - Processing file /home/airflow/.local/lib/python3.8/site-packages/airflow/example_dags/example_branch_labels.py for tasks to queue
[2024-03-25T20:36:54.298+0000] {logging_mixin.py:188} INFO - [2024-03-25T20:36:54.298+0000] {dagbag.py:540} INFO - Filling up the DagBag from /home/airflow/.local/lib/python3.8/site-packages/airflow/example_dags/example_branch_labels.py
[2024-03-25T20:36:54.302+0000] {processor.py:840} INFO - DAG(s) 'example_branch_labels' retrieved from /home/airflow/.local/lib/python3.8/site-packages/airflow/example_dags/example_branch_labels.py
[2024-03-25T20:36:54.315+0000] {logging_mixin.py:188} INFO - [2024-03-25T20:36:54.315+0000] {dag.py:3047} INFO - Sync 1 DAGs
[2024-03-25T20:36:54.326+0000] {logging_mixin.py:188} INFO - [2024-03-25T20:36:54.326+0000] {dag.py:3834} INFO - Setting next_dagrun for example_branch_labels to 2024-03-24 00:00:00+00:00, run_after=2024-03-25 00:00:00+00:00
[2024-03-25T20:36:54.334+0000] {processor.py:183} INFO - Processing /home/airflow/.local/lib/python3.8/site-packages/airflow/example_dags/example_branch_labels.py took 0.041 seconds
[2024-03-25T20:37:24.934+0000] {processor.py:161} INFO - Started process (PID=1286) to work on /home/airflow/.local/lib/python3.8/site-packages/airflow/example_dags/example_branch_labels.py
[2024-03-25T20:37:24.935+0000] {processor.py:830} INFO - Processing file /home/airflow/.local/lib/python3.8/site-packages/airflow/example_dags/example_branch_labels.py for tasks to queue
[2024-03-25T20:37:24.936+0000] {logging_mixin.py:188} INFO - [2024-03-25T20:37:24.936+0000] {dagbag.py:540} INFO - Filling up the DagBag from /home/airflow/.local/lib/python3.8/site-packages/airflow/example_dags/example_branch_labels.py
[2024-03-25T20:37:24.940+0000] {processor.py:840} INFO - DAG(s) 'example_branch_labels' retrieved from /home/airflow/.local/lib/python3.8/site-packages/airflow/example_dags/example_branch_labels.py
[2024-03-25T20:37:24.952+0000] {logging_mixin.py:188} INFO - [2024-03-25T20:37:24.952+0000] {dag.py:3047} INFO - Sync 1 DAGs
[2024-03-25T20:37:24.963+0000] {logging_mixin.py:188} INFO - [2024-03-25T20:37:24.963+0000] {dag.py:3834} INFO - Setting next_dagrun for example_branch_labels to 2024-03-24 00:00:00+00:00, run_after=2024-03-25 00:00:00+00:00
[2024-03-25T20:37:24.971+0000] {processor.py:183} INFO - Processing /home/airflow/.local/lib/python3.8/site-packages/airflow/example_dags/example_branch_labels.py took 0.039 seconds
[2024-03-25T20:37:55.710+0000] {processor.py:161} INFO - Started process (PID=1342) to work on /home/airflow/.local/lib/python3.8/site-packages/airflow/example_dags/example_branch_labels.py
[2024-03-25T20:37:55.710+0000] {processor.py:830} INFO - Processing file /home/airflow/.local/lib/python3.8/site-packages/airflow/example_dags/example_branch_labels.py for tasks to queue
[2024-03-25T20:37:55.711+0000] {logging_mixin.py:188} INFO - [2024-03-25T20:37:55.711+0000] {dagbag.py:540} INFO - Filling up the DagBag from /home/airflow/.local/lib/python3.8/site-packages/airflow/example_dags/example_branch_labels.py
[2024-03-25T20:37:55.715+0000] {processor.py:840} INFO - DAG(s) 'example_branch_labels' retrieved from /home/airflow/.local/lib/python3.8/site-packages/airflow/example_dags/example_branch_labels.py
[2024-03-25T20:37:55.727+0000] {logging_mixin.py:188} INFO - [2024-03-25T20:37:55.727+0000] {dag.py:3047} INFO - Sync 1 DAGs
[2024-03-25T20:37:55.738+0000] {logging_mixin.py:188} INFO - [2024-03-25T20:37:55.738+0000] {dag.py:3834} INFO - Setting next_dagrun for example_branch_labels to 2024-03-24 00:00:00+00:00, run_after=2024-03-25 00:00:00+00:00
[2024-03-25T20:37:55.746+0000] {processor.py:183} INFO - Processing /home/airflow/.local/lib/python3.8/site-packages/airflow/example_dags/example_branch_labels.py took 0.039 seconds
[2024-03-25T20:38:26.227+0000] {processor.py:161} INFO - Started process (PID=1398) to work on /home/airflow/.local/lib/python3.8/site-packages/airflow/example_dags/example_branch_labels.py
[2024-03-25T20:38:26.227+0000] {processor.py:830} INFO - Processing file /home/airflow/.local/lib/python3.8/site-packages/airflow/example_dags/example_branch_labels.py for tasks to queue
[2024-03-25T20:38:26.228+0000] {logging_mixin.py:188} INFO - [2024-03-25T20:38:26.228+0000] {dagbag.py:540} INFO - Filling up the DagBag from /home/airflow/.local/lib/python3.8/site-packages/airflow/example_dags/example_branch_labels.py
[2024-03-25T20:38:26.233+0000] {processor.py:840} INFO - DAG(s) 'example_branch_labels' retrieved from /home/airflow/.local/lib/python3.8/site-packages/airflow/example_dags/example_branch_labels.py
[2024-03-25T20:38:26.244+0000] {logging_mixin.py:188} INFO - [2024-03-25T20:38:26.244+0000] {dag.py:3047} INFO - Sync 1 DAGs
[2024-03-25T20:38:26.255+0000] {logging_mixin.py:188} INFO - [2024-03-25T20:38:26.255+0000] {dag.py:3834} INFO - Setting next_dagrun for example_branch_labels to 2024-03-24 00:00:00+00:00, run_after=2024-03-25 00:00:00+00:00
[2024-03-25T20:38:26.265+0000] {processor.py:183} INFO - Processing /home/airflow/.local/lib/python3.8/site-packages/airflow/example_dags/example_branch_labels.py took 0.040 seconds
[2024-03-25T20:38:56.661+0000] {processor.py:161} INFO - Started process (PID=1454) to work on /home/airflow/.local/lib/python3.8/site-packages/airflow/example_dags/example_branch_labels.py
[2024-03-25T20:38:56.662+0000] {processor.py:830} INFO - Processing file /home/airflow/.local/lib/python3.8/site-packages/airflow/example_dags/example_branch_labels.py for tasks to queue
[2024-03-25T20:38:56.663+0000] {logging_mixin.py:188} INFO - [2024-03-25T20:38:56.663+0000] {dagbag.py:540} INFO - Filling up the DagBag from /home/airflow/.local/lib/python3.8/site-packages/airflow/example_dags/example_branch_labels.py
[2024-03-25T20:38:56.667+0000] {processor.py:840} INFO - DAG(s) 'example_branch_labels' retrieved from /home/airflow/.local/lib/python3.8/site-packages/airflow/example_dags/example_branch_labels.py
[2024-03-25T20:38:56.679+0000] {logging_mixin.py:188} INFO - [2024-03-25T20:38:56.679+0000] {dag.py:3047} INFO - Sync 1 DAGs
[2024-03-25T20:38:56.691+0000] {logging_mixin.py:188} INFO - [2024-03-25T20:38:56.691+0000] {dag.py:3834} INFO - Setting next_dagrun for example_branch_labels to 2024-03-24 00:00:00+00:00, run_after=2024-03-25 00:00:00+00:00
[2024-03-25T20:38:56.699+0000] {processor.py:183} INFO - Processing /home/airflow/.local/lib/python3.8/site-packages/airflow/example_dags/example_branch_labels.py took 0.040 seconds
[2024-03-25T20:39:27.347+0000] {processor.py:161} INFO - Started process (PID=1510) to work on /home/airflow/.local/lib/python3.8/site-packages/airflow/example_dags/example_branch_labels.py
[2024-03-25T20:39:27.347+0000] {processor.py:830} INFO - Processing file /home/airflow/.local/lib/python3.8/site-packages/airflow/example_dags/example_branch_labels.py for tasks to queue
[2024-03-25T20:39:27.348+0000] {logging_mixin.py:188} INFO - [2024-03-25T20:39:27.348+0000] {dagbag.py:540} INFO - Filling up the DagBag from /home/airflow/.local/lib/python3.8/site-packages/airflow/example_dags/example_branch_labels.py
[2024-03-25T20:39:27.353+0000] {processor.py:840} INFO - DAG(s) 'example_branch_labels' retrieved from /home/airflow/.local/lib/python3.8/site-packages/airflow/example_dags/example_branch_labels.py
[2024-03-25T20:39:27.364+0000] {logging_mixin.py:188} INFO - [2024-03-25T20:39:27.364+0000] {dag.py:3047} INFO - Sync 1 DAGs
[2024-03-25T20:39:27.376+0000] {logging_mixin.py:188} INFO - [2024-03-25T20:39:27.376+0000] {dag.py:3834} INFO - Setting next_dagrun for example_branch_labels to 2024-03-24 00:00:00+00:00, run_after=2024-03-25 00:00:00+00:00
[2024-03-25T20:39:27.384+0000] {processor.py:183} INFO - Processing /home/airflow/.local/lib/python3.8/site-packages/airflow/example_dags/example_branch_labels.py took 0.039 seconds
[2024-03-25T20:39:57.809+0000] {processor.py:161} INFO - Started process (PID=1566) to work on /home/airflow/.local/lib/python3.8/site-packages/airflow/example_dags/example_branch_labels.py
[2024-03-25T20:39:57.810+0000] {processor.py:830} INFO - Processing file /home/airflow/.local/lib/python3.8/site-packages/airflow/example_dags/example_branch_labels.py for tasks to queue
[2024-03-25T20:39:57.811+0000] {logging_mixin.py:188} INFO - [2024-03-25T20:39:57.811+0000] {dagbag.py:540} INFO - Filling up the DagBag from /home/airflow/.local/lib/python3.8/site-packages/airflow/example_dags/example_branch_labels.py
[2024-03-25T20:39:57.815+0000] {processor.py:840} INFO - DAG(s) 'example_branch_labels' retrieved from /home/airflow/.local/lib/python3.8/site-packages/airflow/example_dags/example_branch_labels.py
[2024-03-25T20:39:57.827+0000] {logging_mixin.py:188} INFO - [2024-03-25T20:39:57.827+0000] {dag.py:3047} INFO - Sync 1 DAGs
[2024-03-25T20:39:57.838+0000] {logging_mixin.py:188} INFO - [2024-03-25T20:39:57.837+0000] {dag.py:3834} INFO - Setting next_dagrun for example_branch_labels to 2024-03-24 00:00:00+00:00, run_after=2024-03-25 00:00:00+00:00
[2024-03-25T20:39:57.846+0000] {processor.py:183} INFO - Processing /home/airflow/.local/lib/python3.8/site-packages/airflow/example_dags/example_branch_labels.py took 0.038 seconds
