[2024-03-25T20:19:37.318+0000] {processor.py:161} INFO - Started process (PID=58) to work on /home/airflow/.local/lib/python3.8/site-packages/airflow/example_dags/example_latest_only.py
[2024-03-25T20:19:37.321+0000] {processor.py:830} INFO - Processing file /home/airflow/.local/lib/python3.8/site-packages/airflow/example_dags/example_latest_only.py for tasks to queue
[2024-03-25T20:19:37.323+0000] {logging_mixin.py:188} INFO - [2024-03-25T20:19:37.323+0000] {dagbag.py:540} INFO - Filling up the DagBag from /home/airflow/.local/lib/python3.8/site-packages/airflow/example_dags/example_latest_only.py
[2024-03-25T20:19:37.330+0000] {processor.py:840} INFO - DAG(s) 'latest_only' retrieved from /home/airflow/.local/lib/python3.8/site-packages/airflow/example_dags/example_latest_only.py
[2024-03-25T20:19:37.359+0000] {logging_mixin.py:188} INFO - [2024-03-25T20:19:37.359+0000] {dag.py:3047} INFO - Sync 1 DAGs
[2024-03-25T20:19:37.378+0000] {logging_mixin.py:188} INFO - [2024-03-25T20:19:37.378+0000] {dag.py:3834} INFO - Setting next_dagrun for latest_only to 2024-03-25 16:00:00+00:00, run_after=2024-03-25 20:00:00+00:00
[2024-03-25T20:19:37.404+0000] {processor.py:183} INFO - Processing /home/airflow/.local/lib/python3.8/site-packages/airflow/example_dags/example_latest_only.py took 0.089 seconds
[2024-03-25T20:20:07.771+0000] {processor.py:161} INFO - Started process (PID=114) to work on /home/airflow/.local/lib/python3.8/site-packages/airflow/example_dags/example_latest_only.py
[2024-03-25T20:20:07.772+0000] {processor.py:830} INFO - Processing file /home/airflow/.local/lib/python3.8/site-packages/airflow/example_dags/example_latest_only.py for tasks to queue
[2024-03-25T20:20:07.773+0000] {logging_mixin.py:188} INFO - [2024-03-25T20:20:07.773+0000] {dagbag.py:540} INFO - Filling up the DagBag from /home/airflow/.local/lib/python3.8/site-packages/airflow/example_dags/example_latest_only.py
[2024-03-25T20:20:07.776+0000] {processor.py:840} INFO - DAG(s) 'latest_only' retrieved from /home/airflow/.local/lib/python3.8/site-packages/airflow/example_dags/example_latest_only.py
[2024-03-25T20:20:07.786+0000] {logging_mixin.py:188} INFO - [2024-03-25T20:20:07.786+0000] {dag.py:3047} INFO - Sync 1 DAGs
[2024-03-25T20:20:07.796+0000] {logging_mixin.py:188} INFO - [2024-03-25T20:20:07.796+0000] {dag.py:3834} INFO - Setting next_dagrun for latest_only to 2024-03-25 16:00:00+00:00, run_after=2024-03-25 20:00:00+00:00
[2024-03-25T20:20:07.806+0000] {processor.py:183} INFO - Processing /home/airflow/.local/lib/python3.8/site-packages/airflow/example_dags/example_latest_only.py took 0.036 seconds
[2024-03-25T20:26:14.596+0000] {processor.py:161} INFO - Started process (PID=57) to work on /home/airflow/.local/lib/python3.8/site-packages/airflow/example_dags/example_latest_only.py
[2024-03-25T20:26:14.597+0000] {processor.py:830} INFO - Processing file /home/airflow/.local/lib/python3.8/site-packages/airflow/example_dags/example_latest_only.py for tasks to queue
[2024-03-25T20:26:14.599+0000] {logging_mixin.py:188} INFO - [2024-03-25T20:26:14.598+0000] {dagbag.py:540} INFO - Filling up the DagBag from /home/airflow/.local/lib/python3.8/site-packages/airflow/example_dags/example_latest_only.py
[2024-03-25T20:26:14.603+0000] {processor.py:840} INFO - DAG(s) 'latest_only' retrieved from /home/airflow/.local/lib/python3.8/site-packages/airflow/example_dags/example_latest_only.py
[2024-03-25T20:26:14.620+0000] {logging_mixin.py:188} INFO - [2024-03-25T20:26:14.620+0000] {dag.py:3047} INFO - Sync 1 DAGs
[2024-03-25T20:26:14.641+0000] {logging_mixin.py:188} INFO - [2024-03-25T20:26:14.640+0000] {dag.py:3834} INFO - Setting next_dagrun for latest_only to 2024-03-25 16:00:00+00:00, run_after=2024-03-25 20:00:00+00:00
[2024-03-25T20:26:14.655+0000] {processor.py:183} INFO - Processing /home/airflow/.local/lib/python3.8/site-packages/airflow/example_dags/example_latest_only.py took 0.062 seconds
[2024-03-25T20:26:44.702+0000] {processor.py:161} INFO - Started process (PID=111) to work on /home/airflow/.local/lib/python3.8/site-packages/airflow/example_dags/example_latest_only.py
[2024-03-25T20:26:44.702+0000] {processor.py:830} INFO - Processing file /home/airflow/.local/lib/python3.8/site-packages/airflow/example_dags/example_latest_only.py for tasks to queue
[2024-03-25T20:26:44.703+0000] {logging_mixin.py:188} INFO - [2024-03-25T20:26:44.703+0000] {dagbag.py:540} INFO - Filling up the DagBag from /home/airflow/.local/lib/python3.8/site-packages/airflow/example_dags/example_latest_only.py
[2024-03-25T20:26:44.706+0000] {processor.py:840} INFO - DAG(s) 'latest_only' retrieved from /home/airflow/.local/lib/python3.8/site-packages/airflow/example_dags/example_latest_only.py
[2024-03-25T20:26:44.716+0000] {logging_mixin.py:188} INFO - [2024-03-25T20:26:44.716+0000] {dag.py:3047} INFO - Sync 1 DAGs
[2024-03-25T20:26:44.726+0000] {logging_mixin.py:188} INFO - [2024-03-25T20:26:44.726+0000] {dag.py:3834} INFO - Setting next_dagrun for latest_only to 2024-03-25 16:00:00+00:00, run_after=2024-03-25 20:00:00+00:00
[2024-03-25T20:26:44.735+0000] {processor.py:183} INFO - Processing /home/airflow/.local/lib/python3.8/site-packages/airflow/example_dags/example_latest_only.py took 0.035 seconds
[2024-03-25T20:27:14.797+0000] {processor.py:161} INFO - Started process (PID=166) to work on /home/airflow/.local/lib/python3.8/site-packages/airflow/example_dags/example_latest_only.py
[2024-03-25T20:27:14.798+0000] {processor.py:830} INFO - Processing file /home/airflow/.local/lib/python3.8/site-packages/airflow/example_dags/example_latest_only.py for tasks to queue
[2024-03-25T20:27:14.800+0000] {logging_mixin.py:188} INFO - [2024-03-25T20:27:14.799+0000] {dagbag.py:540} INFO - Filling up the DagBag from /home/airflow/.local/lib/python3.8/site-packages/airflow/example_dags/example_latest_only.py
[2024-03-25T20:27:14.803+0000] {processor.py:840} INFO - DAG(s) 'latest_only' retrieved from /home/airflow/.local/lib/python3.8/site-packages/airflow/example_dags/example_latest_only.py
[2024-03-25T20:27:14.814+0000] {logging_mixin.py:188} INFO - [2024-03-25T20:27:14.814+0000] {dag.py:3047} INFO - Sync 1 DAGs
[2024-03-25T20:27:14.825+0000] {logging_mixin.py:188} INFO - [2024-03-25T20:27:14.825+0000] {dag.py:3834} INFO - Setting next_dagrun for latest_only to 2024-03-25 16:00:00+00:00, run_after=2024-03-25 20:00:00+00:00
[2024-03-25T20:27:14.834+0000] {processor.py:183} INFO - Processing /home/airflow/.local/lib/python3.8/site-packages/airflow/example_dags/example_latest_only.py took 0.039 seconds
[2024-03-25T20:27:44.907+0000] {processor.py:161} INFO - Started process (PID=222) to work on /home/airflow/.local/lib/python3.8/site-packages/airflow/example_dags/example_latest_only.py
[2024-03-25T20:27:44.908+0000] {processor.py:830} INFO - Processing file /home/airflow/.local/lib/python3.8/site-packages/airflow/example_dags/example_latest_only.py for tasks to queue
[2024-03-25T20:27:44.909+0000] {logging_mixin.py:188} INFO - [2024-03-25T20:27:44.909+0000] {dagbag.py:540} INFO - Filling up the DagBag from /home/airflow/.local/lib/python3.8/site-packages/airflow/example_dags/example_latest_only.py
[2024-03-25T20:27:44.912+0000] {processor.py:840} INFO - DAG(s) 'latest_only' retrieved from /home/airflow/.local/lib/python3.8/site-packages/airflow/example_dags/example_latest_only.py
[2024-03-25T20:27:44.922+0000] {logging_mixin.py:188} INFO - [2024-03-25T20:27:44.922+0000] {dag.py:3047} INFO - Sync 1 DAGs
[2024-03-25T20:27:44.932+0000] {logging_mixin.py:188} INFO - [2024-03-25T20:27:44.932+0000] {dag.py:3834} INFO - Setting next_dagrun for latest_only to 2024-03-25 16:00:00+00:00, run_after=2024-03-25 20:00:00+00:00
[2024-03-25T20:27:44.941+0000] {processor.py:183} INFO - Processing /home/airflow/.local/lib/python3.8/site-packages/airflow/example_dags/example_latest_only.py took 0.035 seconds
[2024-03-25T20:28:15.092+0000] {processor.py:161} INFO - Started process (PID=279) to work on /home/airflow/.local/lib/python3.8/site-packages/airflow/example_dags/example_latest_only.py
[2024-03-25T20:28:15.092+0000] {processor.py:830} INFO - Processing file /home/airflow/.local/lib/python3.8/site-packages/airflow/example_dags/example_latest_only.py for tasks to queue
[2024-03-25T20:28:15.093+0000] {logging_mixin.py:188} INFO - [2024-03-25T20:28:15.093+0000] {dagbag.py:540} INFO - Filling up the DagBag from /home/airflow/.local/lib/python3.8/site-packages/airflow/example_dags/example_latest_only.py
[2024-03-25T20:28:15.096+0000] {processor.py:840} INFO - DAG(s) 'latest_only' retrieved from /home/airflow/.local/lib/python3.8/site-packages/airflow/example_dags/example_latest_only.py
[2024-03-25T20:28:15.106+0000] {logging_mixin.py:188} INFO - [2024-03-25T20:28:15.106+0000] {dag.py:3047} INFO - Sync 1 DAGs
[2024-03-25T20:28:15.115+0000] {logging_mixin.py:188} INFO - [2024-03-25T20:28:15.115+0000] {dag.py:3834} INFO - Setting next_dagrun for latest_only to 2024-03-25 16:00:00+00:00, run_after=2024-03-25 20:00:00+00:00
[2024-03-25T20:28:15.123+0000] {processor.py:183} INFO - Processing /home/airflow/.local/lib/python3.8/site-packages/airflow/example_dags/example_latest_only.py took 0.033 seconds
[2024-03-25T20:28:45.247+0000] {processor.py:161} INFO - Started process (PID=335) to work on /home/airflow/.local/lib/python3.8/site-packages/airflow/example_dags/example_latest_only.py
[2024-03-25T20:28:45.248+0000] {processor.py:830} INFO - Processing file /home/airflow/.local/lib/python3.8/site-packages/airflow/example_dags/example_latest_only.py for tasks to queue
[2024-03-25T20:28:45.249+0000] {logging_mixin.py:188} INFO - [2024-03-25T20:28:45.249+0000] {dagbag.py:540} INFO - Filling up the DagBag from /home/airflow/.local/lib/python3.8/site-packages/airflow/example_dags/example_latest_only.py
[2024-03-25T20:28:45.251+0000] {processor.py:840} INFO - DAG(s) 'latest_only' retrieved from /home/airflow/.local/lib/python3.8/site-packages/airflow/example_dags/example_latest_only.py
[2024-03-25T20:28:45.263+0000] {logging_mixin.py:188} INFO - [2024-03-25T20:28:45.263+0000] {dag.py:3047} INFO - Sync 1 DAGs
[2024-03-25T20:28:45.275+0000] {logging_mixin.py:188} INFO - [2024-03-25T20:28:45.275+0000] {dag.py:3834} INFO - Setting next_dagrun for latest_only to 2024-03-25 16:00:00+00:00, run_after=2024-03-25 20:00:00+00:00
[2024-03-25T20:28:45.284+0000] {processor.py:183} INFO - Processing /home/airflow/.local/lib/python3.8/site-packages/airflow/example_dags/example_latest_only.py took 0.038 seconds
[2024-03-25T20:29:15.506+0000] {processor.py:161} INFO - Started process (PID=391) to work on /home/airflow/.local/lib/python3.8/site-packages/airflow/example_dags/example_latest_only.py
[2024-03-25T20:29:15.506+0000] {processor.py:830} INFO - Processing file /home/airflow/.local/lib/python3.8/site-packages/airflow/example_dags/example_latest_only.py for tasks to queue
[2024-03-25T20:29:15.507+0000] {logging_mixin.py:188} INFO - [2024-03-25T20:29:15.507+0000] {dagbag.py:540} INFO - Filling up the DagBag from /home/airflow/.local/lib/python3.8/site-packages/airflow/example_dags/example_latest_only.py
[2024-03-25T20:29:15.510+0000] {processor.py:840} INFO - DAG(s) 'latest_only' retrieved from /home/airflow/.local/lib/python3.8/site-packages/airflow/example_dags/example_latest_only.py
[2024-03-25T20:29:15.520+0000] {logging_mixin.py:188} INFO - [2024-03-25T20:29:15.519+0000] {dag.py:3047} INFO - Sync 1 DAGs
[2024-03-25T20:29:15.529+0000] {logging_mixin.py:188} INFO - [2024-03-25T20:29:15.529+0000] {dag.py:3834} INFO - Setting next_dagrun for latest_only to 2024-03-25 16:00:00+00:00, run_after=2024-03-25 20:00:00+00:00
[2024-03-25T20:29:15.537+0000] {processor.py:183} INFO - Processing /home/airflow/.local/lib/python3.8/site-packages/airflow/example_dags/example_latest_only.py took 0.033 seconds
[2024-03-25T20:29:45.863+0000] {processor.py:161} INFO - Started process (PID=447) to work on /home/airflow/.local/lib/python3.8/site-packages/airflow/example_dags/example_latest_only.py
[2024-03-25T20:29:45.864+0000] {processor.py:830} INFO - Processing file /home/airflow/.local/lib/python3.8/site-packages/airflow/example_dags/example_latest_only.py for tasks to queue
[2024-03-25T20:29:45.865+0000] {logging_mixin.py:188} INFO - [2024-03-25T20:29:45.865+0000] {dagbag.py:540} INFO - Filling up the DagBag from /home/airflow/.local/lib/python3.8/site-packages/airflow/example_dags/example_latest_only.py
[2024-03-25T20:29:45.867+0000] {processor.py:840} INFO - DAG(s) 'latest_only' retrieved from /home/airflow/.local/lib/python3.8/site-packages/airflow/example_dags/example_latest_only.py
[2024-03-25T20:29:45.877+0000] {logging_mixin.py:188} INFO - [2024-03-25T20:29:45.877+0000] {dag.py:3047} INFO - Sync 1 DAGs
[2024-03-25T20:29:45.887+0000] {logging_mixin.py:188} INFO - [2024-03-25T20:29:45.887+0000] {dag.py:3834} INFO - Setting next_dagrun for latest_only to 2024-03-25 16:00:00+00:00, run_after=2024-03-25 20:00:00+00:00
[2024-03-25T20:29:45.895+0000] {processor.py:183} INFO - Processing /home/airflow/.local/lib/python3.8/site-packages/airflow/example_dags/example_latest_only.py took 0.033 seconds
[2024-03-25T20:30:16.016+0000] {processor.py:161} INFO - Started process (PID=512) to work on /home/airflow/.local/lib/python3.8/site-packages/airflow/example_dags/example_latest_only.py
[2024-03-25T20:30:16.016+0000] {processor.py:830} INFO - Processing file /home/airflow/.local/lib/python3.8/site-packages/airflow/example_dags/example_latest_only.py for tasks to queue
[2024-03-25T20:30:16.017+0000] {logging_mixin.py:188} INFO - [2024-03-25T20:30:16.017+0000] {dagbag.py:540} INFO - Filling up the DagBag from /home/airflow/.local/lib/python3.8/site-packages/airflow/example_dags/example_latest_only.py
[2024-03-25T20:30:16.020+0000] {processor.py:840} INFO - DAG(s) 'latest_only' retrieved from /home/airflow/.local/lib/python3.8/site-packages/airflow/example_dags/example_latest_only.py
[2024-03-25T20:30:16.030+0000] {logging_mixin.py:188} INFO - [2024-03-25T20:30:16.030+0000] {dag.py:3047} INFO - Sync 1 DAGs
[2024-03-25T20:30:16.041+0000] {logging_mixin.py:188} INFO - [2024-03-25T20:30:16.041+0000] {dag.py:3834} INFO - Setting next_dagrun for latest_only to 2024-03-25 16:00:00+00:00, run_after=2024-03-25 20:00:00+00:00
[2024-03-25T20:30:16.049+0000] {processor.py:183} INFO - Processing /home/airflow/.local/lib/python3.8/site-packages/airflow/example_dags/example_latest_only.py took 0.035 seconds
[2024-03-25T20:30:47.138+0000] {processor.py:161} INFO - Started process (PID=567) to work on /home/airflow/.local/lib/python3.8/site-packages/airflow/example_dags/example_latest_only.py
[2024-03-25T20:30:47.140+0000] {processor.py:830} INFO - Processing file /home/airflow/.local/lib/python3.8/site-packages/airflow/example_dags/example_latest_only.py for tasks to queue
[2024-03-25T20:30:47.145+0000] {logging_mixin.py:188} INFO - [2024-03-25T20:30:47.144+0000] {dagbag.py:540} INFO - Filling up the DagBag from /home/airflow/.local/lib/python3.8/site-packages/airflow/example_dags/example_latest_only.py
[2024-03-25T20:30:47.149+0000] {processor.py:840} INFO - DAG(s) 'latest_only' retrieved from /home/airflow/.local/lib/python3.8/site-packages/airflow/example_dags/example_latest_only.py
[2024-03-25T20:30:47.168+0000] {logging_mixin.py:188} INFO - [2024-03-25T20:30:47.167+0000] {dag.py:3047} INFO - Sync 1 DAGs
[2024-03-25T20:30:47.182+0000] {logging_mixin.py:188} INFO - [2024-03-25T20:30:47.182+0000] {dag.py:3834} INFO - Setting next_dagrun for latest_only to 2024-03-25 16:00:00+00:00, run_after=2024-03-25 20:00:00+00:00
[2024-03-25T20:30:47.199+0000] {processor.py:183} INFO - Processing /home/airflow/.local/lib/python3.8/site-packages/airflow/example_dags/example_latest_only.py took 0.064 seconds
[2024-03-25T20:31:18.090+0000] {processor.py:161} INFO - Started process (PID=624) to work on /home/airflow/.local/lib/python3.8/site-packages/airflow/example_dags/example_latest_only.py
[2024-03-25T20:31:18.091+0000] {processor.py:830} INFO - Processing file /home/airflow/.local/lib/python3.8/site-packages/airflow/example_dags/example_latest_only.py for tasks to queue
[2024-03-25T20:31:18.092+0000] {logging_mixin.py:188} INFO - [2024-03-25T20:31:18.092+0000] {dagbag.py:540} INFO - Filling up the DagBag from /home/airflow/.local/lib/python3.8/site-packages/airflow/example_dags/example_latest_only.py
[2024-03-25T20:31:18.095+0000] {processor.py:840} INFO - DAG(s) 'latest_only' retrieved from /home/airflow/.local/lib/python3.8/site-packages/airflow/example_dags/example_latest_only.py
[2024-03-25T20:31:18.105+0000] {logging_mixin.py:188} INFO - [2024-03-25T20:31:18.105+0000] {dag.py:3047} INFO - Sync 1 DAGs
[2024-03-25T20:31:18.115+0000] {logging_mixin.py:188} INFO - [2024-03-25T20:31:18.115+0000] {dag.py:3834} INFO - Setting next_dagrun for latest_only to 2024-03-25 16:00:00+00:00, run_after=2024-03-25 20:00:00+00:00
[2024-03-25T20:31:18.124+0000] {processor.py:183} INFO - Processing /home/airflow/.local/lib/python3.8/site-packages/airflow/example_dags/example_latest_only.py took 0.035 seconds
[2024-03-25T20:31:48.867+0000] {processor.py:161} INFO - Started process (PID=680) to work on /home/airflow/.local/lib/python3.8/site-packages/airflow/example_dags/example_latest_only.py
[2024-03-25T20:31:48.868+0000] {processor.py:830} INFO - Processing file /home/airflow/.local/lib/python3.8/site-packages/airflow/example_dags/example_latest_only.py for tasks to queue
[2024-03-25T20:31:48.869+0000] {logging_mixin.py:188} INFO - [2024-03-25T20:31:48.869+0000] {dagbag.py:540} INFO - Filling up the DagBag from /home/airflow/.local/lib/python3.8/site-packages/airflow/example_dags/example_latest_only.py
[2024-03-25T20:31:48.874+0000] {processor.py:840} INFO - DAG(s) 'latest_only' retrieved from /home/airflow/.local/lib/python3.8/site-packages/airflow/example_dags/example_latest_only.py
[2024-03-25T20:31:48.890+0000] {logging_mixin.py:188} INFO - [2024-03-25T20:31:48.889+0000] {dag.py:3047} INFO - Sync 1 DAGs
[2024-03-25T20:31:48.903+0000] {logging_mixin.py:188} INFO - [2024-03-25T20:31:48.903+0000] {dag.py:3834} INFO - Setting next_dagrun for latest_only to 2024-03-25 16:00:00+00:00, run_after=2024-03-25 20:00:00+00:00
[2024-03-25T20:31:48.914+0000] {processor.py:183} INFO - Processing /home/airflow/.local/lib/python3.8/site-packages/airflow/example_dags/example_latest_only.py took 0.049 seconds
[2024-03-25T20:32:19.382+0000] {processor.py:161} INFO - Started process (PID=736) to work on /home/airflow/.local/lib/python3.8/site-packages/airflow/example_dags/example_latest_only.py
[2024-03-25T20:32:19.383+0000] {processor.py:830} INFO - Processing file /home/airflow/.local/lib/python3.8/site-packages/airflow/example_dags/example_latest_only.py for tasks to queue
[2024-03-25T20:32:19.386+0000] {logging_mixin.py:188} INFO - [2024-03-25T20:32:19.386+0000] {dagbag.py:540} INFO - Filling up the DagBag from /home/airflow/.local/lib/python3.8/site-packages/airflow/example_dags/example_latest_only.py
[2024-03-25T20:32:19.389+0000] {processor.py:840} INFO - DAG(s) 'latest_only' retrieved from /home/airflow/.local/lib/python3.8/site-packages/airflow/example_dags/example_latest_only.py
[2024-03-25T20:32:19.401+0000] {logging_mixin.py:188} INFO - [2024-03-25T20:32:19.401+0000] {dag.py:3047} INFO - Sync 1 DAGs
[2024-03-25T20:32:19.412+0000] {logging_mixin.py:188} INFO - [2024-03-25T20:32:19.412+0000] {dag.py:3834} INFO - Setting next_dagrun for latest_only to 2024-03-25 16:00:00+00:00, run_after=2024-03-25 20:00:00+00:00
[2024-03-25T20:32:19.423+0000] {processor.py:183} INFO - Processing /home/airflow/.local/lib/python3.8/site-packages/airflow/example_dags/example_latest_only.py took 0.043 seconds
[2024-03-25T20:32:50.002+0000] {processor.py:161} INFO - Started process (PID=792) to work on /home/airflow/.local/lib/python3.8/site-packages/airflow/example_dags/example_latest_only.py
[2024-03-25T20:32:50.002+0000] {processor.py:830} INFO - Processing file /home/airflow/.local/lib/python3.8/site-packages/airflow/example_dags/example_latest_only.py for tasks to queue
[2024-03-25T20:32:50.003+0000] {logging_mixin.py:188} INFO - [2024-03-25T20:32:50.003+0000] {dagbag.py:540} INFO - Filling up the DagBag from /home/airflow/.local/lib/python3.8/site-packages/airflow/example_dags/example_latest_only.py
[2024-03-25T20:32:50.006+0000] {processor.py:840} INFO - DAG(s) 'latest_only' retrieved from /home/airflow/.local/lib/python3.8/site-packages/airflow/example_dags/example_latest_only.py
[2024-03-25T20:32:50.017+0000] {logging_mixin.py:188} INFO - [2024-03-25T20:32:50.016+0000] {dag.py:3047} INFO - Sync 1 DAGs
[2024-03-25T20:32:50.026+0000] {logging_mixin.py:188} INFO - [2024-03-25T20:32:50.026+0000] {dag.py:3834} INFO - Setting next_dagrun for latest_only to 2024-03-25 16:00:00+00:00, run_after=2024-03-25 20:00:00+00:00
[2024-03-25T20:32:50.034+0000] {processor.py:183} INFO - Processing /home/airflow/.local/lib/python3.8/site-packages/airflow/example_dags/example_latest_only.py took 0.033 seconds
[2024-03-25T20:33:20.409+0000] {processor.py:161} INFO - Started process (PID=848) to work on /home/airflow/.local/lib/python3.8/site-packages/airflow/example_dags/example_latest_only.py
[2024-03-25T20:33:20.409+0000] {processor.py:830} INFO - Processing file /home/airflow/.local/lib/python3.8/site-packages/airflow/example_dags/example_latest_only.py for tasks to queue
[2024-03-25T20:33:20.411+0000] {logging_mixin.py:188} INFO - [2024-03-25T20:33:20.410+0000] {dagbag.py:540} INFO - Filling up the DagBag from /home/airflow/.local/lib/python3.8/site-packages/airflow/example_dags/example_latest_only.py
[2024-03-25T20:33:20.413+0000] {processor.py:840} INFO - DAG(s) 'latest_only' retrieved from /home/airflow/.local/lib/python3.8/site-packages/airflow/example_dags/example_latest_only.py
[2024-03-25T20:33:20.424+0000] {logging_mixin.py:188} INFO - [2024-03-25T20:33:20.424+0000] {dag.py:3047} INFO - Sync 1 DAGs
[2024-03-25T20:33:20.434+0000] {logging_mixin.py:188} INFO - [2024-03-25T20:33:20.434+0000] {dag.py:3834} INFO - Setting next_dagrun for latest_only to 2024-03-25 16:00:00+00:00, run_after=2024-03-25 20:00:00+00:00
[2024-03-25T20:33:20.443+0000] {processor.py:183} INFO - Processing /home/airflow/.local/lib/python3.8/site-packages/airflow/example_dags/example_latest_only.py took 0.036 seconds
[2024-03-25T20:33:50.846+0000] {processor.py:161} INFO - Started process (PID=904) to work on /home/airflow/.local/lib/python3.8/site-packages/airflow/example_dags/example_latest_only.py
[2024-03-25T20:33:50.847+0000] {processor.py:830} INFO - Processing file /home/airflow/.local/lib/python3.8/site-packages/airflow/example_dags/example_latest_only.py for tasks to queue
[2024-03-25T20:33:50.848+0000] {logging_mixin.py:188} INFO - [2024-03-25T20:33:50.848+0000] {dagbag.py:540} INFO - Filling up the DagBag from /home/airflow/.local/lib/python3.8/site-packages/airflow/example_dags/example_latest_only.py
[2024-03-25T20:33:50.850+0000] {processor.py:840} INFO - DAG(s) 'latest_only' retrieved from /home/airflow/.local/lib/python3.8/site-packages/airflow/example_dags/example_latest_only.py
[2024-03-25T20:33:50.861+0000] {logging_mixin.py:188} INFO - [2024-03-25T20:33:50.861+0000] {dag.py:3047} INFO - Sync 1 DAGs
[2024-03-25T20:33:50.871+0000] {logging_mixin.py:188} INFO - [2024-03-25T20:33:50.871+0000] {dag.py:3834} INFO - Setting next_dagrun for latest_only to 2024-03-25 16:00:00+00:00, run_after=2024-03-25 20:00:00+00:00
[2024-03-25T20:33:50.880+0000] {processor.py:183} INFO - Processing /home/airflow/.local/lib/python3.8/site-packages/airflow/example_dags/example_latest_only.py took 0.035 seconds
[2024-03-25T20:34:21.620+0000] {processor.py:161} INFO - Started process (PID=959) to work on /home/airflow/.local/lib/python3.8/site-packages/airflow/example_dags/example_latest_only.py
[2024-03-25T20:34:21.624+0000] {processor.py:830} INFO - Processing file /home/airflow/.local/lib/python3.8/site-packages/airflow/example_dags/example_latest_only.py for tasks to queue
[2024-03-25T20:34:21.634+0000] {logging_mixin.py:188} INFO - [2024-03-25T20:34:21.634+0000] {dagbag.py:540} INFO - Filling up the DagBag from /home/airflow/.local/lib/python3.8/site-packages/airflow/example_dags/example_latest_only.py
[2024-03-25T20:34:21.659+0000] {processor.py:840} INFO - DAG(s) 'latest_only' retrieved from /home/airflow/.local/lib/python3.8/site-packages/airflow/example_dags/example_latest_only.py
[2024-03-25T20:34:21.680+0000] {logging_mixin.py:188} INFO - [2024-03-25T20:34:21.680+0000] {dag.py:3047} INFO - Sync 1 DAGs
[2024-03-25T20:34:21.692+0000] {logging_mixin.py:188} INFO - [2024-03-25T20:34:21.692+0000] {dag.py:3834} INFO - Setting next_dagrun for latest_only to 2024-03-25 16:00:00+00:00, run_after=2024-03-25 20:00:00+00:00
[2024-03-25T20:34:21.701+0000] {processor.py:183} INFO - Processing /home/airflow/.local/lib/python3.8/site-packages/airflow/example_dags/example_latest_only.py took 0.083 seconds
[2024-03-25T20:34:52.297+0000] {processor.py:161} INFO - Started process (PID=1015) to work on /home/airflow/.local/lib/python3.8/site-packages/airflow/example_dags/example_latest_only.py
[2024-03-25T20:34:52.298+0000] {processor.py:830} INFO - Processing file /home/airflow/.local/lib/python3.8/site-packages/airflow/example_dags/example_latest_only.py for tasks to queue
[2024-03-25T20:34:52.298+0000] {logging_mixin.py:188} INFO - [2024-03-25T20:34:52.298+0000] {dagbag.py:540} INFO - Filling up the DagBag from /home/airflow/.local/lib/python3.8/site-packages/airflow/example_dags/example_latest_only.py
[2024-03-25T20:34:52.301+0000] {processor.py:840} INFO - DAG(s) 'latest_only' retrieved from /home/airflow/.local/lib/python3.8/site-packages/airflow/example_dags/example_latest_only.py
[2024-03-25T20:34:52.311+0000] {logging_mixin.py:188} INFO - [2024-03-25T20:34:52.311+0000] {dag.py:3047} INFO - Sync 1 DAGs
[2024-03-25T20:34:52.321+0000] {logging_mixin.py:188} INFO - [2024-03-25T20:34:52.321+0000] {dag.py:3834} INFO - Setting next_dagrun for latest_only to 2024-03-25 16:00:00+00:00, run_after=2024-03-25 20:00:00+00:00
[2024-03-25T20:34:52.330+0000] {processor.py:183} INFO - Processing /home/airflow/.local/lib/python3.8/site-packages/airflow/example_dags/example_latest_only.py took 0.035 seconds
[2024-03-25T20:35:22.768+0000] {processor.py:161} INFO - Started process (PID=1071) to work on /home/airflow/.local/lib/python3.8/site-packages/airflow/example_dags/example_latest_only.py
[2024-03-25T20:35:22.769+0000] {processor.py:830} INFO - Processing file /home/airflow/.local/lib/python3.8/site-packages/airflow/example_dags/example_latest_only.py for tasks to queue
[2024-03-25T20:35:22.770+0000] {logging_mixin.py:188} INFO - [2024-03-25T20:35:22.769+0000] {dagbag.py:540} INFO - Filling up the DagBag from /home/airflow/.local/lib/python3.8/site-packages/airflow/example_dags/example_latest_only.py
[2024-03-25T20:35:22.772+0000] {processor.py:840} INFO - DAG(s) 'latest_only' retrieved from /home/airflow/.local/lib/python3.8/site-packages/airflow/example_dags/example_latest_only.py
[2024-03-25T20:35:22.783+0000] {logging_mixin.py:188} INFO - [2024-03-25T20:35:22.782+0000] {dag.py:3047} INFO - Sync 1 DAGs
[2024-03-25T20:35:22.793+0000] {logging_mixin.py:188} INFO - [2024-03-25T20:35:22.792+0000] {dag.py:3834} INFO - Setting next_dagrun for latest_only to 2024-03-25 16:00:00+00:00, run_after=2024-03-25 20:00:00+00:00
[2024-03-25T20:35:22.801+0000] {processor.py:183} INFO - Processing /home/airflow/.local/lib/python3.8/site-packages/airflow/example_dags/example_latest_only.py took 0.035 seconds
[2024-03-25T20:35:53.400+0000] {processor.py:161} INFO - Started process (PID=1127) to work on /home/airflow/.local/lib/python3.8/site-packages/airflow/example_dags/example_latest_only.py
[2024-03-25T20:35:53.400+0000] {processor.py:830} INFO - Processing file /home/airflow/.local/lib/python3.8/site-packages/airflow/example_dags/example_latest_only.py for tasks to queue
[2024-03-25T20:35:53.401+0000] {logging_mixin.py:188} INFO - [2024-03-25T20:35:53.401+0000] {dagbag.py:540} INFO - Filling up the DagBag from /home/airflow/.local/lib/python3.8/site-packages/airflow/example_dags/example_latest_only.py
[2024-03-25T20:35:53.404+0000] {processor.py:840} INFO - DAG(s) 'latest_only' retrieved from /home/airflow/.local/lib/python3.8/site-packages/airflow/example_dags/example_latest_only.py
[2024-03-25T20:35:53.413+0000] {logging_mixin.py:188} INFO - [2024-03-25T20:35:53.413+0000] {dag.py:3047} INFO - Sync 1 DAGs
[2024-03-25T20:35:53.423+0000] {logging_mixin.py:188} INFO - [2024-03-25T20:35:53.423+0000] {dag.py:3834} INFO - Setting next_dagrun for latest_only to 2024-03-25 16:00:00+00:00, run_after=2024-03-25 20:00:00+00:00
[2024-03-25T20:35:53.432+0000] {processor.py:183} INFO - Processing /home/airflow/.local/lib/python3.8/site-packages/airflow/example_dags/example_latest_only.py took 0.034 seconds
[2024-03-25T20:36:23.945+0000] {processor.py:161} INFO - Started process (PID=1183) to work on /home/airflow/.local/lib/python3.8/site-packages/airflow/example_dags/example_latest_only.py
[2024-03-25T20:36:23.946+0000] {processor.py:830} INFO - Processing file /home/airflow/.local/lib/python3.8/site-packages/airflow/example_dags/example_latest_only.py for tasks to queue
[2024-03-25T20:36:23.948+0000] {logging_mixin.py:188} INFO - [2024-03-25T20:36:23.947+0000] {dagbag.py:540} INFO - Filling up the DagBag from /home/airflow/.local/lib/python3.8/site-packages/airflow/example_dags/example_latest_only.py
[2024-03-25T20:36:23.951+0000] {processor.py:840} INFO - DAG(s) 'latest_only' retrieved from /home/airflow/.local/lib/python3.8/site-packages/airflow/example_dags/example_latest_only.py
[2024-03-25T20:36:23.964+0000] {logging_mixin.py:188} INFO - [2024-03-25T20:36:23.964+0000] {dag.py:3047} INFO - Sync 1 DAGs
[2024-03-25T20:36:23.977+0000] {logging_mixin.py:188} INFO - [2024-03-25T20:36:23.977+0000] {dag.py:3834} INFO - Setting next_dagrun for latest_only to 2024-03-25 16:00:00+00:00, run_after=2024-03-25 20:00:00+00:00
[2024-03-25T20:36:23.987+0000] {processor.py:183} INFO - Processing /home/airflow/.local/lib/python3.8/site-packages/airflow/example_dags/example_latest_only.py took 0.044 seconds
[2024-03-25T20:36:54.507+0000] {processor.py:161} INFO - Started process (PID=1238) to work on /home/airflow/.local/lib/python3.8/site-packages/airflow/example_dags/example_latest_only.py
[2024-03-25T20:36:54.507+0000] {processor.py:830} INFO - Processing file /home/airflow/.local/lib/python3.8/site-packages/airflow/example_dags/example_latest_only.py for tasks to queue
[2024-03-25T20:36:54.508+0000] {logging_mixin.py:188} INFO - [2024-03-25T20:36:54.508+0000] {dagbag.py:540} INFO - Filling up the DagBag from /home/airflow/.local/lib/python3.8/site-packages/airflow/example_dags/example_latest_only.py
[2024-03-25T20:36:54.511+0000] {processor.py:840} INFO - DAG(s) 'latest_only' retrieved from /home/airflow/.local/lib/python3.8/site-packages/airflow/example_dags/example_latest_only.py
[2024-03-25T20:36:54.522+0000] {logging_mixin.py:188} INFO - [2024-03-25T20:36:54.522+0000] {dag.py:3047} INFO - Sync 1 DAGs
[2024-03-25T20:36:54.533+0000] {logging_mixin.py:188} INFO - [2024-03-25T20:36:54.533+0000] {dag.py:3834} INFO - Setting next_dagrun for latest_only to 2024-03-25 16:00:00+00:00, run_after=2024-03-25 20:00:00+00:00
[2024-03-25T20:36:54.542+0000] {processor.py:183} INFO - Processing /home/airflow/.local/lib/python3.8/site-packages/airflow/example_dags/example_latest_only.py took 0.037 seconds
[2024-03-25T20:37:25.139+0000] {processor.py:161} INFO - Started process (PID=1294) to work on /home/airflow/.local/lib/python3.8/site-packages/airflow/example_dags/example_latest_only.py
[2024-03-25T20:37:25.140+0000] {processor.py:830} INFO - Processing file /home/airflow/.local/lib/python3.8/site-packages/airflow/example_dags/example_latest_only.py for tasks to queue
[2024-03-25T20:37:25.141+0000] {logging_mixin.py:188} INFO - [2024-03-25T20:37:25.141+0000] {dagbag.py:540} INFO - Filling up the DagBag from /home/airflow/.local/lib/python3.8/site-packages/airflow/example_dags/example_latest_only.py
[2024-03-25T20:37:25.144+0000] {processor.py:840} INFO - DAG(s) 'latest_only' retrieved from /home/airflow/.local/lib/python3.8/site-packages/airflow/example_dags/example_latest_only.py
[2024-03-25T20:37:25.154+0000] {logging_mixin.py:188} INFO - [2024-03-25T20:37:25.154+0000] {dag.py:3047} INFO - Sync 1 DAGs
[2024-03-25T20:37:25.165+0000] {logging_mixin.py:188} INFO - [2024-03-25T20:37:25.164+0000] {dag.py:3834} INFO - Setting next_dagrun for latest_only to 2024-03-25 16:00:00+00:00, run_after=2024-03-25 20:00:00+00:00
[2024-03-25T20:37:25.173+0000] {processor.py:183} INFO - Processing /home/airflow/.local/lib/python3.8/site-packages/airflow/example_dags/example_latest_only.py took 0.035 seconds
[2024-03-25T20:37:55.937+0000] {processor.py:161} INFO - Started process (PID=1350) to work on /home/airflow/.local/lib/python3.8/site-packages/airflow/example_dags/example_latest_only.py
[2024-03-25T20:37:55.938+0000] {processor.py:830} INFO - Processing file /home/airflow/.local/lib/python3.8/site-packages/airflow/example_dags/example_latest_only.py for tasks to queue
[2024-03-25T20:37:55.939+0000] {logging_mixin.py:188} INFO - [2024-03-25T20:37:55.938+0000] {dagbag.py:540} INFO - Filling up the DagBag from /home/airflow/.local/lib/python3.8/site-packages/airflow/example_dags/example_latest_only.py
[2024-03-25T20:37:55.942+0000] {processor.py:840} INFO - DAG(s) 'latest_only' retrieved from /home/airflow/.local/lib/python3.8/site-packages/airflow/example_dags/example_latest_only.py
[2024-03-25T20:37:55.952+0000] {logging_mixin.py:188} INFO - [2024-03-25T20:37:55.952+0000] {dag.py:3047} INFO - Sync 1 DAGs
[2024-03-25T20:37:55.962+0000] {logging_mixin.py:188} INFO - [2024-03-25T20:37:55.962+0000] {dag.py:3834} INFO - Setting next_dagrun for latest_only to 2024-03-25 16:00:00+00:00, run_after=2024-03-25 20:00:00+00:00
[2024-03-25T20:37:55.970+0000] {processor.py:183} INFO - Processing /home/airflow/.local/lib/python3.8/site-packages/airflow/example_dags/example_latest_only.py took 0.035 seconds
[2024-03-25T20:38:26.440+0000] {processor.py:161} INFO - Started process (PID=1406) to work on /home/airflow/.local/lib/python3.8/site-packages/airflow/example_dags/example_latest_only.py
[2024-03-25T20:38:26.440+0000] {processor.py:830} INFO - Processing file /home/airflow/.local/lib/python3.8/site-packages/airflow/example_dags/example_latest_only.py for tasks to queue
[2024-03-25T20:38:26.442+0000] {logging_mixin.py:188} INFO - [2024-03-25T20:38:26.442+0000] {dagbag.py:540} INFO - Filling up the DagBag from /home/airflow/.local/lib/python3.8/site-packages/airflow/example_dags/example_latest_only.py
[2024-03-25T20:38:26.445+0000] {processor.py:840} INFO - DAG(s) 'latest_only' retrieved from /home/airflow/.local/lib/python3.8/site-packages/airflow/example_dags/example_latest_only.py
[2024-03-25T20:38:26.454+0000] {logging_mixin.py:188} INFO - [2024-03-25T20:38:26.454+0000] {dag.py:3047} INFO - Sync 1 DAGs
[2024-03-25T20:38:26.464+0000] {logging_mixin.py:188} INFO - [2024-03-25T20:38:26.464+0000] {dag.py:3834} INFO - Setting next_dagrun for latest_only to 2024-03-25 16:00:00+00:00, run_after=2024-03-25 20:00:00+00:00
[2024-03-25T20:38:26.471+0000] {processor.py:183} INFO - Processing /home/airflow/.local/lib/python3.8/site-packages/airflow/example_dags/example_latest_only.py took 0.034 seconds
[2024-03-25T20:38:56.870+0000] {processor.py:161} INFO - Started process (PID=1462) to work on /home/airflow/.local/lib/python3.8/site-packages/airflow/example_dags/example_latest_only.py
[2024-03-25T20:38:56.870+0000] {processor.py:830} INFO - Processing file /home/airflow/.local/lib/python3.8/site-packages/airflow/example_dags/example_latest_only.py for tasks to queue
[2024-03-25T20:38:56.871+0000] {logging_mixin.py:188} INFO - [2024-03-25T20:38:56.871+0000] {dagbag.py:540} INFO - Filling up the DagBag from /home/airflow/.local/lib/python3.8/site-packages/airflow/example_dags/example_latest_only.py
[2024-03-25T20:38:56.874+0000] {processor.py:840} INFO - DAG(s) 'latest_only' retrieved from /home/airflow/.local/lib/python3.8/site-packages/airflow/example_dags/example_latest_only.py
[2024-03-25T20:38:56.884+0000] {logging_mixin.py:188} INFO - [2024-03-25T20:38:56.884+0000] {dag.py:3047} INFO - Sync 1 DAGs
[2024-03-25T20:38:56.894+0000] {logging_mixin.py:188} INFO - [2024-03-25T20:38:56.894+0000] {dag.py:3834} INFO - Setting next_dagrun for latest_only to 2024-03-25 16:00:00+00:00, run_after=2024-03-25 20:00:00+00:00
[2024-03-25T20:38:56.902+0000] {processor.py:183} INFO - Processing /home/airflow/.local/lib/python3.8/site-packages/airflow/example_dags/example_latest_only.py took 0.034 seconds
[2024-03-25T20:39:27.570+0000] {processor.py:161} INFO - Started process (PID=1518) to work on /home/airflow/.local/lib/python3.8/site-packages/airflow/example_dags/example_latest_only.py
[2024-03-25T20:39:27.571+0000] {processor.py:830} INFO - Processing file /home/airflow/.local/lib/python3.8/site-packages/airflow/example_dags/example_latest_only.py for tasks to queue
[2024-03-25T20:39:27.572+0000] {logging_mixin.py:188} INFO - [2024-03-25T20:39:27.572+0000] {dagbag.py:540} INFO - Filling up the DagBag from /home/airflow/.local/lib/python3.8/site-packages/airflow/example_dags/example_latest_only.py
[2024-03-25T20:39:27.575+0000] {processor.py:840} INFO - DAG(s) 'latest_only' retrieved from /home/airflow/.local/lib/python3.8/site-packages/airflow/example_dags/example_latest_only.py
[2024-03-25T20:39:27.585+0000] {logging_mixin.py:188} INFO - [2024-03-25T20:39:27.585+0000] {dag.py:3047} INFO - Sync 1 DAGs
[2024-03-25T20:39:27.595+0000] {logging_mixin.py:188} INFO - [2024-03-25T20:39:27.595+0000] {dag.py:3834} INFO - Setting next_dagrun for latest_only to 2024-03-25 16:00:00+00:00, run_after=2024-03-25 20:00:00+00:00
[2024-03-25T20:39:27.603+0000] {processor.py:183} INFO - Processing /home/airflow/.local/lib/python3.8/site-packages/airflow/example_dags/example_latest_only.py took 0.034 seconds
[2024-03-25T20:39:58.021+0000] {processor.py:161} INFO - Started process (PID=1574) to work on /home/airflow/.local/lib/python3.8/site-packages/airflow/example_dags/example_latest_only.py
[2024-03-25T20:39:58.021+0000] {processor.py:830} INFO - Processing file /home/airflow/.local/lib/python3.8/site-packages/airflow/example_dags/example_latest_only.py for tasks to queue
[2024-03-25T20:39:58.022+0000] {logging_mixin.py:188} INFO - [2024-03-25T20:39:58.022+0000] {dagbag.py:540} INFO - Filling up the DagBag from /home/airflow/.local/lib/python3.8/site-packages/airflow/example_dags/example_latest_only.py
[2024-03-25T20:39:58.025+0000] {processor.py:840} INFO - DAG(s) 'latest_only' retrieved from /home/airflow/.local/lib/python3.8/site-packages/airflow/example_dags/example_latest_only.py
[2024-03-25T20:39:58.035+0000] {logging_mixin.py:188} INFO - [2024-03-25T20:39:58.035+0000] {dag.py:3047} INFO - Sync 1 DAGs
[2024-03-25T20:39:58.045+0000] {logging_mixin.py:188} INFO - [2024-03-25T20:39:58.045+0000] {dag.py:3834} INFO - Setting next_dagrun for latest_only to 2024-03-25 16:00:00+00:00, run_after=2024-03-25 20:00:00+00:00
[2024-03-25T20:39:58.054+0000] {processor.py:183} INFO - Processing /home/airflow/.local/lib/python3.8/site-packages/airflow/example_dags/example_latest_only.py took 0.035 seconds
