[2024-03-25T20:19:37.423+0000] {processor.py:161} INFO - Started process (PID=59) to work on /home/airflow/.local/lib/python3.8/site-packages/airflow/example_dags/example_datasets.py
[2024-03-25T20:19:37.424+0000] {processor.py:830} INFO - Processing file /home/airflow/.local/lib/python3.8/site-packages/airflow/example_dags/example_datasets.py for tasks to queue
[2024-03-25T20:19:37.425+0000] {logging_mixin.py:188} INFO - [2024-03-25T20:19:37.425+0000] {dagbag.py:540} INFO - Filling up the DagBag from /home/airflow/.local/lib/python3.8/site-packages/airflow/example_dags/example_datasets.py
[2024-03-25T20:19:37.432+0000] {processor.py:840} INFO - DAG(s) 'dataset_consumes_unknown_never_scheduled', 'dataset_produces_1', 'dataset_produces_2', 'dataset_consumes_1_never_scheduled', 'dataset_consumes_1', 'dataset_consumes_1_and_2' retrieved from /home/airflow/.local/lib/python3.8/site-packages/airflow/example_dags/example_datasets.py
[2024-03-25T20:19:37.453+0000] {logging_mixin.py:188} INFO - [2024-03-25T20:19:37.453+0000] {dag.py:3047} INFO - Sync 6 DAGs
[2024-03-25T20:19:37.467+0000] {logging_mixin.py:188} INFO - [2024-03-25T20:19:37.466+0000] {dag.py:3834} INFO - Setting next_dagrun for dataset_consumes_1 to None, run_after=None
[2024-03-25T20:19:37.469+0000] {logging_mixin.py:188} INFO - [2024-03-25T20:19:37.469+0000] {dag.py:3834} INFO - Setting next_dagrun for dataset_consumes_1_and_2 to None, run_after=None
[2024-03-25T20:19:37.470+0000] {logging_mixin.py:188} INFO - [2024-03-25T20:19:37.470+0000] {dag.py:3834} INFO - Setting next_dagrun for dataset_consumes_1_never_scheduled to None, run_after=None
[2024-03-25T20:19:37.470+0000] {logging_mixin.py:188} INFO - [2024-03-25T20:19:37.470+0000] {dag.py:3834} INFO - Setting next_dagrun for dataset_consumes_unknown_never_scheduled to None, run_after=None
[2024-03-25T20:19:37.472+0000] {logging_mixin.py:188} INFO - [2024-03-25T20:19:37.472+0000] {dag.py:3834} INFO - Setting next_dagrun for dataset_produces_1 to 2024-03-24 00:00:00+00:00, run_after=2024-03-25 00:00:00+00:00
[2024-03-25T20:19:37.473+0000] {logging_mixin.py:188} INFO - [2024-03-25T20:19:37.473+0000] {dag.py:3834} INFO - Setting next_dagrun for dataset_produces_2 to None, run_after=None
[2024-03-25T20:19:37.490+0000] {processor.py:183} INFO - Processing /home/airflow/.local/lib/python3.8/site-packages/airflow/example_dags/example_datasets.py took 0.070 seconds
[2024-03-25T20:20:07.818+0000] {processor.py:161} INFO - Started process (PID=115) to work on /home/airflow/.local/lib/python3.8/site-packages/airflow/example_dags/example_datasets.py
[2024-03-25T20:20:07.819+0000] {processor.py:830} INFO - Processing file /home/airflow/.local/lib/python3.8/site-packages/airflow/example_dags/example_datasets.py for tasks to queue
[2024-03-25T20:20:07.820+0000] {logging_mixin.py:188} INFO - [2024-03-25T20:20:07.820+0000] {dagbag.py:540} INFO - Filling up the DagBag from /home/airflow/.local/lib/python3.8/site-packages/airflow/example_dags/example_datasets.py
[2024-03-25T20:20:07.826+0000] {processor.py:840} INFO - DAG(s) 'dataset_produces_2', 'dataset_consumes_1_and_2', 'dataset_consumes_unknown_never_scheduled', 'dataset_consumes_1', 'dataset_consumes_1_never_scheduled', 'dataset_produces_1' retrieved from /home/airflow/.local/lib/python3.8/site-packages/airflow/example_dags/example_datasets.py
[2024-03-25T20:20:07.844+0000] {logging_mixin.py:188} INFO - [2024-03-25T20:20:07.844+0000] {dag.py:3047} INFO - Sync 6 DAGs
[2024-03-25T20:20:07.856+0000] {logging_mixin.py:188} INFO - [2024-03-25T20:20:07.856+0000] {dag.py:3834} INFO - Setting next_dagrun for dataset_consumes_1 to None, run_after=None
[2024-03-25T20:20:07.859+0000] {logging_mixin.py:188} INFO - [2024-03-25T20:20:07.859+0000] {dag.py:3834} INFO - Setting next_dagrun for dataset_consumes_1_and_2 to None, run_after=None
[2024-03-25T20:20:07.860+0000] {logging_mixin.py:188} INFO - [2024-03-25T20:20:07.860+0000] {dag.py:3834} INFO - Setting next_dagrun for dataset_consumes_1_never_scheduled to None, run_after=None
[2024-03-25T20:20:07.861+0000] {logging_mixin.py:188} INFO - [2024-03-25T20:20:07.861+0000] {dag.py:3834} INFO - Setting next_dagrun for dataset_consumes_unknown_never_scheduled to None, run_after=None
[2024-03-25T20:20:07.863+0000] {logging_mixin.py:188} INFO - [2024-03-25T20:20:07.863+0000] {dag.py:3834} INFO - Setting next_dagrun for dataset_produces_1 to 2024-03-24 00:00:00+00:00, run_after=2024-03-25 00:00:00+00:00
[2024-03-25T20:20:07.864+0000] {logging_mixin.py:188} INFO - [2024-03-25T20:20:07.864+0000] {dag.py:3834} INFO - Setting next_dagrun for dataset_produces_2 to None, run_after=None
[2024-03-25T20:20:07.881+0000] {processor.py:183} INFO - Processing /home/airflow/.local/lib/python3.8/site-packages/airflow/example_dags/example_datasets.py took 0.066 seconds
[2024-03-25T20:26:14.669+0000] {processor.py:161} INFO - Started process (PID=58) to work on /home/airflow/.local/lib/python3.8/site-packages/airflow/example_dags/example_datasets.py
[2024-03-25T20:26:14.671+0000] {processor.py:830} INFO - Processing file /home/airflow/.local/lib/python3.8/site-packages/airflow/example_dags/example_datasets.py for tasks to queue
[2024-03-25T20:26:14.672+0000] {logging_mixin.py:188} INFO - [2024-03-25T20:26:14.672+0000] {dagbag.py:540} INFO - Filling up the DagBag from /home/airflow/.local/lib/python3.8/site-packages/airflow/example_dags/example_datasets.py
[2024-03-25T20:26:14.679+0000] {processor.py:840} INFO - DAG(s) 'dataset_consumes_1_and_2', 'dataset_consumes_unknown_never_scheduled', 'dataset_consumes_1', 'dataset_produces_2', 'dataset_consumes_1_never_scheduled', 'dataset_produces_1' retrieved from /home/airflow/.local/lib/python3.8/site-packages/airflow/example_dags/example_datasets.py
[2024-03-25T20:26:14.701+0000] {logging_mixin.py:188} INFO - [2024-03-25T20:26:14.701+0000] {dag.py:3047} INFO - Sync 6 DAGs
[2024-03-25T20:26:14.716+0000] {logging_mixin.py:188} INFO - [2024-03-25T20:26:14.716+0000] {dag.py:3834} INFO - Setting next_dagrun for dataset_consumes_1 to None, run_after=None
[2024-03-25T20:26:14.718+0000] {logging_mixin.py:188} INFO - [2024-03-25T20:26:14.718+0000] {dag.py:3834} INFO - Setting next_dagrun for dataset_consumes_1_and_2 to None, run_after=None
[2024-03-25T20:26:14.719+0000] {logging_mixin.py:188} INFO - [2024-03-25T20:26:14.718+0000] {dag.py:3834} INFO - Setting next_dagrun for dataset_consumes_1_never_scheduled to None, run_after=None
[2024-03-25T20:26:14.719+0000] {logging_mixin.py:188} INFO - [2024-03-25T20:26:14.719+0000] {dag.py:3834} INFO - Setting next_dagrun for dataset_consumes_unknown_never_scheduled to None, run_after=None
[2024-03-25T20:26:14.721+0000] {logging_mixin.py:188} INFO - [2024-03-25T20:26:14.721+0000] {dag.py:3834} INFO - Setting next_dagrun for dataset_produces_1 to 2024-03-24 00:00:00+00:00, run_after=2024-03-25 00:00:00+00:00
[2024-03-25T20:26:14.722+0000] {logging_mixin.py:188} INFO - [2024-03-25T20:26:14.722+0000] {dag.py:3834} INFO - Setting next_dagrun for dataset_produces_2 to None, run_after=None
[2024-03-25T20:26:14.737+0000] {processor.py:183} INFO - Processing /home/airflow/.local/lib/python3.8/site-packages/airflow/example_dags/example_datasets.py took 0.070 seconds
[2024-03-25T20:26:44.808+0000] {processor.py:161} INFO - Started process (PID=113) to work on /home/airflow/.local/lib/python3.8/site-packages/airflow/example_dags/example_datasets.py
[2024-03-25T20:26:44.809+0000] {processor.py:830} INFO - Processing file /home/airflow/.local/lib/python3.8/site-packages/airflow/example_dags/example_datasets.py for tasks to queue
[2024-03-25T20:26:44.810+0000] {logging_mixin.py:188} INFO - [2024-03-25T20:26:44.810+0000] {dagbag.py:540} INFO - Filling up the DagBag from /home/airflow/.local/lib/python3.8/site-packages/airflow/example_dags/example_datasets.py
[2024-03-25T20:26:44.814+0000] {processor.py:840} INFO - DAG(s) 'dataset_produces_2', 'dataset_produces_1', 'dataset_consumes_1', 'dataset_consumes_1_never_scheduled', 'dataset_consumes_1_and_2', 'dataset_consumes_unknown_never_scheduled' retrieved from /home/airflow/.local/lib/python3.8/site-packages/airflow/example_dags/example_datasets.py
[2024-03-25T20:26:44.831+0000] {logging_mixin.py:188} INFO - [2024-03-25T20:26:44.830+0000] {dag.py:3047} INFO - Sync 6 DAGs
[2024-03-25T20:26:44.841+0000] {logging_mixin.py:188} INFO - [2024-03-25T20:26:44.841+0000] {dag.py:3834} INFO - Setting next_dagrun for dataset_consumes_1 to None, run_after=None
[2024-03-25T20:26:44.842+0000] {logging_mixin.py:188} INFO - [2024-03-25T20:26:44.842+0000] {dag.py:3834} INFO - Setting next_dagrun for dataset_consumes_1_and_2 to None, run_after=None
[2024-03-25T20:26:44.843+0000] {logging_mixin.py:188} INFO - [2024-03-25T20:26:44.843+0000] {dag.py:3834} INFO - Setting next_dagrun for dataset_consumes_1_never_scheduled to None, run_after=None
[2024-03-25T20:26:44.844+0000] {logging_mixin.py:188} INFO - [2024-03-25T20:26:44.844+0000] {dag.py:3834} INFO - Setting next_dagrun for dataset_consumes_unknown_never_scheduled to None, run_after=None
[2024-03-25T20:26:44.845+0000] {logging_mixin.py:188} INFO - [2024-03-25T20:26:44.845+0000] {dag.py:3834} INFO - Setting next_dagrun for dataset_produces_1 to 2024-03-24 00:00:00+00:00, run_after=2024-03-25 00:00:00+00:00
[2024-03-25T20:26:44.846+0000] {logging_mixin.py:188} INFO - [2024-03-25T20:26:44.846+0000] {dag.py:3834} INFO - Setting next_dagrun for dataset_produces_2 to None, run_after=None
[2024-03-25T20:26:44.859+0000] {processor.py:183} INFO - Processing /home/airflow/.local/lib/python3.8/site-packages/airflow/example_dags/example_datasets.py took 0.052 seconds
[2024-03-25T20:27:15.861+0000] {processor.py:161} INFO - Started process (PID=169) to work on /home/airflow/.local/lib/python3.8/site-packages/airflow/example_dags/example_datasets.py
[2024-03-25T20:27:15.865+0000] {processor.py:830} INFO - Processing file /home/airflow/.local/lib/python3.8/site-packages/airflow/example_dags/example_datasets.py for tasks to queue
[2024-03-25T20:27:15.867+0000] {logging_mixin.py:188} INFO - [2024-03-25T20:27:15.867+0000] {dagbag.py:540} INFO - Filling up the DagBag from /home/airflow/.local/lib/python3.8/site-packages/airflow/example_dags/example_datasets.py
[2024-03-25T20:27:15.877+0000] {processor.py:840} INFO - DAG(s) 'dataset_consumes_unknown_never_scheduled', 'dataset_produces_1', 'dataset_consumes_1_never_scheduled', 'dataset_consumes_1', 'dataset_consumes_1_and_2', 'dataset_produces_2' retrieved from /home/airflow/.local/lib/python3.8/site-packages/airflow/example_dags/example_datasets.py
[2024-03-25T20:27:15.911+0000] {logging_mixin.py:188} INFO - [2024-03-25T20:27:15.911+0000] {dag.py:3047} INFO - Sync 6 DAGs
[2024-03-25T20:27:15.945+0000] {logging_mixin.py:188} INFO - [2024-03-25T20:27:15.945+0000] {dag.py:3834} INFO - Setting next_dagrun for dataset_consumes_1 to None, run_after=None
[2024-03-25T20:27:15.948+0000] {logging_mixin.py:188} INFO - [2024-03-25T20:27:15.948+0000] {dag.py:3834} INFO - Setting next_dagrun for dataset_consumes_1_and_2 to None, run_after=None
[2024-03-25T20:27:15.949+0000] {logging_mixin.py:188} INFO - [2024-03-25T20:27:15.949+0000] {dag.py:3834} INFO - Setting next_dagrun for dataset_consumes_1_never_scheduled to None, run_after=None
[2024-03-25T20:27:15.950+0000] {logging_mixin.py:188} INFO - [2024-03-25T20:27:15.950+0000] {dag.py:3834} INFO - Setting next_dagrun for dataset_consumes_unknown_never_scheduled to None, run_after=None
[2024-03-25T20:27:15.954+0000] {logging_mixin.py:188} INFO - [2024-03-25T20:27:15.953+0000] {dag.py:3834} INFO - Setting next_dagrun for dataset_produces_1 to 2024-03-24 00:00:00+00:00, run_after=2024-03-25 00:00:00+00:00
[2024-03-25T20:27:15.956+0000] {logging_mixin.py:188} INFO - [2024-03-25T20:27:15.955+0000] {dag.py:3834} INFO - Setting next_dagrun for dataset_produces_2 to None, run_after=None
[2024-03-25T20:27:15.990+0000] {processor.py:183} INFO - Processing /home/airflow/.local/lib/python3.8/site-packages/airflow/example_dags/example_datasets.py took 0.131 seconds
[2024-03-25T20:27:46.988+0000] {processor.py:161} INFO - Started process (PID=225) to work on /home/airflow/.local/lib/python3.8/site-packages/airflow/example_dags/example_datasets.py
[2024-03-25T20:27:46.990+0000] {processor.py:830} INFO - Processing file /home/airflow/.local/lib/python3.8/site-packages/airflow/example_dags/example_datasets.py for tasks to queue
[2024-03-25T20:27:46.992+0000] {logging_mixin.py:188} INFO - [2024-03-25T20:27:46.992+0000] {dagbag.py:540} INFO - Filling up the DagBag from /home/airflow/.local/lib/python3.8/site-packages/airflow/example_dags/example_datasets.py
[2024-03-25T20:27:47.002+0000] {processor.py:840} INFO - DAG(s) 'dataset_consumes_1_and_2', 'dataset_consumes_unknown_never_scheduled', 'dataset_consumes_1_never_scheduled', 'dataset_consumes_1', 'dataset_produces_1', 'dataset_produces_2' retrieved from /home/airflow/.local/lib/python3.8/site-packages/airflow/example_dags/example_datasets.py
[2024-03-25T20:27:47.030+0000] {logging_mixin.py:188} INFO - [2024-03-25T20:27:47.030+0000] {dag.py:3047} INFO - Sync 6 DAGs
[2024-03-25T20:27:47.044+0000] {logging_mixin.py:188} INFO - [2024-03-25T20:27:47.043+0000] {dag.py:3834} INFO - Setting next_dagrun for dataset_consumes_1 to None, run_after=None
[2024-03-25T20:27:47.046+0000] {logging_mixin.py:188} INFO - [2024-03-25T20:27:47.046+0000] {dag.py:3834} INFO - Setting next_dagrun for dataset_consumes_1_and_2 to None, run_after=None
[2024-03-25T20:27:47.047+0000] {logging_mixin.py:188} INFO - [2024-03-25T20:27:47.047+0000] {dag.py:3834} INFO - Setting next_dagrun for dataset_consumes_1_never_scheduled to None, run_after=None
[2024-03-25T20:27:47.047+0000] {logging_mixin.py:188} INFO - [2024-03-25T20:27:47.047+0000] {dag.py:3834} INFO - Setting next_dagrun for dataset_consumes_unknown_never_scheduled to None, run_after=None
[2024-03-25T20:27:47.049+0000] {logging_mixin.py:188} INFO - [2024-03-25T20:27:47.049+0000] {dag.py:3834} INFO - Setting next_dagrun for dataset_produces_1 to 2024-03-24 00:00:00+00:00, run_after=2024-03-25 00:00:00+00:00
[2024-03-25T20:27:47.050+0000] {logging_mixin.py:188} INFO - [2024-03-25T20:27:47.049+0000] {dag.py:3834} INFO - Setting next_dagrun for dataset_produces_2 to None, run_after=None
[2024-03-25T20:27:47.064+0000] {processor.py:183} INFO - Processing /home/airflow/.local/lib/python3.8/site-packages/airflow/example_dags/example_datasets.py took 0.079 seconds
[2024-03-25T20:28:17.139+0000] {processor.py:161} INFO - Started process (PID=280) to work on /home/airflow/.local/lib/python3.8/site-packages/airflow/example_dags/example_datasets.py
[2024-03-25T20:28:17.139+0000] {processor.py:830} INFO - Processing file /home/airflow/.local/lib/python3.8/site-packages/airflow/example_dags/example_datasets.py for tasks to queue
[2024-03-25T20:28:17.141+0000] {logging_mixin.py:188} INFO - [2024-03-25T20:28:17.140+0000] {dagbag.py:540} INFO - Filling up the DagBag from /home/airflow/.local/lib/python3.8/site-packages/airflow/example_dags/example_datasets.py
[2024-03-25T20:28:17.146+0000] {processor.py:840} INFO - DAG(s) 'dataset_consumes_unknown_never_scheduled', 'dataset_produces_1', 'dataset_produces_2', 'dataset_consumes_1_and_2', 'dataset_consumes_1_never_scheduled', 'dataset_consumes_1' retrieved from /home/airflow/.local/lib/python3.8/site-packages/airflow/example_dags/example_datasets.py
[2024-03-25T20:28:17.162+0000] {logging_mixin.py:188} INFO - [2024-03-25T20:28:17.162+0000] {dag.py:3047} INFO - Sync 6 DAGs
[2024-03-25T20:28:17.172+0000] {logging_mixin.py:188} INFO - [2024-03-25T20:28:17.172+0000] {dag.py:3834} INFO - Setting next_dagrun for dataset_consumes_1 to None, run_after=None
[2024-03-25T20:28:17.174+0000] {logging_mixin.py:188} INFO - [2024-03-25T20:28:17.174+0000] {dag.py:3834} INFO - Setting next_dagrun for dataset_consumes_1_and_2 to None, run_after=None
[2024-03-25T20:28:17.175+0000] {logging_mixin.py:188} INFO - [2024-03-25T20:28:17.175+0000] {dag.py:3834} INFO - Setting next_dagrun for dataset_consumes_1_never_scheduled to None, run_after=None
[2024-03-25T20:28:17.176+0000] {logging_mixin.py:188} INFO - [2024-03-25T20:28:17.176+0000] {dag.py:3834} INFO - Setting next_dagrun for dataset_consumes_unknown_never_scheduled to None, run_after=None
[2024-03-25T20:28:17.177+0000] {logging_mixin.py:188} INFO - [2024-03-25T20:28:17.177+0000] {dag.py:3834} INFO - Setting next_dagrun for dataset_produces_1 to 2024-03-24 00:00:00+00:00, run_after=2024-03-25 00:00:00+00:00
[2024-03-25T20:28:17.178+0000] {logging_mixin.py:188} INFO - [2024-03-25T20:28:17.178+0000] {dag.py:3834} INFO - Setting next_dagrun for dataset_produces_2 to None, run_after=None
[2024-03-25T20:28:17.193+0000] {processor.py:183} INFO - Processing /home/airflow/.local/lib/python3.8/site-packages/airflow/example_dags/example_datasets.py took 0.056 seconds
[2024-03-25T20:28:47.332+0000] {processor.py:161} INFO - Started process (PID=336) to work on /home/airflow/.local/lib/python3.8/site-packages/airflow/example_dags/example_datasets.py
[2024-03-25T20:28:47.334+0000] {processor.py:830} INFO - Processing file /home/airflow/.local/lib/python3.8/site-packages/airflow/example_dags/example_datasets.py for tasks to queue
[2024-03-25T20:28:47.336+0000] {logging_mixin.py:188} INFO - [2024-03-25T20:28:47.336+0000] {dagbag.py:540} INFO - Filling up the DagBag from /home/airflow/.local/lib/python3.8/site-packages/airflow/example_dags/example_datasets.py
[2024-03-25T20:28:47.346+0000] {processor.py:840} INFO - DAG(s) 'dataset_produces_2', 'dataset_consumes_1_and_2', 'dataset_consumes_1_never_scheduled', 'dataset_produces_1', 'dataset_consumes_1', 'dataset_consumes_unknown_never_scheduled' retrieved from /home/airflow/.local/lib/python3.8/site-packages/airflow/example_dags/example_datasets.py
[2024-03-25T20:28:47.373+0000] {logging_mixin.py:188} INFO - [2024-03-25T20:28:47.373+0000] {dag.py:3047} INFO - Sync 6 DAGs
[2024-03-25T20:28:47.386+0000] {logging_mixin.py:188} INFO - [2024-03-25T20:28:47.386+0000] {dag.py:3834} INFO - Setting next_dagrun for dataset_consumes_1 to None, run_after=None
[2024-03-25T20:28:47.388+0000] {logging_mixin.py:188} INFO - [2024-03-25T20:28:47.388+0000] {dag.py:3834} INFO - Setting next_dagrun for dataset_consumes_1_and_2 to None, run_after=None
[2024-03-25T20:28:47.389+0000] {logging_mixin.py:188} INFO - [2024-03-25T20:28:47.389+0000] {dag.py:3834} INFO - Setting next_dagrun for dataset_consumes_1_never_scheduled to None, run_after=None
[2024-03-25T20:28:47.391+0000] {logging_mixin.py:188} INFO - [2024-03-25T20:28:47.391+0000] {dag.py:3834} INFO - Setting next_dagrun for dataset_consumes_unknown_never_scheduled to None, run_after=None
[2024-03-25T20:28:47.393+0000] {logging_mixin.py:188} INFO - [2024-03-25T20:28:47.393+0000] {dag.py:3834} INFO - Setting next_dagrun for dataset_produces_1 to 2024-03-24 00:00:00+00:00, run_after=2024-03-25 00:00:00+00:00
[2024-03-25T20:28:47.394+0000] {logging_mixin.py:188} INFO - [2024-03-25T20:28:47.394+0000] {dag.py:3834} INFO - Setting next_dagrun for dataset_produces_2 to None, run_after=None
[2024-03-25T20:28:47.408+0000] {processor.py:183} INFO - Processing /home/airflow/.local/lib/python3.8/site-packages/airflow/example_dags/example_datasets.py took 0.081 seconds
[2024-03-25T20:29:17.551+0000] {processor.py:161} INFO - Started process (PID=392) to work on /home/airflow/.local/lib/python3.8/site-packages/airflow/example_dags/example_datasets.py
[2024-03-25T20:29:17.552+0000] {processor.py:830} INFO - Processing file /home/airflow/.local/lib/python3.8/site-packages/airflow/example_dags/example_datasets.py for tasks to queue
[2024-03-25T20:29:17.555+0000] {logging_mixin.py:188} INFO - [2024-03-25T20:29:17.555+0000] {dagbag.py:540} INFO - Filling up the DagBag from /home/airflow/.local/lib/python3.8/site-packages/airflow/example_dags/example_datasets.py
[2024-03-25T20:29:17.565+0000] {processor.py:840} INFO - DAG(s) 'dataset_consumes_1', 'dataset_produces_1', 'dataset_consumes_1_and_2', 'dataset_produces_2', 'dataset_consumes_1_never_scheduled', 'dataset_consumes_unknown_never_scheduled' retrieved from /home/airflow/.local/lib/python3.8/site-packages/airflow/example_dags/example_datasets.py
[2024-03-25T20:29:17.595+0000] {logging_mixin.py:188} INFO - [2024-03-25T20:29:17.595+0000] {dag.py:3047} INFO - Sync 6 DAGs
[2024-03-25T20:29:17.608+0000] {logging_mixin.py:188} INFO - [2024-03-25T20:29:17.608+0000] {dag.py:3834} INFO - Setting next_dagrun for dataset_consumes_1 to None, run_after=None
[2024-03-25T20:29:17.611+0000] {logging_mixin.py:188} INFO - [2024-03-25T20:29:17.610+0000] {dag.py:3834} INFO - Setting next_dagrun for dataset_consumes_1_and_2 to None, run_after=None
[2024-03-25T20:29:17.611+0000] {logging_mixin.py:188} INFO - [2024-03-25T20:29:17.611+0000] {dag.py:3834} INFO - Setting next_dagrun for dataset_consumes_1_never_scheduled to None, run_after=None
[2024-03-25T20:29:17.612+0000] {logging_mixin.py:188} INFO - [2024-03-25T20:29:17.612+0000] {dag.py:3834} INFO - Setting next_dagrun for dataset_consumes_unknown_never_scheduled to None, run_after=None
[2024-03-25T20:29:17.614+0000] {logging_mixin.py:188} INFO - [2024-03-25T20:29:17.614+0000] {dag.py:3834} INFO - Setting next_dagrun for dataset_produces_1 to 2024-03-24 00:00:00+00:00, run_after=2024-03-25 00:00:00+00:00
[2024-03-25T20:29:17.615+0000] {logging_mixin.py:188} INFO - [2024-03-25T20:29:17.615+0000] {dag.py:3834} INFO - Setting next_dagrun for dataset_produces_2 to None, run_after=None
[2024-03-25T20:29:17.630+0000] {processor.py:183} INFO - Processing /home/airflow/.local/lib/python3.8/site-packages/airflow/example_dags/example_datasets.py took 0.083 seconds
[2024-03-25T20:29:47.919+0000] {processor.py:161} INFO - Started process (PID=448) to work on /home/airflow/.local/lib/python3.8/site-packages/airflow/example_dags/example_datasets.py
[2024-03-25T20:29:47.920+0000] {processor.py:830} INFO - Processing file /home/airflow/.local/lib/python3.8/site-packages/airflow/example_dags/example_datasets.py for tasks to queue
[2024-03-25T20:29:47.921+0000] {logging_mixin.py:188} INFO - [2024-03-25T20:29:47.921+0000] {dagbag.py:540} INFO - Filling up the DagBag from /home/airflow/.local/lib/python3.8/site-packages/airflow/example_dags/example_datasets.py
[2024-03-25T20:29:47.925+0000] {processor.py:840} INFO - DAG(s) 'dataset_produces_1', 'dataset_consumes_unknown_never_scheduled', 'dataset_produces_2', 'dataset_consumes_1_never_scheduled', 'dataset_consumes_1', 'dataset_consumes_1_and_2' retrieved from /home/airflow/.local/lib/python3.8/site-packages/airflow/example_dags/example_datasets.py
[2024-03-25T20:29:47.941+0000] {logging_mixin.py:188} INFO - [2024-03-25T20:29:47.941+0000] {dag.py:3047} INFO - Sync 6 DAGs
[2024-03-25T20:29:47.951+0000] {logging_mixin.py:188} INFO - [2024-03-25T20:29:47.951+0000] {dag.py:3834} INFO - Setting next_dagrun for dataset_consumes_1 to None, run_after=None
[2024-03-25T20:29:47.953+0000] {logging_mixin.py:188} INFO - [2024-03-25T20:29:47.952+0000] {dag.py:3834} INFO - Setting next_dagrun for dataset_consumes_1_and_2 to None, run_after=None
[2024-03-25T20:29:47.953+0000] {logging_mixin.py:188} INFO - [2024-03-25T20:29:47.953+0000] {dag.py:3834} INFO - Setting next_dagrun for dataset_consumes_1_never_scheduled to None, run_after=None
[2024-03-25T20:29:47.954+0000] {logging_mixin.py:188} INFO - [2024-03-25T20:29:47.954+0000] {dag.py:3834} INFO - Setting next_dagrun for dataset_consumes_unknown_never_scheduled to None, run_after=None
[2024-03-25T20:29:47.955+0000] {logging_mixin.py:188} INFO - [2024-03-25T20:29:47.955+0000] {dag.py:3834} INFO - Setting next_dagrun for dataset_produces_1 to 2024-03-24 00:00:00+00:00, run_after=2024-03-25 00:00:00+00:00
[2024-03-25T20:29:47.956+0000] {logging_mixin.py:188} INFO - [2024-03-25T20:29:47.956+0000] {dag.py:3834} INFO - Setting next_dagrun for dataset_produces_2 to None, run_after=None
[2024-03-25T20:29:47.970+0000] {processor.py:183} INFO - Processing /home/airflow/.local/lib/python3.8/site-packages/airflow/example_dags/example_datasets.py took 0.053 seconds
[2024-03-25T20:30:18.094+0000] {processor.py:161} INFO - Started process (PID=513) to work on /home/airflow/.local/lib/python3.8/site-packages/airflow/example_dags/example_datasets.py
[2024-03-25T20:30:18.097+0000] {processor.py:830} INFO - Processing file /home/airflow/.local/lib/python3.8/site-packages/airflow/example_dags/example_datasets.py for tasks to queue
[2024-03-25T20:30:18.100+0000] {logging_mixin.py:188} INFO - [2024-03-25T20:30:18.100+0000] {dagbag.py:540} INFO - Filling up the DagBag from /home/airflow/.local/lib/python3.8/site-packages/airflow/example_dags/example_datasets.py
[2024-03-25T20:30:18.112+0000] {processor.py:840} INFO - DAG(s) 'dataset_consumes_1', 'dataset_consumes_1_and_2', 'dataset_consumes_1_never_scheduled', 'dataset_consumes_unknown_never_scheduled', 'dataset_produces_1', 'dataset_produces_2' retrieved from /home/airflow/.local/lib/python3.8/site-packages/airflow/example_dags/example_datasets.py
[2024-03-25T20:30:18.141+0000] {logging_mixin.py:188} INFO - [2024-03-25T20:30:18.141+0000] {dag.py:3047} INFO - Sync 6 DAGs
[2024-03-25T20:30:18.154+0000] {logging_mixin.py:188} INFO - [2024-03-25T20:30:18.154+0000] {dag.py:3834} INFO - Setting next_dagrun for dataset_consumes_1 to None, run_after=None
[2024-03-25T20:30:18.156+0000] {logging_mixin.py:188} INFO - [2024-03-25T20:30:18.156+0000] {dag.py:3834} INFO - Setting next_dagrun for dataset_consumes_1_and_2 to None, run_after=None
[2024-03-25T20:30:18.157+0000] {logging_mixin.py:188} INFO - [2024-03-25T20:30:18.157+0000] {dag.py:3834} INFO - Setting next_dagrun for dataset_consumes_1_never_scheduled to None, run_after=None
[2024-03-25T20:30:18.157+0000] {logging_mixin.py:188} INFO - [2024-03-25T20:30:18.157+0000] {dag.py:3834} INFO - Setting next_dagrun for dataset_consumes_unknown_never_scheduled to None, run_after=None
[2024-03-25T20:30:18.159+0000] {logging_mixin.py:188} INFO - [2024-03-25T20:30:18.159+0000] {dag.py:3834} INFO - Setting next_dagrun for dataset_produces_1 to 2024-03-24 00:00:00+00:00, run_after=2024-03-25 00:00:00+00:00
[2024-03-25T20:30:18.160+0000] {logging_mixin.py:188} INFO - [2024-03-25T20:30:18.160+0000] {dag.py:3834} INFO - Setting next_dagrun for dataset_produces_2 to None, run_after=None
[2024-03-25T20:30:18.178+0000] {processor.py:183} INFO - Processing /home/airflow/.local/lib/python3.8/site-packages/airflow/example_dags/example_datasets.py took 0.092 seconds
[2024-03-25T20:30:48.217+0000] {processor.py:161} INFO - Started process (PID=569) to work on /home/airflow/.local/lib/python3.8/site-packages/airflow/example_dags/example_datasets.py
[2024-03-25T20:30:48.219+0000] {processor.py:830} INFO - Processing file /home/airflow/.local/lib/python3.8/site-packages/airflow/example_dags/example_datasets.py for tasks to queue
[2024-03-25T20:30:48.221+0000] {logging_mixin.py:188} INFO - [2024-03-25T20:30:48.221+0000] {dagbag.py:540} INFO - Filling up the DagBag from /home/airflow/.local/lib/python3.8/site-packages/airflow/example_dags/example_datasets.py
[2024-03-25T20:30:48.227+0000] {processor.py:840} INFO - DAG(s) 'dataset_consumes_1_and_2', 'dataset_produces_1', 'dataset_consumes_1_never_scheduled', 'dataset_produces_2', 'dataset_consumes_unknown_never_scheduled', 'dataset_consumes_1' retrieved from /home/airflow/.local/lib/python3.8/site-packages/airflow/example_dags/example_datasets.py
[2024-03-25T20:30:48.246+0000] {logging_mixin.py:188} INFO - [2024-03-25T20:30:48.246+0000] {dag.py:3047} INFO - Sync 6 DAGs
[2024-03-25T20:30:48.257+0000] {logging_mixin.py:188} INFO - [2024-03-25T20:30:48.257+0000] {dag.py:3834} INFO - Setting next_dagrun for dataset_consumes_1 to None, run_after=None
[2024-03-25T20:30:48.259+0000] {logging_mixin.py:188} INFO - [2024-03-25T20:30:48.259+0000] {dag.py:3834} INFO - Setting next_dagrun for dataset_consumes_1_and_2 to None, run_after=None
[2024-03-25T20:30:48.260+0000] {logging_mixin.py:188} INFO - [2024-03-25T20:30:48.260+0000] {dag.py:3834} INFO - Setting next_dagrun for dataset_consumes_1_never_scheduled to None, run_after=None
[2024-03-25T20:30:48.263+0000] {logging_mixin.py:188} INFO - [2024-03-25T20:30:48.262+0000] {dag.py:3834} INFO - Setting next_dagrun for dataset_consumes_unknown_never_scheduled to None, run_after=None
[2024-03-25T20:30:48.264+0000] {logging_mixin.py:188} INFO - [2024-03-25T20:30:48.264+0000] {dag.py:3834} INFO - Setting next_dagrun for dataset_produces_1 to 2024-03-24 00:00:00+00:00, run_after=2024-03-25 00:00:00+00:00
[2024-03-25T20:30:48.265+0000] {logging_mixin.py:188} INFO - [2024-03-25T20:30:48.265+0000] {dag.py:3834} INFO - Setting next_dagrun for dataset_produces_2 to None, run_after=None
[2024-03-25T20:30:48.280+0000] {processor.py:183} INFO - Processing /home/airflow/.local/lib/python3.8/site-packages/airflow/example_dags/example_datasets.py took 0.065 seconds
[2024-03-25T20:31:19.108+0000] {processor.py:161} INFO - Started process (PID=625) to work on /home/airflow/.local/lib/python3.8/site-packages/airflow/example_dags/example_datasets.py
[2024-03-25T20:31:19.111+0000] {processor.py:830} INFO - Processing file /home/airflow/.local/lib/python3.8/site-packages/airflow/example_dags/example_datasets.py for tasks to queue
[2024-03-25T20:31:19.113+0000] {logging_mixin.py:188} INFO - [2024-03-25T20:31:19.112+0000] {dagbag.py:540} INFO - Filling up the DagBag from /home/airflow/.local/lib/python3.8/site-packages/airflow/example_dags/example_datasets.py
[2024-03-25T20:31:19.122+0000] {processor.py:840} INFO - DAG(s) 'dataset_consumes_1_never_scheduled', 'dataset_consumes_1', 'dataset_produces_1', 'dataset_produces_2', 'dataset_consumes_unknown_never_scheduled', 'dataset_consumes_1_and_2' retrieved from /home/airflow/.local/lib/python3.8/site-packages/airflow/example_dags/example_datasets.py
[2024-03-25T20:31:19.148+0000] {logging_mixin.py:188} INFO - [2024-03-25T20:31:19.148+0000] {dag.py:3047} INFO - Sync 6 DAGs
[2024-03-25T20:31:19.161+0000] {logging_mixin.py:188} INFO - [2024-03-25T20:31:19.161+0000] {dag.py:3834} INFO - Setting next_dagrun for dataset_consumes_1 to None, run_after=None
[2024-03-25T20:31:19.163+0000] {logging_mixin.py:188} INFO - [2024-03-25T20:31:19.163+0000] {dag.py:3834} INFO - Setting next_dagrun for dataset_consumes_1_and_2 to None, run_after=None
[2024-03-25T20:31:19.164+0000] {logging_mixin.py:188} INFO - [2024-03-25T20:31:19.164+0000] {dag.py:3834} INFO - Setting next_dagrun for dataset_consumes_1_never_scheduled to None, run_after=None
[2024-03-25T20:31:19.165+0000] {logging_mixin.py:188} INFO - [2024-03-25T20:31:19.165+0000] {dag.py:3834} INFO - Setting next_dagrun for dataset_consumes_unknown_never_scheduled to None, run_after=None
[2024-03-25T20:31:19.166+0000] {logging_mixin.py:188} INFO - [2024-03-25T20:31:19.166+0000] {dag.py:3834} INFO - Setting next_dagrun for dataset_produces_1 to 2024-03-24 00:00:00+00:00, run_after=2024-03-25 00:00:00+00:00
[2024-03-25T20:31:19.167+0000] {logging_mixin.py:188} INFO - [2024-03-25T20:31:19.167+0000] {dag.py:3834} INFO - Setting next_dagrun for dataset_produces_2 to None, run_after=None
[2024-03-25T20:31:19.183+0000] {processor.py:183} INFO - Processing /home/airflow/.local/lib/python3.8/site-packages/airflow/example_dags/example_datasets.py took 0.080 seconds
[2024-03-25T20:31:49.915+0000] {processor.py:161} INFO - Started process (PID=681) to work on /home/airflow/.local/lib/python3.8/site-packages/airflow/example_dags/example_datasets.py
[2024-03-25T20:31:49.924+0000] {processor.py:830} INFO - Processing file /home/airflow/.local/lib/python3.8/site-packages/airflow/example_dags/example_datasets.py for tasks to queue
[2024-03-25T20:31:49.927+0000] {logging_mixin.py:188} INFO - [2024-03-25T20:31:49.927+0000] {dagbag.py:540} INFO - Filling up the DagBag from /home/airflow/.local/lib/python3.8/site-packages/airflow/example_dags/example_datasets.py
[2024-03-25T20:31:49.935+0000] {processor.py:840} INFO - DAG(s) 'dataset_produces_1', 'dataset_consumes_1_and_2', 'dataset_consumes_unknown_never_scheduled', 'dataset_consumes_1', 'dataset_produces_2', 'dataset_consumes_1_never_scheduled' retrieved from /home/airflow/.local/lib/python3.8/site-packages/airflow/example_dags/example_datasets.py
[2024-03-25T20:31:49.963+0000] {logging_mixin.py:188} INFO - [2024-03-25T20:31:49.963+0000] {dag.py:3047} INFO - Sync 6 DAGs
[2024-03-25T20:31:49.978+0000] {logging_mixin.py:188} INFO - [2024-03-25T20:31:49.977+0000] {dag.py:3834} INFO - Setting next_dagrun for dataset_consumes_1 to None, run_after=None
[2024-03-25T20:31:49.982+0000] {logging_mixin.py:188} INFO - [2024-03-25T20:31:49.982+0000] {dag.py:3834} INFO - Setting next_dagrun for dataset_consumes_1_and_2 to None, run_after=None
[2024-03-25T20:31:49.984+0000] {logging_mixin.py:188} INFO - [2024-03-25T20:31:49.984+0000] {dag.py:3834} INFO - Setting next_dagrun for dataset_consumes_1_never_scheduled to None, run_after=None
[2024-03-25T20:31:49.985+0000] {logging_mixin.py:188} INFO - [2024-03-25T20:31:49.985+0000] {dag.py:3834} INFO - Setting next_dagrun for dataset_consumes_unknown_never_scheduled to None, run_after=None
[2024-03-25T20:31:49.987+0000] {logging_mixin.py:188} INFO - [2024-03-25T20:31:49.987+0000] {dag.py:3834} INFO - Setting next_dagrun for dataset_produces_1 to 2024-03-24 00:00:00+00:00, run_after=2024-03-25 00:00:00+00:00
[2024-03-25T20:31:49.988+0000] {logging_mixin.py:188} INFO - [2024-03-25T20:31:49.988+0000] {dag.py:3834} INFO - Setting next_dagrun for dataset_produces_2 to None, run_after=None
[2024-03-25T20:31:50.003+0000] {processor.py:183} INFO - Processing /home/airflow/.local/lib/python3.8/site-packages/airflow/example_dags/example_datasets.py took 0.092 seconds
[2024-03-25T20:32:20.405+0000] {processor.py:161} INFO - Started process (PID=737) to work on /home/airflow/.local/lib/python3.8/site-packages/airflow/example_dags/example_datasets.py
[2024-03-25T20:32:20.408+0000] {processor.py:830} INFO - Processing file /home/airflow/.local/lib/python3.8/site-packages/airflow/example_dags/example_datasets.py for tasks to queue
[2024-03-25T20:32:20.409+0000] {logging_mixin.py:188} INFO - [2024-03-25T20:32:20.408+0000] {dagbag.py:540} INFO - Filling up the DagBag from /home/airflow/.local/lib/python3.8/site-packages/airflow/example_dags/example_datasets.py
[2024-03-25T20:32:20.414+0000] {processor.py:840} INFO - DAG(s) 'dataset_consumes_1_never_scheduled', 'dataset_consumes_unknown_never_scheduled', 'dataset_consumes_1_and_2', 'dataset_produces_2', 'dataset_produces_1', 'dataset_consumes_1' retrieved from /home/airflow/.local/lib/python3.8/site-packages/airflow/example_dags/example_datasets.py
[2024-03-25T20:32:20.432+0000] {logging_mixin.py:188} INFO - [2024-03-25T20:32:20.432+0000] {dag.py:3047} INFO - Sync 6 DAGs
[2024-03-25T20:32:20.443+0000] {logging_mixin.py:188} INFO - [2024-03-25T20:32:20.443+0000] {dag.py:3834} INFO - Setting next_dagrun for dataset_consumes_1 to None, run_after=None
[2024-03-25T20:32:20.448+0000] {logging_mixin.py:188} INFO - [2024-03-25T20:32:20.448+0000] {dag.py:3834} INFO - Setting next_dagrun for dataset_consumes_1_and_2 to None, run_after=None
[2024-03-25T20:32:20.449+0000] {logging_mixin.py:188} INFO - [2024-03-25T20:32:20.449+0000] {dag.py:3834} INFO - Setting next_dagrun for dataset_consumes_1_never_scheduled to None, run_after=None
[2024-03-25T20:32:20.450+0000] {logging_mixin.py:188} INFO - [2024-03-25T20:32:20.450+0000] {dag.py:3834} INFO - Setting next_dagrun for dataset_consumes_unknown_never_scheduled to None, run_after=None
[2024-03-25T20:32:20.451+0000] {logging_mixin.py:188} INFO - [2024-03-25T20:32:20.451+0000] {dag.py:3834} INFO - Setting next_dagrun for dataset_produces_1 to 2024-03-24 00:00:00+00:00, run_after=2024-03-25 00:00:00+00:00
[2024-03-25T20:32:20.452+0000] {logging_mixin.py:188} INFO - [2024-03-25T20:32:20.452+0000] {dag.py:3834} INFO - Setting next_dagrun for dataset_produces_2 to None, run_after=None
[2024-03-25T20:32:20.468+0000] {processor.py:183} INFO - Processing /home/airflow/.local/lib/python3.8/site-packages/airflow/example_dags/example_datasets.py took 0.066 seconds
[2024-03-25T20:32:51.009+0000] {processor.py:161} INFO - Started process (PID=793) to work on /home/airflow/.local/lib/python3.8/site-packages/airflow/example_dags/example_datasets.py
[2024-03-25T20:32:51.010+0000] {processor.py:830} INFO - Processing file /home/airflow/.local/lib/python3.8/site-packages/airflow/example_dags/example_datasets.py for tasks to queue
[2024-03-25T20:32:51.012+0000] {logging_mixin.py:188} INFO - [2024-03-25T20:32:51.012+0000] {dagbag.py:540} INFO - Filling up the DagBag from /home/airflow/.local/lib/python3.8/site-packages/airflow/example_dags/example_datasets.py
[2024-03-25T20:32:51.017+0000] {processor.py:840} INFO - DAG(s) 'dataset_consumes_1_never_scheduled', 'dataset_consumes_1_and_2', 'dataset_produces_2', 'dataset_produces_1', 'dataset_consumes_1', 'dataset_consumes_unknown_never_scheduled' retrieved from /home/airflow/.local/lib/python3.8/site-packages/airflow/example_dags/example_datasets.py
[2024-03-25T20:32:51.035+0000] {logging_mixin.py:188} INFO - [2024-03-25T20:32:51.035+0000] {dag.py:3047} INFO - Sync 6 DAGs
[2024-03-25T20:32:51.047+0000] {logging_mixin.py:188} INFO - [2024-03-25T20:32:51.047+0000] {dag.py:3834} INFO - Setting next_dagrun for dataset_consumes_1 to None, run_after=None
[2024-03-25T20:32:51.049+0000] {logging_mixin.py:188} INFO - [2024-03-25T20:32:51.049+0000] {dag.py:3834} INFO - Setting next_dagrun for dataset_consumes_1_and_2 to None, run_after=None
[2024-03-25T20:32:51.049+0000] {logging_mixin.py:188} INFO - [2024-03-25T20:32:51.049+0000] {dag.py:3834} INFO - Setting next_dagrun for dataset_consumes_1_never_scheduled to None, run_after=None
[2024-03-25T20:32:51.050+0000] {logging_mixin.py:188} INFO - [2024-03-25T20:32:51.050+0000] {dag.py:3834} INFO - Setting next_dagrun for dataset_consumes_unknown_never_scheduled to None, run_after=None
[2024-03-25T20:32:51.052+0000] {logging_mixin.py:188} INFO - [2024-03-25T20:32:51.052+0000] {dag.py:3834} INFO - Setting next_dagrun for dataset_produces_1 to 2024-03-24 00:00:00+00:00, run_after=2024-03-25 00:00:00+00:00
[2024-03-25T20:32:51.053+0000] {logging_mixin.py:188} INFO - [2024-03-25T20:32:51.053+0000] {dag.py:3834} INFO - Setting next_dagrun for dataset_produces_2 to None, run_after=None
[2024-03-25T20:32:51.069+0000] {processor.py:183} INFO - Processing /home/airflow/.local/lib/python3.8/site-packages/airflow/example_dags/example_datasets.py took 0.061 seconds
[2024-03-25T20:33:21.472+0000] {processor.py:161} INFO - Started process (PID=849) to work on /home/airflow/.local/lib/python3.8/site-packages/airflow/example_dags/example_datasets.py
[2024-03-25T20:33:21.474+0000] {processor.py:830} INFO - Processing file /home/airflow/.local/lib/python3.8/site-packages/airflow/example_dags/example_datasets.py for tasks to queue
[2024-03-25T20:33:21.477+0000] {logging_mixin.py:188} INFO - [2024-03-25T20:33:21.477+0000] {dagbag.py:540} INFO - Filling up the DagBag from /home/airflow/.local/lib/python3.8/site-packages/airflow/example_dags/example_datasets.py
[2024-03-25T20:33:21.489+0000] {processor.py:840} INFO - DAG(s) 'dataset_produces_1', 'dataset_consumes_1_and_2', 'dataset_consumes_1_never_scheduled', 'dataset_consumes_1', 'dataset_produces_2', 'dataset_consumes_unknown_never_scheduled' retrieved from /home/airflow/.local/lib/python3.8/site-packages/airflow/example_dags/example_datasets.py
[2024-03-25T20:33:21.521+0000] {logging_mixin.py:188} INFO - [2024-03-25T20:33:21.521+0000] {dag.py:3047} INFO - Sync 6 DAGs
[2024-03-25T20:33:21.535+0000] {logging_mixin.py:188} INFO - [2024-03-25T20:33:21.535+0000] {dag.py:3834} INFO - Setting next_dagrun for dataset_consumes_1 to None, run_after=None
[2024-03-25T20:33:21.537+0000] {logging_mixin.py:188} INFO - [2024-03-25T20:33:21.537+0000] {dag.py:3834} INFO - Setting next_dagrun for dataset_consumes_1_and_2 to None, run_after=None
[2024-03-25T20:33:21.538+0000] {logging_mixin.py:188} INFO - [2024-03-25T20:33:21.538+0000] {dag.py:3834} INFO - Setting next_dagrun for dataset_consumes_1_never_scheduled to None, run_after=None
[2024-03-25T20:33:21.540+0000] {logging_mixin.py:188} INFO - [2024-03-25T20:33:21.539+0000] {dag.py:3834} INFO - Setting next_dagrun for dataset_consumes_unknown_never_scheduled to None, run_after=None
[2024-03-25T20:33:21.541+0000] {logging_mixin.py:188} INFO - [2024-03-25T20:33:21.541+0000] {dag.py:3834} INFO - Setting next_dagrun for dataset_produces_1 to 2024-03-24 00:00:00+00:00, run_after=2024-03-25 00:00:00+00:00
[2024-03-25T20:33:21.542+0000] {logging_mixin.py:188} INFO - [2024-03-25T20:33:21.542+0000] {dag.py:3834} INFO - Setting next_dagrun for dataset_produces_2 to None, run_after=None
[2024-03-25T20:33:21.559+0000] {processor.py:183} INFO - Processing /home/airflow/.local/lib/python3.8/site-packages/airflow/example_dags/example_datasets.py took 0.090 seconds
[2024-03-25T20:33:51.913+0000] {processor.py:161} INFO - Started process (PID=905) to work on /home/airflow/.local/lib/python3.8/site-packages/airflow/example_dags/example_datasets.py
[2024-03-25T20:33:51.914+0000] {processor.py:830} INFO - Processing file /home/airflow/.local/lib/python3.8/site-packages/airflow/example_dags/example_datasets.py for tasks to queue
[2024-03-25T20:33:51.916+0000] {logging_mixin.py:188} INFO - [2024-03-25T20:33:51.916+0000] {dagbag.py:540} INFO - Filling up the DagBag from /home/airflow/.local/lib/python3.8/site-packages/airflow/example_dags/example_datasets.py
[2024-03-25T20:33:51.926+0000] {processor.py:840} INFO - DAG(s) 'dataset_consumes_1_and_2', 'dataset_produces_1', 'dataset_consumes_1', 'dataset_produces_2', 'dataset_consumes_1_never_scheduled', 'dataset_consumes_unknown_never_scheduled' retrieved from /home/airflow/.local/lib/python3.8/site-packages/airflow/example_dags/example_datasets.py
[2024-03-25T20:33:51.952+0000] {logging_mixin.py:188} INFO - [2024-03-25T20:33:51.952+0000] {dag.py:3047} INFO - Sync 6 DAGs
[2024-03-25T20:33:51.966+0000] {logging_mixin.py:188} INFO - [2024-03-25T20:33:51.966+0000] {dag.py:3834} INFO - Setting next_dagrun for dataset_consumes_1 to None, run_after=None
[2024-03-25T20:33:51.968+0000] {logging_mixin.py:188} INFO - [2024-03-25T20:33:51.968+0000] {dag.py:3834} INFO - Setting next_dagrun for dataset_consumes_1_and_2 to None, run_after=None
[2024-03-25T20:33:51.969+0000] {logging_mixin.py:188} INFO - [2024-03-25T20:33:51.968+0000] {dag.py:3834} INFO - Setting next_dagrun for dataset_consumes_1_never_scheduled to None, run_after=None
[2024-03-25T20:33:51.970+0000] {logging_mixin.py:188} INFO - [2024-03-25T20:33:51.970+0000] {dag.py:3834} INFO - Setting next_dagrun for dataset_consumes_unknown_never_scheduled to None, run_after=None
[2024-03-25T20:33:51.972+0000] {logging_mixin.py:188} INFO - [2024-03-25T20:33:51.972+0000] {dag.py:3834} INFO - Setting next_dagrun for dataset_produces_1 to 2024-03-24 00:00:00+00:00, run_after=2024-03-25 00:00:00+00:00
[2024-03-25T20:33:51.973+0000] {logging_mixin.py:188} INFO - [2024-03-25T20:33:51.973+0000] {dag.py:3834} INFO - Setting next_dagrun for dataset_produces_2 to None, run_after=None
[2024-03-25T20:33:51.988+0000] {processor.py:183} INFO - Processing /home/airflow/.local/lib/python3.8/site-packages/airflow/example_dags/example_datasets.py took 0.080 seconds
[2024-03-25T20:34:22.637+0000] {processor.py:161} INFO - Started process (PID=960) to work on /home/airflow/.local/lib/python3.8/site-packages/airflow/example_dags/example_datasets.py
[2024-03-25T20:34:22.639+0000] {processor.py:830} INFO - Processing file /home/airflow/.local/lib/python3.8/site-packages/airflow/example_dags/example_datasets.py for tasks to queue
[2024-03-25T20:34:22.642+0000] {logging_mixin.py:188} INFO - [2024-03-25T20:34:22.642+0000] {dagbag.py:540} INFO - Filling up the DagBag from /home/airflow/.local/lib/python3.8/site-packages/airflow/example_dags/example_datasets.py
[2024-03-25T20:34:22.652+0000] {processor.py:840} INFO - DAG(s) 'dataset_consumes_1', 'dataset_produces_1', 'dataset_consumes_unknown_never_scheduled', 'dataset_produces_2', 'dataset_consumes_1_never_scheduled', 'dataset_consumes_1_and_2' retrieved from /home/airflow/.local/lib/python3.8/site-packages/airflow/example_dags/example_datasets.py
[2024-03-25T20:34:22.683+0000] {logging_mixin.py:188} INFO - [2024-03-25T20:34:22.683+0000] {dag.py:3047} INFO - Sync 6 DAGs
[2024-03-25T20:34:22.698+0000] {logging_mixin.py:188} INFO - [2024-03-25T20:34:22.698+0000] {dag.py:3834} INFO - Setting next_dagrun for dataset_consumes_1 to None, run_after=None
[2024-03-25T20:34:22.700+0000] {logging_mixin.py:188} INFO - [2024-03-25T20:34:22.700+0000] {dag.py:3834} INFO - Setting next_dagrun for dataset_consumes_1_and_2 to None, run_after=None
[2024-03-25T20:34:22.701+0000] {logging_mixin.py:188} INFO - [2024-03-25T20:34:22.701+0000] {dag.py:3834} INFO - Setting next_dagrun for dataset_consumes_1_never_scheduled to None, run_after=None
[2024-03-25T20:34:22.702+0000] {logging_mixin.py:188} INFO - [2024-03-25T20:34:22.702+0000] {dag.py:3834} INFO - Setting next_dagrun for dataset_consumes_unknown_never_scheduled to None, run_after=None
[2024-03-25T20:34:22.704+0000] {logging_mixin.py:188} INFO - [2024-03-25T20:34:22.704+0000] {dag.py:3834} INFO - Setting next_dagrun for dataset_produces_1 to 2024-03-24 00:00:00+00:00, run_after=2024-03-25 00:00:00+00:00
[2024-03-25T20:34:22.705+0000] {logging_mixin.py:188} INFO - [2024-03-25T20:34:22.705+0000] {dag.py:3834} INFO - Setting next_dagrun for dataset_produces_2 to None, run_after=None
[2024-03-25T20:34:22.722+0000] {processor.py:183} INFO - Processing /home/airflow/.local/lib/python3.8/site-packages/airflow/example_dags/example_datasets.py took 0.089 seconds
[2024-03-25T20:34:53.370+0000] {processor.py:161} INFO - Started process (PID=1016) to work on /home/airflow/.local/lib/python3.8/site-packages/airflow/example_dags/example_datasets.py
[2024-03-25T20:34:53.372+0000] {processor.py:830} INFO - Processing file /home/airflow/.local/lib/python3.8/site-packages/airflow/example_dags/example_datasets.py for tasks to queue
[2024-03-25T20:34:53.375+0000] {logging_mixin.py:188} INFO - [2024-03-25T20:34:53.374+0000] {dagbag.py:540} INFO - Filling up the DagBag from /home/airflow/.local/lib/python3.8/site-packages/airflow/example_dags/example_datasets.py
[2024-03-25T20:34:53.385+0000] {processor.py:840} INFO - DAG(s) 'dataset_consumes_unknown_never_scheduled', 'dataset_produces_1', 'dataset_produces_2', 'dataset_consumes_1', 'dataset_consumes_1_never_scheduled', 'dataset_consumes_1_and_2' retrieved from /home/airflow/.local/lib/python3.8/site-packages/airflow/example_dags/example_datasets.py
[2024-03-25T20:34:53.413+0000] {logging_mixin.py:188} INFO - [2024-03-25T20:34:53.413+0000] {dag.py:3047} INFO - Sync 6 DAGs
[2024-03-25T20:34:53.426+0000] {logging_mixin.py:188} INFO - [2024-03-25T20:34:53.426+0000] {dag.py:3834} INFO - Setting next_dagrun for dataset_consumes_1 to None, run_after=None
[2024-03-25T20:34:53.428+0000] {logging_mixin.py:188} INFO - [2024-03-25T20:34:53.428+0000] {dag.py:3834} INFO - Setting next_dagrun for dataset_consumes_1_and_2 to None, run_after=None
[2024-03-25T20:34:53.429+0000] {logging_mixin.py:188} INFO - [2024-03-25T20:34:53.429+0000] {dag.py:3834} INFO - Setting next_dagrun for dataset_consumes_1_never_scheduled to None, run_after=None
[2024-03-25T20:34:53.429+0000] {logging_mixin.py:188} INFO - [2024-03-25T20:34:53.429+0000] {dag.py:3834} INFO - Setting next_dagrun for dataset_consumes_unknown_never_scheduled to None, run_after=None
[2024-03-25T20:34:53.431+0000] {logging_mixin.py:188} INFO - [2024-03-25T20:34:53.431+0000] {dag.py:3834} INFO - Setting next_dagrun for dataset_produces_1 to 2024-03-24 00:00:00+00:00, run_after=2024-03-25 00:00:00+00:00
[2024-03-25T20:34:53.432+0000] {logging_mixin.py:188} INFO - [2024-03-25T20:34:53.432+0000] {dag.py:3834} INFO - Setting next_dagrun for dataset_produces_2 to None, run_after=None
[2024-03-25T20:34:53.446+0000] {processor.py:183} INFO - Processing /home/airflow/.local/lib/python3.8/site-packages/airflow/example_dags/example_datasets.py took 0.082 seconds
[2024-03-25T20:35:23.824+0000] {processor.py:161} INFO - Started process (PID=1072) to work on /home/airflow/.local/lib/python3.8/site-packages/airflow/example_dags/example_datasets.py
[2024-03-25T20:35:23.826+0000] {processor.py:830} INFO - Processing file /home/airflow/.local/lib/python3.8/site-packages/airflow/example_dags/example_datasets.py for tasks to queue
[2024-03-25T20:35:23.828+0000] {logging_mixin.py:188} INFO - [2024-03-25T20:35:23.828+0000] {dagbag.py:540} INFO - Filling up the DagBag from /home/airflow/.local/lib/python3.8/site-packages/airflow/example_dags/example_datasets.py
[2024-03-25T20:35:23.836+0000] {processor.py:840} INFO - DAG(s) 'dataset_consumes_1', 'dataset_produces_1', 'dataset_consumes_1_and_2', 'dataset_produces_2', 'dataset_consumes_1_never_scheduled', 'dataset_consumes_unknown_never_scheduled' retrieved from /home/airflow/.local/lib/python3.8/site-packages/airflow/example_dags/example_datasets.py
[2024-03-25T20:35:23.859+0000] {logging_mixin.py:188} INFO - [2024-03-25T20:35:23.859+0000] {dag.py:3047} INFO - Sync 6 DAGs
[2024-03-25T20:35:23.872+0000] {logging_mixin.py:188} INFO - [2024-03-25T20:35:23.872+0000] {dag.py:3834} INFO - Setting next_dagrun for dataset_consumes_1 to None, run_after=None
[2024-03-25T20:35:23.874+0000] {logging_mixin.py:188} INFO - [2024-03-25T20:35:23.874+0000] {dag.py:3834} INFO - Setting next_dagrun for dataset_consumes_1_and_2 to None, run_after=None
[2024-03-25T20:35:23.874+0000] {logging_mixin.py:188} INFO - [2024-03-25T20:35:23.874+0000] {dag.py:3834} INFO - Setting next_dagrun for dataset_consumes_1_never_scheduled to None, run_after=None
[2024-03-25T20:35:23.875+0000] {logging_mixin.py:188} INFO - [2024-03-25T20:35:23.875+0000] {dag.py:3834} INFO - Setting next_dagrun for dataset_consumes_unknown_never_scheduled to None, run_after=None
[2024-03-25T20:35:23.877+0000] {logging_mixin.py:188} INFO - [2024-03-25T20:35:23.877+0000] {dag.py:3834} INFO - Setting next_dagrun for dataset_produces_1 to 2024-03-24 00:00:00+00:00, run_after=2024-03-25 00:00:00+00:00
[2024-03-25T20:35:23.878+0000] {logging_mixin.py:188} INFO - [2024-03-25T20:35:23.878+0000] {dag.py:3834} INFO - Setting next_dagrun for dataset_produces_2 to None, run_after=None
[2024-03-25T20:35:23.893+0000] {processor.py:183} INFO - Processing /home/airflow/.local/lib/python3.8/site-packages/airflow/example_dags/example_datasets.py took 0.073 seconds
[2024-03-25T20:35:54.421+0000] {processor.py:161} INFO - Started process (PID=1128) to work on /home/airflow/.local/lib/python3.8/site-packages/airflow/example_dags/example_datasets.py
[2024-03-25T20:35:54.422+0000] {processor.py:830} INFO - Processing file /home/airflow/.local/lib/python3.8/site-packages/airflow/example_dags/example_datasets.py for tasks to queue
[2024-03-25T20:35:54.425+0000] {logging_mixin.py:188} INFO - [2024-03-25T20:35:54.424+0000] {dagbag.py:540} INFO - Filling up the DagBag from /home/airflow/.local/lib/python3.8/site-packages/airflow/example_dags/example_datasets.py
[2024-03-25T20:35:54.435+0000] {processor.py:840} INFO - DAG(s) 'dataset_consumes_1', 'dataset_consumes_1_and_2', 'dataset_produces_1', 'dataset_consumes_1_never_scheduled', 'dataset_consumes_unknown_never_scheduled', 'dataset_produces_2' retrieved from /home/airflow/.local/lib/python3.8/site-packages/airflow/example_dags/example_datasets.py
[2024-03-25T20:35:54.464+0000] {logging_mixin.py:188} INFO - [2024-03-25T20:35:54.464+0000] {dag.py:3047} INFO - Sync 6 DAGs
[2024-03-25T20:35:54.477+0000] {logging_mixin.py:188} INFO - [2024-03-25T20:35:54.477+0000] {dag.py:3834} INFO - Setting next_dagrun for dataset_consumes_1 to None, run_after=None
[2024-03-25T20:35:54.479+0000] {logging_mixin.py:188} INFO - [2024-03-25T20:35:54.479+0000] {dag.py:3834} INFO - Setting next_dagrun for dataset_consumes_1_and_2 to None, run_after=None
[2024-03-25T20:35:54.483+0000] {logging_mixin.py:188} INFO - [2024-03-25T20:35:54.483+0000] {dag.py:3834} INFO - Setting next_dagrun for dataset_consumes_1_never_scheduled to None, run_after=None
[2024-03-25T20:35:54.483+0000] {logging_mixin.py:188} INFO - [2024-03-25T20:35:54.483+0000] {dag.py:3834} INFO - Setting next_dagrun for dataset_consumes_unknown_never_scheduled to None, run_after=None
[2024-03-25T20:35:54.485+0000] {logging_mixin.py:188} INFO - [2024-03-25T20:35:54.485+0000] {dag.py:3834} INFO - Setting next_dagrun for dataset_produces_1 to 2024-03-24 00:00:00+00:00, run_after=2024-03-25 00:00:00+00:00
[2024-03-25T20:35:54.486+0000] {logging_mixin.py:188} INFO - [2024-03-25T20:35:54.486+0000] {dag.py:3834} INFO - Setting next_dagrun for dataset_produces_2 to None, run_after=None
[2024-03-25T20:35:54.501+0000] {processor.py:183} INFO - Processing /home/airflow/.local/lib/python3.8/site-packages/airflow/example_dags/example_datasets.py took 0.085 seconds
[2024-03-25T20:36:24.960+0000] {processor.py:161} INFO - Started process (PID=1184) to work on /home/airflow/.local/lib/python3.8/site-packages/airflow/example_dags/example_datasets.py
[2024-03-25T20:36:24.961+0000] {processor.py:830} INFO - Processing file /home/airflow/.local/lib/python3.8/site-packages/airflow/example_dags/example_datasets.py for tasks to queue
[2024-03-25T20:36:24.963+0000] {logging_mixin.py:188} INFO - [2024-03-25T20:36:24.963+0000] {dagbag.py:540} INFO - Filling up the DagBag from /home/airflow/.local/lib/python3.8/site-packages/airflow/example_dags/example_datasets.py
[2024-03-25T20:36:24.972+0000] {processor.py:840} INFO - DAG(s) 'dataset_consumes_1', 'dataset_produces_2', 'dataset_consumes_unknown_never_scheduled', 'dataset_consumes_1_never_scheduled', 'dataset_consumes_1_and_2', 'dataset_produces_1' retrieved from /home/airflow/.local/lib/python3.8/site-packages/airflow/example_dags/example_datasets.py
[2024-03-25T20:36:24.998+0000] {logging_mixin.py:188} INFO - [2024-03-25T20:36:24.998+0000] {dag.py:3047} INFO - Sync 6 DAGs
[2024-03-25T20:36:25.011+0000] {logging_mixin.py:188} INFO - [2024-03-25T20:36:25.011+0000] {dag.py:3834} INFO - Setting next_dagrun for dataset_consumes_1 to None, run_after=None
[2024-03-25T20:36:25.013+0000] {logging_mixin.py:188} INFO - [2024-03-25T20:36:25.013+0000] {dag.py:3834} INFO - Setting next_dagrun for dataset_consumes_1_and_2 to None, run_after=None
[2024-03-25T20:36:25.014+0000] {logging_mixin.py:188} INFO - [2024-03-25T20:36:25.014+0000] {dag.py:3834} INFO - Setting next_dagrun for dataset_consumes_1_never_scheduled to None, run_after=None
[2024-03-25T20:36:25.015+0000] {logging_mixin.py:188} INFO - [2024-03-25T20:36:25.015+0000] {dag.py:3834} INFO - Setting next_dagrun for dataset_consumes_unknown_never_scheduled to None, run_after=None
[2024-03-25T20:36:25.017+0000] {logging_mixin.py:188} INFO - [2024-03-25T20:36:25.017+0000] {dag.py:3834} INFO - Setting next_dagrun for dataset_produces_1 to 2024-03-24 00:00:00+00:00, run_after=2024-03-25 00:00:00+00:00
[2024-03-25T20:36:25.017+0000] {logging_mixin.py:188} INFO - [2024-03-25T20:36:25.017+0000] {dag.py:3834} INFO - Setting next_dagrun for dataset_produces_2 to None, run_after=None
[2024-03-25T20:36:25.032+0000] {processor.py:183} INFO - Processing /home/airflow/.local/lib/python3.8/site-packages/airflow/example_dags/example_datasets.py took 0.076 seconds
[2024-03-25T20:36:55.577+0000] {processor.py:161} INFO - Started process (PID=1239) to work on /home/airflow/.local/lib/python3.8/site-packages/airflow/example_dags/example_datasets.py
[2024-03-25T20:36:55.579+0000] {processor.py:830} INFO - Processing file /home/airflow/.local/lib/python3.8/site-packages/airflow/example_dags/example_datasets.py for tasks to queue
[2024-03-25T20:36:55.582+0000] {logging_mixin.py:188} INFO - [2024-03-25T20:36:55.581+0000] {dagbag.py:540} INFO - Filling up the DagBag from /home/airflow/.local/lib/python3.8/site-packages/airflow/example_dags/example_datasets.py
[2024-03-25T20:36:55.590+0000] {processor.py:840} INFO - DAG(s) 'dataset_consumes_1_never_scheduled', 'dataset_consumes_1_and_2', 'dataset_produces_2', 'dataset_consumes_1', 'dataset_produces_1', 'dataset_consumes_unknown_never_scheduled' retrieved from /home/airflow/.local/lib/python3.8/site-packages/airflow/example_dags/example_datasets.py
[2024-03-25T20:36:55.614+0000] {logging_mixin.py:188} INFO - [2024-03-25T20:36:55.613+0000] {dag.py:3047} INFO - Sync 6 DAGs
[2024-03-25T20:36:55.628+0000] {logging_mixin.py:188} INFO - [2024-03-25T20:36:55.628+0000] {dag.py:3834} INFO - Setting next_dagrun for dataset_consumes_1 to None, run_after=None
[2024-03-25T20:36:55.630+0000] {logging_mixin.py:188} INFO - [2024-03-25T20:36:55.630+0000] {dag.py:3834} INFO - Setting next_dagrun for dataset_consumes_1_and_2 to None, run_after=None
[2024-03-25T20:36:55.631+0000] {logging_mixin.py:188} INFO - [2024-03-25T20:36:55.631+0000] {dag.py:3834} INFO - Setting next_dagrun for dataset_consumes_1_never_scheduled to None, run_after=None
[2024-03-25T20:36:55.632+0000] {logging_mixin.py:188} INFO - [2024-03-25T20:36:55.632+0000] {dag.py:3834} INFO - Setting next_dagrun for dataset_consumes_unknown_never_scheduled to None, run_after=None
[2024-03-25T20:36:55.634+0000] {logging_mixin.py:188} INFO - [2024-03-25T20:36:55.634+0000] {dag.py:3834} INFO - Setting next_dagrun for dataset_produces_1 to 2024-03-24 00:00:00+00:00, run_after=2024-03-25 00:00:00+00:00
[2024-03-25T20:36:55.635+0000] {logging_mixin.py:188} INFO - [2024-03-25T20:36:55.635+0000] {dag.py:3834} INFO - Setting next_dagrun for dataset_produces_2 to None, run_after=None
[2024-03-25T20:36:55.653+0000] {processor.py:183} INFO - Processing /home/airflow/.local/lib/python3.8/site-packages/airflow/example_dags/example_datasets.py took 0.081 seconds
[2024-03-25T20:37:26.214+0000] {processor.py:161} INFO - Started process (PID=1295) to work on /home/airflow/.local/lib/python3.8/site-packages/airflow/example_dags/example_datasets.py
[2024-03-25T20:37:26.216+0000] {processor.py:830} INFO - Processing file /home/airflow/.local/lib/python3.8/site-packages/airflow/example_dags/example_datasets.py for tasks to queue
[2024-03-25T20:37:26.219+0000] {logging_mixin.py:188} INFO - [2024-03-25T20:37:26.218+0000] {dagbag.py:540} INFO - Filling up the DagBag from /home/airflow/.local/lib/python3.8/site-packages/airflow/example_dags/example_datasets.py
[2024-03-25T20:37:26.230+0000] {processor.py:840} INFO - DAG(s) 'dataset_consumes_1', 'dataset_consumes_1_and_2', 'dataset_produces_2', 'dataset_consumes_unknown_never_scheduled', 'dataset_produces_1', 'dataset_consumes_1_never_scheduled' retrieved from /home/airflow/.local/lib/python3.8/site-packages/airflow/example_dags/example_datasets.py
[2024-03-25T20:37:26.257+0000] {logging_mixin.py:188} INFO - [2024-03-25T20:37:26.257+0000] {dag.py:3047} INFO - Sync 6 DAGs
[2024-03-25T20:37:26.270+0000] {logging_mixin.py:188} INFO - [2024-03-25T20:37:26.270+0000] {dag.py:3834} INFO - Setting next_dagrun for dataset_consumes_1 to None, run_after=None
[2024-03-25T20:37:26.272+0000] {logging_mixin.py:188} INFO - [2024-03-25T20:37:26.272+0000] {dag.py:3834} INFO - Setting next_dagrun for dataset_consumes_1_and_2 to None, run_after=None
[2024-03-25T20:37:26.273+0000] {logging_mixin.py:188} INFO - [2024-03-25T20:37:26.272+0000] {dag.py:3834} INFO - Setting next_dagrun for dataset_consumes_1_never_scheduled to None, run_after=None
[2024-03-25T20:37:26.273+0000] {logging_mixin.py:188} INFO - [2024-03-25T20:37:26.273+0000] {dag.py:3834} INFO - Setting next_dagrun for dataset_consumes_unknown_never_scheduled to None, run_after=None
[2024-03-25T20:37:26.275+0000] {logging_mixin.py:188} INFO - [2024-03-25T20:37:26.275+0000] {dag.py:3834} INFO - Setting next_dagrun for dataset_produces_1 to 2024-03-24 00:00:00+00:00, run_after=2024-03-25 00:00:00+00:00
[2024-03-25T20:37:26.276+0000] {logging_mixin.py:188} INFO - [2024-03-25T20:37:26.276+0000] {dag.py:3834} INFO - Setting next_dagrun for dataset_produces_2 to None, run_after=None
[2024-03-25T20:37:26.293+0000] {processor.py:183} INFO - Processing /home/airflow/.local/lib/python3.8/site-packages/airflow/example_dags/example_datasets.py took 0.085 seconds
[2024-03-25T20:37:56.974+0000] {processor.py:161} INFO - Started process (PID=1351) to work on /home/airflow/.local/lib/python3.8/site-packages/airflow/example_dags/example_datasets.py
[2024-03-25T20:37:56.976+0000] {processor.py:830} INFO - Processing file /home/airflow/.local/lib/python3.8/site-packages/airflow/example_dags/example_datasets.py for tasks to queue
[2024-03-25T20:37:56.980+0000] {logging_mixin.py:188} INFO - [2024-03-25T20:37:56.979+0000] {dagbag.py:540} INFO - Filling up the DagBag from /home/airflow/.local/lib/python3.8/site-packages/airflow/example_dags/example_datasets.py
[2024-03-25T20:37:56.992+0000] {processor.py:840} INFO - DAG(s) 'dataset_produces_2', 'dataset_consumes_unknown_never_scheduled', 'dataset_consumes_1_and_2', 'dataset_produces_1', 'dataset_consumes_1_never_scheduled', 'dataset_consumes_1' retrieved from /home/airflow/.local/lib/python3.8/site-packages/airflow/example_dags/example_datasets.py
[2024-03-25T20:37:57.021+0000] {logging_mixin.py:188} INFO - [2024-03-25T20:37:57.021+0000] {dag.py:3047} INFO - Sync 6 DAGs
[2024-03-25T20:37:57.033+0000] {logging_mixin.py:188} INFO - [2024-03-25T20:37:57.033+0000] {dag.py:3834} INFO - Setting next_dagrun for dataset_consumes_1 to None, run_after=None
[2024-03-25T20:37:57.035+0000] {logging_mixin.py:188} INFO - [2024-03-25T20:37:57.035+0000] {dag.py:3834} INFO - Setting next_dagrun for dataset_consumes_1_and_2 to None, run_after=None
[2024-03-25T20:37:57.036+0000] {logging_mixin.py:188} INFO - [2024-03-25T20:37:57.036+0000] {dag.py:3834} INFO - Setting next_dagrun for dataset_consumes_1_never_scheduled to None, run_after=None
[2024-03-25T20:37:57.037+0000] {logging_mixin.py:188} INFO - [2024-03-25T20:37:57.037+0000] {dag.py:3834} INFO - Setting next_dagrun for dataset_consumes_unknown_never_scheduled to None, run_after=None
[2024-03-25T20:37:57.039+0000] {logging_mixin.py:188} INFO - [2024-03-25T20:37:57.038+0000] {dag.py:3834} INFO - Setting next_dagrun for dataset_produces_1 to 2024-03-24 00:00:00+00:00, run_after=2024-03-25 00:00:00+00:00
[2024-03-25T20:37:57.039+0000] {logging_mixin.py:188} INFO - [2024-03-25T20:37:57.039+0000] {dag.py:3834} INFO - Setting next_dagrun for dataset_produces_2 to None, run_after=None
[2024-03-25T20:37:57.054+0000] {processor.py:183} INFO - Processing /home/airflow/.local/lib/python3.8/site-packages/airflow/example_dags/example_datasets.py took 0.085 seconds
[2024-03-25T20:38:27.482+0000] {processor.py:161} INFO - Started process (PID=1407) to work on /home/airflow/.local/lib/python3.8/site-packages/airflow/example_dags/example_datasets.py
[2024-03-25T20:38:27.484+0000] {processor.py:830} INFO - Processing file /home/airflow/.local/lib/python3.8/site-packages/airflow/example_dags/example_datasets.py for tasks to queue
[2024-03-25T20:38:27.486+0000] {logging_mixin.py:188} INFO - [2024-03-25T20:38:27.486+0000] {dagbag.py:540} INFO - Filling up the DagBag from /home/airflow/.local/lib/python3.8/site-packages/airflow/example_dags/example_datasets.py
[2024-03-25T20:38:27.497+0000] {processor.py:840} INFO - DAG(s) 'dataset_consumes_1_and_2', 'dataset_produces_1', 'dataset_produces_2', 'dataset_consumes_1', 'dataset_consumes_1_never_scheduled', 'dataset_consumes_unknown_never_scheduled' retrieved from /home/airflow/.local/lib/python3.8/site-packages/airflow/example_dags/example_datasets.py
[2024-03-25T20:38:27.523+0000] {logging_mixin.py:188} INFO - [2024-03-25T20:38:27.523+0000] {dag.py:3047} INFO - Sync 6 DAGs
[2024-03-25T20:38:27.536+0000] {logging_mixin.py:188} INFO - [2024-03-25T20:38:27.536+0000] {dag.py:3834} INFO - Setting next_dagrun for dataset_consumes_1 to None, run_after=None
[2024-03-25T20:38:27.538+0000] {logging_mixin.py:188} INFO - [2024-03-25T20:38:27.538+0000] {dag.py:3834} INFO - Setting next_dagrun for dataset_consumes_1_and_2 to None, run_after=None
[2024-03-25T20:38:27.539+0000] {logging_mixin.py:188} INFO - [2024-03-25T20:38:27.539+0000] {dag.py:3834} INFO - Setting next_dagrun for dataset_consumes_1_never_scheduled to None, run_after=None
[2024-03-25T20:38:27.543+0000] {logging_mixin.py:188} INFO - [2024-03-25T20:38:27.543+0000] {dag.py:3834} INFO - Setting next_dagrun for dataset_consumes_unknown_never_scheduled to None, run_after=None
[2024-03-25T20:38:27.544+0000] {logging_mixin.py:188} INFO - [2024-03-25T20:38:27.544+0000] {dag.py:3834} INFO - Setting next_dagrun for dataset_produces_1 to 2024-03-24 00:00:00+00:00, run_after=2024-03-25 00:00:00+00:00
[2024-03-25T20:38:27.545+0000] {logging_mixin.py:188} INFO - [2024-03-25T20:38:27.545+0000] {dag.py:3834} INFO - Setting next_dagrun for dataset_produces_2 to None, run_after=None
[2024-03-25T20:38:27.560+0000] {processor.py:183} INFO - Processing /home/airflow/.local/lib/python3.8/site-packages/airflow/example_dags/example_datasets.py took 0.084 seconds
[2024-03-25T20:38:57.912+0000] {processor.py:161} INFO - Started process (PID=1463) to work on /home/airflow/.local/lib/python3.8/site-packages/airflow/example_dags/example_datasets.py
[2024-03-25T20:38:57.914+0000] {processor.py:830} INFO - Processing file /home/airflow/.local/lib/python3.8/site-packages/airflow/example_dags/example_datasets.py for tasks to queue
[2024-03-25T20:38:57.918+0000] {logging_mixin.py:188} INFO - [2024-03-25T20:38:57.917+0000] {dagbag.py:540} INFO - Filling up the DagBag from /home/airflow/.local/lib/python3.8/site-packages/airflow/example_dags/example_datasets.py
[2024-03-25T20:38:57.930+0000] {processor.py:840} INFO - DAG(s) 'dataset_consumes_1_never_scheduled', 'dataset_consumes_1_and_2', 'dataset_consumes_unknown_never_scheduled', 'dataset_produces_2', 'dataset_consumes_1', 'dataset_produces_1' retrieved from /home/airflow/.local/lib/python3.8/site-packages/airflow/example_dags/example_datasets.py
[2024-03-25T20:38:57.959+0000] {logging_mixin.py:188} INFO - [2024-03-25T20:38:57.959+0000] {dag.py:3047} INFO - Sync 6 DAGs
[2024-03-25T20:38:57.972+0000] {logging_mixin.py:188} INFO - [2024-03-25T20:38:57.971+0000] {dag.py:3834} INFO - Setting next_dagrun for dataset_consumes_1 to None, run_after=None
[2024-03-25T20:38:57.973+0000] {logging_mixin.py:188} INFO - [2024-03-25T20:38:57.973+0000] {dag.py:3834} INFO - Setting next_dagrun for dataset_consumes_1_and_2 to None, run_after=None
[2024-03-25T20:38:57.974+0000] {logging_mixin.py:188} INFO - [2024-03-25T20:38:57.974+0000] {dag.py:3834} INFO - Setting next_dagrun for dataset_consumes_1_never_scheduled to None, run_after=None
[2024-03-25T20:38:57.975+0000] {logging_mixin.py:188} INFO - [2024-03-25T20:38:57.975+0000] {dag.py:3834} INFO - Setting next_dagrun for dataset_consumes_unknown_never_scheduled to None, run_after=None
[2024-03-25T20:38:57.977+0000] {logging_mixin.py:188} INFO - [2024-03-25T20:38:57.977+0000] {dag.py:3834} INFO - Setting next_dagrun for dataset_produces_1 to 2024-03-24 00:00:00+00:00, run_after=2024-03-25 00:00:00+00:00
[2024-03-25T20:38:57.978+0000] {logging_mixin.py:188} INFO - [2024-03-25T20:38:57.978+0000] {dag.py:3834} INFO - Setting next_dagrun for dataset_produces_2 to None, run_after=None
[2024-03-25T20:38:57.993+0000] {processor.py:183} INFO - Processing /home/airflow/.local/lib/python3.8/site-packages/airflow/example_dags/example_datasets.py took 0.087 seconds
[2024-03-25T20:39:28.613+0000] {processor.py:161} INFO - Started process (PID=1519) to work on /home/airflow/.local/lib/python3.8/site-packages/airflow/example_dags/example_datasets.py
[2024-03-25T20:39:28.615+0000] {processor.py:830} INFO - Processing file /home/airflow/.local/lib/python3.8/site-packages/airflow/example_dags/example_datasets.py for tasks to queue
[2024-03-25T20:39:28.618+0000] {logging_mixin.py:188} INFO - [2024-03-25T20:39:28.617+0000] {dagbag.py:540} INFO - Filling up the DagBag from /home/airflow/.local/lib/python3.8/site-packages/airflow/example_dags/example_datasets.py
[2024-03-25T20:39:28.628+0000] {processor.py:840} INFO - DAG(s) 'dataset_consumes_1_never_scheduled', 'dataset_consumes_1_and_2', 'dataset_consumes_1', 'dataset_produces_1', 'dataset_consumes_unknown_never_scheduled', 'dataset_produces_2' retrieved from /home/airflow/.local/lib/python3.8/site-packages/airflow/example_dags/example_datasets.py
[2024-03-25T20:39:28.656+0000] {logging_mixin.py:188} INFO - [2024-03-25T20:39:28.655+0000] {dag.py:3047} INFO - Sync 6 DAGs
[2024-03-25T20:39:28.669+0000] {logging_mixin.py:188} INFO - [2024-03-25T20:39:28.668+0000] {dag.py:3834} INFO - Setting next_dagrun for dataset_consumes_1 to None, run_after=None
[2024-03-25T20:39:28.671+0000] {logging_mixin.py:188} INFO - [2024-03-25T20:39:28.671+0000] {dag.py:3834} INFO - Setting next_dagrun for dataset_consumes_1_and_2 to None, run_after=None
[2024-03-25T20:39:28.672+0000] {logging_mixin.py:188} INFO - [2024-03-25T20:39:28.671+0000] {dag.py:3834} INFO - Setting next_dagrun for dataset_consumes_1_never_scheduled to None, run_after=None
[2024-03-25T20:39:28.672+0000] {logging_mixin.py:188} INFO - [2024-03-25T20:39:28.672+0000] {dag.py:3834} INFO - Setting next_dagrun for dataset_consumes_unknown_never_scheduled to None, run_after=None
[2024-03-25T20:39:28.674+0000] {logging_mixin.py:188} INFO - [2024-03-25T20:39:28.674+0000] {dag.py:3834} INFO - Setting next_dagrun for dataset_produces_1 to 2024-03-24 00:00:00+00:00, run_after=2024-03-25 00:00:00+00:00
[2024-03-25T20:39:28.675+0000] {logging_mixin.py:188} INFO - [2024-03-25T20:39:28.675+0000] {dag.py:3834} INFO - Setting next_dagrun for dataset_produces_2 to None, run_after=None
[2024-03-25T20:39:28.690+0000] {processor.py:183} INFO - Processing /home/airflow/.local/lib/python3.8/site-packages/airflow/example_dags/example_datasets.py took 0.082 seconds
[2024-03-25T20:39:59.085+0000] {processor.py:161} INFO - Started process (PID=1575) to work on /home/airflow/.local/lib/python3.8/site-packages/airflow/example_dags/example_datasets.py
[2024-03-25T20:39:59.087+0000] {processor.py:830} INFO - Processing file /home/airflow/.local/lib/python3.8/site-packages/airflow/example_dags/example_datasets.py for tasks to queue
[2024-03-25T20:39:59.089+0000] {logging_mixin.py:188} INFO - [2024-03-25T20:39:59.089+0000] {dagbag.py:540} INFO - Filling up the DagBag from /home/airflow/.local/lib/python3.8/site-packages/airflow/example_dags/example_datasets.py
[2024-03-25T20:39:59.099+0000] {processor.py:840} INFO - DAG(s) 'dataset_produces_2', 'dataset_consumes_1_never_scheduled', 'dataset_consumes_unknown_never_scheduled', 'dataset_produces_1', 'dataset_consumes_1_and_2', 'dataset_consumes_1' retrieved from /home/airflow/.local/lib/python3.8/site-packages/airflow/example_dags/example_datasets.py
[2024-03-25T20:39:59.125+0000] {logging_mixin.py:188} INFO - [2024-03-25T20:39:59.125+0000] {dag.py:3047} INFO - Sync 6 DAGs
[2024-03-25T20:39:59.138+0000] {logging_mixin.py:188} INFO - [2024-03-25T20:39:59.138+0000] {dag.py:3834} INFO - Setting next_dagrun for dataset_consumes_1 to None, run_after=None
[2024-03-25T20:39:59.140+0000] {logging_mixin.py:188} INFO - [2024-03-25T20:39:59.140+0000] {dag.py:3834} INFO - Setting next_dagrun for dataset_consumes_1_and_2 to None, run_after=None
[2024-03-25T20:39:59.141+0000] {logging_mixin.py:188} INFO - [2024-03-25T20:39:59.141+0000] {dag.py:3834} INFO - Setting next_dagrun for dataset_consumes_1_never_scheduled to None, run_after=None
[2024-03-25T20:39:59.142+0000] {logging_mixin.py:188} INFO - [2024-03-25T20:39:59.142+0000] {dag.py:3834} INFO - Setting next_dagrun for dataset_consumes_unknown_never_scheduled to None, run_after=None
[2024-03-25T20:39:59.143+0000] {logging_mixin.py:188} INFO - [2024-03-25T20:39:59.143+0000] {dag.py:3834} INFO - Setting next_dagrun for dataset_produces_1 to 2024-03-24 00:00:00+00:00, run_after=2024-03-25 00:00:00+00:00
[2024-03-25T20:39:59.144+0000] {logging_mixin.py:188} INFO - [2024-03-25T20:39:59.144+0000] {dag.py:3834} INFO - Setting next_dagrun for dataset_produces_2 to None, run_after=None
[2024-03-25T20:39:59.159+0000] {processor.py:183} INFO - Processing /home/airflow/.local/lib/python3.8/site-packages/airflow/example_dags/example_datasets.py took 0.079 seconds
