[2024-03-25T20:19:35.823+0000] {processor.py:161} INFO - Started process (PID=42) to work on /home/airflow/.local/lib/python3.8/site-packages/airflow/example_dags/example_bash_operator.py
[2024-03-25T20:19:35.825+0000] {processor.py:830} INFO - Processing file /home/airflow/.local/lib/python3.8/site-packages/airflow/example_dags/example_bash_operator.py for tasks to queue
[2024-03-25T20:19:35.827+0000] {logging_mixin.py:188} INFO - [2024-03-25T20:19:35.827+0000] {dagbag.py:540} INFO - Filling up the DagBag from /home/airflow/.local/lib/python3.8/site-packages/airflow/example_dags/example_bash_operator.py
[2024-03-25T20:19:35.843+0000] {processor.py:840} INFO - DAG(s) 'example_bash_operator' retrieved from /home/airflow/.local/lib/python3.8/site-packages/airflow/example_dags/example_bash_operator.py
[2024-03-25T20:19:35.880+0000] {logging_mixin.py:188} INFO - [2024-03-25T20:19:35.880+0000] {dag.py:3047} INFO - Sync 1 DAGs
[2024-03-25T20:19:35.910+0000] {logging_mixin.py:188} INFO - [2024-03-25T20:19:35.909+0000] {dag.py:3834} INFO - Setting next_dagrun for example_bash_operator to 2024-03-24 00:00:00+00:00, run_after=2024-03-25 00:00:00+00:00
[2024-03-25T20:19:35.945+0000] {processor.py:183} INFO - Processing /home/airflow/.local/lib/python3.8/site-packages/airflow/example_dags/example_bash_operator.py took 0.125 seconds
[2024-03-25T20:20:06.906+0000] {processor.py:161} INFO - Started process (PID=98) to work on /home/airflow/.local/lib/python3.8/site-packages/airflow/example_dags/example_bash_operator.py
[2024-03-25T20:20:06.906+0000] {processor.py:830} INFO - Processing file /home/airflow/.local/lib/python3.8/site-packages/airflow/example_dags/example_bash_operator.py for tasks to queue
[2024-03-25T20:20:06.907+0000] {logging_mixin.py:188} INFO - [2024-03-25T20:20:06.907+0000] {dagbag.py:540} INFO - Filling up the DagBag from /home/airflow/.local/lib/python3.8/site-packages/airflow/example_dags/example_bash_operator.py
[2024-03-25T20:20:06.913+0000] {processor.py:840} INFO - DAG(s) 'example_bash_operator' retrieved from /home/airflow/.local/lib/python3.8/site-packages/airflow/example_dags/example_bash_operator.py
[2024-03-25T20:20:06.929+0000] {logging_mixin.py:188} INFO - [2024-03-25T20:20:06.929+0000] {dag.py:3047} INFO - Sync 1 DAGs
[2024-03-25T20:20:06.943+0000] {logging_mixin.py:188} INFO - [2024-03-25T20:20:06.943+0000] {dag.py:3834} INFO - Setting next_dagrun for example_bash_operator to 2024-03-24 00:00:00+00:00, run_after=2024-03-25 00:00:00+00:00
[2024-03-25T20:20:06.955+0000] {processor.py:183} INFO - Processing /home/airflow/.local/lib/python3.8/site-packages/airflow/example_dags/example_bash_operator.py took 0.051 seconds
[2024-03-25T20:26:13.393+0000] {processor.py:161} INFO - Started process (PID=41) to work on /home/airflow/.local/lib/python3.8/site-packages/airflow/example_dags/example_bash_operator.py
[2024-03-25T20:26:13.394+0000] {processor.py:830} INFO - Processing file /home/airflow/.local/lib/python3.8/site-packages/airflow/example_dags/example_bash_operator.py for tasks to queue
[2024-03-25T20:26:13.396+0000] {logging_mixin.py:188} INFO - [2024-03-25T20:26:13.395+0000] {dagbag.py:540} INFO - Filling up the DagBag from /home/airflow/.local/lib/python3.8/site-packages/airflow/example_dags/example_bash_operator.py
[2024-03-25T20:26:13.405+0000] {processor.py:840} INFO - DAG(s) 'example_bash_operator' retrieved from /home/airflow/.local/lib/python3.8/site-packages/airflow/example_dags/example_bash_operator.py
[2024-03-25T20:26:13.433+0000] {logging_mixin.py:188} INFO - [2024-03-25T20:26:13.433+0000] {dag.py:3047} INFO - Sync 1 DAGs
[2024-03-25T20:26:13.459+0000] {logging_mixin.py:188} INFO - [2024-03-25T20:26:13.458+0000] {dag.py:3834} INFO - Setting next_dagrun for example_bash_operator to 2024-03-24 00:00:00+00:00, run_after=2024-03-25 00:00:00+00:00
[2024-03-25T20:26:13.475+0000] {processor.py:183} INFO - Processing /home/airflow/.local/lib/python3.8/site-packages/airflow/example_dags/example_bash_operator.py took 0.085 seconds
[2024-03-25T20:26:44.136+0000] {processor.py:161} INFO - Started process (PID=95) to work on /home/airflow/.local/lib/python3.8/site-packages/airflow/example_dags/example_bash_operator.py
[2024-03-25T20:26:44.137+0000] {processor.py:830} INFO - Processing file /home/airflow/.local/lib/python3.8/site-packages/airflow/example_dags/example_bash_operator.py for tasks to queue
[2024-03-25T20:26:44.138+0000] {logging_mixin.py:188} INFO - [2024-03-25T20:26:44.138+0000] {dagbag.py:540} INFO - Filling up the DagBag from /home/airflow/.local/lib/python3.8/site-packages/airflow/example_dags/example_bash_operator.py
[2024-03-25T20:26:44.144+0000] {processor.py:840} INFO - DAG(s) 'example_bash_operator' retrieved from /home/airflow/.local/lib/python3.8/site-packages/airflow/example_dags/example_bash_operator.py
[2024-03-25T20:26:44.159+0000] {logging_mixin.py:188} INFO - [2024-03-25T20:26:44.158+0000] {dag.py:3047} INFO - Sync 1 DAGs
[2024-03-25T20:26:44.169+0000] {logging_mixin.py:188} INFO - [2024-03-25T20:26:44.169+0000] {dag.py:3834} INFO - Setting next_dagrun for example_bash_operator to 2024-03-24 00:00:00+00:00, run_after=2024-03-25 00:00:00+00:00
[2024-03-25T20:26:44.177+0000] {processor.py:183} INFO - Processing /home/airflow/.local/lib/python3.8/site-packages/airflow/example_dags/example_bash_operator.py took 0.043 seconds
[2024-03-25T20:27:14.359+0000] {processor.py:161} INFO - Started process (PID=151) to work on /home/airflow/.local/lib/python3.8/site-packages/airflow/example_dags/example_bash_operator.py
[2024-03-25T20:27:14.360+0000] {processor.py:830} INFO - Processing file /home/airflow/.local/lib/python3.8/site-packages/airflow/example_dags/example_bash_operator.py for tasks to queue
[2024-03-25T20:27:14.361+0000] {logging_mixin.py:188} INFO - [2024-03-25T20:27:14.361+0000] {dagbag.py:540} INFO - Filling up the DagBag from /home/airflow/.local/lib/python3.8/site-packages/airflow/example_dags/example_bash_operator.py
[2024-03-25T20:27:14.367+0000] {processor.py:840} INFO - DAG(s) 'example_bash_operator' retrieved from /home/airflow/.local/lib/python3.8/site-packages/airflow/example_dags/example_bash_operator.py
[2024-03-25T20:27:14.382+0000] {logging_mixin.py:188} INFO - [2024-03-25T20:27:14.382+0000] {dag.py:3047} INFO - Sync 1 DAGs
[2024-03-25T20:27:14.393+0000] {logging_mixin.py:188} INFO - [2024-03-25T20:27:14.393+0000] {dag.py:3834} INFO - Setting next_dagrun for example_bash_operator to 2024-03-24 00:00:00+00:00, run_after=2024-03-25 00:00:00+00:00
[2024-03-25T20:27:14.402+0000] {processor.py:183} INFO - Processing /home/airflow/.local/lib/python3.8/site-packages/airflow/example_dags/example_bash_operator.py took 0.045 seconds
[2024-03-25T20:27:44.498+0000] {processor.py:161} INFO - Started process (PID=207) to work on /home/airflow/.local/lib/python3.8/site-packages/airflow/example_dags/example_bash_operator.py
[2024-03-25T20:27:44.499+0000] {processor.py:830} INFO - Processing file /home/airflow/.local/lib/python3.8/site-packages/airflow/example_dags/example_bash_operator.py for tasks to queue
[2024-03-25T20:27:44.500+0000] {logging_mixin.py:188} INFO - [2024-03-25T20:27:44.500+0000] {dagbag.py:540} INFO - Filling up the DagBag from /home/airflow/.local/lib/python3.8/site-packages/airflow/example_dags/example_bash_operator.py
[2024-03-25T20:27:44.507+0000] {processor.py:840} INFO - DAG(s) 'example_bash_operator' retrieved from /home/airflow/.local/lib/python3.8/site-packages/airflow/example_dags/example_bash_operator.py
[2024-03-25T20:27:44.520+0000] {logging_mixin.py:188} INFO - [2024-03-25T20:27:44.520+0000] {dag.py:3047} INFO - Sync 1 DAGs
[2024-03-25T20:27:44.531+0000] {logging_mixin.py:188} INFO - [2024-03-25T20:27:44.531+0000] {dag.py:3834} INFO - Setting next_dagrun for example_bash_operator to 2024-03-24 00:00:00+00:00, run_after=2024-03-25 00:00:00+00:00
[2024-03-25T20:27:44.539+0000] {processor.py:183} INFO - Processing /home/airflow/.local/lib/python3.8/site-packages/airflow/example_dags/example_bash_operator.py took 0.042 seconds
[2024-03-25T20:28:14.702+0000] {processor.py:161} INFO - Started process (PID=263) to work on /home/airflow/.local/lib/python3.8/site-packages/airflow/example_dags/example_bash_operator.py
[2024-03-25T20:28:14.703+0000] {processor.py:830} INFO - Processing file /home/airflow/.local/lib/python3.8/site-packages/airflow/example_dags/example_bash_operator.py for tasks to queue
[2024-03-25T20:28:14.704+0000] {logging_mixin.py:188} INFO - [2024-03-25T20:28:14.704+0000] {dagbag.py:540} INFO - Filling up the DagBag from /home/airflow/.local/lib/python3.8/site-packages/airflow/example_dags/example_bash_operator.py
[2024-03-25T20:28:14.710+0000] {processor.py:840} INFO - DAG(s) 'example_bash_operator' retrieved from /home/airflow/.local/lib/python3.8/site-packages/airflow/example_dags/example_bash_operator.py
[2024-03-25T20:28:14.724+0000] {logging_mixin.py:188} INFO - [2024-03-25T20:28:14.724+0000] {dag.py:3047} INFO - Sync 1 DAGs
[2024-03-25T20:28:14.734+0000] {logging_mixin.py:188} INFO - [2024-03-25T20:28:14.734+0000] {dag.py:3834} INFO - Setting next_dagrun for example_bash_operator to 2024-03-24 00:00:00+00:00, run_after=2024-03-25 00:00:00+00:00
[2024-03-25T20:28:14.742+0000] {processor.py:183} INFO - Processing /home/airflow/.local/lib/python3.8/site-packages/airflow/example_dags/example_bash_operator.py took 0.042 seconds
[2024-03-25T20:28:44.798+0000] {processor.py:161} INFO - Started process (PID=319) to work on /home/airflow/.local/lib/python3.8/site-packages/airflow/example_dags/example_bash_operator.py
[2024-03-25T20:28:44.799+0000] {processor.py:830} INFO - Processing file /home/airflow/.local/lib/python3.8/site-packages/airflow/example_dags/example_bash_operator.py for tasks to queue
[2024-03-25T20:28:44.800+0000] {logging_mixin.py:188} INFO - [2024-03-25T20:28:44.800+0000] {dagbag.py:540} INFO - Filling up the DagBag from /home/airflow/.local/lib/python3.8/site-packages/airflow/example_dags/example_bash_operator.py
[2024-03-25T20:28:44.806+0000] {processor.py:840} INFO - DAG(s) 'example_bash_operator' retrieved from /home/airflow/.local/lib/python3.8/site-packages/airflow/example_dags/example_bash_operator.py
[2024-03-25T20:28:44.820+0000] {logging_mixin.py:188} INFO - [2024-03-25T20:28:44.819+0000] {dag.py:3047} INFO - Sync 1 DAGs
[2024-03-25T20:28:44.830+0000] {logging_mixin.py:188} INFO - [2024-03-25T20:28:44.830+0000] {dag.py:3834} INFO - Setting next_dagrun for example_bash_operator to 2024-03-24 00:00:00+00:00, run_after=2024-03-25 00:00:00+00:00
[2024-03-25T20:28:44.838+0000] {processor.py:183} INFO - Processing /home/airflow/.local/lib/python3.8/site-packages/airflow/example_dags/example_bash_operator.py took 0.041 seconds
[2024-03-25T20:29:15.121+0000] {processor.py:161} INFO - Started process (PID=375) to work on /home/airflow/.local/lib/python3.8/site-packages/airflow/example_dags/example_bash_operator.py
[2024-03-25T20:29:15.122+0000] {processor.py:830} INFO - Processing file /home/airflow/.local/lib/python3.8/site-packages/airflow/example_dags/example_bash_operator.py for tasks to queue
[2024-03-25T20:29:15.126+0000] {logging_mixin.py:188} INFO - [2024-03-25T20:29:15.125+0000] {dagbag.py:540} INFO - Filling up the DagBag from /home/airflow/.local/lib/python3.8/site-packages/airflow/example_dags/example_bash_operator.py
[2024-03-25T20:29:15.132+0000] {processor.py:840} INFO - DAG(s) 'example_bash_operator' retrieved from /home/airflow/.local/lib/python3.8/site-packages/airflow/example_dags/example_bash_operator.py
[2024-03-25T20:29:15.145+0000] {logging_mixin.py:188} INFO - [2024-03-25T20:29:15.145+0000] {dag.py:3047} INFO - Sync 1 DAGs
[2024-03-25T20:29:15.156+0000] {logging_mixin.py:188} INFO - [2024-03-25T20:29:15.156+0000] {dag.py:3834} INFO - Setting next_dagrun for example_bash_operator to 2024-03-24 00:00:00+00:00, run_after=2024-03-25 00:00:00+00:00
[2024-03-25T20:29:15.164+0000] {processor.py:183} INFO - Processing /home/airflow/.local/lib/python3.8/site-packages/airflow/example_dags/example_bash_operator.py took 0.045 seconds
[2024-03-25T20:29:45.446+0000] {processor.py:161} INFO - Started process (PID=431) to work on /home/airflow/.local/lib/python3.8/site-packages/airflow/example_dags/example_bash_operator.py
[2024-03-25T20:29:45.446+0000] {processor.py:830} INFO - Processing file /home/airflow/.local/lib/python3.8/site-packages/airflow/example_dags/example_bash_operator.py for tasks to queue
[2024-03-25T20:29:45.448+0000] {logging_mixin.py:188} INFO - [2024-03-25T20:29:45.447+0000] {dagbag.py:540} INFO - Filling up the DagBag from /home/airflow/.local/lib/python3.8/site-packages/airflow/example_dags/example_bash_operator.py
[2024-03-25T20:29:45.454+0000] {processor.py:840} INFO - DAG(s) 'example_bash_operator' retrieved from /home/airflow/.local/lib/python3.8/site-packages/airflow/example_dags/example_bash_operator.py
[2024-03-25T20:29:45.468+0000] {logging_mixin.py:188} INFO - [2024-03-25T20:29:45.467+0000] {dag.py:3047} INFO - Sync 1 DAGs
[2024-03-25T20:29:45.478+0000] {logging_mixin.py:188} INFO - [2024-03-25T20:29:45.478+0000] {dag.py:3834} INFO - Setting next_dagrun for example_bash_operator to 2024-03-24 00:00:00+00:00, run_after=2024-03-25 00:00:00+00:00
[2024-03-25T20:29:45.486+0000] {processor.py:183} INFO - Processing /home/airflow/.local/lib/python3.8/site-packages/airflow/example_dags/example_bash_operator.py took 0.042 seconds
[2024-03-25T20:30:15.517+0000] {processor.py:161} INFO - Started process (PID=496) to work on /home/airflow/.local/lib/python3.8/site-packages/airflow/example_dags/example_bash_operator.py
[2024-03-25T20:30:15.519+0000] {processor.py:830} INFO - Processing file /home/airflow/.local/lib/python3.8/site-packages/airflow/example_dags/example_bash_operator.py for tasks to queue
[2024-03-25T20:30:15.521+0000] {logging_mixin.py:188} INFO - [2024-03-25T20:30:15.521+0000] {dagbag.py:540} INFO - Filling up the DagBag from /home/airflow/.local/lib/python3.8/site-packages/airflow/example_dags/example_bash_operator.py
[2024-03-25T20:30:15.528+0000] {processor.py:840} INFO - DAG(s) 'example_bash_operator' retrieved from /home/airflow/.local/lib/python3.8/site-packages/airflow/example_dags/example_bash_operator.py
[2024-03-25T20:30:15.544+0000] {logging_mixin.py:188} INFO - [2024-03-25T20:30:15.544+0000] {dag.py:3047} INFO - Sync 1 DAGs
[2024-03-25T20:30:15.556+0000] {logging_mixin.py:188} INFO - [2024-03-25T20:30:15.556+0000] {dag.py:3834} INFO - Setting next_dagrun for example_bash_operator to 2024-03-24 00:00:00+00:00, run_after=2024-03-25 00:00:00+00:00
[2024-03-25T20:30:15.565+0000] {processor.py:183} INFO - Processing /home/airflow/.local/lib/python3.8/site-packages/airflow/example_dags/example_bash_operator.py took 0.050 seconds
[2024-03-25T20:30:46.457+0000] {processor.py:161} INFO - Started process (PID=552) to work on /home/airflow/.local/lib/python3.8/site-packages/airflow/example_dags/example_bash_operator.py
[2024-03-25T20:30:46.519+0000] {processor.py:830} INFO - Processing file /home/airflow/.local/lib/python3.8/site-packages/airflow/example_dags/example_bash_operator.py for tasks to queue
[2024-03-25T20:30:46.522+0000] {logging_mixin.py:188} INFO - [2024-03-25T20:30:46.522+0000] {dagbag.py:540} INFO - Filling up the DagBag from /home/airflow/.local/lib/python3.8/site-packages/airflow/example_dags/example_bash_operator.py
[2024-03-25T20:30:46.534+0000] {processor.py:840} INFO - DAG(s) 'example_bash_operator' retrieved from /home/airflow/.local/lib/python3.8/site-packages/airflow/example_dags/example_bash_operator.py
[2024-03-25T20:30:46.557+0000] {logging_mixin.py:188} INFO - [2024-03-25T20:30:46.557+0000] {dag.py:3047} INFO - Sync 1 DAGs
[2024-03-25T20:30:46.572+0000] {logging_mixin.py:188} INFO - [2024-03-25T20:30:46.572+0000] {dag.py:3834} INFO - Setting next_dagrun for example_bash_operator to 2024-03-24 00:00:00+00:00, run_after=2024-03-25 00:00:00+00:00
[2024-03-25T20:30:46.587+0000] {processor.py:183} INFO - Processing /home/airflow/.local/lib/python3.8/site-packages/airflow/example_dags/example_bash_operator.py took 0.133 seconds
[2024-03-25T20:31:17.463+0000] {processor.py:161} INFO - Started process (PID=608) to work on /home/airflow/.local/lib/python3.8/site-packages/airflow/example_dags/example_bash_operator.py
[2024-03-25T20:31:17.465+0000] {processor.py:830} INFO - Processing file /home/airflow/.local/lib/python3.8/site-packages/airflow/example_dags/example_bash_operator.py for tasks to queue
[2024-03-25T20:31:17.466+0000] {logging_mixin.py:188} INFO - [2024-03-25T20:31:17.466+0000] {dagbag.py:540} INFO - Filling up the DagBag from /home/airflow/.local/lib/python3.8/site-packages/airflow/example_dags/example_bash_operator.py
[2024-03-25T20:31:17.473+0000] {processor.py:840} INFO - DAG(s) 'example_bash_operator' retrieved from /home/airflow/.local/lib/python3.8/site-packages/airflow/example_dags/example_bash_operator.py
[2024-03-25T20:31:17.497+0000] {logging_mixin.py:188} INFO - [2024-03-25T20:31:17.497+0000] {dag.py:3047} INFO - Sync 1 DAGs
[2024-03-25T20:31:17.513+0000] {logging_mixin.py:188} INFO - [2024-03-25T20:31:17.513+0000] {dag.py:3834} INFO - Setting next_dagrun for example_bash_operator to 2024-03-24 00:00:00+00:00, run_after=2024-03-25 00:00:00+00:00
[2024-03-25T20:31:17.527+0000] {processor.py:183} INFO - Processing /home/airflow/.local/lib/python3.8/site-packages/airflow/example_dags/example_bash_operator.py took 0.066 seconds
[2024-03-25T20:31:48.285+0000] {processor.py:161} INFO - Started process (PID=664) to work on /home/airflow/.local/lib/python3.8/site-packages/airflow/example_dags/example_bash_operator.py
[2024-03-25T20:31:48.286+0000] {processor.py:830} INFO - Processing file /home/airflow/.local/lib/python3.8/site-packages/airflow/example_dags/example_bash_operator.py for tasks to queue
[2024-03-25T20:31:48.287+0000] {logging_mixin.py:188} INFO - [2024-03-25T20:31:48.287+0000] {dagbag.py:540} INFO - Filling up the DagBag from /home/airflow/.local/lib/python3.8/site-packages/airflow/example_dags/example_bash_operator.py
[2024-03-25T20:31:48.294+0000] {processor.py:840} INFO - DAG(s) 'example_bash_operator' retrieved from /home/airflow/.local/lib/python3.8/site-packages/airflow/example_dags/example_bash_operator.py
[2024-03-25T20:31:48.309+0000] {logging_mixin.py:188} INFO - [2024-03-25T20:31:48.309+0000] {dag.py:3047} INFO - Sync 1 DAGs
[2024-03-25T20:31:48.322+0000] {logging_mixin.py:188} INFO - [2024-03-25T20:31:48.322+0000] {dag.py:3834} INFO - Setting next_dagrun for example_bash_operator to 2024-03-24 00:00:00+00:00, run_after=2024-03-25 00:00:00+00:00
[2024-03-25T20:31:48.334+0000] {processor.py:183} INFO - Processing /home/airflow/.local/lib/python3.8/site-packages/airflow/example_dags/example_bash_operator.py took 0.050 seconds
[2024-03-25T20:32:18.916+0000] {processor.py:161} INFO - Started process (PID=720) to work on /home/airflow/.local/lib/python3.8/site-packages/airflow/example_dags/example_bash_operator.py
[2024-03-25T20:32:18.916+0000] {processor.py:830} INFO - Processing file /home/airflow/.local/lib/python3.8/site-packages/airflow/example_dags/example_bash_operator.py for tasks to queue
[2024-03-25T20:32:18.917+0000] {logging_mixin.py:188} INFO - [2024-03-25T20:32:18.917+0000] {dagbag.py:540} INFO - Filling up the DagBag from /home/airflow/.local/lib/python3.8/site-packages/airflow/example_dags/example_bash_operator.py
[2024-03-25T20:32:18.923+0000] {processor.py:840} INFO - DAG(s) 'example_bash_operator' retrieved from /home/airflow/.local/lib/python3.8/site-packages/airflow/example_dags/example_bash_operator.py
[2024-03-25T20:32:18.936+0000] {logging_mixin.py:188} INFO - [2024-03-25T20:32:18.936+0000] {dag.py:3047} INFO - Sync 1 DAGs
[2024-03-25T20:32:18.946+0000] {logging_mixin.py:188} INFO - [2024-03-25T20:32:18.946+0000] {dag.py:3834} INFO - Setting next_dagrun for example_bash_operator to 2024-03-24 00:00:00+00:00, run_after=2024-03-25 00:00:00+00:00
[2024-03-25T20:32:18.955+0000] {processor.py:183} INFO - Processing /home/airflow/.local/lib/python3.8/site-packages/airflow/example_dags/example_bash_operator.py took 0.041 seconds
[2024-03-25T20:32:49.470+0000] {processor.py:161} INFO - Started process (PID=776) to work on /home/airflow/.local/lib/python3.8/site-packages/airflow/example_dags/example_bash_operator.py
[2024-03-25T20:32:49.471+0000] {processor.py:830} INFO - Processing file /home/airflow/.local/lib/python3.8/site-packages/airflow/example_dags/example_bash_operator.py for tasks to queue
[2024-03-25T20:32:49.472+0000] {logging_mixin.py:188} INFO - [2024-03-25T20:32:49.471+0000] {dagbag.py:540} INFO - Filling up the DagBag from /home/airflow/.local/lib/python3.8/site-packages/airflow/example_dags/example_bash_operator.py
[2024-03-25T20:32:49.477+0000] {processor.py:840} INFO - DAG(s) 'example_bash_operator' retrieved from /home/airflow/.local/lib/python3.8/site-packages/airflow/example_dags/example_bash_operator.py
[2024-03-25T20:32:49.490+0000] {logging_mixin.py:188} INFO - [2024-03-25T20:32:49.490+0000] {dag.py:3047} INFO - Sync 1 DAGs
[2024-03-25T20:32:49.500+0000] {logging_mixin.py:188} INFO - [2024-03-25T20:32:49.500+0000] {dag.py:3834} INFO - Setting next_dagrun for example_bash_operator to 2024-03-24 00:00:00+00:00, run_after=2024-03-25 00:00:00+00:00
[2024-03-25T20:32:49.508+0000] {processor.py:183} INFO - Processing /home/airflow/.local/lib/python3.8/site-packages/airflow/example_dags/example_bash_operator.py took 0.039 seconds
[2024-03-25T20:33:19.979+0000] {processor.py:161} INFO - Started process (PID=832) to work on /home/airflow/.local/lib/python3.8/site-packages/airflow/example_dags/example_bash_operator.py
[2024-03-25T20:33:19.980+0000] {processor.py:830} INFO - Processing file /home/airflow/.local/lib/python3.8/site-packages/airflow/example_dags/example_bash_operator.py for tasks to queue
[2024-03-25T20:33:19.981+0000] {logging_mixin.py:188} INFO - [2024-03-25T20:33:19.981+0000] {dagbag.py:540} INFO - Filling up the DagBag from /home/airflow/.local/lib/python3.8/site-packages/airflow/example_dags/example_bash_operator.py
[2024-03-25T20:33:19.987+0000] {processor.py:840} INFO - DAG(s) 'example_bash_operator' retrieved from /home/airflow/.local/lib/python3.8/site-packages/airflow/example_dags/example_bash_operator.py
[2024-03-25T20:33:20.000+0000] {logging_mixin.py:188} INFO - [2024-03-25T20:33:20.000+0000] {dag.py:3047} INFO - Sync 1 DAGs
[2024-03-25T20:33:20.010+0000] {logging_mixin.py:188} INFO - [2024-03-25T20:33:20.010+0000] {dag.py:3834} INFO - Setting next_dagrun for example_bash_operator to 2024-03-24 00:00:00+00:00, run_after=2024-03-25 00:00:00+00:00
[2024-03-25T20:33:20.019+0000] {processor.py:183} INFO - Processing /home/airflow/.local/lib/python3.8/site-packages/airflow/example_dags/example_bash_operator.py took 0.041 seconds
[2024-03-25T20:33:50.394+0000] {processor.py:161} INFO - Started process (PID=888) to work on /home/airflow/.local/lib/python3.8/site-packages/airflow/example_dags/example_bash_operator.py
[2024-03-25T20:33:50.395+0000] {processor.py:830} INFO - Processing file /home/airflow/.local/lib/python3.8/site-packages/airflow/example_dags/example_bash_operator.py for tasks to queue
[2024-03-25T20:33:50.396+0000] {logging_mixin.py:188} INFO - [2024-03-25T20:33:50.396+0000] {dagbag.py:540} INFO - Filling up the DagBag from /home/airflow/.local/lib/python3.8/site-packages/airflow/example_dags/example_bash_operator.py
[2024-03-25T20:33:50.402+0000] {processor.py:840} INFO - DAG(s) 'example_bash_operator' retrieved from /home/airflow/.local/lib/python3.8/site-packages/airflow/example_dags/example_bash_operator.py
[2024-03-25T20:33:50.416+0000] {logging_mixin.py:188} INFO - [2024-03-25T20:33:50.415+0000] {dag.py:3047} INFO - Sync 1 DAGs
[2024-03-25T20:33:50.426+0000] {logging_mixin.py:188} INFO - [2024-03-25T20:33:50.426+0000] {dag.py:3834} INFO - Setting next_dagrun for example_bash_operator to 2024-03-24 00:00:00+00:00, run_after=2024-03-25 00:00:00+00:00
[2024-03-25T20:33:50.434+0000] {processor.py:183} INFO - Processing /home/airflow/.local/lib/python3.8/site-packages/airflow/example_dags/example_bash_operator.py took 0.042 seconds
[2024-03-25T20:34:21.054+0000] {processor.py:161} INFO - Started process (PID=943) to work on /home/airflow/.local/lib/python3.8/site-packages/airflow/example_dags/example_bash_operator.py
[2024-03-25T20:34:21.055+0000] {processor.py:830} INFO - Processing file /home/airflow/.local/lib/python3.8/site-packages/airflow/example_dags/example_bash_operator.py for tasks to queue
[2024-03-25T20:34:21.056+0000] {logging_mixin.py:188} INFO - [2024-03-25T20:34:21.056+0000] {dagbag.py:540} INFO - Filling up the DagBag from /home/airflow/.local/lib/python3.8/site-packages/airflow/example_dags/example_bash_operator.py
[2024-03-25T20:34:21.062+0000] {processor.py:840} INFO - DAG(s) 'example_bash_operator' retrieved from /home/airflow/.local/lib/python3.8/site-packages/airflow/example_dags/example_bash_operator.py
[2024-03-25T20:34:21.077+0000] {logging_mixin.py:188} INFO - [2024-03-25T20:34:21.077+0000] {dag.py:3047} INFO - Sync 1 DAGs
[2024-03-25T20:34:21.088+0000] {logging_mixin.py:188} INFO - [2024-03-25T20:34:21.088+0000] {dag.py:3834} INFO - Setting next_dagrun for example_bash_operator to 2024-03-24 00:00:00+00:00, run_after=2024-03-25 00:00:00+00:00
[2024-03-25T20:34:21.096+0000] {processor.py:183} INFO - Processing /home/airflow/.local/lib/python3.8/site-packages/airflow/example_dags/example_bash_operator.py took 0.045 seconds
[2024-03-25T20:34:51.883+0000] {processor.py:161} INFO - Started process (PID=999) to work on /home/airflow/.local/lib/python3.8/site-packages/airflow/example_dags/example_bash_operator.py
[2024-03-25T20:34:51.883+0000] {processor.py:830} INFO - Processing file /home/airflow/.local/lib/python3.8/site-packages/airflow/example_dags/example_bash_operator.py for tasks to queue
[2024-03-25T20:34:51.884+0000] {logging_mixin.py:188} INFO - [2024-03-25T20:34:51.884+0000] {dagbag.py:540} INFO - Filling up the DagBag from /home/airflow/.local/lib/python3.8/site-packages/airflow/example_dags/example_bash_operator.py
[2024-03-25T20:34:51.890+0000] {processor.py:840} INFO - DAG(s) 'example_bash_operator' retrieved from /home/airflow/.local/lib/python3.8/site-packages/airflow/example_dags/example_bash_operator.py
[2024-03-25T20:34:51.903+0000] {logging_mixin.py:188} INFO - [2024-03-25T20:34:51.903+0000] {dag.py:3047} INFO - Sync 1 DAGs
[2024-03-25T20:34:51.913+0000] {logging_mixin.py:188} INFO - [2024-03-25T20:34:51.913+0000] {dag.py:3834} INFO - Setting next_dagrun for example_bash_operator to 2024-03-24 00:00:00+00:00, run_after=2024-03-25 00:00:00+00:00
[2024-03-25T20:34:51.920+0000] {processor.py:183} INFO - Processing /home/airflow/.local/lib/python3.8/site-packages/airflow/example_dags/example_bash_operator.py took 0.039 seconds
[2024-03-25T20:35:22.351+0000] {processor.py:161} INFO - Started process (PID=1055) to work on /home/airflow/.local/lib/python3.8/site-packages/airflow/example_dags/example_bash_operator.py
[2024-03-25T20:35:22.352+0000] {processor.py:830} INFO - Processing file /home/airflow/.local/lib/python3.8/site-packages/airflow/example_dags/example_bash_operator.py for tasks to queue
[2024-03-25T20:35:22.353+0000] {logging_mixin.py:188} INFO - [2024-03-25T20:35:22.353+0000] {dagbag.py:540} INFO - Filling up the DagBag from /home/airflow/.local/lib/python3.8/site-packages/airflow/example_dags/example_bash_operator.py
[2024-03-25T20:35:22.359+0000] {processor.py:840} INFO - DAG(s) 'example_bash_operator' retrieved from /home/airflow/.local/lib/python3.8/site-packages/airflow/example_dags/example_bash_operator.py
[2024-03-25T20:35:22.372+0000] {logging_mixin.py:188} INFO - [2024-03-25T20:35:22.372+0000] {dag.py:3047} INFO - Sync 1 DAGs
[2024-03-25T20:35:22.382+0000] {logging_mixin.py:188} INFO - [2024-03-25T20:35:22.382+0000] {dag.py:3834} INFO - Setting next_dagrun for example_bash_operator to 2024-03-24 00:00:00+00:00, run_after=2024-03-25 00:00:00+00:00
[2024-03-25T20:35:22.390+0000] {processor.py:183} INFO - Processing /home/airflow/.local/lib/python3.8/site-packages/airflow/example_dags/example_bash_operator.py took 0.040 seconds
[2024-03-25T20:35:52.951+0000] {processor.py:161} INFO - Started process (PID=1111) to work on /home/airflow/.local/lib/python3.8/site-packages/airflow/example_dags/example_bash_operator.py
[2024-03-25T20:35:52.952+0000] {processor.py:830} INFO - Processing file /home/airflow/.local/lib/python3.8/site-packages/airflow/example_dags/example_bash_operator.py for tasks to queue
[2024-03-25T20:35:52.953+0000] {logging_mixin.py:188} INFO - [2024-03-25T20:35:52.952+0000] {dagbag.py:540} INFO - Filling up the DagBag from /home/airflow/.local/lib/python3.8/site-packages/airflow/example_dags/example_bash_operator.py
[2024-03-25T20:35:52.959+0000] {processor.py:840} INFO - DAG(s) 'example_bash_operator' retrieved from /home/airflow/.local/lib/python3.8/site-packages/airflow/example_dags/example_bash_operator.py
[2024-03-25T20:35:52.972+0000] {logging_mixin.py:188} INFO - [2024-03-25T20:35:52.972+0000] {dag.py:3047} INFO - Sync 1 DAGs
[2024-03-25T20:35:52.982+0000] {logging_mixin.py:188} INFO - [2024-03-25T20:35:52.982+0000] {dag.py:3834} INFO - Setting next_dagrun for example_bash_operator to 2024-03-24 00:00:00+00:00, run_after=2024-03-25 00:00:00+00:00
[2024-03-25T20:35:52.990+0000] {processor.py:183} INFO - Processing /home/airflow/.local/lib/python3.8/site-packages/airflow/example_dags/example_bash_operator.py took 0.040 seconds
[2024-03-25T20:36:23.412+0000] {processor.py:161} INFO - Started process (PID=1167) to work on /home/airflow/.local/lib/python3.8/site-packages/airflow/example_dags/example_bash_operator.py
[2024-03-25T20:36:23.412+0000] {processor.py:830} INFO - Processing file /home/airflow/.local/lib/python3.8/site-packages/airflow/example_dags/example_bash_operator.py for tasks to queue
[2024-03-25T20:36:23.413+0000] {logging_mixin.py:188} INFO - [2024-03-25T20:36:23.413+0000] {dagbag.py:540} INFO - Filling up the DagBag from /home/airflow/.local/lib/python3.8/site-packages/airflow/example_dags/example_bash_operator.py
[2024-03-25T20:36:23.419+0000] {processor.py:840} INFO - DAG(s) 'example_bash_operator' retrieved from /home/airflow/.local/lib/python3.8/site-packages/airflow/example_dags/example_bash_operator.py
[2024-03-25T20:36:23.433+0000] {logging_mixin.py:188} INFO - [2024-03-25T20:36:23.432+0000] {dag.py:3047} INFO - Sync 1 DAGs
[2024-03-25T20:36:23.443+0000] {logging_mixin.py:188} INFO - [2024-03-25T20:36:23.443+0000] {dag.py:3834} INFO - Setting next_dagrun for example_bash_operator to 2024-03-24 00:00:00+00:00, run_after=2024-03-25 00:00:00+00:00
[2024-03-25T20:36:23.451+0000] {processor.py:183} INFO - Processing /home/airflow/.local/lib/python3.8/site-packages/airflow/example_dags/example_bash_operator.py took 0.041 seconds
[2024-03-25T20:36:54.066+0000] {processor.py:161} INFO - Started process (PID=1222) to work on /home/airflow/.local/lib/python3.8/site-packages/airflow/example_dags/example_bash_operator.py
[2024-03-25T20:36:54.066+0000] {processor.py:830} INFO - Processing file /home/airflow/.local/lib/python3.8/site-packages/airflow/example_dags/example_bash_operator.py for tasks to queue
[2024-03-25T20:36:54.067+0000] {logging_mixin.py:188} INFO - [2024-03-25T20:36:54.067+0000] {dagbag.py:540} INFO - Filling up the DagBag from /home/airflow/.local/lib/python3.8/site-packages/airflow/example_dags/example_bash_operator.py
[2024-03-25T20:36:54.073+0000] {processor.py:840} INFO - DAG(s) 'example_bash_operator' retrieved from /home/airflow/.local/lib/python3.8/site-packages/airflow/example_dags/example_bash_operator.py
[2024-03-25T20:36:54.086+0000] {logging_mixin.py:188} INFO - [2024-03-25T20:36:54.086+0000] {dag.py:3047} INFO - Sync 1 DAGs
[2024-03-25T20:36:54.096+0000] {logging_mixin.py:188} INFO - [2024-03-25T20:36:54.096+0000] {dag.py:3834} INFO - Setting next_dagrun for example_bash_operator to 2024-03-24 00:00:00+00:00, run_after=2024-03-25 00:00:00+00:00
[2024-03-25T20:36:54.104+0000] {processor.py:183} INFO - Processing /home/airflow/.local/lib/python3.8/site-packages/airflow/example_dags/example_bash_operator.py took 0.040 seconds
[2024-03-25T20:37:24.692+0000] {processor.py:161} INFO - Started process (PID=1278) to work on /home/airflow/.local/lib/python3.8/site-packages/airflow/example_dags/example_bash_operator.py
[2024-03-25T20:37:24.693+0000] {processor.py:830} INFO - Processing file /home/airflow/.local/lib/python3.8/site-packages/airflow/example_dags/example_bash_operator.py for tasks to queue
[2024-03-25T20:37:24.694+0000] {logging_mixin.py:188} INFO - [2024-03-25T20:37:24.694+0000] {dagbag.py:540} INFO - Filling up the DagBag from /home/airflow/.local/lib/python3.8/site-packages/airflow/example_dags/example_bash_operator.py
[2024-03-25T20:37:24.700+0000] {processor.py:840} INFO - DAG(s) 'example_bash_operator' retrieved from /home/airflow/.local/lib/python3.8/site-packages/airflow/example_dags/example_bash_operator.py
[2024-03-25T20:37:24.720+0000] {logging_mixin.py:188} INFO - [2024-03-25T20:37:24.720+0000] {dag.py:3047} INFO - Sync 1 DAGs
[2024-03-25T20:37:24.739+0000] {logging_mixin.py:188} INFO - [2024-03-25T20:37:24.739+0000] {dag.py:3834} INFO - Setting next_dagrun for example_bash_operator to 2024-03-24 00:00:00+00:00, run_after=2024-03-25 00:00:00+00:00
[2024-03-25T20:37:24.750+0000] {processor.py:183} INFO - Processing /home/airflow/.local/lib/python3.8/site-packages/airflow/example_dags/example_bash_operator.py took 0.059 seconds
[2024-03-25T20:37:55.531+0000] {processor.py:161} INFO - Started process (PID=1334) to work on /home/airflow/.local/lib/python3.8/site-packages/airflow/example_dags/example_bash_operator.py
[2024-03-25T20:37:55.532+0000] {processor.py:830} INFO - Processing file /home/airflow/.local/lib/python3.8/site-packages/airflow/example_dags/example_bash_operator.py for tasks to queue
[2024-03-25T20:37:55.533+0000] {logging_mixin.py:188} INFO - [2024-03-25T20:37:55.533+0000] {dagbag.py:540} INFO - Filling up the DagBag from /home/airflow/.local/lib/python3.8/site-packages/airflow/example_dags/example_bash_operator.py
[2024-03-25T20:37:55.539+0000] {processor.py:840} INFO - DAG(s) 'example_bash_operator' retrieved from /home/airflow/.local/lib/python3.8/site-packages/airflow/example_dags/example_bash_operator.py
[2024-03-25T20:37:55.554+0000] {logging_mixin.py:188} INFO - [2024-03-25T20:37:55.554+0000] {dag.py:3047} INFO - Sync 1 DAGs
[2024-03-25T20:37:55.565+0000] {logging_mixin.py:188} INFO - [2024-03-25T20:37:55.564+0000] {dag.py:3834} INFO - Setting next_dagrun for example_bash_operator to 2024-03-24 00:00:00+00:00, run_after=2024-03-25 00:00:00+00:00
[2024-03-25T20:37:55.573+0000] {processor.py:183} INFO - Processing /home/airflow/.local/lib/python3.8/site-packages/airflow/example_dags/example_bash_operator.py took 0.044 seconds
[2024-03-25T20:38:26.047+0000] {processor.py:161} INFO - Started process (PID=1390) to work on /home/airflow/.local/lib/python3.8/site-packages/airflow/example_dags/example_bash_operator.py
[2024-03-25T20:38:26.048+0000] {processor.py:830} INFO - Processing file /home/airflow/.local/lib/python3.8/site-packages/airflow/example_dags/example_bash_operator.py for tasks to queue
[2024-03-25T20:38:26.049+0000] {logging_mixin.py:188} INFO - [2024-03-25T20:38:26.049+0000] {dagbag.py:540} INFO - Filling up the DagBag from /home/airflow/.local/lib/python3.8/site-packages/airflow/example_dags/example_bash_operator.py
[2024-03-25T20:38:26.054+0000] {processor.py:840} INFO - DAG(s) 'example_bash_operator' retrieved from /home/airflow/.local/lib/python3.8/site-packages/airflow/example_dags/example_bash_operator.py
[2024-03-25T20:38:26.067+0000] {logging_mixin.py:188} INFO - [2024-03-25T20:38:26.067+0000] {dag.py:3047} INFO - Sync 1 DAGs
[2024-03-25T20:38:26.077+0000] {logging_mixin.py:188} INFO - [2024-03-25T20:38:26.077+0000] {dag.py:3834} INFO - Setting next_dagrun for example_bash_operator to 2024-03-24 00:00:00+00:00, run_after=2024-03-25 00:00:00+00:00
[2024-03-25T20:38:26.086+0000] {processor.py:183} INFO - Processing /home/airflow/.local/lib/python3.8/site-packages/airflow/example_dags/example_bash_operator.py took 0.040 seconds
[2024-03-25T20:38:56.478+0000] {processor.py:161} INFO - Started process (PID=1446) to work on /home/airflow/.local/lib/python3.8/site-packages/airflow/example_dags/example_bash_operator.py
[2024-03-25T20:38:56.479+0000] {processor.py:830} INFO - Processing file /home/airflow/.local/lib/python3.8/site-packages/airflow/example_dags/example_bash_operator.py for tasks to queue
[2024-03-25T20:38:56.480+0000] {logging_mixin.py:188} INFO - [2024-03-25T20:38:56.480+0000] {dagbag.py:540} INFO - Filling up the DagBag from /home/airflow/.local/lib/python3.8/site-packages/airflow/example_dags/example_bash_operator.py
[2024-03-25T20:38:56.487+0000] {processor.py:840} INFO - DAG(s) 'example_bash_operator' retrieved from /home/airflow/.local/lib/python3.8/site-packages/airflow/example_dags/example_bash_operator.py
[2024-03-25T20:38:56.500+0000] {logging_mixin.py:188} INFO - [2024-03-25T20:38:56.499+0000] {dag.py:3047} INFO - Sync 1 DAGs
[2024-03-25T20:38:56.510+0000] {logging_mixin.py:188} INFO - [2024-03-25T20:38:56.510+0000] {dag.py:3834} INFO - Setting next_dagrun for example_bash_operator to 2024-03-24 00:00:00+00:00, run_after=2024-03-25 00:00:00+00:00
[2024-03-25T20:38:56.520+0000] {processor.py:183} INFO - Processing /home/airflow/.local/lib/python3.8/site-packages/airflow/example_dags/example_bash_operator.py took 0.043 seconds
[2024-03-25T20:39:27.125+0000] {processor.py:161} INFO - Started process (PID=1502) to work on /home/airflow/.local/lib/python3.8/site-packages/airflow/example_dags/example_bash_operator.py
[2024-03-25T20:39:27.126+0000] {processor.py:830} INFO - Processing file /home/airflow/.local/lib/python3.8/site-packages/airflow/example_dags/example_bash_operator.py for tasks to queue
[2024-03-25T20:39:27.127+0000] {logging_mixin.py:188} INFO - [2024-03-25T20:39:27.127+0000] {dagbag.py:540} INFO - Filling up the DagBag from /home/airflow/.local/lib/python3.8/site-packages/airflow/example_dags/example_bash_operator.py
[2024-03-25T20:39:27.133+0000] {processor.py:840} INFO - DAG(s) 'example_bash_operator' retrieved from /home/airflow/.local/lib/python3.8/site-packages/airflow/example_dags/example_bash_operator.py
[2024-03-25T20:39:27.147+0000] {logging_mixin.py:188} INFO - [2024-03-25T20:39:27.146+0000] {dag.py:3047} INFO - Sync 1 DAGs
[2024-03-25T20:39:27.156+0000] {logging_mixin.py:188} INFO - [2024-03-25T20:39:27.156+0000] {dag.py:3834} INFO - Setting next_dagrun for example_bash_operator to 2024-03-24 00:00:00+00:00, run_after=2024-03-25 00:00:00+00:00
[2024-03-25T20:39:27.164+0000] {processor.py:183} INFO - Processing /home/airflow/.local/lib/python3.8/site-packages/airflow/example_dags/example_bash_operator.py took 0.041 seconds
[2024-03-25T20:39:57.587+0000] {processor.py:161} INFO - Started process (PID=1558) to work on /home/airflow/.local/lib/python3.8/site-packages/airflow/example_dags/example_bash_operator.py
[2024-03-25T20:39:57.588+0000] {processor.py:830} INFO - Processing file /home/airflow/.local/lib/python3.8/site-packages/airflow/example_dags/example_bash_operator.py for tasks to queue
[2024-03-25T20:39:57.589+0000] {logging_mixin.py:188} INFO - [2024-03-25T20:39:57.589+0000] {dagbag.py:540} INFO - Filling up the DagBag from /home/airflow/.local/lib/python3.8/site-packages/airflow/example_dags/example_bash_operator.py
[2024-03-25T20:39:57.595+0000] {processor.py:840} INFO - DAG(s) 'example_bash_operator' retrieved from /home/airflow/.local/lib/python3.8/site-packages/airflow/example_dags/example_bash_operator.py
[2024-03-25T20:39:57.608+0000] {logging_mixin.py:188} INFO - [2024-03-25T20:39:57.608+0000] {dag.py:3047} INFO - Sync 1 DAGs
[2024-03-25T20:39:57.618+0000] {logging_mixin.py:188} INFO - [2024-03-25T20:39:57.618+0000] {dag.py:3834} INFO - Setting next_dagrun for example_bash_operator to 2024-03-24 00:00:00+00:00, run_after=2024-03-25 00:00:00+00:00
[2024-03-25T20:39:57.626+0000] {processor.py:183} INFO - Processing /home/airflow/.local/lib/python3.8/site-packages/airflow/example_dags/example_bash_operator.py took 0.040 seconds
