[2024-03-25T20:19:36.452+0000] {processor.py:161} INFO - Started process (PID=47) to work on /home/airflow/.local/lib/python3.8/site-packages/airflow/example_dags/example_short_circuit_operator.py
[2024-03-25T20:19:36.454+0000] {processor.py:830} INFO - Processing file /home/airflow/.local/lib/python3.8/site-packages/airflow/example_dags/example_short_circuit_operator.py for tasks to queue
[2024-03-25T20:19:36.459+0000] {logging_mixin.py:188} INFO - [2024-03-25T20:19:36.459+0000] {dagbag.py:540} INFO - Filling up the DagBag from /home/airflow/.local/lib/python3.8/site-packages/airflow/example_dags/example_short_circuit_operator.py
[2024-03-25T20:19:36.476+0000] {processor.py:840} INFO - DAG(s) 'example_short_circuit_operator' retrieved from /home/airflow/.local/lib/python3.8/site-packages/airflow/example_dags/example_short_circuit_operator.py
[2024-03-25T20:19:36.508+0000] {logging_mixin.py:188} INFO - [2024-03-25T20:19:36.508+0000] {dag.py:3047} INFO - Sync 1 DAGs
[2024-03-25T20:19:36.536+0000] {logging_mixin.py:188} INFO - [2024-03-25T20:19:36.536+0000] {dag.py:3834} INFO - Setting next_dagrun for example_short_circuit_operator to 2024-03-24 00:00:00+00:00, run_after=2024-03-25 00:00:00+00:00
[2024-03-25T20:19:36.569+0000] {processor.py:183} INFO - Processing /home/airflow/.local/lib/python3.8/site-packages/airflow/example_dags/example_short_circuit_operator.py took 0.122 seconds
[2024-03-25T20:20:07.192+0000] {processor.py:161} INFO - Started process (PID=103) to work on /home/airflow/.local/lib/python3.8/site-packages/airflow/example_dags/example_short_circuit_operator.py
[2024-03-25T20:20:07.193+0000] {processor.py:830} INFO - Processing file /home/airflow/.local/lib/python3.8/site-packages/airflow/example_dags/example_short_circuit_operator.py for tasks to queue
[2024-03-25T20:20:07.194+0000] {logging_mixin.py:188} INFO - [2024-03-25T20:20:07.194+0000] {dagbag.py:540} INFO - Filling up the DagBag from /home/airflow/.local/lib/python3.8/site-packages/airflow/example_dags/example_short_circuit_operator.py
[2024-03-25T20:20:07.198+0000] {processor.py:840} INFO - DAG(s) 'example_short_circuit_operator' retrieved from /home/airflow/.local/lib/python3.8/site-packages/airflow/example_dags/example_short_circuit_operator.py
[2024-03-25T20:20:07.211+0000] {logging_mixin.py:188} INFO - [2024-03-25T20:20:07.211+0000] {dag.py:3047} INFO - Sync 1 DAGs
[2024-03-25T20:20:07.221+0000] {logging_mixin.py:188} INFO - [2024-03-25T20:20:07.221+0000] {dag.py:3834} INFO - Setting next_dagrun for example_short_circuit_operator to 2024-03-24 00:00:00+00:00, run_after=2024-03-25 00:00:00+00:00
[2024-03-25T20:20:07.230+0000] {processor.py:183} INFO - Processing /home/airflow/.local/lib/python3.8/site-packages/airflow/example_dags/example_short_circuit_operator.py took 0.040 seconds
[2024-03-25T20:26:13.916+0000] {processor.py:161} INFO - Started process (PID=46) to work on /home/airflow/.local/lib/python3.8/site-packages/airflow/example_dags/example_short_circuit_operator.py
[2024-03-25T20:26:13.918+0000] {processor.py:830} INFO - Processing file /home/airflow/.local/lib/python3.8/site-packages/airflow/example_dags/example_short_circuit_operator.py for tasks to queue
[2024-03-25T20:26:13.919+0000] {logging_mixin.py:188} INFO - [2024-03-25T20:26:13.919+0000] {dagbag.py:540} INFO - Filling up the DagBag from /home/airflow/.local/lib/python3.8/site-packages/airflow/example_dags/example_short_circuit_operator.py
[2024-03-25T20:26:13.929+0000] {processor.py:840} INFO - DAG(s) 'example_short_circuit_operator' retrieved from /home/airflow/.local/lib/python3.8/site-packages/airflow/example_dags/example_short_circuit_operator.py
[2024-03-25T20:26:13.957+0000] {logging_mixin.py:188} INFO - [2024-03-25T20:26:13.957+0000] {dag.py:3047} INFO - Sync 1 DAGs
[2024-03-25T20:26:13.990+0000] {logging_mixin.py:188} INFO - [2024-03-25T20:26:13.990+0000] {dag.py:3834} INFO - Setting next_dagrun for example_short_circuit_operator to 2024-03-24 00:00:00+00:00, run_after=2024-03-25 00:00:00+00:00
[2024-03-25T20:26:14.015+0000] {processor.py:183} INFO - Processing /home/airflow/.local/lib/python3.8/site-packages/airflow/example_dags/example_short_circuit_operator.py took 0.101 seconds
[2024-03-25T20:26:44.241+0000] {processor.py:161} INFO - Started process (PID=100) to work on /home/airflow/.local/lib/python3.8/site-packages/airflow/example_dags/example_short_circuit_operator.py
[2024-03-25T20:26:44.242+0000] {processor.py:830} INFO - Processing file /home/airflow/.local/lib/python3.8/site-packages/airflow/example_dags/example_short_circuit_operator.py for tasks to queue
[2024-03-25T20:26:44.243+0000] {logging_mixin.py:188} INFO - [2024-03-25T20:26:44.242+0000] {dagbag.py:540} INFO - Filling up the DagBag from /home/airflow/.local/lib/python3.8/site-packages/airflow/example_dags/example_short_circuit_operator.py
[2024-03-25T20:26:44.246+0000] {processor.py:840} INFO - DAG(s) 'example_short_circuit_operator' retrieved from /home/airflow/.local/lib/python3.8/site-packages/airflow/example_dags/example_short_circuit_operator.py
[2024-03-25T20:26:44.258+0000] {logging_mixin.py:188} INFO - [2024-03-25T20:26:44.258+0000] {dag.py:3047} INFO - Sync 1 DAGs
[2024-03-25T20:26:44.269+0000] {logging_mixin.py:188} INFO - [2024-03-25T20:26:44.269+0000] {dag.py:3834} INFO - Setting next_dagrun for example_short_circuit_operator to 2024-03-24 00:00:00+00:00, run_after=2024-03-25 00:00:00+00:00
[2024-03-25T20:26:44.278+0000] {processor.py:183} INFO - Processing /home/airflow/.local/lib/python3.8/site-packages/airflow/example_dags/example_short_circuit_operator.py took 0.038 seconds
[2024-03-25T20:27:14.493+0000] {processor.py:161} INFO - Started process (PID=156) to work on /home/airflow/.local/lib/python3.8/site-packages/airflow/example_dags/example_short_circuit_operator.py
[2024-03-25T20:27:14.494+0000] {processor.py:830} INFO - Processing file /home/airflow/.local/lib/python3.8/site-packages/airflow/example_dags/example_short_circuit_operator.py for tasks to queue
[2024-03-25T20:27:14.495+0000] {logging_mixin.py:188} INFO - [2024-03-25T20:27:14.495+0000] {dagbag.py:540} INFO - Filling up the DagBag from /home/airflow/.local/lib/python3.8/site-packages/airflow/example_dags/example_short_circuit_operator.py
[2024-03-25T20:27:14.499+0000] {processor.py:840} INFO - DAG(s) 'example_short_circuit_operator' retrieved from /home/airflow/.local/lib/python3.8/site-packages/airflow/example_dags/example_short_circuit_operator.py
[2024-03-25T20:27:14.510+0000] {logging_mixin.py:188} INFO - [2024-03-25T20:27:14.510+0000] {dag.py:3047} INFO - Sync 1 DAGs
[2024-03-25T20:27:14.520+0000] {logging_mixin.py:188} INFO - [2024-03-25T20:27:14.520+0000] {dag.py:3834} INFO - Setting next_dagrun for example_short_circuit_operator to 2024-03-24 00:00:00+00:00, run_after=2024-03-25 00:00:00+00:00
[2024-03-25T20:27:14.528+0000] {processor.py:183} INFO - Processing /home/airflow/.local/lib/python3.8/site-packages/airflow/example_dags/example_short_circuit_operator.py took 0.037 seconds
[2024-03-25T20:27:44.628+0000] {processor.py:161} INFO - Started process (PID=212) to work on /home/airflow/.local/lib/python3.8/site-packages/airflow/example_dags/example_short_circuit_operator.py
[2024-03-25T20:27:44.629+0000] {processor.py:830} INFO - Processing file /home/airflow/.local/lib/python3.8/site-packages/airflow/example_dags/example_short_circuit_operator.py for tasks to queue
[2024-03-25T20:27:44.632+0000] {logging_mixin.py:188} INFO - [2024-03-25T20:27:44.632+0000] {dagbag.py:540} INFO - Filling up the DagBag from /home/airflow/.local/lib/python3.8/site-packages/airflow/example_dags/example_short_circuit_operator.py
[2024-03-25T20:27:44.636+0000] {processor.py:840} INFO - DAG(s) 'example_short_circuit_operator' retrieved from /home/airflow/.local/lib/python3.8/site-packages/airflow/example_dags/example_short_circuit_operator.py
[2024-03-25T20:27:44.647+0000] {logging_mixin.py:188} INFO - [2024-03-25T20:27:44.647+0000] {dag.py:3047} INFO - Sync 1 DAGs
[2024-03-25T20:27:44.657+0000] {logging_mixin.py:188} INFO - [2024-03-25T20:27:44.657+0000] {dag.py:3834} INFO - Setting next_dagrun for example_short_circuit_operator to 2024-03-24 00:00:00+00:00, run_after=2024-03-25 00:00:00+00:00
[2024-03-25T20:27:44.665+0000] {processor.py:183} INFO - Processing /home/airflow/.local/lib/python3.8/site-packages/airflow/example_dags/example_short_circuit_operator.py took 0.039 seconds
[2024-03-25T20:28:14.835+0000] {processor.py:161} INFO - Started process (PID=268) to work on /home/airflow/.local/lib/python3.8/site-packages/airflow/example_dags/example_short_circuit_operator.py
[2024-03-25T20:28:14.836+0000] {processor.py:830} INFO - Processing file /home/airflow/.local/lib/python3.8/site-packages/airflow/example_dags/example_short_circuit_operator.py for tasks to queue
[2024-03-25T20:28:14.837+0000] {logging_mixin.py:188} INFO - [2024-03-25T20:28:14.837+0000] {dagbag.py:540} INFO - Filling up the DagBag from /home/airflow/.local/lib/python3.8/site-packages/airflow/example_dags/example_short_circuit_operator.py
[2024-03-25T20:28:14.841+0000] {processor.py:840} INFO - DAG(s) 'example_short_circuit_operator' retrieved from /home/airflow/.local/lib/python3.8/site-packages/airflow/example_dags/example_short_circuit_operator.py
[2024-03-25T20:28:14.853+0000] {logging_mixin.py:188} INFO - [2024-03-25T20:28:14.852+0000] {dag.py:3047} INFO - Sync 1 DAGs
[2024-03-25T20:28:14.863+0000] {logging_mixin.py:188} INFO - [2024-03-25T20:28:14.863+0000] {dag.py:3834} INFO - Setting next_dagrun for example_short_circuit_operator to 2024-03-24 00:00:00+00:00, run_after=2024-03-25 00:00:00+00:00
[2024-03-25T20:28:14.872+0000] {processor.py:183} INFO - Processing /home/airflow/.local/lib/python3.8/site-packages/airflow/example_dags/example_short_circuit_operator.py took 0.039 seconds
[2024-03-25T20:28:44.946+0000] {processor.py:161} INFO - Started process (PID=324) to work on /home/airflow/.local/lib/python3.8/site-packages/airflow/example_dags/example_short_circuit_operator.py
[2024-03-25T20:28:44.946+0000] {processor.py:830} INFO - Processing file /home/airflow/.local/lib/python3.8/site-packages/airflow/example_dags/example_short_circuit_operator.py for tasks to queue
[2024-03-25T20:28:44.947+0000] {logging_mixin.py:188} INFO - [2024-03-25T20:28:44.947+0000] {dagbag.py:540} INFO - Filling up the DagBag from /home/airflow/.local/lib/python3.8/site-packages/airflow/example_dags/example_short_circuit_operator.py
[2024-03-25T20:28:44.951+0000] {processor.py:840} INFO - DAG(s) 'example_short_circuit_operator' retrieved from /home/airflow/.local/lib/python3.8/site-packages/airflow/example_dags/example_short_circuit_operator.py
[2024-03-25T20:28:44.965+0000] {logging_mixin.py:188} INFO - [2024-03-25T20:28:44.965+0000] {dag.py:3047} INFO - Sync 1 DAGs
[2024-03-25T20:28:44.976+0000] {logging_mixin.py:188} INFO - [2024-03-25T20:28:44.976+0000] {dag.py:3834} INFO - Setting next_dagrun for example_short_circuit_operator to 2024-03-24 00:00:00+00:00, run_after=2024-03-25 00:00:00+00:00
[2024-03-25T20:28:44.984+0000] {processor.py:183} INFO - Processing /home/airflow/.local/lib/python3.8/site-packages/airflow/example_dags/example_short_circuit_operator.py took 0.040 seconds
[2024-03-25T20:29:15.223+0000] {processor.py:161} INFO - Started process (PID=380) to work on /home/airflow/.local/lib/python3.8/site-packages/airflow/example_dags/example_short_circuit_operator.py
[2024-03-25T20:29:15.224+0000] {processor.py:830} INFO - Processing file /home/airflow/.local/lib/python3.8/site-packages/airflow/example_dags/example_short_circuit_operator.py for tasks to queue
[2024-03-25T20:29:15.225+0000] {logging_mixin.py:188} INFO - [2024-03-25T20:29:15.225+0000] {dagbag.py:540} INFO - Filling up the DagBag from /home/airflow/.local/lib/python3.8/site-packages/airflow/example_dags/example_short_circuit_operator.py
[2024-03-25T20:29:15.229+0000] {processor.py:840} INFO - DAG(s) 'example_short_circuit_operator' retrieved from /home/airflow/.local/lib/python3.8/site-packages/airflow/example_dags/example_short_circuit_operator.py
[2024-03-25T20:29:15.240+0000] {logging_mixin.py:188} INFO - [2024-03-25T20:29:15.240+0000] {dag.py:3047} INFO - Sync 1 DAGs
[2024-03-25T20:29:15.251+0000] {logging_mixin.py:188} INFO - [2024-03-25T20:29:15.250+0000] {dag.py:3834} INFO - Setting next_dagrun for example_short_circuit_operator to 2024-03-24 00:00:00+00:00, run_after=2024-03-25 00:00:00+00:00
[2024-03-25T20:29:15.259+0000] {processor.py:183} INFO - Processing /home/airflow/.local/lib/python3.8/site-packages/airflow/example_dags/example_short_circuit_operator.py took 0.038 seconds
[2024-03-25T20:29:45.575+0000] {processor.py:161} INFO - Started process (PID=436) to work on /home/airflow/.local/lib/python3.8/site-packages/airflow/example_dags/example_short_circuit_operator.py
[2024-03-25T20:29:45.575+0000] {processor.py:830} INFO - Processing file /home/airflow/.local/lib/python3.8/site-packages/airflow/example_dags/example_short_circuit_operator.py for tasks to queue
[2024-03-25T20:29:45.576+0000] {logging_mixin.py:188} INFO - [2024-03-25T20:29:45.576+0000] {dagbag.py:540} INFO - Filling up the DagBag from /home/airflow/.local/lib/python3.8/site-packages/airflow/example_dags/example_short_circuit_operator.py
[2024-03-25T20:29:45.580+0000] {processor.py:840} INFO - DAG(s) 'example_short_circuit_operator' retrieved from /home/airflow/.local/lib/python3.8/site-packages/airflow/example_dags/example_short_circuit_operator.py
[2024-03-25T20:29:45.591+0000] {logging_mixin.py:188} INFO - [2024-03-25T20:29:45.590+0000] {dag.py:3047} INFO - Sync 1 DAGs
[2024-03-25T20:29:45.600+0000] {logging_mixin.py:188} INFO - [2024-03-25T20:29:45.600+0000] {dag.py:3834} INFO - Setting next_dagrun for example_short_circuit_operator to 2024-03-24 00:00:00+00:00, run_after=2024-03-25 00:00:00+00:00
[2024-03-25T20:29:45.607+0000] {processor.py:183} INFO - Processing /home/airflow/.local/lib/python3.8/site-packages/airflow/example_dags/example_short_circuit_operator.py took 0.034 seconds
[2024-03-25T20:30:15.670+0000] {processor.py:161} INFO - Started process (PID=501) to work on /home/airflow/.local/lib/python3.8/site-packages/airflow/example_dags/example_short_circuit_operator.py
[2024-03-25T20:30:15.671+0000] {processor.py:830} INFO - Processing file /home/airflow/.local/lib/python3.8/site-packages/airflow/example_dags/example_short_circuit_operator.py for tasks to queue
[2024-03-25T20:30:15.672+0000] {logging_mixin.py:188} INFO - [2024-03-25T20:30:15.672+0000] {dagbag.py:540} INFO - Filling up the DagBag from /home/airflow/.local/lib/python3.8/site-packages/airflow/example_dags/example_short_circuit_operator.py
[2024-03-25T20:30:15.678+0000] {processor.py:840} INFO - DAG(s) 'example_short_circuit_operator' retrieved from /home/airflow/.local/lib/python3.8/site-packages/airflow/example_dags/example_short_circuit_operator.py
[2024-03-25T20:30:15.690+0000] {logging_mixin.py:188} INFO - [2024-03-25T20:30:15.690+0000] {dag.py:3047} INFO - Sync 1 DAGs
[2024-03-25T20:30:15.701+0000] {logging_mixin.py:188} INFO - [2024-03-25T20:30:15.701+0000] {dag.py:3834} INFO - Setting next_dagrun for example_short_circuit_operator to 2024-03-24 00:00:00+00:00, run_after=2024-03-25 00:00:00+00:00
[2024-03-25T20:30:15.710+0000] {processor.py:183} INFO - Processing /home/airflow/.local/lib/python3.8/site-packages/airflow/example_dags/example_short_circuit_operator.py took 0.043 seconds
[2024-03-25T20:30:46.766+0000] {processor.py:161} INFO - Started process (PID=557) to work on /home/airflow/.local/lib/python3.8/site-packages/airflow/example_dags/example_short_circuit_operator.py
[2024-03-25T20:30:46.767+0000] {processor.py:830} INFO - Processing file /home/airflow/.local/lib/python3.8/site-packages/airflow/example_dags/example_short_circuit_operator.py for tasks to queue
[2024-03-25T20:30:46.770+0000] {logging_mixin.py:188} INFO - [2024-03-25T20:30:46.770+0000] {dagbag.py:540} INFO - Filling up the DagBag from /home/airflow/.local/lib/python3.8/site-packages/airflow/example_dags/example_short_circuit_operator.py
[2024-03-25T20:30:46.775+0000] {processor.py:840} INFO - DAG(s) 'example_short_circuit_operator' retrieved from /home/airflow/.local/lib/python3.8/site-packages/airflow/example_dags/example_short_circuit_operator.py
[2024-03-25T20:30:46.792+0000] {logging_mixin.py:188} INFO - [2024-03-25T20:30:46.792+0000] {dag.py:3047} INFO - Sync 1 DAGs
[2024-03-25T20:30:46.814+0000] {logging_mixin.py:188} INFO - [2024-03-25T20:30:46.814+0000] {dag.py:3834} INFO - Setting next_dagrun for example_short_circuit_operator to 2024-03-24 00:00:00+00:00, run_after=2024-03-25 00:00:00+00:00
[2024-03-25T20:30:46.832+0000] {processor.py:183} INFO - Processing /home/airflow/.local/lib/python3.8/site-packages/airflow/example_dags/example_short_circuit_operator.py took 0.068 seconds
[2024-03-25T20:31:17.653+0000] {processor.py:161} INFO - Started process (PID=613) to work on /home/airflow/.local/lib/python3.8/site-packages/airflow/example_dags/example_short_circuit_operator.py
[2024-03-25T20:31:17.654+0000] {processor.py:830} INFO - Processing file /home/airflow/.local/lib/python3.8/site-packages/airflow/example_dags/example_short_circuit_operator.py for tasks to queue
[2024-03-25T20:31:17.655+0000] {logging_mixin.py:188} INFO - [2024-03-25T20:31:17.655+0000] {dagbag.py:540} INFO - Filling up the DagBag from /home/airflow/.local/lib/python3.8/site-packages/airflow/example_dags/example_short_circuit_operator.py
[2024-03-25T20:31:17.660+0000] {processor.py:840} INFO - DAG(s) 'example_short_circuit_operator' retrieved from /home/airflow/.local/lib/python3.8/site-packages/airflow/example_dags/example_short_circuit_operator.py
[2024-03-25T20:31:17.678+0000] {logging_mixin.py:188} INFO - [2024-03-25T20:31:17.677+0000] {dag.py:3047} INFO - Sync 1 DAGs
[2024-03-25T20:31:17.692+0000] {logging_mixin.py:188} INFO - [2024-03-25T20:31:17.692+0000] {dag.py:3834} INFO - Setting next_dagrun for example_short_circuit_operator to 2024-03-24 00:00:00+00:00, run_after=2024-03-25 00:00:00+00:00
[2024-03-25T20:31:17.706+0000] {processor.py:183} INFO - Processing /home/airflow/.local/lib/python3.8/site-packages/airflow/example_dags/example_short_circuit_operator.py took 0.056 seconds
[2024-03-25T20:31:48.431+0000] {processor.py:161} INFO - Started process (PID=669) to work on /home/airflow/.local/lib/python3.8/site-packages/airflow/example_dags/example_short_circuit_operator.py
[2024-03-25T20:31:48.432+0000] {processor.py:830} INFO - Processing file /home/airflow/.local/lib/python3.8/site-packages/airflow/example_dags/example_short_circuit_operator.py for tasks to queue
[2024-03-25T20:31:48.433+0000] {logging_mixin.py:188} INFO - [2024-03-25T20:31:48.433+0000] {dagbag.py:540} INFO - Filling up the DagBag from /home/airflow/.local/lib/python3.8/site-packages/airflow/example_dags/example_short_circuit_operator.py
[2024-03-25T20:31:48.438+0000] {processor.py:840} INFO - DAG(s) 'example_short_circuit_operator' retrieved from /home/airflow/.local/lib/python3.8/site-packages/airflow/example_dags/example_short_circuit_operator.py
[2024-03-25T20:31:48.450+0000] {logging_mixin.py:188} INFO - [2024-03-25T20:31:48.450+0000] {dag.py:3047} INFO - Sync 1 DAGs
[2024-03-25T20:31:48.461+0000] {logging_mixin.py:188} INFO - [2024-03-25T20:31:48.461+0000] {dag.py:3834} INFO - Setting next_dagrun for example_short_circuit_operator to 2024-03-24 00:00:00+00:00, run_after=2024-03-25 00:00:00+00:00
[2024-03-25T20:31:48.470+0000] {processor.py:183} INFO - Processing /home/airflow/.local/lib/python3.8/site-packages/airflow/example_dags/example_short_circuit_operator.py took 0.041 seconds
[2024-03-25T20:32:19.017+0000] {processor.py:161} INFO - Started process (PID=725) to work on /home/airflow/.local/lib/python3.8/site-packages/airflow/example_dags/example_short_circuit_operator.py
[2024-03-25T20:32:19.017+0000] {processor.py:830} INFO - Processing file /home/airflow/.local/lib/python3.8/site-packages/airflow/example_dags/example_short_circuit_operator.py for tasks to queue
[2024-03-25T20:32:19.018+0000] {logging_mixin.py:188} INFO - [2024-03-25T20:32:19.018+0000] {dagbag.py:540} INFO - Filling up the DagBag from /home/airflow/.local/lib/python3.8/site-packages/airflow/example_dags/example_short_circuit_operator.py
[2024-03-25T20:32:19.022+0000] {processor.py:840} INFO - DAG(s) 'example_short_circuit_operator' retrieved from /home/airflow/.local/lib/python3.8/site-packages/airflow/example_dags/example_short_circuit_operator.py
[2024-03-25T20:32:19.039+0000] {logging_mixin.py:188} INFO - [2024-03-25T20:32:19.039+0000] {dag.py:3047} INFO - Sync 1 DAGs
[2024-03-25T20:32:19.056+0000] {logging_mixin.py:188} INFO - [2024-03-25T20:32:19.055+0000] {dag.py:3834} INFO - Setting next_dagrun for example_short_circuit_operator to 2024-03-24 00:00:00+00:00, run_after=2024-03-25 00:00:00+00:00
[2024-03-25T20:32:19.081+0000] {processor.py:183} INFO - Processing /home/airflow/.local/lib/python3.8/site-packages/airflow/example_dags/example_short_circuit_operator.py took 0.066 seconds
[2024-03-25T20:32:49.648+0000] {processor.py:161} INFO - Started process (PID=781) to work on /home/airflow/.local/lib/python3.8/site-packages/airflow/example_dags/example_short_circuit_operator.py
[2024-03-25T20:32:49.648+0000] {processor.py:830} INFO - Processing file /home/airflow/.local/lib/python3.8/site-packages/airflow/example_dags/example_short_circuit_operator.py for tasks to queue
[2024-03-25T20:32:49.649+0000] {logging_mixin.py:188} INFO - [2024-03-25T20:32:49.649+0000] {dagbag.py:540} INFO - Filling up the DagBag from /home/airflow/.local/lib/python3.8/site-packages/airflow/example_dags/example_short_circuit_operator.py
[2024-03-25T20:32:49.653+0000] {processor.py:840} INFO - DAG(s) 'example_short_circuit_operator' retrieved from /home/airflow/.local/lib/python3.8/site-packages/airflow/example_dags/example_short_circuit_operator.py
[2024-03-25T20:32:49.665+0000] {logging_mixin.py:188} INFO - [2024-03-25T20:32:49.665+0000] {dag.py:3047} INFO - Sync 1 DAGs
[2024-03-25T20:32:49.675+0000] {logging_mixin.py:188} INFO - [2024-03-25T20:32:49.675+0000] {dag.py:3834} INFO - Setting next_dagrun for example_short_circuit_operator to 2024-03-24 00:00:00+00:00, run_after=2024-03-25 00:00:00+00:00
[2024-03-25T20:32:49.686+0000] {processor.py:183} INFO - Processing /home/airflow/.local/lib/python3.8/site-packages/airflow/example_dags/example_short_circuit_operator.py took 0.040 seconds
[2024-03-25T20:33:20.121+0000] {processor.py:161} INFO - Started process (PID=837) to work on /home/airflow/.local/lib/python3.8/site-packages/airflow/example_dags/example_short_circuit_operator.py
[2024-03-25T20:33:20.122+0000] {processor.py:830} INFO - Processing file /home/airflow/.local/lib/python3.8/site-packages/airflow/example_dags/example_short_circuit_operator.py for tasks to queue
[2024-03-25T20:33:20.123+0000] {logging_mixin.py:188} INFO - [2024-03-25T20:33:20.123+0000] {dagbag.py:540} INFO - Filling up the DagBag from /home/airflow/.local/lib/python3.8/site-packages/airflow/example_dags/example_short_circuit_operator.py
[2024-03-25T20:33:20.128+0000] {processor.py:840} INFO - DAG(s) 'example_short_circuit_operator' retrieved from /home/airflow/.local/lib/python3.8/site-packages/airflow/example_dags/example_short_circuit_operator.py
[2024-03-25T20:33:20.139+0000] {logging_mixin.py:188} INFO - [2024-03-25T20:33:20.139+0000] {dag.py:3047} INFO - Sync 1 DAGs
[2024-03-25T20:33:20.150+0000] {logging_mixin.py:188} INFO - [2024-03-25T20:33:20.150+0000] {dag.py:3834} INFO - Setting next_dagrun for example_short_circuit_operator to 2024-03-24 00:00:00+00:00, run_after=2024-03-25 00:00:00+00:00
[2024-03-25T20:33:20.159+0000] {processor.py:183} INFO - Processing /home/airflow/.local/lib/python3.8/site-packages/airflow/example_dags/example_short_circuit_operator.py took 0.040 seconds
[2024-03-25T20:33:50.562+0000] {processor.py:161} INFO - Started process (PID=893) to work on /home/airflow/.local/lib/python3.8/site-packages/airflow/example_dags/example_short_circuit_operator.py
[2024-03-25T20:33:50.563+0000] {processor.py:830} INFO - Processing file /home/airflow/.local/lib/python3.8/site-packages/airflow/example_dags/example_short_circuit_operator.py for tasks to queue
[2024-03-25T20:33:50.565+0000] {logging_mixin.py:188} INFO - [2024-03-25T20:33:50.564+0000] {dagbag.py:540} INFO - Filling up the DagBag from /home/airflow/.local/lib/python3.8/site-packages/airflow/example_dags/example_short_circuit_operator.py
[2024-03-25T20:33:50.568+0000] {processor.py:840} INFO - DAG(s) 'example_short_circuit_operator' retrieved from /home/airflow/.local/lib/python3.8/site-packages/airflow/example_dags/example_short_circuit_operator.py
[2024-03-25T20:33:50.581+0000] {logging_mixin.py:188} INFO - [2024-03-25T20:33:50.581+0000] {dag.py:3047} INFO - Sync 1 DAGs
[2024-03-25T20:33:50.591+0000] {logging_mixin.py:188} INFO - [2024-03-25T20:33:50.591+0000] {dag.py:3834} INFO - Setting next_dagrun for example_short_circuit_operator to 2024-03-24 00:00:00+00:00, run_after=2024-03-25 00:00:00+00:00
[2024-03-25T20:33:50.600+0000] {processor.py:183} INFO - Processing /home/airflow/.local/lib/python3.8/site-packages/airflow/example_dags/example_short_circuit_operator.py took 0.039 seconds
[2024-03-25T20:34:21.202+0000] {processor.py:161} INFO - Started process (PID=948) to work on /home/airflow/.local/lib/python3.8/site-packages/airflow/example_dags/example_short_circuit_operator.py
[2024-03-25T20:34:21.203+0000] {processor.py:830} INFO - Processing file /home/airflow/.local/lib/python3.8/site-packages/airflow/example_dags/example_short_circuit_operator.py for tasks to queue
[2024-03-25T20:34:21.204+0000] {logging_mixin.py:188} INFO - [2024-03-25T20:34:21.204+0000] {dagbag.py:540} INFO - Filling up the DagBag from /home/airflow/.local/lib/python3.8/site-packages/airflow/example_dags/example_short_circuit_operator.py
[2024-03-25T20:34:21.208+0000] {processor.py:840} INFO - DAG(s) 'example_short_circuit_operator' retrieved from /home/airflow/.local/lib/python3.8/site-packages/airflow/example_dags/example_short_circuit_operator.py
[2024-03-25T20:34:21.220+0000] {logging_mixin.py:188} INFO - [2024-03-25T20:34:21.220+0000] {dag.py:3047} INFO - Sync 1 DAGs
[2024-03-25T20:34:21.231+0000] {logging_mixin.py:188} INFO - [2024-03-25T20:34:21.231+0000] {dag.py:3834} INFO - Setting next_dagrun for example_short_circuit_operator to 2024-03-24 00:00:00+00:00, run_after=2024-03-25 00:00:00+00:00
[2024-03-25T20:34:21.240+0000] {processor.py:183} INFO - Processing /home/airflow/.local/lib/python3.8/site-packages/airflow/example_dags/example_short_circuit_operator.py took 0.039 seconds
[2024-03-25T20:34:52.018+0000] {processor.py:161} INFO - Started process (PID=1004) to work on /home/airflow/.local/lib/python3.8/site-packages/airflow/example_dags/example_short_circuit_operator.py
[2024-03-25T20:34:52.019+0000] {processor.py:830} INFO - Processing file /home/airflow/.local/lib/python3.8/site-packages/airflow/example_dags/example_short_circuit_operator.py for tasks to queue
[2024-03-25T20:34:52.020+0000] {logging_mixin.py:188} INFO - [2024-03-25T20:34:52.020+0000] {dagbag.py:540} INFO - Filling up the DagBag from /home/airflow/.local/lib/python3.8/site-packages/airflow/example_dags/example_short_circuit_operator.py
[2024-03-25T20:34:52.024+0000] {processor.py:840} INFO - DAG(s) 'example_short_circuit_operator' retrieved from /home/airflow/.local/lib/python3.8/site-packages/airflow/example_dags/example_short_circuit_operator.py
[2024-03-25T20:34:52.035+0000] {logging_mixin.py:188} INFO - [2024-03-25T20:34:52.035+0000] {dag.py:3047} INFO - Sync 1 DAGs
[2024-03-25T20:34:52.045+0000] {logging_mixin.py:188} INFO - [2024-03-25T20:34:52.044+0000] {dag.py:3834} INFO - Setting next_dagrun for example_short_circuit_operator to 2024-03-24 00:00:00+00:00, run_after=2024-03-25 00:00:00+00:00
[2024-03-25T20:34:52.053+0000] {processor.py:183} INFO - Processing /home/airflow/.local/lib/python3.8/site-packages/airflow/example_dags/example_short_circuit_operator.py took 0.036 seconds
[2024-03-25T20:35:22.487+0000] {processor.py:161} INFO - Started process (PID=1060) to work on /home/airflow/.local/lib/python3.8/site-packages/airflow/example_dags/example_short_circuit_operator.py
[2024-03-25T20:35:22.487+0000] {processor.py:830} INFO - Processing file /home/airflow/.local/lib/python3.8/site-packages/airflow/example_dags/example_short_circuit_operator.py for tasks to queue
[2024-03-25T20:35:22.488+0000] {logging_mixin.py:188} INFO - [2024-03-25T20:35:22.488+0000] {dagbag.py:540} INFO - Filling up the DagBag from /home/airflow/.local/lib/python3.8/site-packages/airflow/example_dags/example_short_circuit_operator.py
[2024-03-25T20:35:22.493+0000] {processor.py:840} INFO - DAG(s) 'example_short_circuit_operator' retrieved from /home/airflow/.local/lib/python3.8/site-packages/airflow/example_dags/example_short_circuit_operator.py
[2024-03-25T20:35:22.504+0000] {logging_mixin.py:188} INFO - [2024-03-25T20:35:22.504+0000] {dag.py:3047} INFO - Sync 1 DAGs
[2024-03-25T20:35:22.514+0000] {logging_mixin.py:188} INFO - [2024-03-25T20:35:22.514+0000] {dag.py:3834} INFO - Setting next_dagrun for example_short_circuit_operator to 2024-03-24 00:00:00+00:00, run_after=2024-03-25 00:00:00+00:00
[2024-03-25T20:35:22.523+0000] {processor.py:183} INFO - Processing /home/airflow/.local/lib/python3.8/site-packages/airflow/example_dags/example_short_circuit_operator.py took 0.038 seconds
[2024-03-25T20:35:53.088+0000] {processor.py:161} INFO - Started process (PID=1116) to work on /home/airflow/.local/lib/python3.8/site-packages/airflow/example_dags/example_short_circuit_operator.py
[2024-03-25T20:35:53.088+0000] {processor.py:830} INFO - Processing file /home/airflow/.local/lib/python3.8/site-packages/airflow/example_dags/example_short_circuit_operator.py for tasks to queue
[2024-03-25T20:35:53.089+0000] {logging_mixin.py:188} INFO - [2024-03-25T20:35:53.089+0000] {dagbag.py:540} INFO - Filling up the DagBag from /home/airflow/.local/lib/python3.8/site-packages/airflow/example_dags/example_short_circuit_operator.py
[2024-03-25T20:35:53.093+0000] {processor.py:840} INFO - DAG(s) 'example_short_circuit_operator' retrieved from /home/airflow/.local/lib/python3.8/site-packages/airflow/example_dags/example_short_circuit_operator.py
[2024-03-25T20:35:53.105+0000] {logging_mixin.py:188} INFO - [2024-03-25T20:35:53.105+0000] {dag.py:3047} INFO - Sync 1 DAGs
[2024-03-25T20:35:53.119+0000] {logging_mixin.py:188} INFO - [2024-03-25T20:35:53.118+0000] {dag.py:3834} INFO - Setting next_dagrun for example_short_circuit_operator to 2024-03-24 00:00:00+00:00, run_after=2024-03-25 00:00:00+00:00
[2024-03-25T20:35:53.143+0000] {processor.py:183} INFO - Processing /home/airflow/.local/lib/python3.8/site-packages/airflow/example_dags/example_short_circuit_operator.py took 0.057 seconds
[2024-03-25T20:36:23.557+0000] {processor.py:161} INFO - Started process (PID=1172) to work on /home/airflow/.local/lib/python3.8/site-packages/airflow/example_dags/example_short_circuit_operator.py
[2024-03-25T20:36:23.557+0000] {processor.py:830} INFO - Processing file /home/airflow/.local/lib/python3.8/site-packages/airflow/example_dags/example_short_circuit_operator.py for tasks to queue
[2024-03-25T20:36:23.558+0000] {logging_mixin.py:188} INFO - [2024-03-25T20:36:23.558+0000] {dagbag.py:540} INFO - Filling up the DagBag from /home/airflow/.local/lib/python3.8/site-packages/airflow/example_dags/example_short_circuit_operator.py
[2024-03-25T20:36:23.562+0000] {processor.py:840} INFO - DAG(s) 'example_short_circuit_operator' retrieved from /home/airflow/.local/lib/python3.8/site-packages/airflow/example_dags/example_short_circuit_operator.py
[2024-03-25T20:36:23.574+0000] {logging_mixin.py:188} INFO - [2024-03-25T20:36:23.574+0000] {dag.py:3047} INFO - Sync 1 DAGs
[2024-03-25T20:36:23.585+0000] {logging_mixin.py:188} INFO - [2024-03-25T20:36:23.585+0000] {dag.py:3834} INFO - Setting next_dagrun for example_short_circuit_operator to 2024-03-24 00:00:00+00:00, run_after=2024-03-25 00:00:00+00:00
[2024-03-25T20:36:23.594+0000] {processor.py:183} INFO - Processing /home/airflow/.local/lib/python3.8/site-packages/airflow/example_dags/example_short_circuit_operator.py took 0.039 seconds
[2024-03-25T20:36:54.209+0000] {processor.py:161} INFO - Started process (PID=1227) to work on /home/airflow/.local/lib/python3.8/site-packages/airflow/example_dags/example_short_circuit_operator.py
[2024-03-25T20:36:54.209+0000] {processor.py:830} INFO - Processing file /home/airflow/.local/lib/python3.8/site-packages/airflow/example_dags/example_short_circuit_operator.py for tasks to queue
[2024-03-25T20:36:54.211+0000] {logging_mixin.py:188} INFO - [2024-03-25T20:36:54.210+0000] {dagbag.py:540} INFO - Filling up the DagBag from /home/airflow/.local/lib/python3.8/site-packages/airflow/example_dags/example_short_circuit_operator.py
[2024-03-25T20:36:54.215+0000] {processor.py:840} INFO - DAG(s) 'example_short_circuit_operator' retrieved from /home/airflow/.local/lib/python3.8/site-packages/airflow/example_dags/example_short_circuit_operator.py
[2024-03-25T20:36:54.227+0000] {logging_mixin.py:188} INFO - [2024-03-25T20:36:54.227+0000] {dag.py:3047} INFO - Sync 1 DAGs
[2024-03-25T20:36:54.237+0000] {logging_mixin.py:188} INFO - [2024-03-25T20:36:54.237+0000] {dag.py:3834} INFO - Setting next_dagrun for example_short_circuit_operator to 2024-03-24 00:00:00+00:00, run_after=2024-03-25 00:00:00+00:00
[2024-03-25T20:36:54.247+0000] {processor.py:183} INFO - Processing /home/airflow/.local/lib/python3.8/site-packages/airflow/example_dags/example_short_circuit_operator.py took 0.040 seconds
[2024-03-25T20:37:24.850+0000] {processor.py:161} INFO - Started process (PID=1283) to work on /home/airflow/.local/lib/python3.8/site-packages/airflow/example_dags/example_short_circuit_operator.py
[2024-03-25T20:37:24.850+0000] {processor.py:830} INFO - Processing file /home/airflow/.local/lib/python3.8/site-packages/airflow/example_dags/example_short_circuit_operator.py for tasks to queue
[2024-03-25T20:37:24.852+0000] {logging_mixin.py:188} INFO - [2024-03-25T20:37:24.851+0000] {dagbag.py:540} INFO - Filling up the DagBag from /home/airflow/.local/lib/python3.8/site-packages/airflow/example_dags/example_short_circuit_operator.py
[2024-03-25T20:37:24.856+0000] {processor.py:840} INFO - DAG(s) 'example_short_circuit_operator' retrieved from /home/airflow/.local/lib/python3.8/site-packages/airflow/example_dags/example_short_circuit_operator.py
[2024-03-25T20:37:24.867+0000] {logging_mixin.py:188} INFO - [2024-03-25T20:37:24.867+0000] {dag.py:3047} INFO - Sync 1 DAGs
[2024-03-25T20:37:24.878+0000] {logging_mixin.py:188} INFO - [2024-03-25T20:37:24.878+0000] {dag.py:3834} INFO - Setting next_dagrun for example_short_circuit_operator to 2024-03-24 00:00:00+00:00, run_after=2024-03-25 00:00:00+00:00
[2024-03-25T20:37:24.887+0000] {processor.py:183} INFO - Processing /home/airflow/.local/lib/python3.8/site-packages/airflow/example_dags/example_short_circuit_operator.py took 0.039 seconds
[2024-03-25T20:37:55.632+0000] {processor.py:161} INFO - Started process (PID=1339) to work on /home/airflow/.local/lib/python3.8/site-packages/airflow/example_dags/example_short_circuit_operator.py
[2024-03-25T20:37:55.633+0000] {processor.py:830} INFO - Processing file /home/airflow/.local/lib/python3.8/site-packages/airflow/example_dags/example_short_circuit_operator.py for tasks to queue
[2024-03-25T20:37:55.634+0000] {logging_mixin.py:188} INFO - [2024-03-25T20:37:55.633+0000] {dagbag.py:540} INFO - Filling up the DagBag from /home/airflow/.local/lib/python3.8/site-packages/airflow/example_dags/example_short_circuit_operator.py
[2024-03-25T20:37:55.637+0000] {processor.py:840} INFO - DAG(s) 'example_short_circuit_operator' retrieved from /home/airflow/.local/lib/python3.8/site-packages/airflow/example_dags/example_short_circuit_operator.py
[2024-03-25T20:37:55.649+0000] {logging_mixin.py:188} INFO - [2024-03-25T20:37:55.649+0000] {dag.py:3047} INFO - Sync 1 DAGs
[2024-03-25T20:37:55.660+0000] {logging_mixin.py:188} INFO - [2024-03-25T20:37:55.660+0000] {dag.py:3834} INFO - Setting next_dagrun for example_short_circuit_operator to 2024-03-24 00:00:00+00:00, run_after=2024-03-25 00:00:00+00:00
[2024-03-25T20:37:55.669+0000] {processor.py:183} INFO - Processing /home/airflow/.local/lib/python3.8/site-packages/airflow/example_dags/example_short_circuit_operator.py took 0.039 seconds
[2024-03-25T20:38:26.145+0000] {processor.py:161} INFO - Started process (PID=1395) to work on /home/airflow/.local/lib/python3.8/site-packages/airflow/example_dags/example_short_circuit_operator.py
[2024-03-25T20:38:26.146+0000] {processor.py:830} INFO - Processing file /home/airflow/.local/lib/python3.8/site-packages/airflow/example_dags/example_short_circuit_operator.py for tasks to queue
[2024-03-25T20:38:26.147+0000] {logging_mixin.py:188} INFO - [2024-03-25T20:38:26.147+0000] {dagbag.py:540} INFO - Filling up the DagBag from /home/airflow/.local/lib/python3.8/site-packages/airflow/example_dags/example_short_circuit_operator.py
[2024-03-25T20:38:26.151+0000] {processor.py:840} INFO - DAG(s) 'example_short_circuit_operator' retrieved from /home/airflow/.local/lib/python3.8/site-packages/airflow/example_dags/example_short_circuit_operator.py
[2024-03-25T20:38:26.163+0000] {logging_mixin.py:188} INFO - [2024-03-25T20:38:26.163+0000] {dag.py:3047} INFO - Sync 1 DAGs
[2024-03-25T20:38:26.173+0000] {logging_mixin.py:188} INFO - [2024-03-25T20:38:26.173+0000] {dag.py:3834} INFO - Setting next_dagrun for example_short_circuit_operator to 2024-03-24 00:00:00+00:00, run_after=2024-03-25 00:00:00+00:00
[2024-03-25T20:38:26.183+0000] {processor.py:183} INFO - Processing /home/airflow/.local/lib/python3.8/site-packages/airflow/example_dags/example_short_circuit_operator.py took 0.039 seconds
[2024-03-25T20:38:56.584+0000] {processor.py:161} INFO - Started process (PID=1451) to work on /home/airflow/.local/lib/python3.8/site-packages/airflow/example_dags/example_short_circuit_operator.py
[2024-03-25T20:38:56.584+0000] {processor.py:830} INFO - Processing file /home/airflow/.local/lib/python3.8/site-packages/airflow/example_dags/example_short_circuit_operator.py for tasks to queue
[2024-03-25T20:38:56.585+0000] {logging_mixin.py:188} INFO - [2024-03-25T20:38:56.585+0000] {dagbag.py:540} INFO - Filling up the DagBag from /home/airflow/.local/lib/python3.8/site-packages/airflow/example_dags/example_short_circuit_operator.py
[2024-03-25T20:38:56.589+0000] {processor.py:840} INFO - DAG(s) 'example_short_circuit_operator' retrieved from /home/airflow/.local/lib/python3.8/site-packages/airflow/example_dags/example_short_circuit_operator.py
[2024-03-25T20:38:56.601+0000] {logging_mixin.py:188} INFO - [2024-03-25T20:38:56.601+0000] {dag.py:3047} INFO - Sync 1 DAGs
[2024-03-25T20:38:56.612+0000] {logging_mixin.py:188} INFO - [2024-03-25T20:38:56.612+0000] {dag.py:3834} INFO - Setting next_dagrun for example_short_circuit_operator to 2024-03-24 00:00:00+00:00, run_after=2024-03-25 00:00:00+00:00
[2024-03-25T20:38:56.622+0000] {processor.py:183} INFO - Processing /home/airflow/.local/lib/python3.8/site-packages/airflow/example_dags/example_short_circuit_operator.py took 0.040 seconds
[2024-03-25T20:39:27.264+0000] {processor.py:161} INFO - Started process (PID=1507) to work on /home/airflow/.local/lib/python3.8/site-packages/airflow/example_dags/example_short_circuit_operator.py
[2024-03-25T20:39:27.264+0000] {processor.py:830} INFO - Processing file /home/airflow/.local/lib/python3.8/site-packages/airflow/example_dags/example_short_circuit_operator.py for tasks to queue
[2024-03-25T20:39:27.265+0000] {logging_mixin.py:188} INFO - [2024-03-25T20:39:27.265+0000] {dagbag.py:540} INFO - Filling up the DagBag from /home/airflow/.local/lib/python3.8/site-packages/airflow/example_dags/example_short_circuit_operator.py
[2024-03-25T20:39:27.270+0000] {processor.py:840} INFO - DAG(s) 'example_short_circuit_operator' retrieved from /home/airflow/.local/lib/python3.8/site-packages/airflow/example_dags/example_short_circuit_operator.py
[2024-03-25T20:39:27.281+0000] {logging_mixin.py:188} INFO - [2024-03-25T20:39:27.281+0000] {dag.py:3047} INFO - Sync 1 DAGs
[2024-03-25T20:39:27.291+0000] {logging_mixin.py:188} INFO - [2024-03-25T20:39:27.291+0000] {dag.py:3834} INFO - Setting next_dagrun for example_short_circuit_operator to 2024-03-24 00:00:00+00:00, run_after=2024-03-25 00:00:00+00:00
[2024-03-25T20:39:27.300+0000] {processor.py:183} INFO - Processing /home/airflow/.local/lib/python3.8/site-packages/airflow/example_dags/example_short_circuit_operator.py took 0.038 seconds
[2024-03-25T20:39:57.724+0000] {processor.py:161} INFO - Started process (PID=1563) to work on /home/airflow/.local/lib/python3.8/site-packages/airflow/example_dags/example_short_circuit_operator.py
[2024-03-25T20:39:57.724+0000] {processor.py:830} INFO - Processing file /home/airflow/.local/lib/python3.8/site-packages/airflow/example_dags/example_short_circuit_operator.py for tasks to queue
[2024-03-25T20:39:57.725+0000] {logging_mixin.py:188} INFO - [2024-03-25T20:39:57.725+0000] {dagbag.py:540} INFO - Filling up the DagBag from /home/airflow/.local/lib/python3.8/site-packages/airflow/example_dags/example_short_circuit_operator.py
[2024-03-25T20:39:57.729+0000] {processor.py:840} INFO - DAG(s) 'example_short_circuit_operator' retrieved from /home/airflow/.local/lib/python3.8/site-packages/airflow/example_dags/example_short_circuit_operator.py
[2024-03-25T20:39:57.742+0000] {logging_mixin.py:188} INFO - [2024-03-25T20:39:57.742+0000] {dag.py:3047} INFO - Sync 1 DAGs
[2024-03-25T20:39:57.753+0000] {logging_mixin.py:188} INFO - [2024-03-25T20:39:57.753+0000] {dag.py:3834} INFO - Setting next_dagrun for example_short_circuit_operator to 2024-03-24 00:00:00+00:00, run_after=2024-03-25 00:00:00+00:00
[2024-03-25T20:39:57.762+0000] {processor.py:183} INFO - Processing /home/airflow/.local/lib/python3.8/site-packages/airflow/example_dags/example_short_circuit_operator.py took 0.040 seconds
