[2024-03-25T20:19:37.556+0000] {processor.py:161} INFO - Started process (PID=63) to work on /home/airflow/.local/lib/python3.8/site-packages/airflow/example_dags/example_external_task_marker_dag.py
[2024-03-25T20:19:37.557+0000] {processor.py:830} INFO - Processing file /home/airflow/.local/lib/python3.8/site-packages/airflow/example_dags/example_external_task_marker_dag.py for tasks to queue
[2024-03-25T20:19:37.558+0000] {logging_mixin.py:188} INFO - [2024-03-25T20:19:37.558+0000] {dagbag.py:540} INFO - Filling up the DagBag from /home/airflow/.local/lib/python3.8/site-packages/airflow/example_dags/example_external_task_marker_dag.py
[2024-03-25T20:19:37.562+0000] {processor.py:840} INFO - DAG(s) 'example_external_task_marker_child', 'example_external_task_marker_parent' retrieved from /home/airflow/.local/lib/python3.8/site-packages/airflow/example_dags/example_external_task_marker_dag.py
[2024-03-25T20:19:37.575+0000] {logging_mixin.py:188} INFO - [2024-03-25T20:19:37.575+0000] {dag.py:3047} INFO - Sync 2 DAGs
[2024-03-25T20:19:37.584+0000] {logging_mixin.py:188} INFO - [2024-03-25T20:19:37.583+0000] {dag.py:3834} INFO - Setting next_dagrun for example_external_task_marker_child to None, run_after=None
[2024-03-25T20:19:37.586+0000] {logging_mixin.py:188} INFO - [2024-03-25T20:19:37.586+0000] {dag.py:3834} INFO - Setting next_dagrun for example_external_task_marker_parent to None, run_after=None
[2024-03-25T20:19:37.596+0000] {processor.py:183} INFO - Processing /home/airflow/.local/lib/python3.8/site-packages/airflow/example_dags/example_external_task_marker_dag.py took 0.041 seconds
[2024-03-25T20:20:07.983+0000] {processor.py:161} INFO - Started process (PID=119) to work on /home/airflow/.local/lib/python3.8/site-packages/airflow/example_dags/example_external_task_marker_dag.py
[2024-03-25T20:20:07.984+0000] {processor.py:830} INFO - Processing file /home/airflow/.local/lib/python3.8/site-packages/airflow/example_dags/example_external_task_marker_dag.py for tasks to queue
[2024-03-25T20:20:07.986+0000] {logging_mixin.py:188} INFO - [2024-03-25T20:20:07.985+0000] {dagbag.py:540} INFO - Filling up the DagBag from /home/airflow/.local/lib/python3.8/site-packages/airflow/example_dags/example_external_task_marker_dag.py
[2024-03-25T20:20:07.990+0000] {processor.py:840} INFO - DAG(s) 'example_external_task_marker_parent', 'example_external_task_marker_child' retrieved from /home/airflow/.local/lib/python3.8/site-packages/airflow/example_dags/example_external_task_marker_dag.py
[2024-03-25T20:20:08.003+0000] {logging_mixin.py:188} INFO - [2024-03-25T20:20:08.003+0000] {dag.py:3047} INFO - Sync 2 DAGs
[2024-03-25T20:20:08.010+0000] {logging_mixin.py:188} INFO - [2024-03-25T20:20:08.010+0000] {dag.py:3834} INFO - Setting next_dagrun for example_external_task_marker_child to None, run_after=None
[2024-03-25T20:20:08.012+0000] {logging_mixin.py:188} INFO - [2024-03-25T20:20:08.012+0000] {dag.py:3834} INFO - Setting next_dagrun for example_external_task_marker_parent to None, run_after=None
[2024-03-25T20:20:08.021+0000] {processor.py:183} INFO - Processing /home/airflow/.local/lib/python3.8/site-packages/airflow/example_dags/example_external_task_marker_dag.py took 0.040 seconds
[2024-03-25T20:26:14.803+0000] {processor.py:161} INFO - Started process (PID=62) to work on /home/airflow/.local/lib/python3.8/site-packages/airflow/example_dags/example_external_task_marker_dag.py
[2024-03-25T20:26:14.805+0000] {processor.py:830} INFO - Processing file /home/airflow/.local/lib/python3.8/site-packages/airflow/example_dags/example_external_task_marker_dag.py for tasks to queue
[2024-03-25T20:26:14.806+0000] {logging_mixin.py:188} INFO - [2024-03-25T20:26:14.806+0000] {dagbag.py:540} INFO - Filling up the DagBag from /home/airflow/.local/lib/python3.8/site-packages/airflow/example_dags/example_external_task_marker_dag.py
[2024-03-25T20:26:14.810+0000] {processor.py:840} INFO - DAG(s) 'example_external_task_marker_parent', 'example_external_task_marker_child' retrieved from /home/airflow/.local/lib/python3.8/site-packages/airflow/example_dags/example_external_task_marker_dag.py
[2024-03-25T20:26:14.823+0000] {logging_mixin.py:188} INFO - [2024-03-25T20:26:14.823+0000] {dag.py:3047} INFO - Sync 2 DAGs
[2024-03-25T20:26:14.831+0000] {logging_mixin.py:188} INFO - [2024-03-25T20:26:14.831+0000] {dag.py:3834} INFO - Setting next_dagrun for example_external_task_marker_child to None, run_after=None
[2024-03-25T20:26:14.833+0000] {logging_mixin.py:188} INFO - [2024-03-25T20:26:14.833+0000] {dag.py:3834} INFO - Setting next_dagrun for example_external_task_marker_parent to None, run_after=None
[2024-03-25T20:26:14.857+0000] {processor.py:183} INFO - Processing /home/airflow/.local/lib/python3.8/site-packages/airflow/example_dags/example_external_task_marker_dag.py took 0.055 seconds
[2024-03-25T20:26:45.005+0000] {processor.py:161} INFO - Started process (PID=117) to work on /home/airflow/.local/lib/python3.8/site-packages/airflow/example_dags/example_external_task_marker_dag.py
[2024-03-25T20:26:45.006+0000] {processor.py:830} INFO - Processing file /home/airflow/.local/lib/python3.8/site-packages/airflow/example_dags/example_external_task_marker_dag.py for tasks to queue
[2024-03-25T20:26:45.007+0000] {logging_mixin.py:188} INFO - [2024-03-25T20:26:45.007+0000] {dagbag.py:540} INFO - Filling up the DagBag from /home/airflow/.local/lib/python3.8/site-packages/airflow/example_dags/example_external_task_marker_dag.py
[2024-03-25T20:26:45.010+0000] {processor.py:840} INFO - DAG(s) 'example_external_task_marker_parent', 'example_external_task_marker_child' retrieved from /home/airflow/.local/lib/python3.8/site-packages/airflow/example_dags/example_external_task_marker_dag.py
[2024-03-25T20:26:45.021+0000] {logging_mixin.py:188} INFO - [2024-03-25T20:26:45.021+0000] {dag.py:3047} INFO - Sync 2 DAGs
[2024-03-25T20:26:45.027+0000] {logging_mixin.py:188} INFO - [2024-03-25T20:26:45.027+0000] {dag.py:3834} INFO - Setting next_dagrun for example_external_task_marker_child to None, run_after=None
[2024-03-25T20:26:45.029+0000] {logging_mixin.py:188} INFO - [2024-03-25T20:26:45.029+0000] {dag.py:3834} INFO - Setting next_dagrun for example_external_task_marker_parent to None, run_after=None
[2024-03-25T20:26:45.036+0000] {processor.py:183} INFO - Processing /home/airflow/.local/lib/python3.8/site-packages/airflow/example_dags/example_external_task_marker_dag.py took 0.033 seconds
[2024-03-25T20:27:16.211+0000] {processor.py:161} INFO - Started process (PID=173) to work on /home/airflow/.local/lib/python3.8/site-packages/airflow/example_dags/example_external_task_marker_dag.py
[2024-03-25T20:27:16.211+0000] {processor.py:830} INFO - Processing file /home/airflow/.local/lib/python3.8/site-packages/airflow/example_dags/example_external_task_marker_dag.py for tasks to queue
[2024-03-25T20:27:16.212+0000] {logging_mixin.py:188} INFO - [2024-03-25T20:27:16.212+0000] {dagbag.py:540} INFO - Filling up the DagBag from /home/airflow/.local/lib/python3.8/site-packages/airflow/example_dags/example_external_task_marker_dag.py
[2024-03-25T20:27:16.216+0000] {processor.py:840} INFO - DAG(s) 'example_external_task_marker_parent', 'example_external_task_marker_child' retrieved from /home/airflow/.local/lib/python3.8/site-packages/airflow/example_dags/example_external_task_marker_dag.py
[2024-03-25T20:27:16.229+0000] {logging_mixin.py:188} INFO - [2024-03-25T20:27:16.229+0000] {dag.py:3047} INFO - Sync 2 DAGs
[2024-03-25T20:27:16.235+0000] {logging_mixin.py:188} INFO - [2024-03-25T20:27:16.235+0000] {dag.py:3834} INFO - Setting next_dagrun for example_external_task_marker_child to None, run_after=None
[2024-03-25T20:27:16.237+0000] {logging_mixin.py:188} INFO - [2024-03-25T20:27:16.237+0000] {dag.py:3834} INFO - Setting next_dagrun for example_external_task_marker_parent to None, run_after=None
[2024-03-25T20:27:16.247+0000] {processor.py:183} INFO - Processing /home/airflow/.local/lib/python3.8/site-packages/airflow/example_dags/example_external_task_marker_dag.py took 0.038 seconds
[2024-03-25T20:27:47.233+0000] {processor.py:161} INFO - Started process (PID=229) to work on /home/airflow/.local/lib/python3.8/site-packages/airflow/example_dags/example_external_task_marker_dag.py
[2024-03-25T20:27:47.234+0000] {processor.py:830} INFO - Processing file /home/airflow/.local/lib/python3.8/site-packages/airflow/example_dags/example_external_task_marker_dag.py for tasks to queue
[2024-03-25T20:27:47.235+0000] {logging_mixin.py:188} INFO - [2024-03-25T20:27:47.235+0000] {dagbag.py:540} INFO - Filling up the DagBag from /home/airflow/.local/lib/python3.8/site-packages/airflow/example_dags/example_external_task_marker_dag.py
[2024-03-25T20:27:47.239+0000] {processor.py:840} INFO - DAG(s) 'example_external_task_marker_parent', 'example_external_task_marker_child' retrieved from /home/airflow/.local/lib/python3.8/site-packages/airflow/example_dags/example_external_task_marker_dag.py
[2024-03-25T20:27:47.251+0000] {logging_mixin.py:188} INFO - [2024-03-25T20:27:47.251+0000] {dag.py:3047} INFO - Sync 2 DAGs
[2024-03-25T20:27:47.258+0000] {logging_mixin.py:188} INFO - [2024-03-25T20:27:47.257+0000] {dag.py:3834} INFO - Setting next_dagrun for example_external_task_marker_child to None, run_after=None
[2024-03-25T20:27:47.259+0000] {logging_mixin.py:188} INFO - [2024-03-25T20:27:47.259+0000] {dag.py:3834} INFO - Setting next_dagrun for example_external_task_marker_parent to None, run_after=None
[2024-03-25T20:27:47.267+0000] {processor.py:183} INFO - Processing /home/airflow/.local/lib/python3.8/site-packages/airflow/example_dags/example_external_task_marker_dag.py took 0.035 seconds
[2024-03-25T20:28:18.278+0000] {processor.py:161} INFO - Started process (PID=285) to work on /home/airflow/.local/lib/python3.8/site-packages/airflow/example_dags/example_external_task_marker_dag.py
[2024-03-25T20:28:18.278+0000] {processor.py:830} INFO - Processing file /home/airflow/.local/lib/python3.8/site-packages/airflow/example_dags/example_external_task_marker_dag.py for tasks to queue
[2024-03-25T20:28:18.279+0000] {logging_mixin.py:188} INFO - [2024-03-25T20:28:18.279+0000] {dagbag.py:540} INFO - Filling up the DagBag from /home/airflow/.local/lib/python3.8/site-packages/airflow/example_dags/example_external_task_marker_dag.py
[2024-03-25T20:28:18.282+0000] {processor.py:840} INFO - DAG(s) 'example_external_task_marker_child', 'example_external_task_marker_parent' retrieved from /home/airflow/.local/lib/python3.8/site-packages/airflow/example_dags/example_external_task_marker_dag.py
[2024-03-25T20:28:18.293+0000] {logging_mixin.py:188} INFO - [2024-03-25T20:28:18.293+0000] {dag.py:3047} INFO - Sync 2 DAGs
[2024-03-25T20:28:18.300+0000] {logging_mixin.py:188} INFO - [2024-03-25T20:28:18.300+0000] {dag.py:3834} INFO - Setting next_dagrun for example_external_task_marker_child to None, run_after=None
[2024-03-25T20:28:18.302+0000] {logging_mixin.py:188} INFO - [2024-03-25T20:28:18.302+0000] {dag.py:3834} INFO - Setting next_dagrun for example_external_task_marker_parent to None, run_after=None
[2024-03-25T20:28:18.310+0000] {processor.py:183} INFO - Processing /home/airflow/.local/lib/python3.8/site-packages/airflow/example_dags/example_external_task_marker_dag.py took 0.034 seconds
[2024-03-25T20:28:48.445+0000] {processor.py:161} INFO - Started process (PID=340) to work on /home/airflow/.local/lib/python3.8/site-packages/airflow/example_dags/example_external_task_marker_dag.py
[2024-03-25T20:28:48.447+0000] {processor.py:830} INFO - Processing file /home/airflow/.local/lib/python3.8/site-packages/airflow/example_dags/example_external_task_marker_dag.py for tasks to queue
[2024-03-25T20:28:48.449+0000] {logging_mixin.py:188} INFO - [2024-03-25T20:28:48.449+0000] {dagbag.py:540} INFO - Filling up the DagBag from /home/airflow/.local/lib/python3.8/site-packages/airflow/example_dags/example_external_task_marker_dag.py
[2024-03-25T20:28:48.456+0000] {processor.py:840} INFO - DAG(s) 'example_external_task_marker_parent', 'example_external_task_marker_child' retrieved from /home/airflow/.local/lib/python3.8/site-packages/airflow/example_dags/example_external_task_marker_dag.py
[2024-03-25T20:28:48.479+0000] {logging_mixin.py:188} INFO - [2024-03-25T20:28:48.479+0000] {dag.py:3047} INFO - Sync 2 DAGs
[2024-03-25T20:28:48.488+0000] {logging_mixin.py:188} INFO - [2024-03-25T20:28:48.488+0000] {dag.py:3834} INFO - Setting next_dagrun for example_external_task_marker_child to None, run_after=None
[2024-03-25T20:28:48.491+0000] {logging_mixin.py:188} INFO - [2024-03-25T20:28:48.490+0000] {dag.py:3834} INFO - Setting next_dagrun for example_external_task_marker_parent to None, run_after=None
[2024-03-25T20:28:48.501+0000] {processor.py:183} INFO - Processing /home/airflow/.local/lib/python3.8/site-packages/airflow/example_dags/example_external_task_marker_dag.py took 0.060 seconds
[2024-03-25T20:29:18.670+0000] {processor.py:161} INFO - Started process (PID=396) to work on /home/airflow/.local/lib/python3.8/site-packages/airflow/example_dags/example_external_task_marker_dag.py
[2024-03-25T20:29:18.671+0000] {processor.py:830} INFO - Processing file /home/airflow/.local/lib/python3.8/site-packages/airflow/example_dags/example_external_task_marker_dag.py for tasks to queue
[2024-03-25T20:29:18.674+0000] {logging_mixin.py:188} INFO - [2024-03-25T20:29:18.674+0000] {dagbag.py:540} INFO - Filling up the DagBag from /home/airflow/.local/lib/python3.8/site-packages/airflow/example_dags/example_external_task_marker_dag.py
[2024-03-25T20:29:18.681+0000] {processor.py:840} INFO - DAG(s) 'example_external_task_marker_child', 'example_external_task_marker_parent' retrieved from /home/airflow/.local/lib/python3.8/site-packages/airflow/example_dags/example_external_task_marker_dag.py
[2024-03-25T20:29:18.706+0000] {logging_mixin.py:188} INFO - [2024-03-25T20:29:18.706+0000] {dag.py:3047} INFO - Sync 2 DAGs
[2024-03-25T20:29:18.714+0000] {logging_mixin.py:188} INFO - [2024-03-25T20:29:18.714+0000] {dag.py:3834} INFO - Setting next_dagrun for example_external_task_marker_child to None, run_after=None
[2024-03-25T20:29:18.718+0000] {logging_mixin.py:188} INFO - [2024-03-25T20:29:18.717+0000] {dag.py:3834} INFO - Setting next_dagrun for example_external_task_marker_parent to None, run_after=None
[2024-03-25T20:29:18.729+0000] {processor.py:183} INFO - Processing /home/airflow/.local/lib/python3.8/site-packages/airflow/example_dags/example_external_task_marker_dag.py took 0.065 seconds
[2024-03-25T20:29:48.988+0000] {processor.py:161} INFO - Started process (PID=452) to work on /home/airflow/.local/lib/python3.8/site-packages/airflow/example_dags/example_external_task_marker_dag.py
[2024-03-25T20:29:48.988+0000] {processor.py:830} INFO - Processing file /home/airflow/.local/lib/python3.8/site-packages/airflow/example_dags/example_external_task_marker_dag.py for tasks to queue
[2024-03-25T20:29:48.989+0000] {logging_mixin.py:188} INFO - [2024-03-25T20:29:48.989+0000] {dagbag.py:540} INFO - Filling up the DagBag from /home/airflow/.local/lib/python3.8/site-packages/airflow/example_dags/example_external_task_marker_dag.py
[2024-03-25T20:29:48.992+0000] {processor.py:840} INFO - DAG(s) 'example_external_task_marker_parent', 'example_external_task_marker_child' retrieved from /home/airflow/.local/lib/python3.8/site-packages/airflow/example_dags/example_external_task_marker_dag.py
[2024-03-25T20:29:49.004+0000] {logging_mixin.py:188} INFO - [2024-03-25T20:29:49.004+0000] {dag.py:3047} INFO - Sync 2 DAGs
[2024-03-25T20:29:49.009+0000] {logging_mixin.py:188} INFO - [2024-03-25T20:29:49.009+0000] {dag.py:3834} INFO - Setting next_dagrun for example_external_task_marker_child to None, run_after=None
[2024-03-25T20:29:49.011+0000] {logging_mixin.py:188} INFO - [2024-03-25T20:29:49.011+0000] {dag.py:3834} INFO - Setting next_dagrun for example_external_task_marker_parent to None, run_after=None
[2024-03-25T20:29:49.019+0000] {processor.py:183} INFO - Processing /home/airflow/.local/lib/python3.8/site-packages/airflow/example_dags/example_external_task_marker_dag.py took 0.033 seconds
[2024-03-25T20:30:19.228+0000] {processor.py:161} INFO - Started process (PID=517) to work on /home/airflow/.local/lib/python3.8/site-packages/airflow/example_dags/example_external_task_marker_dag.py
[2024-03-25T20:30:19.229+0000] {processor.py:830} INFO - Processing file /home/airflow/.local/lib/python3.8/site-packages/airflow/example_dags/example_external_task_marker_dag.py for tasks to queue
[2024-03-25T20:30:19.232+0000] {logging_mixin.py:188} INFO - [2024-03-25T20:30:19.231+0000] {dagbag.py:540} INFO - Filling up the DagBag from /home/airflow/.local/lib/python3.8/site-packages/airflow/example_dags/example_external_task_marker_dag.py
[2024-03-25T20:30:19.238+0000] {processor.py:840} INFO - DAG(s) 'example_external_task_marker_parent', 'example_external_task_marker_child' retrieved from /home/airflow/.local/lib/python3.8/site-packages/airflow/example_dags/example_external_task_marker_dag.py
[2024-03-25T20:30:19.258+0000] {logging_mixin.py:188} INFO - [2024-03-25T20:30:19.258+0000] {dag.py:3047} INFO - Sync 2 DAGs
[2024-03-25T20:30:19.266+0000] {logging_mixin.py:188} INFO - [2024-03-25T20:30:19.266+0000] {dag.py:3834} INFO - Setting next_dagrun for example_external_task_marker_child to None, run_after=None
[2024-03-25T20:30:19.268+0000] {logging_mixin.py:188} INFO - [2024-03-25T20:30:19.268+0000] {dag.py:3834} INFO - Setting next_dagrun for example_external_task_marker_parent to None, run_after=None
[2024-03-25T20:30:19.277+0000] {processor.py:183} INFO - Processing /home/airflow/.local/lib/python3.8/site-packages/airflow/example_dags/example_external_task_marker_dag.py took 0.053 seconds
[2024-03-25T20:30:49.294+0000] {processor.py:161} INFO - Started process (PID=572) to work on /home/airflow/.local/lib/python3.8/site-packages/airflow/example_dags/example_external_task_marker_dag.py
[2024-03-25T20:30:49.295+0000] {processor.py:830} INFO - Processing file /home/airflow/.local/lib/python3.8/site-packages/airflow/example_dags/example_external_task_marker_dag.py for tasks to queue
[2024-03-25T20:30:49.296+0000] {logging_mixin.py:188} INFO - [2024-03-25T20:30:49.296+0000] {dagbag.py:540} INFO - Filling up the DagBag from /home/airflow/.local/lib/python3.8/site-packages/airflow/example_dags/example_external_task_marker_dag.py
[2024-03-25T20:30:49.299+0000] {processor.py:840} INFO - DAG(s) 'example_external_task_marker_parent', 'example_external_task_marker_child' retrieved from /home/airflow/.local/lib/python3.8/site-packages/airflow/example_dags/example_external_task_marker_dag.py
[2024-03-25T20:30:49.312+0000] {logging_mixin.py:188} INFO - [2024-03-25T20:30:49.312+0000] {dag.py:3047} INFO - Sync 2 DAGs
[2024-03-25T20:30:49.320+0000] {logging_mixin.py:188} INFO - [2024-03-25T20:30:49.320+0000] {dag.py:3834} INFO - Setting next_dagrun for example_external_task_marker_child to None, run_after=None
[2024-03-25T20:30:49.323+0000] {logging_mixin.py:188} INFO - [2024-03-25T20:30:49.323+0000] {dag.py:3834} INFO - Setting next_dagrun for example_external_task_marker_parent to None, run_after=None
[2024-03-25T20:30:49.333+0000] {processor.py:183} INFO - Processing /home/airflow/.local/lib/python3.8/site-packages/airflow/example_dags/example_external_task_marker_dag.py took 0.040 seconds
[2024-03-25T20:31:20.219+0000] {processor.py:161} INFO - Started process (PID=629) to work on /home/airflow/.local/lib/python3.8/site-packages/airflow/example_dags/example_external_task_marker_dag.py
[2024-03-25T20:31:20.221+0000] {processor.py:830} INFO - Processing file /home/airflow/.local/lib/python3.8/site-packages/airflow/example_dags/example_external_task_marker_dag.py for tasks to queue
[2024-03-25T20:31:20.223+0000] {logging_mixin.py:188} INFO - [2024-03-25T20:31:20.222+0000] {dagbag.py:540} INFO - Filling up the DagBag from /home/airflow/.local/lib/python3.8/site-packages/airflow/example_dags/example_external_task_marker_dag.py
[2024-03-25T20:31:20.229+0000] {processor.py:840} INFO - DAG(s) 'example_external_task_marker_child', 'example_external_task_marker_parent' retrieved from /home/airflow/.local/lib/python3.8/site-packages/airflow/example_dags/example_external_task_marker_dag.py
[2024-03-25T20:31:20.246+0000] {logging_mixin.py:188} INFO - [2024-03-25T20:31:20.246+0000] {dag.py:3047} INFO - Sync 2 DAGs
[2024-03-25T20:31:20.255+0000] {logging_mixin.py:188} INFO - [2024-03-25T20:31:20.255+0000] {dag.py:3834} INFO - Setting next_dagrun for example_external_task_marker_child to None, run_after=None
[2024-03-25T20:31:20.258+0000] {logging_mixin.py:188} INFO - [2024-03-25T20:31:20.257+0000] {dag.py:3834} INFO - Setting next_dagrun for example_external_task_marker_parent to None, run_after=None
[2024-03-25T20:31:20.267+0000] {processor.py:183} INFO - Processing /home/airflow/.local/lib/python3.8/site-packages/airflow/example_dags/example_external_task_marker_dag.py took 0.051 seconds
[2024-03-25T20:31:51.041+0000] {processor.py:161} INFO - Started process (PID=685) to work on /home/airflow/.local/lib/python3.8/site-packages/airflow/example_dags/example_external_task_marker_dag.py
[2024-03-25T20:31:51.042+0000] {processor.py:830} INFO - Processing file /home/airflow/.local/lib/python3.8/site-packages/airflow/example_dags/example_external_task_marker_dag.py for tasks to queue
[2024-03-25T20:31:51.044+0000] {logging_mixin.py:188} INFO - [2024-03-25T20:31:51.044+0000] {dagbag.py:540} INFO - Filling up the DagBag from /home/airflow/.local/lib/python3.8/site-packages/airflow/example_dags/example_external_task_marker_dag.py
[2024-03-25T20:31:51.050+0000] {processor.py:840} INFO - DAG(s) 'example_external_task_marker_child', 'example_external_task_marker_parent' retrieved from /home/airflow/.local/lib/python3.8/site-packages/airflow/example_dags/example_external_task_marker_dag.py
[2024-03-25T20:31:51.068+0000] {logging_mixin.py:188} INFO - [2024-03-25T20:31:51.068+0000] {dag.py:3047} INFO - Sync 2 DAGs
[2024-03-25T20:31:51.076+0000] {logging_mixin.py:188} INFO - [2024-03-25T20:31:51.076+0000] {dag.py:3834} INFO - Setting next_dagrun for example_external_task_marker_child to None, run_after=None
[2024-03-25T20:31:51.085+0000] {logging_mixin.py:188} INFO - [2024-03-25T20:31:51.084+0000] {dag.py:3834} INFO - Setting next_dagrun for example_external_task_marker_parent to None, run_after=None
[2024-03-25T20:31:51.096+0000] {processor.py:183} INFO - Processing /home/airflow/.local/lib/python3.8/site-packages/airflow/example_dags/example_external_task_marker_dag.py took 0.059 seconds
[2024-03-25T20:32:21.511+0000] {processor.py:161} INFO - Started process (PID=741) to work on /home/airflow/.local/lib/python3.8/site-packages/airflow/example_dags/example_external_task_marker_dag.py
[2024-03-25T20:32:21.512+0000] {processor.py:830} INFO - Processing file /home/airflow/.local/lib/python3.8/site-packages/airflow/example_dags/example_external_task_marker_dag.py for tasks to queue
[2024-03-25T20:32:21.514+0000] {logging_mixin.py:188} INFO - [2024-03-25T20:32:21.514+0000] {dagbag.py:540} INFO - Filling up the DagBag from /home/airflow/.local/lib/python3.8/site-packages/airflow/example_dags/example_external_task_marker_dag.py
[2024-03-25T20:32:21.520+0000] {processor.py:840} INFO - DAG(s) 'example_external_task_marker_parent', 'example_external_task_marker_child' retrieved from /home/airflow/.local/lib/python3.8/site-packages/airflow/example_dags/example_external_task_marker_dag.py
[2024-03-25T20:32:21.540+0000] {logging_mixin.py:188} INFO - [2024-03-25T20:32:21.539+0000] {dag.py:3047} INFO - Sync 2 DAGs
[2024-03-25T20:32:21.548+0000] {logging_mixin.py:188} INFO - [2024-03-25T20:32:21.548+0000] {dag.py:3834} INFO - Setting next_dagrun for example_external_task_marker_child to None, run_after=None
[2024-03-25T20:32:21.551+0000] {logging_mixin.py:188} INFO - [2024-03-25T20:32:21.551+0000] {dag.py:3834} INFO - Setting next_dagrun for example_external_task_marker_parent to None, run_after=None
[2024-03-25T20:32:21.561+0000] {processor.py:183} INFO - Processing /home/airflow/.local/lib/python3.8/site-packages/airflow/example_dags/example_external_task_marker_dag.py took 0.054 seconds
[2024-03-25T20:32:52.085+0000] {processor.py:161} INFO - Started process (PID=797) to work on /home/airflow/.local/lib/python3.8/site-packages/airflow/example_dags/example_external_task_marker_dag.py
[2024-03-25T20:32:52.085+0000] {processor.py:830} INFO - Processing file /home/airflow/.local/lib/python3.8/site-packages/airflow/example_dags/example_external_task_marker_dag.py for tasks to queue
[2024-03-25T20:32:52.086+0000] {logging_mixin.py:188} INFO - [2024-03-25T20:32:52.086+0000] {dagbag.py:540} INFO - Filling up the DagBag from /home/airflow/.local/lib/python3.8/site-packages/airflow/example_dags/example_external_task_marker_dag.py
[2024-03-25T20:32:52.089+0000] {processor.py:840} INFO - DAG(s) 'example_external_task_marker_child', 'example_external_task_marker_parent' retrieved from /home/airflow/.local/lib/python3.8/site-packages/airflow/example_dags/example_external_task_marker_dag.py
[2024-03-25T20:32:52.101+0000] {logging_mixin.py:188} INFO - [2024-03-25T20:32:52.101+0000] {dag.py:3047} INFO - Sync 2 DAGs
[2024-03-25T20:32:52.108+0000] {logging_mixin.py:188} INFO - [2024-03-25T20:32:52.107+0000] {dag.py:3834} INFO - Setting next_dagrun for example_external_task_marker_child to None, run_after=None
[2024-03-25T20:32:52.110+0000] {logging_mixin.py:188} INFO - [2024-03-25T20:32:52.109+0000] {dag.py:3834} INFO - Setting next_dagrun for example_external_task_marker_parent to None, run_after=None
[2024-03-25T20:32:52.118+0000] {processor.py:183} INFO - Processing /home/airflow/.local/lib/python3.8/site-packages/airflow/example_dags/example_external_task_marker_dag.py took 0.035 seconds
[2024-03-25T20:33:22.578+0000] {processor.py:161} INFO - Started process (PID=853) to work on /home/airflow/.local/lib/python3.8/site-packages/airflow/example_dags/example_external_task_marker_dag.py
[2024-03-25T20:33:22.579+0000] {processor.py:830} INFO - Processing file /home/airflow/.local/lib/python3.8/site-packages/airflow/example_dags/example_external_task_marker_dag.py for tasks to queue
[2024-03-25T20:33:22.580+0000] {logging_mixin.py:188} INFO - [2024-03-25T20:33:22.580+0000] {dagbag.py:540} INFO - Filling up the DagBag from /home/airflow/.local/lib/python3.8/site-packages/airflow/example_dags/example_external_task_marker_dag.py
[2024-03-25T20:33:22.583+0000] {processor.py:840} INFO - DAG(s) 'example_external_task_marker_parent', 'example_external_task_marker_child' retrieved from /home/airflow/.local/lib/python3.8/site-packages/airflow/example_dags/example_external_task_marker_dag.py
[2024-03-25T20:33:22.596+0000] {logging_mixin.py:188} INFO - [2024-03-25T20:33:22.596+0000] {dag.py:3047} INFO - Sync 2 DAGs
[2024-03-25T20:33:22.602+0000] {logging_mixin.py:188} INFO - [2024-03-25T20:33:22.602+0000] {dag.py:3834} INFO - Setting next_dagrun for example_external_task_marker_child to None, run_after=None
[2024-03-25T20:33:22.604+0000] {logging_mixin.py:188} INFO - [2024-03-25T20:33:22.604+0000] {dag.py:3834} INFO - Setting next_dagrun for example_external_task_marker_parent to None, run_after=None
[2024-03-25T20:33:22.613+0000] {processor.py:183} INFO - Processing /home/airflow/.local/lib/python3.8/site-packages/airflow/example_dags/example_external_task_marker_dag.py took 0.037 seconds
[2024-03-25T20:33:53.005+0000] {processor.py:161} INFO - Started process (PID=909) to work on /home/airflow/.local/lib/python3.8/site-packages/airflow/example_dags/example_external_task_marker_dag.py
[2024-03-25T20:33:53.006+0000] {processor.py:830} INFO - Processing file /home/airflow/.local/lib/python3.8/site-packages/airflow/example_dags/example_external_task_marker_dag.py for tasks to queue
[2024-03-25T20:33:53.007+0000] {logging_mixin.py:188} INFO - [2024-03-25T20:33:53.007+0000] {dagbag.py:540} INFO - Filling up the DagBag from /home/airflow/.local/lib/python3.8/site-packages/airflow/example_dags/example_external_task_marker_dag.py
[2024-03-25T20:33:53.010+0000] {processor.py:840} INFO - DAG(s) 'example_external_task_marker_child', 'example_external_task_marker_parent' retrieved from /home/airflow/.local/lib/python3.8/site-packages/airflow/example_dags/example_external_task_marker_dag.py
[2024-03-25T20:33:53.024+0000] {logging_mixin.py:188} INFO - [2024-03-25T20:33:53.024+0000] {dag.py:3047} INFO - Sync 2 DAGs
[2024-03-25T20:33:53.031+0000] {logging_mixin.py:188} INFO - [2024-03-25T20:33:53.031+0000] {dag.py:3834} INFO - Setting next_dagrun for example_external_task_marker_child to None, run_after=None
[2024-03-25T20:33:53.034+0000] {logging_mixin.py:188} INFO - [2024-03-25T20:33:53.033+0000] {dag.py:3834} INFO - Setting next_dagrun for example_external_task_marker_parent to None, run_after=None
[2024-03-25T20:33:53.042+0000] {processor.py:183} INFO - Processing /home/airflow/.local/lib/python3.8/site-packages/airflow/example_dags/example_external_task_marker_dag.py took 0.039 seconds
[2024-03-25T20:34:23.748+0000] {processor.py:161} INFO - Started process (PID=964) to work on /home/airflow/.local/lib/python3.8/site-packages/airflow/example_dags/example_external_task_marker_dag.py
[2024-03-25T20:34:23.749+0000] {processor.py:830} INFO - Processing file /home/airflow/.local/lib/python3.8/site-packages/airflow/example_dags/example_external_task_marker_dag.py for tasks to queue
[2024-03-25T20:34:23.750+0000] {logging_mixin.py:188} INFO - [2024-03-25T20:34:23.750+0000] {dagbag.py:540} INFO - Filling up the DagBag from /home/airflow/.local/lib/python3.8/site-packages/airflow/example_dags/example_external_task_marker_dag.py
[2024-03-25T20:34:23.755+0000] {processor.py:840} INFO - DAG(s) 'example_external_task_marker_parent', 'example_external_task_marker_child' retrieved from /home/airflow/.local/lib/python3.8/site-packages/airflow/example_dags/example_external_task_marker_dag.py
[2024-03-25T20:34:23.770+0000] {logging_mixin.py:188} INFO - [2024-03-25T20:34:23.770+0000] {dag.py:3047} INFO - Sync 2 DAGs
[2024-03-25T20:34:23.778+0000] {logging_mixin.py:188} INFO - [2024-03-25T20:34:23.778+0000] {dag.py:3834} INFO - Setting next_dagrun for example_external_task_marker_child to None, run_after=None
[2024-03-25T20:34:23.780+0000] {logging_mixin.py:188} INFO - [2024-03-25T20:34:23.780+0000] {dag.py:3834} INFO - Setting next_dagrun for example_external_task_marker_parent to None, run_after=None
[2024-03-25T20:34:23.793+0000] {processor.py:183} INFO - Processing /home/airflow/.local/lib/python3.8/site-packages/airflow/example_dags/example_external_task_marker_dag.py took 0.046 seconds
[2024-03-25T20:34:54.493+0000] {processor.py:161} INFO - Started process (PID=1020) to work on /home/airflow/.local/lib/python3.8/site-packages/airflow/example_dags/example_external_task_marker_dag.py
[2024-03-25T20:34:54.494+0000] {processor.py:830} INFO - Processing file /home/airflow/.local/lib/python3.8/site-packages/airflow/example_dags/example_external_task_marker_dag.py for tasks to queue
[2024-03-25T20:34:54.496+0000] {logging_mixin.py:188} INFO - [2024-03-25T20:34:54.496+0000] {dagbag.py:540} INFO - Filling up the DagBag from /home/airflow/.local/lib/python3.8/site-packages/airflow/example_dags/example_external_task_marker_dag.py
[2024-03-25T20:34:54.502+0000] {processor.py:840} INFO - DAG(s) 'example_external_task_marker_child', 'example_external_task_marker_parent' retrieved from /home/airflow/.local/lib/python3.8/site-packages/airflow/example_dags/example_external_task_marker_dag.py
[2024-03-25T20:34:54.521+0000] {logging_mixin.py:188} INFO - [2024-03-25T20:34:54.521+0000] {dag.py:3047} INFO - Sync 2 DAGs
[2024-03-25T20:34:54.529+0000] {logging_mixin.py:188} INFO - [2024-03-25T20:34:54.529+0000] {dag.py:3834} INFO - Setting next_dagrun for example_external_task_marker_child to None, run_after=None
[2024-03-25T20:34:54.531+0000] {logging_mixin.py:188} INFO - [2024-03-25T20:34:54.531+0000] {dag.py:3834} INFO - Setting next_dagrun for example_external_task_marker_parent to None, run_after=None
[2024-03-25T20:34:54.540+0000] {processor.py:183} INFO - Processing /home/airflow/.local/lib/python3.8/site-packages/airflow/example_dags/example_external_task_marker_dag.py took 0.052 seconds
[2024-03-25T20:35:24.930+0000] {processor.py:161} INFO - Started process (PID=1076) to work on /home/airflow/.local/lib/python3.8/site-packages/airflow/example_dags/example_external_task_marker_dag.py
[2024-03-25T20:35:24.931+0000] {processor.py:830} INFO - Processing file /home/airflow/.local/lib/python3.8/site-packages/airflow/example_dags/example_external_task_marker_dag.py for tasks to queue
[2024-03-25T20:35:24.933+0000] {logging_mixin.py:188} INFO - [2024-03-25T20:35:24.933+0000] {dagbag.py:540} INFO - Filling up the DagBag from /home/airflow/.local/lib/python3.8/site-packages/airflow/example_dags/example_external_task_marker_dag.py
[2024-03-25T20:35:24.940+0000] {processor.py:840} INFO - DAG(s) 'example_external_task_marker_parent', 'example_external_task_marker_child' retrieved from /home/airflow/.local/lib/python3.8/site-packages/airflow/example_dags/example_external_task_marker_dag.py
[2024-03-25T20:35:24.957+0000] {logging_mixin.py:188} INFO - [2024-03-25T20:35:24.957+0000] {dag.py:3047} INFO - Sync 2 DAGs
[2024-03-25T20:35:24.966+0000] {logging_mixin.py:188} INFO - [2024-03-25T20:35:24.966+0000] {dag.py:3834} INFO - Setting next_dagrun for example_external_task_marker_child to None, run_after=None
[2024-03-25T20:35:24.969+0000] {logging_mixin.py:188} INFO - [2024-03-25T20:35:24.969+0000] {dag.py:3834} INFO - Setting next_dagrun for example_external_task_marker_parent to None, run_after=None
[2024-03-25T20:35:24.978+0000] {processor.py:183} INFO - Processing /home/airflow/.local/lib/python3.8/site-packages/airflow/example_dags/example_external_task_marker_dag.py took 0.052 seconds
[2024-03-25T20:35:55.536+0000] {processor.py:161} INFO - Started process (PID=1132) to work on /home/airflow/.local/lib/python3.8/site-packages/airflow/example_dags/example_external_task_marker_dag.py
[2024-03-25T20:35:55.537+0000] {processor.py:830} INFO - Processing file /home/airflow/.local/lib/python3.8/site-packages/airflow/example_dags/example_external_task_marker_dag.py for tasks to queue
[2024-03-25T20:35:55.539+0000] {logging_mixin.py:188} INFO - [2024-03-25T20:35:55.539+0000] {dagbag.py:540} INFO - Filling up the DagBag from /home/airflow/.local/lib/python3.8/site-packages/airflow/example_dags/example_external_task_marker_dag.py
[2024-03-25T20:35:55.545+0000] {processor.py:840} INFO - DAG(s) 'example_external_task_marker_parent', 'example_external_task_marker_child' retrieved from /home/airflow/.local/lib/python3.8/site-packages/airflow/example_dags/example_external_task_marker_dag.py
[2024-03-25T20:35:55.563+0000] {logging_mixin.py:188} INFO - [2024-03-25T20:35:55.563+0000] {dag.py:3047} INFO - Sync 2 DAGs
[2024-03-25T20:35:55.574+0000] {logging_mixin.py:188} INFO - [2024-03-25T20:35:55.574+0000] {dag.py:3834} INFO - Setting next_dagrun for example_external_task_marker_child to None, run_after=None
[2024-03-25T20:35:55.578+0000] {logging_mixin.py:188} INFO - [2024-03-25T20:35:55.577+0000] {dag.py:3834} INFO - Setting next_dagrun for example_external_task_marker_parent to None, run_after=None
[2024-03-25T20:35:55.587+0000] {processor.py:183} INFO - Processing /home/airflow/.local/lib/python3.8/site-packages/airflow/example_dags/example_external_task_marker_dag.py took 0.055 seconds
[2024-03-25T20:36:26.062+0000] {processor.py:161} INFO - Started process (PID=1188) to work on /home/airflow/.local/lib/python3.8/site-packages/airflow/example_dags/example_external_task_marker_dag.py
[2024-03-25T20:36:26.063+0000] {processor.py:830} INFO - Processing file /home/airflow/.local/lib/python3.8/site-packages/airflow/example_dags/example_external_task_marker_dag.py for tasks to queue
[2024-03-25T20:36:26.065+0000] {logging_mixin.py:188} INFO - [2024-03-25T20:36:26.065+0000] {dagbag.py:540} INFO - Filling up the DagBag from /home/airflow/.local/lib/python3.8/site-packages/airflow/example_dags/example_external_task_marker_dag.py
[2024-03-25T20:36:26.071+0000] {processor.py:840} INFO - DAG(s) 'example_external_task_marker_parent', 'example_external_task_marker_child' retrieved from /home/airflow/.local/lib/python3.8/site-packages/airflow/example_dags/example_external_task_marker_dag.py
[2024-03-25T20:36:26.090+0000] {logging_mixin.py:188} INFO - [2024-03-25T20:36:26.090+0000] {dag.py:3047} INFO - Sync 2 DAGs
[2024-03-25T20:36:26.098+0000] {logging_mixin.py:188} INFO - [2024-03-25T20:36:26.098+0000] {dag.py:3834} INFO - Setting next_dagrun for example_external_task_marker_child to None, run_after=None
[2024-03-25T20:36:26.100+0000] {logging_mixin.py:188} INFO - [2024-03-25T20:36:26.100+0000] {dag.py:3834} INFO - Setting next_dagrun for example_external_task_marker_parent to None, run_after=None
[2024-03-25T20:36:26.111+0000] {processor.py:183} INFO - Processing /home/airflow/.local/lib/python3.8/site-packages/airflow/example_dags/example_external_task_marker_dag.py took 0.053 seconds
[2024-03-25T20:36:56.697+0000] {processor.py:161} INFO - Started process (PID=1243) to work on /home/airflow/.local/lib/python3.8/site-packages/airflow/example_dags/example_external_task_marker_dag.py
[2024-03-25T20:36:56.698+0000] {processor.py:830} INFO - Processing file /home/airflow/.local/lib/python3.8/site-packages/airflow/example_dags/example_external_task_marker_dag.py for tasks to queue
[2024-03-25T20:36:56.700+0000] {logging_mixin.py:188} INFO - [2024-03-25T20:36:56.700+0000] {dagbag.py:540} INFO - Filling up the DagBag from /home/airflow/.local/lib/python3.8/site-packages/airflow/example_dags/example_external_task_marker_dag.py
[2024-03-25T20:36:56.707+0000] {processor.py:840} INFO - DAG(s) 'example_external_task_marker_child', 'example_external_task_marker_parent' retrieved from /home/airflow/.local/lib/python3.8/site-packages/airflow/example_dags/example_external_task_marker_dag.py
[2024-03-25T20:36:56.725+0000] {logging_mixin.py:188} INFO - [2024-03-25T20:36:56.725+0000] {dag.py:3047} INFO - Sync 2 DAGs
[2024-03-25T20:36:56.734+0000] {logging_mixin.py:188} INFO - [2024-03-25T20:36:56.734+0000] {dag.py:3834} INFO - Setting next_dagrun for example_external_task_marker_child to None, run_after=None
[2024-03-25T20:36:56.737+0000] {logging_mixin.py:188} INFO - [2024-03-25T20:36:56.737+0000] {dag.py:3834} INFO - Setting next_dagrun for example_external_task_marker_parent to None, run_after=None
[2024-03-25T20:36:56.746+0000] {processor.py:183} INFO - Processing /home/airflow/.local/lib/python3.8/site-packages/airflow/example_dags/example_external_task_marker_dag.py took 0.054 seconds
[2024-03-25T20:37:27.333+0000] {processor.py:161} INFO - Started process (PID=1299) to work on /home/airflow/.local/lib/python3.8/site-packages/airflow/example_dags/example_external_task_marker_dag.py
[2024-03-25T20:37:27.335+0000] {processor.py:830} INFO - Processing file /home/airflow/.local/lib/python3.8/site-packages/airflow/example_dags/example_external_task_marker_dag.py for tasks to queue
[2024-03-25T20:37:27.337+0000] {logging_mixin.py:188} INFO - [2024-03-25T20:37:27.337+0000] {dagbag.py:540} INFO - Filling up the DagBag from /home/airflow/.local/lib/python3.8/site-packages/airflow/example_dags/example_external_task_marker_dag.py
[2024-03-25T20:37:27.343+0000] {processor.py:840} INFO - DAG(s) 'example_external_task_marker_parent', 'example_external_task_marker_child' retrieved from /home/airflow/.local/lib/python3.8/site-packages/airflow/example_dags/example_external_task_marker_dag.py
[2024-03-25T20:37:27.361+0000] {logging_mixin.py:188} INFO - [2024-03-25T20:37:27.361+0000] {dag.py:3047} INFO - Sync 2 DAGs
[2024-03-25T20:37:27.368+0000] {logging_mixin.py:188} INFO - [2024-03-25T20:37:27.368+0000] {dag.py:3834} INFO - Setting next_dagrun for example_external_task_marker_child to None, run_after=None
[2024-03-25T20:37:27.371+0000] {logging_mixin.py:188} INFO - [2024-03-25T20:37:27.371+0000] {dag.py:3834} INFO - Setting next_dagrun for example_external_task_marker_parent to None, run_after=None
[2024-03-25T20:37:27.380+0000] {processor.py:183} INFO - Processing /home/airflow/.local/lib/python3.8/site-packages/airflow/example_dags/example_external_task_marker_dag.py took 0.051 seconds
[2024-03-25T20:37:58.096+0000] {processor.py:161} INFO - Started process (PID=1355) to work on /home/airflow/.local/lib/python3.8/site-packages/airflow/example_dags/example_external_task_marker_dag.py
[2024-03-25T20:37:58.097+0000] {processor.py:830} INFO - Processing file /home/airflow/.local/lib/python3.8/site-packages/airflow/example_dags/example_external_task_marker_dag.py for tasks to queue
[2024-03-25T20:37:58.100+0000] {logging_mixin.py:188} INFO - [2024-03-25T20:37:58.100+0000] {dagbag.py:540} INFO - Filling up the DagBag from /home/airflow/.local/lib/python3.8/site-packages/airflow/example_dags/example_external_task_marker_dag.py
[2024-03-25T20:37:58.108+0000] {processor.py:840} INFO - DAG(s) 'example_external_task_marker_child', 'example_external_task_marker_parent' retrieved from /home/airflow/.local/lib/python3.8/site-packages/airflow/example_dags/example_external_task_marker_dag.py
[2024-03-25T20:37:58.128+0000] {logging_mixin.py:188} INFO - [2024-03-25T20:37:58.128+0000] {dag.py:3047} INFO - Sync 2 DAGs
[2024-03-25T20:37:58.138+0000] {logging_mixin.py:188} INFO - [2024-03-25T20:37:58.137+0000] {dag.py:3834} INFO - Setting next_dagrun for example_external_task_marker_child to None, run_after=None
[2024-03-25T20:37:58.140+0000] {logging_mixin.py:188} INFO - [2024-03-25T20:37:58.140+0000] {dag.py:3834} INFO - Setting next_dagrun for example_external_task_marker_parent to None, run_after=None
[2024-03-25T20:37:58.150+0000] {processor.py:183} INFO - Processing /home/airflow/.local/lib/python3.8/site-packages/airflow/example_dags/example_external_task_marker_dag.py took 0.059 seconds
[2024-03-25T20:38:28.610+0000] {processor.py:161} INFO - Started process (PID=1411) to work on /home/airflow/.local/lib/python3.8/site-packages/airflow/example_dags/example_external_task_marker_dag.py
[2024-03-25T20:38:28.612+0000] {processor.py:830} INFO - Processing file /home/airflow/.local/lib/python3.8/site-packages/airflow/example_dags/example_external_task_marker_dag.py for tasks to queue
[2024-03-25T20:38:28.614+0000] {logging_mixin.py:188} INFO - [2024-03-25T20:38:28.614+0000] {dagbag.py:540} INFO - Filling up the DagBag from /home/airflow/.local/lib/python3.8/site-packages/airflow/example_dags/example_external_task_marker_dag.py
[2024-03-25T20:38:28.621+0000] {processor.py:840} INFO - DAG(s) 'example_external_task_marker_child', 'example_external_task_marker_parent' retrieved from /home/airflow/.local/lib/python3.8/site-packages/airflow/example_dags/example_external_task_marker_dag.py
[2024-03-25T20:38:28.641+0000] {logging_mixin.py:188} INFO - [2024-03-25T20:38:28.641+0000] {dag.py:3047} INFO - Sync 2 DAGs
[2024-03-25T20:38:28.649+0000] {logging_mixin.py:188} INFO - [2024-03-25T20:38:28.649+0000] {dag.py:3834} INFO - Setting next_dagrun for example_external_task_marker_child to None, run_after=None
[2024-03-25T20:38:28.651+0000] {logging_mixin.py:188} INFO - [2024-03-25T20:38:28.651+0000] {dag.py:3834} INFO - Setting next_dagrun for example_external_task_marker_parent to None, run_after=None
[2024-03-25T20:38:28.661+0000] {processor.py:183} INFO - Processing /home/airflow/.local/lib/python3.8/site-packages/airflow/example_dags/example_external_task_marker_dag.py took 0.055 seconds
[2024-03-25T20:38:59.042+0000] {processor.py:161} INFO - Started process (PID=1467) to work on /home/airflow/.local/lib/python3.8/site-packages/airflow/example_dags/example_external_task_marker_dag.py
[2024-03-25T20:38:59.045+0000] {processor.py:830} INFO - Processing file /home/airflow/.local/lib/python3.8/site-packages/airflow/example_dags/example_external_task_marker_dag.py for tasks to queue
[2024-03-25T20:38:59.048+0000] {logging_mixin.py:188} INFO - [2024-03-25T20:38:59.047+0000] {dagbag.py:540} INFO - Filling up the DagBag from /home/airflow/.local/lib/python3.8/site-packages/airflow/example_dags/example_external_task_marker_dag.py
[2024-03-25T20:38:59.055+0000] {processor.py:840} INFO - DAG(s) 'example_external_task_marker_child', 'example_external_task_marker_parent' retrieved from /home/airflow/.local/lib/python3.8/site-packages/airflow/example_dags/example_external_task_marker_dag.py
[2024-03-25T20:38:59.074+0000] {logging_mixin.py:188} INFO - [2024-03-25T20:38:59.074+0000] {dag.py:3047} INFO - Sync 2 DAGs
[2024-03-25T20:38:59.083+0000] {logging_mixin.py:188} INFO - [2024-03-25T20:38:59.082+0000] {dag.py:3834} INFO - Setting next_dagrun for example_external_task_marker_child to None, run_after=None
[2024-03-25T20:38:59.087+0000] {logging_mixin.py:188} INFO - [2024-03-25T20:38:59.087+0000] {dag.py:3834} INFO - Setting next_dagrun for example_external_task_marker_parent to None, run_after=None
[2024-03-25T20:38:59.097+0000] {processor.py:183} INFO - Processing /home/airflow/.local/lib/python3.8/site-packages/airflow/example_dags/example_external_task_marker_dag.py took 0.059 seconds
[2024-03-25T20:39:29.735+0000] {processor.py:161} INFO - Started process (PID=1523) to work on /home/airflow/.local/lib/python3.8/site-packages/airflow/example_dags/example_external_task_marker_dag.py
[2024-03-25T20:39:29.736+0000] {processor.py:830} INFO - Processing file /home/airflow/.local/lib/python3.8/site-packages/airflow/example_dags/example_external_task_marker_dag.py for tasks to queue
[2024-03-25T20:39:29.738+0000] {logging_mixin.py:188} INFO - [2024-03-25T20:39:29.738+0000] {dagbag.py:540} INFO - Filling up the DagBag from /home/airflow/.local/lib/python3.8/site-packages/airflow/example_dags/example_external_task_marker_dag.py
[2024-03-25T20:39:29.746+0000] {processor.py:840} INFO - DAG(s) 'example_external_task_marker_child', 'example_external_task_marker_parent' retrieved from /home/airflow/.local/lib/python3.8/site-packages/airflow/example_dags/example_external_task_marker_dag.py
[2024-03-25T20:39:29.766+0000] {logging_mixin.py:188} INFO - [2024-03-25T20:39:29.765+0000] {dag.py:3047} INFO - Sync 2 DAGs
[2024-03-25T20:39:29.774+0000] {logging_mixin.py:188} INFO - [2024-03-25T20:39:29.774+0000] {dag.py:3834} INFO - Setting next_dagrun for example_external_task_marker_child to None, run_after=None
[2024-03-25T20:39:29.777+0000] {logging_mixin.py:188} INFO - [2024-03-25T20:39:29.776+0000] {dag.py:3834} INFO - Setting next_dagrun for example_external_task_marker_parent to None, run_after=None
[2024-03-25T20:39:29.786+0000] {processor.py:183} INFO - Processing /home/airflow/.local/lib/python3.8/site-packages/airflow/example_dags/example_external_task_marker_dag.py took 0.056 seconds
[2024-03-25T20:40:00.196+0000] {processor.py:161} INFO - Started process (PID=1579) to work on /home/airflow/.local/lib/python3.8/site-packages/airflow/example_dags/example_external_task_marker_dag.py
[2024-03-25T20:40:00.197+0000] {processor.py:830} INFO - Processing file /home/airflow/.local/lib/python3.8/site-packages/airflow/example_dags/example_external_task_marker_dag.py for tasks to queue
[2024-03-25T20:40:00.199+0000] {logging_mixin.py:188} INFO - [2024-03-25T20:40:00.199+0000] {dagbag.py:540} INFO - Filling up the DagBag from /home/airflow/.local/lib/python3.8/site-packages/airflow/example_dags/example_external_task_marker_dag.py
[2024-03-25T20:40:00.206+0000] {processor.py:840} INFO - DAG(s) 'example_external_task_marker_parent', 'example_external_task_marker_child' retrieved from /home/airflow/.local/lib/python3.8/site-packages/airflow/example_dags/example_external_task_marker_dag.py
[2024-03-25T20:40:00.224+0000] {logging_mixin.py:188} INFO - [2024-03-25T20:40:00.224+0000] {dag.py:3047} INFO - Sync 2 DAGs
[2024-03-25T20:40:00.233+0000] {logging_mixin.py:188} INFO - [2024-03-25T20:40:00.232+0000] {dag.py:3834} INFO - Setting next_dagrun for example_external_task_marker_child to None, run_after=None
[2024-03-25T20:40:00.235+0000] {logging_mixin.py:188} INFO - [2024-03-25T20:40:00.235+0000] {dag.py:3834} INFO - Setting next_dagrun for example_external_task_marker_parent to None, run_after=None
[2024-03-25T20:40:00.245+0000] {processor.py:183} INFO - Processing /home/airflow/.local/lib/python3.8/site-packages/airflow/example_dags/example_external_task_marker_dag.py took 0.053 seconds
