[2024-03-25T20:19:38.140+0000] {processor.py:161} INFO - Started process (PID=75) to work on /home/airflow/.local/lib/python3.8/site-packages/airflow/example_dags/example_skip_dag.py
[2024-03-25T20:19:38.141+0000] {processor.py:830} INFO - Processing file /home/airflow/.local/lib/python3.8/site-packages/airflow/example_dags/example_skip_dag.py for tasks to queue
[2024-03-25T20:19:38.142+0000] {logging_mixin.py:188} INFO - [2024-03-25T20:19:38.142+0000] {dagbag.py:540} INFO - Filling up the DagBag from /home/airflow/.local/lib/python3.8/site-packages/airflow/example_dags/example_skip_dag.py
[2024-03-25T20:19:38.147+0000] {processor.py:840} INFO - DAG(s) 'example_skip_dag' retrieved from /home/airflow/.local/lib/python3.8/site-packages/airflow/example_dags/example_skip_dag.py
[2024-03-25T20:19:38.161+0000] {logging_mixin.py:188} INFO - [2024-03-25T20:19:38.161+0000] {dag.py:3047} INFO - Sync 1 DAGs
[2024-03-25T20:19:38.176+0000] {logging_mixin.py:188} INFO - [2024-03-25T20:19:38.176+0000] {dag.py:3834} INFO - Setting next_dagrun for example_skip_dag to 2024-03-24 00:00:00+00:00, run_after=2024-03-25 00:00:00+00:00
[2024-03-25T20:19:38.189+0000] {processor.py:183} INFO - Processing /home/airflow/.local/lib/python3.8/site-packages/airflow/example_dags/example_skip_dag.py took 0.051 seconds
[2024-03-25T20:20:08.364+0000] {processor.py:161} INFO - Started process (PID=131) to work on /home/airflow/.local/lib/python3.8/site-packages/airflow/example_dags/example_skip_dag.py
[2024-03-25T20:20:08.365+0000] {processor.py:830} INFO - Processing file /home/airflow/.local/lib/python3.8/site-packages/airflow/example_dags/example_skip_dag.py for tasks to queue
[2024-03-25T20:20:08.366+0000] {logging_mixin.py:188} INFO - [2024-03-25T20:20:08.366+0000] {dagbag.py:540} INFO - Filling up the DagBag from /home/airflow/.local/lib/python3.8/site-packages/airflow/example_dags/example_skip_dag.py
[2024-03-25T20:20:08.370+0000] {processor.py:840} INFO - DAG(s) 'example_skip_dag' retrieved from /home/airflow/.local/lib/python3.8/site-packages/airflow/example_dags/example_skip_dag.py
[2024-03-25T20:20:08.381+0000] {logging_mixin.py:188} INFO - [2024-03-25T20:20:08.381+0000] {dag.py:3047} INFO - Sync 1 DAGs
[2024-03-25T20:20:08.391+0000] {logging_mixin.py:188} INFO - [2024-03-25T20:20:08.391+0000] {dag.py:3834} INFO - Setting next_dagrun for example_skip_dag to 2024-03-24 00:00:00+00:00, run_after=2024-03-25 00:00:00+00:00
[2024-03-25T20:20:08.400+0000] {processor.py:183} INFO - Processing /home/airflow/.local/lib/python3.8/site-packages/airflow/example_dags/example_skip_dag.py took 0.037 seconds
[2024-03-25T20:26:15.382+0000] {processor.py:161} INFO - Started process (PID=74) to work on /home/airflow/.local/lib/python3.8/site-packages/airflow/example_dags/example_skip_dag.py
[2024-03-25T20:26:15.383+0000] {processor.py:830} INFO - Processing file /home/airflow/.local/lib/python3.8/site-packages/airflow/example_dags/example_skip_dag.py for tasks to queue
[2024-03-25T20:26:15.384+0000] {logging_mixin.py:188} INFO - [2024-03-25T20:26:15.384+0000] {dagbag.py:540} INFO - Filling up the DagBag from /home/airflow/.local/lib/python3.8/site-packages/airflow/example_dags/example_skip_dag.py
[2024-03-25T20:26:15.388+0000] {processor.py:840} INFO - DAG(s) 'example_skip_dag' retrieved from /home/airflow/.local/lib/python3.8/site-packages/airflow/example_dags/example_skip_dag.py
[2024-03-25T20:26:15.400+0000] {logging_mixin.py:188} INFO - [2024-03-25T20:26:15.400+0000] {dag.py:3047} INFO - Sync 1 DAGs
[2024-03-25T20:26:15.412+0000] {logging_mixin.py:188} INFO - [2024-03-25T20:26:15.411+0000] {dag.py:3834} INFO - Setting next_dagrun for example_skip_dag to 2024-03-24 00:00:00+00:00, run_after=2024-03-25 00:00:00+00:00
[2024-03-25T20:26:15.421+0000] {processor.py:183} INFO - Processing /home/airflow/.local/lib/python3.8/site-packages/airflow/example_dags/example_skip_dag.py took 0.041 seconds
[2024-03-25T20:26:45.434+0000] {processor.py:161} INFO - Started process (PID=129) to work on /home/airflow/.local/lib/python3.8/site-packages/airflow/example_dags/example_skip_dag.py
[2024-03-25T20:26:45.435+0000] {processor.py:830} INFO - Processing file /home/airflow/.local/lib/python3.8/site-packages/airflow/example_dags/example_skip_dag.py for tasks to queue
[2024-03-25T20:26:45.436+0000] {logging_mixin.py:188} INFO - [2024-03-25T20:26:45.435+0000] {dagbag.py:540} INFO - Filling up the DagBag from /home/airflow/.local/lib/python3.8/site-packages/airflow/example_dags/example_skip_dag.py
[2024-03-25T20:26:45.439+0000] {processor.py:840} INFO - DAG(s) 'example_skip_dag' retrieved from /home/airflow/.local/lib/python3.8/site-packages/airflow/example_dags/example_skip_dag.py
[2024-03-25T20:26:45.449+0000] {logging_mixin.py:188} INFO - [2024-03-25T20:26:45.449+0000] {dag.py:3047} INFO - Sync 1 DAGs
[2024-03-25T20:26:45.458+0000] {logging_mixin.py:188} INFO - [2024-03-25T20:26:45.458+0000] {dag.py:3834} INFO - Setting next_dagrun for example_skip_dag to 2024-03-24 00:00:00+00:00, run_after=2024-03-25 00:00:00+00:00
[2024-03-25T20:26:45.468+0000] {processor.py:183} INFO - Processing /home/airflow/.local/lib/python3.8/site-packages/airflow/example_dags/example_skip_dag.py took 0.035 seconds
[2024-03-25T20:27:16.932+0000] {processor.py:161} INFO - Started process (PID=185) to work on /home/airflow/.local/lib/python3.8/site-packages/airflow/example_dags/example_skip_dag.py
[2024-03-25T20:27:16.933+0000] {processor.py:830} INFO - Processing file /home/airflow/.local/lib/python3.8/site-packages/airflow/example_dags/example_skip_dag.py for tasks to queue
[2024-03-25T20:27:16.934+0000] {logging_mixin.py:188} INFO - [2024-03-25T20:27:16.934+0000] {dagbag.py:540} INFO - Filling up the DagBag from /home/airflow/.local/lib/python3.8/site-packages/airflow/example_dags/example_skip_dag.py
[2024-03-25T20:27:16.939+0000] {processor.py:840} INFO - DAG(s) 'example_skip_dag' retrieved from /home/airflow/.local/lib/python3.8/site-packages/airflow/example_dags/example_skip_dag.py
[2024-03-25T20:27:16.951+0000] {logging_mixin.py:188} INFO - [2024-03-25T20:27:16.951+0000] {dag.py:3047} INFO - Sync 1 DAGs
[2024-03-25T20:27:16.963+0000] {logging_mixin.py:188} INFO - [2024-03-25T20:27:16.963+0000] {dag.py:3834} INFO - Setting next_dagrun for example_skip_dag to 2024-03-24 00:00:00+00:00, run_after=2024-03-25 00:00:00+00:00
[2024-03-25T20:27:16.975+0000] {processor.py:183} INFO - Processing /home/airflow/.local/lib/python3.8/site-packages/airflow/example_dags/example_skip_dag.py took 0.047 seconds
[2024-03-25T20:27:47.908+0000] {processor.py:161} INFO - Started process (PID=241) to work on /home/airflow/.local/lib/python3.8/site-packages/airflow/example_dags/example_skip_dag.py
[2024-03-25T20:27:47.909+0000] {processor.py:830} INFO - Processing file /home/airflow/.local/lib/python3.8/site-packages/airflow/example_dags/example_skip_dag.py for tasks to queue
[2024-03-25T20:27:47.910+0000] {logging_mixin.py:188} INFO - [2024-03-25T20:27:47.910+0000] {dagbag.py:540} INFO - Filling up the DagBag from /home/airflow/.local/lib/python3.8/site-packages/airflow/example_dags/example_skip_dag.py
[2024-03-25T20:27:47.914+0000] {processor.py:840} INFO - DAG(s) 'example_skip_dag' retrieved from /home/airflow/.local/lib/python3.8/site-packages/airflow/example_dags/example_skip_dag.py
[2024-03-25T20:27:47.925+0000] {logging_mixin.py:188} INFO - [2024-03-25T20:27:47.925+0000] {dag.py:3047} INFO - Sync 1 DAGs
[2024-03-25T20:27:47.938+0000] {logging_mixin.py:188} INFO - [2024-03-25T20:27:47.937+0000] {dag.py:3834} INFO - Setting next_dagrun for example_skip_dag to 2024-03-24 00:00:00+00:00, run_after=2024-03-25 00:00:00+00:00
[2024-03-25T20:27:47.946+0000] {processor.py:183} INFO - Processing /home/airflow/.local/lib/python3.8/site-packages/airflow/example_dags/example_skip_dag.py took 0.040 seconds
[2024-03-25T20:28:18.962+0000] {processor.py:161} INFO - Started process (PID=297) to work on /home/airflow/.local/lib/python3.8/site-packages/airflow/example_dags/example_skip_dag.py
[2024-03-25T20:28:18.963+0000] {processor.py:830} INFO - Processing file /home/airflow/.local/lib/python3.8/site-packages/airflow/example_dags/example_skip_dag.py for tasks to queue
[2024-03-25T20:28:18.964+0000] {logging_mixin.py:188} INFO - [2024-03-25T20:28:18.964+0000] {dagbag.py:540} INFO - Filling up the DagBag from /home/airflow/.local/lib/python3.8/site-packages/airflow/example_dags/example_skip_dag.py
[2024-03-25T20:28:18.967+0000] {processor.py:840} INFO - DAG(s) 'example_skip_dag' retrieved from /home/airflow/.local/lib/python3.8/site-packages/airflow/example_dags/example_skip_dag.py
[2024-03-25T20:28:18.978+0000] {logging_mixin.py:188} INFO - [2024-03-25T20:28:18.978+0000] {dag.py:3047} INFO - Sync 1 DAGs
[2024-03-25T20:28:18.988+0000] {logging_mixin.py:188} INFO - [2024-03-25T20:28:18.988+0000] {dag.py:3834} INFO - Setting next_dagrun for example_skip_dag to 2024-03-24 00:00:00+00:00, run_after=2024-03-25 00:00:00+00:00
[2024-03-25T20:28:18.997+0000] {processor.py:183} INFO - Processing /home/airflow/.local/lib/python3.8/site-packages/airflow/example_dags/example_skip_dag.py took 0.037 seconds
[2024-03-25T20:28:50.143+0000] {processor.py:161} INFO - Started process (PID=353) to work on /home/airflow/.local/lib/python3.8/site-packages/airflow/example_dags/example_skip_dag.py
[2024-03-25T20:28:50.145+0000] {processor.py:830} INFO - Processing file /home/airflow/.local/lib/python3.8/site-packages/airflow/example_dags/example_skip_dag.py for tasks to queue
[2024-03-25T20:28:50.146+0000] {logging_mixin.py:188} INFO - [2024-03-25T20:28:50.146+0000] {dagbag.py:540} INFO - Filling up the DagBag from /home/airflow/.local/lib/python3.8/site-packages/airflow/example_dags/example_skip_dag.py
[2024-03-25T20:28:50.154+0000] {processor.py:840} INFO - DAG(s) 'example_skip_dag' retrieved from /home/airflow/.local/lib/python3.8/site-packages/airflow/example_dags/example_skip_dag.py
[2024-03-25T20:28:50.168+0000] {logging_mixin.py:188} INFO - [2024-03-25T20:28:50.168+0000] {dag.py:3047} INFO - Sync 1 DAGs
[2024-03-25T20:28:50.180+0000] {logging_mixin.py:188} INFO - [2024-03-25T20:28:50.180+0000] {dag.py:3834} INFO - Setting next_dagrun for example_skip_dag to 2024-03-24 00:00:00+00:00, run_after=2024-03-25 00:00:00+00:00
[2024-03-25T20:28:50.191+0000] {processor.py:183} INFO - Processing /home/airflow/.local/lib/python3.8/site-packages/airflow/example_dags/example_skip_dag.py took 0.050 seconds
[2024-03-25T20:29:21.186+0000] {processor.py:161} INFO - Started process (PID=409) to work on /home/airflow/.local/lib/python3.8/site-packages/airflow/example_dags/example_skip_dag.py
[2024-03-25T20:29:21.187+0000] {processor.py:830} INFO - Processing file /home/airflow/.local/lib/python3.8/site-packages/airflow/example_dags/example_skip_dag.py for tasks to queue
[2024-03-25T20:29:21.188+0000] {logging_mixin.py:188} INFO - [2024-03-25T20:29:21.188+0000] {dagbag.py:540} INFO - Filling up the DagBag from /home/airflow/.local/lib/python3.8/site-packages/airflow/example_dags/example_skip_dag.py
[2024-03-25T20:29:21.192+0000] {processor.py:840} INFO - DAG(s) 'example_skip_dag' retrieved from /home/airflow/.local/lib/python3.8/site-packages/airflow/example_dags/example_skip_dag.py
[2024-03-25T20:29:21.202+0000] {logging_mixin.py:188} INFO - [2024-03-25T20:29:21.202+0000] {dag.py:3047} INFO - Sync 1 DAGs
[2024-03-25T20:29:21.212+0000] {logging_mixin.py:188} INFO - [2024-03-25T20:29:21.212+0000] {dag.py:3834} INFO - Setting next_dagrun for example_skip_dag to 2024-03-24 00:00:00+00:00, run_after=2024-03-25 00:00:00+00:00
[2024-03-25T20:29:21.222+0000] {processor.py:183} INFO - Processing /home/airflow/.local/lib/python3.8/site-packages/airflow/example_dags/example_skip_dag.py took 0.037 seconds
[2024-03-25T20:29:51.856+0000] {processor.py:161} INFO - Started process (PID=473) to work on /home/airflow/.local/lib/python3.8/site-packages/airflow/example_dags/example_skip_dag.py
[2024-03-25T20:29:51.860+0000] {processor.py:830} INFO - Processing file /home/airflow/.local/lib/python3.8/site-packages/airflow/example_dags/example_skip_dag.py for tasks to queue
[2024-03-25T20:29:51.862+0000] {logging_mixin.py:188} INFO - [2024-03-25T20:29:51.862+0000] {dagbag.py:540} INFO - Filling up the DagBag from /home/airflow/.local/lib/python3.8/site-packages/airflow/example_dags/example_skip_dag.py
[2024-03-25T20:29:51.874+0000] {processor.py:840} INFO - DAG(s) 'example_skip_dag' retrieved from /home/airflow/.local/lib/python3.8/site-packages/airflow/example_dags/example_skip_dag.py
[2024-03-25T20:29:51.913+0000] {logging_mixin.py:188} INFO - [2024-03-25T20:29:51.912+0000] {dag.py:3047} INFO - Sync 1 DAGs
[2024-03-25T20:29:51.959+0000] {logging_mixin.py:188} INFO - [2024-03-25T20:29:51.958+0000] {dag.py:3834} INFO - Setting next_dagrun for example_skip_dag to 2024-03-24 00:00:00+00:00, run_after=2024-03-25 00:00:00+00:00
[2024-03-25T20:29:52.007+0000] {processor.py:183} INFO - Processing /home/airflow/.local/lib/python3.8/site-packages/airflow/example_dags/example_skip_dag.py took 0.162 seconds
[2024-03-25T20:30:22.646+0000] {processor.py:161} INFO - Started process (PID=529) to work on /home/airflow/.local/lib/python3.8/site-packages/airflow/example_dags/example_skip_dag.py
[2024-03-25T20:30:22.650+0000] {processor.py:830} INFO - Processing file /home/airflow/.local/lib/python3.8/site-packages/airflow/example_dags/example_skip_dag.py for tasks to queue
[2024-03-25T20:30:22.653+0000] {logging_mixin.py:188} INFO - [2024-03-25T20:30:22.652+0000] {dagbag.py:540} INFO - Filling up the DagBag from /home/airflow/.local/lib/python3.8/site-packages/airflow/example_dags/example_skip_dag.py
[2024-03-25T20:30:22.660+0000] {processor.py:840} INFO - DAG(s) 'example_skip_dag' retrieved from /home/airflow/.local/lib/python3.8/site-packages/airflow/example_dags/example_skip_dag.py
[2024-03-25T20:30:22.677+0000] {logging_mixin.py:188} INFO - [2024-03-25T20:30:22.677+0000] {dag.py:3047} INFO - Sync 1 DAGs
[2024-03-25T20:30:22.690+0000] {logging_mixin.py:188} INFO - [2024-03-25T20:30:22.690+0000] {dag.py:3834} INFO - Setting next_dagrun for example_skip_dag to 2024-03-24 00:00:00+00:00, run_after=2024-03-25 00:00:00+00:00
[2024-03-25T20:30:22.701+0000] {processor.py:183} INFO - Processing /home/airflow/.local/lib/python3.8/site-packages/airflow/example_dags/example_skip_dag.py took 0.059 seconds
[2024-03-25T20:30:52.716+0000] {processor.py:161} INFO - Started process (PID=585) to work on /home/airflow/.local/lib/python3.8/site-packages/airflow/example_dags/example_skip_dag.py
[2024-03-25T20:30:52.717+0000] {processor.py:830} INFO - Processing file /home/airflow/.local/lib/python3.8/site-packages/airflow/example_dags/example_skip_dag.py for tasks to queue
[2024-03-25T20:30:52.717+0000] {logging_mixin.py:188} INFO - [2024-03-25T20:30:52.717+0000] {dagbag.py:540} INFO - Filling up the DagBag from /home/airflow/.local/lib/python3.8/site-packages/airflow/example_dags/example_skip_dag.py
[2024-03-25T20:30:52.721+0000] {processor.py:840} INFO - DAG(s) 'example_skip_dag' retrieved from /home/airflow/.local/lib/python3.8/site-packages/airflow/example_dags/example_skip_dag.py
[2024-03-25T20:30:52.731+0000] {logging_mixin.py:188} INFO - [2024-03-25T20:30:52.731+0000] {dag.py:3047} INFO - Sync 1 DAGs
[2024-03-25T20:30:52.740+0000] {logging_mixin.py:188} INFO - [2024-03-25T20:30:52.740+0000] {dag.py:3834} INFO - Setting next_dagrun for example_skip_dag to 2024-03-24 00:00:00+00:00, run_after=2024-03-25 00:00:00+00:00
[2024-03-25T20:30:52.749+0000] {processor.py:183} INFO - Processing /home/airflow/.local/lib/python3.8/site-packages/airflow/example_dags/example_skip_dag.py took 0.035 seconds
[2024-03-25T20:31:23.645+0000] {processor.py:161} INFO - Started process (PID=641) to work on /home/airflow/.local/lib/python3.8/site-packages/airflow/example_dags/example_skip_dag.py
[2024-03-25T20:31:23.646+0000] {processor.py:830} INFO - Processing file /home/airflow/.local/lib/python3.8/site-packages/airflow/example_dags/example_skip_dag.py for tasks to queue
[2024-03-25T20:31:23.649+0000] {logging_mixin.py:188} INFO - [2024-03-25T20:31:23.648+0000] {dagbag.py:540} INFO - Filling up the DagBag from /home/airflow/.local/lib/python3.8/site-packages/airflow/example_dags/example_skip_dag.py
[2024-03-25T20:31:23.653+0000] {processor.py:840} INFO - DAG(s) 'example_skip_dag' retrieved from /home/airflow/.local/lib/python3.8/site-packages/airflow/example_dags/example_skip_dag.py
[2024-03-25T20:31:23.668+0000] {logging_mixin.py:188} INFO - [2024-03-25T20:31:23.668+0000] {dag.py:3047} INFO - Sync 1 DAGs
[2024-03-25T20:31:23.680+0000] {logging_mixin.py:188} INFO - [2024-03-25T20:31:23.680+0000] {dag.py:3834} INFO - Setting next_dagrun for example_skip_dag to 2024-03-24 00:00:00+00:00, run_after=2024-03-25 00:00:00+00:00
[2024-03-25T20:31:23.690+0000] {processor.py:183} INFO - Processing /home/airflow/.local/lib/python3.8/site-packages/airflow/example_dags/example_skip_dag.py took 0.047 seconds
[2024-03-25T20:31:54.485+0000] {processor.py:161} INFO - Started process (PID=697) to work on /home/airflow/.local/lib/python3.8/site-packages/airflow/example_dags/example_skip_dag.py
[2024-03-25T20:31:54.486+0000] {processor.py:830} INFO - Processing file /home/airflow/.local/lib/python3.8/site-packages/airflow/example_dags/example_skip_dag.py for tasks to queue
[2024-03-25T20:31:54.487+0000] {logging_mixin.py:188} INFO - [2024-03-25T20:31:54.487+0000] {dagbag.py:540} INFO - Filling up the DagBag from /home/airflow/.local/lib/python3.8/site-packages/airflow/example_dags/example_skip_dag.py
[2024-03-25T20:31:54.491+0000] {processor.py:840} INFO - DAG(s) 'example_skip_dag' retrieved from /home/airflow/.local/lib/python3.8/site-packages/airflow/example_dags/example_skip_dag.py
[2024-03-25T20:31:54.502+0000] {logging_mixin.py:188} INFO - [2024-03-25T20:31:54.502+0000] {dag.py:3047} INFO - Sync 1 DAGs
[2024-03-25T20:31:54.513+0000] {logging_mixin.py:188} INFO - [2024-03-25T20:31:54.513+0000] {dag.py:3834} INFO - Setting next_dagrun for example_skip_dag to 2024-03-24 00:00:00+00:00, run_after=2024-03-25 00:00:00+00:00
[2024-03-25T20:31:54.522+0000] {processor.py:183} INFO - Processing /home/airflow/.local/lib/python3.8/site-packages/airflow/example_dags/example_skip_dag.py took 0.039 seconds
[2024-03-25T20:32:24.979+0000] {processor.py:161} INFO - Started process (PID=753) to work on /home/airflow/.local/lib/python3.8/site-packages/airflow/example_dags/example_skip_dag.py
[2024-03-25T20:32:24.979+0000] {processor.py:830} INFO - Processing file /home/airflow/.local/lib/python3.8/site-packages/airflow/example_dags/example_skip_dag.py for tasks to queue
[2024-03-25T20:32:24.980+0000] {logging_mixin.py:188} INFO - [2024-03-25T20:32:24.980+0000] {dagbag.py:540} INFO - Filling up the DagBag from /home/airflow/.local/lib/python3.8/site-packages/airflow/example_dags/example_skip_dag.py
[2024-03-25T20:32:24.985+0000] {processor.py:840} INFO - DAG(s) 'example_skip_dag' retrieved from /home/airflow/.local/lib/python3.8/site-packages/airflow/example_dags/example_skip_dag.py
[2024-03-25T20:32:24.996+0000] {logging_mixin.py:188} INFO - [2024-03-25T20:32:24.996+0000] {dag.py:3047} INFO - Sync 1 DAGs
[2024-03-25T20:32:25.007+0000] {logging_mixin.py:188} INFO - [2024-03-25T20:32:25.007+0000] {dag.py:3834} INFO - Setting next_dagrun for example_skip_dag to 2024-03-24 00:00:00+00:00, run_after=2024-03-25 00:00:00+00:00
[2024-03-25T20:32:25.015+0000] {processor.py:183} INFO - Processing /home/airflow/.local/lib/python3.8/site-packages/airflow/example_dags/example_skip_dag.py took 0.039 seconds
[2024-03-25T20:32:55.566+0000] {processor.py:161} INFO - Started process (PID=809) to work on /home/airflow/.local/lib/python3.8/site-packages/airflow/example_dags/example_skip_dag.py
[2024-03-25T20:32:55.567+0000] {processor.py:830} INFO - Processing file /home/airflow/.local/lib/python3.8/site-packages/airflow/example_dags/example_skip_dag.py for tasks to queue
[2024-03-25T20:32:55.568+0000] {logging_mixin.py:188} INFO - [2024-03-25T20:32:55.568+0000] {dagbag.py:540} INFO - Filling up the DagBag from /home/airflow/.local/lib/python3.8/site-packages/airflow/example_dags/example_skip_dag.py
[2024-03-25T20:32:55.573+0000] {processor.py:840} INFO - DAG(s) 'example_skip_dag' retrieved from /home/airflow/.local/lib/python3.8/site-packages/airflow/example_dags/example_skip_dag.py
[2024-03-25T20:32:55.584+0000] {logging_mixin.py:188} INFO - [2024-03-25T20:32:55.584+0000] {dag.py:3047} INFO - Sync 1 DAGs
[2024-03-25T20:32:55.596+0000] {logging_mixin.py:188} INFO - [2024-03-25T20:32:55.596+0000] {dag.py:3834} INFO - Setting next_dagrun for example_skip_dag to 2024-03-24 00:00:00+00:00, run_after=2024-03-25 00:00:00+00:00
[2024-03-25T20:32:55.605+0000] {processor.py:183} INFO - Processing /home/airflow/.local/lib/python3.8/site-packages/airflow/example_dags/example_skip_dag.py took 0.040 seconds
[2024-03-25T20:33:25.933+0000] {processor.py:161} INFO - Started process (PID=865) to work on /home/airflow/.local/lib/python3.8/site-packages/airflow/example_dags/example_skip_dag.py
[2024-03-25T20:33:25.934+0000] {processor.py:830} INFO - Processing file /home/airflow/.local/lib/python3.8/site-packages/airflow/example_dags/example_skip_dag.py for tasks to queue
[2024-03-25T20:33:25.935+0000] {logging_mixin.py:188} INFO - [2024-03-25T20:33:25.934+0000] {dagbag.py:540} INFO - Filling up the DagBag from /home/airflow/.local/lib/python3.8/site-packages/airflow/example_dags/example_skip_dag.py
[2024-03-25T20:33:25.938+0000] {processor.py:840} INFO - DAG(s) 'example_skip_dag' retrieved from /home/airflow/.local/lib/python3.8/site-packages/airflow/example_dags/example_skip_dag.py
[2024-03-25T20:33:25.949+0000] {logging_mixin.py:188} INFO - [2024-03-25T20:33:25.949+0000] {dag.py:3047} INFO - Sync 1 DAGs
[2024-03-25T20:33:25.960+0000] {logging_mixin.py:188} INFO - [2024-03-25T20:33:25.960+0000] {dag.py:3834} INFO - Setting next_dagrun for example_skip_dag to 2024-03-24 00:00:00+00:00, run_after=2024-03-25 00:00:00+00:00
[2024-03-25T20:33:25.968+0000] {processor.py:183} INFO - Processing /home/airflow/.local/lib/python3.8/site-packages/airflow/example_dags/example_skip_dag.py took 0.037 seconds
[2024-03-25T20:33:56.429+0000] {processor.py:161} INFO - Started process (PID=921) to work on /home/airflow/.local/lib/python3.8/site-packages/airflow/example_dags/example_skip_dag.py
[2024-03-25T20:33:56.430+0000] {processor.py:830} INFO - Processing file /home/airflow/.local/lib/python3.8/site-packages/airflow/example_dags/example_skip_dag.py for tasks to queue
[2024-03-25T20:33:56.431+0000] {logging_mixin.py:188} INFO - [2024-03-25T20:33:56.431+0000] {dagbag.py:540} INFO - Filling up the DagBag from /home/airflow/.local/lib/python3.8/site-packages/airflow/example_dags/example_skip_dag.py
[2024-03-25T20:33:56.434+0000] {processor.py:840} INFO - DAG(s) 'example_skip_dag' retrieved from /home/airflow/.local/lib/python3.8/site-packages/airflow/example_dags/example_skip_dag.py
[2024-03-25T20:33:56.445+0000] {logging_mixin.py:188} INFO - [2024-03-25T20:33:56.445+0000] {dag.py:3047} INFO - Sync 1 DAGs
[2024-03-25T20:33:56.455+0000] {logging_mixin.py:188} INFO - [2024-03-25T20:33:56.455+0000] {dag.py:3834} INFO - Setting next_dagrun for example_skip_dag to 2024-03-24 00:00:00+00:00, run_after=2024-03-25 00:00:00+00:00
[2024-03-25T20:33:56.464+0000] {processor.py:183} INFO - Processing /home/airflow/.local/lib/python3.8/site-packages/airflow/example_dags/example_skip_dag.py took 0.037 seconds
[2024-03-25T20:34:27.190+0000] {processor.py:161} INFO - Started process (PID=976) to work on /home/airflow/.local/lib/python3.8/site-packages/airflow/example_dags/example_skip_dag.py
[2024-03-25T20:34:27.191+0000] {processor.py:830} INFO - Processing file /home/airflow/.local/lib/python3.8/site-packages/airflow/example_dags/example_skip_dag.py for tasks to queue
[2024-03-25T20:34:27.192+0000] {logging_mixin.py:188} INFO - [2024-03-25T20:34:27.192+0000] {dagbag.py:540} INFO - Filling up the DagBag from /home/airflow/.local/lib/python3.8/site-packages/airflow/example_dags/example_skip_dag.py
[2024-03-25T20:34:27.196+0000] {processor.py:840} INFO - DAG(s) 'example_skip_dag' retrieved from /home/airflow/.local/lib/python3.8/site-packages/airflow/example_dags/example_skip_dag.py
[2024-03-25T20:34:27.209+0000] {logging_mixin.py:188} INFO - [2024-03-25T20:34:27.209+0000] {dag.py:3047} INFO - Sync 1 DAGs
[2024-03-25T20:34:27.221+0000] {logging_mixin.py:188} INFO - [2024-03-25T20:34:27.221+0000] {dag.py:3834} INFO - Setting next_dagrun for example_skip_dag to 2024-03-24 00:00:00+00:00, run_after=2024-03-25 00:00:00+00:00
[2024-03-25T20:34:27.230+0000] {processor.py:183} INFO - Processing /home/airflow/.local/lib/python3.8/site-packages/airflow/example_dags/example_skip_dag.py took 0.041 seconds
[2024-03-25T20:34:57.901+0000] {processor.py:161} INFO - Started process (PID=1032) to work on /home/airflow/.local/lib/python3.8/site-packages/airflow/example_dags/example_skip_dag.py
[2024-03-25T20:34:57.902+0000] {processor.py:830} INFO - Processing file /home/airflow/.local/lib/python3.8/site-packages/airflow/example_dags/example_skip_dag.py for tasks to queue
[2024-03-25T20:34:57.903+0000] {logging_mixin.py:188} INFO - [2024-03-25T20:34:57.903+0000] {dagbag.py:540} INFO - Filling up the DagBag from /home/airflow/.local/lib/python3.8/site-packages/airflow/example_dags/example_skip_dag.py
[2024-03-25T20:34:57.907+0000] {processor.py:840} INFO - DAG(s) 'example_skip_dag' retrieved from /home/airflow/.local/lib/python3.8/site-packages/airflow/example_dags/example_skip_dag.py
[2024-03-25T20:34:57.918+0000] {logging_mixin.py:188} INFO - [2024-03-25T20:34:57.918+0000] {dag.py:3047} INFO - Sync 1 DAGs
[2024-03-25T20:34:57.928+0000] {logging_mixin.py:188} INFO - [2024-03-25T20:34:57.928+0000] {dag.py:3834} INFO - Setting next_dagrun for example_skip_dag to 2024-03-24 00:00:00+00:00, run_after=2024-03-25 00:00:00+00:00
[2024-03-25T20:34:57.937+0000] {processor.py:183} INFO - Processing /home/airflow/.local/lib/python3.8/site-packages/airflow/example_dags/example_skip_dag.py took 0.037 seconds
[2024-03-25T20:35:28.461+0000] {processor.py:161} INFO - Started process (PID=1088) to work on /home/airflow/.local/lib/python3.8/site-packages/airflow/example_dags/example_skip_dag.py
[2024-03-25T20:35:28.462+0000] {processor.py:830} INFO - Processing file /home/airflow/.local/lib/python3.8/site-packages/airflow/example_dags/example_skip_dag.py for tasks to queue
[2024-03-25T20:35:28.463+0000] {logging_mixin.py:188} INFO - [2024-03-25T20:35:28.463+0000] {dagbag.py:540} INFO - Filling up the DagBag from /home/airflow/.local/lib/python3.8/site-packages/airflow/example_dags/example_skip_dag.py
[2024-03-25T20:35:28.466+0000] {processor.py:840} INFO - DAG(s) 'example_skip_dag' retrieved from /home/airflow/.local/lib/python3.8/site-packages/airflow/example_dags/example_skip_dag.py
[2024-03-25T20:35:28.477+0000] {logging_mixin.py:188} INFO - [2024-03-25T20:35:28.477+0000] {dag.py:3047} INFO - Sync 1 DAGs
[2024-03-25T20:35:28.487+0000] {logging_mixin.py:188} INFO - [2024-03-25T20:35:28.487+0000] {dag.py:3834} INFO - Setting next_dagrun for example_skip_dag to 2024-03-24 00:00:00+00:00, run_after=2024-03-25 00:00:00+00:00
[2024-03-25T20:35:28.494+0000] {processor.py:183} INFO - Processing /home/airflow/.local/lib/python3.8/site-packages/airflow/example_dags/example_skip_dag.py took 0.035 seconds
[2024-03-25T20:35:58.965+0000] {processor.py:161} INFO - Started process (PID=1144) to work on /home/airflow/.local/lib/python3.8/site-packages/airflow/example_dags/example_skip_dag.py
[2024-03-25T20:35:58.966+0000] {processor.py:830} INFO - Processing file /home/airflow/.local/lib/python3.8/site-packages/airflow/example_dags/example_skip_dag.py for tasks to queue
[2024-03-25T20:35:58.967+0000] {logging_mixin.py:188} INFO - [2024-03-25T20:35:58.967+0000] {dagbag.py:540} INFO - Filling up the DagBag from /home/airflow/.local/lib/python3.8/site-packages/airflow/example_dags/example_skip_dag.py
[2024-03-25T20:35:58.972+0000] {processor.py:840} INFO - DAG(s) 'example_skip_dag' retrieved from /home/airflow/.local/lib/python3.8/site-packages/airflow/example_dags/example_skip_dag.py
[2024-03-25T20:35:58.984+0000] {logging_mixin.py:188} INFO - [2024-03-25T20:35:58.983+0000] {dag.py:3047} INFO - Sync 1 DAGs
[2024-03-25T20:35:58.995+0000] {logging_mixin.py:188} INFO - [2024-03-25T20:35:58.994+0000] {dag.py:3834} INFO - Setting next_dagrun for example_skip_dag to 2024-03-24 00:00:00+00:00, run_after=2024-03-25 00:00:00+00:00
[2024-03-25T20:35:59.004+0000] {processor.py:183} INFO - Processing /home/airflow/.local/lib/python3.8/site-packages/airflow/example_dags/example_skip_dag.py took 0.041 seconds
[2024-03-25T20:36:29.518+0000] {processor.py:161} INFO - Started process (PID=1200) to work on /home/airflow/.local/lib/python3.8/site-packages/airflow/example_dags/example_skip_dag.py
[2024-03-25T20:36:29.519+0000] {processor.py:830} INFO - Processing file /home/airflow/.local/lib/python3.8/site-packages/airflow/example_dags/example_skip_dag.py for tasks to queue
[2024-03-25T20:36:29.520+0000] {logging_mixin.py:188} INFO - [2024-03-25T20:36:29.520+0000] {dagbag.py:540} INFO - Filling up the DagBag from /home/airflow/.local/lib/python3.8/site-packages/airflow/example_dags/example_skip_dag.py
[2024-03-25T20:36:29.524+0000] {processor.py:840} INFO - DAG(s) 'example_skip_dag' retrieved from /home/airflow/.local/lib/python3.8/site-packages/airflow/example_dags/example_skip_dag.py
[2024-03-25T20:36:29.535+0000] {logging_mixin.py:188} INFO - [2024-03-25T20:36:29.535+0000] {dag.py:3047} INFO - Sync 1 DAGs
[2024-03-25T20:36:29.548+0000] {logging_mixin.py:188} INFO - [2024-03-25T20:36:29.548+0000] {dag.py:3834} INFO - Setting next_dagrun for example_skip_dag to 2024-03-24 00:00:00+00:00, run_after=2024-03-25 00:00:00+00:00
[2024-03-25T20:36:29.557+0000] {processor.py:183} INFO - Processing /home/airflow/.local/lib/python3.8/site-packages/airflow/example_dags/example_skip_dag.py took 0.040 seconds
[2024-03-25T20:37:00.166+0000] {processor.py:161} INFO - Started process (PID=1255) to work on /home/airflow/.local/lib/python3.8/site-packages/airflow/example_dags/example_skip_dag.py
[2024-03-25T20:37:00.167+0000] {processor.py:830} INFO - Processing file /home/airflow/.local/lib/python3.8/site-packages/airflow/example_dags/example_skip_dag.py for tasks to queue
[2024-03-25T20:37:00.171+0000] {logging_mixin.py:188} INFO - [2024-03-25T20:37:00.171+0000] {dagbag.py:540} INFO - Filling up the DagBag from /home/airflow/.local/lib/python3.8/site-packages/airflow/example_dags/example_skip_dag.py
[2024-03-25T20:37:00.175+0000] {processor.py:840} INFO - DAG(s) 'example_skip_dag' retrieved from /home/airflow/.local/lib/python3.8/site-packages/airflow/example_dags/example_skip_dag.py
[2024-03-25T20:37:00.187+0000] {logging_mixin.py:188} INFO - [2024-03-25T20:37:00.187+0000] {dag.py:3047} INFO - Sync 1 DAGs
[2024-03-25T20:37:00.199+0000] {logging_mixin.py:188} INFO - [2024-03-25T20:37:00.199+0000] {dag.py:3834} INFO - Setting next_dagrun for example_skip_dag to 2024-03-24 00:00:00+00:00, run_after=2024-03-25 00:00:00+00:00
[2024-03-25T20:37:00.208+0000] {processor.py:183} INFO - Processing /home/airflow/.local/lib/python3.8/site-packages/airflow/example_dags/example_skip_dag.py took 0.044 seconds
[2024-03-25T20:37:30.824+0000] {processor.py:161} INFO - Started process (PID=1311) to work on /home/airflow/.local/lib/python3.8/site-packages/airflow/example_dags/example_skip_dag.py
[2024-03-25T20:37:30.825+0000] {processor.py:830} INFO - Processing file /home/airflow/.local/lib/python3.8/site-packages/airflow/example_dags/example_skip_dag.py for tasks to queue
[2024-03-25T20:37:30.826+0000] {logging_mixin.py:188} INFO - [2024-03-25T20:37:30.826+0000] {dagbag.py:540} INFO - Filling up the DagBag from /home/airflow/.local/lib/python3.8/site-packages/airflow/example_dags/example_skip_dag.py
[2024-03-25T20:37:30.830+0000] {processor.py:840} INFO - DAG(s) 'example_skip_dag' retrieved from /home/airflow/.local/lib/python3.8/site-packages/airflow/example_dags/example_skip_dag.py
[2024-03-25T20:37:30.840+0000] {logging_mixin.py:188} INFO - [2024-03-25T20:37:30.840+0000] {dag.py:3047} INFO - Sync 1 DAGs
[2024-03-25T20:37:30.850+0000] {logging_mixin.py:188} INFO - [2024-03-25T20:37:30.850+0000] {dag.py:3834} INFO - Setting next_dagrun for example_skip_dag to 2024-03-24 00:00:00+00:00, run_after=2024-03-25 00:00:00+00:00
[2024-03-25T20:37:30.858+0000] {processor.py:183} INFO - Processing /home/airflow/.local/lib/python3.8/site-packages/airflow/example_dags/example_skip_dag.py took 0.035 seconds
[2024-03-25T20:38:01.585+0000] {processor.py:161} INFO - Started process (PID=1367) to work on /home/airflow/.local/lib/python3.8/site-packages/airflow/example_dags/example_skip_dag.py
[2024-03-25T20:38:01.585+0000] {processor.py:830} INFO - Processing file /home/airflow/.local/lib/python3.8/site-packages/airflow/example_dags/example_skip_dag.py for tasks to queue
[2024-03-25T20:38:01.586+0000] {logging_mixin.py:188} INFO - [2024-03-25T20:38:01.586+0000] {dagbag.py:540} INFO - Filling up the DagBag from /home/airflow/.local/lib/python3.8/site-packages/airflow/example_dags/example_skip_dag.py
[2024-03-25T20:38:01.590+0000] {processor.py:840} INFO - DAG(s) 'example_skip_dag' retrieved from /home/airflow/.local/lib/python3.8/site-packages/airflow/example_dags/example_skip_dag.py
[2024-03-25T20:38:01.601+0000] {logging_mixin.py:188} INFO - [2024-03-25T20:38:01.601+0000] {dag.py:3047} INFO - Sync 1 DAGs
[2024-03-25T20:38:01.612+0000] {logging_mixin.py:188} INFO - [2024-03-25T20:38:01.611+0000] {dag.py:3834} INFO - Setting next_dagrun for example_skip_dag to 2024-03-24 00:00:00+00:00, run_after=2024-03-25 00:00:00+00:00
[2024-03-25T20:38:01.620+0000] {processor.py:183} INFO - Processing /home/airflow/.local/lib/python3.8/site-packages/airflow/example_dags/example_skip_dag.py took 0.037 seconds
[2024-03-25T20:38:32.029+0000] {processor.py:161} INFO - Started process (PID=1423) to work on /home/airflow/.local/lib/python3.8/site-packages/airflow/example_dags/example_skip_dag.py
[2024-03-25T20:38:32.030+0000] {processor.py:830} INFO - Processing file /home/airflow/.local/lib/python3.8/site-packages/airflow/example_dags/example_skip_dag.py for tasks to queue
[2024-03-25T20:38:32.031+0000] {logging_mixin.py:188} INFO - [2024-03-25T20:38:32.031+0000] {dagbag.py:540} INFO - Filling up the DagBag from /home/airflow/.local/lib/python3.8/site-packages/airflow/example_dags/example_skip_dag.py
[2024-03-25T20:38:32.035+0000] {processor.py:840} INFO - DAG(s) 'example_skip_dag' retrieved from /home/airflow/.local/lib/python3.8/site-packages/airflow/example_dags/example_skip_dag.py
[2024-03-25T20:38:32.045+0000] {logging_mixin.py:188} INFO - [2024-03-25T20:38:32.045+0000] {dag.py:3047} INFO - Sync 1 DAGs
[2024-03-25T20:38:32.056+0000] {logging_mixin.py:188} INFO - [2024-03-25T20:38:32.056+0000] {dag.py:3834} INFO - Setting next_dagrun for example_skip_dag to 2024-03-24 00:00:00+00:00, run_after=2024-03-25 00:00:00+00:00
[2024-03-25T20:38:32.064+0000] {processor.py:183} INFO - Processing /home/airflow/.local/lib/python3.8/site-packages/airflow/example_dags/example_skip_dag.py took 0.037 seconds
[2024-03-25T20:39:02.609+0000] {processor.py:161} INFO - Started process (PID=1479) to work on /home/airflow/.local/lib/python3.8/site-packages/airflow/example_dags/example_skip_dag.py
[2024-03-25T20:39:02.610+0000] {processor.py:830} INFO - Processing file /home/airflow/.local/lib/python3.8/site-packages/airflow/example_dags/example_skip_dag.py for tasks to queue
[2024-03-25T20:39:02.611+0000] {logging_mixin.py:188} INFO - [2024-03-25T20:39:02.611+0000] {dagbag.py:540} INFO - Filling up the DagBag from /home/airflow/.local/lib/python3.8/site-packages/airflow/example_dags/example_skip_dag.py
[2024-03-25T20:39:02.615+0000] {processor.py:840} INFO - DAG(s) 'example_skip_dag' retrieved from /home/airflow/.local/lib/python3.8/site-packages/airflow/example_dags/example_skip_dag.py
[2024-03-25T20:39:02.629+0000] {logging_mixin.py:188} INFO - [2024-03-25T20:39:02.629+0000] {dag.py:3047} INFO - Sync 1 DAGs
[2024-03-25T20:39:02.641+0000] {logging_mixin.py:188} INFO - [2024-03-25T20:39:02.641+0000] {dag.py:3834} INFO - Setting next_dagrun for example_skip_dag to 2024-03-24 00:00:00+00:00, run_after=2024-03-25 00:00:00+00:00
[2024-03-25T20:39:02.671+0000] {processor.py:183} INFO - Processing /home/airflow/.local/lib/python3.8/site-packages/airflow/example_dags/example_skip_dag.py took 0.064 seconds
[2024-03-25T20:39:33.155+0000] {processor.py:161} INFO - Started process (PID=1535) to work on /home/airflow/.local/lib/python3.8/site-packages/airflow/example_dags/example_skip_dag.py
[2024-03-25T20:39:33.156+0000] {processor.py:830} INFO - Processing file /home/airflow/.local/lib/python3.8/site-packages/airflow/example_dags/example_skip_dag.py for tasks to queue
[2024-03-25T20:39:33.157+0000] {logging_mixin.py:188} INFO - [2024-03-25T20:39:33.157+0000] {dagbag.py:540} INFO - Filling up the DagBag from /home/airflow/.local/lib/python3.8/site-packages/airflow/example_dags/example_skip_dag.py
[2024-03-25T20:39:33.161+0000] {processor.py:840} INFO - DAG(s) 'example_skip_dag' retrieved from /home/airflow/.local/lib/python3.8/site-packages/airflow/example_dags/example_skip_dag.py
[2024-03-25T20:39:33.173+0000] {logging_mixin.py:188} INFO - [2024-03-25T20:39:33.173+0000] {dag.py:3047} INFO - Sync 1 DAGs
[2024-03-25T20:39:33.184+0000] {logging_mixin.py:188} INFO - [2024-03-25T20:39:33.184+0000] {dag.py:3834} INFO - Setting next_dagrun for example_skip_dag to 2024-03-24 00:00:00+00:00, run_after=2024-03-25 00:00:00+00:00
[2024-03-25T20:39:33.193+0000] {processor.py:183} INFO - Processing /home/airflow/.local/lib/python3.8/site-packages/airflow/example_dags/example_skip_dag.py took 0.039 seconds
[2024-03-25T20:40:03.599+0000] {processor.py:161} INFO - Started process (PID=1591) to work on /home/airflow/.local/lib/python3.8/site-packages/airflow/example_dags/example_skip_dag.py
[2024-03-25T20:40:03.600+0000] {processor.py:830} INFO - Processing file /home/airflow/.local/lib/python3.8/site-packages/airflow/example_dags/example_skip_dag.py for tasks to queue
[2024-03-25T20:40:03.601+0000] {logging_mixin.py:188} INFO - [2024-03-25T20:40:03.601+0000] {dagbag.py:540} INFO - Filling up the DagBag from /home/airflow/.local/lib/python3.8/site-packages/airflow/example_dags/example_skip_dag.py
[2024-03-25T20:40:03.605+0000] {processor.py:840} INFO - DAG(s) 'example_skip_dag' retrieved from /home/airflow/.local/lib/python3.8/site-packages/airflow/example_dags/example_skip_dag.py
[2024-03-25T20:40:03.616+0000] {logging_mixin.py:188} INFO - [2024-03-25T20:40:03.616+0000] {dag.py:3047} INFO - Sync 1 DAGs
[2024-03-25T20:40:03.627+0000] {logging_mixin.py:188} INFO - [2024-03-25T20:40:03.627+0000] {dag.py:3834} INFO - Setting next_dagrun for example_skip_dag to 2024-03-24 00:00:00+00:00, run_after=2024-03-25 00:00:00+00:00
[2024-03-25T20:40:03.635+0000] {processor.py:183} INFO - Processing /home/airflow/.local/lib/python3.8/site-packages/airflow/example_dags/example_skip_dag.py took 0.038 seconds
