[2024-03-25T20:19:37.777+0000] {processor.py:161} INFO - Started process (PID=67) to work on /home/airflow/.local/lib/python3.8/site-packages/airflow/example_dags/example_xcomargs.py
[2024-03-25T20:19:37.778+0000] {processor.py:830} INFO - Processing file /home/airflow/.local/lib/python3.8/site-packages/airflow/example_dags/example_xcomargs.py for tasks to queue
[2024-03-25T20:19:37.779+0000] {logging_mixin.py:188} INFO - [2024-03-25T20:19:37.779+0000] {dagbag.py:540} INFO - Filling up the DagBag from /home/airflow/.local/lib/python3.8/site-packages/airflow/example_dags/example_xcomargs.py
[2024-03-25T20:19:37.784+0000] {processor.py:840} INFO - DAG(s) 'example_xcom_args_with_operators', 'example_xcom_args' retrieved from /home/airflow/.local/lib/python3.8/site-packages/airflow/example_dags/example_xcomargs.py
[2024-03-25T20:19:37.798+0000] {logging_mixin.py:188} INFO - [2024-03-25T20:19:37.798+0000] {dag.py:3047} INFO - Sync 2 DAGs
[2024-03-25T20:19:37.806+0000] {logging_mixin.py:188} INFO - [2024-03-25T20:19:37.806+0000] {dag.py:3834} INFO - Setting next_dagrun for example_xcom_args to None, run_after=None
[2024-03-25T20:19:37.808+0000] {logging_mixin.py:188} INFO - [2024-03-25T20:19:37.808+0000] {dag.py:3834} INFO - Setting next_dagrun for example_xcom_args_with_operators to None, run_after=None
[2024-03-25T20:19:37.818+0000] {processor.py:183} INFO - Processing /home/airflow/.local/lib/python3.8/site-packages/airflow/example_dags/example_xcomargs.py took 0.043 seconds
[2024-03-25T20:20:08.130+0000] {processor.py:161} INFO - Started process (PID=123) to work on /home/airflow/.local/lib/python3.8/site-packages/airflow/example_dags/example_xcomargs.py
[2024-03-25T20:20:08.132+0000] {processor.py:830} INFO - Processing file /home/airflow/.local/lib/python3.8/site-packages/airflow/example_dags/example_xcomargs.py for tasks to queue
[2024-03-25T20:20:08.133+0000] {logging_mixin.py:188} INFO - [2024-03-25T20:20:08.133+0000] {dagbag.py:540} INFO - Filling up the DagBag from /home/airflow/.local/lib/python3.8/site-packages/airflow/example_dags/example_xcomargs.py
[2024-03-25T20:20:08.138+0000] {processor.py:840} INFO - DAG(s) 'example_xcom_args_with_operators', 'example_xcom_args' retrieved from /home/airflow/.local/lib/python3.8/site-packages/airflow/example_dags/example_xcomargs.py
[2024-03-25T20:20:08.149+0000] {logging_mixin.py:188} INFO - [2024-03-25T20:20:08.149+0000] {dag.py:3047} INFO - Sync 2 DAGs
[2024-03-25T20:20:08.155+0000] {logging_mixin.py:188} INFO - [2024-03-25T20:20:08.155+0000] {dag.py:3834} INFO - Setting next_dagrun for example_xcom_args to None, run_after=None
[2024-03-25T20:20:08.158+0000] {logging_mixin.py:188} INFO - [2024-03-25T20:20:08.157+0000] {dag.py:3834} INFO - Setting next_dagrun for example_xcom_args_with_operators to None, run_after=None
[2024-03-25T20:20:08.166+0000] {processor.py:183} INFO - Processing /home/airflow/.local/lib/python3.8/site-packages/airflow/example_dags/example_xcomargs.py took 0.038 seconds
[2024-03-25T20:26:15.032+0000] {processor.py:161} INFO - Started process (PID=66) to work on /home/airflow/.local/lib/python3.8/site-packages/airflow/example_dags/example_xcomargs.py
[2024-03-25T20:26:15.032+0000] {processor.py:830} INFO - Processing file /home/airflow/.local/lib/python3.8/site-packages/airflow/example_dags/example_xcomargs.py for tasks to queue
[2024-03-25T20:26:15.033+0000] {logging_mixin.py:188} INFO - [2024-03-25T20:26:15.033+0000] {dagbag.py:540} INFO - Filling up the DagBag from /home/airflow/.local/lib/python3.8/site-packages/airflow/example_dags/example_xcomargs.py
[2024-03-25T20:26:15.038+0000] {processor.py:840} INFO - DAG(s) 'example_xcom_args_with_operators', 'example_xcom_args' retrieved from /home/airflow/.local/lib/python3.8/site-packages/airflow/example_dags/example_xcomargs.py
[2024-03-25T20:26:15.052+0000] {logging_mixin.py:188} INFO - [2024-03-25T20:26:15.052+0000] {dag.py:3047} INFO - Sync 2 DAGs
[2024-03-25T20:26:15.061+0000] {logging_mixin.py:188} INFO - [2024-03-25T20:26:15.060+0000] {dag.py:3834} INFO - Setting next_dagrun for example_xcom_args to None, run_after=None
[2024-03-25T20:26:15.063+0000] {logging_mixin.py:188} INFO - [2024-03-25T20:26:15.063+0000] {dag.py:3834} INFO - Setting next_dagrun for example_xcom_args_with_operators to None, run_after=None
[2024-03-25T20:26:15.073+0000] {processor.py:183} INFO - Processing /home/airflow/.local/lib/python3.8/site-packages/airflow/example_dags/example_xcomargs.py took 0.043 seconds
[2024-03-25T20:26:45.216+0000] {processor.py:161} INFO - Started process (PID=121) to work on /home/airflow/.local/lib/python3.8/site-packages/airflow/example_dags/example_xcomargs.py
[2024-03-25T20:26:45.216+0000] {processor.py:830} INFO - Processing file /home/airflow/.local/lib/python3.8/site-packages/airflow/example_dags/example_xcomargs.py for tasks to queue
[2024-03-25T20:26:45.217+0000] {logging_mixin.py:188} INFO - [2024-03-25T20:26:45.217+0000] {dagbag.py:540} INFO - Filling up the DagBag from /home/airflow/.local/lib/python3.8/site-packages/airflow/example_dags/example_xcomargs.py
[2024-03-25T20:26:45.222+0000] {processor.py:840} INFO - DAG(s) 'example_xcom_args_with_operators', 'example_xcom_args' retrieved from /home/airflow/.local/lib/python3.8/site-packages/airflow/example_dags/example_xcomargs.py
[2024-03-25T20:26:45.234+0000] {logging_mixin.py:188} INFO - [2024-03-25T20:26:45.234+0000] {dag.py:3047} INFO - Sync 2 DAGs
[2024-03-25T20:26:45.242+0000] {logging_mixin.py:188} INFO - [2024-03-25T20:26:45.242+0000] {dag.py:3834} INFO - Setting next_dagrun for example_xcom_args to None, run_after=None
[2024-03-25T20:26:45.245+0000] {logging_mixin.py:188} INFO - [2024-03-25T20:26:45.245+0000] {dag.py:3834} INFO - Setting next_dagrun for example_xcom_args_with_operators to None, run_after=None
[2024-03-25T20:26:45.253+0000] {processor.py:183} INFO - Processing /home/airflow/.local/lib/python3.8/site-packages/airflow/example_dags/example_xcomargs.py took 0.039 seconds
[2024-03-25T20:27:16.522+0000] {processor.py:161} INFO - Started process (PID=177) to work on /home/airflow/.local/lib/python3.8/site-packages/airflow/example_dags/example_xcomargs.py
[2024-03-25T20:27:16.522+0000] {processor.py:830} INFO - Processing file /home/airflow/.local/lib/python3.8/site-packages/airflow/example_dags/example_xcomargs.py for tasks to queue
[2024-03-25T20:27:16.524+0000] {logging_mixin.py:188} INFO - [2024-03-25T20:27:16.524+0000] {dagbag.py:540} INFO - Filling up the DagBag from /home/airflow/.local/lib/python3.8/site-packages/airflow/example_dags/example_xcomargs.py
[2024-03-25T20:27:16.528+0000] {processor.py:840} INFO - DAG(s) 'example_xcom_args_with_operators', 'example_xcom_args' retrieved from /home/airflow/.local/lib/python3.8/site-packages/airflow/example_dags/example_xcomargs.py
[2024-03-25T20:27:16.542+0000] {logging_mixin.py:188} INFO - [2024-03-25T20:27:16.541+0000] {dag.py:3047} INFO - Sync 2 DAGs
[2024-03-25T20:27:16.548+0000] {logging_mixin.py:188} INFO - [2024-03-25T20:27:16.548+0000] {dag.py:3834} INFO - Setting next_dagrun for example_xcom_args to None, run_after=None
[2024-03-25T20:27:16.550+0000] {logging_mixin.py:188} INFO - [2024-03-25T20:27:16.550+0000] {dag.py:3834} INFO - Setting next_dagrun for example_xcom_args_with_operators to None, run_after=None
[2024-03-25T20:27:16.558+0000] {processor.py:183} INFO - Processing /home/airflow/.local/lib/python3.8/site-packages/airflow/example_dags/example_xcomargs.py took 0.038 seconds
[2024-03-25T20:27:47.507+0000] {processor.py:161} INFO - Started process (PID=233) to work on /home/airflow/.local/lib/python3.8/site-packages/airflow/example_dags/example_xcomargs.py
[2024-03-25T20:27:47.508+0000] {processor.py:830} INFO - Processing file /home/airflow/.local/lib/python3.8/site-packages/airflow/example_dags/example_xcomargs.py for tasks to queue
[2024-03-25T20:27:47.509+0000] {logging_mixin.py:188} INFO - [2024-03-25T20:27:47.509+0000] {dagbag.py:540} INFO - Filling up the DagBag from /home/airflow/.local/lib/python3.8/site-packages/airflow/example_dags/example_xcomargs.py
[2024-03-25T20:27:47.514+0000] {processor.py:840} INFO - DAG(s) 'example_xcom_args', 'example_xcom_args_with_operators' retrieved from /home/airflow/.local/lib/python3.8/site-packages/airflow/example_dags/example_xcomargs.py
[2024-03-25T20:27:47.527+0000] {logging_mixin.py:188} INFO - [2024-03-25T20:27:47.527+0000] {dag.py:3047} INFO - Sync 2 DAGs
[2024-03-25T20:27:47.534+0000] {logging_mixin.py:188} INFO - [2024-03-25T20:27:47.533+0000] {dag.py:3834} INFO - Setting next_dagrun for example_xcom_args to None, run_after=None
[2024-03-25T20:27:47.535+0000] {logging_mixin.py:188} INFO - [2024-03-25T20:27:47.535+0000] {dag.py:3834} INFO - Setting next_dagrun for example_xcom_args_with_operators to None, run_after=None
[2024-03-25T20:27:47.545+0000] {processor.py:183} INFO - Processing /home/airflow/.local/lib/python3.8/site-packages/airflow/example_dags/example_xcomargs.py took 0.040 seconds
[2024-03-25T20:28:18.557+0000] {processor.py:161} INFO - Started process (PID=289) to work on /home/airflow/.local/lib/python3.8/site-packages/airflow/example_dags/example_xcomargs.py
[2024-03-25T20:28:18.558+0000] {processor.py:830} INFO - Processing file /home/airflow/.local/lib/python3.8/site-packages/airflow/example_dags/example_xcomargs.py for tasks to queue
[2024-03-25T20:28:18.559+0000] {logging_mixin.py:188} INFO - [2024-03-25T20:28:18.558+0000] {dagbag.py:540} INFO - Filling up the DagBag from /home/airflow/.local/lib/python3.8/site-packages/airflow/example_dags/example_xcomargs.py
[2024-03-25T20:28:18.563+0000] {processor.py:840} INFO - DAG(s) 'example_xcom_args', 'example_xcom_args_with_operators' retrieved from /home/airflow/.local/lib/python3.8/site-packages/airflow/example_dags/example_xcomargs.py
[2024-03-25T20:28:18.574+0000] {logging_mixin.py:188} INFO - [2024-03-25T20:28:18.574+0000] {dag.py:3047} INFO - Sync 2 DAGs
[2024-03-25T20:28:18.579+0000] {logging_mixin.py:188} INFO - [2024-03-25T20:28:18.579+0000] {dag.py:3834} INFO - Setting next_dagrun for example_xcom_args to None, run_after=None
[2024-03-25T20:28:18.581+0000] {logging_mixin.py:188} INFO - [2024-03-25T20:28:18.581+0000] {dag.py:3834} INFO - Setting next_dagrun for example_xcom_args_with_operators to None, run_after=None
[2024-03-25T20:28:18.588+0000] {processor.py:183} INFO - Processing /home/airflow/.local/lib/python3.8/site-packages/airflow/example_dags/example_xcomargs.py took 0.033 seconds
[2024-03-25T20:28:48.617+0000] {processor.py:161} INFO - Started process (PID=344) to work on /home/airflow/.local/lib/python3.8/site-packages/airflow/example_dags/example_xcomargs.py
[2024-03-25T20:28:48.618+0000] {processor.py:830} INFO - Processing file /home/airflow/.local/lib/python3.8/site-packages/airflow/example_dags/example_xcomargs.py for tasks to queue
[2024-03-25T20:28:48.619+0000] {logging_mixin.py:188} INFO - [2024-03-25T20:28:48.619+0000] {dagbag.py:540} INFO - Filling up the DagBag from /home/airflow/.local/lib/python3.8/site-packages/airflow/example_dags/example_xcomargs.py
[2024-03-25T20:28:48.624+0000] {processor.py:840} INFO - DAG(s) 'example_xcom_args_with_operators', 'example_xcom_args' retrieved from /home/airflow/.local/lib/python3.8/site-packages/airflow/example_dags/example_xcomargs.py
[2024-03-25T20:28:48.637+0000] {logging_mixin.py:188} INFO - [2024-03-25T20:28:48.637+0000] {dag.py:3047} INFO - Sync 2 DAGs
[2024-03-25T20:28:48.644+0000] {logging_mixin.py:188} INFO - [2024-03-25T20:28:48.644+0000] {dag.py:3834} INFO - Setting next_dagrun for example_xcom_args to None, run_after=None
[2024-03-25T20:28:48.647+0000] {logging_mixin.py:188} INFO - [2024-03-25T20:28:48.647+0000] {dag.py:3834} INFO - Setting next_dagrun for example_xcom_args_with_operators to None, run_after=None
[2024-03-25T20:28:48.656+0000] {processor.py:183} INFO - Processing /home/airflow/.local/lib/python3.8/site-packages/airflow/example_dags/example_xcomargs.py took 0.040 seconds
[2024-03-25T20:29:18.847+0000] {processor.py:161} INFO - Started process (PID=400) to work on /home/airflow/.local/lib/python3.8/site-packages/airflow/example_dags/example_xcomargs.py
[2024-03-25T20:29:18.848+0000] {processor.py:830} INFO - Processing file /home/airflow/.local/lib/python3.8/site-packages/airflow/example_dags/example_xcomargs.py for tasks to queue
[2024-03-25T20:29:18.849+0000] {logging_mixin.py:188} INFO - [2024-03-25T20:29:18.849+0000] {dagbag.py:540} INFO - Filling up the DagBag from /home/airflow/.local/lib/python3.8/site-packages/airflow/example_dags/example_xcomargs.py
[2024-03-25T20:29:18.853+0000] {processor.py:840} INFO - DAG(s) 'example_xcom_args_with_operators', 'example_xcom_args' retrieved from /home/airflow/.local/lib/python3.8/site-packages/airflow/example_dags/example_xcomargs.py
[2024-03-25T20:29:18.865+0000] {logging_mixin.py:188} INFO - [2024-03-25T20:29:18.865+0000] {dag.py:3047} INFO - Sync 2 DAGs
[2024-03-25T20:29:18.871+0000] {logging_mixin.py:188} INFO - [2024-03-25T20:29:18.871+0000] {dag.py:3834} INFO - Setting next_dagrun for example_xcom_args to None, run_after=None
[2024-03-25T20:29:18.873+0000] {logging_mixin.py:188} INFO - [2024-03-25T20:29:18.873+0000] {dag.py:3834} INFO - Setting next_dagrun for example_xcom_args_with_operators to None, run_after=None
[2024-03-25T20:29:18.881+0000] {processor.py:183} INFO - Processing /home/airflow/.local/lib/python3.8/site-packages/airflow/example_dags/example_xcomargs.py took 0.037 seconds
[2024-03-25T20:29:49.129+0000] {processor.py:161} INFO - Started process (PID=456) to work on /home/airflow/.local/lib/python3.8/site-packages/airflow/example_dags/example_xcomargs.py
[2024-03-25T20:29:49.130+0000] {processor.py:830} INFO - Processing file /home/airflow/.local/lib/python3.8/site-packages/airflow/example_dags/example_xcomargs.py for tasks to queue
[2024-03-25T20:29:49.131+0000] {logging_mixin.py:188} INFO - [2024-03-25T20:29:49.131+0000] {dagbag.py:540} INFO - Filling up the DagBag from /home/airflow/.local/lib/python3.8/site-packages/airflow/example_dags/example_xcomargs.py
[2024-03-25T20:29:49.135+0000] {processor.py:840} INFO - DAG(s) 'example_xcom_args_with_operators', 'example_xcom_args' retrieved from /home/airflow/.local/lib/python3.8/site-packages/airflow/example_dags/example_xcomargs.py
[2024-03-25T20:29:49.147+0000] {logging_mixin.py:188} INFO - [2024-03-25T20:29:49.146+0000] {dag.py:3047} INFO - Sync 2 DAGs
[2024-03-25T20:29:49.152+0000] {logging_mixin.py:188} INFO - [2024-03-25T20:29:49.152+0000] {dag.py:3834} INFO - Setting next_dagrun for example_xcom_args to None, run_after=None
[2024-03-25T20:29:49.154+0000] {logging_mixin.py:188} INFO - [2024-03-25T20:29:49.154+0000] {dag.py:3834} INFO - Setting next_dagrun for example_xcom_args_with_operators to None, run_after=None
[2024-03-25T20:29:49.168+0000] {processor.py:183} INFO - Processing /home/airflow/.local/lib/python3.8/site-packages/airflow/example_dags/example_xcomargs.py took 0.041 seconds
[2024-03-25T20:30:19.394+0000] {processor.py:161} INFO - Started process (PID=521) to work on /home/airflow/.local/lib/python3.8/site-packages/airflow/example_dags/example_xcomargs.py
[2024-03-25T20:30:19.394+0000] {processor.py:830} INFO - Processing file /home/airflow/.local/lib/python3.8/site-packages/airflow/example_dags/example_xcomargs.py for tasks to queue
[2024-03-25T20:30:19.395+0000] {logging_mixin.py:188} INFO - [2024-03-25T20:30:19.395+0000] {dagbag.py:540} INFO - Filling up the DagBag from /home/airflow/.local/lib/python3.8/site-packages/airflow/example_dags/example_xcomargs.py
[2024-03-25T20:30:19.400+0000] {processor.py:840} INFO - DAG(s) 'example_xcom_args_with_operators', 'example_xcom_args' retrieved from /home/airflow/.local/lib/python3.8/site-packages/airflow/example_dags/example_xcomargs.py
[2024-03-25T20:30:19.411+0000] {logging_mixin.py:188} INFO - [2024-03-25T20:30:19.411+0000] {dag.py:3047} INFO - Sync 2 DAGs
[2024-03-25T20:30:19.417+0000] {logging_mixin.py:188} INFO - [2024-03-25T20:30:19.417+0000] {dag.py:3834} INFO - Setting next_dagrun for example_xcom_args to None, run_after=None
[2024-03-25T20:30:19.419+0000] {logging_mixin.py:188} INFO - [2024-03-25T20:30:19.419+0000] {dag.py:3834} INFO - Setting next_dagrun for example_xcom_args_with_operators to None, run_after=None
[2024-03-25T20:30:19.426+0000] {processor.py:183} INFO - Processing /home/airflow/.local/lib/python3.8/site-packages/airflow/example_dags/example_xcomargs.py took 0.035 seconds
[2024-03-25T20:30:50.444+0000] {processor.py:161} INFO - Started process (PID=577) to work on /home/airflow/.local/lib/python3.8/site-packages/airflow/example_dags/example_xcomargs.py
[2024-03-25T20:30:50.445+0000] {processor.py:830} INFO - Processing file /home/airflow/.local/lib/python3.8/site-packages/airflow/example_dags/example_xcomargs.py for tasks to queue
[2024-03-25T20:30:50.446+0000] {logging_mixin.py:188} INFO - [2024-03-25T20:30:50.446+0000] {dagbag.py:540} INFO - Filling up the DagBag from /home/airflow/.local/lib/python3.8/site-packages/airflow/example_dags/example_xcomargs.py
[2024-03-25T20:30:50.450+0000] {processor.py:840} INFO - DAG(s) 'example_xcom_args_with_operators', 'example_xcom_args' retrieved from /home/airflow/.local/lib/python3.8/site-packages/airflow/example_dags/example_xcomargs.py
[2024-03-25T20:30:50.462+0000] {logging_mixin.py:188} INFO - [2024-03-25T20:30:50.462+0000] {dag.py:3047} INFO - Sync 2 DAGs
[2024-03-25T20:30:50.468+0000] {logging_mixin.py:188} INFO - [2024-03-25T20:30:50.468+0000] {dag.py:3834} INFO - Setting next_dagrun for example_xcom_args to None, run_after=None
[2024-03-25T20:30:50.470+0000] {logging_mixin.py:188} INFO - [2024-03-25T20:30:50.470+0000] {dag.py:3834} INFO - Setting next_dagrun for example_xcom_args_with_operators to None, run_after=None
[2024-03-25T20:30:50.477+0000] {processor.py:183} INFO - Processing /home/airflow/.local/lib/python3.8/site-packages/airflow/example_dags/example_xcomargs.py took 0.035 seconds
[2024-03-25T20:31:21.393+0000] {processor.py:161} INFO - Started process (PID=633) to work on /home/airflow/.local/lib/python3.8/site-packages/airflow/example_dags/example_xcomargs.py
[2024-03-25T20:31:21.393+0000] {processor.py:830} INFO - Processing file /home/airflow/.local/lib/python3.8/site-packages/airflow/example_dags/example_xcomargs.py for tasks to queue
[2024-03-25T20:31:21.394+0000] {logging_mixin.py:188} INFO - [2024-03-25T20:31:21.394+0000] {dagbag.py:540} INFO - Filling up the DagBag from /home/airflow/.local/lib/python3.8/site-packages/airflow/example_dags/example_xcomargs.py
[2024-03-25T20:31:21.399+0000] {processor.py:840} INFO - DAG(s) 'example_xcom_args_with_operators', 'example_xcom_args' retrieved from /home/airflow/.local/lib/python3.8/site-packages/airflow/example_dags/example_xcomargs.py
[2024-03-25T20:31:21.411+0000] {logging_mixin.py:188} INFO - [2024-03-25T20:31:21.411+0000] {dag.py:3047} INFO - Sync 2 DAGs
[2024-03-25T20:31:21.417+0000] {logging_mixin.py:188} INFO - [2024-03-25T20:31:21.417+0000] {dag.py:3834} INFO - Setting next_dagrun for example_xcom_args to None, run_after=None
[2024-03-25T20:31:21.419+0000] {logging_mixin.py:188} INFO - [2024-03-25T20:31:21.419+0000] {dag.py:3834} INFO - Setting next_dagrun for example_xcom_args_with_operators to None, run_after=None
[2024-03-25T20:31:21.427+0000] {processor.py:183} INFO - Processing /home/airflow/.local/lib/python3.8/site-packages/airflow/example_dags/example_xcomargs.py took 0.036 seconds
[2024-03-25T20:31:52.213+0000] {processor.py:161} INFO - Started process (PID=689) to work on /home/airflow/.local/lib/python3.8/site-packages/airflow/example_dags/example_xcomargs.py
[2024-03-25T20:31:52.213+0000] {processor.py:830} INFO - Processing file /home/airflow/.local/lib/python3.8/site-packages/airflow/example_dags/example_xcomargs.py for tasks to queue
[2024-03-25T20:31:52.214+0000] {logging_mixin.py:188} INFO - [2024-03-25T20:31:52.214+0000] {dagbag.py:540} INFO - Filling up the DagBag from /home/airflow/.local/lib/python3.8/site-packages/airflow/example_dags/example_xcomargs.py
[2024-03-25T20:31:52.219+0000] {processor.py:840} INFO - DAG(s) 'example_xcom_args', 'example_xcom_args_with_operators' retrieved from /home/airflow/.local/lib/python3.8/site-packages/airflow/example_dags/example_xcomargs.py
[2024-03-25T20:31:52.231+0000] {logging_mixin.py:188} INFO - [2024-03-25T20:31:52.230+0000] {dag.py:3047} INFO - Sync 2 DAGs
[2024-03-25T20:31:52.237+0000] {logging_mixin.py:188} INFO - [2024-03-25T20:31:52.236+0000] {dag.py:3834} INFO - Setting next_dagrun for example_xcom_args to None, run_after=None
[2024-03-25T20:31:52.239+0000] {logging_mixin.py:188} INFO - [2024-03-25T20:31:52.238+0000] {dag.py:3834} INFO - Setting next_dagrun for example_xcom_args_with_operators to None, run_after=None
[2024-03-25T20:31:52.246+0000] {processor.py:183} INFO - Processing /home/airflow/.local/lib/python3.8/site-packages/airflow/example_dags/example_xcomargs.py took 0.035 seconds
[2024-03-25T20:32:22.696+0000] {processor.py:161} INFO - Started process (PID=745) to work on /home/airflow/.local/lib/python3.8/site-packages/airflow/example_dags/example_xcomargs.py
[2024-03-25T20:32:22.697+0000] {processor.py:830} INFO - Processing file /home/airflow/.local/lib/python3.8/site-packages/airflow/example_dags/example_xcomargs.py for tasks to queue
[2024-03-25T20:32:22.698+0000] {logging_mixin.py:188} INFO - [2024-03-25T20:32:22.698+0000] {dagbag.py:540} INFO - Filling up the DagBag from /home/airflow/.local/lib/python3.8/site-packages/airflow/example_dags/example_xcomargs.py
[2024-03-25T20:32:22.702+0000] {processor.py:840} INFO - DAG(s) 'example_xcom_args', 'example_xcom_args_with_operators' retrieved from /home/airflow/.local/lib/python3.8/site-packages/airflow/example_dags/example_xcomargs.py
[2024-03-25T20:32:22.715+0000] {logging_mixin.py:188} INFO - [2024-03-25T20:32:22.715+0000] {dag.py:3047} INFO - Sync 2 DAGs
[2024-03-25T20:32:22.721+0000] {logging_mixin.py:188} INFO - [2024-03-25T20:32:22.721+0000] {dag.py:3834} INFO - Setting next_dagrun for example_xcom_args to None, run_after=None
[2024-03-25T20:32:22.723+0000] {logging_mixin.py:188} INFO - [2024-03-25T20:32:22.723+0000] {dag.py:3834} INFO - Setting next_dagrun for example_xcom_args_with_operators to None, run_after=None
[2024-03-25T20:32:22.731+0000] {processor.py:183} INFO - Processing /home/airflow/.local/lib/python3.8/site-packages/airflow/example_dags/example_xcomargs.py took 0.036 seconds
[2024-03-25T20:32:53.296+0000] {processor.py:161} INFO - Started process (PID=801) to work on /home/airflow/.local/lib/python3.8/site-packages/airflow/example_dags/example_xcomargs.py
[2024-03-25T20:32:53.297+0000] {processor.py:830} INFO - Processing file /home/airflow/.local/lib/python3.8/site-packages/airflow/example_dags/example_xcomargs.py for tasks to queue
[2024-03-25T20:32:53.298+0000] {logging_mixin.py:188} INFO - [2024-03-25T20:32:53.298+0000] {dagbag.py:540} INFO - Filling up the DagBag from /home/airflow/.local/lib/python3.8/site-packages/airflow/example_dags/example_xcomargs.py
[2024-03-25T20:32:53.303+0000] {processor.py:840} INFO - DAG(s) 'example_xcom_args', 'example_xcom_args_with_operators' retrieved from /home/airflow/.local/lib/python3.8/site-packages/airflow/example_dags/example_xcomargs.py
[2024-03-25T20:32:53.315+0000] {logging_mixin.py:188} INFO - [2024-03-25T20:32:53.315+0000] {dag.py:3047} INFO - Sync 2 DAGs
[2024-03-25T20:32:53.323+0000] {logging_mixin.py:188} INFO - [2024-03-25T20:32:53.322+0000] {dag.py:3834} INFO - Setting next_dagrun for example_xcom_args to None, run_after=None
[2024-03-25T20:32:53.325+0000] {logging_mixin.py:188} INFO - [2024-03-25T20:32:53.325+0000] {dag.py:3834} INFO - Setting next_dagrun for example_xcom_args_with_operators to None, run_after=None
[2024-03-25T20:32:53.333+0000] {processor.py:183} INFO - Processing /home/airflow/.local/lib/python3.8/site-packages/airflow/example_dags/example_xcomargs.py took 0.039 seconds
[2024-03-25T20:33:23.701+0000] {processor.py:161} INFO - Started process (PID=857) to work on /home/airflow/.local/lib/python3.8/site-packages/airflow/example_dags/example_xcomargs.py
[2024-03-25T20:33:23.701+0000] {processor.py:830} INFO - Processing file /home/airflow/.local/lib/python3.8/site-packages/airflow/example_dags/example_xcomargs.py for tasks to queue
[2024-03-25T20:33:23.702+0000] {logging_mixin.py:188} INFO - [2024-03-25T20:33:23.702+0000] {dagbag.py:540} INFO - Filling up the DagBag from /home/airflow/.local/lib/python3.8/site-packages/airflow/example_dags/example_xcomargs.py
[2024-03-25T20:33:23.707+0000] {processor.py:840} INFO - DAG(s) 'example_xcom_args_with_operators', 'example_xcom_args' retrieved from /home/airflow/.local/lib/python3.8/site-packages/airflow/example_dags/example_xcomargs.py
[2024-03-25T20:33:23.718+0000] {logging_mixin.py:188} INFO - [2024-03-25T20:33:23.718+0000] {dag.py:3047} INFO - Sync 2 DAGs
[2024-03-25T20:33:23.724+0000] {logging_mixin.py:188} INFO - [2024-03-25T20:33:23.724+0000] {dag.py:3834} INFO - Setting next_dagrun for example_xcom_args to None, run_after=None
[2024-03-25T20:33:23.726+0000] {logging_mixin.py:188} INFO - [2024-03-25T20:33:23.726+0000] {dag.py:3834} INFO - Setting next_dagrun for example_xcom_args_with_operators to None, run_after=None
[2024-03-25T20:33:23.734+0000] {processor.py:183} INFO - Processing /home/airflow/.local/lib/python3.8/site-packages/airflow/example_dags/example_xcomargs.py took 0.035 seconds
[2024-03-25T20:33:54.172+0000] {processor.py:161} INFO - Started process (PID=913) to work on /home/airflow/.local/lib/python3.8/site-packages/airflow/example_dags/example_xcomargs.py
[2024-03-25T20:33:54.173+0000] {processor.py:830} INFO - Processing file /home/airflow/.local/lib/python3.8/site-packages/airflow/example_dags/example_xcomargs.py for tasks to queue
[2024-03-25T20:33:54.174+0000] {logging_mixin.py:188} INFO - [2024-03-25T20:33:54.174+0000] {dagbag.py:540} INFO - Filling up the DagBag from /home/airflow/.local/lib/python3.8/site-packages/airflow/example_dags/example_xcomargs.py
[2024-03-25T20:33:54.179+0000] {processor.py:840} INFO - DAG(s) 'example_xcom_args_with_operators', 'example_xcom_args' retrieved from /home/airflow/.local/lib/python3.8/site-packages/airflow/example_dags/example_xcomargs.py
[2024-03-25T20:33:54.194+0000] {logging_mixin.py:188} INFO - [2024-03-25T20:33:54.194+0000] {dag.py:3047} INFO - Sync 2 DAGs
[2024-03-25T20:33:54.201+0000] {logging_mixin.py:188} INFO - [2024-03-25T20:33:54.200+0000] {dag.py:3834} INFO - Setting next_dagrun for example_xcom_args to None, run_after=None
[2024-03-25T20:33:54.203+0000] {logging_mixin.py:188} INFO - [2024-03-25T20:33:54.203+0000] {dag.py:3834} INFO - Setting next_dagrun for example_xcom_args_with_operators to None, run_after=None
[2024-03-25T20:33:54.211+0000] {processor.py:183} INFO - Processing /home/airflow/.local/lib/python3.8/site-packages/airflow/example_dags/example_xcomargs.py took 0.041 seconds
[2024-03-25T20:34:24.904+0000] {processor.py:161} INFO - Started process (PID=968) to work on /home/airflow/.local/lib/python3.8/site-packages/airflow/example_dags/example_xcomargs.py
[2024-03-25T20:34:24.905+0000] {processor.py:830} INFO - Processing file /home/airflow/.local/lib/python3.8/site-packages/airflow/example_dags/example_xcomargs.py for tasks to queue
[2024-03-25T20:34:24.906+0000] {logging_mixin.py:188} INFO - [2024-03-25T20:34:24.906+0000] {dagbag.py:540} INFO - Filling up the DagBag from /home/airflow/.local/lib/python3.8/site-packages/airflow/example_dags/example_xcomargs.py
[2024-03-25T20:34:24.911+0000] {processor.py:840} INFO - DAG(s) 'example_xcom_args', 'example_xcom_args_with_operators' retrieved from /home/airflow/.local/lib/python3.8/site-packages/airflow/example_dags/example_xcomargs.py
[2024-03-25T20:34:24.927+0000] {logging_mixin.py:188} INFO - [2024-03-25T20:34:24.927+0000] {dag.py:3047} INFO - Sync 2 DAGs
[2024-03-25T20:34:24.934+0000] {logging_mixin.py:188} INFO - [2024-03-25T20:34:24.934+0000] {dag.py:3834} INFO - Setting next_dagrun for example_xcom_args to None, run_after=None
[2024-03-25T20:34:24.937+0000] {logging_mixin.py:188} INFO - [2024-03-25T20:34:24.937+0000] {dag.py:3834} INFO - Setting next_dagrun for example_xcom_args_with_operators to None, run_after=None
[2024-03-25T20:34:24.947+0000] {processor.py:183} INFO - Processing /home/airflow/.local/lib/python3.8/site-packages/airflow/example_dags/example_xcomargs.py took 0.045 seconds
[2024-03-25T20:34:55.634+0000] {processor.py:161} INFO - Started process (PID=1024) to work on /home/airflow/.local/lib/python3.8/site-packages/airflow/example_dags/example_xcomargs.py
[2024-03-25T20:34:55.634+0000] {processor.py:830} INFO - Processing file /home/airflow/.local/lib/python3.8/site-packages/airflow/example_dags/example_xcomargs.py for tasks to queue
[2024-03-25T20:34:55.636+0000] {logging_mixin.py:188} INFO - [2024-03-25T20:34:55.636+0000] {dagbag.py:540} INFO - Filling up the DagBag from /home/airflow/.local/lib/python3.8/site-packages/airflow/example_dags/example_xcomargs.py
[2024-03-25T20:34:55.642+0000] {processor.py:840} INFO - DAG(s) 'example_xcom_args', 'example_xcom_args_with_operators' retrieved from /home/airflow/.local/lib/python3.8/site-packages/airflow/example_dags/example_xcomargs.py
[2024-03-25T20:34:55.659+0000] {logging_mixin.py:188} INFO - [2024-03-25T20:34:55.659+0000] {dag.py:3047} INFO - Sync 2 DAGs
[2024-03-25T20:34:55.670+0000] {logging_mixin.py:188} INFO - [2024-03-25T20:34:55.670+0000] {dag.py:3834} INFO - Setting next_dagrun for example_xcom_args to None, run_after=None
[2024-03-25T20:34:55.673+0000] {logging_mixin.py:188} INFO - [2024-03-25T20:34:55.673+0000] {dag.py:3834} INFO - Setting next_dagrun for example_xcom_args_with_operators to None, run_after=None
[2024-03-25T20:34:55.683+0000] {processor.py:183} INFO - Processing /home/airflow/.local/lib/python3.8/site-packages/airflow/example_dags/example_xcomargs.py took 0.051 seconds
[2024-03-25T20:35:26.071+0000] {processor.py:161} INFO - Started process (PID=1080) to work on /home/airflow/.local/lib/python3.8/site-packages/airflow/example_dags/example_xcomargs.py
[2024-03-25T20:35:26.072+0000] {processor.py:830} INFO - Processing file /home/airflow/.local/lib/python3.8/site-packages/airflow/example_dags/example_xcomargs.py for tasks to queue
[2024-03-25T20:35:26.073+0000] {logging_mixin.py:188} INFO - [2024-03-25T20:35:26.073+0000] {dagbag.py:540} INFO - Filling up the DagBag from /home/airflow/.local/lib/python3.8/site-packages/airflow/example_dags/example_xcomargs.py
[2024-03-25T20:35:26.077+0000] {processor.py:840} INFO - DAG(s) 'example_xcom_args_with_operators', 'example_xcom_args' retrieved from /home/airflow/.local/lib/python3.8/site-packages/airflow/example_dags/example_xcomargs.py
[2024-03-25T20:35:26.135+0000] {logging_mixin.py:188} INFO - [2024-03-25T20:35:26.135+0000] {dag.py:3047} INFO - Sync 2 DAGs
[2024-03-25T20:35:26.146+0000] {logging_mixin.py:188} INFO - [2024-03-25T20:35:26.146+0000] {dag.py:3834} INFO - Setting next_dagrun for example_xcom_args to None, run_after=None
[2024-03-25T20:35:26.157+0000] {logging_mixin.py:188} INFO - [2024-03-25T20:35:26.156+0000] {dag.py:3834} INFO - Setting next_dagrun for example_xcom_args_with_operators to None, run_after=None
[2024-03-25T20:35:26.171+0000] {processor.py:183} INFO - Processing /home/airflow/.local/lib/python3.8/site-packages/airflow/example_dags/example_xcomargs.py took 0.102 seconds
[2024-03-25T20:35:56.710+0000] {processor.py:161} INFO - Started process (PID=1136) to work on /home/airflow/.local/lib/python3.8/site-packages/airflow/example_dags/example_xcomargs.py
[2024-03-25T20:35:56.711+0000] {processor.py:830} INFO - Processing file /home/airflow/.local/lib/python3.8/site-packages/airflow/example_dags/example_xcomargs.py for tasks to queue
[2024-03-25T20:35:56.712+0000] {logging_mixin.py:188} INFO - [2024-03-25T20:35:56.712+0000] {dagbag.py:540} INFO - Filling up the DagBag from /home/airflow/.local/lib/python3.8/site-packages/airflow/example_dags/example_xcomargs.py
[2024-03-25T20:35:56.716+0000] {processor.py:840} INFO - DAG(s) 'example_xcom_args', 'example_xcom_args_with_operators' retrieved from /home/airflow/.local/lib/python3.8/site-packages/airflow/example_dags/example_xcomargs.py
[2024-03-25T20:35:56.728+0000] {logging_mixin.py:188} INFO - [2024-03-25T20:35:56.728+0000] {dag.py:3047} INFO - Sync 2 DAGs
[2024-03-25T20:35:56.734+0000] {logging_mixin.py:188} INFO - [2024-03-25T20:35:56.734+0000] {dag.py:3834} INFO - Setting next_dagrun for example_xcom_args to None, run_after=None
[2024-03-25T20:35:56.736+0000] {logging_mixin.py:188} INFO - [2024-03-25T20:35:56.736+0000] {dag.py:3834} INFO - Setting next_dagrun for example_xcom_args_with_operators to None, run_after=None
[2024-03-25T20:35:56.743+0000] {processor.py:183} INFO - Processing /home/airflow/.local/lib/python3.8/site-packages/airflow/example_dags/example_xcomargs.py took 0.034 seconds
[2024-03-25T20:36:27.241+0000] {processor.py:161} INFO - Started process (PID=1192) to work on /home/airflow/.local/lib/python3.8/site-packages/airflow/example_dags/example_xcomargs.py
[2024-03-25T20:36:27.242+0000] {processor.py:830} INFO - Processing file /home/airflow/.local/lib/python3.8/site-packages/airflow/example_dags/example_xcomargs.py for tasks to queue
[2024-03-25T20:36:27.243+0000] {logging_mixin.py:188} INFO - [2024-03-25T20:36:27.243+0000] {dagbag.py:540} INFO - Filling up the DagBag from /home/airflow/.local/lib/python3.8/site-packages/airflow/example_dags/example_xcomargs.py
[2024-03-25T20:36:27.247+0000] {processor.py:840} INFO - DAG(s) 'example_xcom_args', 'example_xcom_args_with_operators' retrieved from /home/airflow/.local/lib/python3.8/site-packages/airflow/example_dags/example_xcomargs.py
[2024-03-25T20:36:27.261+0000] {logging_mixin.py:188} INFO - [2024-03-25T20:36:27.261+0000] {dag.py:3047} INFO - Sync 2 DAGs
[2024-03-25T20:36:27.269+0000] {logging_mixin.py:188} INFO - [2024-03-25T20:36:27.269+0000] {dag.py:3834} INFO - Setting next_dagrun for example_xcom_args to None, run_after=None
[2024-03-25T20:36:27.271+0000] {logging_mixin.py:188} INFO - [2024-03-25T20:36:27.271+0000] {dag.py:3834} INFO - Setting next_dagrun for example_xcom_args_with_operators to None, run_after=None
[2024-03-25T20:36:27.280+0000] {processor.py:183} INFO - Processing /home/airflow/.local/lib/python3.8/site-packages/airflow/example_dags/example_xcomargs.py took 0.040 seconds
[2024-03-25T20:36:57.869+0000] {processor.py:161} INFO - Started process (PID=1247) to work on /home/airflow/.local/lib/python3.8/site-packages/airflow/example_dags/example_xcomargs.py
[2024-03-25T20:36:57.870+0000] {processor.py:830} INFO - Processing file /home/airflow/.local/lib/python3.8/site-packages/airflow/example_dags/example_xcomargs.py for tasks to queue
[2024-03-25T20:36:57.871+0000] {logging_mixin.py:188} INFO - [2024-03-25T20:36:57.871+0000] {dagbag.py:540} INFO - Filling up the DagBag from /home/airflow/.local/lib/python3.8/site-packages/airflow/example_dags/example_xcomargs.py
[2024-03-25T20:36:57.876+0000] {processor.py:840} INFO - DAG(s) 'example_xcom_args_with_operators', 'example_xcom_args' retrieved from /home/airflow/.local/lib/python3.8/site-packages/airflow/example_dags/example_xcomargs.py
[2024-03-25T20:36:57.888+0000] {logging_mixin.py:188} INFO - [2024-03-25T20:36:57.888+0000] {dag.py:3047} INFO - Sync 2 DAGs
[2024-03-25T20:36:57.894+0000] {logging_mixin.py:188} INFO - [2024-03-25T20:36:57.894+0000] {dag.py:3834} INFO - Setting next_dagrun for example_xcom_args to None, run_after=None
[2024-03-25T20:36:57.896+0000] {logging_mixin.py:188} INFO - [2024-03-25T20:36:57.896+0000] {dag.py:3834} INFO - Setting next_dagrun for example_xcom_args_with_operators to None, run_after=None
[2024-03-25T20:36:57.904+0000] {processor.py:183} INFO - Processing /home/airflow/.local/lib/python3.8/site-packages/airflow/example_dags/example_xcomargs.py took 0.036 seconds
[2024-03-25T20:37:28.519+0000] {processor.py:161} INFO - Started process (PID=1303) to work on /home/airflow/.local/lib/python3.8/site-packages/airflow/example_dags/example_xcomargs.py
[2024-03-25T20:37:28.520+0000] {processor.py:830} INFO - Processing file /home/airflow/.local/lib/python3.8/site-packages/airflow/example_dags/example_xcomargs.py for tasks to queue
[2024-03-25T20:37:28.521+0000] {logging_mixin.py:188} INFO - [2024-03-25T20:37:28.521+0000] {dagbag.py:540} INFO - Filling up the DagBag from /home/airflow/.local/lib/python3.8/site-packages/airflow/example_dags/example_xcomargs.py
[2024-03-25T20:37:28.527+0000] {processor.py:840} INFO - DAG(s) 'example_xcom_args_with_operators', 'example_xcom_args' retrieved from /home/airflow/.local/lib/python3.8/site-packages/airflow/example_dags/example_xcomargs.py
[2024-03-25T20:37:28.562+0000] {logging_mixin.py:188} INFO - [2024-03-25T20:37:28.562+0000] {dag.py:3047} INFO - Sync 2 DAGs
[2024-03-25T20:37:28.572+0000] {logging_mixin.py:188} INFO - [2024-03-25T20:37:28.572+0000] {dag.py:3834} INFO - Setting next_dagrun for example_xcom_args to None, run_after=None
[2024-03-25T20:37:28.574+0000] {logging_mixin.py:188} INFO - [2024-03-25T20:37:28.574+0000] {dag.py:3834} INFO - Setting next_dagrun for example_xcom_args_with_operators to None, run_after=None
[2024-03-25T20:37:28.585+0000] {processor.py:183} INFO - Processing /home/airflow/.local/lib/python3.8/site-packages/airflow/example_dags/example_xcomargs.py took 0.069 seconds
[2024-03-25T20:37:59.288+0000] {processor.py:161} INFO - Started process (PID=1359) to work on /home/airflow/.local/lib/python3.8/site-packages/airflow/example_dags/example_xcomargs.py
[2024-03-25T20:37:59.289+0000] {processor.py:830} INFO - Processing file /home/airflow/.local/lib/python3.8/site-packages/airflow/example_dags/example_xcomargs.py for tasks to queue
[2024-03-25T20:37:59.290+0000] {logging_mixin.py:188} INFO - [2024-03-25T20:37:59.289+0000] {dagbag.py:540} INFO - Filling up the DagBag from /home/airflow/.local/lib/python3.8/site-packages/airflow/example_dags/example_xcomargs.py
[2024-03-25T20:37:59.294+0000] {processor.py:840} INFO - DAG(s) 'example_xcom_args', 'example_xcom_args_with_operators' retrieved from /home/airflow/.local/lib/python3.8/site-packages/airflow/example_dags/example_xcomargs.py
[2024-03-25T20:37:59.306+0000] {logging_mixin.py:188} INFO - [2024-03-25T20:37:59.306+0000] {dag.py:3047} INFO - Sync 2 DAGs
[2024-03-25T20:37:59.312+0000] {logging_mixin.py:188} INFO - [2024-03-25T20:37:59.312+0000] {dag.py:3834} INFO - Setting next_dagrun for example_xcom_args to None, run_after=None
[2024-03-25T20:37:59.314+0000] {logging_mixin.py:188} INFO - [2024-03-25T20:37:59.314+0000] {dag.py:3834} INFO - Setting next_dagrun for example_xcom_args_with_operators to None, run_after=None
[2024-03-25T20:37:59.322+0000] {processor.py:183} INFO - Processing /home/airflow/.local/lib/python3.8/site-packages/airflow/example_dags/example_xcomargs.py took 0.036 seconds
[2024-03-25T20:38:29.788+0000] {processor.py:161} INFO - Started process (PID=1415) to work on /home/airflow/.local/lib/python3.8/site-packages/airflow/example_dags/example_xcomargs.py
[2024-03-25T20:38:29.789+0000] {processor.py:830} INFO - Processing file /home/airflow/.local/lib/python3.8/site-packages/airflow/example_dags/example_xcomargs.py for tasks to queue
[2024-03-25T20:38:29.790+0000] {logging_mixin.py:188} INFO - [2024-03-25T20:38:29.790+0000] {dagbag.py:540} INFO - Filling up the DagBag from /home/airflow/.local/lib/python3.8/site-packages/airflow/example_dags/example_xcomargs.py
[2024-03-25T20:38:29.794+0000] {processor.py:840} INFO - DAG(s) 'example_xcom_args', 'example_xcom_args_with_operators' retrieved from /home/airflow/.local/lib/python3.8/site-packages/airflow/example_dags/example_xcomargs.py
[2024-03-25T20:38:29.806+0000] {logging_mixin.py:188} INFO - [2024-03-25T20:38:29.806+0000] {dag.py:3047} INFO - Sync 2 DAGs
[2024-03-25T20:38:29.812+0000] {logging_mixin.py:188} INFO - [2024-03-25T20:38:29.812+0000] {dag.py:3834} INFO - Setting next_dagrun for example_xcom_args to None, run_after=None
[2024-03-25T20:38:29.816+0000] {logging_mixin.py:188} INFO - [2024-03-25T20:38:29.816+0000] {dag.py:3834} INFO - Setting next_dagrun for example_xcom_args_with_operators to None, run_after=None
[2024-03-25T20:38:29.824+0000] {processor.py:183} INFO - Processing /home/airflow/.local/lib/python3.8/site-packages/airflow/example_dags/example_xcomargs.py took 0.037 seconds
[2024-03-25T20:39:00.223+0000] {processor.py:161} INFO - Started process (PID=1471) to work on /home/airflow/.local/lib/python3.8/site-packages/airflow/example_dags/example_xcomargs.py
[2024-03-25T20:39:00.223+0000] {processor.py:830} INFO - Processing file /home/airflow/.local/lib/python3.8/site-packages/airflow/example_dags/example_xcomargs.py for tasks to queue
[2024-03-25T20:39:00.224+0000] {logging_mixin.py:188} INFO - [2024-03-25T20:39:00.224+0000] {dagbag.py:540} INFO - Filling up the DagBag from /home/airflow/.local/lib/python3.8/site-packages/airflow/example_dags/example_xcomargs.py
[2024-03-25T20:39:00.229+0000] {processor.py:840} INFO - DAG(s) 'example_xcom_args_with_operators', 'example_xcom_args' retrieved from /home/airflow/.local/lib/python3.8/site-packages/airflow/example_dags/example_xcomargs.py
[2024-03-25T20:39:00.241+0000] {logging_mixin.py:188} INFO - [2024-03-25T20:39:00.241+0000] {dag.py:3047} INFO - Sync 2 DAGs
[2024-03-25T20:39:00.247+0000] {logging_mixin.py:188} INFO - [2024-03-25T20:39:00.247+0000] {dag.py:3834} INFO - Setting next_dagrun for example_xcom_args to None, run_after=None
[2024-03-25T20:39:00.249+0000] {logging_mixin.py:188} INFO - [2024-03-25T20:39:00.249+0000] {dag.py:3834} INFO - Setting next_dagrun for example_xcom_args_with_operators to None, run_after=None
[2024-03-25T20:39:00.258+0000] {processor.py:183} INFO - Processing /home/airflow/.local/lib/python3.8/site-packages/airflow/example_dags/example_xcomargs.py took 0.037 seconds
[2024-03-25T20:39:30.941+0000] {processor.py:161} INFO - Started process (PID=1527) to work on /home/airflow/.local/lib/python3.8/site-packages/airflow/example_dags/example_xcomargs.py
[2024-03-25T20:39:30.942+0000] {processor.py:830} INFO - Processing file /home/airflow/.local/lib/python3.8/site-packages/airflow/example_dags/example_xcomargs.py for tasks to queue
[2024-03-25T20:39:30.943+0000] {logging_mixin.py:188} INFO - [2024-03-25T20:39:30.943+0000] {dagbag.py:540} INFO - Filling up the DagBag from /home/airflow/.local/lib/python3.8/site-packages/airflow/example_dags/example_xcomargs.py
[2024-03-25T20:39:30.947+0000] {processor.py:840} INFO - DAG(s) 'example_xcom_args', 'example_xcom_args_with_operators' retrieved from /home/airflow/.local/lib/python3.8/site-packages/airflow/example_dags/example_xcomargs.py
[2024-03-25T20:39:30.960+0000] {logging_mixin.py:188} INFO - [2024-03-25T20:39:30.960+0000] {dag.py:3047} INFO - Sync 2 DAGs
[2024-03-25T20:39:30.967+0000] {logging_mixin.py:188} INFO - [2024-03-25T20:39:30.967+0000] {dag.py:3834} INFO - Setting next_dagrun for example_xcom_args to None, run_after=None
[2024-03-25T20:39:30.969+0000] {logging_mixin.py:188} INFO - [2024-03-25T20:39:30.969+0000] {dag.py:3834} INFO - Setting next_dagrun for example_xcom_args_with_operators to None, run_after=None
[2024-03-25T20:39:30.977+0000] {processor.py:183} INFO - Processing /home/airflow/.local/lib/python3.8/site-packages/airflow/example_dags/example_xcomargs.py took 0.038 seconds
[2024-03-25T20:40:01.360+0000] {processor.py:161} INFO - Started process (PID=1583) to work on /home/airflow/.local/lib/python3.8/site-packages/airflow/example_dags/example_xcomargs.py
[2024-03-25T20:40:01.361+0000] {processor.py:830} INFO - Processing file /home/airflow/.local/lib/python3.8/site-packages/airflow/example_dags/example_xcomargs.py for tasks to queue
[2024-03-25T20:40:01.362+0000] {logging_mixin.py:188} INFO - [2024-03-25T20:40:01.362+0000] {dagbag.py:540} INFO - Filling up the DagBag from /home/airflow/.local/lib/python3.8/site-packages/airflow/example_dags/example_xcomargs.py
[2024-03-25T20:40:01.366+0000] {processor.py:840} INFO - DAG(s) 'example_xcom_args', 'example_xcom_args_with_operators' retrieved from /home/airflow/.local/lib/python3.8/site-packages/airflow/example_dags/example_xcomargs.py
[2024-03-25T20:40:01.378+0000] {logging_mixin.py:188} INFO - [2024-03-25T20:40:01.378+0000] {dag.py:3047} INFO - Sync 2 DAGs
[2024-03-25T20:40:01.385+0000] {logging_mixin.py:188} INFO - [2024-03-25T20:40:01.384+0000] {dag.py:3834} INFO - Setting next_dagrun for example_xcom_args to None, run_after=None
[2024-03-25T20:40:01.387+0000] {logging_mixin.py:188} INFO - [2024-03-25T20:40:01.387+0000] {dag.py:3834} INFO - Setting next_dagrun for example_xcom_args_with_operators to None, run_after=None
[2024-03-25T20:40:01.395+0000] {processor.py:183} INFO - Processing /home/airflow/.local/lib/python3.8/site-packages/airflow/example_dags/example_xcomargs.py took 0.036 seconds
