[2024-03-25T20:19:35.126+0000] {processor.py:161} INFO - Started process (PID=36) to work on /home/airflow/.local/lib/python3.8/site-packages/airflow/example_dags/example_nested_branch_dag.py
[2024-03-25T20:19:35.129+0000] {processor.py:830} INFO - Processing file /home/airflow/.local/lib/python3.8/site-packages/airflow/example_dags/example_nested_branch_dag.py for tasks to queue
[2024-03-25T20:19:35.135+0000] {logging_mixin.py:188} INFO - [2024-03-25T20:19:35.135+0000] {dagbag.py:540} INFO - Filling up the DagBag from /home/airflow/.local/lib/python3.8/site-packages/airflow/example_dags/example_nested_branch_dag.py
[2024-03-25T20:19:35.154+0000] {processor.py:840} INFO - DAG(s) 'example_nested_branch_dag' retrieved from /home/airflow/.local/lib/python3.8/site-packages/airflow/example_dags/example_nested_branch_dag.py
[2024-03-25T20:19:35.190+0000] {logging_mixin.py:188} INFO - [2024-03-25T20:19:35.190+0000] {dag.py:3047} INFO - Sync 1 DAGs
[2024-03-25T20:19:35.209+0000] {logging_mixin.py:188} INFO - [2024-03-25T20:19:35.209+0000] {dag.py:3834} INFO - Setting next_dagrun for example_nested_branch_dag to 2024-03-24 00:00:00+00:00, run_after=2024-03-25 00:00:00+00:00
[2024-03-25T20:19:35.229+0000] {processor.py:183} INFO - Processing /home/airflow/.local/lib/python3.8/site-packages/airflow/example_dags/example_nested_branch_dag.py took 0.112 seconds
[2024-03-25T20:20:05.692+0000] {processor.py:161} INFO - Started process (PID=91) to work on /home/airflow/.local/lib/python3.8/site-packages/airflow/example_dags/example_nested_branch_dag.py
[2024-03-25T20:20:05.693+0000] {processor.py:830} INFO - Processing file /home/airflow/.local/lib/python3.8/site-packages/airflow/example_dags/example_nested_branch_dag.py for tasks to queue
[2024-03-25T20:20:05.695+0000] {logging_mixin.py:188} INFO - [2024-03-25T20:20:05.695+0000] {dagbag.py:540} INFO - Filling up the DagBag from /home/airflow/.local/lib/python3.8/site-packages/airflow/example_dags/example_nested_branch_dag.py
[2024-03-25T20:20:05.710+0000] {processor.py:840} INFO - DAG(s) 'example_nested_branch_dag' retrieved from /home/airflow/.local/lib/python3.8/site-packages/airflow/example_dags/example_nested_branch_dag.py
[2024-03-25T20:20:05.731+0000] {logging_mixin.py:188} INFO - [2024-03-25T20:20:05.731+0000] {dag.py:3047} INFO - Sync 1 DAGs
[2024-03-25T20:20:05.746+0000] {logging_mixin.py:188} INFO - [2024-03-25T20:20:05.746+0000] {dag.py:3834} INFO - Setting next_dagrun for example_nested_branch_dag to 2024-03-24 00:00:00+00:00, run_after=2024-03-25 00:00:00+00:00
[2024-03-25T20:20:05.756+0000] {processor.py:183} INFO - Processing /home/airflow/.local/lib/python3.8/site-packages/airflow/example_dags/example_nested_branch_dag.py took 0.068 seconds
[2024-03-25T20:26:12.724+0000] {processor.py:161} INFO - Started process (PID=35) to work on /home/airflow/.local/lib/python3.8/site-packages/airflow/example_dags/example_nested_branch_dag.py
[2024-03-25T20:26:12.726+0000] {processor.py:830} INFO - Processing file /home/airflow/.local/lib/python3.8/site-packages/airflow/example_dags/example_nested_branch_dag.py for tasks to queue
[2024-03-25T20:26:12.728+0000] {logging_mixin.py:188} INFO - [2024-03-25T20:26:12.728+0000] {dagbag.py:540} INFO - Filling up the DagBag from /home/airflow/.local/lib/python3.8/site-packages/airflow/example_dags/example_nested_branch_dag.py
[2024-03-25T20:26:12.742+0000] {processor.py:840} INFO - DAG(s) 'example_nested_branch_dag' retrieved from /home/airflow/.local/lib/python3.8/site-packages/airflow/example_dags/example_nested_branch_dag.py
[2024-03-25T20:26:12.764+0000] {logging_mixin.py:188} INFO - [2024-03-25T20:26:12.764+0000] {dag.py:3047} INFO - Sync 1 DAGs
[2024-03-25T20:26:12.795+0000] {logging_mixin.py:188} INFO - [2024-03-25T20:26:12.795+0000] {dag.py:3834} INFO - Setting next_dagrun for example_nested_branch_dag to 2024-03-24 00:00:00+00:00, run_after=2024-03-25 00:00:00+00:00
[2024-03-25T20:26:12.841+0000] {processor.py:183} INFO - Processing /home/airflow/.local/lib/python3.8/site-packages/airflow/example_dags/example_nested_branch_dag.py took 0.119 seconds
[2024-03-25T20:26:42.912+0000] {processor.py:161} INFO - Started process (PID=89) to work on /home/airflow/.local/lib/python3.8/site-packages/airflow/example_dags/example_nested_branch_dag.py
[2024-03-25T20:26:42.913+0000] {processor.py:830} INFO - Processing file /home/airflow/.local/lib/python3.8/site-packages/airflow/example_dags/example_nested_branch_dag.py for tasks to queue
[2024-03-25T20:26:42.913+0000] {logging_mixin.py:188} INFO - [2024-03-25T20:26:42.913+0000] {dagbag.py:540} INFO - Filling up the DagBag from /home/airflow/.local/lib/python3.8/site-packages/airflow/example_dags/example_nested_branch_dag.py
[2024-03-25T20:26:42.918+0000] {processor.py:840} INFO - DAG(s) 'example_nested_branch_dag' retrieved from /home/airflow/.local/lib/python3.8/site-packages/airflow/example_dags/example_nested_branch_dag.py
[2024-03-25T20:26:42.929+0000] {logging_mixin.py:188} INFO - [2024-03-25T20:26:42.929+0000] {dag.py:3047} INFO - Sync 1 DAGs
[2024-03-25T20:26:42.940+0000] {logging_mixin.py:188} INFO - [2024-03-25T20:26:42.940+0000] {dag.py:3834} INFO - Setting next_dagrun for example_nested_branch_dag to 2024-03-24 00:00:00+00:00, run_after=2024-03-25 00:00:00+00:00
[2024-03-25T20:26:42.949+0000] {processor.py:183} INFO - Processing /home/airflow/.local/lib/python3.8/site-packages/airflow/example_dags/example_nested_branch_dag.py took 0.039 seconds
[2024-03-25T20:27:13.112+0000] {processor.py:161} INFO - Started process (PID=145) to work on /home/airflow/.local/lib/python3.8/site-packages/airflow/example_dags/example_nested_branch_dag.py
[2024-03-25T20:27:13.113+0000] {processor.py:830} INFO - Processing file /home/airflow/.local/lib/python3.8/site-packages/airflow/example_dags/example_nested_branch_dag.py for tasks to queue
[2024-03-25T20:27:13.116+0000] {logging_mixin.py:188} INFO - [2024-03-25T20:27:13.115+0000] {dagbag.py:540} INFO - Filling up the DagBag from /home/airflow/.local/lib/python3.8/site-packages/airflow/example_dags/example_nested_branch_dag.py
[2024-03-25T20:27:13.126+0000] {processor.py:840} INFO - DAG(s) 'example_nested_branch_dag' retrieved from /home/airflow/.local/lib/python3.8/site-packages/airflow/example_dags/example_nested_branch_dag.py
[2024-03-25T20:27:13.142+0000] {logging_mixin.py:188} INFO - [2024-03-25T20:27:13.142+0000] {dag.py:3047} INFO - Sync 1 DAGs
[2024-03-25T20:27:13.157+0000] {logging_mixin.py:188} INFO - [2024-03-25T20:27:13.157+0000] {dag.py:3834} INFO - Setting next_dagrun for example_nested_branch_dag to 2024-03-24 00:00:00+00:00, run_after=2024-03-25 00:00:00+00:00
[2024-03-25T20:27:13.179+0000] {processor.py:183} INFO - Processing /home/airflow/.local/lib/python3.8/site-packages/airflow/example_dags/example_nested_branch_dag.py took 0.071 seconds
[2024-03-25T20:27:43.326+0000] {processor.py:161} INFO - Started process (PID=201) to work on /home/airflow/.local/lib/python3.8/site-packages/airflow/example_dags/example_nested_branch_dag.py
[2024-03-25T20:27:43.327+0000] {processor.py:830} INFO - Processing file /home/airflow/.local/lib/python3.8/site-packages/airflow/example_dags/example_nested_branch_dag.py for tasks to queue
[2024-03-25T20:27:43.328+0000] {logging_mixin.py:188} INFO - [2024-03-25T20:27:43.328+0000] {dagbag.py:540} INFO - Filling up the DagBag from /home/airflow/.local/lib/python3.8/site-packages/airflow/example_dags/example_nested_branch_dag.py
[2024-03-25T20:27:43.337+0000] {processor.py:840} INFO - DAG(s) 'example_nested_branch_dag' retrieved from /home/airflow/.local/lib/python3.8/site-packages/airflow/example_dags/example_nested_branch_dag.py
[2024-03-25T20:27:43.352+0000] {logging_mixin.py:188} INFO - [2024-03-25T20:27:43.352+0000] {dag.py:3047} INFO - Sync 1 DAGs
[2024-03-25T20:27:43.365+0000] {logging_mixin.py:188} INFO - [2024-03-25T20:27:43.365+0000] {dag.py:3834} INFO - Setting next_dagrun for example_nested_branch_dag to 2024-03-24 00:00:00+00:00, run_after=2024-03-25 00:00:00+00:00
[2024-03-25T20:27:43.374+0000] {processor.py:183} INFO - Processing /home/airflow/.local/lib/python3.8/site-packages/airflow/example_dags/example_nested_branch_dag.py took 0.052 seconds
[2024-03-25T20:28:13.496+0000] {processor.py:161} INFO - Started process (PID=257) to work on /home/airflow/.local/lib/python3.8/site-packages/airflow/example_dags/example_nested_branch_dag.py
[2024-03-25T20:28:13.498+0000] {processor.py:830} INFO - Processing file /home/airflow/.local/lib/python3.8/site-packages/airflow/example_dags/example_nested_branch_dag.py for tasks to queue
[2024-03-25T20:28:13.500+0000] {logging_mixin.py:188} INFO - [2024-03-25T20:28:13.500+0000] {dagbag.py:540} INFO - Filling up the DagBag from /home/airflow/.local/lib/python3.8/site-packages/airflow/example_dags/example_nested_branch_dag.py
[2024-03-25T20:28:13.510+0000] {processor.py:840} INFO - DAG(s) 'example_nested_branch_dag' retrieved from /home/airflow/.local/lib/python3.8/site-packages/airflow/example_dags/example_nested_branch_dag.py
[2024-03-25T20:28:13.525+0000] {logging_mixin.py:188} INFO - [2024-03-25T20:28:13.524+0000] {dag.py:3047} INFO - Sync 1 DAGs
[2024-03-25T20:28:13.537+0000] {logging_mixin.py:188} INFO - [2024-03-25T20:28:13.537+0000] {dag.py:3834} INFO - Setting next_dagrun for example_nested_branch_dag to 2024-03-24 00:00:00+00:00, run_after=2024-03-25 00:00:00+00:00
[2024-03-25T20:28:13.546+0000] {processor.py:183} INFO - Processing /home/airflow/.local/lib/python3.8/site-packages/airflow/example_dags/example_nested_branch_dag.py took 0.053 seconds
[2024-03-25T20:28:43.561+0000] {processor.py:161} INFO - Started process (PID=312) to work on /home/airflow/.local/lib/python3.8/site-packages/airflow/example_dags/example_nested_branch_dag.py
[2024-03-25T20:28:43.561+0000] {processor.py:830} INFO - Processing file /home/airflow/.local/lib/python3.8/site-packages/airflow/example_dags/example_nested_branch_dag.py for tasks to queue
[2024-03-25T20:28:43.562+0000] {logging_mixin.py:188} INFO - [2024-03-25T20:28:43.562+0000] {dagbag.py:540} INFO - Filling up the DagBag from /home/airflow/.local/lib/python3.8/site-packages/airflow/example_dags/example_nested_branch_dag.py
[2024-03-25T20:28:43.568+0000] {processor.py:840} INFO - DAG(s) 'example_nested_branch_dag' retrieved from /home/airflow/.local/lib/python3.8/site-packages/airflow/example_dags/example_nested_branch_dag.py
[2024-03-25T20:28:43.579+0000] {logging_mixin.py:188} INFO - [2024-03-25T20:28:43.579+0000] {dag.py:3047} INFO - Sync 1 DAGs
[2024-03-25T20:28:43.589+0000] {logging_mixin.py:188} INFO - [2024-03-25T20:28:43.589+0000] {dag.py:3834} INFO - Setting next_dagrun for example_nested_branch_dag to 2024-03-24 00:00:00+00:00, run_after=2024-03-25 00:00:00+00:00
[2024-03-25T20:28:43.598+0000] {processor.py:183} INFO - Processing /home/airflow/.local/lib/python3.8/site-packages/airflow/example_dags/example_nested_branch_dag.py took 0.039 seconds
[2024-03-25T20:29:13.917+0000] {processor.py:161} INFO - Started process (PID=369) to work on /home/airflow/.local/lib/python3.8/site-packages/airflow/example_dags/example_nested_branch_dag.py
[2024-03-25T20:29:13.918+0000] {processor.py:830} INFO - Processing file /home/airflow/.local/lib/python3.8/site-packages/airflow/example_dags/example_nested_branch_dag.py for tasks to queue
[2024-03-25T20:29:13.920+0000] {logging_mixin.py:188} INFO - [2024-03-25T20:29:13.919+0000] {dagbag.py:540} INFO - Filling up the DagBag from /home/airflow/.local/lib/python3.8/site-packages/airflow/example_dags/example_nested_branch_dag.py
[2024-03-25T20:29:13.927+0000] {processor.py:840} INFO - DAG(s) 'example_nested_branch_dag' retrieved from /home/airflow/.local/lib/python3.8/site-packages/airflow/example_dags/example_nested_branch_dag.py
[2024-03-25T20:29:13.941+0000] {logging_mixin.py:188} INFO - [2024-03-25T20:29:13.941+0000] {dag.py:3047} INFO - Sync 1 DAGs
[2024-03-25T20:29:13.953+0000] {logging_mixin.py:188} INFO - [2024-03-25T20:29:13.953+0000] {dag.py:3834} INFO - Setting next_dagrun for example_nested_branch_dag to 2024-03-24 00:00:00+00:00, run_after=2024-03-25 00:00:00+00:00
[2024-03-25T20:29:13.961+0000] {processor.py:183} INFO - Processing /home/airflow/.local/lib/python3.8/site-packages/airflow/example_dags/example_nested_branch_dag.py took 0.047 seconds
[2024-03-25T20:29:44.242+0000] {processor.py:161} INFO - Started process (PID=425) to work on /home/airflow/.local/lib/python3.8/site-packages/airflow/example_dags/example_nested_branch_dag.py
[2024-03-25T20:29:44.244+0000] {processor.py:830} INFO - Processing file /home/airflow/.local/lib/python3.8/site-packages/airflow/example_dags/example_nested_branch_dag.py for tasks to queue
[2024-03-25T20:29:44.246+0000] {logging_mixin.py:188} INFO - [2024-03-25T20:29:44.246+0000] {dagbag.py:540} INFO - Filling up the DagBag from /home/airflow/.local/lib/python3.8/site-packages/airflow/example_dags/example_nested_branch_dag.py
[2024-03-25T20:29:44.257+0000] {processor.py:840} INFO - DAG(s) 'example_nested_branch_dag' retrieved from /home/airflow/.local/lib/python3.8/site-packages/airflow/example_dags/example_nested_branch_dag.py
[2024-03-25T20:29:44.273+0000] {logging_mixin.py:188} INFO - [2024-03-25T20:29:44.273+0000] {dag.py:3047} INFO - Sync 1 DAGs
[2024-03-25T20:29:44.286+0000] {logging_mixin.py:188} INFO - [2024-03-25T20:29:44.286+0000] {dag.py:3834} INFO - Setting next_dagrun for example_nested_branch_dag to 2024-03-24 00:00:00+00:00, run_after=2024-03-25 00:00:00+00:00
[2024-03-25T20:29:44.296+0000] {processor.py:183} INFO - Processing /home/airflow/.local/lib/python3.8/site-packages/airflow/example_dags/example_nested_branch_dag.py took 0.057 seconds
[2024-03-25T20:30:14.324+0000] {processor.py:161} INFO - Started process (PID=490) to work on /home/airflow/.local/lib/python3.8/site-packages/airflow/example_dags/example_nested_branch_dag.py
[2024-03-25T20:30:14.327+0000] {processor.py:830} INFO - Processing file /home/airflow/.local/lib/python3.8/site-packages/airflow/example_dags/example_nested_branch_dag.py for tasks to queue
[2024-03-25T20:30:14.330+0000] {logging_mixin.py:188} INFO - [2024-03-25T20:30:14.330+0000] {dagbag.py:540} INFO - Filling up the DagBag from /home/airflow/.local/lib/python3.8/site-packages/airflow/example_dags/example_nested_branch_dag.py
[2024-03-25T20:30:14.344+0000] {processor.py:840} INFO - DAG(s) 'example_nested_branch_dag' retrieved from /home/airflow/.local/lib/python3.8/site-packages/airflow/example_dags/example_nested_branch_dag.py
[2024-03-25T20:30:14.364+0000] {logging_mixin.py:188} INFO - [2024-03-25T20:30:14.364+0000] {dag.py:3047} INFO - Sync 1 DAGs
[2024-03-25T20:30:14.383+0000] {logging_mixin.py:188} INFO - [2024-03-25T20:30:14.383+0000] {dag.py:3834} INFO - Setting next_dagrun for example_nested_branch_dag to 2024-03-24 00:00:00+00:00, run_after=2024-03-25 00:00:00+00:00
[2024-03-25T20:30:14.394+0000] {processor.py:183} INFO - Processing /home/airflow/.local/lib/python3.8/site-packages/airflow/example_dags/example_nested_branch_dag.py took 0.074 seconds
[2024-03-25T20:30:44.924+0000] {processor.py:161} INFO - Started process (PID=546) to work on /home/airflow/.local/lib/python3.8/site-packages/airflow/example_dags/example_nested_branch_dag.py
[2024-03-25T20:30:44.926+0000] {processor.py:830} INFO - Processing file /home/airflow/.local/lib/python3.8/site-packages/airflow/example_dags/example_nested_branch_dag.py for tasks to queue
[2024-03-25T20:30:44.932+0000] {logging_mixin.py:188} INFO - [2024-03-25T20:30:44.930+0000] {dagbag.py:540} INFO - Filling up the DagBag from /home/airflow/.local/lib/python3.8/site-packages/airflow/example_dags/example_nested_branch_dag.py
[2024-03-25T20:30:44.947+0000] {processor.py:840} INFO - DAG(s) 'example_nested_branch_dag' retrieved from /home/airflow/.local/lib/python3.8/site-packages/airflow/example_dags/example_nested_branch_dag.py
[2024-03-25T20:30:44.994+0000] {logging_mixin.py:188} INFO - [2024-03-25T20:30:44.993+0000] {dag.py:3047} INFO - Sync 1 DAGs
[2024-03-25T20:30:45.013+0000] {logging_mixin.py:188} INFO - [2024-03-25T20:30:45.013+0000] {dag.py:3834} INFO - Setting next_dagrun for example_nested_branch_dag to 2024-03-24 00:00:00+00:00, run_after=2024-03-25 00:00:00+00:00
[2024-03-25T20:30:45.028+0000] {processor.py:183} INFO - Processing /home/airflow/.local/lib/python3.8/site-packages/airflow/example_dags/example_nested_branch_dag.py took 0.114 seconds
[2024-03-25T20:31:15.121+0000] {processor.py:161} INFO - Started process (PID=602) to work on /home/airflow/.local/lib/python3.8/site-packages/airflow/example_dags/example_nested_branch_dag.py
[2024-03-25T20:31:15.122+0000] {processor.py:830} INFO - Processing file /home/airflow/.local/lib/python3.8/site-packages/airflow/example_dags/example_nested_branch_dag.py for tasks to queue
[2024-03-25T20:31:15.124+0000] {logging_mixin.py:188} INFO - [2024-03-25T20:31:15.124+0000] {dagbag.py:540} INFO - Filling up the DagBag from /home/airflow/.local/lib/python3.8/site-packages/airflow/example_dags/example_nested_branch_dag.py
[2024-03-25T20:31:15.136+0000] {processor.py:840} INFO - DAG(s) 'example_nested_branch_dag' retrieved from /home/airflow/.local/lib/python3.8/site-packages/airflow/example_dags/example_nested_branch_dag.py
[2024-03-25T20:31:15.204+0000] {logging_mixin.py:188} INFO - [2024-03-25T20:31:15.203+0000] {dag.py:3047} INFO - Sync 1 DAGs
[2024-03-25T20:31:15.289+0000] {logging_mixin.py:188} INFO - [2024-03-25T20:31:15.289+0000] {dag.py:3834} INFO - Setting next_dagrun for example_nested_branch_dag to 2024-03-24 00:00:00+00:00, run_after=2024-03-25 00:00:00+00:00
[2024-03-25T20:31:15.318+0000] {processor.py:183} INFO - Processing /home/airflow/.local/lib/python3.8/site-packages/airflow/example_dags/example_nested_branch_dag.py took 0.199 seconds
[2024-03-25T20:31:46.075+0000] {processor.py:161} INFO - Started process (PID=658) to work on /home/airflow/.local/lib/python3.8/site-packages/airflow/example_dags/example_nested_branch_dag.py
[2024-03-25T20:31:46.076+0000] {processor.py:830} INFO - Processing file /home/airflow/.local/lib/python3.8/site-packages/airflow/example_dags/example_nested_branch_dag.py for tasks to queue
[2024-03-25T20:31:46.078+0000] {logging_mixin.py:188} INFO - [2024-03-25T20:31:46.078+0000] {dagbag.py:540} INFO - Filling up the DagBag from /home/airflow/.local/lib/python3.8/site-packages/airflow/example_dags/example_nested_branch_dag.py
[2024-03-25T20:31:46.088+0000] {processor.py:840} INFO - DAG(s) 'example_nested_branch_dag' retrieved from /home/airflow/.local/lib/python3.8/site-packages/airflow/example_dags/example_nested_branch_dag.py
[2024-03-25T20:31:46.106+0000] {logging_mixin.py:188} INFO - [2024-03-25T20:31:46.105+0000] {dag.py:3047} INFO - Sync 1 DAGs
[2024-03-25T20:31:46.123+0000] {logging_mixin.py:188} INFO - [2024-03-25T20:31:46.123+0000] {dag.py:3834} INFO - Setting next_dagrun for example_nested_branch_dag to 2024-03-24 00:00:00+00:00, run_after=2024-03-25 00:00:00+00:00
[2024-03-25T20:31:46.133+0000] {processor.py:183} INFO - Processing /home/airflow/.local/lib/python3.8/site-packages/airflow/example_dags/example_nested_branch_dag.py took 0.062 seconds
[2024-03-25T20:32:16.742+0000] {processor.py:161} INFO - Started process (PID=714) to work on /home/airflow/.local/lib/python3.8/site-packages/airflow/example_dags/example_nested_branch_dag.py
[2024-03-25T20:32:16.743+0000] {processor.py:830} INFO - Processing file /home/airflow/.local/lib/python3.8/site-packages/airflow/example_dags/example_nested_branch_dag.py for tasks to queue
[2024-03-25T20:32:16.746+0000] {logging_mixin.py:188} INFO - [2024-03-25T20:32:16.745+0000] {dagbag.py:540} INFO - Filling up the DagBag from /home/airflow/.local/lib/python3.8/site-packages/airflow/example_dags/example_nested_branch_dag.py
[2024-03-25T20:32:16.761+0000] {processor.py:840} INFO - DAG(s) 'example_nested_branch_dag' retrieved from /home/airflow/.local/lib/python3.8/site-packages/airflow/example_dags/example_nested_branch_dag.py
[2024-03-25T20:32:16.781+0000] {logging_mixin.py:188} INFO - [2024-03-25T20:32:16.781+0000] {dag.py:3047} INFO - Sync 1 DAGs
[2024-03-25T20:32:16.798+0000] {logging_mixin.py:188} INFO - [2024-03-25T20:32:16.798+0000] {dag.py:3834} INFO - Setting next_dagrun for example_nested_branch_dag to 2024-03-24 00:00:00+00:00, run_after=2024-03-25 00:00:00+00:00
[2024-03-25T20:32:16.808+0000] {processor.py:183} INFO - Processing /home/airflow/.local/lib/python3.8/site-packages/airflow/example_dags/example_nested_branch_dag.py took 0.071 seconds
[2024-03-25T20:32:47.251+0000] {processor.py:161} INFO - Started process (PID=770) to work on /home/airflow/.local/lib/python3.8/site-packages/airflow/example_dags/example_nested_branch_dag.py
[2024-03-25T20:32:47.252+0000] {processor.py:830} INFO - Processing file /home/airflow/.local/lib/python3.8/site-packages/airflow/example_dags/example_nested_branch_dag.py for tasks to queue
[2024-03-25T20:32:47.254+0000] {logging_mixin.py:188} INFO - [2024-03-25T20:32:47.254+0000] {dagbag.py:540} INFO - Filling up the DagBag from /home/airflow/.local/lib/python3.8/site-packages/airflow/example_dags/example_nested_branch_dag.py
[2024-03-25T20:32:47.263+0000] {processor.py:840} INFO - DAG(s) 'example_nested_branch_dag' retrieved from /home/airflow/.local/lib/python3.8/site-packages/airflow/example_dags/example_nested_branch_dag.py
[2024-03-25T20:32:47.279+0000] {logging_mixin.py:188} INFO - [2024-03-25T20:32:47.278+0000] {dag.py:3047} INFO - Sync 1 DAGs
[2024-03-25T20:32:47.292+0000] {logging_mixin.py:188} INFO - [2024-03-25T20:32:47.292+0000] {dag.py:3834} INFO - Setting next_dagrun for example_nested_branch_dag to 2024-03-24 00:00:00+00:00, run_after=2024-03-25 00:00:00+00:00
[2024-03-25T20:32:47.301+0000] {processor.py:183} INFO - Processing /home/airflow/.local/lib/python3.8/site-packages/airflow/example_dags/example_nested_branch_dag.py took 0.055 seconds
[2024-03-25T20:33:17.732+0000] {processor.py:161} INFO - Started process (PID=826) to work on /home/airflow/.local/lib/python3.8/site-packages/airflow/example_dags/example_nested_branch_dag.py
[2024-03-25T20:33:17.733+0000] {processor.py:830} INFO - Processing file /home/airflow/.local/lib/python3.8/site-packages/airflow/example_dags/example_nested_branch_dag.py for tasks to queue
[2024-03-25T20:33:17.735+0000] {logging_mixin.py:188} INFO - [2024-03-25T20:33:17.735+0000] {dagbag.py:540} INFO - Filling up the DagBag from /home/airflow/.local/lib/python3.8/site-packages/airflow/example_dags/example_nested_branch_dag.py
[2024-03-25T20:33:17.746+0000] {processor.py:840} INFO - DAG(s) 'example_nested_branch_dag' retrieved from /home/airflow/.local/lib/python3.8/site-packages/airflow/example_dags/example_nested_branch_dag.py
[2024-03-25T20:33:17.764+0000] {logging_mixin.py:188} INFO - [2024-03-25T20:33:17.764+0000] {dag.py:3047} INFO - Sync 1 DAGs
[2024-03-25T20:33:17.778+0000] {logging_mixin.py:188} INFO - [2024-03-25T20:33:17.778+0000] {dag.py:3834} INFO - Setting next_dagrun for example_nested_branch_dag to 2024-03-24 00:00:00+00:00, run_after=2024-03-25 00:00:00+00:00
[2024-03-25T20:33:17.788+0000] {processor.py:183} INFO - Processing /home/airflow/.local/lib/python3.8/site-packages/airflow/example_dags/example_nested_branch_dag.py took 0.060 seconds
[2024-03-25T20:33:48.163+0000] {processor.py:161} INFO - Started process (PID=882) to work on /home/airflow/.local/lib/python3.8/site-packages/airflow/example_dags/example_nested_branch_dag.py
[2024-03-25T20:33:48.165+0000] {processor.py:830} INFO - Processing file /home/airflow/.local/lib/python3.8/site-packages/airflow/example_dags/example_nested_branch_dag.py for tasks to queue
[2024-03-25T20:33:48.167+0000] {logging_mixin.py:188} INFO - [2024-03-25T20:33:48.166+0000] {dagbag.py:540} INFO - Filling up the DagBag from /home/airflow/.local/lib/python3.8/site-packages/airflow/example_dags/example_nested_branch_dag.py
[2024-03-25T20:33:48.176+0000] {processor.py:840} INFO - DAG(s) 'example_nested_branch_dag' retrieved from /home/airflow/.local/lib/python3.8/site-packages/airflow/example_dags/example_nested_branch_dag.py
[2024-03-25T20:33:48.194+0000] {logging_mixin.py:188} INFO - [2024-03-25T20:33:48.193+0000] {dag.py:3047} INFO - Sync 1 DAGs
[2024-03-25T20:33:48.208+0000] {logging_mixin.py:188} INFO - [2024-03-25T20:33:48.208+0000] {dag.py:3834} INFO - Setting next_dagrun for example_nested_branch_dag to 2024-03-24 00:00:00+00:00, run_after=2024-03-25 00:00:00+00:00
[2024-03-25T20:33:48.218+0000] {processor.py:183} INFO - Processing /home/airflow/.local/lib/python3.8/site-packages/airflow/example_dags/example_nested_branch_dag.py took 0.060 seconds
[2024-03-25T20:34:18.666+0000] {processor.py:161} INFO - Started process (PID=937) to work on /home/airflow/.local/lib/python3.8/site-packages/airflow/example_dags/example_nested_branch_dag.py
[2024-03-25T20:34:18.668+0000] {processor.py:830} INFO - Processing file /home/airflow/.local/lib/python3.8/site-packages/airflow/example_dags/example_nested_branch_dag.py for tasks to queue
[2024-03-25T20:34:18.672+0000] {logging_mixin.py:188} INFO - [2024-03-25T20:34:18.671+0000] {dagbag.py:540} INFO - Filling up the DagBag from /home/airflow/.local/lib/python3.8/site-packages/airflow/example_dags/example_nested_branch_dag.py
[2024-03-25T20:34:18.683+0000] {processor.py:840} INFO - DAG(s) 'example_nested_branch_dag' retrieved from /home/airflow/.local/lib/python3.8/site-packages/airflow/example_dags/example_nested_branch_dag.py
[2024-03-25T20:34:18.714+0000] {logging_mixin.py:188} INFO - [2024-03-25T20:34:18.714+0000] {dag.py:3047} INFO - Sync 1 DAGs
[2024-03-25T20:34:18.764+0000] {logging_mixin.py:188} INFO - [2024-03-25T20:34:18.762+0000] {dag.py:3834} INFO - Setting next_dagrun for example_nested_branch_dag to 2024-03-24 00:00:00+00:00, run_after=2024-03-25 00:00:00+00:00
[2024-03-25T20:34:18.788+0000] {processor.py:183} INFO - Processing /home/airflow/.local/lib/python3.8/site-packages/airflow/example_dags/example_nested_branch_dag.py took 0.124 seconds
[2024-03-25T20:34:49.612+0000] {processor.py:161} INFO - Started process (PID=993) to work on /home/airflow/.local/lib/python3.8/site-packages/airflow/example_dags/example_nested_branch_dag.py
[2024-03-25T20:34:49.613+0000] {processor.py:830} INFO - Processing file /home/airflow/.local/lib/python3.8/site-packages/airflow/example_dags/example_nested_branch_dag.py for tasks to queue
[2024-03-25T20:34:49.616+0000] {logging_mixin.py:188} INFO - [2024-03-25T20:34:49.616+0000] {dagbag.py:540} INFO - Filling up the DagBag from /home/airflow/.local/lib/python3.8/site-packages/airflow/example_dags/example_nested_branch_dag.py
[2024-03-25T20:34:49.629+0000] {processor.py:840} INFO - DAG(s) 'example_nested_branch_dag' retrieved from /home/airflow/.local/lib/python3.8/site-packages/airflow/example_dags/example_nested_branch_dag.py
[2024-03-25T20:34:49.647+0000] {logging_mixin.py:188} INFO - [2024-03-25T20:34:49.647+0000] {dag.py:3047} INFO - Sync 1 DAGs
[2024-03-25T20:34:49.664+0000] {logging_mixin.py:188} INFO - [2024-03-25T20:34:49.664+0000] {dag.py:3834} INFO - Setting next_dagrun for example_nested_branch_dag to 2024-03-24 00:00:00+00:00, run_after=2024-03-25 00:00:00+00:00
[2024-03-25T20:34:49.673+0000] {processor.py:183} INFO - Processing /home/airflow/.local/lib/python3.8/site-packages/airflow/example_dags/example_nested_branch_dag.py took 0.066 seconds
[2024-03-25T20:35:20.117+0000] {processor.py:161} INFO - Started process (PID=1049) to work on /home/airflow/.local/lib/python3.8/site-packages/airflow/example_dags/example_nested_branch_dag.py
[2024-03-25T20:35:20.118+0000] {processor.py:830} INFO - Processing file /home/airflow/.local/lib/python3.8/site-packages/airflow/example_dags/example_nested_branch_dag.py for tasks to queue
[2024-03-25T20:35:20.120+0000] {logging_mixin.py:188} INFO - [2024-03-25T20:35:20.120+0000] {dagbag.py:540} INFO - Filling up the DagBag from /home/airflow/.local/lib/python3.8/site-packages/airflow/example_dags/example_nested_branch_dag.py
[2024-03-25T20:35:20.129+0000] {processor.py:840} INFO - DAG(s) 'example_nested_branch_dag' retrieved from /home/airflow/.local/lib/python3.8/site-packages/airflow/example_dags/example_nested_branch_dag.py
[2024-03-25T20:35:20.146+0000] {logging_mixin.py:188} INFO - [2024-03-25T20:35:20.146+0000] {dag.py:3047} INFO - Sync 1 DAGs
[2024-03-25T20:35:20.160+0000] {logging_mixin.py:188} INFO - [2024-03-25T20:35:20.160+0000] {dag.py:3834} INFO - Setting next_dagrun for example_nested_branch_dag to 2024-03-24 00:00:00+00:00, run_after=2024-03-25 00:00:00+00:00
[2024-03-25T20:35:20.171+0000] {processor.py:183} INFO - Processing /home/airflow/.local/lib/python3.8/site-packages/airflow/example_dags/example_nested_branch_dag.py took 0.058 seconds
[2024-03-25T20:35:50.715+0000] {processor.py:161} INFO - Started process (PID=1105) to work on /home/airflow/.local/lib/python3.8/site-packages/airflow/example_dags/example_nested_branch_dag.py
[2024-03-25T20:35:50.716+0000] {processor.py:830} INFO - Processing file /home/airflow/.local/lib/python3.8/site-packages/airflow/example_dags/example_nested_branch_dag.py for tasks to queue
[2024-03-25T20:35:50.718+0000] {logging_mixin.py:188} INFO - [2024-03-25T20:35:50.718+0000] {dagbag.py:540} INFO - Filling up the DagBag from /home/airflow/.local/lib/python3.8/site-packages/airflow/example_dags/example_nested_branch_dag.py
[2024-03-25T20:35:50.728+0000] {processor.py:840} INFO - DAG(s) 'example_nested_branch_dag' retrieved from /home/airflow/.local/lib/python3.8/site-packages/airflow/example_dags/example_nested_branch_dag.py
[2024-03-25T20:35:50.744+0000] {logging_mixin.py:188} INFO - [2024-03-25T20:35:50.744+0000] {dag.py:3047} INFO - Sync 1 DAGs
[2024-03-25T20:35:50.758+0000] {logging_mixin.py:188} INFO - [2024-03-25T20:35:50.758+0000] {dag.py:3834} INFO - Setting next_dagrun for example_nested_branch_dag to 2024-03-24 00:00:00+00:00, run_after=2024-03-25 00:00:00+00:00
[2024-03-25T20:35:50.767+0000] {processor.py:183} INFO - Processing /home/airflow/.local/lib/python3.8/site-packages/airflow/example_dags/example_nested_branch_dag.py took 0.056 seconds
[2024-03-25T20:36:21.201+0000] {processor.py:161} INFO - Started process (PID=1161) to work on /home/airflow/.local/lib/python3.8/site-packages/airflow/example_dags/example_nested_branch_dag.py
[2024-03-25T20:36:21.202+0000] {processor.py:830} INFO - Processing file /home/airflow/.local/lib/python3.8/site-packages/airflow/example_dags/example_nested_branch_dag.py for tasks to queue
[2024-03-25T20:36:21.204+0000] {logging_mixin.py:188} INFO - [2024-03-25T20:36:21.204+0000] {dagbag.py:540} INFO - Filling up the DagBag from /home/airflow/.local/lib/python3.8/site-packages/airflow/example_dags/example_nested_branch_dag.py
[2024-03-25T20:36:21.213+0000] {processor.py:840} INFO - DAG(s) 'example_nested_branch_dag' retrieved from /home/airflow/.local/lib/python3.8/site-packages/airflow/example_dags/example_nested_branch_dag.py
[2024-03-25T20:36:21.230+0000] {logging_mixin.py:188} INFO - [2024-03-25T20:36:21.230+0000] {dag.py:3047} INFO - Sync 1 DAGs
[2024-03-25T20:36:21.244+0000] {logging_mixin.py:188} INFO - [2024-03-25T20:36:21.244+0000] {dag.py:3834} INFO - Setting next_dagrun for example_nested_branch_dag to 2024-03-24 00:00:00+00:00, run_after=2024-03-25 00:00:00+00:00
[2024-03-25T20:36:21.255+0000] {processor.py:183} INFO - Processing /home/airflow/.local/lib/python3.8/site-packages/airflow/example_dags/example_nested_branch_dag.py took 0.058 seconds
[2024-03-25T20:36:51.816+0000] {processor.py:161} INFO - Started process (PID=1216) to work on /home/airflow/.local/lib/python3.8/site-packages/airflow/example_dags/example_nested_branch_dag.py
[2024-03-25T20:36:51.818+0000] {processor.py:830} INFO - Processing file /home/airflow/.local/lib/python3.8/site-packages/airflow/example_dags/example_nested_branch_dag.py for tasks to queue
[2024-03-25T20:36:51.820+0000] {logging_mixin.py:188} INFO - [2024-03-25T20:36:51.820+0000] {dagbag.py:540} INFO - Filling up the DagBag from /home/airflow/.local/lib/python3.8/site-packages/airflow/example_dags/example_nested_branch_dag.py
[2024-03-25T20:36:51.831+0000] {processor.py:840} INFO - DAG(s) 'example_nested_branch_dag' retrieved from /home/airflow/.local/lib/python3.8/site-packages/airflow/example_dags/example_nested_branch_dag.py
[2024-03-25T20:36:51.849+0000] {logging_mixin.py:188} INFO - [2024-03-25T20:36:51.849+0000] {dag.py:3047} INFO - Sync 1 DAGs
[2024-03-25T20:36:51.863+0000] {logging_mixin.py:188} INFO - [2024-03-25T20:36:51.863+0000] {dag.py:3834} INFO - Setting next_dagrun for example_nested_branch_dag to 2024-03-24 00:00:00+00:00, run_after=2024-03-25 00:00:00+00:00
[2024-03-25T20:36:51.873+0000] {processor.py:183} INFO - Processing /home/airflow/.local/lib/python3.8/site-packages/airflow/example_dags/example_nested_branch_dag.py took 0.062 seconds
[2024-03-25T20:37:22.431+0000] {processor.py:161} INFO - Started process (PID=1272) to work on /home/airflow/.local/lib/python3.8/site-packages/airflow/example_dags/example_nested_branch_dag.py
[2024-03-25T20:37:22.432+0000] {processor.py:830} INFO - Processing file /home/airflow/.local/lib/python3.8/site-packages/airflow/example_dags/example_nested_branch_dag.py for tasks to queue
[2024-03-25T20:37:22.434+0000] {logging_mixin.py:188} INFO - [2024-03-25T20:37:22.434+0000] {dagbag.py:540} INFO - Filling up the DagBag from /home/airflow/.local/lib/python3.8/site-packages/airflow/example_dags/example_nested_branch_dag.py
[2024-03-25T20:37:22.445+0000] {processor.py:840} INFO - DAG(s) 'example_nested_branch_dag' retrieved from /home/airflow/.local/lib/python3.8/site-packages/airflow/example_dags/example_nested_branch_dag.py
[2024-03-25T20:37:22.463+0000] {logging_mixin.py:188} INFO - [2024-03-25T20:37:22.463+0000] {dag.py:3047} INFO - Sync 1 DAGs
[2024-03-25T20:37:22.477+0000] {logging_mixin.py:188} INFO - [2024-03-25T20:37:22.477+0000] {dag.py:3834} INFO - Setting next_dagrun for example_nested_branch_dag to 2024-03-24 00:00:00+00:00, run_after=2024-03-25 00:00:00+00:00
[2024-03-25T20:37:22.487+0000] {processor.py:183} INFO - Processing /home/airflow/.local/lib/python3.8/site-packages/airflow/example_dags/example_nested_branch_dag.py took 0.061 seconds
[2024-03-25T20:37:53.260+0000] {processor.py:161} INFO - Started process (PID=1328) to work on /home/airflow/.local/lib/python3.8/site-packages/airflow/example_dags/example_nested_branch_dag.py
[2024-03-25T20:37:53.261+0000] {processor.py:830} INFO - Processing file /home/airflow/.local/lib/python3.8/site-packages/airflow/example_dags/example_nested_branch_dag.py for tasks to queue
[2024-03-25T20:37:53.263+0000] {logging_mixin.py:188} INFO - [2024-03-25T20:37:53.263+0000] {dagbag.py:540} INFO - Filling up the DagBag from /home/airflow/.local/lib/python3.8/site-packages/airflow/example_dags/example_nested_branch_dag.py
[2024-03-25T20:37:53.273+0000] {processor.py:840} INFO - DAG(s) 'example_nested_branch_dag' retrieved from /home/airflow/.local/lib/python3.8/site-packages/airflow/example_dags/example_nested_branch_dag.py
[2024-03-25T20:37:53.290+0000] {logging_mixin.py:188} INFO - [2024-03-25T20:37:53.290+0000] {dag.py:3047} INFO - Sync 1 DAGs
[2024-03-25T20:37:53.305+0000] {logging_mixin.py:188} INFO - [2024-03-25T20:37:53.305+0000] {dag.py:3834} INFO - Setting next_dagrun for example_nested_branch_dag to 2024-03-24 00:00:00+00:00, run_after=2024-03-25 00:00:00+00:00
[2024-03-25T20:37:53.315+0000] {processor.py:183} INFO - Processing /home/airflow/.local/lib/python3.8/site-packages/airflow/example_dags/example_nested_branch_dag.py took 0.060 seconds
[2024-03-25T20:38:23.822+0000] {processor.py:161} INFO - Started process (PID=1384) to work on /home/airflow/.local/lib/python3.8/site-packages/airflow/example_dags/example_nested_branch_dag.py
[2024-03-25T20:38:23.824+0000] {processor.py:830} INFO - Processing file /home/airflow/.local/lib/python3.8/site-packages/airflow/example_dags/example_nested_branch_dag.py for tasks to queue
[2024-03-25T20:38:23.826+0000] {logging_mixin.py:188} INFO - [2024-03-25T20:38:23.826+0000] {dagbag.py:540} INFO - Filling up the DagBag from /home/airflow/.local/lib/python3.8/site-packages/airflow/example_dags/example_nested_branch_dag.py
[2024-03-25T20:38:23.836+0000] {processor.py:840} INFO - DAG(s) 'example_nested_branch_dag' retrieved from /home/airflow/.local/lib/python3.8/site-packages/airflow/example_dags/example_nested_branch_dag.py
[2024-03-25T20:38:23.854+0000] {logging_mixin.py:188} INFO - [2024-03-25T20:38:23.853+0000] {dag.py:3047} INFO - Sync 1 DAGs
[2024-03-25T20:38:23.869+0000] {logging_mixin.py:188} INFO - [2024-03-25T20:38:23.869+0000] {dag.py:3834} INFO - Setting next_dagrun for example_nested_branch_dag to 2024-03-24 00:00:00+00:00, run_after=2024-03-25 00:00:00+00:00
[2024-03-25T20:38:23.879+0000] {processor.py:183} INFO - Processing /home/airflow/.local/lib/python3.8/site-packages/airflow/example_dags/example_nested_branch_dag.py took 0.061 seconds
[2024-03-25T20:38:54.244+0000] {processor.py:161} INFO - Started process (PID=1440) to work on /home/airflow/.local/lib/python3.8/site-packages/airflow/example_dags/example_nested_branch_dag.py
[2024-03-25T20:38:54.245+0000] {processor.py:830} INFO - Processing file /home/airflow/.local/lib/python3.8/site-packages/airflow/example_dags/example_nested_branch_dag.py for tasks to queue
[2024-03-25T20:38:54.247+0000] {logging_mixin.py:188} INFO - [2024-03-25T20:38:54.247+0000] {dagbag.py:540} INFO - Filling up the DagBag from /home/airflow/.local/lib/python3.8/site-packages/airflow/example_dags/example_nested_branch_dag.py
[2024-03-25T20:38:54.257+0000] {processor.py:840} INFO - DAG(s) 'example_nested_branch_dag' retrieved from /home/airflow/.local/lib/python3.8/site-packages/airflow/example_dags/example_nested_branch_dag.py
[2024-03-25T20:38:54.274+0000] {logging_mixin.py:188} INFO - [2024-03-25T20:38:54.274+0000] {dag.py:3047} INFO - Sync 1 DAGs
[2024-03-25T20:38:54.288+0000] {logging_mixin.py:188} INFO - [2024-03-25T20:38:54.288+0000] {dag.py:3834} INFO - Setting next_dagrun for example_nested_branch_dag to 2024-03-24 00:00:00+00:00, run_after=2024-03-25 00:00:00+00:00
[2024-03-25T20:38:54.297+0000] {processor.py:183} INFO - Processing /home/airflow/.local/lib/python3.8/site-packages/airflow/example_dags/example_nested_branch_dag.py took 0.057 seconds
[2024-03-25T20:39:24.890+0000] {processor.py:161} INFO - Started process (PID=1496) to work on /home/airflow/.local/lib/python3.8/site-packages/airflow/example_dags/example_nested_branch_dag.py
[2024-03-25T20:39:24.890+0000] {processor.py:830} INFO - Processing file /home/airflow/.local/lib/python3.8/site-packages/airflow/example_dags/example_nested_branch_dag.py for tasks to queue
[2024-03-25T20:39:24.891+0000] {logging_mixin.py:188} INFO - [2024-03-25T20:39:24.891+0000] {dagbag.py:540} INFO - Filling up the DagBag from /home/airflow/.local/lib/python3.8/site-packages/airflow/example_dags/example_nested_branch_dag.py
[2024-03-25T20:39:24.898+0000] {processor.py:840} INFO - DAG(s) 'example_nested_branch_dag' retrieved from /home/airflow/.local/lib/python3.8/site-packages/airflow/example_dags/example_nested_branch_dag.py
[2024-03-25T20:39:24.916+0000] {logging_mixin.py:188} INFO - [2024-03-25T20:39:24.916+0000] {dag.py:3047} INFO - Sync 1 DAGs
[2024-03-25T20:39:24.932+0000] {logging_mixin.py:188} INFO - [2024-03-25T20:39:24.932+0000] {dag.py:3834} INFO - Setting next_dagrun for example_nested_branch_dag to 2024-03-24 00:00:00+00:00, run_after=2024-03-25 00:00:00+00:00
[2024-03-25T20:39:24.943+0000] {processor.py:183} INFO - Processing /home/airflow/.local/lib/python3.8/site-packages/airflow/example_dags/example_nested_branch_dag.py took 0.056 seconds
[2024-03-25T20:39:55.365+0000] {processor.py:161} INFO - Started process (PID=1552) to work on /home/airflow/.local/lib/python3.8/site-packages/airflow/example_dags/example_nested_branch_dag.py
[2024-03-25T20:39:55.367+0000] {processor.py:830} INFO - Processing file /home/airflow/.local/lib/python3.8/site-packages/airflow/example_dags/example_nested_branch_dag.py for tasks to queue
[2024-03-25T20:39:55.368+0000] {logging_mixin.py:188} INFO - [2024-03-25T20:39:55.368+0000] {dagbag.py:540} INFO - Filling up the DagBag from /home/airflow/.local/lib/python3.8/site-packages/airflow/example_dags/example_nested_branch_dag.py
[2024-03-25T20:39:55.377+0000] {processor.py:840} INFO - DAG(s) 'example_nested_branch_dag' retrieved from /home/airflow/.local/lib/python3.8/site-packages/airflow/example_dags/example_nested_branch_dag.py
[2024-03-25T20:39:55.394+0000] {logging_mixin.py:188} INFO - [2024-03-25T20:39:55.394+0000] {dag.py:3047} INFO - Sync 1 DAGs
[2024-03-25T20:39:55.409+0000] {logging_mixin.py:188} INFO - [2024-03-25T20:39:55.409+0000] {dag.py:3834} INFO - Setting next_dagrun for example_nested_branch_dag to 2024-03-24 00:00:00+00:00, run_after=2024-03-25 00:00:00+00:00
[2024-03-25T20:39:55.419+0000] {processor.py:183} INFO - Processing /home/airflow/.local/lib/python3.8/site-packages/airflow/example_dags/example_nested_branch_dag.py took 0.058 seconds
