[2024-03-25T20:19:38.206+0000] {processor.py:161} INFO - Started process (PID=77) to work on /home/airflow/.local/lib/python3.8/site-packages/airflow/example_dags/example_python_decorator.py
[2024-03-25T20:19:38.207+0000] {processor.py:830} INFO - Processing file /home/airflow/.local/lib/python3.8/site-packages/airflow/example_dags/example_python_decorator.py for tasks to queue
[2024-03-25T20:19:38.209+0000] {logging_mixin.py:188} INFO - [2024-03-25T20:19:38.208+0000] {dagbag.py:540} INFO - Filling up the DagBag from /home/airflow/.local/lib/python3.8/site-packages/airflow/example_dags/example_python_decorator.py
[2024-03-25T20:19:38.223+0000] {processor.py:840} INFO - DAG(s) 'example_python_decorator' retrieved from /home/airflow/.local/lib/python3.8/site-packages/airflow/example_dags/example_python_decorator.py
[2024-03-25T20:19:38.297+0000] {logging_mixin.py:188} INFO - [2024-03-25T20:19:38.297+0000] {dag.py:3047} INFO - Sync 1 DAGs
[2024-03-25T20:19:38.307+0000] {logging_mixin.py:188} INFO - [2024-03-25T20:19:38.306+0000] {dag.py:3834} INFO - Setting next_dagrun for example_python_decorator to None, run_after=None
[2024-03-25T20:19:38.318+0000] {processor.py:183} INFO - Processing /home/airflow/.local/lib/python3.8/site-packages/airflow/example_dags/example_python_decorator.py took 0.116 seconds
[2024-03-25T20:20:08.411+0000] {processor.py:161} INFO - Started process (PID=133) to work on /home/airflow/.local/lib/python3.8/site-packages/airflow/example_dags/example_python_decorator.py
[2024-03-25T20:20:08.413+0000] {processor.py:830} INFO - Processing file /home/airflow/.local/lib/python3.8/site-packages/airflow/example_dags/example_python_decorator.py for tasks to queue
[2024-03-25T20:20:08.414+0000] {logging_mixin.py:188} INFO - [2024-03-25T20:20:08.413+0000] {dagbag.py:540} INFO - Filling up the DagBag from /home/airflow/.local/lib/python3.8/site-packages/airflow/example_dags/example_python_decorator.py
[2024-03-25T20:20:08.421+0000] {processor.py:840} INFO - DAG(s) 'example_python_decorator' retrieved from /home/airflow/.local/lib/python3.8/site-packages/airflow/example_dags/example_python_decorator.py
[2024-03-25T20:20:08.432+0000] {logging_mixin.py:188} INFO - [2024-03-25T20:20:08.432+0000] {dag.py:3047} INFO - Sync 1 DAGs
[2024-03-25T20:20:08.438+0000] {logging_mixin.py:188} INFO - [2024-03-25T20:20:08.438+0000] {dag.py:3834} INFO - Setting next_dagrun for example_python_decorator to None, run_after=None
[2024-03-25T20:20:08.447+0000] {processor.py:183} INFO - Processing /home/airflow/.local/lib/python3.8/site-packages/airflow/example_dags/example_python_decorator.py took 0.038 seconds
[2024-03-25T20:26:15.433+0000] {processor.py:161} INFO - Started process (PID=76) to work on /home/airflow/.local/lib/python3.8/site-packages/airflow/example_dags/example_python_decorator.py
[2024-03-25T20:26:15.434+0000] {processor.py:830} INFO - Processing file /home/airflow/.local/lib/python3.8/site-packages/airflow/example_dags/example_python_decorator.py for tasks to queue
[2024-03-25T20:26:15.435+0000] {logging_mixin.py:188} INFO - [2024-03-25T20:26:15.435+0000] {dagbag.py:540} INFO - Filling up the DagBag from /home/airflow/.local/lib/python3.8/site-packages/airflow/example_dags/example_python_decorator.py
[2024-03-25T20:26:15.442+0000] {processor.py:840} INFO - DAG(s) 'example_python_decorator' retrieved from /home/airflow/.local/lib/python3.8/site-packages/airflow/example_dags/example_python_decorator.py
[2024-03-25T20:26:15.495+0000] {logging_mixin.py:188} INFO - [2024-03-25T20:26:15.495+0000] {dag.py:3047} INFO - Sync 1 DAGs
[2024-03-25T20:26:15.501+0000] {logging_mixin.py:188} INFO - [2024-03-25T20:26:15.501+0000] {dag.py:3834} INFO - Setting next_dagrun for example_python_decorator to None, run_after=None
[2024-03-25T20:26:15.511+0000] {processor.py:183} INFO - Processing /home/airflow/.local/lib/python3.8/site-packages/airflow/example_dags/example_python_decorator.py took 0.080 seconds
[2024-03-25T20:26:45.558+0000] {processor.py:161} INFO - Started process (PID=132) to work on /home/airflow/.local/lib/python3.8/site-packages/airflow/example_dags/example_python_decorator.py
[2024-03-25T20:26:45.558+0000] {processor.py:830} INFO - Processing file /home/airflow/.local/lib/python3.8/site-packages/airflow/example_dags/example_python_decorator.py for tasks to queue
[2024-03-25T20:26:45.559+0000] {logging_mixin.py:188} INFO - [2024-03-25T20:26:45.559+0000] {dagbag.py:540} INFO - Filling up the DagBag from /home/airflow/.local/lib/python3.8/site-packages/airflow/example_dags/example_python_decorator.py
[2024-03-25T20:26:45.566+0000] {processor.py:840} INFO - DAG(s) 'example_python_decorator' retrieved from /home/airflow/.local/lib/python3.8/site-packages/airflow/example_dags/example_python_decorator.py
[2024-03-25T20:26:45.579+0000] {logging_mixin.py:188} INFO - [2024-03-25T20:26:45.578+0000] {dag.py:3047} INFO - Sync 1 DAGs
[2024-03-25T20:26:45.585+0000] {logging_mixin.py:188} INFO - [2024-03-25T20:26:45.585+0000] {dag.py:3834} INFO - Setting next_dagrun for example_python_decorator to None, run_after=None
[2024-03-25T20:26:45.595+0000] {processor.py:183} INFO - Processing /home/airflow/.local/lib/python3.8/site-packages/airflow/example_dags/example_python_decorator.py took 0.039 seconds
[2024-03-25T20:27:16.994+0000] {processor.py:161} INFO - Started process (PID=187) to work on /home/airflow/.local/lib/python3.8/site-packages/airflow/example_dags/example_python_decorator.py
[2024-03-25T20:27:16.995+0000] {processor.py:830} INFO - Processing file /home/airflow/.local/lib/python3.8/site-packages/airflow/example_dags/example_python_decorator.py for tasks to queue
[2024-03-25T20:27:16.997+0000] {logging_mixin.py:188} INFO - [2024-03-25T20:27:16.997+0000] {dagbag.py:540} INFO - Filling up the DagBag from /home/airflow/.local/lib/python3.8/site-packages/airflow/example_dags/example_python_decorator.py
[2024-03-25T20:27:17.008+0000] {processor.py:840} INFO - DAG(s) 'example_python_decorator' retrieved from /home/airflow/.local/lib/python3.8/site-packages/airflow/example_dags/example_python_decorator.py
[2024-03-25T20:27:17.019+0000] {logging_mixin.py:188} INFO - [2024-03-25T20:27:17.019+0000] {dag.py:3047} INFO - Sync 1 DAGs
[2024-03-25T20:27:17.027+0000] {logging_mixin.py:188} INFO - [2024-03-25T20:27:17.027+0000] {dag.py:3834} INFO - Setting next_dagrun for example_python_decorator to None, run_after=None
[2024-03-25T20:27:17.036+0000] {processor.py:183} INFO - Processing /home/airflow/.local/lib/python3.8/site-packages/airflow/example_dags/example_python_decorator.py took 0.045 seconds
[2024-03-25T20:27:47.957+0000] {processor.py:161} INFO - Started process (PID=243) to work on /home/airflow/.local/lib/python3.8/site-packages/airflow/example_dags/example_python_decorator.py
[2024-03-25T20:27:47.958+0000] {processor.py:830} INFO - Processing file /home/airflow/.local/lib/python3.8/site-packages/airflow/example_dags/example_python_decorator.py for tasks to queue
[2024-03-25T20:27:47.959+0000] {logging_mixin.py:188} INFO - [2024-03-25T20:27:47.958+0000] {dagbag.py:540} INFO - Filling up the DagBag from /home/airflow/.local/lib/python3.8/site-packages/airflow/example_dags/example_python_decorator.py
[2024-03-25T20:27:47.965+0000] {processor.py:840} INFO - DAG(s) 'example_python_decorator' retrieved from /home/airflow/.local/lib/python3.8/site-packages/airflow/example_dags/example_python_decorator.py
[2024-03-25T20:27:47.977+0000] {logging_mixin.py:188} INFO - [2024-03-25T20:27:47.977+0000] {dag.py:3047} INFO - Sync 1 DAGs
[2024-03-25T20:27:47.984+0000] {logging_mixin.py:188} INFO - [2024-03-25T20:27:47.984+0000] {dag.py:3834} INFO - Setting next_dagrun for example_python_decorator to None, run_after=None
[2024-03-25T20:27:47.993+0000] {processor.py:183} INFO - Processing /home/airflow/.local/lib/python3.8/site-packages/airflow/example_dags/example_python_decorator.py took 0.038 seconds
[2024-03-25T20:28:19.061+0000] {processor.py:161} INFO - Started process (PID=299) to work on /home/airflow/.local/lib/python3.8/site-packages/airflow/example_dags/example_python_decorator.py
[2024-03-25T20:28:19.062+0000] {processor.py:830} INFO - Processing file /home/airflow/.local/lib/python3.8/site-packages/airflow/example_dags/example_python_decorator.py for tasks to queue
[2024-03-25T20:28:19.063+0000] {logging_mixin.py:188} INFO - [2024-03-25T20:28:19.063+0000] {dagbag.py:540} INFO - Filling up the DagBag from /home/airflow/.local/lib/python3.8/site-packages/airflow/example_dags/example_python_decorator.py
[2024-03-25T20:28:19.070+0000] {processor.py:840} INFO - DAG(s) 'example_python_decorator' retrieved from /home/airflow/.local/lib/python3.8/site-packages/airflow/example_dags/example_python_decorator.py
[2024-03-25T20:28:19.083+0000] {logging_mixin.py:188} INFO - [2024-03-25T20:28:19.082+0000] {dag.py:3047} INFO - Sync 1 DAGs
[2024-03-25T20:28:19.090+0000] {logging_mixin.py:188} INFO - [2024-03-25T20:28:19.089+0000] {dag.py:3834} INFO - Setting next_dagrun for example_python_decorator to None, run_after=None
[2024-03-25T20:28:19.099+0000] {processor.py:183} INFO - Processing /home/airflow/.local/lib/python3.8/site-packages/airflow/example_dags/example_python_decorator.py took 0.040 seconds
[2024-03-25T20:28:50.300+0000] {processor.py:161} INFO - Started process (PID=355) to work on /home/airflow/.local/lib/python3.8/site-packages/airflow/example_dags/example_python_decorator.py
[2024-03-25T20:28:50.301+0000] {processor.py:830} INFO - Processing file /home/airflow/.local/lib/python3.8/site-packages/airflow/example_dags/example_python_decorator.py for tasks to queue
[2024-03-25T20:28:50.302+0000] {logging_mixin.py:188} INFO - [2024-03-25T20:28:50.302+0000] {dagbag.py:540} INFO - Filling up the DagBag from /home/airflow/.local/lib/python3.8/site-packages/airflow/example_dags/example_python_decorator.py
[2024-03-25T20:28:50.313+0000] {processor.py:840} INFO - DAG(s) 'example_python_decorator' retrieved from /home/airflow/.local/lib/python3.8/site-packages/airflow/example_dags/example_python_decorator.py
[2024-03-25T20:28:50.327+0000] {logging_mixin.py:188} INFO - [2024-03-25T20:28:50.327+0000] {dag.py:3047} INFO - Sync 1 DAGs
[2024-03-25T20:28:50.334+0000] {logging_mixin.py:188} INFO - [2024-03-25T20:28:50.334+0000] {dag.py:3834} INFO - Setting next_dagrun for example_python_decorator to None, run_after=None
[2024-03-25T20:28:50.345+0000] {processor.py:183} INFO - Processing /home/airflow/.local/lib/python3.8/site-packages/airflow/example_dags/example_python_decorator.py took 0.048 seconds
[2024-03-25T20:29:21.295+0000] {processor.py:161} INFO - Started process (PID=411) to work on /home/airflow/.local/lib/python3.8/site-packages/airflow/example_dags/example_python_decorator.py
[2024-03-25T20:29:21.296+0000] {processor.py:830} INFO - Processing file /home/airflow/.local/lib/python3.8/site-packages/airflow/example_dags/example_python_decorator.py for tasks to queue
[2024-03-25T20:29:21.298+0000] {logging_mixin.py:188} INFO - [2024-03-25T20:29:21.297+0000] {dagbag.py:540} INFO - Filling up the DagBag from /home/airflow/.local/lib/python3.8/site-packages/airflow/example_dags/example_python_decorator.py
[2024-03-25T20:29:21.310+0000] {processor.py:840} INFO - DAG(s) 'example_python_decorator' retrieved from /home/airflow/.local/lib/python3.8/site-packages/airflow/example_dags/example_python_decorator.py
[2024-03-25T20:29:21.334+0000] {logging_mixin.py:188} INFO - [2024-03-25T20:29:21.334+0000] {dag.py:3047} INFO - Sync 1 DAGs
[2024-03-25T20:29:21.347+0000] {logging_mixin.py:188} INFO - [2024-03-25T20:29:21.347+0000] {dag.py:3834} INFO - Setting next_dagrun for example_python_decorator to None, run_after=None
[2024-03-25T20:29:21.361+0000] {processor.py:183} INFO - Processing /home/airflow/.local/lib/python3.8/site-packages/airflow/example_dags/example_python_decorator.py took 0.069 seconds
[2024-03-25T20:29:52.056+0000] {processor.py:161} INFO - Started process (PID=475) to work on /home/airflow/.local/lib/python3.8/site-packages/airflow/example_dags/example_python_decorator.py
[2024-03-25T20:29:52.058+0000] {processor.py:830} INFO - Processing file /home/airflow/.local/lib/python3.8/site-packages/airflow/example_dags/example_python_decorator.py for tasks to queue
[2024-03-25T20:29:52.063+0000] {logging_mixin.py:188} INFO - [2024-03-25T20:29:52.062+0000] {dagbag.py:540} INFO - Filling up the DagBag from /home/airflow/.local/lib/python3.8/site-packages/airflow/example_dags/example_python_decorator.py
[2024-03-25T20:29:52.081+0000] {processor.py:840} INFO - DAG(s) 'example_python_decorator' retrieved from /home/airflow/.local/lib/python3.8/site-packages/airflow/example_dags/example_python_decorator.py
[2024-03-25T20:29:52.130+0000] {logging_mixin.py:188} INFO - [2024-03-25T20:29:52.130+0000] {dag.py:3047} INFO - Sync 1 DAGs
[2024-03-25T20:29:52.145+0000] {logging_mixin.py:188} INFO - [2024-03-25T20:29:52.144+0000] {dag.py:3834} INFO - Setting next_dagrun for example_python_decorator to None, run_after=None
[2024-03-25T20:29:52.183+0000] {processor.py:183} INFO - Processing /home/airflow/.local/lib/python3.8/site-packages/airflow/example_dags/example_python_decorator.py took 0.138 seconds
[2024-03-25T20:30:22.713+0000] {processor.py:161} INFO - Started process (PID=531) to work on /home/airflow/.local/lib/python3.8/site-packages/airflow/example_dags/example_python_decorator.py
[2024-03-25T20:30:22.714+0000] {processor.py:830} INFO - Processing file /home/airflow/.local/lib/python3.8/site-packages/airflow/example_dags/example_python_decorator.py for tasks to queue
[2024-03-25T20:30:22.715+0000] {logging_mixin.py:188} INFO - [2024-03-25T20:30:22.714+0000] {dagbag.py:540} INFO - Filling up the DagBag from /home/airflow/.local/lib/python3.8/site-packages/airflow/example_dags/example_python_decorator.py
[2024-03-25T20:30:22.721+0000] {processor.py:840} INFO - DAG(s) 'example_python_decorator' retrieved from /home/airflow/.local/lib/python3.8/site-packages/airflow/example_dags/example_python_decorator.py
[2024-03-25T20:30:22.732+0000] {logging_mixin.py:188} INFO - [2024-03-25T20:30:22.732+0000] {dag.py:3047} INFO - Sync 1 DAGs
[2024-03-25T20:30:22.738+0000] {logging_mixin.py:188} INFO - [2024-03-25T20:30:22.738+0000] {dag.py:3834} INFO - Setting next_dagrun for example_python_decorator to None, run_after=None
[2024-03-25T20:30:22.747+0000] {processor.py:183} INFO - Processing /home/airflow/.local/lib/python3.8/site-packages/airflow/example_dags/example_python_decorator.py took 0.036 seconds
[2024-03-25T20:30:52.761+0000] {processor.py:161} INFO - Started process (PID=587) to work on /home/airflow/.local/lib/python3.8/site-packages/airflow/example_dags/example_python_decorator.py
[2024-03-25T20:30:52.762+0000] {processor.py:830} INFO - Processing file /home/airflow/.local/lib/python3.8/site-packages/airflow/example_dags/example_python_decorator.py for tasks to queue
[2024-03-25T20:30:52.763+0000] {logging_mixin.py:188} INFO - [2024-03-25T20:30:52.763+0000] {dagbag.py:540} INFO - Filling up the DagBag from /home/airflow/.local/lib/python3.8/site-packages/airflow/example_dags/example_python_decorator.py
[2024-03-25T20:30:52.769+0000] {processor.py:840} INFO - DAG(s) 'example_python_decorator' retrieved from /home/airflow/.local/lib/python3.8/site-packages/airflow/example_dags/example_python_decorator.py
[2024-03-25T20:30:52.780+0000] {logging_mixin.py:188} INFO - [2024-03-25T20:30:52.780+0000] {dag.py:3047} INFO - Sync 1 DAGs
[2024-03-25T20:30:52.785+0000] {logging_mixin.py:188} INFO - [2024-03-25T20:30:52.785+0000] {dag.py:3834} INFO - Setting next_dagrun for example_python_decorator to None, run_after=None
[2024-03-25T20:30:52.794+0000] {processor.py:183} INFO - Processing /home/airflow/.local/lib/python3.8/site-packages/airflow/example_dags/example_python_decorator.py took 0.034 seconds
[2024-03-25T20:31:23.701+0000] {processor.py:161} INFO - Started process (PID=643) to work on /home/airflow/.local/lib/python3.8/site-packages/airflow/example_dags/example_python_decorator.py
[2024-03-25T20:31:23.701+0000] {processor.py:830} INFO - Processing file /home/airflow/.local/lib/python3.8/site-packages/airflow/example_dags/example_python_decorator.py for tasks to queue
[2024-03-25T20:31:23.702+0000] {logging_mixin.py:188} INFO - [2024-03-25T20:31:23.702+0000] {dagbag.py:540} INFO - Filling up the DagBag from /home/airflow/.local/lib/python3.8/site-packages/airflow/example_dags/example_python_decorator.py
[2024-03-25T20:31:23.711+0000] {processor.py:840} INFO - DAG(s) 'example_python_decorator' retrieved from /home/airflow/.local/lib/python3.8/site-packages/airflow/example_dags/example_python_decorator.py
[2024-03-25T20:31:23.722+0000] {logging_mixin.py:188} INFO - [2024-03-25T20:31:23.722+0000] {dag.py:3047} INFO - Sync 1 DAGs
[2024-03-25T20:31:23.729+0000] {logging_mixin.py:188} INFO - [2024-03-25T20:31:23.729+0000] {dag.py:3834} INFO - Setting next_dagrun for example_python_decorator to None, run_after=None
[2024-03-25T20:31:23.738+0000] {processor.py:183} INFO - Processing /home/airflow/.local/lib/python3.8/site-packages/airflow/example_dags/example_python_decorator.py took 0.039 seconds
[2024-03-25T20:31:54.533+0000] {processor.py:161} INFO - Started process (PID=699) to work on /home/airflow/.local/lib/python3.8/site-packages/airflow/example_dags/example_python_decorator.py
[2024-03-25T20:31:54.534+0000] {processor.py:830} INFO - Processing file /home/airflow/.local/lib/python3.8/site-packages/airflow/example_dags/example_python_decorator.py for tasks to queue
[2024-03-25T20:31:54.535+0000] {logging_mixin.py:188} INFO - [2024-03-25T20:31:54.535+0000] {dagbag.py:540} INFO - Filling up the DagBag from /home/airflow/.local/lib/python3.8/site-packages/airflow/example_dags/example_python_decorator.py
[2024-03-25T20:31:54.542+0000] {processor.py:840} INFO - DAG(s) 'example_python_decorator' retrieved from /home/airflow/.local/lib/python3.8/site-packages/airflow/example_dags/example_python_decorator.py
[2024-03-25T20:31:54.554+0000] {logging_mixin.py:188} INFO - [2024-03-25T20:31:54.554+0000] {dag.py:3047} INFO - Sync 1 DAGs
[2024-03-25T20:31:54.560+0000] {logging_mixin.py:188} INFO - [2024-03-25T20:31:54.560+0000] {dag.py:3834} INFO - Setting next_dagrun for example_python_decorator to None, run_after=None
[2024-03-25T20:31:54.570+0000] {processor.py:183} INFO - Processing /home/airflow/.local/lib/python3.8/site-packages/airflow/example_dags/example_python_decorator.py took 0.039 seconds
[2024-03-25T20:32:25.027+0000] {processor.py:161} INFO - Started process (PID=755) to work on /home/airflow/.local/lib/python3.8/site-packages/airflow/example_dags/example_python_decorator.py
[2024-03-25T20:32:25.028+0000] {processor.py:830} INFO - Processing file /home/airflow/.local/lib/python3.8/site-packages/airflow/example_dags/example_python_decorator.py for tasks to queue
[2024-03-25T20:32:25.029+0000] {logging_mixin.py:188} INFO - [2024-03-25T20:32:25.029+0000] {dagbag.py:540} INFO - Filling up the DagBag from /home/airflow/.local/lib/python3.8/site-packages/airflow/example_dags/example_python_decorator.py
[2024-03-25T20:32:25.037+0000] {processor.py:840} INFO - DAG(s) 'example_python_decorator' retrieved from /home/airflow/.local/lib/python3.8/site-packages/airflow/example_dags/example_python_decorator.py
[2024-03-25T20:32:25.048+0000] {logging_mixin.py:188} INFO - [2024-03-25T20:32:25.048+0000] {dag.py:3047} INFO - Sync 1 DAGs
[2024-03-25T20:32:25.055+0000] {logging_mixin.py:188} INFO - [2024-03-25T20:32:25.055+0000] {dag.py:3834} INFO - Setting next_dagrun for example_python_decorator to None, run_after=None
[2024-03-25T20:32:25.064+0000] {processor.py:183} INFO - Processing /home/airflow/.local/lib/python3.8/site-packages/airflow/example_dags/example_python_decorator.py took 0.038 seconds
[2024-03-25T20:32:55.617+0000] {processor.py:161} INFO - Started process (PID=811) to work on /home/airflow/.local/lib/python3.8/site-packages/airflow/example_dags/example_python_decorator.py
[2024-03-25T20:32:55.618+0000] {processor.py:830} INFO - Processing file /home/airflow/.local/lib/python3.8/site-packages/airflow/example_dags/example_python_decorator.py for tasks to queue
[2024-03-25T20:32:55.619+0000] {logging_mixin.py:188} INFO - [2024-03-25T20:32:55.619+0000] {dagbag.py:540} INFO - Filling up the DagBag from /home/airflow/.local/lib/python3.8/site-packages/airflow/example_dags/example_python_decorator.py
[2024-03-25T20:32:55.627+0000] {processor.py:840} INFO - DAG(s) 'example_python_decorator' retrieved from /home/airflow/.local/lib/python3.8/site-packages/airflow/example_dags/example_python_decorator.py
[2024-03-25T20:32:55.638+0000] {logging_mixin.py:188} INFO - [2024-03-25T20:32:55.638+0000] {dag.py:3047} INFO - Sync 1 DAGs
[2024-03-25T20:32:55.644+0000] {logging_mixin.py:188} INFO - [2024-03-25T20:32:55.644+0000] {dag.py:3834} INFO - Setting next_dagrun for example_python_decorator to None, run_after=None
[2024-03-25T20:32:55.654+0000] {processor.py:183} INFO - Processing /home/airflow/.local/lib/python3.8/site-packages/airflow/example_dags/example_python_decorator.py took 0.039 seconds
[2024-03-25T20:33:25.979+0000] {processor.py:161} INFO - Started process (PID=867) to work on /home/airflow/.local/lib/python3.8/site-packages/airflow/example_dags/example_python_decorator.py
[2024-03-25T20:33:25.980+0000] {processor.py:830} INFO - Processing file /home/airflow/.local/lib/python3.8/site-packages/airflow/example_dags/example_python_decorator.py for tasks to queue
[2024-03-25T20:33:25.981+0000] {logging_mixin.py:188} INFO - [2024-03-25T20:33:25.981+0000] {dagbag.py:540} INFO - Filling up the DagBag from /home/airflow/.local/lib/python3.8/site-packages/airflow/example_dags/example_python_decorator.py
[2024-03-25T20:33:25.988+0000] {processor.py:840} INFO - DAG(s) 'example_python_decorator' retrieved from /home/airflow/.local/lib/python3.8/site-packages/airflow/example_dags/example_python_decorator.py
[2024-03-25T20:33:25.999+0000] {logging_mixin.py:188} INFO - [2024-03-25T20:33:25.999+0000] {dag.py:3047} INFO - Sync 1 DAGs
[2024-03-25T20:33:26.005+0000] {logging_mixin.py:188} INFO - [2024-03-25T20:33:26.005+0000] {dag.py:3834} INFO - Setting next_dagrun for example_python_decorator to None, run_after=None
[2024-03-25T20:33:26.014+0000] {processor.py:183} INFO - Processing /home/airflow/.local/lib/python3.8/site-packages/airflow/example_dags/example_python_decorator.py took 0.037 seconds
[2024-03-25T20:33:56.475+0000] {processor.py:161} INFO - Started process (PID=923) to work on /home/airflow/.local/lib/python3.8/site-packages/airflow/example_dags/example_python_decorator.py
[2024-03-25T20:33:56.475+0000] {processor.py:830} INFO - Processing file /home/airflow/.local/lib/python3.8/site-packages/airflow/example_dags/example_python_decorator.py for tasks to queue
[2024-03-25T20:33:56.476+0000] {logging_mixin.py:188} INFO - [2024-03-25T20:33:56.476+0000] {dagbag.py:540} INFO - Filling up the DagBag from /home/airflow/.local/lib/python3.8/site-packages/airflow/example_dags/example_python_decorator.py
[2024-03-25T20:33:56.483+0000] {processor.py:840} INFO - DAG(s) 'example_python_decorator' retrieved from /home/airflow/.local/lib/python3.8/site-packages/airflow/example_dags/example_python_decorator.py
[2024-03-25T20:33:56.494+0000] {logging_mixin.py:188} INFO - [2024-03-25T20:33:56.494+0000] {dag.py:3047} INFO - Sync 1 DAGs
[2024-03-25T20:33:56.500+0000] {logging_mixin.py:188} INFO - [2024-03-25T20:33:56.500+0000] {dag.py:3834} INFO - Setting next_dagrun for example_python_decorator to None, run_after=None
[2024-03-25T20:33:56.508+0000] {processor.py:183} INFO - Processing /home/airflow/.local/lib/python3.8/site-packages/airflow/example_dags/example_python_decorator.py took 0.035 seconds
[2024-03-25T20:34:27.241+0000] {processor.py:161} INFO - Started process (PID=978) to work on /home/airflow/.local/lib/python3.8/site-packages/airflow/example_dags/example_python_decorator.py
[2024-03-25T20:34:27.242+0000] {processor.py:830} INFO - Processing file /home/airflow/.local/lib/python3.8/site-packages/airflow/example_dags/example_python_decorator.py for tasks to queue
[2024-03-25T20:34:27.243+0000] {logging_mixin.py:188} INFO - [2024-03-25T20:34:27.243+0000] {dagbag.py:540} INFO - Filling up the DagBag from /home/airflow/.local/lib/python3.8/site-packages/airflow/example_dags/example_python_decorator.py
[2024-03-25T20:34:27.250+0000] {processor.py:840} INFO - DAG(s) 'example_python_decorator' retrieved from /home/airflow/.local/lib/python3.8/site-packages/airflow/example_dags/example_python_decorator.py
[2024-03-25T20:34:27.262+0000] {logging_mixin.py:188} INFO - [2024-03-25T20:34:27.262+0000] {dag.py:3047} INFO - Sync 1 DAGs
[2024-03-25T20:34:27.268+0000] {logging_mixin.py:188} INFO - [2024-03-25T20:34:27.268+0000] {dag.py:3834} INFO - Setting next_dagrun for example_python_decorator to None, run_after=None
[2024-03-25T20:34:27.277+0000] {processor.py:183} INFO - Processing /home/airflow/.local/lib/python3.8/site-packages/airflow/example_dags/example_python_decorator.py took 0.038 seconds
[2024-03-25T20:34:57.948+0000] {processor.py:161} INFO - Started process (PID=1034) to work on /home/airflow/.local/lib/python3.8/site-packages/airflow/example_dags/example_python_decorator.py
[2024-03-25T20:34:57.948+0000] {processor.py:830} INFO - Processing file /home/airflow/.local/lib/python3.8/site-packages/airflow/example_dags/example_python_decorator.py for tasks to queue
[2024-03-25T20:34:57.949+0000] {logging_mixin.py:188} INFO - [2024-03-25T20:34:57.949+0000] {dagbag.py:540} INFO - Filling up the DagBag from /home/airflow/.local/lib/python3.8/site-packages/airflow/example_dags/example_python_decorator.py
[2024-03-25T20:34:57.957+0000] {processor.py:840} INFO - DAG(s) 'example_python_decorator' retrieved from /home/airflow/.local/lib/python3.8/site-packages/airflow/example_dags/example_python_decorator.py
[2024-03-25T20:34:57.968+0000] {logging_mixin.py:188} INFO - [2024-03-25T20:34:57.968+0000] {dag.py:3047} INFO - Sync 1 DAGs
[2024-03-25T20:34:57.974+0000] {logging_mixin.py:188} INFO - [2024-03-25T20:34:57.974+0000] {dag.py:3834} INFO - Setting next_dagrun for example_python_decorator to None, run_after=None
[2024-03-25T20:34:57.983+0000] {processor.py:183} INFO - Processing /home/airflow/.local/lib/python3.8/site-packages/airflow/example_dags/example_python_decorator.py took 0.037 seconds
[2024-03-25T20:35:28.512+0000] {processor.py:161} INFO - Started process (PID=1090) to work on /home/airflow/.local/lib/python3.8/site-packages/airflow/example_dags/example_python_decorator.py
[2024-03-25T20:35:28.513+0000] {processor.py:830} INFO - Processing file /home/airflow/.local/lib/python3.8/site-packages/airflow/example_dags/example_python_decorator.py for tasks to queue
[2024-03-25T20:35:28.514+0000] {logging_mixin.py:188} INFO - [2024-03-25T20:35:28.514+0000] {dagbag.py:540} INFO - Filling up the DagBag from /home/airflow/.local/lib/python3.8/site-packages/airflow/example_dags/example_python_decorator.py
[2024-03-25T20:35:28.522+0000] {processor.py:840} INFO - DAG(s) 'example_python_decorator' retrieved from /home/airflow/.local/lib/python3.8/site-packages/airflow/example_dags/example_python_decorator.py
[2024-03-25T20:35:28.533+0000] {logging_mixin.py:188} INFO - [2024-03-25T20:35:28.533+0000] {dag.py:3047} INFO - Sync 1 DAGs
[2024-03-25T20:35:28.539+0000] {logging_mixin.py:188} INFO - [2024-03-25T20:35:28.539+0000] {dag.py:3834} INFO - Setting next_dagrun for example_python_decorator to None, run_after=None
[2024-03-25T20:35:28.548+0000] {processor.py:183} INFO - Processing /home/airflow/.local/lib/python3.8/site-packages/airflow/example_dags/example_python_decorator.py took 0.037 seconds
[2024-03-25T20:35:59.017+0000] {processor.py:161} INFO - Started process (PID=1146) to work on /home/airflow/.local/lib/python3.8/site-packages/airflow/example_dags/example_python_decorator.py
[2024-03-25T20:35:59.018+0000] {processor.py:830} INFO - Processing file /home/airflow/.local/lib/python3.8/site-packages/airflow/example_dags/example_python_decorator.py for tasks to queue
[2024-03-25T20:35:59.019+0000] {logging_mixin.py:188} INFO - [2024-03-25T20:35:59.019+0000] {dagbag.py:540} INFO - Filling up the DagBag from /home/airflow/.local/lib/python3.8/site-packages/airflow/example_dags/example_python_decorator.py
[2024-03-25T20:35:59.028+0000] {processor.py:840} INFO - DAG(s) 'example_python_decorator' retrieved from /home/airflow/.local/lib/python3.8/site-packages/airflow/example_dags/example_python_decorator.py
[2024-03-25T20:35:59.041+0000] {logging_mixin.py:188} INFO - [2024-03-25T20:35:59.041+0000] {dag.py:3047} INFO - Sync 1 DAGs
[2024-03-25T20:35:59.048+0000] {logging_mixin.py:188} INFO - [2024-03-25T20:35:59.048+0000] {dag.py:3834} INFO - Setting next_dagrun for example_python_decorator to None, run_after=None
[2024-03-25T20:35:59.059+0000] {processor.py:183} INFO - Processing /home/airflow/.local/lib/python3.8/site-packages/airflow/example_dags/example_python_decorator.py took 0.043 seconds
[2024-03-25T20:36:29.568+0000] {processor.py:161} INFO - Started process (PID=1202) to work on /home/airflow/.local/lib/python3.8/site-packages/airflow/example_dags/example_python_decorator.py
[2024-03-25T20:36:29.569+0000] {processor.py:830} INFO - Processing file /home/airflow/.local/lib/python3.8/site-packages/airflow/example_dags/example_python_decorator.py for tasks to queue
[2024-03-25T20:36:29.570+0000] {logging_mixin.py:188} INFO - [2024-03-25T20:36:29.570+0000] {dagbag.py:540} INFO - Filling up the DagBag from /home/airflow/.local/lib/python3.8/site-packages/airflow/example_dags/example_python_decorator.py
[2024-03-25T20:36:29.577+0000] {processor.py:840} INFO - DAG(s) 'example_python_decorator' retrieved from /home/airflow/.local/lib/python3.8/site-packages/airflow/example_dags/example_python_decorator.py
[2024-03-25T20:36:29.588+0000] {logging_mixin.py:188} INFO - [2024-03-25T20:36:29.588+0000] {dag.py:3047} INFO - Sync 1 DAGs
[2024-03-25T20:36:29.594+0000] {logging_mixin.py:188} INFO - [2024-03-25T20:36:29.594+0000] {dag.py:3834} INFO - Setting next_dagrun for example_python_decorator to None, run_after=None
[2024-03-25T20:36:29.603+0000] {processor.py:183} INFO - Processing /home/airflow/.local/lib/python3.8/site-packages/airflow/example_dags/example_python_decorator.py took 0.037 seconds
[2024-03-25T20:37:00.224+0000] {processor.py:161} INFO - Started process (PID=1257) to work on /home/airflow/.local/lib/python3.8/site-packages/airflow/example_dags/example_python_decorator.py
[2024-03-25T20:37:00.225+0000] {processor.py:830} INFO - Processing file /home/airflow/.local/lib/python3.8/site-packages/airflow/example_dags/example_python_decorator.py for tasks to queue
[2024-03-25T20:37:00.228+0000] {logging_mixin.py:188} INFO - [2024-03-25T20:37:00.227+0000] {dagbag.py:540} INFO - Filling up the DagBag from /home/airflow/.local/lib/python3.8/site-packages/airflow/example_dags/example_python_decorator.py
[2024-03-25T20:37:00.236+0000] {processor.py:840} INFO - DAG(s) 'example_python_decorator' retrieved from /home/airflow/.local/lib/python3.8/site-packages/airflow/example_dags/example_python_decorator.py
[2024-03-25T20:37:00.250+0000] {logging_mixin.py:188} INFO - [2024-03-25T20:37:00.250+0000] {dag.py:3047} INFO - Sync 1 DAGs
[2024-03-25T20:37:00.259+0000] {logging_mixin.py:188} INFO - [2024-03-25T20:37:00.258+0000] {dag.py:3834} INFO - Setting next_dagrun for example_python_decorator to None, run_after=None
[2024-03-25T20:37:00.269+0000] {processor.py:183} INFO - Processing /home/airflow/.local/lib/python3.8/site-packages/airflow/example_dags/example_python_decorator.py took 0.047 seconds
[2024-03-25T20:37:30.871+0000] {processor.py:161} INFO - Started process (PID=1313) to work on /home/airflow/.local/lib/python3.8/site-packages/airflow/example_dags/example_python_decorator.py
[2024-03-25T20:37:30.872+0000] {processor.py:830} INFO - Processing file /home/airflow/.local/lib/python3.8/site-packages/airflow/example_dags/example_python_decorator.py for tasks to queue
[2024-03-25T20:37:30.873+0000] {logging_mixin.py:188} INFO - [2024-03-25T20:37:30.873+0000] {dagbag.py:540} INFO - Filling up the DagBag from /home/airflow/.local/lib/python3.8/site-packages/airflow/example_dags/example_python_decorator.py
[2024-03-25T20:37:30.880+0000] {processor.py:840} INFO - DAG(s) 'example_python_decorator' retrieved from /home/airflow/.local/lib/python3.8/site-packages/airflow/example_dags/example_python_decorator.py
[2024-03-25T20:37:30.892+0000] {logging_mixin.py:188} INFO - [2024-03-25T20:37:30.892+0000] {dag.py:3047} INFO - Sync 1 DAGs
[2024-03-25T20:37:30.898+0000] {logging_mixin.py:188} INFO - [2024-03-25T20:37:30.898+0000] {dag.py:3834} INFO - Setting next_dagrun for example_python_decorator to None, run_after=None
[2024-03-25T20:37:30.908+0000] {processor.py:183} INFO - Processing /home/airflow/.local/lib/python3.8/site-packages/airflow/example_dags/example_python_decorator.py took 0.038 seconds
[2024-03-25T20:38:01.631+0000] {processor.py:161} INFO - Started process (PID=1369) to work on /home/airflow/.local/lib/python3.8/site-packages/airflow/example_dags/example_python_decorator.py
[2024-03-25T20:38:01.632+0000] {processor.py:830} INFO - Processing file /home/airflow/.local/lib/python3.8/site-packages/airflow/example_dags/example_python_decorator.py for tasks to queue
[2024-03-25T20:38:01.633+0000] {logging_mixin.py:188} INFO - [2024-03-25T20:38:01.633+0000] {dagbag.py:540} INFO - Filling up the DagBag from /home/airflow/.local/lib/python3.8/site-packages/airflow/example_dags/example_python_decorator.py
[2024-03-25T20:38:01.640+0000] {processor.py:840} INFO - DAG(s) 'example_python_decorator' retrieved from /home/airflow/.local/lib/python3.8/site-packages/airflow/example_dags/example_python_decorator.py
[2024-03-25T20:38:01.652+0000] {logging_mixin.py:188} INFO - [2024-03-25T20:38:01.651+0000] {dag.py:3047} INFO - Sync 1 DAGs
[2024-03-25T20:38:01.657+0000] {logging_mixin.py:188} INFO - [2024-03-25T20:38:01.657+0000] {dag.py:3834} INFO - Setting next_dagrun for example_python_decorator to None, run_after=None
[2024-03-25T20:38:01.666+0000] {processor.py:183} INFO - Processing /home/airflow/.local/lib/python3.8/site-packages/airflow/example_dags/example_python_decorator.py took 0.036 seconds
[2024-03-25T20:38:32.075+0000] {processor.py:161} INFO - Started process (PID=1425) to work on /home/airflow/.local/lib/python3.8/site-packages/airflow/example_dags/example_python_decorator.py
[2024-03-25T20:38:32.076+0000] {processor.py:830} INFO - Processing file /home/airflow/.local/lib/python3.8/site-packages/airflow/example_dags/example_python_decorator.py for tasks to queue
[2024-03-25T20:38:32.077+0000] {logging_mixin.py:188} INFO - [2024-03-25T20:38:32.077+0000] {dagbag.py:540} INFO - Filling up the DagBag from /home/airflow/.local/lib/python3.8/site-packages/airflow/example_dags/example_python_decorator.py
[2024-03-25T20:38:32.084+0000] {processor.py:840} INFO - DAG(s) 'example_python_decorator' retrieved from /home/airflow/.local/lib/python3.8/site-packages/airflow/example_dags/example_python_decorator.py
[2024-03-25T20:38:32.095+0000] {logging_mixin.py:188} INFO - [2024-03-25T20:38:32.095+0000] {dag.py:3047} INFO - Sync 1 DAGs
[2024-03-25T20:38:32.101+0000] {logging_mixin.py:188} INFO - [2024-03-25T20:38:32.101+0000] {dag.py:3834} INFO - Setting next_dagrun for example_python_decorator to None, run_after=None
[2024-03-25T20:38:32.109+0000] {processor.py:183} INFO - Processing /home/airflow/.local/lib/python3.8/site-packages/airflow/example_dags/example_python_decorator.py took 0.036 seconds
[2024-03-25T20:39:02.690+0000] {processor.py:161} INFO - Started process (PID=1481) to work on /home/airflow/.local/lib/python3.8/site-packages/airflow/example_dags/example_python_decorator.py
[2024-03-25T20:39:02.690+0000] {processor.py:830} INFO - Processing file /home/airflow/.local/lib/python3.8/site-packages/airflow/example_dags/example_python_decorator.py for tasks to queue
[2024-03-25T20:39:02.691+0000] {logging_mixin.py:188} INFO - [2024-03-25T20:39:02.691+0000] {dagbag.py:540} INFO - Filling up the DagBag from /home/airflow/.local/lib/python3.8/site-packages/airflow/example_dags/example_python_decorator.py
[2024-03-25T20:39:02.699+0000] {processor.py:840} INFO - DAG(s) 'example_python_decorator' retrieved from /home/airflow/.local/lib/python3.8/site-packages/airflow/example_dags/example_python_decorator.py
[2024-03-25T20:39:02.712+0000] {logging_mixin.py:188} INFO - [2024-03-25T20:39:02.712+0000] {dag.py:3047} INFO - Sync 1 DAGs
[2024-03-25T20:39:02.718+0000] {logging_mixin.py:188} INFO - [2024-03-25T20:39:02.718+0000] {dag.py:3834} INFO - Setting next_dagrun for example_python_decorator to None, run_after=None
[2024-03-25T20:39:02.728+0000] {processor.py:183} INFO - Processing /home/airflow/.local/lib/python3.8/site-packages/airflow/example_dags/example_python_decorator.py took 0.040 seconds
[2024-03-25T20:39:33.204+0000] {processor.py:161} INFO - Started process (PID=1537) to work on /home/airflow/.local/lib/python3.8/site-packages/airflow/example_dags/example_python_decorator.py
[2024-03-25T20:39:33.205+0000] {processor.py:830} INFO - Processing file /home/airflow/.local/lib/python3.8/site-packages/airflow/example_dags/example_python_decorator.py for tasks to queue
[2024-03-25T20:39:33.206+0000] {logging_mixin.py:188} INFO - [2024-03-25T20:39:33.206+0000] {dagbag.py:540} INFO - Filling up the DagBag from /home/airflow/.local/lib/python3.8/site-packages/airflow/example_dags/example_python_decorator.py
[2024-03-25T20:39:33.213+0000] {processor.py:840} INFO - DAG(s) 'example_python_decorator' retrieved from /home/airflow/.local/lib/python3.8/site-packages/airflow/example_dags/example_python_decorator.py
[2024-03-25T20:39:33.225+0000] {logging_mixin.py:188} INFO - [2024-03-25T20:39:33.225+0000] {dag.py:3047} INFO - Sync 1 DAGs
[2024-03-25T20:39:33.232+0000] {logging_mixin.py:188} INFO - [2024-03-25T20:39:33.232+0000] {dag.py:3834} INFO - Setting next_dagrun for example_python_decorator to None, run_after=None
[2024-03-25T20:39:33.241+0000] {processor.py:183} INFO - Processing /home/airflow/.local/lib/python3.8/site-packages/airflow/example_dags/example_python_decorator.py took 0.038 seconds
[2024-03-25T20:40:03.646+0000] {processor.py:161} INFO - Started process (PID=1593) to work on /home/airflow/.local/lib/python3.8/site-packages/airflow/example_dags/example_python_decorator.py
[2024-03-25T20:40:03.646+0000] {processor.py:830} INFO - Processing file /home/airflow/.local/lib/python3.8/site-packages/airflow/example_dags/example_python_decorator.py for tasks to queue
[2024-03-25T20:40:03.647+0000] {logging_mixin.py:188} INFO - [2024-03-25T20:40:03.647+0000] {dagbag.py:540} INFO - Filling up the DagBag from /home/airflow/.local/lib/python3.8/site-packages/airflow/example_dags/example_python_decorator.py
[2024-03-25T20:40:03.654+0000] {processor.py:840} INFO - DAG(s) 'example_python_decorator' retrieved from /home/airflow/.local/lib/python3.8/site-packages/airflow/example_dags/example_python_decorator.py
[2024-03-25T20:40:03.666+0000] {logging_mixin.py:188} INFO - [2024-03-25T20:40:03.666+0000] {dag.py:3047} INFO - Sync 1 DAGs
[2024-03-25T20:40:03.672+0000] {logging_mixin.py:188} INFO - [2024-03-25T20:40:03.671+0000] {dag.py:3834} INFO - Setting next_dagrun for example_python_decorator to None, run_after=None
[2024-03-25T20:40:03.680+0000] {processor.py:183} INFO - Processing /home/airflow/.local/lib/python3.8/site-packages/airflow/example_dags/example_python_decorator.py took 0.036 seconds
