[2024-03-25T20:19:35.252+0000] {processor.py:161} INFO - Started process (PID=37) to work on /home/airflow/.local/lib/python3.8/site-packages/airflow/example_dags/example_time_delta_sensor_async.py
[2024-03-25T20:19:35.253+0000] {processor.py:830} INFO - Processing file /home/airflow/.local/lib/python3.8/site-packages/airflow/example_dags/example_time_delta_sensor_async.py for tasks to queue
[2024-03-25T20:19:35.256+0000] {logging_mixin.py:188} INFO - [2024-03-25T20:19:35.256+0000] {dagbag.py:540} INFO - Filling up the DagBag from /home/airflow/.local/lib/python3.8/site-packages/airflow/example_dags/example_time_delta_sensor_async.py
[2024-03-25T20:19:35.262+0000] {processor.py:840} INFO - DAG(s) 'example_time_delta_sensor_async' retrieved from /home/airflow/.local/lib/python3.8/site-packages/airflow/example_dags/example_time_delta_sensor_async.py
[2024-03-25T20:19:35.288+0000] {logging_mixin.py:188} INFO - [2024-03-25T20:19:35.287+0000] {dag.py:3047} INFO - Sync 1 DAGs
[2024-03-25T20:19:35.299+0000] {logging_mixin.py:188} INFO - [2024-03-25T20:19:35.299+0000] {dag.py:3834} INFO - Setting next_dagrun for example_time_delta_sensor_async to None, run_after=None
[2024-03-25T20:19:35.321+0000] {processor.py:183} INFO - Processing /home/airflow/.local/lib/python3.8/site-packages/airflow/example_dags/example_time_delta_sensor_async.py took 0.072 seconds
[2024-03-25T20:20:05.766+0000] {processor.py:161} INFO - Started process (PID=92) to work on /home/airflow/.local/lib/python3.8/site-packages/airflow/example_dags/example_time_delta_sensor_async.py
[2024-03-25T20:20:05.767+0000] {processor.py:830} INFO - Processing file /home/airflow/.local/lib/python3.8/site-packages/airflow/example_dags/example_time_delta_sensor_async.py for tasks to queue
[2024-03-25T20:20:05.768+0000] {logging_mixin.py:188} INFO - [2024-03-25T20:20:05.768+0000] {dagbag.py:540} INFO - Filling up the DagBag from /home/airflow/.local/lib/python3.8/site-packages/airflow/example_dags/example_time_delta_sensor_async.py
[2024-03-25T20:20:05.770+0000] {processor.py:840} INFO - DAG(s) 'example_time_delta_sensor_async' retrieved from /home/airflow/.local/lib/python3.8/site-packages/airflow/example_dags/example_time_delta_sensor_async.py
[2024-03-25T20:20:05.780+0000] {logging_mixin.py:188} INFO - [2024-03-25T20:20:05.780+0000] {dag.py:3047} INFO - Sync 1 DAGs
[2024-03-25T20:20:05.786+0000] {logging_mixin.py:188} INFO - [2024-03-25T20:20:05.786+0000] {dag.py:3834} INFO - Setting next_dagrun for example_time_delta_sensor_async to None, run_after=None
[2024-03-25T20:20:05.794+0000] {processor.py:183} INFO - Processing /home/airflow/.local/lib/python3.8/site-packages/airflow/example_dags/example_time_delta_sensor_async.py took 0.029 seconds
[2024-03-25T20:26:12.860+0000] {processor.py:161} INFO - Started process (PID=36) to work on /home/airflow/.local/lib/python3.8/site-packages/airflow/example_dags/example_time_delta_sensor_async.py
[2024-03-25T20:26:12.861+0000] {processor.py:830} INFO - Processing file /home/airflow/.local/lib/python3.8/site-packages/airflow/example_dags/example_time_delta_sensor_async.py for tasks to queue
[2024-03-25T20:26:12.863+0000] {logging_mixin.py:188} INFO - [2024-03-25T20:26:12.863+0000] {dagbag.py:540} INFO - Filling up the DagBag from /home/airflow/.local/lib/python3.8/site-packages/airflow/example_dags/example_time_delta_sensor_async.py
[2024-03-25T20:26:12.869+0000] {processor.py:840} INFO - DAG(s) 'example_time_delta_sensor_async' retrieved from /home/airflow/.local/lib/python3.8/site-packages/airflow/example_dags/example_time_delta_sensor_async.py
[2024-03-25T20:26:12.894+0000] {logging_mixin.py:188} INFO - [2024-03-25T20:26:12.894+0000] {dag.py:3047} INFO - Sync 1 DAGs
[2024-03-25T20:26:12.906+0000] {logging_mixin.py:188} INFO - [2024-03-25T20:26:12.906+0000] {dag.py:3834} INFO - Setting next_dagrun for example_time_delta_sensor_async to None, run_after=None
[2024-03-25T20:26:12.923+0000] {processor.py:183} INFO - Processing /home/airflow/.local/lib/python3.8/site-packages/airflow/example_dags/example_time_delta_sensor_async.py took 0.067 seconds
[2024-03-25T20:26:42.959+0000] {processor.py:161} INFO - Started process (PID=90) to work on /home/airflow/.local/lib/python3.8/site-packages/airflow/example_dags/example_time_delta_sensor_async.py
[2024-03-25T20:26:42.960+0000] {processor.py:830} INFO - Processing file /home/airflow/.local/lib/python3.8/site-packages/airflow/example_dags/example_time_delta_sensor_async.py for tasks to queue
[2024-03-25T20:26:42.961+0000] {logging_mixin.py:188} INFO - [2024-03-25T20:26:42.961+0000] {dagbag.py:540} INFO - Filling up the DagBag from /home/airflow/.local/lib/python3.8/site-packages/airflow/example_dags/example_time_delta_sensor_async.py
[2024-03-25T20:26:42.963+0000] {processor.py:840} INFO - DAG(s) 'example_time_delta_sensor_async' retrieved from /home/airflow/.local/lib/python3.8/site-packages/airflow/example_dags/example_time_delta_sensor_async.py
[2024-03-25T20:26:42.974+0000] {logging_mixin.py:188} INFO - [2024-03-25T20:26:42.974+0000] {dag.py:3047} INFO - Sync 1 DAGs
[2024-03-25T20:26:42.980+0000] {logging_mixin.py:188} INFO - [2024-03-25T20:26:42.980+0000] {dag.py:3834} INFO - Setting next_dagrun for example_time_delta_sensor_async to None, run_after=None
[2024-03-25T20:26:42.988+0000] {processor.py:183} INFO - Processing /home/airflow/.local/lib/python3.8/site-packages/airflow/example_dags/example_time_delta_sensor_async.py took 0.030 seconds
[2024-03-25T20:27:13.204+0000] {processor.py:161} INFO - Started process (PID=146) to work on /home/airflow/.local/lib/python3.8/site-packages/airflow/example_dags/example_time_delta_sensor_async.py
[2024-03-25T20:27:13.205+0000] {processor.py:830} INFO - Processing file /home/airflow/.local/lib/python3.8/site-packages/airflow/example_dags/example_time_delta_sensor_async.py for tasks to queue
[2024-03-25T20:27:13.207+0000] {logging_mixin.py:188} INFO - [2024-03-25T20:27:13.207+0000] {dagbag.py:540} INFO - Filling up the DagBag from /home/airflow/.local/lib/python3.8/site-packages/airflow/example_dags/example_time_delta_sensor_async.py
[2024-03-25T20:27:13.210+0000] {processor.py:840} INFO - DAG(s) 'example_time_delta_sensor_async' retrieved from /home/airflow/.local/lib/python3.8/site-packages/airflow/example_dags/example_time_delta_sensor_async.py
[2024-03-25T20:27:13.220+0000] {logging_mixin.py:188} INFO - [2024-03-25T20:27:13.220+0000] {dag.py:3047} INFO - Sync 1 DAGs
[2024-03-25T20:27:13.226+0000] {logging_mixin.py:188} INFO - [2024-03-25T20:27:13.226+0000] {dag.py:3834} INFO - Setting next_dagrun for example_time_delta_sensor_async to None, run_after=None
[2024-03-25T20:27:13.233+0000] {processor.py:183} INFO - Processing /home/airflow/.local/lib/python3.8/site-packages/airflow/example_dags/example_time_delta_sensor_async.py took 0.035 seconds
[2024-03-25T20:27:43.384+0000] {processor.py:161} INFO - Started process (PID=202) to work on /home/airflow/.local/lib/python3.8/site-packages/airflow/example_dags/example_time_delta_sensor_async.py
[2024-03-25T20:27:43.385+0000] {processor.py:830} INFO - Processing file /home/airflow/.local/lib/python3.8/site-packages/airflow/example_dags/example_time_delta_sensor_async.py for tasks to queue
[2024-03-25T20:27:43.386+0000] {logging_mixin.py:188} INFO - [2024-03-25T20:27:43.385+0000] {dagbag.py:540} INFO - Filling up the DagBag from /home/airflow/.local/lib/python3.8/site-packages/airflow/example_dags/example_time_delta_sensor_async.py
[2024-03-25T20:27:43.388+0000] {processor.py:840} INFO - DAG(s) 'example_time_delta_sensor_async' retrieved from /home/airflow/.local/lib/python3.8/site-packages/airflow/example_dags/example_time_delta_sensor_async.py
[2024-03-25T20:27:43.398+0000] {logging_mixin.py:188} INFO - [2024-03-25T20:27:43.398+0000] {dag.py:3047} INFO - Sync 1 DAGs
[2024-03-25T20:27:43.403+0000] {logging_mixin.py:188} INFO - [2024-03-25T20:27:43.403+0000] {dag.py:3834} INFO - Setting next_dagrun for example_time_delta_sensor_async to None, run_after=None
[2024-03-25T20:27:43.411+0000] {processor.py:183} INFO - Processing /home/airflow/.local/lib/python3.8/site-packages/airflow/example_dags/example_time_delta_sensor_async.py took 0.029 seconds
[2024-03-25T20:28:13.555+0000] {processor.py:161} INFO - Started process (PID=258) to work on /home/airflow/.local/lib/python3.8/site-packages/airflow/example_dags/example_time_delta_sensor_async.py
[2024-03-25T20:28:13.556+0000] {processor.py:830} INFO - Processing file /home/airflow/.local/lib/python3.8/site-packages/airflow/example_dags/example_time_delta_sensor_async.py for tasks to queue
[2024-03-25T20:28:13.557+0000] {logging_mixin.py:188} INFO - [2024-03-25T20:28:13.557+0000] {dagbag.py:540} INFO - Filling up the DagBag from /home/airflow/.local/lib/python3.8/site-packages/airflow/example_dags/example_time_delta_sensor_async.py
[2024-03-25T20:28:13.559+0000] {processor.py:840} INFO - DAG(s) 'example_time_delta_sensor_async' retrieved from /home/airflow/.local/lib/python3.8/site-packages/airflow/example_dags/example_time_delta_sensor_async.py
[2024-03-25T20:28:13.568+0000] {logging_mixin.py:188} INFO - [2024-03-25T20:28:13.568+0000] {dag.py:3047} INFO - Sync 1 DAGs
[2024-03-25T20:28:13.573+0000] {logging_mixin.py:188} INFO - [2024-03-25T20:28:13.573+0000] {dag.py:3834} INFO - Setting next_dagrun for example_time_delta_sensor_async to None, run_after=None
[2024-03-25T20:28:13.580+0000] {processor.py:183} INFO - Processing /home/airflow/.local/lib/python3.8/site-packages/airflow/example_dags/example_time_delta_sensor_async.py took 0.027 seconds
[2024-03-25T20:28:43.611+0000] {processor.py:161} INFO - Started process (PID=314) to work on /home/airflow/.local/lib/python3.8/site-packages/airflow/example_dags/example_time_delta_sensor_async.py
[2024-03-25T20:28:43.611+0000] {processor.py:830} INFO - Processing file /home/airflow/.local/lib/python3.8/site-packages/airflow/example_dags/example_time_delta_sensor_async.py for tasks to queue
[2024-03-25T20:28:43.612+0000] {logging_mixin.py:188} INFO - [2024-03-25T20:28:43.612+0000] {dagbag.py:540} INFO - Filling up the DagBag from /home/airflow/.local/lib/python3.8/site-packages/airflow/example_dags/example_time_delta_sensor_async.py
[2024-03-25T20:28:43.614+0000] {processor.py:840} INFO - DAG(s) 'example_time_delta_sensor_async' retrieved from /home/airflow/.local/lib/python3.8/site-packages/airflow/example_dags/example_time_delta_sensor_async.py
[2024-03-25T20:28:43.626+0000] {logging_mixin.py:188} INFO - [2024-03-25T20:28:43.625+0000] {dag.py:3047} INFO - Sync 1 DAGs
[2024-03-25T20:28:43.632+0000] {logging_mixin.py:188} INFO - [2024-03-25T20:28:43.632+0000] {dag.py:3834} INFO - Setting next_dagrun for example_time_delta_sensor_async to None, run_after=None
[2024-03-25T20:28:43.641+0000] {processor.py:183} INFO - Processing /home/airflow/.local/lib/python3.8/site-packages/airflow/example_dags/example_time_delta_sensor_async.py took 0.032 seconds
[2024-03-25T20:29:13.976+0000] {processor.py:161} INFO - Started process (PID=370) to work on /home/airflow/.local/lib/python3.8/site-packages/airflow/example_dags/example_time_delta_sensor_async.py
[2024-03-25T20:29:13.977+0000] {processor.py:830} INFO - Processing file /home/airflow/.local/lib/python3.8/site-packages/airflow/example_dags/example_time_delta_sensor_async.py for tasks to queue
[2024-03-25T20:29:13.980+0000] {logging_mixin.py:188} INFO - [2024-03-25T20:29:13.980+0000] {dagbag.py:540} INFO - Filling up the DagBag from /home/airflow/.local/lib/python3.8/site-packages/airflow/example_dags/example_time_delta_sensor_async.py
[2024-03-25T20:29:13.984+0000] {processor.py:840} INFO - DAG(s) 'example_time_delta_sensor_async' retrieved from /home/airflow/.local/lib/python3.8/site-packages/airflow/example_dags/example_time_delta_sensor_async.py
[2024-03-25T20:29:14.006+0000] {logging_mixin.py:188} INFO - [2024-03-25T20:29:14.005+0000] {dag.py:3047} INFO - Sync 1 DAGs
[2024-03-25T20:29:14.012+0000] {logging_mixin.py:188} INFO - [2024-03-25T20:29:14.012+0000] {dag.py:3834} INFO - Setting next_dagrun for example_time_delta_sensor_async to None, run_after=None
[2024-03-25T20:29:14.020+0000] {processor.py:183} INFO - Processing /home/airflow/.local/lib/python3.8/site-packages/airflow/example_dags/example_time_delta_sensor_async.py took 0.046 seconds
[2024-03-25T20:29:44.306+0000] {processor.py:161} INFO - Started process (PID=426) to work on /home/airflow/.local/lib/python3.8/site-packages/airflow/example_dags/example_time_delta_sensor_async.py
[2024-03-25T20:29:44.307+0000] {processor.py:830} INFO - Processing file /home/airflow/.local/lib/python3.8/site-packages/airflow/example_dags/example_time_delta_sensor_async.py for tasks to queue
[2024-03-25T20:29:44.308+0000] {logging_mixin.py:188} INFO - [2024-03-25T20:29:44.308+0000] {dagbag.py:540} INFO - Filling up the DagBag from /home/airflow/.local/lib/python3.8/site-packages/airflow/example_dags/example_time_delta_sensor_async.py
[2024-03-25T20:29:44.311+0000] {processor.py:840} INFO - DAG(s) 'example_time_delta_sensor_async' retrieved from /home/airflow/.local/lib/python3.8/site-packages/airflow/example_dags/example_time_delta_sensor_async.py
[2024-03-25T20:29:44.321+0000] {logging_mixin.py:188} INFO - [2024-03-25T20:29:44.321+0000] {dag.py:3047} INFO - Sync 1 DAGs
[2024-03-25T20:29:44.327+0000] {logging_mixin.py:188} INFO - [2024-03-25T20:29:44.327+0000] {dag.py:3834} INFO - Setting next_dagrun for example_time_delta_sensor_async to None, run_after=None
[2024-03-25T20:29:44.335+0000] {processor.py:183} INFO - Processing /home/airflow/.local/lib/python3.8/site-packages/airflow/example_dags/example_time_delta_sensor_async.py took 0.030 seconds
[2024-03-25T20:30:14.406+0000] {processor.py:161} INFO - Started process (PID=491) to work on /home/airflow/.local/lib/python3.8/site-packages/airflow/example_dags/example_time_delta_sensor_async.py
[2024-03-25T20:30:14.406+0000] {processor.py:830} INFO - Processing file /home/airflow/.local/lib/python3.8/site-packages/airflow/example_dags/example_time_delta_sensor_async.py for tasks to queue
[2024-03-25T20:30:14.407+0000] {logging_mixin.py:188} INFO - [2024-03-25T20:30:14.407+0000] {dagbag.py:540} INFO - Filling up the DagBag from /home/airflow/.local/lib/python3.8/site-packages/airflow/example_dags/example_time_delta_sensor_async.py
[2024-03-25T20:30:14.410+0000] {processor.py:840} INFO - DAG(s) 'example_time_delta_sensor_async' retrieved from /home/airflow/.local/lib/python3.8/site-packages/airflow/example_dags/example_time_delta_sensor_async.py
[2024-03-25T20:30:14.421+0000] {logging_mixin.py:188} INFO - [2024-03-25T20:30:14.421+0000] {dag.py:3047} INFO - Sync 1 DAGs
[2024-03-25T20:30:14.428+0000] {logging_mixin.py:188} INFO - [2024-03-25T20:30:14.428+0000] {dag.py:3834} INFO - Setting next_dagrun for example_time_delta_sensor_async to None, run_after=None
[2024-03-25T20:30:14.437+0000] {processor.py:183} INFO - Processing /home/airflow/.local/lib/python3.8/site-packages/airflow/example_dags/example_time_delta_sensor_async.py took 0.033 seconds
[2024-03-25T20:30:45.050+0000] {processor.py:161} INFO - Started process (PID=547) to work on /home/airflow/.local/lib/python3.8/site-packages/airflow/example_dags/example_time_delta_sensor_async.py
[2024-03-25T20:30:45.051+0000] {processor.py:830} INFO - Processing file /home/airflow/.local/lib/python3.8/site-packages/airflow/example_dags/example_time_delta_sensor_async.py for tasks to queue
[2024-03-25T20:30:45.052+0000] {logging_mixin.py:188} INFO - [2024-03-25T20:30:45.052+0000] {dagbag.py:540} INFO - Filling up the DagBag from /home/airflow/.local/lib/python3.8/site-packages/airflow/example_dags/example_time_delta_sensor_async.py
[2024-03-25T20:30:45.056+0000] {processor.py:840} INFO - DAG(s) 'example_time_delta_sensor_async' retrieved from /home/airflow/.local/lib/python3.8/site-packages/airflow/example_dags/example_time_delta_sensor_async.py
[2024-03-25T20:30:45.070+0000] {logging_mixin.py:188} INFO - [2024-03-25T20:30:45.070+0000] {dag.py:3047} INFO - Sync 1 DAGs
[2024-03-25T20:30:45.079+0000] {logging_mixin.py:188} INFO - [2024-03-25T20:30:45.078+0000] {dag.py:3834} INFO - Setting next_dagrun for example_time_delta_sensor_async to None, run_after=None
[2024-03-25T20:30:45.090+0000] {processor.py:183} INFO - Processing /home/airflow/.local/lib/python3.8/site-packages/airflow/example_dags/example_time_delta_sensor_async.py took 0.042 seconds
[2024-03-25T20:31:15.334+0000] {processor.py:161} INFO - Started process (PID=603) to work on /home/airflow/.local/lib/python3.8/site-packages/airflow/example_dags/example_time_delta_sensor_async.py
[2024-03-25T20:31:15.337+0000] {processor.py:830} INFO - Processing file /home/airflow/.local/lib/python3.8/site-packages/airflow/example_dags/example_time_delta_sensor_async.py for tasks to queue
[2024-03-25T20:31:15.338+0000] {logging_mixin.py:188} INFO - [2024-03-25T20:31:15.338+0000] {dagbag.py:540} INFO - Filling up the DagBag from /home/airflow/.local/lib/python3.8/site-packages/airflow/example_dags/example_time_delta_sensor_async.py
[2024-03-25T20:31:15.341+0000] {processor.py:840} INFO - DAG(s) 'example_time_delta_sensor_async' retrieved from /home/airflow/.local/lib/python3.8/site-packages/airflow/example_dags/example_time_delta_sensor_async.py
[2024-03-25T20:31:15.352+0000] {logging_mixin.py:188} INFO - [2024-03-25T20:31:15.352+0000] {dag.py:3047} INFO - Sync 1 DAGs
[2024-03-25T20:31:15.360+0000] {logging_mixin.py:188} INFO - [2024-03-25T20:31:15.360+0000] {dag.py:3834} INFO - Setting next_dagrun for example_time_delta_sensor_async to None, run_after=None
[2024-03-25T20:31:15.373+0000] {processor.py:183} INFO - Processing /home/airflow/.local/lib/python3.8/site-packages/airflow/example_dags/example_time_delta_sensor_async.py took 0.041 seconds
[2024-03-25T20:31:46.142+0000] {processor.py:161} INFO - Started process (PID=659) to work on /home/airflow/.local/lib/python3.8/site-packages/airflow/example_dags/example_time_delta_sensor_async.py
[2024-03-25T20:31:46.142+0000] {processor.py:830} INFO - Processing file /home/airflow/.local/lib/python3.8/site-packages/airflow/example_dags/example_time_delta_sensor_async.py for tasks to queue
[2024-03-25T20:31:46.143+0000] {logging_mixin.py:188} INFO - [2024-03-25T20:31:46.143+0000] {dagbag.py:540} INFO - Filling up the DagBag from /home/airflow/.local/lib/python3.8/site-packages/airflow/example_dags/example_time_delta_sensor_async.py
[2024-03-25T20:31:46.146+0000] {processor.py:840} INFO - DAG(s) 'example_time_delta_sensor_async' retrieved from /home/airflow/.local/lib/python3.8/site-packages/airflow/example_dags/example_time_delta_sensor_async.py
[2024-03-25T20:31:46.155+0000] {logging_mixin.py:188} INFO - [2024-03-25T20:31:46.155+0000] {dag.py:3047} INFO - Sync 1 DAGs
[2024-03-25T20:31:46.161+0000] {logging_mixin.py:188} INFO - [2024-03-25T20:31:46.161+0000] {dag.py:3834} INFO - Setting next_dagrun for example_time_delta_sensor_async to None, run_after=None
[2024-03-25T20:31:46.171+0000] {processor.py:183} INFO - Processing /home/airflow/.local/lib/python3.8/site-packages/airflow/example_dags/example_time_delta_sensor_async.py took 0.031 seconds
[2024-03-25T20:32:16.818+0000] {processor.py:161} INFO - Started process (PID=715) to work on /home/airflow/.local/lib/python3.8/site-packages/airflow/example_dags/example_time_delta_sensor_async.py
[2024-03-25T20:32:16.819+0000] {processor.py:830} INFO - Processing file /home/airflow/.local/lib/python3.8/site-packages/airflow/example_dags/example_time_delta_sensor_async.py for tasks to queue
[2024-03-25T20:32:16.820+0000] {logging_mixin.py:188} INFO - [2024-03-25T20:32:16.820+0000] {dagbag.py:540} INFO - Filling up the DagBag from /home/airflow/.local/lib/python3.8/site-packages/airflow/example_dags/example_time_delta_sensor_async.py
[2024-03-25T20:32:16.822+0000] {processor.py:840} INFO - DAG(s) 'example_time_delta_sensor_async' retrieved from /home/airflow/.local/lib/python3.8/site-packages/airflow/example_dags/example_time_delta_sensor_async.py
[2024-03-25T20:32:16.832+0000] {logging_mixin.py:188} INFO - [2024-03-25T20:32:16.832+0000] {dag.py:3047} INFO - Sync 1 DAGs
[2024-03-25T20:32:16.837+0000] {logging_mixin.py:188} INFO - [2024-03-25T20:32:16.837+0000] {dag.py:3834} INFO - Setting next_dagrun for example_time_delta_sensor_async to None, run_after=None
[2024-03-25T20:32:16.845+0000] {processor.py:183} INFO - Processing /home/airflow/.local/lib/python3.8/site-packages/airflow/example_dags/example_time_delta_sensor_async.py took 0.028 seconds
[2024-03-25T20:32:47.311+0000] {processor.py:161} INFO - Started process (PID=771) to work on /home/airflow/.local/lib/python3.8/site-packages/airflow/example_dags/example_time_delta_sensor_async.py
[2024-03-25T20:32:47.312+0000] {processor.py:830} INFO - Processing file /home/airflow/.local/lib/python3.8/site-packages/airflow/example_dags/example_time_delta_sensor_async.py for tasks to queue
[2024-03-25T20:32:47.313+0000] {logging_mixin.py:188} INFO - [2024-03-25T20:32:47.313+0000] {dagbag.py:540} INFO - Filling up the DagBag from /home/airflow/.local/lib/python3.8/site-packages/airflow/example_dags/example_time_delta_sensor_async.py
[2024-03-25T20:32:47.316+0000] {processor.py:840} INFO - DAG(s) 'example_time_delta_sensor_async' retrieved from /home/airflow/.local/lib/python3.8/site-packages/airflow/example_dags/example_time_delta_sensor_async.py
[2024-03-25T20:32:47.358+0000] {logging_mixin.py:188} INFO - [2024-03-25T20:32:47.358+0000] {dag.py:3047} INFO - Sync 1 DAGs
[2024-03-25T20:32:47.370+0000] {logging_mixin.py:188} INFO - [2024-03-25T20:32:47.370+0000] {dag.py:3834} INFO - Setting next_dagrun for example_time_delta_sensor_async to None, run_after=None
[2024-03-25T20:32:47.384+0000] {processor.py:183} INFO - Processing /home/airflow/.local/lib/python3.8/site-packages/airflow/example_dags/example_time_delta_sensor_async.py took 0.074 seconds
[2024-03-25T20:33:17.799+0000] {processor.py:161} INFO - Started process (PID=827) to work on /home/airflow/.local/lib/python3.8/site-packages/airflow/example_dags/example_time_delta_sensor_async.py
[2024-03-25T20:33:17.800+0000] {processor.py:830} INFO - Processing file /home/airflow/.local/lib/python3.8/site-packages/airflow/example_dags/example_time_delta_sensor_async.py for tasks to queue
[2024-03-25T20:33:17.801+0000] {logging_mixin.py:188} INFO - [2024-03-25T20:33:17.801+0000] {dagbag.py:540} INFO - Filling up the DagBag from /home/airflow/.local/lib/python3.8/site-packages/airflow/example_dags/example_time_delta_sensor_async.py
[2024-03-25T20:33:17.804+0000] {processor.py:840} INFO - DAG(s) 'example_time_delta_sensor_async' retrieved from /home/airflow/.local/lib/python3.8/site-packages/airflow/example_dags/example_time_delta_sensor_async.py
[2024-03-25T20:33:17.814+0000] {logging_mixin.py:188} INFO - [2024-03-25T20:33:17.814+0000] {dag.py:3047} INFO - Sync 1 DAGs
[2024-03-25T20:33:17.819+0000] {logging_mixin.py:188} INFO - [2024-03-25T20:33:17.819+0000] {dag.py:3834} INFO - Setting next_dagrun for example_time_delta_sensor_async to None, run_after=None
[2024-03-25T20:33:17.827+0000] {processor.py:183} INFO - Processing /home/airflow/.local/lib/python3.8/site-packages/airflow/example_dags/example_time_delta_sensor_async.py took 0.030 seconds
[2024-03-25T20:33:48.230+0000] {processor.py:161} INFO - Started process (PID=883) to work on /home/airflow/.local/lib/python3.8/site-packages/airflow/example_dags/example_time_delta_sensor_async.py
[2024-03-25T20:33:48.231+0000] {processor.py:830} INFO - Processing file /home/airflow/.local/lib/python3.8/site-packages/airflow/example_dags/example_time_delta_sensor_async.py for tasks to queue
[2024-03-25T20:33:48.232+0000] {logging_mixin.py:188} INFO - [2024-03-25T20:33:48.232+0000] {dagbag.py:540} INFO - Filling up the DagBag from /home/airflow/.local/lib/python3.8/site-packages/airflow/example_dags/example_time_delta_sensor_async.py
[2024-03-25T20:33:48.234+0000] {processor.py:840} INFO - DAG(s) 'example_time_delta_sensor_async' retrieved from /home/airflow/.local/lib/python3.8/site-packages/airflow/example_dags/example_time_delta_sensor_async.py
[2024-03-25T20:33:48.244+0000] {logging_mixin.py:188} INFO - [2024-03-25T20:33:48.244+0000] {dag.py:3047} INFO - Sync 1 DAGs
[2024-03-25T20:33:48.250+0000] {logging_mixin.py:188} INFO - [2024-03-25T20:33:48.250+0000] {dag.py:3834} INFO - Setting next_dagrun for example_time_delta_sensor_async to None, run_after=None
[2024-03-25T20:33:48.258+0000] {processor.py:183} INFO - Processing /home/airflow/.local/lib/python3.8/site-packages/airflow/example_dags/example_time_delta_sensor_async.py took 0.030 seconds
[2024-03-25T20:34:18.815+0000] {processor.py:161} INFO - Started process (PID=938) to work on /home/airflow/.local/lib/python3.8/site-packages/airflow/example_dags/example_time_delta_sensor_async.py
[2024-03-25T20:34:18.817+0000] {processor.py:830} INFO - Processing file /home/airflow/.local/lib/python3.8/site-packages/airflow/example_dags/example_time_delta_sensor_async.py for tasks to queue
[2024-03-25T20:34:18.823+0000] {logging_mixin.py:188} INFO - [2024-03-25T20:34:18.822+0000] {dagbag.py:540} INFO - Filling up the DagBag from /home/airflow/.local/lib/python3.8/site-packages/airflow/example_dags/example_time_delta_sensor_async.py
[2024-03-25T20:34:18.833+0000] {processor.py:840} INFO - DAG(s) 'example_time_delta_sensor_async' retrieved from /home/airflow/.local/lib/python3.8/site-packages/airflow/example_dags/example_time_delta_sensor_async.py
[2024-03-25T20:34:18.860+0000] {logging_mixin.py:188} INFO - [2024-03-25T20:34:18.860+0000] {dag.py:3047} INFO - Sync 1 DAGs
[2024-03-25T20:34:18.887+0000] {logging_mixin.py:188} INFO - [2024-03-25T20:34:18.887+0000] {dag.py:3834} INFO - Setting next_dagrun for example_time_delta_sensor_async to None, run_after=None
[2024-03-25T20:34:18.917+0000] {processor.py:183} INFO - Processing /home/airflow/.local/lib/python3.8/site-packages/airflow/example_dags/example_time_delta_sensor_async.py took 0.108 seconds
[2024-03-25T20:34:49.683+0000] {processor.py:161} INFO - Started process (PID=994) to work on /home/airflow/.local/lib/python3.8/site-packages/airflow/example_dags/example_time_delta_sensor_async.py
[2024-03-25T20:34:49.684+0000] {processor.py:830} INFO - Processing file /home/airflow/.local/lib/python3.8/site-packages/airflow/example_dags/example_time_delta_sensor_async.py for tasks to queue
[2024-03-25T20:34:49.685+0000] {logging_mixin.py:188} INFO - [2024-03-25T20:34:49.684+0000] {dagbag.py:540} INFO - Filling up the DagBag from /home/airflow/.local/lib/python3.8/site-packages/airflow/example_dags/example_time_delta_sensor_async.py
[2024-03-25T20:34:49.687+0000] {processor.py:840} INFO - DAG(s) 'example_time_delta_sensor_async' retrieved from /home/airflow/.local/lib/python3.8/site-packages/airflow/example_dags/example_time_delta_sensor_async.py
[2024-03-25T20:34:49.698+0000] {logging_mixin.py:188} INFO - [2024-03-25T20:34:49.698+0000] {dag.py:3047} INFO - Sync 1 DAGs
[2024-03-25T20:34:49.703+0000] {logging_mixin.py:188} INFO - [2024-03-25T20:34:49.703+0000] {dag.py:3834} INFO - Setting next_dagrun for example_time_delta_sensor_async to None, run_after=None
[2024-03-25T20:34:49.711+0000] {processor.py:183} INFO - Processing /home/airflow/.local/lib/python3.8/site-packages/airflow/example_dags/example_time_delta_sensor_async.py took 0.030 seconds
[2024-03-25T20:35:20.182+0000] {processor.py:161} INFO - Started process (PID=1050) to work on /home/airflow/.local/lib/python3.8/site-packages/airflow/example_dags/example_time_delta_sensor_async.py
[2024-03-25T20:35:20.183+0000] {processor.py:830} INFO - Processing file /home/airflow/.local/lib/python3.8/site-packages/airflow/example_dags/example_time_delta_sensor_async.py for tasks to queue
[2024-03-25T20:35:20.183+0000] {logging_mixin.py:188} INFO - [2024-03-25T20:35:20.183+0000] {dagbag.py:540} INFO - Filling up the DagBag from /home/airflow/.local/lib/python3.8/site-packages/airflow/example_dags/example_time_delta_sensor_async.py
[2024-03-25T20:35:20.186+0000] {processor.py:840} INFO - DAG(s) 'example_time_delta_sensor_async' retrieved from /home/airflow/.local/lib/python3.8/site-packages/airflow/example_dags/example_time_delta_sensor_async.py
[2024-03-25T20:35:20.196+0000] {logging_mixin.py:188} INFO - [2024-03-25T20:35:20.196+0000] {dag.py:3047} INFO - Sync 1 DAGs
[2024-03-25T20:35:20.201+0000] {logging_mixin.py:188} INFO - [2024-03-25T20:35:20.201+0000] {dag.py:3834} INFO - Setting next_dagrun for example_time_delta_sensor_async to None, run_after=None
[2024-03-25T20:35:20.209+0000] {processor.py:183} INFO - Processing /home/airflow/.local/lib/python3.8/site-packages/airflow/example_dags/example_time_delta_sensor_async.py took 0.029 seconds
[2024-03-25T20:35:50.778+0000] {processor.py:161} INFO - Started process (PID=1106) to work on /home/airflow/.local/lib/python3.8/site-packages/airflow/example_dags/example_time_delta_sensor_async.py
[2024-03-25T20:35:50.779+0000] {processor.py:830} INFO - Processing file /home/airflow/.local/lib/python3.8/site-packages/airflow/example_dags/example_time_delta_sensor_async.py for tasks to queue
[2024-03-25T20:35:50.780+0000] {logging_mixin.py:188} INFO - [2024-03-25T20:35:50.780+0000] {dagbag.py:540} INFO - Filling up the DagBag from /home/airflow/.local/lib/python3.8/site-packages/airflow/example_dags/example_time_delta_sensor_async.py
[2024-03-25T20:35:50.782+0000] {processor.py:840} INFO - DAG(s) 'example_time_delta_sensor_async' retrieved from /home/airflow/.local/lib/python3.8/site-packages/airflow/example_dags/example_time_delta_sensor_async.py
[2024-03-25T20:35:50.793+0000] {logging_mixin.py:188} INFO - [2024-03-25T20:35:50.793+0000] {dag.py:3047} INFO - Sync 1 DAGs
[2024-03-25T20:35:50.799+0000] {logging_mixin.py:188} INFO - [2024-03-25T20:35:50.798+0000] {dag.py:3834} INFO - Setting next_dagrun for example_time_delta_sensor_async to None, run_after=None
[2024-03-25T20:35:50.806+0000] {processor.py:183} INFO - Processing /home/airflow/.local/lib/python3.8/site-packages/airflow/example_dags/example_time_delta_sensor_async.py took 0.030 seconds
[2024-03-25T20:36:21.267+0000] {processor.py:161} INFO - Started process (PID=1162) to work on /home/airflow/.local/lib/python3.8/site-packages/airflow/example_dags/example_time_delta_sensor_async.py
[2024-03-25T20:36:21.268+0000] {processor.py:830} INFO - Processing file /home/airflow/.local/lib/python3.8/site-packages/airflow/example_dags/example_time_delta_sensor_async.py for tasks to queue
[2024-03-25T20:36:21.269+0000] {logging_mixin.py:188} INFO - [2024-03-25T20:36:21.268+0000] {dagbag.py:540} INFO - Filling up the DagBag from /home/airflow/.local/lib/python3.8/site-packages/airflow/example_dags/example_time_delta_sensor_async.py
[2024-03-25T20:36:21.271+0000] {processor.py:840} INFO - DAG(s) 'example_time_delta_sensor_async' retrieved from /home/airflow/.local/lib/python3.8/site-packages/airflow/example_dags/example_time_delta_sensor_async.py
[2024-03-25T20:36:21.281+0000] {logging_mixin.py:188} INFO - [2024-03-25T20:36:21.281+0000] {dag.py:3047} INFO - Sync 1 DAGs
[2024-03-25T20:36:21.287+0000] {logging_mixin.py:188} INFO - [2024-03-25T20:36:21.287+0000] {dag.py:3834} INFO - Setting next_dagrun for example_time_delta_sensor_async to None, run_after=None
[2024-03-25T20:36:21.295+0000] {processor.py:183} INFO - Processing /home/airflow/.local/lib/python3.8/site-packages/airflow/example_dags/example_time_delta_sensor_async.py took 0.029 seconds
[2024-03-25T20:36:51.884+0000] {processor.py:161} INFO - Started process (PID=1217) to work on /home/airflow/.local/lib/python3.8/site-packages/airflow/example_dags/example_time_delta_sensor_async.py
[2024-03-25T20:36:51.885+0000] {processor.py:830} INFO - Processing file /home/airflow/.local/lib/python3.8/site-packages/airflow/example_dags/example_time_delta_sensor_async.py for tasks to queue
[2024-03-25T20:36:51.886+0000] {logging_mixin.py:188} INFO - [2024-03-25T20:36:51.885+0000] {dagbag.py:540} INFO - Filling up the DagBag from /home/airflow/.local/lib/python3.8/site-packages/airflow/example_dags/example_time_delta_sensor_async.py
[2024-03-25T20:36:51.888+0000] {processor.py:840} INFO - DAG(s) 'example_time_delta_sensor_async' retrieved from /home/airflow/.local/lib/python3.8/site-packages/airflow/example_dags/example_time_delta_sensor_async.py
[2024-03-25T20:36:51.898+0000] {logging_mixin.py:188} INFO - [2024-03-25T20:36:51.898+0000] {dag.py:3047} INFO - Sync 1 DAGs
[2024-03-25T20:36:51.904+0000] {logging_mixin.py:188} INFO - [2024-03-25T20:36:51.904+0000] {dag.py:3834} INFO - Setting next_dagrun for example_time_delta_sensor_async to None, run_after=None
[2024-03-25T20:36:51.913+0000] {processor.py:183} INFO - Processing /home/airflow/.local/lib/python3.8/site-packages/airflow/example_dags/example_time_delta_sensor_async.py took 0.031 seconds
[2024-03-25T20:37:22.498+0000] {processor.py:161} INFO - Started process (PID=1273) to work on /home/airflow/.local/lib/python3.8/site-packages/airflow/example_dags/example_time_delta_sensor_async.py
[2024-03-25T20:37:22.498+0000] {processor.py:830} INFO - Processing file /home/airflow/.local/lib/python3.8/site-packages/airflow/example_dags/example_time_delta_sensor_async.py for tasks to queue
[2024-03-25T20:37:22.499+0000] {logging_mixin.py:188} INFO - [2024-03-25T20:37:22.499+0000] {dagbag.py:540} INFO - Filling up the DagBag from /home/airflow/.local/lib/python3.8/site-packages/airflow/example_dags/example_time_delta_sensor_async.py
[2024-03-25T20:37:22.502+0000] {processor.py:840} INFO - DAG(s) 'example_time_delta_sensor_async' retrieved from /home/airflow/.local/lib/python3.8/site-packages/airflow/example_dags/example_time_delta_sensor_async.py
[2024-03-25T20:37:22.512+0000] {logging_mixin.py:188} INFO - [2024-03-25T20:37:22.512+0000] {dag.py:3047} INFO - Sync 1 DAGs
[2024-03-25T20:37:22.518+0000] {logging_mixin.py:188} INFO - [2024-03-25T20:37:22.518+0000] {dag.py:3834} INFO - Setting next_dagrun for example_time_delta_sensor_async to None, run_after=None
[2024-03-25T20:37:22.526+0000] {processor.py:183} INFO - Processing /home/airflow/.local/lib/python3.8/site-packages/airflow/example_dags/example_time_delta_sensor_async.py took 0.030 seconds
[2024-03-25T20:37:53.325+0000] {processor.py:161} INFO - Started process (PID=1329) to work on /home/airflow/.local/lib/python3.8/site-packages/airflow/example_dags/example_time_delta_sensor_async.py
[2024-03-25T20:37:53.326+0000] {processor.py:830} INFO - Processing file /home/airflow/.local/lib/python3.8/site-packages/airflow/example_dags/example_time_delta_sensor_async.py for tasks to queue
[2024-03-25T20:37:53.327+0000] {logging_mixin.py:188} INFO - [2024-03-25T20:37:53.327+0000] {dagbag.py:540} INFO - Filling up the DagBag from /home/airflow/.local/lib/python3.8/site-packages/airflow/example_dags/example_time_delta_sensor_async.py
[2024-03-25T20:37:53.329+0000] {processor.py:840} INFO - DAG(s) 'example_time_delta_sensor_async' retrieved from /home/airflow/.local/lib/python3.8/site-packages/airflow/example_dags/example_time_delta_sensor_async.py
[2024-03-25T20:37:53.339+0000] {logging_mixin.py:188} INFO - [2024-03-25T20:37:53.339+0000] {dag.py:3047} INFO - Sync 1 DAGs
[2024-03-25T20:37:53.345+0000] {logging_mixin.py:188} INFO - [2024-03-25T20:37:53.345+0000] {dag.py:3834} INFO - Setting next_dagrun for example_time_delta_sensor_async to None, run_after=None
[2024-03-25T20:37:53.353+0000] {processor.py:183} INFO - Processing /home/airflow/.local/lib/python3.8/site-packages/airflow/example_dags/example_time_delta_sensor_async.py took 0.029 seconds
[2024-03-25T20:38:23.889+0000] {processor.py:161} INFO - Started process (PID=1385) to work on /home/airflow/.local/lib/python3.8/site-packages/airflow/example_dags/example_time_delta_sensor_async.py
[2024-03-25T20:38:23.890+0000] {processor.py:830} INFO - Processing file /home/airflow/.local/lib/python3.8/site-packages/airflow/example_dags/example_time_delta_sensor_async.py for tasks to queue
[2024-03-25T20:38:23.891+0000] {logging_mixin.py:188} INFO - [2024-03-25T20:38:23.891+0000] {dagbag.py:540} INFO - Filling up the DagBag from /home/airflow/.local/lib/python3.8/site-packages/airflow/example_dags/example_time_delta_sensor_async.py
[2024-03-25T20:38:23.893+0000] {processor.py:840} INFO - DAG(s) 'example_time_delta_sensor_async' retrieved from /home/airflow/.local/lib/python3.8/site-packages/airflow/example_dags/example_time_delta_sensor_async.py
[2024-03-25T20:38:23.903+0000] {logging_mixin.py:188} INFO - [2024-03-25T20:38:23.903+0000] {dag.py:3047} INFO - Sync 1 DAGs
[2024-03-25T20:38:23.908+0000] {logging_mixin.py:188} INFO - [2024-03-25T20:38:23.908+0000] {dag.py:3834} INFO - Setting next_dagrun for example_time_delta_sensor_async to None, run_after=None
[2024-03-25T20:38:23.916+0000] {processor.py:183} INFO - Processing /home/airflow/.local/lib/python3.8/site-packages/airflow/example_dags/example_time_delta_sensor_async.py took 0.028 seconds
[2024-03-25T20:38:54.308+0000] {processor.py:161} INFO - Started process (PID=1441) to work on /home/airflow/.local/lib/python3.8/site-packages/airflow/example_dags/example_time_delta_sensor_async.py
[2024-03-25T20:38:54.308+0000] {processor.py:830} INFO - Processing file /home/airflow/.local/lib/python3.8/site-packages/airflow/example_dags/example_time_delta_sensor_async.py for tasks to queue
[2024-03-25T20:38:54.309+0000] {logging_mixin.py:188} INFO - [2024-03-25T20:38:54.309+0000] {dagbag.py:540} INFO - Filling up the DagBag from /home/airflow/.local/lib/python3.8/site-packages/airflow/example_dags/example_time_delta_sensor_async.py
[2024-03-25T20:38:54.312+0000] {processor.py:840} INFO - DAG(s) 'example_time_delta_sensor_async' retrieved from /home/airflow/.local/lib/python3.8/site-packages/airflow/example_dags/example_time_delta_sensor_async.py
[2024-03-25T20:38:54.322+0000] {logging_mixin.py:188} INFO - [2024-03-25T20:38:54.322+0000] {dag.py:3047} INFO - Sync 1 DAGs
[2024-03-25T20:38:54.328+0000] {logging_mixin.py:188} INFO - [2024-03-25T20:38:54.327+0000] {dag.py:3834} INFO - Setting next_dagrun for example_time_delta_sensor_async to None, run_after=None
[2024-03-25T20:38:54.342+0000] {processor.py:183} INFO - Processing /home/airflow/.local/lib/python3.8/site-packages/airflow/example_dags/example_time_delta_sensor_async.py took 0.036 seconds
[2024-03-25T20:39:24.954+0000] {processor.py:161} INFO - Started process (PID=1497) to work on /home/airflow/.local/lib/python3.8/site-packages/airflow/example_dags/example_time_delta_sensor_async.py
[2024-03-25T20:39:24.955+0000] {processor.py:830} INFO - Processing file /home/airflow/.local/lib/python3.8/site-packages/airflow/example_dags/example_time_delta_sensor_async.py for tasks to queue
[2024-03-25T20:39:24.956+0000] {logging_mixin.py:188} INFO - [2024-03-25T20:39:24.956+0000] {dagbag.py:540} INFO - Filling up the DagBag from /home/airflow/.local/lib/python3.8/site-packages/airflow/example_dags/example_time_delta_sensor_async.py
[2024-03-25T20:39:24.958+0000] {processor.py:840} INFO - DAG(s) 'example_time_delta_sensor_async' retrieved from /home/airflow/.local/lib/python3.8/site-packages/airflow/example_dags/example_time_delta_sensor_async.py
[2024-03-25T20:39:24.969+0000] {logging_mixin.py:188} INFO - [2024-03-25T20:39:24.969+0000] {dag.py:3047} INFO - Sync 1 DAGs
[2024-03-25T20:39:24.974+0000] {logging_mixin.py:188} INFO - [2024-03-25T20:39:24.974+0000] {dag.py:3834} INFO - Setting next_dagrun for example_time_delta_sensor_async to None, run_after=None
[2024-03-25T20:39:24.982+0000] {processor.py:183} INFO - Processing /home/airflow/.local/lib/python3.8/site-packages/airflow/example_dags/example_time_delta_sensor_async.py took 0.030 seconds
[2024-03-25T20:39:55.430+0000] {processor.py:161} INFO - Started process (PID=1553) to work on /home/airflow/.local/lib/python3.8/site-packages/airflow/example_dags/example_time_delta_sensor_async.py
[2024-03-25T20:39:55.431+0000] {processor.py:830} INFO - Processing file /home/airflow/.local/lib/python3.8/site-packages/airflow/example_dags/example_time_delta_sensor_async.py for tasks to queue
[2024-03-25T20:39:55.432+0000] {logging_mixin.py:188} INFO - [2024-03-25T20:39:55.432+0000] {dagbag.py:540} INFO - Filling up the DagBag from /home/airflow/.local/lib/python3.8/site-packages/airflow/example_dags/example_time_delta_sensor_async.py
[2024-03-25T20:39:55.434+0000] {processor.py:840} INFO - DAG(s) 'example_time_delta_sensor_async' retrieved from /home/airflow/.local/lib/python3.8/site-packages/airflow/example_dags/example_time_delta_sensor_async.py
[2024-03-25T20:39:55.444+0000] {logging_mixin.py:188} INFO - [2024-03-25T20:39:55.444+0000] {dag.py:3047} INFO - Sync 1 DAGs
[2024-03-25T20:39:55.450+0000] {logging_mixin.py:188} INFO - [2024-03-25T20:39:55.450+0000] {dag.py:3834} INFO - Setting next_dagrun for example_time_delta_sensor_async to None, run_after=None
[2024-03-25T20:39:55.458+0000] {processor.py:183} INFO - Processing /home/airflow/.local/lib/python3.8/site-packages/airflow/example_dags/example_time_delta_sensor_async.py took 0.030 seconds
