[2024-03-25T20:19:35.987+0000] {processor.py:161} INFO - Started process (PID=43) to work on /home/airflow/.local/lib/python3.8/site-packages/airflow/example_dags/example_sensors.py
[2024-03-25T20:19:35.989+0000] {processor.py:830} INFO - Processing file /home/airflow/.local/lib/python3.8/site-packages/airflow/example_dags/example_sensors.py for tasks to queue
[2024-03-25T20:19:35.992+0000] {logging_mixin.py:188} INFO - [2024-03-25T20:19:35.991+0000] {dagbag.py:540} INFO - Filling up the DagBag from /home/airflow/.local/lib/python3.8/site-packages/airflow/example_dags/example_sensors.py
[2024-03-25T20:19:36.001+0000] {processor.py:840} INFO - DAG(s) 'example_sensors' retrieved from /home/airflow/.local/lib/python3.8/site-packages/airflow/example_dags/example_sensors.py
[2024-03-25T20:19:36.029+0000] {logging_mixin.py:188} INFO - [2024-03-25T20:19:36.029+0000] {dag.py:3047} INFO - Sync 1 DAGs
[2024-03-25T20:19:36.041+0000] {logging_mixin.py:188} INFO - [2024-03-25T20:19:36.040+0000] {dag.py:3834} INFO - Setting next_dagrun for example_sensors to None, run_after=None
[2024-03-25T20:19:36.074+0000] {processor.py:183} INFO - Processing /home/airflow/.local/lib/python3.8/site-packages/airflow/example_dags/example_sensors.py took 0.092 seconds
[2024-03-25T20:20:06.967+0000] {processor.py:161} INFO - Started process (PID=99) to work on /home/airflow/.local/lib/python3.8/site-packages/airflow/example_dags/example_sensors.py
[2024-03-25T20:20:06.968+0000] {processor.py:830} INFO - Processing file /home/airflow/.local/lib/python3.8/site-packages/airflow/example_dags/example_sensors.py for tasks to queue
[2024-03-25T20:20:06.971+0000] {logging_mixin.py:188} INFO - [2024-03-25T20:20:06.970+0000] {dagbag.py:540} INFO - Filling up the DagBag from /home/airflow/.local/lib/python3.8/site-packages/airflow/example_dags/example_sensors.py
[2024-03-25T20:20:06.977+0000] {processor.py:840} INFO - DAG(s) 'example_sensors' retrieved from /home/airflow/.local/lib/python3.8/site-packages/airflow/example_dags/example_sensors.py
[2024-03-25T20:20:06.994+0000] {logging_mixin.py:188} INFO - [2024-03-25T20:20:06.994+0000] {dag.py:3047} INFO - Sync 1 DAGs
[2024-03-25T20:20:07.002+0000] {logging_mixin.py:188} INFO - [2024-03-25T20:20:07.002+0000] {dag.py:3834} INFO - Setting next_dagrun for example_sensors to None, run_after=None
[2024-03-25T20:20:07.014+0000] {processor.py:183} INFO - Processing /home/airflow/.local/lib/python3.8/site-packages/airflow/example_dags/example_sensors.py took 0.050 seconds
[2024-03-25T20:26:13.496+0000] {processor.py:161} INFO - Started process (PID=42) to work on /home/airflow/.local/lib/python3.8/site-packages/airflow/example_dags/example_sensors.py
[2024-03-25T20:26:13.497+0000] {processor.py:830} INFO - Processing file /home/airflow/.local/lib/python3.8/site-packages/airflow/example_dags/example_sensors.py for tasks to queue
[2024-03-25T20:26:13.498+0000] {logging_mixin.py:188} INFO - [2024-03-25T20:26:13.498+0000] {dagbag.py:540} INFO - Filling up the DagBag from /home/airflow/.local/lib/python3.8/site-packages/airflow/example_dags/example_sensors.py
[2024-03-25T20:26:13.506+0000] {processor.py:840} INFO - DAG(s) 'example_sensors' retrieved from /home/airflow/.local/lib/python3.8/site-packages/airflow/example_dags/example_sensors.py
[2024-03-25T20:26:13.543+0000] {logging_mixin.py:188} INFO - [2024-03-25T20:26:13.542+0000] {dag.py:3047} INFO - Sync 1 DAGs
[2024-03-25T20:26:13.561+0000] {logging_mixin.py:188} INFO - [2024-03-25T20:26:13.560+0000] {dag.py:3834} INFO - Setting next_dagrun for example_sensors to None, run_after=None
[2024-03-25T20:26:13.595+0000] {processor.py:183} INFO - Processing /home/airflow/.local/lib/python3.8/site-packages/airflow/example_dags/example_sensors.py took 0.102 seconds
[2024-03-25T20:26:44.151+0000] {processor.py:161} INFO - Started process (PID=96) to work on /home/airflow/.local/lib/python3.8/site-packages/airflow/example_dags/example_sensors.py
[2024-03-25T20:26:44.151+0000] {processor.py:830} INFO - Processing file /home/airflow/.local/lib/python3.8/site-packages/airflow/example_dags/example_sensors.py for tasks to queue
[2024-03-25T20:26:44.152+0000] {logging_mixin.py:188} INFO - [2024-03-25T20:26:44.152+0000] {dagbag.py:540} INFO - Filling up the DagBag from /home/airflow/.local/lib/python3.8/site-packages/airflow/example_dags/example_sensors.py
[2024-03-25T20:26:44.157+0000] {processor.py:840} INFO - DAG(s) 'example_sensors' retrieved from /home/airflow/.local/lib/python3.8/site-packages/airflow/example_dags/example_sensors.py
[2024-03-25T20:26:44.169+0000] {logging_mixin.py:188} INFO - [2024-03-25T20:26:44.169+0000] {dag.py:3047} INFO - Sync 1 DAGs
[2024-03-25T20:26:44.175+0000] {logging_mixin.py:188} INFO - [2024-03-25T20:26:44.175+0000] {dag.py:3834} INFO - Setting next_dagrun for example_sensors to None, run_after=None
[2024-03-25T20:26:44.183+0000] {processor.py:183} INFO - Processing /home/airflow/.local/lib/python3.8/site-packages/airflow/example_dags/example_sensors.py took 0.034 seconds
[2024-03-25T20:27:14.370+0000] {processor.py:161} INFO - Started process (PID=152) to work on /home/airflow/.local/lib/python3.8/site-packages/airflow/example_dags/example_sensors.py
[2024-03-25T20:27:14.370+0000] {processor.py:830} INFO - Processing file /home/airflow/.local/lib/python3.8/site-packages/airflow/example_dags/example_sensors.py for tasks to queue
[2024-03-25T20:27:14.371+0000] {logging_mixin.py:188} INFO - [2024-03-25T20:27:14.371+0000] {dagbag.py:540} INFO - Filling up the DagBag from /home/airflow/.local/lib/python3.8/site-packages/airflow/example_dags/example_sensors.py
[2024-03-25T20:27:14.376+0000] {processor.py:840} INFO - DAG(s) 'example_sensors' retrieved from /home/airflow/.local/lib/python3.8/site-packages/airflow/example_dags/example_sensors.py
[2024-03-25T20:27:14.389+0000] {logging_mixin.py:188} INFO - [2024-03-25T20:27:14.389+0000] {dag.py:3047} INFO - Sync 1 DAGs
[2024-03-25T20:27:14.395+0000] {logging_mixin.py:188} INFO - [2024-03-25T20:27:14.395+0000] {dag.py:3834} INFO - Setting next_dagrun for example_sensors to None, run_after=None
[2024-03-25T20:27:14.404+0000] {processor.py:183} INFO - Processing /home/airflow/.local/lib/python3.8/site-packages/airflow/example_dags/example_sensors.py took 0.036 seconds
[2024-03-25T20:27:44.508+0000] {processor.py:161} INFO - Started process (PID=208) to work on /home/airflow/.local/lib/python3.8/site-packages/airflow/example_dags/example_sensors.py
[2024-03-25T20:27:44.509+0000] {processor.py:830} INFO - Processing file /home/airflow/.local/lib/python3.8/site-packages/airflow/example_dags/example_sensors.py for tasks to queue
[2024-03-25T20:27:44.510+0000] {logging_mixin.py:188} INFO - [2024-03-25T20:27:44.510+0000] {dagbag.py:540} INFO - Filling up the DagBag from /home/airflow/.local/lib/python3.8/site-packages/airflow/example_dags/example_sensors.py
[2024-03-25T20:27:44.514+0000] {processor.py:840} INFO - DAG(s) 'example_sensors' retrieved from /home/airflow/.local/lib/python3.8/site-packages/airflow/example_dags/example_sensors.py
[2024-03-25T20:27:44.527+0000] {logging_mixin.py:188} INFO - [2024-03-25T20:27:44.527+0000] {dag.py:3047} INFO - Sync 1 DAGs
[2024-03-25T20:27:44.532+0000] {logging_mixin.py:188} INFO - [2024-03-25T20:27:44.532+0000] {dag.py:3834} INFO - Setting next_dagrun for example_sensors to None, run_after=None
[2024-03-25T20:27:44.540+0000] {processor.py:183} INFO - Processing /home/airflow/.local/lib/python3.8/site-packages/airflow/example_dags/example_sensors.py took 0.033 seconds
[2024-03-25T20:28:14.710+0000] {processor.py:161} INFO - Started process (PID=264) to work on /home/airflow/.local/lib/python3.8/site-packages/airflow/example_dags/example_sensors.py
[2024-03-25T20:28:14.711+0000] {processor.py:830} INFO - Processing file /home/airflow/.local/lib/python3.8/site-packages/airflow/example_dags/example_sensors.py for tasks to queue
[2024-03-25T20:28:14.712+0000] {logging_mixin.py:188} INFO - [2024-03-25T20:28:14.712+0000] {dagbag.py:540} INFO - Filling up the DagBag from /home/airflow/.local/lib/python3.8/site-packages/airflow/example_dags/example_sensors.py
[2024-03-25T20:28:14.716+0000] {processor.py:840} INFO - DAG(s) 'example_sensors' retrieved from /home/airflow/.local/lib/python3.8/site-packages/airflow/example_dags/example_sensors.py
[2024-03-25T20:28:14.728+0000] {logging_mixin.py:188} INFO - [2024-03-25T20:28:14.728+0000] {dag.py:3047} INFO - Sync 1 DAGs
[2024-03-25T20:28:14.734+0000] {logging_mixin.py:188} INFO - [2024-03-25T20:28:14.734+0000] {dag.py:3834} INFO - Setting next_dagrun for example_sensors to None, run_after=None
[2024-03-25T20:28:14.742+0000] {processor.py:183} INFO - Processing /home/airflow/.local/lib/python3.8/site-packages/airflow/example_dags/example_sensors.py took 0.034 seconds
[2024-03-25T20:28:44.804+0000] {processor.py:161} INFO - Started process (PID=320) to work on /home/airflow/.local/lib/python3.8/site-packages/airflow/example_dags/example_sensors.py
[2024-03-25T20:28:44.805+0000] {processor.py:830} INFO - Processing file /home/airflow/.local/lib/python3.8/site-packages/airflow/example_dags/example_sensors.py for tasks to queue
[2024-03-25T20:28:44.806+0000] {logging_mixin.py:188} INFO - [2024-03-25T20:28:44.806+0000] {dagbag.py:540} INFO - Filling up the DagBag from /home/airflow/.local/lib/python3.8/site-packages/airflow/example_dags/example_sensors.py
[2024-03-25T20:28:44.810+0000] {processor.py:840} INFO - DAG(s) 'example_sensors' retrieved from /home/airflow/.local/lib/python3.8/site-packages/airflow/example_dags/example_sensors.py
[2024-03-25T20:28:44.822+0000] {logging_mixin.py:188} INFO - [2024-03-25T20:28:44.822+0000] {dag.py:3047} INFO - Sync 1 DAGs
[2024-03-25T20:28:44.828+0000] {logging_mixin.py:188} INFO - [2024-03-25T20:28:44.827+0000] {dag.py:3834} INFO - Setting next_dagrun for example_sensors to None, run_after=None
[2024-03-25T20:28:44.836+0000] {processor.py:183} INFO - Processing /home/airflow/.local/lib/python3.8/site-packages/airflow/example_dags/example_sensors.py took 0.034 seconds
[2024-03-25T20:29:15.129+0000] {processor.py:161} INFO - Started process (PID=376) to work on /home/airflow/.local/lib/python3.8/site-packages/airflow/example_dags/example_sensors.py
[2024-03-25T20:29:15.129+0000] {processor.py:830} INFO - Processing file /home/airflow/.local/lib/python3.8/site-packages/airflow/example_dags/example_sensors.py for tasks to queue
[2024-03-25T20:29:15.130+0000] {logging_mixin.py:188} INFO - [2024-03-25T20:29:15.130+0000] {dagbag.py:540} INFO - Filling up the DagBag from /home/airflow/.local/lib/python3.8/site-packages/airflow/example_dags/example_sensors.py
[2024-03-25T20:29:15.134+0000] {processor.py:840} INFO - DAG(s) 'example_sensors' retrieved from /home/airflow/.local/lib/python3.8/site-packages/airflow/example_dags/example_sensors.py
[2024-03-25T20:29:15.146+0000] {logging_mixin.py:188} INFO - [2024-03-25T20:29:15.146+0000] {dag.py:3047} INFO - Sync 1 DAGs
[2024-03-25T20:29:15.151+0000] {logging_mixin.py:188} INFO - [2024-03-25T20:29:15.151+0000] {dag.py:3834} INFO - Setting next_dagrun for example_sensors to None, run_after=None
[2024-03-25T20:29:15.159+0000] {processor.py:183} INFO - Processing /home/airflow/.local/lib/python3.8/site-packages/airflow/example_dags/example_sensors.py took 0.032 seconds
[2024-03-25T20:29:45.455+0000] {processor.py:161} INFO - Started process (PID=432) to work on /home/airflow/.local/lib/python3.8/site-packages/airflow/example_dags/example_sensors.py
[2024-03-25T20:29:45.456+0000] {processor.py:830} INFO - Processing file /home/airflow/.local/lib/python3.8/site-packages/airflow/example_dags/example_sensors.py for tasks to queue
[2024-03-25T20:29:45.457+0000] {logging_mixin.py:188} INFO - [2024-03-25T20:29:45.457+0000] {dagbag.py:540} INFO - Filling up the DagBag from /home/airflow/.local/lib/python3.8/site-packages/airflow/example_dags/example_sensors.py
[2024-03-25T20:29:45.461+0000] {processor.py:840} INFO - DAG(s) 'example_sensors' retrieved from /home/airflow/.local/lib/python3.8/site-packages/airflow/example_dags/example_sensors.py
[2024-03-25T20:29:45.474+0000] {logging_mixin.py:188} INFO - [2024-03-25T20:29:45.474+0000] {dag.py:3047} INFO - Sync 1 DAGs
[2024-03-25T20:29:45.479+0000] {logging_mixin.py:188} INFO - [2024-03-25T20:29:45.479+0000] {dag.py:3834} INFO - Setting next_dagrun for example_sensors to None, run_after=None
[2024-03-25T20:29:45.487+0000] {processor.py:183} INFO - Processing /home/airflow/.local/lib/python3.8/site-packages/airflow/example_dags/example_sensors.py took 0.033 seconds
[2024-03-25T20:30:15.530+0000] {processor.py:161} INFO - Started process (PID=497) to work on /home/airflow/.local/lib/python3.8/site-packages/airflow/example_dags/example_sensors.py
[2024-03-25T20:30:15.531+0000] {processor.py:830} INFO - Processing file /home/airflow/.local/lib/python3.8/site-packages/airflow/example_dags/example_sensors.py for tasks to queue
[2024-03-25T20:30:15.533+0000] {logging_mixin.py:188} INFO - [2024-03-25T20:30:15.532+0000] {dagbag.py:540} INFO - Filling up the DagBag from /home/airflow/.local/lib/python3.8/site-packages/airflow/example_dags/example_sensors.py
[2024-03-25T20:30:15.538+0000] {processor.py:840} INFO - DAG(s) 'example_sensors' retrieved from /home/airflow/.local/lib/python3.8/site-packages/airflow/example_dags/example_sensors.py
[2024-03-25T20:30:15.552+0000] {logging_mixin.py:188} INFO - [2024-03-25T20:30:15.551+0000] {dag.py:3047} INFO - Sync 1 DAGs
[2024-03-25T20:30:15.559+0000] {logging_mixin.py:188} INFO - [2024-03-25T20:30:15.558+0000] {dag.py:3834} INFO - Setting next_dagrun for example_sensors to None, run_after=None
[2024-03-25T20:30:15.568+0000] {processor.py:183} INFO - Processing /home/airflow/.local/lib/python3.8/site-packages/airflow/example_dags/example_sensors.py took 0.039 seconds
[2024-03-25T20:30:46.598+0000] {processor.py:161} INFO - Started process (PID=553) to work on /home/airflow/.local/lib/python3.8/site-packages/airflow/example_dags/example_sensors.py
[2024-03-25T20:30:46.599+0000] {processor.py:830} INFO - Processing file /home/airflow/.local/lib/python3.8/site-packages/airflow/example_dags/example_sensors.py for tasks to queue
[2024-03-25T20:30:46.601+0000] {logging_mixin.py:188} INFO - [2024-03-25T20:30:46.601+0000] {dagbag.py:540} INFO - Filling up the DagBag from /home/airflow/.local/lib/python3.8/site-packages/airflow/example_dags/example_sensors.py
[2024-03-25T20:30:46.607+0000] {processor.py:840} INFO - DAG(s) 'example_sensors' retrieved from /home/airflow/.local/lib/python3.8/site-packages/airflow/example_dags/example_sensors.py
[2024-03-25T20:30:46.624+0000] {logging_mixin.py:188} INFO - [2024-03-25T20:30:46.624+0000] {dag.py:3047} INFO - Sync 1 DAGs
[2024-03-25T20:30:46.633+0000] {logging_mixin.py:188} INFO - [2024-03-25T20:30:46.632+0000] {dag.py:3834} INFO - Setting next_dagrun for example_sensors to None, run_after=None
[2024-03-25T20:30:46.649+0000] {processor.py:183} INFO - Processing /home/airflow/.local/lib/python3.8/site-packages/airflow/example_dags/example_sensors.py took 0.053 seconds
[2024-03-25T20:31:17.468+0000] {processor.py:161} INFO - Started process (PID=609) to work on /home/airflow/.local/lib/python3.8/site-packages/airflow/example_dags/example_sensors.py
[2024-03-25T20:31:17.469+0000] {processor.py:830} INFO - Processing file /home/airflow/.local/lib/python3.8/site-packages/airflow/example_dags/example_sensors.py for tasks to queue
[2024-03-25T20:31:17.471+0000] {logging_mixin.py:188} INFO - [2024-03-25T20:31:17.470+0000] {dagbag.py:540} INFO - Filling up the DagBag from /home/airflow/.local/lib/python3.8/site-packages/airflow/example_dags/example_sensors.py
[2024-03-25T20:31:17.476+0000] {processor.py:840} INFO - DAG(s) 'example_sensors' retrieved from /home/airflow/.local/lib/python3.8/site-packages/airflow/example_dags/example_sensors.py
[2024-03-25T20:31:17.497+0000] {logging_mixin.py:188} INFO - [2024-03-25T20:31:17.497+0000] {dag.py:3047} INFO - Sync 1 DAGs
[2024-03-25T20:31:17.506+0000] {logging_mixin.py:188} INFO - [2024-03-25T20:31:17.506+0000] {dag.py:3834} INFO - Setting next_dagrun for example_sensors to None, run_after=None
[2024-03-25T20:31:17.521+0000] {processor.py:183} INFO - Processing /home/airflow/.local/lib/python3.8/site-packages/airflow/example_dags/example_sensors.py took 0.055 seconds
[2024-03-25T20:31:48.289+0000] {processor.py:161} INFO - Started process (PID=665) to work on /home/airflow/.local/lib/python3.8/site-packages/airflow/example_dags/example_sensors.py
[2024-03-25T20:31:48.290+0000] {processor.py:830} INFO - Processing file /home/airflow/.local/lib/python3.8/site-packages/airflow/example_dags/example_sensors.py for tasks to queue
[2024-03-25T20:31:48.291+0000] {logging_mixin.py:188} INFO - [2024-03-25T20:31:48.291+0000] {dagbag.py:540} INFO - Filling up the DagBag from /home/airflow/.local/lib/python3.8/site-packages/airflow/example_dags/example_sensors.py
[2024-03-25T20:31:48.296+0000] {processor.py:840} INFO - DAG(s) 'example_sensors' retrieved from /home/airflow/.local/lib/python3.8/site-packages/airflow/example_dags/example_sensors.py
[2024-03-25T20:31:48.309+0000] {logging_mixin.py:188} INFO - [2024-03-25T20:31:48.309+0000] {dag.py:3047} INFO - Sync 1 DAGs
[2024-03-25T20:31:48.316+0000] {logging_mixin.py:188} INFO - [2024-03-25T20:31:48.316+0000] {dag.py:3834} INFO - Setting next_dagrun for example_sensors to None, run_after=None
[2024-03-25T20:31:48.328+0000] {processor.py:183} INFO - Processing /home/airflow/.local/lib/python3.8/site-packages/airflow/example_dags/example_sensors.py took 0.041 seconds
[2024-03-25T20:32:18.916+0000] {processor.py:161} INFO - Started process (PID=721) to work on /home/airflow/.local/lib/python3.8/site-packages/airflow/example_dags/example_sensors.py
[2024-03-25T20:32:18.917+0000] {processor.py:830} INFO - Processing file /home/airflow/.local/lib/python3.8/site-packages/airflow/example_dags/example_sensors.py for tasks to queue
[2024-03-25T20:32:18.917+0000] {logging_mixin.py:188} INFO - [2024-03-25T20:32:18.917+0000] {dagbag.py:540} INFO - Filling up the DagBag from /home/airflow/.local/lib/python3.8/site-packages/airflow/example_dags/example_sensors.py
[2024-03-25T20:32:18.922+0000] {processor.py:840} INFO - DAG(s) 'example_sensors' retrieved from /home/airflow/.local/lib/python3.8/site-packages/airflow/example_dags/example_sensors.py
[2024-03-25T20:32:18.935+0000] {logging_mixin.py:188} INFO - [2024-03-25T20:32:18.935+0000] {dag.py:3047} INFO - Sync 1 DAGs
[2024-03-25T20:32:18.941+0000] {logging_mixin.py:188} INFO - [2024-03-25T20:32:18.941+0000] {dag.py:3834} INFO - Setting next_dagrun for example_sensors to None, run_after=None
[2024-03-25T20:32:18.950+0000] {processor.py:183} INFO - Processing /home/airflow/.local/lib/python3.8/site-packages/airflow/example_dags/example_sensors.py took 0.035 seconds
[2024-03-25T20:32:49.518+0000] {processor.py:161} INFO - Started process (PID=777) to work on /home/airflow/.local/lib/python3.8/site-packages/airflow/example_dags/example_sensors.py
[2024-03-25T20:32:49.519+0000] {processor.py:830} INFO - Processing file /home/airflow/.local/lib/python3.8/site-packages/airflow/example_dags/example_sensors.py for tasks to queue
[2024-03-25T20:32:49.520+0000] {logging_mixin.py:188} INFO - [2024-03-25T20:32:49.519+0000] {dagbag.py:540} INFO - Filling up the DagBag from /home/airflow/.local/lib/python3.8/site-packages/airflow/example_dags/example_sensors.py
[2024-03-25T20:32:49.525+0000] {processor.py:840} INFO - DAG(s) 'example_sensors' retrieved from /home/airflow/.local/lib/python3.8/site-packages/airflow/example_dags/example_sensors.py
[2024-03-25T20:32:49.549+0000] {logging_mixin.py:188} INFO - [2024-03-25T20:32:49.548+0000] {dag.py:3047} INFO - Sync 1 DAGs
[2024-03-25T20:32:49.578+0000] {logging_mixin.py:188} INFO - [2024-03-25T20:32:49.578+0000] {dag.py:3834} INFO - Setting next_dagrun for example_sensors to None, run_after=None
[2024-03-25T20:32:49.590+0000] {processor.py:183} INFO - Processing /home/airflow/.local/lib/python3.8/site-packages/airflow/example_dags/example_sensors.py took 0.074 seconds
[2024-03-25T20:33:20.030+0000] {processor.py:161} INFO - Started process (PID=833) to work on /home/airflow/.local/lib/python3.8/site-packages/airflow/example_dags/example_sensors.py
[2024-03-25T20:33:20.031+0000] {processor.py:830} INFO - Processing file /home/airflow/.local/lib/python3.8/site-packages/airflow/example_dags/example_sensors.py for tasks to queue
[2024-03-25T20:33:20.032+0000] {logging_mixin.py:188} INFO - [2024-03-25T20:33:20.032+0000] {dagbag.py:540} INFO - Filling up the DagBag from /home/airflow/.local/lib/python3.8/site-packages/airflow/example_dags/example_sensors.py
[2024-03-25T20:33:20.037+0000] {processor.py:840} INFO - DAG(s) 'example_sensors' retrieved from /home/airflow/.local/lib/python3.8/site-packages/airflow/example_dags/example_sensors.py
[2024-03-25T20:33:20.050+0000] {logging_mixin.py:188} INFO - [2024-03-25T20:33:20.050+0000] {dag.py:3047} INFO - Sync 1 DAGs
[2024-03-25T20:33:20.056+0000] {logging_mixin.py:188} INFO - [2024-03-25T20:33:20.056+0000] {dag.py:3834} INFO - Setting next_dagrun for example_sensors to None, run_after=None
[2024-03-25T20:33:20.065+0000] {processor.py:183} INFO - Processing /home/airflow/.local/lib/python3.8/site-packages/airflow/example_dags/example_sensors.py took 0.037 seconds
[2024-03-25T20:33:50.444+0000] {processor.py:161} INFO - Started process (PID=889) to work on /home/airflow/.local/lib/python3.8/site-packages/airflow/example_dags/example_sensors.py
[2024-03-25T20:33:50.445+0000] {processor.py:830} INFO - Processing file /home/airflow/.local/lib/python3.8/site-packages/airflow/example_dags/example_sensors.py for tasks to queue
[2024-03-25T20:33:50.446+0000] {logging_mixin.py:188} INFO - [2024-03-25T20:33:50.446+0000] {dagbag.py:540} INFO - Filling up the DagBag from /home/airflow/.local/lib/python3.8/site-packages/airflow/example_dags/example_sensors.py
[2024-03-25T20:33:50.451+0000] {processor.py:840} INFO - DAG(s) 'example_sensors' retrieved from /home/airflow/.local/lib/python3.8/site-packages/airflow/example_dags/example_sensors.py
[2024-03-25T20:33:50.464+0000] {logging_mixin.py:188} INFO - [2024-03-25T20:33:50.464+0000] {dag.py:3047} INFO - Sync 1 DAGs
[2024-03-25T20:33:50.474+0000] {logging_mixin.py:188} INFO - [2024-03-25T20:33:50.474+0000] {dag.py:3834} INFO - Setting next_dagrun for example_sensors to None, run_after=None
[2024-03-25T20:33:50.502+0000] {processor.py:183} INFO - Processing /home/airflow/.local/lib/python3.8/site-packages/airflow/example_dags/example_sensors.py took 0.060 seconds
[2024-03-25T20:34:21.108+0000] {processor.py:161} INFO - Started process (PID=944) to work on /home/airflow/.local/lib/python3.8/site-packages/airflow/example_dags/example_sensors.py
[2024-03-25T20:34:21.109+0000] {processor.py:830} INFO - Processing file /home/airflow/.local/lib/python3.8/site-packages/airflow/example_dags/example_sensors.py for tasks to queue
[2024-03-25T20:34:21.110+0000] {logging_mixin.py:188} INFO - [2024-03-25T20:34:21.109+0000] {dagbag.py:540} INFO - Filling up the DagBag from /home/airflow/.local/lib/python3.8/site-packages/airflow/example_dags/example_sensors.py
[2024-03-25T20:34:21.115+0000] {processor.py:840} INFO - DAG(s) 'example_sensors' retrieved from /home/airflow/.local/lib/python3.8/site-packages/airflow/example_dags/example_sensors.py
[2024-03-25T20:34:21.129+0000] {logging_mixin.py:188} INFO - [2024-03-25T20:34:21.128+0000] {dag.py:3047} INFO - Sync 1 DAGs
[2024-03-25T20:34:21.134+0000] {logging_mixin.py:188} INFO - [2024-03-25T20:34:21.134+0000] {dag.py:3834} INFO - Setting next_dagrun for example_sensors to None, run_after=None
[2024-03-25T20:34:21.144+0000] {processor.py:183} INFO - Processing /home/airflow/.local/lib/python3.8/site-packages/airflow/example_dags/example_sensors.py took 0.038 seconds
[2024-03-25T20:34:51.931+0000] {processor.py:161} INFO - Started process (PID=1000) to work on /home/airflow/.local/lib/python3.8/site-packages/airflow/example_dags/example_sensors.py
[2024-03-25T20:34:51.931+0000] {processor.py:830} INFO - Processing file /home/airflow/.local/lib/python3.8/site-packages/airflow/example_dags/example_sensors.py for tasks to queue
[2024-03-25T20:34:51.932+0000] {logging_mixin.py:188} INFO - [2024-03-25T20:34:51.932+0000] {dagbag.py:540} INFO - Filling up the DagBag from /home/airflow/.local/lib/python3.8/site-packages/airflow/example_dags/example_sensors.py
[2024-03-25T20:34:51.937+0000] {processor.py:840} INFO - DAG(s) 'example_sensors' retrieved from /home/airflow/.local/lib/python3.8/site-packages/airflow/example_dags/example_sensors.py
[2024-03-25T20:34:51.949+0000] {logging_mixin.py:188} INFO - [2024-03-25T20:34:51.949+0000] {dag.py:3047} INFO - Sync 1 DAGs
[2024-03-25T20:34:51.954+0000] {logging_mixin.py:188} INFO - [2024-03-25T20:34:51.954+0000] {dag.py:3834} INFO - Setting next_dagrun for example_sensors to None, run_after=None
[2024-03-25T20:34:51.962+0000] {processor.py:183} INFO - Processing /home/airflow/.local/lib/python3.8/site-packages/airflow/example_dags/example_sensors.py took 0.034 seconds
[2024-03-25T20:35:22.400+0000] {processor.py:161} INFO - Started process (PID=1056) to work on /home/airflow/.local/lib/python3.8/site-packages/airflow/example_dags/example_sensors.py
[2024-03-25T20:35:22.402+0000] {processor.py:830} INFO - Processing file /home/airflow/.local/lib/python3.8/site-packages/airflow/example_dags/example_sensors.py for tasks to queue
[2024-03-25T20:35:22.403+0000] {logging_mixin.py:188} INFO - [2024-03-25T20:35:22.403+0000] {dagbag.py:540} INFO - Filling up the DagBag from /home/airflow/.local/lib/python3.8/site-packages/airflow/example_dags/example_sensors.py
[2024-03-25T20:35:22.407+0000] {processor.py:840} INFO - DAG(s) 'example_sensors' retrieved from /home/airflow/.local/lib/python3.8/site-packages/airflow/example_dags/example_sensors.py
[2024-03-25T20:35:22.419+0000] {logging_mixin.py:188} INFO - [2024-03-25T20:35:22.419+0000] {dag.py:3047} INFO - Sync 1 DAGs
[2024-03-25T20:35:22.424+0000] {logging_mixin.py:188} INFO - [2024-03-25T20:35:22.424+0000] {dag.py:3834} INFO - Setting next_dagrun for example_sensors to None, run_after=None
[2024-03-25T20:35:22.433+0000] {processor.py:183} INFO - Processing /home/airflow/.local/lib/python3.8/site-packages/airflow/example_dags/example_sensors.py took 0.035 seconds
[2024-03-25T20:35:53.000+0000] {processor.py:161} INFO - Started process (PID=1112) to work on /home/airflow/.local/lib/python3.8/site-packages/airflow/example_dags/example_sensors.py
[2024-03-25T20:35:53.000+0000] {processor.py:830} INFO - Processing file /home/airflow/.local/lib/python3.8/site-packages/airflow/example_dags/example_sensors.py for tasks to queue
[2024-03-25T20:35:53.001+0000] {logging_mixin.py:188} INFO - [2024-03-25T20:35:53.001+0000] {dagbag.py:540} INFO - Filling up the DagBag from /home/airflow/.local/lib/python3.8/site-packages/airflow/example_dags/example_sensors.py
[2024-03-25T20:35:53.006+0000] {processor.py:840} INFO - DAG(s) 'example_sensors' retrieved from /home/airflow/.local/lib/python3.8/site-packages/airflow/example_dags/example_sensors.py
[2024-03-25T20:35:53.018+0000] {logging_mixin.py:188} INFO - [2024-03-25T20:35:53.018+0000] {dag.py:3047} INFO - Sync 1 DAGs
[2024-03-25T20:35:53.024+0000] {logging_mixin.py:188} INFO - [2024-03-25T20:35:53.024+0000] {dag.py:3834} INFO - Setting next_dagrun for example_sensors to None, run_after=None
[2024-03-25T20:35:53.033+0000] {processor.py:183} INFO - Processing /home/airflow/.local/lib/python3.8/site-packages/airflow/example_dags/example_sensors.py took 0.035 seconds
[2024-03-25T20:36:23.462+0000] {processor.py:161} INFO - Started process (PID=1168) to work on /home/airflow/.local/lib/python3.8/site-packages/airflow/example_dags/example_sensors.py
[2024-03-25T20:36:23.462+0000] {processor.py:830} INFO - Processing file /home/airflow/.local/lib/python3.8/site-packages/airflow/example_dags/example_sensors.py for tasks to queue
[2024-03-25T20:36:23.463+0000] {logging_mixin.py:188} INFO - [2024-03-25T20:36:23.463+0000] {dagbag.py:540} INFO - Filling up the DagBag from /home/airflow/.local/lib/python3.8/site-packages/airflow/example_dags/example_sensors.py
[2024-03-25T20:36:23.468+0000] {processor.py:840} INFO - DAG(s) 'example_sensors' retrieved from /home/airflow/.local/lib/python3.8/site-packages/airflow/example_dags/example_sensors.py
[2024-03-25T20:36:23.481+0000] {logging_mixin.py:188} INFO - [2024-03-25T20:36:23.481+0000] {dag.py:3047} INFO - Sync 1 DAGs
[2024-03-25T20:36:23.487+0000] {logging_mixin.py:188} INFO - [2024-03-25T20:36:23.487+0000] {dag.py:3834} INFO - Setting next_dagrun for example_sensors to None, run_after=None
[2024-03-25T20:36:23.496+0000] {processor.py:183} INFO - Processing /home/airflow/.local/lib/python3.8/site-packages/airflow/example_dags/example_sensors.py took 0.036 seconds
[2024-03-25T20:36:54.115+0000] {processor.py:161} INFO - Started process (PID=1223) to work on /home/airflow/.local/lib/python3.8/site-packages/airflow/example_dags/example_sensors.py
[2024-03-25T20:36:54.116+0000] {processor.py:830} INFO - Processing file /home/airflow/.local/lib/python3.8/site-packages/airflow/example_dags/example_sensors.py for tasks to queue
[2024-03-25T20:36:54.117+0000] {logging_mixin.py:188} INFO - [2024-03-25T20:36:54.117+0000] {dagbag.py:540} INFO - Filling up the DagBag from /home/airflow/.local/lib/python3.8/site-packages/airflow/example_dags/example_sensors.py
[2024-03-25T20:36:54.122+0000] {processor.py:840} INFO - DAG(s) 'example_sensors' retrieved from /home/airflow/.local/lib/python3.8/site-packages/airflow/example_dags/example_sensors.py
[2024-03-25T20:36:54.136+0000] {logging_mixin.py:188} INFO - [2024-03-25T20:36:54.135+0000] {dag.py:3047} INFO - Sync 1 DAGs
[2024-03-25T20:36:54.142+0000] {logging_mixin.py:188} INFO - [2024-03-25T20:36:54.141+0000] {dag.py:3834} INFO - Setting next_dagrun for example_sensors to None, run_after=None
[2024-03-25T20:36:54.150+0000] {processor.py:183} INFO - Processing /home/airflow/.local/lib/python3.8/site-packages/airflow/example_dags/example_sensors.py took 0.037 seconds
[2024-03-25T20:37:24.760+0000] {processor.py:161} INFO - Started process (PID=1279) to work on /home/airflow/.local/lib/python3.8/site-packages/airflow/example_dags/example_sensors.py
[2024-03-25T20:37:24.761+0000] {processor.py:830} INFO - Processing file /home/airflow/.local/lib/python3.8/site-packages/airflow/example_dags/example_sensors.py for tasks to queue
[2024-03-25T20:37:24.762+0000] {logging_mixin.py:188} INFO - [2024-03-25T20:37:24.762+0000] {dagbag.py:540} INFO - Filling up the DagBag from /home/airflow/.local/lib/python3.8/site-packages/airflow/example_dags/example_sensors.py
[2024-03-25T20:37:24.767+0000] {processor.py:840} INFO - DAG(s) 'example_sensors' retrieved from /home/airflow/.local/lib/python3.8/site-packages/airflow/example_dags/example_sensors.py
[2024-03-25T20:37:24.780+0000] {logging_mixin.py:188} INFO - [2024-03-25T20:37:24.779+0000] {dag.py:3047} INFO - Sync 1 DAGs
[2024-03-25T20:37:24.785+0000] {logging_mixin.py:188} INFO - [2024-03-25T20:37:24.785+0000] {dag.py:3834} INFO - Setting next_dagrun for example_sensors to None, run_after=None
[2024-03-25T20:37:24.793+0000] {processor.py:183} INFO - Processing /home/airflow/.local/lib/python3.8/site-packages/airflow/example_dags/example_sensors.py took 0.035 seconds
[2024-03-25T20:37:55.535+0000] {processor.py:161} INFO - Started process (PID=1335) to work on /home/airflow/.local/lib/python3.8/site-packages/airflow/example_dags/example_sensors.py
[2024-03-25T20:37:55.535+0000] {processor.py:830} INFO - Processing file /home/airflow/.local/lib/python3.8/site-packages/airflow/example_dags/example_sensors.py for tasks to queue
[2024-03-25T20:37:55.536+0000] {logging_mixin.py:188} INFO - [2024-03-25T20:37:55.536+0000] {dagbag.py:540} INFO - Filling up the DagBag from /home/airflow/.local/lib/python3.8/site-packages/airflow/example_dags/example_sensors.py
[2024-03-25T20:37:55.541+0000] {processor.py:840} INFO - DAG(s) 'example_sensors' retrieved from /home/airflow/.local/lib/python3.8/site-packages/airflow/example_dags/example_sensors.py
[2024-03-25T20:37:55.553+0000] {logging_mixin.py:188} INFO - [2024-03-25T20:37:55.553+0000] {dag.py:3047} INFO - Sync 1 DAGs
[2024-03-25T20:37:55.559+0000] {logging_mixin.py:188} INFO - [2024-03-25T20:37:55.559+0000] {dag.py:3834} INFO - Setting next_dagrun for example_sensors to None, run_after=None
[2024-03-25T20:37:55.568+0000] {processor.py:183} INFO - Processing /home/airflow/.local/lib/python3.8/site-packages/airflow/example_dags/example_sensors.py took 0.035 seconds
[2024-03-25T20:38:26.048+0000] {processor.py:161} INFO - Started process (PID=1391) to work on /home/airflow/.local/lib/python3.8/site-packages/airflow/example_dags/example_sensors.py
[2024-03-25T20:38:26.048+0000] {processor.py:830} INFO - Processing file /home/airflow/.local/lib/python3.8/site-packages/airflow/example_dags/example_sensors.py for tasks to queue
[2024-03-25T20:38:26.049+0000] {logging_mixin.py:188} INFO - [2024-03-25T20:38:26.049+0000] {dagbag.py:540} INFO - Filling up the DagBag from /home/airflow/.local/lib/python3.8/site-packages/airflow/example_dags/example_sensors.py
[2024-03-25T20:38:26.054+0000] {processor.py:840} INFO - DAG(s) 'example_sensors' retrieved from /home/airflow/.local/lib/python3.8/site-packages/airflow/example_dags/example_sensors.py
[2024-03-25T20:38:26.066+0000] {logging_mixin.py:188} INFO - [2024-03-25T20:38:26.066+0000] {dag.py:3047} INFO - Sync 1 DAGs
[2024-03-25T20:38:26.072+0000] {logging_mixin.py:188} INFO - [2024-03-25T20:38:26.072+0000] {dag.py:3834} INFO - Setting next_dagrun for example_sensors to None, run_after=None
[2024-03-25T20:38:26.080+0000] {processor.py:183} INFO - Processing /home/airflow/.local/lib/python3.8/site-packages/airflow/example_dags/example_sensors.py took 0.034 seconds
[2024-03-25T20:38:56.479+0000] {processor.py:161} INFO - Started process (PID=1447) to work on /home/airflow/.local/lib/python3.8/site-packages/airflow/example_dags/example_sensors.py
[2024-03-25T20:38:56.479+0000] {processor.py:830} INFO - Processing file /home/airflow/.local/lib/python3.8/site-packages/airflow/example_dags/example_sensors.py for tasks to queue
[2024-03-25T20:38:56.480+0000] {logging_mixin.py:188} INFO - [2024-03-25T20:38:56.480+0000] {dagbag.py:540} INFO - Filling up the DagBag from /home/airflow/.local/lib/python3.8/site-packages/airflow/example_dags/example_sensors.py
[2024-03-25T20:38:56.486+0000] {processor.py:840} INFO - DAG(s) 'example_sensors' retrieved from /home/airflow/.local/lib/python3.8/site-packages/airflow/example_dags/example_sensors.py
[2024-03-25T20:38:56.498+0000] {logging_mixin.py:188} INFO - [2024-03-25T20:38:56.498+0000] {dag.py:3047} INFO - Sync 1 DAGs
[2024-03-25T20:38:56.504+0000] {logging_mixin.py:188} INFO - [2024-03-25T20:38:56.504+0000] {dag.py:3834} INFO - Setting next_dagrun for example_sensors to None, run_after=None
[2024-03-25T20:38:56.513+0000] {processor.py:183} INFO - Processing /home/airflow/.local/lib/python3.8/site-packages/airflow/example_dags/example_sensors.py took 0.036 seconds
[2024-03-25T20:39:27.176+0000] {processor.py:161} INFO - Started process (PID=1503) to work on /home/airflow/.local/lib/python3.8/site-packages/airflow/example_dags/example_sensors.py
[2024-03-25T20:39:27.176+0000] {processor.py:830} INFO - Processing file /home/airflow/.local/lib/python3.8/site-packages/airflow/example_dags/example_sensors.py for tasks to queue
[2024-03-25T20:39:27.178+0000] {logging_mixin.py:188} INFO - [2024-03-25T20:39:27.177+0000] {dagbag.py:540} INFO - Filling up the DagBag from /home/airflow/.local/lib/python3.8/site-packages/airflow/example_dags/example_sensors.py
[2024-03-25T20:39:27.182+0000] {processor.py:840} INFO - DAG(s) 'example_sensors' retrieved from /home/airflow/.local/lib/python3.8/site-packages/airflow/example_dags/example_sensors.py
[2024-03-25T20:39:27.194+0000] {logging_mixin.py:188} INFO - [2024-03-25T20:39:27.194+0000] {dag.py:3047} INFO - Sync 1 DAGs
[2024-03-25T20:39:27.200+0000] {logging_mixin.py:188} INFO - [2024-03-25T20:39:27.200+0000] {dag.py:3834} INFO - Setting next_dagrun for example_sensors to None, run_after=None
[2024-03-25T20:39:27.209+0000] {processor.py:183} INFO - Processing /home/airflow/.local/lib/python3.8/site-packages/airflow/example_dags/example_sensors.py took 0.035 seconds
[2024-03-25T20:39:57.636+0000] {processor.py:161} INFO - Started process (PID=1559) to work on /home/airflow/.local/lib/python3.8/site-packages/airflow/example_dags/example_sensors.py
[2024-03-25T20:39:57.637+0000] {processor.py:830} INFO - Processing file /home/airflow/.local/lib/python3.8/site-packages/airflow/example_dags/example_sensors.py for tasks to queue
[2024-03-25T20:39:57.638+0000] {logging_mixin.py:188} INFO - [2024-03-25T20:39:57.637+0000] {dagbag.py:540} INFO - Filling up the DagBag from /home/airflow/.local/lib/python3.8/site-packages/airflow/example_dags/example_sensors.py
[2024-03-25T20:39:57.642+0000] {processor.py:840} INFO - DAG(s) 'example_sensors' retrieved from /home/airflow/.local/lib/python3.8/site-packages/airflow/example_dags/example_sensors.py
[2024-03-25T20:39:57.655+0000] {logging_mixin.py:188} INFO - [2024-03-25T20:39:57.654+0000] {dag.py:3047} INFO - Sync 1 DAGs
[2024-03-25T20:39:57.660+0000] {logging_mixin.py:188} INFO - [2024-03-25T20:39:57.660+0000] {dag.py:3834} INFO - Setting next_dagrun for example_sensors to None, run_after=None
[2024-03-25T20:39:57.669+0000] {processor.py:183} INFO - Processing /home/airflow/.local/lib/python3.8/site-packages/airflow/example_dags/example_sensors.py took 0.035 seconds
