[2024-03-25T20:19:37.984+0000] {processor.py:161} INFO - Started process (PID=72) to work on /home/airflow/.local/lib/python3.8/site-packages/airflow/example_dags/tutorial.py
[2024-03-25T20:19:37.987+0000] {processor.py:830} INFO - Processing file /home/airflow/.local/lib/python3.8/site-packages/airflow/example_dags/tutorial.py for tasks to queue
[2024-03-25T20:19:37.990+0000] {logging_mixin.py:188} INFO - [2024-03-25T20:19:37.990+0000] {dagbag.py:540} INFO - Filling up the DagBag from /home/airflow/.local/lib/python3.8/site-packages/airflow/example_dags/tutorial.py
[2024-03-25T20:19:38.005+0000] {processor.py:840} INFO - DAG(s) 'tutorial' retrieved from /home/airflow/.local/lib/python3.8/site-packages/airflow/example_dags/tutorial.py
[2024-03-25T20:19:38.025+0000] {logging_mixin.py:188} INFO - [2024-03-25T20:19:38.025+0000] {dag.py:3047} INFO - Sync 1 DAGs
[2024-03-25T20:19:38.043+0000] {logging_mixin.py:188} INFO - [2024-03-25T20:19:38.043+0000] {dag.py:3834} INFO - Setting next_dagrun for tutorial to 2024-03-24 00:00:00+00:00, run_after=2024-03-25 00:00:00+00:00
[2024-03-25T20:19:38.059+0000] {processor.py:183} INFO - Processing /home/airflow/.local/lib/python3.8/site-packages/airflow/example_dags/tutorial.py took 0.082 seconds
[2024-03-25T20:20:08.271+0000] {processor.py:161} INFO - Started process (PID=128) to work on /home/airflow/.local/lib/python3.8/site-packages/airflow/example_dags/tutorial.py
[2024-03-25T20:20:08.272+0000] {processor.py:830} INFO - Processing file /home/airflow/.local/lib/python3.8/site-packages/airflow/example_dags/tutorial.py for tasks to queue
[2024-03-25T20:20:08.273+0000] {logging_mixin.py:188} INFO - [2024-03-25T20:20:08.273+0000] {dagbag.py:540} INFO - Filling up the DagBag from /home/airflow/.local/lib/python3.8/site-packages/airflow/example_dags/tutorial.py
[2024-03-25T20:20:08.276+0000] {processor.py:840} INFO - DAG(s) 'tutorial' retrieved from /home/airflow/.local/lib/python3.8/site-packages/airflow/example_dags/tutorial.py
[2024-03-25T20:20:08.288+0000] {logging_mixin.py:188} INFO - [2024-03-25T20:20:08.287+0000] {dag.py:3047} INFO - Sync 1 DAGs
[2024-03-25T20:20:08.297+0000] {logging_mixin.py:188} INFO - [2024-03-25T20:20:08.297+0000] {dag.py:3834} INFO - Setting next_dagrun for tutorial to 2024-03-24 00:00:00+00:00, run_after=2024-03-25 00:00:00+00:00
[2024-03-25T20:20:08.307+0000] {processor.py:183} INFO - Processing /home/airflow/.local/lib/python3.8/site-packages/airflow/example_dags/tutorial.py took 0.037 seconds
[2024-03-25T20:26:15.264+0000] {processor.py:161} INFO - Started process (PID=71) to work on /home/airflow/.local/lib/python3.8/site-packages/airflow/example_dags/tutorial.py
[2024-03-25T20:26:15.266+0000] {processor.py:830} INFO - Processing file /home/airflow/.local/lib/python3.8/site-packages/airflow/example_dags/tutorial.py for tasks to queue
[2024-03-25T20:26:15.268+0000] {logging_mixin.py:188} INFO - [2024-03-25T20:26:15.268+0000] {dagbag.py:540} INFO - Filling up the DagBag from /home/airflow/.local/lib/python3.8/site-packages/airflow/example_dags/tutorial.py
[2024-03-25T20:26:15.272+0000] {processor.py:840} INFO - DAG(s) 'tutorial' retrieved from /home/airflow/.local/lib/python3.8/site-packages/airflow/example_dags/tutorial.py
[2024-03-25T20:26:15.286+0000] {logging_mixin.py:188} INFO - [2024-03-25T20:26:15.285+0000] {dag.py:3047} INFO - Sync 1 DAGs
[2024-03-25T20:26:15.301+0000] {logging_mixin.py:188} INFO - [2024-03-25T20:26:15.301+0000] {dag.py:3834} INFO - Setting next_dagrun for tutorial to 2024-03-24 00:00:00+00:00, run_after=2024-03-25 00:00:00+00:00
[2024-03-25T20:26:15.314+0000] {processor.py:183} INFO - Processing /home/airflow/.local/lib/python3.8/site-packages/airflow/example_dags/tutorial.py took 0.052 seconds
[2024-03-25T20:26:45.339+0000] {processor.py:161} INFO - Started process (PID=126) to work on /home/airflow/.local/lib/python3.8/site-packages/airflow/example_dags/tutorial.py
[2024-03-25T20:26:45.339+0000] {processor.py:830} INFO - Processing file /home/airflow/.local/lib/python3.8/site-packages/airflow/example_dags/tutorial.py for tasks to queue
[2024-03-25T20:26:45.340+0000] {logging_mixin.py:188} INFO - [2024-03-25T20:26:45.340+0000] {dagbag.py:540} INFO - Filling up the DagBag from /home/airflow/.local/lib/python3.8/site-packages/airflow/example_dags/tutorial.py
[2024-03-25T20:26:45.344+0000] {processor.py:840} INFO - DAG(s) 'tutorial' retrieved from /home/airflow/.local/lib/python3.8/site-packages/airflow/example_dags/tutorial.py
[2024-03-25T20:26:45.354+0000] {logging_mixin.py:188} INFO - [2024-03-25T20:26:45.354+0000] {dag.py:3047} INFO - Sync 1 DAGs
[2024-03-25T20:26:45.364+0000] {logging_mixin.py:188} INFO - [2024-03-25T20:26:45.363+0000] {dag.py:3834} INFO - Setting next_dagrun for tutorial to 2024-03-24 00:00:00+00:00, run_after=2024-03-25 00:00:00+00:00
[2024-03-25T20:26:45.371+0000] {processor.py:183} INFO - Processing /home/airflow/.local/lib/python3.8/site-packages/airflow/example_dags/tutorial.py took 0.034 seconds
[2024-03-25T20:27:16.767+0000] {processor.py:161} INFO - Started process (PID=182) to work on /home/airflow/.local/lib/python3.8/site-packages/airflow/example_dags/tutorial.py
[2024-03-25T20:27:16.768+0000] {processor.py:830} INFO - Processing file /home/airflow/.local/lib/python3.8/site-packages/airflow/example_dags/tutorial.py for tasks to queue
[2024-03-25T20:27:16.769+0000] {logging_mixin.py:188} INFO - [2024-03-25T20:27:16.768+0000] {dagbag.py:540} INFO - Filling up the DagBag from /home/airflow/.local/lib/python3.8/site-packages/airflow/example_dags/tutorial.py
[2024-03-25T20:27:16.772+0000] {processor.py:840} INFO - DAG(s) 'tutorial' retrieved from /home/airflow/.local/lib/python3.8/site-packages/airflow/example_dags/tutorial.py
[2024-03-25T20:27:16.783+0000] {logging_mixin.py:188} INFO - [2024-03-25T20:27:16.783+0000] {dag.py:3047} INFO - Sync 1 DAGs
[2024-03-25T20:27:16.795+0000] {logging_mixin.py:188} INFO - [2024-03-25T20:27:16.795+0000] {dag.py:3834} INFO - Setting next_dagrun for tutorial to 2024-03-24 00:00:00+00:00, run_after=2024-03-25 00:00:00+00:00
[2024-03-25T20:27:16.805+0000] {processor.py:183} INFO - Processing /home/airflow/.local/lib/python3.8/site-packages/airflow/example_dags/tutorial.py took 0.040 seconds
[2024-03-25T20:27:47.756+0000] {processor.py:161} INFO - Started process (PID=238) to work on /home/airflow/.local/lib/python3.8/site-packages/airflow/example_dags/tutorial.py
[2024-03-25T20:27:47.756+0000] {processor.py:830} INFO - Processing file /home/airflow/.local/lib/python3.8/site-packages/airflow/example_dags/tutorial.py for tasks to queue
[2024-03-25T20:27:47.757+0000] {logging_mixin.py:188} INFO - [2024-03-25T20:27:47.757+0000] {dagbag.py:540} INFO - Filling up the DagBag from /home/airflow/.local/lib/python3.8/site-packages/airflow/example_dags/tutorial.py
[2024-03-25T20:27:47.760+0000] {processor.py:840} INFO - DAG(s) 'tutorial' retrieved from /home/airflow/.local/lib/python3.8/site-packages/airflow/example_dags/tutorial.py
[2024-03-25T20:27:47.771+0000] {logging_mixin.py:188} INFO - [2024-03-25T20:27:47.771+0000] {dag.py:3047} INFO - Sync 1 DAGs
[2024-03-25T20:27:47.782+0000] {logging_mixin.py:188} INFO - [2024-03-25T20:27:47.782+0000] {dag.py:3834} INFO - Setting next_dagrun for tutorial to 2024-03-24 00:00:00+00:00, run_after=2024-03-25 00:00:00+00:00
[2024-03-25T20:27:47.791+0000] {processor.py:183} INFO - Processing /home/airflow/.local/lib/python3.8/site-packages/airflow/example_dags/tutorial.py took 0.037 seconds
[2024-03-25T20:28:18.833+0000] {processor.py:161} INFO - Started process (PID=294) to work on /home/airflow/.local/lib/python3.8/site-packages/airflow/example_dags/tutorial.py
[2024-03-25T20:28:18.833+0000] {processor.py:830} INFO - Processing file /home/airflow/.local/lib/python3.8/site-packages/airflow/example_dags/tutorial.py for tasks to queue
[2024-03-25T20:28:18.834+0000] {logging_mixin.py:188} INFO - [2024-03-25T20:28:18.834+0000] {dagbag.py:540} INFO - Filling up the DagBag from /home/airflow/.local/lib/python3.8/site-packages/airflow/example_dags/tutorial.py
[2024-03-25T20:28:18.837+0000] {processor.py:840} INFO - DAG(s) 'tutorial' retrieved from /home/airflow/.local/lib/python3.8/site-packages/airflow/example_dags/tutorial.py
[2024-03-25T20:28:18.847+0000] {logging_mixin.py:188} INFO - [2024-03-25T20:28:18.847+0000] {dag.py:3047} INFO - Sync 1 DAGs
[2024-03-25T20:28:18.857+0000] {logging_mixin.py:188} INFO - [2024-03-25T20:28:18.857+0000] {dag.py:3834} INFO - Setting next_dagrun for tutorial to 2024-03-24 00:00:00+00:00, run_after=2024-03-25 00:00:00+00:00
[2024-03-25T20:28:18.866+0000] {processor.py:183} INFO - Processing /home/airflow/.local/lib/python3.8/site-packages/airflow/example_dags/tutorial.py took 0.035 seconds
[2024-03-25T20:28:49.921+0000] {processor.py:161} INFO - Started process (PID=350) to work on /home/airflow/.local/lib/python3.8/site-packages/airflow/example_dags/tutorial.py
[2024-03-25T20:28:49.923+0000] {processor.py:830} INFO - Processing file /home/airflow/.local/lib/python3.8/site-packages/airflow/example_dags/tutorial.py for tasks to queue
[2024-03-25T20:28:49.925+0000] {logging_mixin.py:188} INFO - [2024-03-25T20:28:49.925+0000] {dagbag.py:540} INFO - Filling up the DagBag from /home/airflow/.local/lib/python3.8/site-packages/airflow/example_dags/tutorial.py
[2024-03-25T20:28:49.933+0000] {processor.py:840} INFO - DAG(s) 'tutorial' retrieved from /home/airflow/.local/lib/python3.8/site-packages/airflow/example_dags/tutorial.py
[2024-03-25T20:28:49.968+0000] {logging_mixin.py:188} INFO - [2024-03-25T20:28:49.967+0000] {dag.py:3047} INFO - Sync 1 DAGs
[2024-03-25T20:28:49.987+0000] {logging_mixin.py:188} INFO - [2024-03-25T20:28:49.987+0000] {dag.py:3834} INFO - Setting next_dagrun for tutorial to 2024-03-24 00:00:00+00:00, run_after=2024-03-25 00:00:00+00:00
[2024-03-25T20:28:50.006+0000] {processor.py:183} INFO - Processing /home/airflow/.local/lib/python3.8/site-packages/airflow/example_dags/tutorial.py took 0.090 seconds
[2024-03-25T20:29:20.046+0000] {processor.py:161} INFO - Started process (PID=405) to work on /home/airflow/.local/lib/python3.8/site-packages/airflow/example_dags/tutorial.py
[2024-03-25T20:29:20.047+0000] {processor.py:830} INFO - Processing file /home/airflow/.local/lib/python3.8/site-packages/airflow/example_dags/tutorial.py for tasks to queue
[2024-03-25T20:29:20.048+0000] {logging_mixin.py:188} INFO - [2024-03-25T20:29:20.048+0000] {dagbag.py:540} INFO - Filling up the DagBag from /home/airflow/.local/lib/python3.8/site-packages/airflow/example_dags/tutorial.py
[2024-03-25T20:29:20.052+0000] {processor.py:840} INFO - DAG(s) 'tutorial' retrieved from /home/airflow/.local/lib/python3.8/site-packages/airflow/example_dags/tutorial.py
[2024-03-25T20:29:20.062+0000] {logging_mixin.py:188} INFO - [2024-03-25T20:29:20.062+0000] {dag.py:3047} INFO - Sync 1 DAGs
[2024-03-25T20:29:20.072+0000] {logging_mixin.py:188} INFO - [2024-03-25T20:29:20.072+0000] {dag.py:3834} INFO - Setting next_dagrun for tutorial to 2024-03-24 00:00:00+00:00, run_after=2024-03-25 00:00:00+00:00
[2024-03-25T20:29:20.081+0000] {processor.py:183} INFO - Processing /home/airflow/.local/lib/python3.8/site-packages/airflow/example_dags/tutorial.py took 0.037 seconds
[2024-03-25T20:29:50.568+0000] {processor.py:161} INFO - Started process (PID=470) to work on /home/airflow/.local/lib/python3.8/site-packages/airflow/example_dags/tutorial.py
[2024-03-25T20:29:50.577+0000] {processor.py:830} INFO - Processing file /home/airflow/.local/lib/python3.8/site-packages/airflow/example_dags/tutorial.py for tasks to queue
[2024-03-25T20:29:50.585+0000] {logging_mixin.py:188} INFO - [2024-03-25T20:29:50.585+0000] {dagbag.py:540} INFO - Filling up the DagBag from /home/airflow/.local/lib/python3.8/site-packages/airflow/example_dags/tutorial.py
[2024-03-25T20:29:50.611+0000] {processor.py:840} INFO - DAG(s) 'tutorial' retrieved from /home/airflow/.local/lib/python3.8/site-packages/airflow/example_dags/tutorial.py
[2024-03-25T20:29:50.670+0000] {logging_mixin.py:188} INFO - [2024-03-25T20:29:50.670+0000] {dag.py:3047} INFO - Sync 1 DAGs
[2024-03-25T20:29:50.719+0000] {logging_mixin.py:188} INFO - [2024-03-25T20:29:50.718+0000] {dag.py:3834} INFO - Setting next_dagrun for tutorial to 2024-03-24 00:00:00+00:00, run_after=2024-03-25 00:00:00+00:00
[2024-03-25T20:29:50.756+0000] {processor.py:183} INFO - Processing /home/airflow/.local/lib/python3.8/site-packages/airflow/example_dags/tutorial.py took 0.196 seconds
[2024-03-25T20:30:21.565+0000] {processor.py:161} INFO - Started process (PID=526) to work on /home/airflow/.local/lib/python3.8/site-packages/airflow/example_dags/tutorial.py
[2024-03-25T20:30:21.566+0000] {processor.py:830} INFO - Processing file /home/airflow/.local/lib/python3.8/site-packages/airflow/example_dags/tutorial.py for tasks to queue
[2024-03-25T20:30:21.567+0000] {logging_mixin.py:188} INFO - [2024-03-25T20:30:21.566+0000] {dagbag.py:540} INFO - Filling up the DagBag from /home/airflow/.local/lib/python3.8/site-packages/airflow/example_dags/tutorial.py
[2024-03-25T20:30:21.570+0000] {processor.py:840} INFO - DAG(s) 'tutorial' retrieved from /home/airflow/.local/lib/python3.8/site-packages/airflow/example_dags/tutorial.py
[2024-03-25T20:30:21.580+0000] {logging_mixin.py:188} INFO - [2024-03-25T20:30:21.580+0000] {dag.py:3047} INFO - Sync 1 DAGs
[2024-03-25T20:30:21.590+0000] {logging_mixin.py:188} INFO - [2024-03-25T20:30:21.590+0000] {dag.py:3834} INFO - Setting next_dagrun for tutorial to 2024-03-24 00:00:00+00:00, run_after=2024-03-25 00:00:00+00:00
[2024-03-25T20:30:21.600+0000] {processor.py:183} INFO - Processing /home/airflow/.local/lib/python3.8/site-packages/airflow/example_dags/tutorial.py took 0.037 seconds
[2024-03-25T20:30:52.639+0000] {processor.py:161} INFO - Started process (PID=582) to work on /home/airflow/.local/lib/python3.8/site-packages/airflow/example_dags/tutorial.py
[2024-03-25T20:30:52.640+0000] {processor.py:830} INFO - Processing file /home/airflow/.local/lib/python3.8/site-packages/airflow/example_dags/tutorial.py for tasks to queue
[2024-03-25T20:30:52.641+0000] {logging_mixin.py:188} INFO - [2024-03-25T20:30:52.641+0000] {dagbag.py:540} INFO - Filling up the DagBag from /home/airflow/.local/lib/python3.8/site-packages/airflow/example_dags/tutorial.py
[2024-03-25T20:30:52.644+0000] {processor.py:840} INFO - DAG(s) 'tutorial' retrieved from /home/airflow/.local/lib/python3.8/site-packages/airflow/example_dags/tutorial.py
[2024-03-25T20:30:52.654+0000] {logging_mixin.py:188} INFO - [2024-03-25T20:30:52.654+0000] {dag.py:3047} INFO - Sync 1 DAGs
[2024-03-25T20:30:52.664+0000] {logging_mixin.py:188} INFO - [2024-03-25T20:30:52.664+0000] {dag.py:3834} INFO - Setting next_dagrun for tutorial to 2024-03-24 00:00:00+00:00, run_after=2024-03-25 00:00:00+00:00
[2024-03-25T20:30:52.673+0000] {processor.py:183} INFO - Processing /home/airflow/.local/lib/python3.8/site-packages/airflow/example_dags/tutorial.py took 0.035 seconds
[2024-03-25T20:31:23.557+0000] {processor.py:161} INFO - Started process (PID=638) to work on /home/airflow/.local/lib/python3.8/site-packages/airflow/example_dags/tutorial.py
[2024-03-25T20:31:23.557+0000] {processor.py:830} INFO - Processing file /home/airflow/.local/lib/python3.8/site-packages/airflow/example_dags/tutorial.py for tasks to queue
[2024-03-25T20:31:23.558+0000] {logging_mixin.py:188} INFO - [2024-03-25T20:31:23.558+0000] {dagbag.py:540} INFO - Filling up the DagBag from /home/airflow/.local/lib/python3.8/site-packages/airflow/example_dags/tutorial.py
[2024-03-25T20:31:23.562+0000] {processor.py:840} INFO - DAG(s) 'tutorial' retrieved from /home/airflow/.local/lib/python3.8/site-packages/airflow/example_dags/tutorial.py
[2024-03-25T20:31:23.572+0000] {logging_mixin.py:188} INFO - [2024-03-25T20:31:23.572+0000] {dag.py:3047} INFO - Sync 1 DAGs
[2024-03-25T20:31:23.583+0000] {logging_mixin.py:188} INFO - [2024-03-25T20:31:23.583+0000] {dag.py:3834} INFO - Setting next_dagrun for tutorial to 2024-03-24 00:00:00+00:00, run_after=2024-03-25 00:00:00+00:00
[2024-03-25T20:31:23.593+0000] {processor.py:183} INFO - Processing /home/airflow/.local/lib/python3.8/site-packages/airflow/example_dags/tutorial.py took 0.038 seconds
[2024-03-25T20:31:54.401+0000] {processor.py:161} INFO - Started process (PID=694) to work on /home/airflow/.local/lib/python3.8/site-packages/airflow/example_dags/tutorial.py
[2024-03-25T20:31:54.401+0000] {processor.py:830} INFO - Processing file /home/airflow/.local/lib/python3.8/site-packages/airflow/example_dags/tutorial.py for tasks to queue
[2024-03-25T20:31:54.402+0000] {logging_mixin.py:188} INFO - [2024-03-25T20:31:54.402+0000] {dagbag.py:540} INFO - Filling up the DagBag from /home/airflow/.local/lib/python3.8/site-packages/airflow/example_dags/tutorial.py
[2024-03-25T20:31:54.406+0000] {processor.py:840} INFO - DAG(s) 'tutorial' retrieved from /home/airflow/.local/lib/python3.8/site-packages/airflow/example_dags/tutorial.py
[2024-03-25T20:31:54.417+0000] {logging_mixin.py:188} INFO - [2024-03-25T20:31:54.417+0000] {dag.py:3047} INFO - Sync 1 DAGs
[2024-03-25T20:31:54.428+0000] {logging_mixin.py:188} INFO - [2024-03-25T20:31:54.428+0000] {dag.py:3834} INFO - Setting next_dagrun for tutorial to 2024-03-24 00:00:00+00:00, run_after=2024-03-25 00:00:00+00:00
[2024-03-25T20:31:54.438+0000] {processor.py:183} INFO - Processing /home/airflow/.local/lib/python3.8/site-packages/airflow/example_dags/tutorial.py took 0.039 seconds
[2024-03-25T20:32:24.896+0000] {processor.py:161} INFO - Started process (PID=750) to work on /home/airflow/.local/lib/python3.8/site-packages/airflow/example_dags/tutorial.py
[2024-03-25T20:32:24.897+0000] {processor.py:830} INFO - Processing file /home/airflow/.local/lib/python3.8/site-packages/airflow/example_dags/tutorial.py for tasks to queue
[2024-03-25T20:32:24.898+0000] {logging_mixin.py:188} INFO - [2024-03-25T20:32:24.898+0000] {dagbag.py:540} INFO - Filling up the DagBag from /home/airflow/.local/lib/python3.8/site-packages/airflow/example_dags/tutorial.py
[2024-03-25T20:32:24.902+0000] {processor.py:840} INFO - DAG(s) 'tutorial' retrieved from /home/airflow/.local/lib/python3.8/site-packages/airflow/example_dags/tutorial.py
[2024-03-25T20:32:24.912+0000] {logging_mixin.py:188} INFO - [2024-03-25T20:32:24.912+0000] {dag.py:3047} INFO - Sync 1 DAGs
[2024-03-25T20:32:24.923+0000] {logging_mixin.py:188} INFO - [2024-03-25T20:32:24.923+0000] {dag.py:3834} INFO - Setting next_dagrun for tutorial to 2024-03-24 00:00:00+00:00, run_after=2024-03-25 00:00:00+00:00
[2024-03-25T20:32:24.933+0000] {processor.py:183} INFO - Processing /home/airflow/.local/lib/python3.8/site-packages/airflow/example_dags/tutorial.py took 0.038 seconds
[2024-03-25T20:32:55.482+0000] {processor.py:161} INFO - Started process (PID=806) to work on /home/airflow/.local/lib/python3.8/site-packages/airflow/example_dags/tutorial.py
[2024-03-25T20:32:55.482+0000] {processor.py:830} INFO - Processing file /home/airflow/.local/lib/python3.8/site-packages/airflow/example_dags/tutorial.py for tasks to queue
[2024-03-25T20:32:55.483+0000] {logging_mixin.py:188} INFO - [2024-03-25T20:32:55.483+0000] {dagbag.py:540} INFO - Filling up the DagBag from /home/airflow/.local/lib/python3.8/site-packages/airflow/example_dags/tutorial.py
[2024-03-25T20:32:55.487+0000] {processor.py:840} INFO - DAG(s) 'tutorial' retrieved from /home/airflow/.local/lib/python3.8/site-packages/airflow/example_dags/tutorial.py
[2024-03-25T20:32:55.498+0000] {logging_mixin.py:188} INFO - [2024-03-25T20:32:55.498+0000] {dag.py:3047} INFO - Sync 1 DAGs
[2024-03-25T20:32:55.510+0000] {logging_mixin.py:188} INFO - [2024-03-25T20:32:55.510+0000] {dag.py:3834} INFO - Setting next_dagrun for tutorial to 2024-03-24 00:00:00+00:00, run_after=2024-03-25 00:00:00+00:00
[2024-03-25T20:32:55.520+0000] {processor.py:183} INFO - Processing /home/airflow/.local/lib/python3.8/site-packages/airflow/example_dags/tutorial.py took 0.040 seconds
[2024-03-25T20:33:25.853+0000] {processor.py:161} INFO - Started process (PID=862) to work on /home/airflow/.local/lib/python3.8/site-packages/airflow/example_dags/tutorial.py
[2024-03-25T20:33:25.854+0000] {processor.py:830} INFO - Processing file /home/airflow/.local/lib/python3.8/site-packages/airflow/example_dags/tutorial.py for tasks to queue
[2024-03-25T20:33:25.854+0000] {logging_mixin.py:188} INFO - [2024-03-25T20:33:25.854+0000] {dagbag.py:540} INFO - Filling up the DagBag from /home/airflow/.local/lib/python3.8/site-packages/airflow/example_dags/tutorial.py
[2024-03-25T20:33:25.858+0000] {processor.py:840} INFO - DAG(s) 'tutorial' retrieved from /home/airflow/.local/lib/python3.8/site-packages/airflow/example_dags/tutorial.py
[2024-03-25T20:33:25.868+0000] {logging_mixin.py:188} INFO - [2024-03-25T20:33:25.868+0000] {dag.py:3047} INFO - Sync 1 DAGs
[2024-03-25T20:33:25.879+0000] {logging_mixin.py:188} INFO - [2024-03-25T20:33:25.879+0000] {dag.py:3834} INFO - Setting next_dagrun for tutorial to 2024-03-24 00:00:00+00:00, run_after=2024-03-25 00:00:00+00:00
[2024-03-25T20:33:25.888+0000] {processor.py:183} INFO - Processing /home/airflow/.local/lib/python3.8/site-packages/airflow/example_dags/tutorial.py took 0.037 seconds
[2024-03-25T20:33:56.346+0000] {processor.py:161} INFO - Started process (PID=918) to work on /home/airflow/.local/lib/python3.8/site-packages/airflow/example_dags/tutorial.py
[2024-03-25T20:33:56.346+0000] {processor.py:830} INFO - Processing file /home/airflow/.local/lib/python3.8/site-packages/airflow/example_dags/tutorial.py for tasks to queue
[2024-03-25T20:33:56.347+0000] {logging_mixin.py:188} INFO - [2024-03-25T20:33:56.347+0000] {dagbag.py:540} INFO - Filling up the DagBag from /home/airflow/.local/lib/python3.8/site-packages/airflow/example_dags/tutorial.py
[2024-03-25T20:33:56.350+0000] {processor.py:840} INFO - DAG(s) 'tutorial' retrieved from /home/airflow/.local/lib/python3.8/site-packages/airflow/example_dags/tutorial.py
[2024-03-25T20:33:56.361+0000] {logging_mixin.py:188} INFO - [2024-03-25T20:33:56.361+0000] {dag.py:3047} INFO - Sync 1 DAGs
[2024-03-25T20:33:56.371+0000] {logging_mixin.py:188} INFO - [2024-03-25T20:33:56.371+0000] {dag.py:3834} INFO - Setting next_dagrun for tutorial to 2024-03-24 00:00:00+00:00, run_after=2024-03-25 00:00:00+00:00
[2024-03-25T20:33:56.380+0000] {processor.py:183} INFO - Processing /home/airflow/.local/lib/python3.8/site-packages/airflow/example_dags/tutorial.py took 0.036 seconds
[2024-03-25T20:34:27.109+0000] {processor.py:161} INFO - Started process (PID=973) to work on /home/airflow/.local/lib/python3.8/site-packages/airflow/example_dags/tutorial.py
[2024-03-25T20:34:27.110+0000] {processor.py:830} INFO - Processing file /home/airflow/.local/lib/python3.8/site-packages/airflow/example_dags/tutorial.py for tasks to queue
[2024-03-25T20:34:27.111+0000] {logging_mixin.py:188} INFO - [2024-03-25T20:34:27.111+0000] {dagbag.py:540} INFO - Filling up the DagBag from /home/airflow/.local/lib/python3.8/site-packages/airflow/example_dags/tutorial.py
[2024-03-25T20:34:27.114+0000] {processor.py:840} INFO - DAG(s) 'tutorial' retrieved from /home/airflow/.local/lib/python3.8/site-packages/airflow/example_dags/tutorial.py
[2024-03-25T20:34:27.125+0000] {logging_mixin.py:188} INFO - [2024-03-25T20:34:27.125+0000] {dag.py:3047} INFO - Sync 1 DAGs
[2024-03-25T20:34:27.137+0000] {logging_mixin.py:188} INFO - [2024-03-25T20:34:27.136+0000] {dag.py:3834} INFO - Setting next_dagrun for tutorial to 2024-03-24 00:00:00+00:00, run_after=2024-03-25 00:00:00+00:00
[2024-03-25T20:34:27.146+0000] {processor.py:183} INFO - Processing /home/airflow/.local/lib/python3.8/site-packages/airflow/example_dags/tutorial.py took 0.038 seconds
[2024-03-25T20:34:57.825+0000] {processor.py:161} INFO - Started process (PID=1029) to work on /home/airflow/.local/lib/python3.8/site-packages/airflow/example_dags/tutorial.py
[2024-03-25T20:34:57.828+0000] {processor.py:830} INFO - Processing file /home/airflow/.local/lib/python3.8/site-packages/airflow/example_dags/tutorial.py for tasks to queue
[2024-03-25T20:34:57.831+0000] {logging_mixin.py:188} INFO - [2024-03-25T20:34:57.831+0000] {dagbag.py:540} INFO - Filling up the DagBag from /home/airflow/.local/lib/python3.8/site-packages/airflow/example_dags/tutorial.py
[2024-03-25T20:34:57.836+0000] {processor.py:840} INFO - DAG(s) 'tutorial' retrieved from /home/airflow/.local/lib/python3.8/site-packages/airflow/example_dags/tutorial.py
[2024-03-25T20:34:57.846+0000] {logging_mixin.py:188} INFO - [2024-03-25T20:34:57.846+0000] {dag.py:3047} INFO - Sync 1 DAGs
[2024-03-25T20:34:57.857+0000] {logging_mixin.py:188} INFO - [2024-03-25T20:34:57.857+0000] {dag.py:3834} INFO - Setting next_dagrun for tutorial to 2024-03-24 00:00:00+00:00, run_after=2024-03-25 00:00:00+00:00
[2024-03-25T20:34:57.866+0000] {processor.py:183} INFO - Processing /home/airflow/.local/lib/python3.8/site-packages/airflow/example_dags/tutorial.py took 0.043 seconds
[2024-03-25T20:35:28.343+0000] {processor.py:161} INFO - Started process (PID=1085) to work on /home/airflow/.local/lib/python3.8/site-packages/airflow/example_dags/tutorial.py
[2024-03-25T20:35:28.344+0000] {processor.py:830} INFO - Processing file /home/airflow/.local/lib/python3.8/site-packages/airflow/example_dags/tutorial.py for tasks to queue
[2024-03-25T20:35:28.347+0000] {logging_mixin.py:188} INFO - [2024-03-25T20:35:28.347+0000] {dagbag.py:540} INFO - Filling up the DagBag from /home/airflow/.local/lib/python3.8/site-packages/airflow/example_dags/tutorial.py
[2024-03-25T20:35:28.352+0000] {processor.py:840} INFO - DAG(s) 'tutorial' retrieved from /home/airflow/.local/lib/python3.8/site-packages/airflow/example_dags/tutorial.py
[2024-03-25T20:35:28.366+0000] {logging_mixin.py:188} INFO - [2024-03-25T20:35:28.365+0000] {dag.py:3047} INFO - Sync 1 DAGs
[2024-03-25T20:35:28.382+0000] {logging_mixin.py:188} INFO - [2024-03-25T20:35:28.382+0000] {dag.py:3834} INFO - Setting next_dagrun for tutorial to 2024-03-24 00:00:00+00:00, run_after=2024-03-25 00:00:00+00:00
[2024-03-25T20:35:28.400+0000] {processor.py:183} INFO - Processing /home/airflow/.local/lib/python3.8/site-packages/airflow/example_dags/tutorial.py took 0.060 seconds
[2024-03-25T20:35:58.881+0000] {processor.py:161} INFO - Started process (PID=1141) to work on /home/airflow/.local/lib/python3.8/site-packages/airflow/example_dags/tutorial.py
[2024-03-25T20:35:58.882+0000] {processor.py:830} INFO - Processing file /home/airflow/.local/lib/python3.8/site-packages/airflow/example_dags/tutorial.py for tasks to queue
[2024-03-25T20:35:58.883+0000] {logging_mixin.py:188} INFO - [2024-03-25T20:35:58.883+0000] {dagbag.py:540} INFO - Filling up the DagBag from /home/airflow/.local/lib/python3.8/site-packages/airflow/example_dags/tutorial.py
[2024-03-25T20:35:58.886+0000] {processor.py:840} INFO - DAG(s) 'tutorial' retrieved from /home/airflow/.local/lib/python3.8/site-packages/airflow/example_dags/tutorial.py
[2024-03-25T20:35:58.899+0000] {logging_mixin.py:188} INFO - [2024-03-25T20:35:58.899+0000] {dag.py:3047} INFO - Sync 1 DAGs
[2024-03-25T20:35:58.910+0000] {logging_mixin.py:188} INFO - [2024-03-25T20:35:58.910+0000] {dag.py:3834} INFO - Setting next_dagrun for tutorial to 2024-03-24 00:00:00+00:00, run_after=2024-03-25 00:00:00+00:00
[2024-03-25T20:35:58.921+0000] {processor.py:183} INFO - Processing /home/airflow/.local/lib/python3.8/site-packages/airflow/example_dags/tutorial.py took 0.042 seconds
[2024-03-25T20:36:29.433+0000] {processor.py:161} INFO - Started process (PID=1197) to work on /home/airflow/.local/lib/python3.8/site-packages/airflow/example_dags/tutorial.py
[2024-03-25T20:36:29.434+0000] {processor.py:830} INFO - Processing file /home/airflow/.local/lib/python3.8/site-packages/airflow/example_dags/tutorial.py for tasks to queue
[2024-03-25T20:36:29.435+0000] {logging_mixin.py:188} INFO - [2024-03-25T20:36:29.435+0000] {dagbag.py:540} INFO - Filling up the DagBag from /home/airflow/.local/lib/python3.8/site-packages/airflow/example_dags/tutorial.py
[2024-03-25T20:36:29.438+0000] {processor.py:840} INFO - DAG(s) 'tutorial' retrieved from /home/airflow/.local/lib/python3.8/site-packages/airflow/example_dags/tutorial.py
[2024-03-25T20:36:29.449+0000] {logging_mixin.py:188} INFO - [2024-03-25T20:36:29.449+0000] {dag.py:3047} INFO - Sync 1 DAGs
[2024-03-25T20:36:29.460+0000] {logging_mixin.py:188} INFO - [2024-03-25T20:36:29.459+0000] {dag.py:3834} INFO - Setting next_dagrun for tutorial to 2024-03-24 00:00:00+00:00, run_after=2024-03-25 00:00:00+00:00
[2024-03-25T20:36:29.469+0000] {processor.py:183} INFO - Processing /home/airflow/.local/lib/python3.8/site-packages/airflow/example_dags/tutorial.py took 0.037 seconds
[2024-03-25T20:37:00.064+0000] {processor.py:161} INFO - Started process (PID=1252) to work on /home/airflow/.local/lib/python3.8/site-packages/airflow/example_dags/tutorial.py
[2024-03-25T20:37:00.065+0000] {processor.py:830} INFO - Processing file /home/airflow/.local/lib/python3.8/site-packages/airflow/example_dags/tutorial.py for tasks to queue
[2024-03-25T20:37:00.066+0000] {logging_mixin.py:188} INFO - [2024-03-25T20:37:00.066+0000] {dagbag.py:540} INFO - Filling up the DagBag from /home/airflow/.local/lib/python3.8/site-packages/airflow/example_dags/tutorial.py
[2024-03-25T20:37:00.070+0000] {processor.py:840} INFO - DAG(s) 'tutorial' retrieved from /home/airflow/.local/lib/python3.8/site-packages/airflow/example_dags/tutorial.py
[2024-03-25T20:37:00.082+0000] {logging_mixin.py:188} INFO - [2024-03-25T20:37:00.082+0000] {dag.py:3047} INFO - Sync 1 DAGs
[2024-03-25T20:37:00.096+0000] {logging_mixin.py:188} INFO - [2024-03-25T20:37:00.096+0000] {dag.py:3834} INFO - Setting next_dagrun for tutorial to 2024-03-24 00:00:00+00:00, run_after=2024-03-25 00:00:00+00:00
[2024-03-25T20:37:00.107+0000] {processor.py:183} INFO - Processing /home/airflow/.local/lib/python3.8/site-packages/airflow/example_dags/tutorial.py took 0.045 seconds
[2024-03-25T20:37:30.738+0000] {processor.py:161} INFO - Started process (PID=1308) to work on /home/airflow/.local/lib/python3.8/site-packages/airflow/example_dags/tutorial.py
[2024-03-25T20:37:30.739+0000] {processor.py:830} INFO - Processing file /home/airflow/.local/lib/python3.8/site-packages/airflow/example_dags/tutorial.py for tasks to queue
[2024-03-25T20:37:30.740+0000] {logging_mixin.py:188} INFO - [2024-03-25T20:37:30.740+0000] {dagbag.py:540} INFO - Filling up the DagBag from /home/airflow/.local/lib/python3.8/site-packages/airflow/example_dags/tutorial.py
[2024-03-25T20:37:30.744+0000] {processor.py:840} INFO - DAG(s) 'tutorial' retrieved from /home/airflow/.local/lib/python3.8/site-packages/airflow/example_dags/tutorial.py
[2024-03-25T20:37:30.755+0000] {logging_mixin.py:188} INFO - [2024-03-25T20:37:30.755+0000] {dag.py:3047} INFO - Sync 1 DAGs
[2024-03-25T20:37:30.766+0000] {logging_mixin.py:188} INFO - [2024-03-25T20:37:30.766+0000] {dag.py:3834} INFO - Setting next_dagrun for tutorial to 2024-03-24 00:00:00+00:00, run_after=2024-03-25 00:00:00+00:00
[2024-03-25T20:37:30.774+0000] {processor.py:183} INFO - Processing /home/airflow/.local/lib/python3.8/site-packages/airflow/example_dags/tutorial.py took 0.038 seconds
[2024-03-25T20:38:01.506+0000] {processor.py:161} INFO - Started process (PID=1364) to work on /home/airflow/.local/lib/python3.8/site-packages/airflow/example_dags/tutorial.py
[2024-03-25T20:38:01.506+0000] {processor.py:830} INFO - Processing file /home/airflow/.local/lib/python3.8/site-packages/airflow/example_dags/tutorial.py for tasks to queue
[2024-03-25T20:38:01.507+0000] {logging_mixin.py:188} INFO - [2024-03-25T20:38:01.507+0000] {dagbag.py:540} INFO - Filling up the DagBag from /home/airflow/.local/lib/python3.8/site-packages/airflow/example_dags/tutorial.py
[2024-03-25T20:38:01.511+0000] {processor.py:840} INFO - DAG(s) 'tutorial' retrieved from /home/airflow/.local/lib/python3.8/site-packages/airflow/example_dags/tutorial.py
[2024-03-25T20:38:01.521+0000] {logging_mixin.py:188} INFO - [2024-03-25T20:38:01.521+0000] {dag.py:3047} INFO - Sync 1 DAGs
[2024-03-25T20:38:01.532+0000] {logging_mixin.py:188} INFO - [2024-03-25T20:38:01.531+0000] {dag.py:3834} INFO - Setting next_dagrun for tutorial to 2024-03-24 00:00:00+00:00, run_after=2024-03-25 00:00:00+00:00
[2024-03-25T20:38:01.540+0000] {processor.py:183} INFO - Processing /home/airflow/.local/lib/python3.8/site-packages/airflow/example_dags/tutorial.py took 0.036 seconds
[2024-03-25T20:38:31.951+0000] {processor.py:161} INFO - Started process (PID=1420) to work on /home/airflow/.local/lib/python3.8/site-packages/airflow/example_dags/tutorial.py
[2024-03-25T20:38:31.951+0000] {processor.py:830} INFO - Processing file /home/airflow/.local/lib/python3.8/site-packages/airflow/example_dags/tutorial.py for tasks to queue
[2024-03-25T20:38:31.952+0000] {logging_mixin.py:188} INFO - [2024-03-25T20:38:31.952+0000] {dagbag.py:540} INFO - Filling up the DagBag from /home/airflow/.local/lib/python3.8/site-packages/airflow/example_dags/tutorial.py
[2024-03-25T20:38:31.955+0000] {processor.py:840} INFO - DAG(s) 'tutorial' retrieved from /home/airflow/.local/lib/python3.8/site-packages/airflow/example_dags/tutorial.py
[2024-03-25T20:38:31.966+0000] {logging_mixin.py:188} INFO - [2024-03-25T20:38:31.966+0000] {dag.py:3047} INFO - Sync 1 DAGs
[2024-03-25T20:38:31.976+0000] {logging_mixin.py:188} INFO - [2024-03-25T20:38:31.976+0000] {dag.py:3834} INFO - Setting next_dagrun for tutorial to 2024-03-24 00:00:00+00:00, run_after=2024-03-25 00:00:00+00:00
[2024-03-25T20:38:31.985+0000] {processor.py:183} INFO - Processing /home/airflow/.local/lib/python3.8/site-packages/airflow/example_dags/tutorial.py took 0.037 seconds
[2024-03-25T20:39:02.522+0000] {processor.py:161} INFO - Started process (PID=1476) to work on /home/airflow/.local/lib/python3.8/site-packages/airflow/example_dags/tutorial.py
[2024-03-25T20:39:02.523+0000] {processor.py:830} INFO - Processing file /home/airflow/.local/lib/python3.8/site-packages/airflow/example_dags/tutorial.py for tasks to queue
[2024-03-25T20:39:02.524+0000] {logging_mixin.py:188} INFO - [2024-03-25T20:39:02.524+0000] {dagbag.py:540} INFO - Filling up the DagBag from /home/airflow/.local/lib/python3.8/site-packages/airflow/example_dags/tutorial.py
[2024-03-25T20:39:02.527+0000] {processor.py:840} INFO - DAG(s) 'tutorial' retrieved from /home/airflow/.local/lib/python3.8/site-packages/airflow/example_dags/tutorial.py
[2024-03-25T20:39:02.540+0000] {logging_mixin.py:188} INFO - [2024-03-25T20:39:02.540+0000] {dag.py:3047} INFO - Sync 1 DAGs
[2024-03-25T20:39:02.552+0000] {logging_mixin.py:188} INFO - [2024-03-25T20:39:02.551+0000] {dag.py:3834} INFO - Setting next_dagrun for tutorial to 2024-03-24 00:00:00+00:00, run_after=2024-03-25 00:00:00+00:00
[2024-03-25T20:39:02.562+0000] {processor.py:183} INFO - Processing /home/airflow/.local/lib/python3.8/site-packages/airflow/example_dags/tutorial.py took 0.042 seconds
[2024-03-25T20:39:33.081+0000] {processor.py:161} INFO - Started process (PID=1532) to work on /home/airflow/.local/lib/python3.8/site-packages/airflow/example_dags/tutorial.py
[2024-03-25T20:39:33.081+0000] {processor.py:830} INFO - Processing file /home/airflow/.local/lib/python3.8/site-packages/airflow/example_dags/tutorial.py for tasks to queue
[2024-03-25T20:39:33.082+0000] {logging_mixin.py:188} INFO - [2024-03-25T20:39:33.082+0000] {dagbag.py:540} INFO - Filling up the DagBag from /home/airflow/.local/lib/python3.8/site-packages/airflow/example_dags/tutorial.py
[2024-03-25T20:39:33.086+0000] {processor.py:840} INFO - DAG(s) 'tutorial' retrieved from /home/airflow/.local/lib/python3.8/site-packages/airflow/example_dags/tutorial.py
[2024-03-25T20:39:33.097+0000] {logging_mixin.py:188} INFO - [2024-03-25T20:39:33.097+0000] {dag.py:3047} INFO - Sync 1 DAGs
[2024-03-25T20:39:33.109+0000] {logging_mixin.py:188} INFO - [2024-03-25T20:39:33.109+0000] {dag.py:3834} INFO - Setting next_dagrun for tutorial to 2024-03-24 00:00:00+00:00, run_after=2024-03-25 00:00:00+00:00
[2024-03-25T20:39:33.118+0000] {processor.py:183} INFO - Processing /home/airflow/.local/lib/python3.8/site-packages/airflow/example_dags/tutorial.py took 0.039 seconds
[2024-03-25T20:40:03.517+0000] {processor.py:161} INFO - Started process (PID=1588) to work on /home/airflow/.local/lib/python3.8/site-packages/airflow/example_dags/tutorial.py
[2024-03-25T20:40:03.518+0000] {processor.py:830} INFO - Processing file /home/airflow/.local/lib/python3.8/site-packages/airflow/example_dags/tutorial.py for tasks to queue
[2024-03-25T20:40:03.519+0000] {logging_mixin.py:188} INFO - [2024-03-25T20:40:03.519+0000] {dagbag.py:540} INFO - Filling up the DagBag from /home/airflow/.local/lib/python3.8/site-packages/airflow/example_dags/tutorial.py
[2024-03-25T20:40:03.522+0000] {processor.py:840} INFO - DAG(s) 'tutorial' retrieved from /home/airflow/.local/lib/python3.8/site-packages/airflow/example_dags/tutorial.py
[2024-03-25T20:40:03.533+0000] {logging_mixin.py:188} INFO - [2024-03-25T20:40:03.533+0000] {dag.py:3047} INFO - Sync 1 DAGs
[2024-03-25T20:40:03.544+0000] {logging_mixin.py:188} INFO - [2024-03-25T20:40:03.544+0000] {dag.py:3834} INFO - Setting next_dagrun for tutorial to 2024-03-24 00:00:00+00:00, run_after=2024-03-25 00:00:00+00:00
[2024-03-25T20:40:03.554+0000] {processor.py:183} INFO - Processing /home/airflow/.local/lib/python3.8/site-packages/airflow/example_dags/tutorial.py took 0.038 seconds
