[2024-03-25T20:19:38.218+0000] {processor.py:161} INFO - Started process (PID=78) to work on /home/airflow/.local/lib/python3.8/site-packages/airflow/example_dags/tutorial_dag.py
[2024-03-25T20:19:38.223+0000] {processor.py:830} INFO - Processing file /home/airflow/.local/lib/python3.8/site-packages/airflow/example_dags/tutorial_dag.py for tasks to queue
[2024-03-25T20:19:38.229+0000] {logging_mixin.py:188} INFO - [2024-03-25T20:19:38.228+0000] {dagbag.py:540} INFO - Filling up the DagBag from /home/airflow/.local/lib/python3.8/site-packages/airflow/example_dags/tutorial_dag.py
[2024-03-25T20:19:38.252+0000] {processor.py:840} INFO - DAG(s) 'tutorial_dag' retrieved from /home/airflow/.local/lib/python3.8/site-packages/airflow/example_dags/tutorial_dag.py
[2024-03-25T20:19:38.275+0000] {logging_mixin.py:188} INFO - [2024-03-25T20:19:38.274+0000] {dag.py:3047} INFO - Sync 1 DAGs
[2024-03-25T20:19:38.282+0000] {logging_mixin.py:188} INFO - [2024-03-25T20:19:38.282+0000] {dag.py:3834} INFO - Setting next_dagrun for tutorial_dag to None, run_after=None
[2024-03-25T20:19:38.293+0000] {processor.py:183} INFO - Processing /home/airflow/.local/lib/python3.8/site-packages/airflow/example_dags/tutorial_dag.py took 0.079 seconds
[2024-03-25T20:20:08.423+0000] {processor.py:161} INFO - Started process (PID=134) to work on /home/airflow/.local/lib/python3.8/site-packages/airflow/example_dags/tutorial_dag.py
[2024-03-25T20:20:08.424+0000] {processor.py:830} INFO - Processing file /home/airflow/.local/lib/python3.8/site-packages/airflow/example_dags/tutorial_dag.py for tasks to queue
[2024-03-25T20:20:08.425+0000] {logging_mixin.py:188} INFO - [2024-03-25T20:20:08.424+0000] {dagbag.py:540} INFO - Filling up the DagBag from /home/airflow/.local/lib/python3.8/site-packages/airflow/example_dags/tutorial_dag.py
[2024-03-25T20:20:08.428+0000] {processor.py:840} INFO - DAG(s) 'tutorial_dag' retrieved from /home/airflow/.local/lib/python3.8/site-packages/airflow/example_dags/tutorial_dag.py
[2024-03-25T20:20:08.438+0000] {logging_mixin.py:188} INFO - [2024-03-25T20:20:08.438+0000] {dag.py:3047} INFO - Sync 1 DAGs
[2024-03-25T20:20:08.444+0000] {logging_mixin.py:188} INFO - [2024-03-25T20:20:08.443+0000] {dag.py:3834} INFO - Setting next_dagrun for tutorial_dag to None, run_after=None
[2024-03-25T20:20:08.452+0000] {processor.py:183} INFO - Processing /home/airflow/.local/lib/python3.8/site-packages/airflow/example_dags/tutorial_dag.py took 0.031 seconds
[2024-03-25T20:26:15.472+0000] {processor.py:161} INFO - Started process (PID=77) to work on /home/airflow/.local/lib/python3.8/site-packages/airflow/example_dags/tutorial_dag.py
[2024-03-25T20:26:15.473+0000] {processor.py:830} INFO - Processing file /home/airflow/.local/lib/python3.8/site-packages/airflow/example_dags/tutorial_dag.py for tasks to queue
[2024-03-25T20:26:15.474+0000] {logging_mixin.py:188} INFO - [2024-03-25T20:26:15.474+0000] {dagbag.py:540} INFO - Filling up the DagBag from /home/airflow/.local/lib/python3.8/site-packages/airflow/example_dags/tutorial_dag.py
[2024-03-25T20:26:15.477+0000] {processor.py:840} INFO - DAG(s) 'tutorial_dag' retrieved from /home/airflow/.local/lib/python3.8/site-packages/airflow/example_dags/tutorial_dag.py
[2024-03-25T20:26:15.487+0000] {logging_mixin.py:188} INFO - [2024-03-25T20:26:15.487+0000] {dag.py:3047} INFO - Sync 1 DAGs
[2024-03-25T20:26:15.494+0000] {logging_mixin.py:188} INFO - [2024-03-25T20:26:15.494+0000] {dag.py:3834} INFO - Setting next_dagrun for tutorial_dag to None, run_after=None
[2024-03-25T20:26:15.504+0000] {processor.py:183} INFO - Processing /home/airflow/.local/lib/python3.8/site-packages/airflow/example_dags/tutorial_dag.py took 0.033 seconds
[2024-03-25T20:26:45.518+0000] {processor.py:161} INFO - Started process (PID=131) to work on /home/airflow/.local/lib/python3.8/site-packages/airflow/example_dags/tutorial_dag.py
[2024-03-25T20:26:45.518+0000] {processor.py:830} INFO - Processing file /home/airflow/.local/lib/python3.8/site-packages/airflow/example_dags/tutorial_dag.py for tasks to queue
[2024-03-25T20:26:45.519+0000] {logging_mixin.py:188} INFO - [2024-03-25T20:26:45.519+0000] {dagbag.py:540} INFO - Filling up the DagBag from /home/airflow/.local/lib/python3.8/site-packages/airflow/example_dags/tutorial_dag.py
[2024-03-25T20:26:45.522+0000] {processor.py:840} INFO - DAG(s) 'tutorial_dag' retrieved from /home/airflow/.local/lib/python3.8/site-packages/airflow/example_dags/tutorial_dag.py
[2024-03-25T20:26:45.531+0000] {logging_mixin.py:188} INFO - [2024-03-25T20:26:45.531+0000] {dag.py:3047} INFO - Sync 1 DAGs
[2024-03-25T20:26:45.537+0000] {logging_mixin.py:188} INFO - [2024-03-25T20:26:45.537+0000] {dag.py:3834} INFO - Setting next_dagrun for tutorial_dag to None, run_after=None
[2024-03-25T20:26:45.545+0000] {processor.py:183} INFO - Processing /home/airflow/.local/lib/python3.8/site-packages/airflow/example_dags/tutorial_dag.py took 0.029 seconds
[2024-03-25T20:27:17.021+0000] {processor.py:161} INFO - Started process (PID=188) to work on /home/airflow/.local/lib/python3.8/site-packages/airflow/example_dags/tutorial_dag.py
[2024-03-25T20:27:17.021+0000] {processor.py:830} INFO - Processing file /home/airflow/.local/lib/python3.8/site-packages/airflow/example_dags/tutorial_dag.py for tasks to queue
[2024-03-25T20:27:17.023+0000] {logging_mixin.py:188} INFO - [2024-03-25T20:27:17.022+0000] {dagbag.py:540} INFO - Filling up the DagBag from /home/airflow/.local/lib/python3.8/site-packages/airflow/example_dags/tutorial_dag.py
[2024-03-25T20:27:17.027+0000] {processor.py:840} INFO - DAG(s) 'tutorial_dag' retrieved from /home/airflow/.local/lib/python3.8/site-packages/airflow/example_dags/tutorial_dag.py
[2024-03-25T20:27:17.038+0000] {logging_mixin.py:188} INFO - [2024-03-25T20:27:17.038+0000] {dag.py:3047} INFO - Sync 1 DAGs
[2024-03-25T20:27:17.045+0000] {logging_mixin.py:188} INFO - [2024-03-25T20:27:17.045+0000] {dag.py:3834} INFO - Setting next_dagrun for tutorial_dag to None, run_after=None
[2024-03-25T20:27:17.055+0000] {processor.py:183} INFO - Processing /home/airflow/.local/lib/python3.8/site-packages/airflow/example_dags/tutorial_dag.py took 0.036 seconds
[2024-03-25T20:27:47.985+0000] {processor.py:161} INFO - Started process (PID=244) to work on /home/airflow/.local/lib/python3.8/site-packages/airflow/example_dags/tutorial_dag.py
[2024-03-25T20:27:47.985+0000] {processor.py:830} INFO - Processing file /home/airflow/.local/lib/python3.8/site-packages/airflow/example_dags/tutorial_dag.py for tasks to queue
[2024-03-25T20:27:47.986+0000] {logging_mixin.py:188} INFO - [2024-03-25T20:27:47.986+0000] {dagbag.py:540} INFO - Filling up the DagBag from /home/airflow/.local/lib/python3.8/site-packages/airflow/example_dags/tutorial_dag.py
[2024-03-25T20:27:47.989+0000] {processor.py:840} INFO - DAG(s) 'tutorial_dag' retrieved from /home/airflow/.local/lib/python3.8/site-packages/airflow/example_dags/tutorial_dag.py
[2024-03-25T20:27:48.000+0000] {logging_mixin.py:188} INFO - [2024-03-25T20:27:47.999+0000] {dag.py:3047} INFO - Sync 1 DAGs
[2024-03-25T20:27:48.007+0000] {logging_mixin.py:188} INFO - [2024-03-25T20:27:48.007+0000] {dag.py:3834} INFO - Setting next_dagrun for tutorial_dag to None, run_after=None
[2024-03-25T20:27:48.016+0000] {processor.py:183} INFO - Processing /home/airflow/.local/lib/python3.8/site-packages/airflow/example_dags/tutorial_dag.py took 0.033 seconds
[2024-03-25T20:28:19.112+0000] {processor.py:161} INFO - Started process (PID=300) to work on /home/airflow/.local/lib/python3.8/site-packages/airflow/example_dags/tutorial_dag.py
[2024-03-25T20:28:19.112+0000] {processor.py:830} INFO - Processing file /home/airflow/.local/lib/python3.8/site-packages/airflow/example_dags/tutorial_dag.py for tasks to queue
[2024-03-25T20:28:19.114+0000] {logging_mixin.py:188} INFO - [2024-03-25T20:28:19.114+0000] {dagbag.py:540} INFO - Filling up the DagBag from /home/airflow/.local/lib/python3.8/site-packages/airflow/example_dags/tutorial_dag.py
[2024-03-25T20:28:19.120+0000] {processor.py:840} INFO - DAG(s) 'tutorial_dag' retrieved from /home/airflow/.local/lib/python3.8/site-packages/airflow/example_dags/tutorial_dag.py
[2024-03-25T20:28:19.132+0000] {logging_mixin.py:188} INFO - [2024-03-25T20:28:19.132+0000] {dag.py:3047} INFO - Sync 1 DAGs
[2024-03-25T20:28:19.138+0000] {logging_mixin.py:188} INFO - [2024-03-25T20:28:19.138+0000] {dag.py:3834} INFO - Setting next_dagrun for tutorial_dag to None, run_after=None
[2024-03-25T20:28:19.146+0000] {processor.py:183} INFO - Processing /home/airflow/.local/lib/python3.8/site-packages/airflow/example_dags/tutorial_dag.py took 0.037 seconds
[2024-03-25T20:28:50.360+0000] {processor.py:161} INFO - Started process (PID=356) to work on /home/airflow/.local/lib/python3.8/site-packages/airflow/example_dags/tutorial_dag.py
[2024-03-25T20:28:50.361+0000] {processor.py:830} INFO - Processing file /home/airflow/.local/lib/python3.8/site-packages/airflow/example_dags/tutorial_dag.py for tasks to queue
[2024-03-25T20:28:50.362+0000] {logging_mixin.py:188} INFO - [2024-03-25T20:28:50.361+0000] {dagbag.py:540} INFO - Filling up the DagBag from /home/airflow/.local/lib/python3.8/site-packages/airflow/example_dags/tutorial_dag.py
[2024-03-25T20:28:50.365+0000] {processor.py:840} INFO - DAG(s) 'tutorial_dag' retrieved from /home/airflow/.local/lib/python3.8/site-packages/airflow/example_dags/tutorial_dag.py
[2024-03-25T20:28:50.376+0000] {logging_mixin.py:188} INFO - [2024-03-25T20:28:50.376+0000] {dag.py:3047} INFO - Sync 1 DAGs
[2024-03-25T20:28:50.382+0000] {logging_mixin.py:188} INFO - [2024-03-25T20:28:50.382+0000] {dag.py:3834} INFO - Setting next_dagrun for tutorial_dag to None, run_after=None
[2024-03-25T20:28:50.392+0000] {processor.py:183} INFO - Processing /home/airflow/.local/lib/python3.8/site-packages/airflow/example_dags/tutorial_dag.py took 0.035 seconds
[2024-03-25T20:29:21.373+0000] {processor.py:161} INFO - Started process (PID=412) to work on /home/airflow/.local/lib/python3.8/site-packages/airflow/example_dags/tutorial_dag.py
[2024-03-25T20:29:21.374+0000] {processor.py:830} INFO - Processing file /home/airflow/.local/lib/python3.8/site-packages/airflow/example_dags/tutorial_dag.py for tasks to queue
[2024-03-25T20:29:21.375+0000] {logging_mixin.py:188} INFO - [2024-03-25T20:29:21.375+0000] {dagbag.py:540} INFO - Filling up the DagBag from /home/airflow/.local/lib/python3.8/site-packages/airflow/example_dags/tutorial_dag.py
[2024-03-25T20:29:21.379+0000] {processor.py:840} INFO - DAG(s) 'tutorial_dag' retrieved from /home/airflow/.local/lib/python3.8/site-packages/airflow/example_dags/tutorial_dag.py
[2024-03-25T20:29:21.393+0000] {logging_mixin.py:188} INFO - [2024-03-25T20:29:21.393+0000] {dag.py:3047} INFO - Sync 1 DAGs
[2024-03-25T20:29:21.399+0000] {logging_mixin.py:188} INFO - [2024-03-25T20:29:21.399+0000] {dag.py:3834} INFO - Setting next_dagrun for tutorial_dag to None, run_after=None
[2024-03-25T20:29:21.408+0000] {processor.py:183} INFO - Processing /home/airflow/.local/lib/python3.8/site-packages/airflow/example_dags/tutorial_dag.py took 0.037 seconds
[2024-03-25T20:29:52.159+0000] {processor.py:161} INFO - Started process (PID=476) to work on /home/airflow/.local/lib/python3.8/site-packages/airflow/example_dags/tutorial_dag.py
[2024-03-25T20:29:52.161+0000] {processor.py:830} INFO - Processing file /home/airflow/.local/lib/python3.8/site-packages/airflow/example_dags/tutorial_dag.py for tasks to queue
[2024-03-25T20:29:52.164+0000] {logging_mixin.py:188} INFO - [2024-03-25T20:29:52.164+0000] {dagbag.py:540} INFO - Filling up the DagBag from /home/airflow/.local/lib/python3.8/site-packages/airflow/example_dags/tutorial_dag.py
[2024-03-25T20:29:52.192+0000] {processor.py:840} INFO - DAG(s) 'tutorial_dag' retrieved from /home/airflow/.local/lib/python3.8/site-packages/airflow/example_dags/tutorial_dag.py
[2024-03-25T20:29:52.242+0000] {logging_mixin.py:188} INFO - [2024-03-25T20:29:52.241+0000] {dag.py:3047} INFO - Sync 1 DAGs
[2024-03-25T20:29:52.300+0000] {logging_mixin.py:188} INFO - [2024-03-25T20:29:52.300+0000] {dag.py:3834} INFO - Setting next_dagrun for tutorial_dag to None, run_after=None
[2024-03-25T20:29:52.388+0000] {processor.py:183} INFO - Processing /home/airflow/.local/lib/python3.8/site-packages/airflow/example_dags/tutorial_dag.py took 0.233 seconds
[2024-03-25T20:30:22.752+0000] {processor.py:161} INFO - Started process (PID=532) to work on /home/airflow/.local/lib/python3.8/site-packages/airflow/example_dags/tutorial_dag.py
[2024-03-25T20:30:22.753+0000] {processor.py:830} INFO - Processing file /home/airflow/.local/lib/python3.8/site-packages/airflow/example_dags/tutorial_dag.py for tasks to queue
[2024-03-25T20:30:22.754+0000] {logging_mixin.py:188} INFO - [2024-03-25T20:30:22.754+0000] {dagbag.py:540} INFO - Filling up the DagBag from /home/airflow/.local/lib/python3.8/site-packages/airflow/example_dags/tutorial_dag.py
[2024-03-25T20:30:22.757+0000] {processor.py:840} INFO - DAG(s) 'tutorial_dag' retrieved from /home/airflow/.local/lib/python3.8/site-packages/airflow/example_dags/tutorial_dag.py
[2024-03-25T20:30:22.768+0000] {logging_mixin.py:188} INFO - [2024-03-25T20:30:22.767+0000] {dag.py:3047} INFO - Sync 1 DAGs
[2024-03-25T20:30:22.774+0000] {logging_mixin.py:188} INFO - [2024-03-25T20:30:22.773+0000] {dag.py:3834} INFO - Setting next_dagrun for tutorial_dag to None, run_after=None
[2024-03-25T20:30:22.781+0000] {processor.py:183} INFO - Processing /home/airflow/.local/lib/python3.8/site-packages/airflow/example_dags/tutorial_dag.py took 0.031 seconds
[2024-03-25T20:30:52.804+0000] {processor.py:161} INFO - Started process (PID=588) to work on /home/airflow/.local/lib/python3.8/site-packages/airflow/example_dags/tutorial_dag.py
[2024-03-25T20:30:52.805+0000] {processor.py:830} INFO - Processing file /home/airflow/.local/lib/python3.8/site-packages/airflow/example_dags/tutorial_dag.py for tasks to queue
[2024-03-25T20:30:52.805+0000] {logging_mixin.py:188} INFO - [2024-03-25T20:30:52.805+0000] {dagbag.py:540} INFO - Filling up the DagBag from /home/airflow/.local/lib/python3.8/site-packages/airflow/example_dags/tutorial_dag.py
[2024-03-25T20:30:52.808+0000] {processor.py:840} INFO - DAG(s) 'tutorial_dag' retrieved from /home/airflow/.local/lib/python3.8/site-packages/airflow/example_dags/tutorial_dag.py
[2024-03-25T20:30:52.818+0000] {logging_mixin.py:188} INFO - [2024-03-25T20:30:52.817+0000] {dag.py:3047} INFO - Sync 1 DAGs
[2024-03-25T20:30:52.823+0000] {logging_mixin.py:188} INFO - [2024-03-25T20:30:52.823+0000] {dag.py:3834} INFO - Setting next_dagrun for tutorial_dag to None, run_after=None
[2024-03-25T20:30:52.831+0000] {processor.py:183} INFO - Processing /home/airflow/.local/lib/python3.8/site-packages/airflow/example_dags/tutorial_dag.py took 0.028 seconds
[2024-03-25T20:31:23.717+0000] {processor.py:161} INFO - Started process (PID=644) to work on /home/airflow/.local/lib/python3.8/site-packages/airflow/example_dags/tutorial_dag.py
[2024-03-25T20:31:23.718+0000] {processor.py:830} INFO - Processing file /home/airflow/.local/lib/python3.8/site-packages/airflow/example_dags/tutorial_dag.py for tasks to queue
[2024-03-25T20:31:23.718+0000] {logging_mixin.py:188} INFO - [2024-03-25T20:31:23.718+0000] {dagbag.py:540} INFO - Filling up the DagBag from /home/airflow/.local/lib/python3.8/site-packages/airflow/example_dags/tutorial_dag.py
[2024-03-25T20:31:23.722+0000] {processor.py:840} INFO - DAG(s) 'tutorial_dag' retrieved from /home/airflow/.local/lib/python3.8/site-packages/airflow/example_dags/tutorial_dag.py
[2024-03-25T20:31:23.733+0000] {logging_mixin.py:188} INFO - [2024-03-25T20:31:23.733+0000] {dag.py:3047} INFO - Sync 1 DAGs
[2024-03-25T20:31:23.739+0000] {logging_mixin.py:188} INFO - [2024-03-25T20:31:23.738+0000] {dag.py:3834} INFO - Setting next_dagrun for tutorial_dag to None, run_after=None
[2024-03-25T20:31:23.751+0000] {processor.py:183} INFO - Processing /home/airflow/.local/lib/python3.8/site-packages/airflow/example_dags/tutorial_dag.py took 0.036 seconds
[2024-03-25T20:31:54.548+0000] {processor.py:161} INFO - Started process (PID=700) to work on /home/airflow/.local/lib/python3.8/site-packages/airflow/example_dags/tutorial_dag.py
[2024-03-25T20:31:54.549+0000] {processor.py:830} INFO - Processing file /home/airflow/.local/lib/python3.8/site-packages/airflow/example_dags/tutorial_dag.py for tasks to queue
[2024-03-25T20:31:54.550+0000] {logging_mixin.py:188} INFO - [2024-03-25T20:31:54.550+0000] {dagbag.py:540} INFO - Filling up the DagBag from /home/airflow/.local/lib/python3.8/site-packages/airflow/example_dags/tutorial_dag.py
[2024-03-25T20:31:54.553+0000] {processor.py:840} INFO - DAG(s) 'tutorial_dag' retrieved from /home/airflow/.local/lib/python3.8/site-packages/airflow/example_dags/tutorial_dag.py
[2024-03-25T20:31:54.565+0000] {logging_mixin.py:188} INFO - [2024-03-25T20:31:54.564+0000] {dag.py:3047} INFO - Sync 1 DAGs
[2024-03-25T20:31:54.571+0000] {logging_mixin.py:188} INFO - [2024-03-25T20:31:54.571+0000] {dag.py:3834} INFO - Setting next_dagrun for tutorial_dag to None, run_after=None
[2024-03-25T20:31:54.581+0000] {processor.py:183} INFO - Processing /home/airflow/.local/lib/python3.8/site-packages/airflow/example_dags/tutorial_dag.py took 0.034 seconds
[2024-03-25T20:32:25.043+0000] {processor.py:161} INFO - Started process (PID=756) to work on /home/airflow/.local/lib/python3.8/site-packages/airflow/example_dags/tutorial_dag.py
[2024-03-25T20:32:25.044+0000] {processor.py:830} INFO - Processing file /home/airflow/.local/lib/python3.8/site-packages/airflow/example_dags/tutorial_dag.py for tasks to queue
[2024-03-25T20:32:25.045+0000] {logging_mixin.py:188} INFO - [2024-03-25T20:32:25.045+0000] {dagbag.py:540} INFO - Filling up the DagBag from /home/airflow/.local/lib/python3.8/site-packages/airflow/example_dags/tutorial_dag.py
[2024-03-25T20:32:25.048+0000] {processor.py:840} INFO - DAG(s) 'tutorial_dag' retrieved from /home/airflow/.local/lib/python3.8/site-packages/airflow/example_dags/tutorial_dag.py
[2024-03-25T20:32:25.059+0000] {logging_mixin.py:188} INFO - [2024-03-25T20:32:25.059+0000] {dag.py:3047} INFO - Sync 1 DAGs
[2024-03-25T20:32:25.065+0000] {logging_mixin.py:188} INFO - [2024-03-25T20:32:25.065+0000] {dag.py:3834} INFO - Setting next_dagrun for tutorial_dag to None, run_after=None
[2024-03-25T20:32:25.075+0000] {processor.py:183} INFO - Processing /home/airflow/.local/lib/python3.8/site-packages/airflow/example_dags/tutorial_dag.py took 0.033 seconds
[2024-03-25T20:32:55.630+0000] {processor.py:161} INFO - Started process (PID=812) to work on /home/airflow/.local/lib/python3.8/site-packages/airflow/example_dags/tutorial_dag.py
[2024-03-25T20:32:55.630+0000] {processor.py:830} INFO - Processing file /home/airflow/.local/lib/python3.8/site-packages/airflow/example_dags/tutorial_dag.py for tasks to queue
[2024-03-25T20:32:55.631+0000] {logging_mixin.py:188} INFO - [2024-03-25T20:32:55.631+0000] {dagbag.py:540} INFO - Filling up the DagBag from /home/airflow/.local/lib/python3.8/site-packages/airflow/example_dags/tutorial_dag.py
[2024-03-25T20:32:55.635+0000] {processor.py:840} INFO - DAG(s) 'tutorial_dag' retrieved from /home/airflow/.local/lib/python3.8/site-packages/airflow/example_dags/tutorial_dag.py
[2024-03-25T20:32:55.645+0000] {logging_mixin.py:188} INFO - [2024-03-25T20:32:55.645+0000] {dag.py:3047} INFO - Sync 1 DAGs
[2024-03-25T20:32:55.651+0000] {logging_mixin.py:188} INFO - [2024-03-25T20:32:55.650+0000] {dag.py:3834} INFO - Setting next_dagrun for tutorial_dag to None, run_after=None
[2024-03-25T20:32:55.660+0000] {processor.py:183} INFO - Processing /home/airflow/.local/lib/python3.8/site-packages/airflow/example_dags/tutorial_dag.py took 0.032 seconds
[2024-03-25T20:33:25.994+0000] {processor.py:161} INFO - Started process (PID=868) to work on /home/airflow/.local/lib/python3.8/site-packages/airflow/example_dags/tutorial_dag.py
[2024-03-25T20:33:25.995+0000] {processor.py:830} INFO - Processing file /home/airflow/.local/lib/python3.8/site-packages/airflow/example_dags/tutorial_dag.py for tasks to queue
[2024-03-25T20:33:25.996+0000] {logging_mixin.py:188} INFO - [2024-03-25T20:33:25.996+0000] {dagbag.py:540} INFO - Filling up the DagBag from /home/airflow/.local/lib/python3.8/site-packages/airflow/example_dags/tutorial_dag.py
[2024-03-25T20:33:25.999+0000] {processor.py:840} INFO - DAG(s) 'tutorial_dag' retrieved from /home/airflow/.local/lib/python3.8/site-packages/airflow/example_dags/tutorial_dag.py
[2024-03-25T20:33:26.009+0000] {logging_mixin.py:188} INFO - [2024-03-25T20:33:26.009+0000] {dag.py:3047} INFO - Sync 1 DAGs
[2024-03-25T20:33:26.015+0000] {logging_mixin.py:188} INFO - [2024-03-25T20:33:26.015+0000] {dag.py:3834} INFO - Setting next_dagrun for tutorial_dag to None, run_after=None
[2024-03-25T20:33:26.024+0000] {processor.py:183} INFO - Processing /home/airflow/.local/lib/python3.8/site-packages/airflow/example_dags/tutorial_dag.py took 0.032 seconds
[2024-03-25T20:33:56.482+0000] {processor.py:161} INFO - Started process (PID=924) to work on /home/airflow/.local/lib/python3.8/site-packages/airflow/example_dags/tutorial_dag.py
[2024-03-25T20:33:56.482+0000] {processor.py:830} INFO - Processing file /home/airflow/.local/lib/python3.8/site-packages/airflow/example_dags/tutorial_dag.py for tasks to queue
[2024-03-25T20:33:56.483+0000] {logging_mixin.py:188} INFO - [2024-03-25T20:33:56.483+0000] {dagbag.py:540} INFO - Filling up the DagBag from /home/airflow/.local/lib/python3.8/site-packages/airflow/example_dags/tutorial_dag.py
[2024-03-25T20:33:56.486+0000] {processor.py:840} INFO - DAG(s) 'tutorial_dag' retrieved from /home/airflow/.local/lib/python3.8/site-packages/airflow/example_dags/tutorial_dag.py
[2024-03-25T20:33:56.496+0000] {logging_mixin.py:188} INFO - [2024-03-25T20:33:56.496+0000] {dag.py:3047} INFO - Sync 1 DAGs
[2024-03-25T20:33:56.501+0000] {logging_mixin.py:188} INFO - [2024-03-25T20:33:56.501+0000] {dag.py:3834} INFO - Setting next_dagrun for tutorial_dag to None, run_after=None
[2024-03-25T20:33:56.510+0000] {processor.py:183} INFO - Processing /home/airflow/.local/lib/python3.8/site-packages/airflow/example_dags/tutorial_dag.py took 0.030 seconds
[2024-03-25T20:34:27.259+0000] {processor.py:161} INFO - Started process (PID=979) to work on /home/airflow/.local/lib/python3.8/site-packages/airflow/example_dags/tutorial_dag.py
[2024-03-25T20:34:27.259+0000] {processor.py:830} INFO - Processing file /home/airflow/.local/lib/python3.8/site-packages/airflow/example_dags/tutorial_dag.py for tasks to queue
[2024-03-25T20:34:27.260+0000] {logging_mixin.py:188} INFO - [2024-03-25T20:34:27.260+0000] {dagbag.py:540} INFO - Filling up the DagBag from /home/airflow/.local/lib/python3.8/site-packages/airflow/example_dags/tutorial_dag.py
[2024-03-25T20:34:27.264+0000] {processor.py:840} INFO - DAG(s) 'tutorial_dag' retrieved from /home/airflow/.local/lib/python3.8/site-packages/airflow/example_dags/tutorial_dag.py
[2024-03-25T20:34:27.274+0000] {logging_mixin.py:188} INFO - [2024-03-25T20:34:27.274+0000] {dag.py:3047} INFO - Sync 1 DAGs
[2024-03-25T20:34:27.280+0000] {logging_mixin.py:188} INFO - [2024-03-25T20:34:27.280+0000] {dag.py:3834} INFO - Setting next_dagrun for tutorial_dag to None, run_after=None
[2024-03-25T20:34:27.289+0000] {processor.py:183} INFO - Processing /home/airflow/.local/lib/python3.8/site-packages/airflow/example_dags/tutorial_dag.py took 0.032 seconds
[2024-03-25T20:34:57.969+0000] {processor.py:161} INFO - Started process (PID=1035) to work on /home/airflow/.local/lib/python3.8/site-packages/airflow/example_dags/tutorial_dag.py
[2024-03-25T20:34:57.970+0000] {processor.py:830} INFO - Processing file /home/airflow/.local/lib/python3.8/site-packages/airflow/example_dags/tutorial_dag.py for tasks to queue
[2024-03-25T20:34:57.971+0000] {logging_mixin.py:188} INFO - [2024-03-25T20:34:57.971+0000] {dagbag.py:540} INFO - Filling up the DagBag from /home/airflow/.local/lib/python3.8/site-packages/airflow/example_dags/tutorial_dag.py
[2024-03-25T20:34:57.974+0000] {processor.py:840} INFO - DAG(s) 'tutorial_dag' retrieved from /home/airflow/.local/lib/python3.8/site-packages/airflow/example_dags/tutorial_dag.py
[2024-03-25T20:34:57.984+0000] {logging_mixin.py:188} INFO - [2024-03-25T20:34:57.984+0000] {dag.py:3047} INFO - Sync 1 DAGs
[2024-03-25T20:34:57.990+0000] {logging_mixin.py:188} INFO - [2024-03-25T20:34:57.990+0000] {dag.py:3834} INFO - Setting next_dagrun for tutorial_dag to None, run_after=None
[2024-03-25T20:34:58.000+0000] {processor.py:183} INFO - Processing /home/airflow/.local/lib/python3.8/site-packages/airflow/example_dags/tutorial_dag.py took 0.032 seconds
[2024-03-25T20:35:28.556+0000] {processor.py:161} INFO - Started process (PID=1091) to work on /home/airflow/.local/lib/python3.8/site-packages/airflow/example_dags/tutorial_dag.py
[2024-03-25T20:35:28.557+0000] {processor.py:830} INFO - Processing file /home/airflow/.local/lib/python3.8/site-packages/airflow/example_dags/tutorial_dag.py for tasks to queue
[2024-03-25T20:35:28.558+0000] {logging_mixin.py:188} INFO - [2024-03-25T20:35:28.558+0000] {dagbag.py:540} INFO - Filling up the DagBag from /home/airflow/.local/lib/python3.8/site-packages/airflow/example_dags/tutorial_dag.py
[2024-03-25T20:35:28.561+0000] {processor.py:840} INFO - DAG(s) 'tutorial_dag' retrieved from /home/airflow/.local/lib/python3.8/site-packages/airflow/example_dags/tutorial_dag.py
[2024-03-25T20:35:28.571+0000] {logging_mixin.py:188} INFO - [2024-03-25T20:35:28.571+0000] {dag.py:3047} INFO - Sync 1 DAGs
[2024-03-25T20:35:28.576+0000] {logging_mixin.py:188} INFO - [2024-03-25T20:35:28.576+0000] {dag.py:3834} INFO - Setting next_dagrun for tutorial_dag to None, run_after=None
[2024-03-25T20:35:28.584+0000] {processor.py:183} INFO - Processing /home/airflow/.local/lib/python3.8/site-packages/airflow/example_dags/tutorial_dag.py took 0.029 seconds
[2024-03-25T20:35:59.032+0000] {processor.py:161} INFO - Started process (PID=1147) to work on /home/airflow/.local/lib/python3.8/site-packages/airflow/example_dags/tutorial_dag.py
[2024-03-25T20:35:59.033+0000] {processor.py:830} INFO - Processing file /home/airflow/.local/lib/python3.8/site-packages/airflow/example_dags/tutorial_dag.py for tasks to queue
[2024-03-25T20:35:59.034+0000] {logging_mixin.py:188} INFO - [2024-03-25T20:35:59.034+0000] {dagbag.py:540} INFO - Filling up the DagBag from /home/airflow/.local/lib/python3.8/site-packages/airflow/example_dags/tutorial_dag.py
[2024-03-25T20:35:59.038+0000] {processor.py:840} INFO - DAG(s) 'tutorial_dag' retrieved from /home/airflow/.local/lib/python3.8/site-packages/airflow/example_dags/tutorial_dag.py
[2024-03-25T20:35:59.050+0000] {logging_mixin.py:188} INFO - [2024-03-25T20:35:59.050+0000] {dag.py:3047} INFO - Sync 1 DAGs
[2024-03-25T20:35:59.058+0000] {logging_mixin.py:188} INFO - [2024-03-25T20:35:59.058+0000] {dag.py:3834} INFO - Setting next_dagrun for tutorial_dag to None, run_after=None
[2024-03-25T20:35:59.067+0000] {processor.py:183} INFO - Processing /home/airflow/.local/lib/python3.8/site-packages/airflow/example_dags/tutorial_dag.py took 0.037 seconds
[2024-03-25T20:36:29.583+0000] {processor.py:161} INFO - Started process (PID=1203) to work on /home/airflow/.local/lib/python3.8/site-packages/airflow/example_dags/tutorial_dag.py
[2024-03-25T20:36:29.583+0000] {processor.py:830} INFO - Processing file /home/airflow/.local/lib/python3.8/site-packages/airflow/example_dags/tutorial_dag.py for tasks to queue
[2024-03-25T20:36:29.584+0000] {logging_mixin.py:188} INFO - [2024-03-25T20:36:29.584+0000] {dagbag.py:540} INFO - Filling up the DagBag from /home/airflow/.local/lib/python3.8/site-packages/airflow/example_dags/tutorial_dag.py
[2024-03-25T20:36:29.587+0000] {processor.py:840} INFO - DAG(s) 'tutorial_dag' retrieved from /home/airflow/.local/lib/python3.8/site-packages/airflow/example_dags/tutorial_dag.py
[2024-03-25T20:36:29.598+0000] {logging_mixin.py:188} INFO - [2024-03-25T20:36:29.598+0000] {dag.py:3047} INFO - Sync 1 DAGs
[2024-03-25T20:36:29.604+0000] {logging_mixin.py:188} INFO - [2024-03-25T20:36:29.604+0000] {dag.py:3834} INFO - Setting next_dagrun for tutorial_dag to None, run_after=None
[2024-03-25T20:36:29.613+0000] {processor.py:183} INFO - Processing /home/airflow/.local/lib/python3.8/site-packages/airflow/example_dags/tutorial_dag.py took 0.032 seconds
[2024-03-25T20:37:00.236+0000] {processor.py:161} INFO - Started process (PID=1258) to work on /home/airflow/.local/lib/python3.8/site-packages/airflow/example_dags/tutorial_dag.py
[2024-03-25T20:37:00.237+0000] {processor.py:830} INFO - Processing file /home/airflow/.local/lib/python3.8/site-packages/airflow/example_dags/tutorial_dag.py for tasks to queue
[2024-03-25T20:37:00.239+0000] {logging_mixin.py:188} INFO - [2024-03-25T20:37:00.239+0000] {dagbag.py:540} INFO - Filling up the DagBag from /home/airflow/.local/lib/python3.8/site-packages/airflow/example_dags/tutorial_dag.py
[2024-03-25T20:37:00.243+0000] {processor.py:840} INFO - DAG(s) 'tutorial_dag' retrieved from /home/airflow/.local/lib/python3.8/site-packages/airflow/example_dags/tutorial_dag.py
[2024-03-25T20:37:00.258+0000] {logging_mixin.py:188} INFO - [2024-03-25T20:37:00.258+0000] {dag.py:3047} INFO - Sync 1 DAGs
[2024-03-25T20:37:00.265+0000] {logging_mixin.py:188} INFO - [2024-03-25T20:37:00.265+0000] {dag.py:3834} INFO - Setting next_dagrun for tutorial_dag to None, run_after=None
[2024-03-25T20:37:00.277+0000] {processor.py:183} INFO - Processing /home/airflow/.local/lib/python3.8/site-packages/airflow/example_dags/tutorial_dag.py took 0.043 seconds
[2024-03-25T20:37:30.919+0000] {processor.py:161} INFO - Started process (PID=1314) to work on /home/airflow/.local/lib/python3.8/site-packages/airflow/example_dags/tutorial_dag.py
[2024-03-25T20:37:30.920+0000] {processor.py:830} INFO - Processing file /home/airflow/.local/lib/python3.8/site-packages/airflow/example_dags/tutorial_dag.py for tasks to queue
[2024-03-25T20:37:30.921+0000] {logging_mixin.py:188} INFO - [2024-03-25T20:37:30.921+0000] {dagbag.py:540} INFO - Filling up the DagBag from /home/airflow/.local/lib/python3.8/site-packages/airflow/example_dags/tutorial_dag.py
[2024-03-25T20:37:30.924+0000] {processor.py:840} INFO - DAG(s) 'tutorial_dag' retrieved from /home/airflow/.local/lib/python3.8/site-packages/airflow/example_dags/tutorial_dag.py
[2024-03-25T20:37:30.939+0000] {logging_mixin.py:188} INFO - [2024-03-25T20:37:30.938+0000] {dag.py:3047} INFO - Sync 1 DAGs
[2024-03-25T20:37:30.946+0000] {logging_mixin.py:188} INFO - [2024-03-25T20:37:30.946+0000] {dag.py:3834} INFO - Setting next_dagrun for tutorial_dag to None, run_after=None
[2024-03-25T20:37:30.982+0000] {processor.py:183} INFO - Processing /home/airflow/.local/lib/python3.8/site-packages/airflow/example_dags/tutorial_dag.py took 0.065 seconds
[2024-03-25T20:38:01.645+0000] {processor.py:161} INFO - Started process (PID=1370) to work on /home/airflow/.local/lib/python3.8/site-packages/airflow/example_dags/tutorial_dag.py
[2024-03-25T20:38:01.646+0000] {processor.py:830} INFO - Processing file /home/airflow/.local/lib/python3.8/site-packages/airflow/example_dags/tutorial_dag.py for tasks to queue
[2024-03-25T20:38:01.647+0000] {logging_mixin.py:188} INFO - [2024-03-25T20:38:01.646+0000] {dagbag.py:540} INFO - Filling up the DagBag from /home/airflow/.local/lib/python3.8/site-packages/airflow/example_dags/tutorial_dag.py
[2024-03-25T20:38:01.649+0000] {processor.py:840} INFO - DAG(s) 'tutorial_dag' retrieved from /home/airflow/.local/lib/python3.8/site-packages/airflow/example_dags/tutorial_dag.py
[2024-03-25T20:38:01.659+0000] {logging_mixin.py:188} INFO - [2024-03-25T20:38:01.659+0000] {dag.py:3047} INFO - Sync 1 DAGs
[2024-03-25T20:38:01.665+0000] {logging_mixin.py:188} INFO - [2024-03-25T20:38:01.665+0000] {dag.py:3834} INFO - Setting next_dagrun for tutorial_dag to None, run_after=None
[2024-03-25T20:38:01.674+0000] {processor.py:183} INFO - Processing /home/airflow/.local/lib/python3.8/site-packages/airflow/example_dags/tutorial_dag.py took 0.031 seconds
[2024-03-25T20:38:32.090+0000] {processor.py:161} INFO - Started process (PID=1426) to work on /home/airflow/.local/lib/python3.8/site-packages/airflow/example_dags/tutorial_dag.py
[2024-03-25T20:38:32.090+0000] {processor.py:830} INFO - Processing file /home/airflow/.local/lib/python3.8/site-packages/airflow/example_dags/tutorial_dag.py for tasks to queue
[2024-03-25T20:38:32.091+0000] {logging_mixin.py:188} INFO - [2024-03-25T20:38:32.091+0000] {dagbag.py:540} INFO - Filling up the DagBag from /home/airflow/.local/lib/python3.8/site-packages/airflow/example_dags/tutorial_dag.py
[2024-03-25T20:38:32.095+0000] {processor.py:840} INFO - DAG(s) 'tutorial_dag' retrieved from /home/airflow/.local/lib/python3.8/site-packages/airflow/example_dags/tutorial_dag.py
[2024-03-25T20:38:32.104+0000] {logging_mixin.py:188} INFO - [2024-03-25T20:38:32.104+0000] {dag.py:3047} INFO - Sync 1 DAGs
[2024-03-25T20:38:32.110+0000] {logging_mixin.py:188} INFO - [2024-03-25T20:38:32.110+0000] {dag.py:3834} INFO - Setting next_dagrun for tutorial_dag to None, run_after=None
[2024-03-25T20:38:32.119+0000] {processor.py:183} INFO - Processing /home/airflow/.local/lib/python3.8/site-packages/airflow/example_dags/tutorial_dag.py took 0.031 seconds
[2024-03-25T20:39:02.704+0000] {processor.py:161} INFO - Started process (PID=1482) to work on /home/airflow/.local/lib/python3.8/site-packages/airflow/example_dags/tutorial_dag.py
[2024-03-25T20:39:02.705+0000] {processor.py:830} INFO - Processing file /home/airflow/.local/lib/python3.8/site-packages/airflow/example_dags/tutorial_dag.py for tasks to queue
[2024-03-25T20:39:02.706+0000] {logging_mixin.py:188} INFO - [2024-03-25T20:39:02.706+0000] {dagbag.py:540} INFO - Filling up the DagBag from /home/airflow/.local/lib/python3.8/site-packages/airflow/example_dags/tutorial_dag.py
[2024-03-25T20:39:02.709+0000] {processor.py:840} INFO - DAG(s) 'tutorial_dag' retrieved from /home/airflow/.local/lib/python3.8/site-packages/airflow/example_dags/tutorial_dag.py
[2024-03-25T20:39:02.720+0000] {logging_mixin.py:188} INFO - [2024-03-25T20:39:02.720+0000] {dag.py:3047} INFO - Sync 1 DAGs
[2024-03-25T20:39:02.726+0000] {logging_mixin.py:188} INFO - [2024-03-25T20:39:02.726+0000] {dag.py:3834} INFO - Setting next_dagrun for tutorial_dag to None, run_after=None
[2024-03-25T20:39:02.736+0000] {processor.py:183} INFO - Processing /home/airflow/.local/lib/python3.8/site-packages/airflow/example_dags/tutorial_dag.py took 0.033 seconds
[2024-03-25T20:39:33.225+0000] {processor.py:161} INFO - Started process (PID=1538) to work on /home/airflow/.local/lib/python3.8/site-packages/airflow/example_dags/tutorial_dag.py
[2024-03-25T20:39:33.226+0000] {processor.py:830} INFO - Processing file /home/airflow/.local/lib/python3.8/site-packages/airflow/example_dags/tutorial_dag.py for tasks to queue
[2024-03-25T20:39:33.227+0000] {logging_mixin.py:188} INFO - [2024-03-25T20:39:33.227+0000] {dagbag.py:540} INFO - Filling up the DagBag from /home/airflow/.local/lib/python3.8/site-packages/airflow/example_dags/tutorial_dag.py
[2024-03-25T20:39:33.230+0000] {processor.py:840} INFO - DAG(s) 'tutorial_dag' retrieved from /home/airflow/.local/lib/python3.8/site-packages/airflow/example_dags/tutorial_dag.py
[2024-03-25T20:39:33.241+0000] {logging_mixin.py:188} INFO - [2024-03-25T20:39:33.241+0000] {dag.py:3047} INFO - Sync 1 DAGs
[2024-03-25T20:39:33.247+0000] {logging_mixin.py:188} INFO - [2024-03-25T20:39:33.247+0000] {dag.py:3834} INFO - Setting next_dagrun for tutorial_dag to None, run_after=None
[2024-03-25T20:39:33.256+0000] {processor.py:183} INFO - Processing /home/airflow/.local/lib/python3.8/site-packages/airflow/example_dags/tutorial_dag.py took 0.034 seconds
[2024-03-25T20:40:03.661+0000] {processor.py:161} INFO - Started process (PID=1594) to work on /home/airflow/.local/lib/python3.8/site-packages/airflow/example_dags/tutorial_dag.py
[2024-03-25T20:40:03.662+0000] {processor.py:830} INFO - Processing file /home/airflow/.local/lib/python3.8/site-packages/airflow/example_dags/tutorial_dag.py for tasks to queue
[2024-03-25T20:40:03.663+0000] {logging_mixin.py:188} INFO - [2024-03-25T20:40:03.663+0000] {dagbag.py:540} INFO - Filling up the DagBag from /home/airflow/.local/lib/python3.8/site-packages/airflow/example_dags/tutorial_dag.py
[2024-03-25T20:40:03.666+0000] {processor.py:840} INFO - DAG(s) 'tutorial_dag' retrieved from /home/airflow/.local/lib/python3.8/site-packages/airflow/example_dags/tutorial_dag.py
[2024-03-25T20:40:03.676+0000] {logging_mixin.py:188} INFO - [2024-03-25T20:40:03.676+0000] {dag.py:3047} INFO - Sync 1 DAGs
[2024-03-25T20:40:03.682+0000] {logging_mixin.py:188} INFO - [2024-03-25T20:40:03.682+0000] {dag.py:3834} INFO - Setting next_dagrun for tutorial_dag to None, run_after=None
[2024-03-25T20:40:03.691+0000] {processor.py:183} INFO - Processing /home/airflow/.local/lib/python3.8/site-packages/airflow/example_dags/tutorial_dag.py took 0.032 seconds
