[2024-03-25T20:19:34.964+0000] {processor.py:161} INFO - Started process (PID=34) to work on /opt/airflow/dags/fit_news.py
[2024-03-25T20:19:34.965+0000] {processor.py:830} INFO - Processing file /opt/airflow/dags/fit_news.py for tasks to queue
[2024-03-25T20:19:34.967+0000] {logging_mixin.py:188} INFO - [2024-03-25T20:19:34.967+0000] {dagbag.py:540} INFO - Filling up the DagBag from /opt/airflow/dags/fit_news.py
[2024-03-25T20:19:36.491+0000] {processor.py:840} INFO - DAG(s) 'NamDAG' retrieved from /opt/airflow/dags/fit_news.py
[2024-03-25T20:19:36.699+0000] {logging_mixin.py:188} INFO - [2024-03-25T20:19:36.699+0000] {dag.py:3047} INFO - Sync 1 DAGs
[2024-03-25T20:19:36.720+0000] {logging_mixin.py:188} INFO - [2024-03-25T20:19:36.720+0000] {dag.py:3834} INFO - Setting next_dagrun for NamDAG to 2024-03-25 20:14:36.483586+00:00, run_after=2024-03-25 20:24:36.483586+00:00
[2024-03-25T20:19:36.762+0000] {processor.py:183} INFO - Processing /opt/airflow/dags/fit_news.py took 1.802 seconds
[2024-03-25T20:20:06.902+0000] {processor.py:161} INFO - Started process (PID=97) to work on /opt/airflow/dags/fit_news.py
[2024-03-25T20:20:06.903+0000] {processor.py:830} INFO - Processing file /opt/airflow/dags/fit_news.py for tasks to queue
[2024-03-25T20:20:06.905+0000] {logging_mixin.py:188} INFO - [2024-03-25T20:20:06.904+0000] {dagbag.py:540} INFO - Filling up the DagBag from /opt/airflow/dags/fit_news.py
[2024-03-25T20:20:07.762+0000] {processor.py:840} INFO - DAG(s) 'NamDAG' retrieved from /opt/airflow/dags/fit_news.py
[2024-03-25T20:20:07.887+0000] {logging_mixin.py:188} INFO - [2024-03-25T20:20:07.887+0000] {dag.py:3047} INFO - Sync 1 DAGs
[2024-03-25T20:20:07.902+0000] {logging_mixin.py:188} INFO - [2024-03-25T20:20:07.902+0000] {dag.py:3834} INFO - Setting next_dagrun for NamDAG to 2024-03-25 20:15:07.760790+00:00, run_after=2024-03-25 20:25:07.760790+00:00
[2024-03-25T20:20:07.912+0000] {processor.py:183} INFO - Processing /opt/airflow/dags/fit_news.py took 1.012 seconds
[2024-03-25T20:26:12.590+0000] {processor.py:161} INFO - Started process (PID=33) to work on /opt/airflow/dags/fit_news.py
[2024-03-25T20:26:12.591+0000] {processor.py:830} INFO - Processing file /opt/airflow/dags/fit_news.py for tasks to queue
[2024-03-25T20:26:12.593+0000] {logging_mixin.py:188} INFO - [2024-03-25T20:26:12.593+0000] {dagbag.py:540} INFO - Filling up the DagBag from /opt/airflow/dags/fit_news.py
[2024-03-25T20:26:14.108+0000] {processor.py:840} INFO - DAG(s) 'NamDAG' retrieved from /opt/airflow/dags/fit_news.py
[2024-03-25T20:26:14.232+0000] {logging_mixin.py:188} INFO - [2024-03-25T20:26:14.232+0000] {dag.py:3047} INFO - Sync 1 DAGs
[2024-03-25T20:26:14.256+0000] {logging_mixin.py:188} INFO - [2024-03-25T20:26:14.256+0000] {dag.py:3834} INFO - Setting next_dagrun for NamDAG to 2024-03-25 20:25:07.760790+00:00, run_after=2024-03-25 20:35:07.760790+00:00
[2024-03-25T20:26:14.273+0000] {processor.py:183} INFO - Processing /opt/airflow/dags/fit_news.py took 1.685 seconds
[2024-03-25T20:26:44.317+0000] {processor.py:161} INFO - Started process (PID=103) to work on /opt/airflow/dags/fit_news.py
[2024-03-25T20:26:44.317+0000] {processor.py:830} INFO - Processing file /opt/airflow/dags/fit_news.py for tasks to queue
[2024-03-25T20:26:44.318+0000] {logging_mixin.py:188} INFO - [2024-03-25T20:26:44.318+0000] {dagbag.py:540} INFO - Filling up the DagBag from /opt/airflow/dags/fit_news.py
[2024-03-25T20:26:45.092+0000] {processor.py:840} INFO - DAG(s) 'NamDAG' retrieved from /opt/airflow/dags/fit_news.py
[2024-03-25T20:26:45.134+0000] {logging_mixin.py:188} INFO - [2024-03-25T20:26:45.133+0000] {dag.py:3047} INFO - Sync 1 DAGs
[2024-03-25T20:26:45.143+0000] {logging_mixin.py:188} INFO - [2024-03-25T20:26:45.143+0000] {dag.py:3834} INFO - Setting next_dagrun for NamDAG to 2024-03-25 20:25:07.760790+00:00, run_after=2024-03-25 20:35:07.760790+00:00
[2024-03-25T20:26:45.155+0000] {processor.py:183} INFO - Processing /opt/airflow/dags/fit_news.py took 0.840 seconds
[2024-03-25T20:27:15.855+0000] {processor.py:161} INFO - Started process (PID=168) to work on /opt/airflow/dags/fit_news.py
[2024-03-25T20:27:15.856+0000] {processor.py:830} INFO - Processing file /opt/airflow/dags/fit_news.py for tasks to queue
[2024-03-25T20:27:15.858+0000] {logging_mixin.py:188} INFO - [2024-03-25T20:27:15.858+0000] {dagbag.py:540} INFO - Filling up the DagBag from /opt/airflow/dags/fit_news.py
[2024-03-25T20:27:16.791+0000] {processor.py:840} INFO - DAG(s) 'NamDAG' retrieved from /opt/airflow/dags/fit_news.py
[2024-03-25T20:27:16.835+0000] {logging_mixin.py:188} INFO - [2024-03-25T20:27:16.835+0000] {dag.py:3047} INFO - Sync 1 DAGs
[2024-03-25T20:27:16.936+0000] {logging_mixin.py:188} INFO - [2024-03-25T20:27:16.936+0000] {dag.py:3834} INFO - Setting next_dagrun for NamDAG to 2024-03-25 20:25:07.760790+00:00, run_after=2024-03-25 20:35:07.760790+00:00
[2024-03-25T20:27:16.946+0000] {processor.py:183} INFO - Processing /opt/airflow/dags/fit_news.py took 1.093 seconds
[2024-03-25T20:27:46.983+0000] {processor.py:161} INFO - Started process (PID=224) to work on /opt/airflow/dags/fit_news.py
[2024-03-25T20:27:46.985+0000] {processor.py:830} INFO - Processing file /opt/airflow/dags/fit_news.py for tasks to queue
[2024-03-25T20:27:46.987+0000] {logging_mixin.py:188} INFO - [2024-03-25T20:27:46.987+0000] {dagbag.py:540} INFO - Filling up the DagBag from /opt/airflow/dags/fit_news.py
[2024-03-25T20:27:47.770+0000] {processor.py:840} INFO - DAG(s) 'NamDAG' retrieved from /opt/airflow/dags/fit_news.py
[2024-03-25T20:27:47.895+0000] {logging_mixin.py:188} INFO - [2024-03-25T20:27:47.895+0000] {dag.py:3047} INFO - Sync 1 DAGs
[2024-03-25T20:27:47.906+0000] {logging_mixin.py:188} INFO - [2024-03-25T20:27:47.906+0000] {dag.py:3834} INFO - Setting next_dagrun for NamDAG to 2024-03-25 20:25:07.760790+00:00, run_after=2024-03-25 20:35:07.760790+00:00
[2024-03-25T20:27:47.916+0000] {processor.py:183} INFO - Processing /opt/airflow/dags/fit_news.py took 0.937 seconds
[2024-03-25T20:28:18.214+0000] {processor.py:161} INFO - Started process (PID=283) to work on /opt/airflow/dags/fit_news.py
[2024-03-25T20:28:18.215+0000] {processor.py:830} INFO - Processing file /opt/airflow/dags/fit_news.py for tasks to queue
[2024-03-25T20:28:18.216+0000] {logging_mixin.py:188} INFO - [2024-03-25T20:28:18.216+0000] {dagbag.py:540} INFO - Filling up the DagBag from /opt/airflow/dags/fit_news.py
[2024-03-25T20:28:18.996+0000] {processor.py:840} INFO - DAG(s) 'NamDAG' retrieved from /opt/airflow/dags/fit_news.py
[2024-03-25T20:28:19.039+0000] {logging_mixin.py:188} INFO - [2024-03-25T20:28:19.039+0000] {dag.py:3047} INFO - Sync 1 DAGs
[2024-03-25T20:28:19.130+0000] {logging_mixin.py:188} INFO - [2024-03-25T20:28:19.130+0000] {dag.py:3834} INFO - Setting next_dagrun for NamDAG to 2024-03-25 20:25:07.760790+00:00, run_after=2024-03-25 20:35:07.760790+00:00
[2024-03-25T20:28:19.138+0000] {processor.py:183} INFO - Processing /opt/airflow/dags/fit_news.py took 0.927 seconds
[2024-03-25T20:28:49.693+0000] {processor.py:161} INFO - Started process (PID=346) to work on /opt/airflow/dags/fit_news.py
[2024-03-25T20:28:49.694+0000] {processor.py:830} INFO - Processing file /opt/airflow/dags/fit_news.py for tasks to queue
[2024-03-25T20:28:49.695+0000] {logging_mixin.py:188} INFO - [2024-03-25T20:28:49.695+0000] {dagbag.py:540} INFO - Filling up the DagBag from /opt/airflow/dags/fit_news.py
[2024-03-25T20:28:50.684+0000] {processor.py:840} INFO - DAG(s) 'NamDAG' retrieved from /opt/airflow/dags/fit_news.py
[2024-03-25T20:28:50.793+0000] {logging_mixin.py:188} INFO - [2024-03-25T20:28:50.793+0000] {dag.py:3047} INFO - Sync 1 DAGs
[2024-03-25T20:28:50.802+0000] {logging_mixin.py:188} INFO - [2024-03-25T20:28:50.802+0000] {dag.py:3834} INFO - Setting next_dagrun for NamDAG to 2024-03-25 20:25:07.760790+00:00, run_after=2024-03-25 20:35:07.760790+00:00
[2024-03-25T20:28:50.810+0000] {processor.py:183} INFO - Processing /opt/airflow/dags/fit_news.py took 1.122 seconds
[2024-03-25T20:29:21.123+0000] {processor.py:161} INFO - Started process (PID=407) to work on /opt/airflow/dags/fit_news.py
[2024-03-25T20:29:21.125+0000] {processor.py:830} INFO - Processing file /opt/airflow/dags/fit_news.py for tasks to queue
[2024-03-25T20:29:21.129+0000] {logging_mixin.py:188} INFO - [2024-03-25T20:29:21.129+0000] {dagbag.py:540} INFO - Filling up the DagBag from /opt/airflow/dags/fit_news.py
[2024-03-25T20:29:21.899+0000] {processor.py:840} INFO - DAG(s) 'NamDAG' retrieved from /opt/airflow/dags/fit_news.py
[2024-03-25T20:29:22.005+0000] {logging_mixin.py:188} INFO - [2024-03-25T20:29:22.005+0000] {dag.py:3047} INFO - Sync 1 DAGs
[2024-03-25T20:29:22.014+0000] {logging_mixin.py:188} INFO - [2024-03-25T20:29:22.014+0000] {dag.py:3834} INFO - Setting next_dagrun for NamDAG to 2024-03-25 20:25:07.760790+00:00, run_after=2024-03-25 20:35:07.760790+00:00
[2024-03-25T20:29:22.023+0000] {processor.py:183} INFO - Processing /opt/airflow/dags/fit_news.py took 0.906 seconds
[2024-03-25T20:29:53.430+0000] {processor.py:161} INFO - Started process (PID=482) to work on /opt/airflow/dags/fit_news.py
[2024-03-25T20:29:53.431+0000] {processor.py:830} INFO - Processing file /opt/airflow/dags/fit_news.py for tasks to queue
[2024-03-25T20:29:53.440+0000] {logging_mixin.py:188} INFO - [2024-03-25T20:29:53.440+0000] {dagbag.py:540} INFO - Filling up the DagBag from /opt/airflow/dags/fit_news.py
[2024-03-25T20:29:55.645+0000] {processor.py:840} INFO - DAG(s) 'NamDAG' retrieved from /opt/airflow/dags/fit_news.py
[2024-03-25T20:29:55.940+0000] {logging_mixin.py:188} INFO - [2024-03-25T20:29:55.939+0000] {dag.py:3047} INFO - Sync 1 DAGs
[2024-03-25T20:29:55.984+0000] {logging_mixin.py:188} INFO - [2024-03-25T20:29:55.984+0000] {dag.py:3834} INFO - Setting next_dagrun for NamDAG to 2024-03-25 20:25:07.760790+00:00, run_after=2024-03-25 20:35:07.760790+00:00
[2024-03-25T20:29:56.047+0000] {processor.py:183} INFO - Processing /opt/airflow/dags/fit_news.py took 2.622 seconds
[2024-03-25T20:30:26.881+0000] {processor.py:161} INFO - Started process (PID=538) to work on /opt/airflow/dags/fit_news.py
[2024-03-25T20:30:26.884+0000] {processor.py:830} INFO - Processing file /opt/airflow/dags/fit_news.py for tasks to queue
[2024-03-25T20:30:26.886+0000] {logging_mixin.py:188} INFO - [2024-03-25T20:30:26.886+0000] {dagbag.py:540} INFO - Filling up the DagBag from /opt/airflow/dags/fit_news.py
[2024-03-25T20:30:27.622+0000] {processor.py:840} INFO - DAG(s) 'NamDAG' retrieved from /opt/airflow/dags/fit_news.py
[2024-03-25T20:30:27.739+0000] {logging_mixin.py:188} INFO - [2024-03-25T20:30:27.739+0000] {dag.py:3047} INFO - Sync 1 DAGs
[2024-03-25T20:30:27.749+0000] {logging_mixin.py:188} INFO - [2024-03-25T20:30:27.749+0000] {dag.py:3834} INFO - Setting next_dagrun for NamDAG to 2024-03-25 20:25:27.621480+00:00, run_after=2024-03-25 20:35:27.621480+00:00
[2024-03-25T20:30:27.759+0000] {processor.py:183} INFO - Processing /opt/airflow/dags/fit_news.py took 0.884 seconds
[2024-03-25T20:30:57.945+0000] {processor.py:161} INFO - Started process (PID=594) to work on /opt/airflow/dags/fit_news.py
[2024-03-25T20:30:57.947+0000] {processor.py:830} INFO - Processing file /opt/airflow/dags/fit_news.py for tasks to queue
[2024-03-25T20:30:57.949+0000] {logging_mixin.py:188} INFO - [2024-03-25T20:30:57.948+0000] {dagbag.py:540} INFO - Filling up the DagBag from /opt/airflow/dags/fit_news.py
[2024-03-25T20:30:58.946+0000] {processor.py:840} INFO - DAG(s) 'NamDAG' retrieved from /opt/airflow/dags/fit_news.py
[2024-03-25T20:30:59.005+0000] {logging_mixin.py:188} INFO - [2024-03-25T20:30:59.005+0000] {dag.py:3047} INFO - Sync 1 DAGs
[2024-03-25T20:30:59.018+0000] {logging_mixin.py:188} INFO - [2024-03-25T20:30:59.018+0000] {dag.py:3834} INFO - Setting next_dagrun for NamDAG to 2024-03-25 20:25:58.945346+00:00, run_after=2024-03-25 20:35:58.945346+00:00
[2024-03-25T20:30:59.091+0000] {processor.py:183} INFO - Processing /opt/airflow/dags/fit_news.py took 1.149 seconds
[2024-03-25T20:31:29.184+0000] {processor.py:161} INFO - Started process (PID=650) to work on /opt/airflow/dags/fit_news.py
[2024-03-25T20:31:29.186+0000] {processor.py:830} INFO - Processing file /opt/airflow/dags/fit_news.py for tasks to queue
[2024-03-25T20:31:29.188+0000] {logging_mixin.py:188} INFO - [2024-03-25T20:31:29.188+0000] {dagbag.py:540} INFO - Filling up the DagBag from /opt/airflow/dags/fit_news.py
[2024-03-25T20:31:29.957+0000] {processor.py:840} INFO - DAG(s) 'NamDAG' retrieved from /opt/airflow/dags/fit_news.py
[2024-03-25T20:31:29.996+0000] {logging_mixin.py:188} INFO - [2024-03-25T20:31:29.996+0000] {dag.py:3047} INFO - Sync 1 DAGs
[2024-03-25T20:31:30.005+0000] {logging_mixin.py:188} INFO - [2024-03-25T20:31:30.005+0000] {dag.py:3834} INFO - Setting next_dagrun for NamDAG to 2024-03-25 20:26:29.956297+00:00, run_after=2024-03-25 20:36:29.956297+00:00
[2024-03-25T20:31:30.013+0000] {processor.py:183} INFO - Processing /opt/airflow/dags/fit_news.py took 0.832 seconds
[2024-03-25T20:32:00.718+0000] {processor.py:161} INFO - Started process (PID=706) to work on /opt/airflow/dags/fit_news.py
[2024-03-25T20:32:00.720+0000] {processor.py:830} INFO - Processing file /opt/airflow/dags/fit_news.py for tasks to queue
[2024-03-25T20:32:00.722+0000] {logging_mixin.py:188} INFO - [2024-03-25T20:32:00.722+0000] {dagbag.py:540} INFO - Filling up the DagBag from /opt/airflow/dags/fit_news.py
[2024-03-25T20:32:01.503+0000] {processor.py:840} INFO - DAG(s) 'NamDAG' retrieved from /opt/airflow/dags/fit_news.py
[2024-03-25T20:32:01.544+0000] {logging_mixin.py:188} INFO - [2024-03-25T20:32:01.543+0000] {dag.py:3047} INFO - Sync 1 DAGs
[2024-03-25T20:32:01.553+0000] {logging_mixin.py:188} INFO - [2024-03-25T20:32:01.553+0000] {dag.py:3834} INFO - Setting next_dagrun for NamDAG to 2024-03-25 20:27:01.501478+00:00, run_after=2024-03-25 20:37:01.501478+00:00
[2024-03-25T20:32:01.561+0000] {processor.py:183} INFO - Processing /opt/airflow/dags/fit_news.py took 0.848 seconds
[2024-03-25T20:32:32.217+0000] {processor.py:161} INFO - Started process (PID=762) to work on /opt/airflow/dags/fit_news.py
[2024-03-25T20:32:32.219+0000] {processor.py:830} INFO - Processing file /opt/airflow/dags/fit_news.py for tasks to queue
[2024-03-25T20:32:32.221+0000] {logging_mixin.py:188} INFO - [2024-03-25T20:32:32.221+0000] {dagbag.py:540} INFO - Filling up the DagBag from /opt/airflow/dags/fit_news.py
[2024-03-25T20:32:32.992+0000] {processor.py:840} INFO - DAG(s) 'NamDAG' retrieved from /opt/airflow/dags/fit_news.py
[2024-03-25T20:32:33.048+0000] {logging_mixin.py:188} INFO - [2024-03-25T20:32:33.048+0000] {dag.py:3047} INFO - Sync 1 DAGs
[2024-03-25T20:32:33.058+0000] {logging_mixin.py:188} INFO - [2024-03-25T20:32:33.058+0000] {dag.py:3834} INFO - Setting next_dagrun for NamDAG to 2024-03-25 20:27:32.990917+00:00, run_after=2024-03-25 20:37:32.990917+00:00
[2024-03-25T20:32:33.066+0000] {processor.py:183} INFO - Processing /opt/airflow/dags/fit_news.py took 0.855 seconds
[2024-03-25T20:33:03.775+0000] {processor.py:161} INFO - Started process (PID=818) to work on /opt/airflow/dags/fit_news.py
[2024-03-25T20:33:03.776+0000] {processor.py:830} INFO - Processing file /opt/airflow/dags/fit_news.py for tasks to queue
[2024-03-25T20:33:03.778+0000] {logging_mixin.py:188} INFO - [2024-03-25T20:33:03.777+0000] {dagbag.py:540} INFO - Filling up the DagBag from /opt/airflow/dags/fit_news.py
[2024-03-25T20:33:04.518+0000] {processor.py:840} INFO - DAG(s) 'NamDAG' retrieved from /opt/airflow/dags/fit_news.py
[2024-03-25T20:33:04.557+0000] {logging_mixin.py:188} INFO - [2024-03-25T20:33:04.557+0000] {dag.py:3047} INFO - Sync 1 DAGs
[2024-03-25T20:33:04.566+0000] {logging_mixin.py:188} INFO - [2024-03-25T20:33:04.566+0000] {dag.py:3834} INFO - Setting next_dagrun for NamDAG to 2024-03-25 20:28:04.517454+00:00, run_after=2024-03-25 20:38:04.517454+00:00
[2024-03-25T20:33:04.575+0000] {processor.py:183} INFO - Processing /opt/airflow/dags/fit_news.py took 0.803 seconds
[2024-03-25T20:33:35.153+0000] {processor.py:161} INFO - Started process (PID=874) to work on /opt/airflow/dags/fit_news.py
[2024-03-25T20:33:35.154+0000] {processor.py:830} INFO - Processing file /opt/airflow/dags/fit_news.py for tasks to queue
[2024-03-25T20:33:35.156+0000] {logging_mixin.py:188} INFO - [2024-03-25T20:33:35.156+0000] {dagbag.py:540} INFO - Filling up the DagBag from /opt/airflow/dags/fit_news.py
[2024-03-25T20:33:35.974+0000] {processor.py:840} INFO - DAG(s) 'NamDAG' retrieved from /opt/airflow/dags/fit_news.py
[2024-03-25T20:33:36.022+0000] {logging_mixin.py:188} INFO - [2024-03-25T20:33:36.022+0000] {dag.py:3047} INFO - Sync 1 DAGs
[2024-03-25T20:33:36.032+0000] {logging_mixin.py:188} INFO - [2024-03-25T20:33:36.031+0000] {dag.py:3834} INFO - Setting next_dagrun for NamDAG to 2024-03-25 20:28:35.972730+00:00, run_after=2024-03-25 20:38:35.972730+00:00
[2024-03-25T20:33:36.041+0000] {processor.py:183} INFO - Processing /opt/airflow/dags/fit_news.py took 0.891 seconds
[2024-03-25T20:34:06.681+0000] {processor.py:161} INFO - Started process (PID=935) to work on /opt/airflow/dags/fit_news.py
[2024-03-25T20:34:06.682+0000] {processor.py:830} INFO - Processing file /opt/airflow/dags/fit_news.py for tasks to queue
[2024-03-25T20:34:06.684+0000] {logging_mixin.py:188} INFO - [2024-03-25T20:34:06.684+0000] {dagbag.py:540} INFO - Filling up the DagBag from /opt/airflow/dags/fit_news.py
[2024-03-25T20:34:07.485+0000] {processor.py:840} INFO - DAG(s) 'NamDAG' retrieved from /opt/airflow/dags/fit_news.py
[2024-03-25T20:34:07.525+0000] {logging_mixin.py:188} INFO - [2024-03-25T20:34:07.525+0000] {dag.py:3047} INFO - Sync 1 DAGs
[2024-03-25T20:34:07.534+0000] {logging_mixin.py:188} INFO - [2024-03-25T20:34:07.534+0000] {dag.py:3834} INFO - Setting next_dagrun for NamDAG to 2024-03-25 20:29:07.484696+00:00, run_after=2024-03-25 20:39:07.484696+00:00
[2024-03-25T20:34:07.543+0000] {processor.py:183} INFO - Processing /opt/airflow/dags/fit_news.py took 0.866 seconds
[2024-03-25T20:34:37.722+0000] {processor.py:161} INFO - Started process (PID=991) to work on /opt/airflow/dags/fit_news.py
[2024-03-25T20:34:37.723+0000] {processor.py:830} INFO - Processing file /opt/airflow/dags/fit_news.py for tasks to queue
[2024-03-25T20:34:37.726+0000] {logging_mixin.py:188} INFO - [2024-03-25T20:34:37.726+0000] {dagbag.py:540} INFO - Filling up the DagBag from /opt/airflow/dags/fit_news.py
[2024-03-25T20:34:38.495+0000] {processor.py:840} INFO - DAG(s) 'NamDAG' retrieved from /opt/airflow/dags/fit_news.py
[2024-03-25T20:34:38.534+0000] {logging_mixin.py:188} INFO - [2024-03-25T20:34:38.534+0000] {dag.py:3047} INFO - Sync 1 DAGs
[2024-03-25T20:34:38.542+0000] {logging_mixin.py:188} INFO - [2024-03-25T20:34:38.542+0000] {dag.py:3834} INFO - Setting next_dagrun for NamDAG to 2024-03-25 20:29:38.494239+00:00, run_after=2024-03-25 20:39:38.494239+00:00
[2024-03-25T20:34:38.550+0000] {processor.py:183} INFO - Processing /opt/airflow/dags/fit_news.py took 0.835 seconds
[2024-03-25T20:35:09.197+0000] {processor.py:161} INFO - Started process (PID=1047) to work on /opt/airflow/dags/fit_news.py
[2024-03-25T20:35:09.198+0000] {processor.py:830} INFO - Processing file /opt/airflow/dags/fit_news.py for tasks to queue
[2024-03-25T20:35:09.200+0000] {logging_mixin.py:188} INFO - [2024-03-25T20:35:09.200+0000] {dagbag.py:540} INFO - Filling up the DagBag from /opt/airflow/dags/fit_news.py
[2024-03-25T20:35:09.960+0000] {processor.py:840} INFO - DAG(s) 'NamDAG' retrieved from /opt/airflow/dags/fit_news.py
[2024-03-25T20:35:09.998+0000] {logging_mixin.py:188} INFO - [2024-03-25T20:35:09.998+0000] {dag.py:3047} INFO - Sync 1 DAGs
[2024-03-25T20:35:10.007+0000] {logging_mixin.py:188} INFO - [2024-03-25T20:35:10.007+0000] {dag.py:3834} INFO - Setting next_dagrun for NamDAG to 2024-03-25 20:30:09.958905+00:00, run_after=2024-03-25 20:40:09.958905+00:00
[2024-03-25T20:35:10.015+0000] {processor.py:183} INFO - Processing /opt/airflow/dags/fit_news.py took 0.822 seconds
[2024-03-25T20:35:40.792+0000] {processor.py:161} INFO - Started process (PID=1103) to work on /opt/airflow/dags/fit_news.py
[2024-03-25T20:35:40.794+0000] {processor.py:830} INFO - Processing file /opt/airflow/dags/fit_news.py for tasks to queue
[2024-03-25T20:35:40.798+0000] {logging_mixin.py:188} INFO - [2024-03-25T20:35:40.797+0000] {dagbag.py:540} INFO - Filling up the DagBag from /opt/airflow/dags/fit_news.py
[2024-03-25T20:35:41.559+0000] {processor.py:840} INFO - DAG(s) 'NamDAG' retrieved from /opt/airflow/dags/fit_news.py
[2024-03-25T20:35:41.600+0000] {logging_mixin.py:188} INFO - [2024-03-25T20:35:41.599+0000] {dag.py:3047} INFO - Sync 1 DAGs
[2024-03-25T20:35:41.608+0000] {logging_mixin.py:188} INFO - [2024-03-25T20:35:41.608+0000] {dag.py:3834} INFO - Setting next_dagrun for NamDAG to 2024-03-25 20:30:41.558071+00:00, run_after=2024-03-25 20:40:41.558071+00:00
[2024-03-25T20:35:41.616+0000] {processor.py:183} INFO - Processing /opt/airflow/dags/fit_news.py took 0.830 seconds
[2024-03-25T20:36:12.272+0000] {processor.py:161} INFO - Started process (PID=1159) to work on /opt/airflow/dags/fit_news.py
[2024-03-25T20:36:12.273+0000] {processor.py:830} INFO - Processing file /opt/airflow/dags/fit_news.py for tasks to queue
[2024-03-25T20:36:12.276+0000] {logging_mixin.py:188} INFO - [2024-03-25T20:36:12.275+0000] {dagbag.py:540} INFO - Filling up the DagBag from /opt/airflow/dags/fit_news.py
[2024-03-25T20:36:13.028+0000] {processor.py:840} INFO - DAG(s) 'NamDAG' retrieved from /opt/airflow/dags/fit_news.py
[2024-03-25T20:36:13.068+0000] {logging_mixin.py:188} INFO - [2024-03-25T20:36:13.068+0000] {dag.py:3047} INFO - Sync 1 DAGs
[2024-03-25T20:36:13.076+0000] {logging_mixin.py:188} INFO - [2024-03-25T20:36:13.076+0000] {dag.py:3834} INFO - Setting next_dagrun for NamDAG to 2024-03-25 20:31:13.027088+00:00, run_after=2024-03-25 20:41:13.027088+00:00
[2024-03-25T20:36:13.084+0000] {processor.py:183} INFO - Processing /opt/airflow/dags/fit_news.py took 0.817 seconds
[2024-03-25T20:36:43.825+0000] {processor.py:161} INFO - Started process (PID=1214) to work on /opt/airflow/dags/fit_news.py
[2024-03-25T20:36:43.827+0000] {processor.py:830} INFO - Processing file /opt/airflow/dags/fit_news.py for tasks to queue
[2024-03-25T20:36:43.830+0000] {logging_mixin.py:188} INFO - [2024-03-25T20:36:43.829+0000] {dagbag.py:540} INFO - Filling up the DagBag from /opt/airflow/dags/fit_news.py
[2024-03-25T20:36:44.653+0000] {processor.py:840} INFO - DAG(s) 'NamDAG' retrieved from /opt/airflow/dags/fit_news.py
[2024-03-25T20:36:44.697+0000] {logging_mixin.py:188} INFO - [2024-03-25T20:36:44.697+0000] {dag.py:3047} INFO - Sync 1 DAGs
[2024-03-25T20:36:44.707+0000] {logging_mixin.py:188} INFO - [2024-03-25T20:36:44.707+0000] {dag.py:3834} INFO - Setting next_dagrun for NamDAG to 2024-03-25 20:31:44.651779+00:00, run_after=2024-03-25 20:41:44.651779+00:00
[2024-03-25T20:36:44.715+0000] {processor.py:183} INFO - Processing /opt/airflow/dags/fit_news.py took 0.896 seconds
[2024-03-25T20:37:15.490+0000] {processor.py:161} INFO - Started process (PID=1270) to work on /opt/airflow/dags/fit_news.py
[2024-03-25T20:37:15.492+0000] {processor.py:830} INFO - Processing file /opt/airflow/dags/fit_news.py for tasks to queue
[2024-03-25T20:37:15.494+0000] {logging_mixin.py:188} INFO - [2024-03-25T20:37:15.494+0000] {dagbag.py:540} INFO - Filling up the DagBag from /opt/airflow/dags/fit_news.py
[2024-03-25T20:37:16.281+0000] {processor.py:840} INFO - DAG(s) 'NamDAG' retrieved from /opt/airflow/dags/fit_news.py
[2024-03-25T20:37:16.320+0000] {logging_mixin.py:188} INFO - [2024-03-25T20:37:16.320+0000] {dag.py:3047} INFO - Sync 1 DAGs
[2024-03-25T20:37:16.329+0000] {logging_mixin.py:188} INFO - [2024-03-25T20:37:16.329+0000] {dag.py:3834} INFO - Setting next_dagrun for NamDAG to 2024-03-25 20:32:16.279802+00:00, run_after=2024-03-25 20:42:16.279802+00:00
[2024-03-25T20:37:16.338+0000] {processor.py:183} INFO - Processing /opt/airflow/dags/fit_news.py took 0.852 seconds
[2024-03-25T20:37:46.549+0000] {processor.py:161} INFO - Started process (PID=1326) to work on /opt/airflow/dags/fit_news.py
[2024-03-25T20:37:46.551+0000] {processor.py:830} INFO - Processing file /opt/airflow/dags/fit_news.py for tasks to queue
[2024-03-25T20:37:46.554+0000] {logging_mixin.py:188} INFO - [2024-03-25T20:37:46.553+0000] {dagbag.py:540} INFO - Filling up the DagBag from /opt/airflow/dags/fit_news.py
[2024-03-25T20:37:47.371+0000] {processor.py:840} INFO - DAG(s) 'NamDAG' retrieved from /opt/airflow/dags/fit_news.py
[2024-03-25T20:37:47.415+0000] {logging_mixin.py:188} INFO - [2024-03-25T20:37:47.415+0000] {dag.py:3047} INFO - Sync 1 DAGs
[2024-03-25T20:37:47.425+0000] {logging_mixin.py:188} INFO - [2024-03-25T20:37:47.424+0000] {dag.py:3834} INFO - Setting next_dagrun for NamDAG to 2024-03-25 20:32:47.370659+00:00, run_after=2024-03-25 20:42:47.370659+00:00
[2024-03-25T20:37:47.433+0000] {processor.py:183} INFO - Processing /opt/airflow/dags/fit_news.py took 0.891 seconds
[2024-03-25T20:38:17.872+0000] {processor.py:161} INFO - Started process (PID=1382) to work on /opt/airflow/dags/fit_news.py
[2024-03-25T20:38:17.874+0000] {processor.py:830} INFO - Processing file /opt/airflow/dags/fit_news.py for tasks to queue
[2024-03-25T20:38:17.877+0000] {logging_mixin.py:188} INFO - [2024-03-25T20:38:17.877+0000] {dagbag.py:540} INFO - Filling up the DagBag from /opt/airflow/dags/fit_news.py
[2024-03-25T20:38:18.673+0000] {processor.py:840} INFO - DAG(s) 'NamDAG' retrieved from /opt/airflow/dags/fit_news.py
[2024-03-25T20:38:18.713+0000] {logging_mixin.py:188} INFO - [2024-03-25T20:38:18.713+0000] {dag.py:3047} INFO - Sync 1 DAGs
[2024-03-25T20:38:18.722+0000] {logging_mixin.py:188} INFO - [2024-03-25T20:38:18.722+0000] {dag.py:3834} INFO - Setting next_dagrun for NamDAG to 2024-03-25 20:33:18.672066+00:00, run_after=2024-03-25 20:43:18.672066+00:00
[2024-03-25T20:38:18.731+0000] {processor.py:183} INFO - Processing /opt/airflow/dags/fit_news.py took 0.864 seconds
[2024-03-25T20:38:49.358+0000] {processor.py:161} INFO - Started process (PID=1438) to work on /opt/airflow/dags/fit_news.py
[2024-03-25T20:38:49.360+0000] {processor.py:830} INFO - Processing file /opt/airflow/dags/fit_news.py for tasks to queue
[2024-03-25T20:38:49.363+0000] {logging_mixin.py:188} INFO - [2024-03-25T20:38:49.363+0000] {dagbag.py:540} INFO - Filling up the DagBag from /opt/airflow/dags/fit_news.py
[2024-03-25T20:38:50.126+0000] {processor.py:840} INFO - DAG(s) 'NamDAG' retrieved from /opt/airflow/dags/fit_news.py
[2024-03-25T20:38:50.165+0000] {logging_mixin.py:188} INFO - [2024-03-25T20:38:50.165+0000] {dag.py:3047} INFO - Sync 1 DAGs
[2024-03-25T20:38:50.173+0000] {logging_mixin.py:188} INFO - [2024-03-25T20:38:50.173+0000] {dag.py:3834} INFO - Setting next_dagrun for NamDAG to 2024-03-25 20:33:50.125007+00:00, run_after=2024-03-25 20:43:50.125007+00:00
[2024-03-25T20:38:50.181+0000] {processor.py:183} INFO - Processing /opt/airflow/dags/fit_news.py took 0.830 seconds
[2024-03-25T20:39:20.982+0000] {processor.py:161} INFO - Started process (PID=1494) to work on /opt/airflow/dags/fit_news.py
[2024-03-25T20:39:20.984+0000] {processor.py:830} INFO - Processing file /opt/airflow/dags/fit_news.py for tasks to queue
[2024-03-25T20:39:20.986+0000] {logging_mixin.py:188} INFO - [2024-03-25T20:39:20.985+0000] {dagbag.py:540} INFO - Filling up the DagBag from /opt/airflow/dags/fit_news.py
[2024-03-25T20:39:21.796+0000] {processor.py:840} INFO - DAG(s) 'NamDAG' retrieved from /opt/airflow/dags/fit_news.py
[2024-03-25T20:39:21.839+0000] {logging_mixin.py:188} INFO - [2024-03-25T20:39:21.839+0000] {dag.py:3047} INFO - Sync 1 DAGs
[2024-03-25T20:39:21.848+0000] {logging_mixin.py:188} INFO - [2024-03-25T20:39:21.848+0000] {dag.py:3834} INFO - Setting next_dagrun for NamDAG to 2024-03-25 20:34:21.795086+00:00, run_after=2024-03-25 20:44:21.795086+00:00
[2024-03-25T20:39:21.857+0000] {processor.py:183} INFO - Processing /opt/airflow/dags/fit_news.py took 0.880 seconds
[2024-03-25T20:39:52.482+0000] {processor.py:161} INFO - Started process (PID=1550) to work on /opt/airflow/dags/fit_news.py
[2024-03-25T20:39:52.484+0000] {processor.py:830} INFO - Processing file /opt/airflow/dags/fit_news.py for tasks to queue
[2024-03-25T20:39:52.486+0000] {logging_mixin.py:188} INFO - [2024-03-25T20:39:52.486+0000] {dagbag.py:540} INFO - Filling up the DagBag from /opt/airflow/dags/fit_news.py
[2024-03-25T20:39:53.257+0000] {processor.py:840} INFO - DAG(s) 'NamDAG' retrieved from /opt/airflow/dags/fit_news.py
[2024-03-25T20:39:53.298+0000] {logging_mixin.py:188} INFO - [2024-03-25T20:39:53.298+0000] {dag.py:3047} INFO - Sync 1 DAGs
[2024-03-25T20:39:53.307+0000] {logging_mixin.py:188} INFO - [2024-03-25T20:39:53.307+0000] {dag.py:3834} INFO - Setting next_dagrun for NamDAG to 2024-03-25 20:34:53.256780+00:00, run_after=2024-03-25 20:44:53.256780+00:00
[2024-03-25T20:39:53.315+0000] {processor.py:183} INFO - Processing /opt/airflow/dags/fit_news.py took 0.836 seconds
