[2024-03-23T03:57:15.980+0000] {processor.py:161} INFO - Started process (PID=584) to work on /opt/airflow/dags/fit_news.py
[2024-03-23T03:57:15.981+0000] {processor.py:830} INFO - Processing file /opt/airflow/dags/fit_news.py for tasks to queue
[2024-03-23T03:57:15.982+0000] {logging_mixin.py:188} INFO - [2024-03-23T03:57:15.982+0000] {dagbag.py:540} INFO - Filling up the DagBag from /opt/airflow/dags/fit_news.py
[2024-03-23T03:57:16.856+0000] {processor.py:840} INFO - DAG(s) 'ThanhDag' retrieved from /opt/airflow/dags/fit_news.py
[2024-03-23T03:57:16.963+0000] {logging_mixin.py:188} INFO - [2024-03-23T03:57:16.963+0000] {override.py:1769} INFO - Created Permission View: can delete on DAG:ThanhDag
[2024-03-23T03:57:16.967+0000] {logging_mixin.py:188} INFO - [2024-03-23T03:57:16.967+0000] {override.py:1769} INFO - Created Permission View: can read on DAG:ThanhDag
[2024-03-23T03:57:16.969+0000] {logging_mixin.py:188} INFO - [2024-03-23T03:57:16.969+0000] {override.py:1769} INFO - Created Permission View: can edit on DAG:ThanhDag
[2024-03-23T03:57:16.970+0000] {logging_mixin.py:188} INFO - [2024-03-23T03:57:16.970+0000] {dag.py:3047} INFO - Sync 1 DAGs
[2024-03-23T03:57:16.975+0000] {logging_mixin.py:188} INFO - [2024-03-23T03:57:16.974+0000] {dag.py:3069} INFO - Creating ORM DAG for ThanhDag
[2024-03-23T03:57:16.979+0000] {logging_mixin.py:188} INFO - [2024-03-23T03:57:16.978+0000] {dag.py:3834} INFO - Setting next_dagrun for ThanhDag to 2024-03-23 03:48:16.855163+00:00, run_after=2024-03-23 03:53:16.855163+00:00
[2024-03-23T03:57:16.985+0000] {processor.py:183} INFO - Processing /opt/airflow/dags/fit_news.py took 1.008 seconds
[2024-03-23T03:57:47.627+0000] {processor.py:161} INFO - Started process (PID=640) to work on /opt/airflow/dags/fit_news.py
[2024-03-23T03:57:47.629+0000] {processor.py:830} INFO - Processing file /opt/airflow/dags/fit_news.py for tasks to queue
[2024-03-23T03:57:47.633+0000] {logging_mixin.py:188} INFO - [2024-03-23T03:57:47.632+0000] {dagbag.py:540} INFO - Filling up the DagBag from /opt/airflow/dags/fit_news.py
[2024-03-23T03:57:48.385+0000] {processor.py:840} INFO - DAG(s) 'ThanhDag' retrieved from /opt/airflow/dags/fit_news.py
[2024-03-23T03:57:48.504+0000] {logging_mixin.py:188} INFO - [2024-03-23T03:57:48.504+0000] {dag.py:3047} INFO - Sync 1 DAGs
[2024-03-23T03:57:48.513+0000] {logging_mixin.py:188} INFO - [2024-03-23T03:57:48.513+0000] {dag.py:3834} INFO - Setting next_dagrun for ThanhDag to 2024-03-23 03:48:48.384306+00:00, run_after=2024-03-23 03:53:48.384306+00:00
[2024-03-23T03:57:48.522+0000] {processor.py:183} INFO - Processing /opt/airflow/dags/fit_news.py took 0.902 seconds
[2024-03-23T03:58:19.301+0000] {processor.py:161} INFO - Started process (PID=696) to work on /opt/airflow/dags/fit_news.py
[2024-03-23T03:58:19.303+0000] {processor.py:830} INFO - Processing file /opt/airflow/dags/fit_news.py for tasks to queue
[2024-03-23T03:58:19.306+0000] {logging_mixin.py:188} INFO - [2024-03-23T03:58:19.306+0000] {dagbag.py:540} INFO - Filling up the DagBag from /opt/airflow/dags/fit_news.py
[2024-03-23T03:58:20.170+0000] {processor.py:840} INFO - DAG(s) 'ThanhDag' retrieved from /opt/airflow/dags/fit_news.py
[2024-03-23T03:58:20.293+0000] {logging_mixin.py:188} INFO - [2024-03-23T03:58:20.293+0000] {dag.py:3047} INFO - Sync 1 DAGs
[2024-03-23T03:58:20.304+0000] {logging_mixin.py:188} INFO - [2024-03-23T03:58:20.304+0000] {dag.py:3834} INFO - Setting next_dagrun for ThanhDag to 2024-03-23 03:49:20.168798+00:00, run_after=2024-03-23 03:54:20.168798+00:00
[2024-03-23T03:58:20.313+0000] {processor.py:183} INFO - Processing /opt/airflow/dags/fit_news.py took 1.020 seconds
[2024-03-23T03:59:16.161+0000] {processor.py:161} INFO - Started process (PID=34) to work on /opt/airflow/dags/fit_news.py
[2024-03-23T03:59:16.163+0000] {processor.py:830} INFO - Processing file /opt/airflow/dags/fit_news.py for tasks to queue
[2024-03-23T03:59:16.165+0000] {logging_mixin.py:188} INFO - [2024-03-23T03:59:16.165+0000] {dagbag.py:540} INFO - Filling up the DagBag from /opt/airflow/dags/fit_news.py
[2024-03-23T03:59:17.323+0000] {processor.py:840} INFO - DAG(s) 'ThanhDag' retrieved from /opt/airflow/dags/fit_news.py
[2024-03-23T03:59:17.400+0000] {logging_mixin.py:188} INFO - [2024-03-23T03:59:17.400+0000] {dag.py:3047} INFO - Sync 1 DAGs
[2024-03-23T03:59:17.414+0000] {logging_mixin.py:188} INFO - [2024-03-23T03:59:17.414+0000] {dag.py:3834} INFO - Setting next_dagrun for ThanhDag to 2024-03-23 03:50:17.319128+00:00, run_after=2024-03-23 03:55:17.319128+00:00
[2024-03-23T03:59:17.553+0000] {processor.py:183} INFO - Processing /opt/airflow/dags/fit_news.py took 1.397 seconds
[2024-03-23T03:59:40.019+0000] {processor.py:161} INFO - Started process (PID=84) to work on /opt/airflow/dags/fit_news.py
[2024-03-23T03:59:40.022+0000] {processor.py:830} INFO - Processing file /opt/airflow/dags/fit_news.py for tasks to queue
[2024-03-23T03:59:40.026+0000] {logging_mixin.py:188} INFO - [2024-03-23T03:59:40.025+0000] {dagbag.py:540} INFO - Filling up the DagBag from /opt/airflow/dags/fit_news.py
[2024-03-23T03:59:41.195+0000] {processor.py:840} INFO - DAG(s) 'ThanhDag' retrieved from /opt/airflow/dags/fit_news.py
[2024-03-23T03:59:41.204+0000] {logging_mixin.py:188} INFO - [2024-03-23T03:59:41.203+0000] {dag.py:3047} INFO - Sync 1 DAGs
[2024-03-23T03:59:41.225+0000] {logging_mixin.py:188} INFO - [2024-03-23T03:59:41.224+0000] {dag.py:3834} INFO - Setting next_dagrun for ThanhDag to 2024-03-23 03:50:41.193254+00:00, run_after=2024-03-23 03:55:41.193254+00:00
[2024-03-23T03:59:41.240+0000] {processor.py:183} INFO - Processing /opt/airflow/dags/fit_news.py took 1.227 seconds
[2024-03-23T04:00:11.625+0000] {processor.py:161} INFO - Started process (PID=146) to work on /opt/airflow/dags/fit_news.py
[2024-03-23T04:00:11.627+0000] {processor.py:830} INFO - Processing file /opt/airflow/dags/fit_news.py for tasks to queue
[2024-03-23T04:00:11.629+0000] {logging_mixin.py:188} INFO - [2024-03-23T04:00:11.629+0000] {dagbag.py:540} INFO - Filling up the DagBag from /opt/airflow/dags/fit_news.py
[2024-03-23T04:00:12.529+0000] {processor.py:840} INFO - DAG(s) 'ThanhDag' retrieved from /opt/airflow/dags/fit_news.py
[2024-03-23T04:00:12.591+0000] {logging_mixin.py:188} INFO - [2024-03-23T04:00:12.591+0000] {dag.py:3047} INFO - Sync 1 DAGs
[2024-03-23T04:00:12.604+0000] {logging_mixin.py:188} INFO - [2024-03-23T04:00:12.604+0000] {dag.py:3834} INFO - Setting next_dagrun for ThanhDag to 2024-03-23 03:51:12.528091+00:00, run_after=2024-03-23 03:56:12.528091+00:00
[2024-03-23T04:00:12.617+0000] {processor.py:183} INFO - Processing /opt/airflow/dags/fit_news.py took 0.995 seconds
[2024-03-23T04:00:40.245+0000] {processor.py:161} INFO - Started process (PID=196) to work on /opt/airflow/dags/fit_news.py
[2024-03-23T04:00:40.246+0000] {processor.py:830} INFO - Processing file /opt/airflow/dags/fit_news.py for tasks to queue
[2024-03-23T04:00:40.249+0000] {logging_mixin.py:188} INFO - [2024-03-23T04:00:40.248+0000] {dagbag.py:540} INFO - Filling up the DagBag from /opt/airflow/dags/fit_news.py
[2024-03-23T04:00:41.308+0000] {processor.py:840} INFO - DAG(s) 'NamDAG' retrieved from /opt/airflow/dags/fit_news.py
[2024-03-23T04:00:41.362+0000] {logging_mixin.py:188} INFO - [2024-03-23T04:00:41.362+0000] {override.py:1769} INFO - Created Permission View: can delete on DAG:NamDAG
[2024-03-23T04:00:41.367+0000] {logging_mixin.py:188} INFO - [2024-03-23T04:00:41.367+0000] {override.py:1769} INFO - Created Permission View: can edit on DAG:NamDAG
[2024-03-23T04:00:41.371+0000] {logging_mixin.py:188} INFO - [2024-03-23T04:00:41.370+0000] {override.py:1769} INFO - Created Permission View: can read on DAG:NamDAG
[2024-03-23T04:00:41.371+0000] {logging_mixin.py:188} INFO - [2024-03-23T04:00:41.371+0000] {dag.py:3047} INFO - Sync 1 DAGs
[2024-03-23T04:00:41.376+0000] {logging_mixin.py:188} INFO - [2024-03-23T04:00:41.376+0000] {dag.py:3069} INFO - Creating ORM DAG for NamDAG
[2024-03-23T04:00:41.381+0000] {logging_mixin.py:188} INFO - [2024-03-23T04:00:41.381+0000] {dag.py:3834} INFO - Setting next_dagrun for NamDAG to 2024-03-23 03:55:41.306829+00:00, run_after=2024-03-23 04:00:41.306829+00:00
[2024-03-23T04:00:41.389+0000] {processor.py:183} INFO - Processing /opt/airflow/dags/fit_news.py took 1.153 seconds
[2024-03-23T04:01:11.866+0000] {processor.py:161} INFO - Started process (PID=258) to work on /opt/airflow/dags/fit_news.py
[2024-03-23T04:01:11.867+0000] {processor.py:830} INFO - Processing file /opt/airflow/dags/fit_news.py for tasks to queue
[2024-03-23T04:01:11.870+0000] {logging_mixin.py:188} INFO - [2024-03-23T04:01:11.869+0000] {dagbag.py:540} INFO - Filling up the DagBag from /opt/airflow/dags/fit_news.py
[2024-03-23T04:01:12.556+0000] {processor.py:840} INFO - DAG(s) 'NamDAG' retrieved from /opt/airflow/dags/fit_news.py
[2024-03-23T04:01:12.595+0000] {logging_mixin.py:188} INFO - [2024-03-23T04:01:12.595+0000] {dag.py:3047} INFO - Sync 1 DAGs
[2024-03-23T04:01:12.603+0000] {logging_mixin.py:188} INFO - [2024-03-23T04:01:12.603+0000] {dag.py:3834} INFO - Setting next_dagrun for NamDAG to 2024-03-23 03:56:12.554892+00:00, run_after=2024-03-23 04:01:12.554892+00:00
[2024-03-23T04:01:12.611+0000] {processor.py:183} INFO - Processing /opt/airflow/dags/fit_news.py took 0.749 seconds
[2024-03-23T04:01:43.364+0000] {processor.py:161} INFO - Started process (PID=314) to work on /opt/airflow/dags/fit_news.py
[2024-03-23T04:01:43.366+0000] {processor.py:830} INFO - Processing file /opt/airflow/dags/fit_news.py for tasks to queue
[2024-03-23T04:01:43.368+0000] {logging_mixin.py:188} INFO - [2024-03-23T04:01:43.367+0000] {dagbag.py:540} INFO - Filling up the DagBag from /opt/airflow/dags/fit_news.py
[2024-03-23T04:01:44.188+0000] {processor.py:840} INFO - DAG(s) 'NamDAG' retrieved from /opt/airflow/dags/fit_news.py
[2024-03-23T04:01:44.304+0000] {logging_mixin.py:188} INFO - [2024-03-23T04:01:44.304+0000] {dag.py:3047} INFO - Sync 1 DAGs
[2024-03-23T04:01:44.313+0000] {logging_mixin.py:188} INFO - [2024-03-23T04:01:44.313+0000] {dag.py:3834} INFO - Setting next_dagrun for NamDAG to 2024-03-23 03:56:44.186710+00:00, run_after=2024-03-23 04:01:44.186710+00:00
[2024-03-23T04:01:44.322+0000] {processor.py:183} INFO - Processing /opt/airflow/dags/fit_news.py took 0.968 seconds
[2024-03-23T04:02:14.915+0000] {processor.py:161} INFO - Started process (PID=370) to work on /opt/airflow/dags/fit_news.py
[2024-03-23T04:02:14.917+0000] {processor.py:830} INFO - Processing file /opt/airflow/dags/fit_news.py for tasks to queue
[2024-03-23T04:02:14.918+0000] {logging_mixin.py:188} INFO - [2024-03-23T04:02:14.918+0000] {dagbag.py:540} INFO - Filling up the DagBag from /opt/airflow/dags/fit_news.py
[2024-03-23T04:02:15.610+0000] {processor.py:840} INFO - DAG(s) 'NamDAG' retrieved from /opt/airflow/dags/fit_news.py
[2024-03-23T04:02:15.718+0000] {logging_mixin.py:188} INFO - [2024-03-23T04:02:15.718+0000] {dag.py:3047} INFO - Sync 1 DAGs
[2024-03-23T04:02:15.728+0000] {logging_mixin.py:188} INFO - [2024-03-23T04:02:15.727+0000] {dag.py:3834} INFO - Setting next_dagrun for NamDAG to 2024-03-23 03:57:15.609551+00:00, run_after=2024-03-23 04:02:15.609551+00:00
[2024-03-23T04:02:15.736+0000] {processor.py:183} INFO - Processing /opt/airflow/dags/fit_news.py took 0.825 seconds
[2024-03-23T04:02:46.299+0000] {processor.py:161} INFO - Started process (PID=426) to work on /opt/airflow/dags/fit_news.py
[2024-03-23T04:02:46.304+0000] {processor.py:830} INFO - Processing file /opt/airflow/dags/fit_news.py for tasks to queue
[2024-03-23T04:02:46.315+0000] {logging_mixin.py:188} INFO - [2024-03-23T04:02:46.306+0000] {dagbag.py:540} INFO - Filling up the DagBag from /opt/airflow/dags/fit_news.py
[2024-03-23T04:02:47.277+0000] {processor.py:840} INFO - DAG(s) 'NamDAG' retrieved from /opt/airflow/dags/fit_news.py
[2024-03-23T04:02:47.395+0000] {logging_mixin.py:188} INFO - [2024-03-23T04:02:47.395+0000] {dag.py:3047} INFO - Sync 1 DAGs
[2024-03-23T04:02:47.404+0000] {logging_mixin.py:188} INFO - [2024-03-23T04:02:47.404+0000] {dag.py:3834} INFO - Setting next_dagrun for NamDAG to 2024-03-23 03:57:47.276442+00:00, run_after=2024-03-23 04:02:47.276442+00:00
[2024-03-23T04:02:47.415+0000] {processor.py:183} INFO - Processing /opt/airflow/dags/fit_news.py took 1.123 seconds
[2024-03-23T04:03:18.088+0000] {processor.py:161} INFO - Started process (PID=482) to work on /opt/airflow/dags/fit_news.py
[2024-03-23T04:03:18.090+0000] {processor.py:830} INFO - Processing file /opt/airflow/dags/fit_news.py for tasks to queue
[2024-03-23T04:03:18.092+0000] {logging_mixin.py:188} INFO - [2024-03-23T04:03:18.091+0000] {dagbag.py:540} INFO - Filling up the DagBag from /opt/airflow/dags/fit_news.py
[2024-03-23T04:03:18.890+0000] {processor.py:840} INFO - DAG(s) 'NamDAG' retrieved from /opt/airflow/dags/fit_news.py
[2024-03-23T04:03:19.002+0000] {logging_mixin.py:188} INFO - [2024-03-23T04:03:19.002+0000] {dag.py:3047} INFO - Sync 1 DAGs
[2024-03-23T04:03:19.012+0000] {logging_mixin.py:188} INFO - [2024-03-23T04:03:19.012+0000] {dag.py:3834} INFO - Setting next_dagrun for NamDAG to 2024-03-23 03:58:18.888859+00:00, run_after=2024-03-23 04:03:18.888859+00:00
[2024-03-23T04:03:19.020+0000] {processor.py:183} INFO - Processing /opt/airflow/dags/fit_news.py took 0.938 seconds
[2024-03-23T04:03:49.558+0000] {processor.py:161} INFO - Started process (PID=538) to work on /opt/airflow/dags/fit_news.py
[2024-03-23T04:03:49.560+0000] {processor.py:830} INFO - Processing file /opt/airflow/dags/fit_news.py for tasks to queue
[2024-03-23T04:03:49.561+0000] {logging_mixin.py:188} INFO - [2024-03-23T04:03:49.560+0000] {dagbag.py:540} INFO - Filling up the DagBag from /opt/airflow/dags/fit_news.py
[2024-03-23T04:03:50.266+0000] {processor.py:840} INFO - DAG(s) 'NamDAG' retrieved from /opt/airflow/dags/fit_news.py
[2024-03-23T04:03:50.375+0000] {logging_mixin.py:188} INFO - [2024-03-23T04:03:50.375+0000] {dag.py:3047} INFO - Sync 1 DAGs
[2024-03-23T04:03:50.383+0000] {logging_mixin.py:188} INFO - [2024-03-23T04:03:50.383+0000] {dag.py:3834} INFO - Setting next_dagrun for NamDAG to 2024-03-23 03:58:50.265710+00:00, run_after=2024-03-23 04:03:50.265710+00:00
[2024-03-23T04:03:50.393+0000] {processor.py:183} INFO - Processing /opt/airflow/dags/fit_news.py took 0.839 seconds
[2024-03-23T04:04:20.987+0000] {processor.py:161} INFO - Started process (PID=594) to work on /opt/airflow/dags/fit_news.py
[2024-03-23T04:04:20.988+0000] {processor.py:830} INFO - Processing file /opt/airflow/dags/fit_news.py for tasks to queue
[2024-03-23T04:04:20.989+0000] {logging_mixin.py:188} INFO - [2024-03-23T04:04:20.988+0000] {dagbag.py:540} INFO - Filling up the DagBag from /opt/airflow/dags/fit_news.py
[2024-03-23T04:04:21.834+0000] {processor.py:840} INFO - DAG(s) 'NamDAG' retrieved from /opt/airflow/dags/fit_news.py
[2024-03-23T04:04:21.876+0000] {logging_mixin.py:188} INFO - [2024-03-23T04:04:21.876+0000] {dag.py:3047} INFO - Sync 1 DAGs
[2024-03-23T04:04:21.887+0000] {logging_mixin.py:188} INFO - [2024-03-23T04:04:21.886+0000] {dag.py:3834} INFO - Setting next_dagrun for NamDAG to 2024-03-23 03:59:21.833455+00:00, run_after=2024-03-23 04:04:21.833455+00:00
[2024-03-23T04:04:21.897+0000] {processor.py:183} INFO - Processing /opt/airflow/dags/fit_news.py took 0.914 seconds
[2024-03-23T04:04:29.330+0000] {processor.py:161} INFO - Started process (PID=644) to work on /opt/airflow/dags/fit_news.py
[2024-03-23T04:04:29.332+0000] {processor.py:830} INFO - Processing file /opt/airflow/dags/fit_news.py for tasks to queue
[2024-03-23T04:04:29.334+0000] {logging_mixin.py:188} INFO - [2024-03-23T04:04:29.333+0000] {dagbag.py:540} INFO - Filling up the DagBag from /opt/airflow/dags/fit_news.py
[2024-03-23T04:04:30.063+0000] {processor.py:840} INFO - DAG(s) 'NamDAG' retrieved from /opt/airflow/dags/fit_news.py
[2024-03-23T04:04:30.068+0000] {logging_mixin.py:188} INFO - [2024-03-23T04:04:30.068+0000] {dag.py:3047} INFO - Sync 1 DAGs
[2024-03-23T04:04:30.077+0000] {logging_mixin.py:188} INFO - [2024-03-23T04:04:30.076+0000] {dag.py:3834} INFO - Setting next_dagrun for NamDAG to 2024-03-23 03:59:30.062500+00:00, run_after=2024-03-23 04:09:30.062500+00:00
[2024-03-23T04:04:30.086+0000] {processor.py:183} INFO - Processing /opt/airflow/dags/fit_news.py took 0.761 seconds
[2024-03-23T04:05:00.199+0000] {processor.py:161} INFO - Started process (PID=700) to work on /opt/airflow/dags/fit_news.py
[2024-03-23T04:05:00.200+0000] {processor.py:830} INFO - Processing file /opt/airflow/dags/fit_news.py for tasks to queue
[2024-03-23T04:05:00.202+0000] {logging_mixin.py:188} INFO - [2024-03-23T04:05:00.201+0000] {dagbag.py:540} INFO - Filling up the DagBag from /opt/airflow/dags/fit_news.py
[2024-03-23T04:05:00.935+0000] {processor.py:840} INFO - DAG(s) 'NamDAG' retrieved from /opt/airflow/dags/fit_news.py
[2024-03-23T04:05:01.073+0000] {logging_mixin.py:188} INFO - [2024-03-23T04:05:01.072+0000] {dag.py:3047} INFO - Sync 1 DAGs
[2024-03-23T04:05:01.082+0000] {logging_mixin.py:188} INFO - [2024-03-23T04:05:01.082+0000] {dag.py:3834} INFO - Setting next_dagrun for NamDAG to 2024-03-23 04:00:00.926708+00:00, run_after=2024-03-23 04:10:00.926708+00:00
[2024-03-23T04:05:01.090+0000] {processor.py:183} INFO - Processing /opt/airflow/dags/fit_news.py took 0.896 seconds
[2024-03-23T04:05:31.258+0000] {processor.py:161} INFO - Started process (PID=756) to work on /opt/airflow/dags/fit_news.py
[2024-03-23T04:05:31.260+0000] {processor.py:830} INFO - Processing file /opt/airflow/dags/fit_news.py for tasks to queue
[2024-03-23T04:05:31.262+0000] {logging_mixin.py:188} INFO - [2024-03-23T04:05:31.262+0000] {dagbag.py:540} INFO - Filling up the DagBag from /opt/airflow/dags/fit_news.py
[2024-03-23T04:05:31.957+0000] {processor.py:840} INFO - DAG(s) 'NamDAG' retrieved from /opt/airflow/dags/fit_news.py
[2024-03-23T04:05:32.068+0000] {logging_mixin.py:188} INFO - [2024-03-23T04:05:32.068+0000] {dag.py:3047} INFO - Sync 1 DAGs
[2024-03-23T04:05:32.077+0000] {logging_mixin.py:188} INFO - [2024-03-23T04:05:32.077+0000] {dag.py:3834} INFO - Setting next_dagrun for NamDAG to 2024-03-23 04:00:31.956624+00:00, run_after=2024-03-23 04:10:31.956624+00:00
[2024-03-23T04:05:32.086+0000] {processor.py:183} INFO - Processing /opt/airflow/dags/fit_news.py took 0.833 seconds
[2024-03-23T04:06:02.684+0000] {processor.py:161} INFO - Started process (PID=812) to work on /opt/airflow/dags/fit_news.py
[2024-03-23T04:06:02.686+0000] {processor.py:830} INFO - Processing file /opt/airflow/dags/fit_news.py for tasks to queue
[2024-03-23T04:06:02.687+0000] {logging_mixin.py:188} INFO - [2024-03-23T04:06:02.687+0000] {dagbag.py:540} INFO - Filling up the DagBag from /opt/airflow/dags/fit_news.py
[2024-03-23T04:06:03.365+0000] {processor.py:840} INFO - DAG(s) 'NamDAG' retrieved from /opt/airflow/dags/fit_news.py
[2024-03-23T04:06:03.471+0000] {logging_mixin.py:188} INFO - [2024-03-23T04:06:03.471+0000] {dag.py:3047} INFO - Sync 1 DAGs
[2024-03-23T04:06:03.479+0000] {logging_mixin.py:188} INFO - [2024-03-23T04:06:03.479+0000] {dag.py:3834} INFO - Setting next_dagrun for NamDAG to 2024-03-23 04:01:03.364203+00:00, run_after=2024-03-23 04:11:03.364203+00:00
[2024-03-23T04:06:03.487+0000] {processor.py:183} INFO - Processing /opt/airflow/dags/fit_news.py took 0.808 seconds
[2024-03-23T04:06:34.167+0000] {processor.py:161} INFO - Started process (PID=868) to work on /opt/airflow/dags/fit_news.py
[2024-03-23T04:06:34.169+0000] {processor.py:830} INFO - Processing file /opt/airflow/dags/fit_news.py for tasks to queue
[2024-03-23T04:06:34.171+0000] {logging_mixin.py:188} INFO - [2024-03-23T04:06:34.170+0000] {dagbag.py:540} INFO - Filling up the DagBag from /opt/airflow/dags/fit_news.py
[2024-03-23T04:06:34.934+0000] {processor.py:840} INFO - DAG(s) 'NamDAG' retrieved from /opt/airflow/dags/fit_news.py
[2024-03-23T04:06:34.972+0000] {logging_mixin.py:188} INFO - [2024-03-23T04:06:34.972+0000] {dag.py:3047} INFO - Sync 1 DAGs
[2024-03-23T04:06:34.980+0000] {logging_mixin.py:188} INFO - [2024-03-23T04:06:34.980+0000] {dag.py:3834} INFO - Setting next_dagrun for NamDAG to 2024-03-23 04:01:34.933031+00:00, run_after=2024-03-23 04:11:34.933031+00:00
[2024-03-23T04:06:34.989+0000] {processor.py:183} INFO - Processing /opt/airflow/dags/fit_news.py took 0.826 seconds
[2024-03-23T04:07:05.944+0000] {processor.py:161} INFO - Started process (PID=924) to work on /opt/airflow/dags/fit_news.py
[2024-03-23T04:07:05.945+0000] {processor.py:830} INFO - Processing file /opt/airflow/dags/fit_news.py for tasks to queue
[2024-03-23T04:07:05.946+0000] {logging_mixin.py:188} INFO - [2024-03-23T04:07:05.946+0000] {dagbag.py:540} INFO - Filling up the DagBag from /opt/airflow/dags/fit_news.py
[2024-03-23T04:07:06.706+0000] {processor.py:840} INFO - DAG(s) 'NamDAG' retrieved from /opt/airflow/dags/fit_news.py
[2024-03-23T04:07:06.746+0000] {logging_mixin.py:188} INFO - [2024-03-23T04:07:06.746+0000] {dag.py:3047} INFO - Sync 1 DAGs
[2024-03-23T04:07:06.754+0000] {logging_mixin.py:188} INFO - [2024-03-23T04:07:06.754+0000] {dag.py:3834} INFO - Setting next_dagrun for NamDAG to 2024-03-23 04:02:06.705634+00:00, run_after=2024-03-23 04:12:06.705634+00:00
[2024-03-23T04:07:06.762+0000] {processor.py:183} INFO - Processing /opt/airflow/dags/fit_news.py took 0.823 seconds
[2024-03-23T04:07:37.569+0000] {processor.py:161} INFO - Started process (PID=980) to work on /opt/airflow/dags/fit_news.py
[2024-03-23T04:07:37.570+0000] {processor.py:830} INFO - Processing file /opt/airflow/dags/fit_news.py for tasks to queue
[2024-03-23T04:07:37.571+0000] {logging_mixin.py:188} INFO - [2024-03-23T04:07:37.570+0000] {dagbag.py:540} INFO - Filling up the DagBag from /opt/airflow/dags/fit_news.py
[2024-03-23T04:07:38.319+0000] {processor.py:840} INFO - DAG(s) 'NamDAG' retrieved from /opt/airflow/dags/fit_news.py
[2024-03-23T04:07:38.357+0000] {logging_mixin.py:188} INFO - [2024-03-23T04:07:38.357+0000] {dag.py:3047} INFO - Sync 1 DAGs
[2024-03-23T04:07:38.365+0000] {logging_mixin.py:188} INFO - [2024-03-23T04:07:38.365+0000] {dag.py:3834} INFO - Setting next_dagrun for NamDAG to 2024-03-23 04:02:38.318547+00:00, run_after=2024-03-23 04:12:38.318547+00:00
[2024-03-23T04:07:38.374+0000] {processor.py:183} INFO - Processing /opt/airflow/dags/fit_news.py took 0.809 seconds
[2024-03-23T04:08:08.911+0000] {processor.py:161} INFO - Started process (PID=1036) to work on /opt/airflow/dags/fit_news.py
[2024-03-23T04:08:08.913+0000] {processor.py:830} INFO - Processing file /opt/airflow/dags/fit_news.py for tasks to queue
[2024-03-23T04:08:08.914+0000] {logging_mixin.py:188} INFO - [2024-03-23T04:08:08.914+0000] {dagbag.py:540} INFO - Filling up the DagBag from /opt/airflow/dags/fit_news.py
[2024-03-23T04:08:09.663+0000] {processor.py:840} INFO - DAG(s) 'NamDAG' retrieved from /opt/airflow/dags/fit_news.py
[2024-03-23T04:08:09.706+0000] {logging_mixin.py:188} INFO - [2024-03-23T04:08:09.705+0000] {dag.py:3047} INFO - Sync 1 DAGs
[2024-03-23T04:08:09.714+0000] {logging_mixin.py:188} INFO - [2024-03-23T04:08:09.714+0000] {dag.py:3834} INFO - Setting next_dagrun for NamDAG to 2024-03-23 04:03:09.661802+00:00, run_after=2024-03-23 04:13:09.661802+00:00
[2024-03-23T04:08:09.723+0000] {processor.py:183} INFO - Processing /opt/airflow/dags/fit_news.py took 0.818 seconds
[2024-03-23T04:08:40.354+0000] {processor.py:161} INFO - Started process (PID=1092) to work on /opt/airflow/dags/fit_news.py
[2024-03-23T04:08:40.356+0000] {processor.py:830} INFO - Processing file /opt/airflow/dags/fit_news.py for tasks to queue
[2024-03-23T04:08:40.357+0000] {logging_mixin.py:188} INFO - [2024-03-23T04:08:40.357+0000] {dagbag.py:540} INFO - Filling up the DagBag from /opt/airflow/dags/fit_news.py
[2024-03-23T04:08:41.111+0000] {processor.py:840} INFO - DAG(s) 'NamDAG' retrieved from /opt/airflow/dags/fit_news.py
[2024-03-23T04:08:41.152+0000] {logging_mixin.py:188} INFO - [2024-03-23T04:08:41.152+0000] {dag.py:3047} INFO - Sync 1 DAGs
[2024-03-23T04:08:41.160+0000] {logging_mixin.py:188} INFO - [2024-03-23T04:08:41.160+0000] {dag.py:3834} INFO - Setting next_dagrun for NamDAG to 2024-03-23 04:03:41.109727+00:00, run_after=2024-03-23 04:13:41.109727+00:00
[2024-03-23T04:08:41.169+0000] {processor.py:183} INFO - Processing /opt/airflow/dags/fit_news.py took 0.820 seconds
[2024-03-23T04:09:11.758+0000] {processor.py:161} INFO - Started process (PID=1154) to work on /opt/airflow/dags/fit_news.py
[2024-03-23T04:09:11.760+0000] {processor.py:830} INFO - Processing file /opt/airflow/dags/fit_news.py for tasks to queue
[2024-03-23T04:09:11.761+0000] {logging_mixin.py:188} INFO - [2024-03-23T04:09:11.761+0000] {dagbag.py:540} INFO - Filling up the DagBag from /opt/airflow/dags/fit_news.py
[2024-03-23T04:09:12.515+0000] {processor.py:840} INFO - DAG(s) 'NamDAG' retrieved from /opt/airflow/dags/fit_news.py
[2024-03-23T04:09:12.554+0000] {logging_mixin.py:188} INFO - [2024-03-23T04:09:12.553+0000] {dag.py:3047} INFO - Sync 1 DAGs
[2024-03-23T04:09:12.562+0000] {logging_mixin.py:188} INFO - [2024-03-23T04:09:12.562+0000] {dag.py:3834} INFO - Setting next_dagrun for NamDAG to 2024-03-23 04:04:12.514560+00:00, run_after=2024-03-23 04:14:12.514560+00:00
[2024-03-23T04:09:12.570+0000] {processor.py:183} INFO - Processing /opt/airflow/dags/fit_news.py took 0.817 seconds
[2024-03-23T04:09:43.144+0000] {processor.py:161} INFO - Started process (PID=1210) to work on /opt/airflow/dags/fit_news.py
[2024-03-23T04:09:43.146+0000] {processor.py:830} INFO - Processing file /opt/airflow/dags/fit_news.py for tasks to queue
[2024-03-23T04:09:43.147+0000] {logging_mixin.py:188} INFO - [2024-03-23T04:09:43.147+0000] {dagbag.py:540} INFO - Filling up the DagBag from /opt/airflow/dags/fit_news.py
[2024-03-23T04:09:43.887+0000] {processor.py:840} INFO - DAG(s) 'NamDAG' retrieved from /opt/airflow/dags/fit_news.py
[2024-03-23T04:09:43.926+0000] {logging_mixin.py:188} INFO - [2024-03-23T04:09:43.926+0000] {dag.py:3047} INFO - Sync 1 DAGs
[2024-03-23T04:09:43.935+0000] {logging_mixin.py:188} INFO - [2024-03-23T04:09:43.935+0000] {dag.py:3834} INFO - Setting next_dagrun for NamDAG to 2024-03-23 04:04:43.886636+00:00, run_after=2024-03-23 04:14:43.886636+00:00
[2024-03-23T04:09:43.943+0000] {processor.py:183} INFO - Processing /opt/airflow/dags/fit_news.py took 0.803 seconds
[2024-03-23T04:10:14.620+0000] {processor.py:161} INFO - Started process (PID=1266) to work on /opt/airflow/dags/fit_news.py
[2024-03-23T04:10:14.621+0000] {processor.py:830} INFO - Processing file /opt/airflow/dags/fit_news.py for tasks to queue
[2024-03-23T04:10:14.622+0000] {logging_mixin.py:188} INFO - [2024-03-23T04:10:14.622+0000] {dagbag.py:540} INFO - Filling up the DagBag from /opt/airflow/dags/fit_news.py
[2024-03-23T04:10:15.424+0000] {processor.py:840} INFO - DAG(s) 'NamDAG' retrieved from /opt/airflow/dags/fit_news.py
[2024-03-23T04:10:15.489+0000] {logging_mixin.py:188} INFO - [2024-03-23T04:10:15.489+0000] {dag.py:3047} INFO - Sync 1 DAGs
[2024-03-23T04:10:15.499+0000] {logging_mixin.py:188} INFO - [2024-03-23T04:10:15.499+0000] {dag.py:3834} INFO - Setting next_dagrun for NamDAG to 2024-03-23 04:05:15.423101+00:00, run_after=2024-03-23 04:15:15.423101+00:00
[2024-03-23T04:10:15.508+0000] {processor.py:183} INFO - Processing /opt/airflow/dags/fit_news.py took 0.893 seconds
[2024-03-23T04:10:45.601+0000] {processor.py:161} INFO - Started process (PID=1322) to work on /opt/airflow/dags/fit_news.py
[2024-03-23T04:10:45.602+0000] {processor.py:830} INFO - Processing file /opt/airflow/dags/fit_news.py for tasks to queue
[2024-03-23T04:10:45.603+0000] {logging_mixin.py:188} INFO - [2024-03-23T04:10:45.603+0000] {dagbag.py:540} INFO - Filling up the DagBag from /opt/airflow/dags/fit_news.py
[2024-03-23T04:10:46.498+0000] {processor.py:840} INFO - DAG(s) 'NamDAG' retrieved from /opt/airflow/dags/fit_news.py
[2024-03-23T04:10:46.545+0000] {logging_mixin.py:188} INFO - [2024-03-23T04:10:46.545+0000] {dag.py:3047} INFO - Sync 1 DAGs
[2024-03-23T04:10:46.555+0000] {logging_mixin.py:188} INFO - [2024-03-23T04:10:46.554+0000] {dag.py:3834} INFO - Setting next_dagrun for NamDAG to 2024-03-23 04:05:46.497199+00:00, run_after=2024-03-23 04:15:46.497199+00:00
[2024-03-23T04:10:46.565+0000] {processor.py:183} INFO - Processing /opt/airflow/dags/fit_news.py took 0.967 seconds
[2024-03-23T04:11:16.760+0000] {processor.py:161} INFO - Started process (PID=1378) to work on /opt/airflow/dags/fit_news.py
[2024-03-23T04:11:16.762+0000] {processor.py:830} INFO - Processing file /opt/airflow/dags/fit_news.py for tasks to queue
[2024-03-23T04:11:16.762+0000] {logging_mixin.py:188} INFO - [2024-03-23T04:11:16.762+0000] {dagbag.py:540} INFO - Filling up the DagBag from /opt/airflow/dags/fit_news.py
[2024-03-23T04:11:17.634+0000] {processor.py:840} INFO - DAG(s) 'NamDAG' retrieved from /opt/airflow/dags/fit_news.py
[2024-03-23T04:11:17.686+0000] {logging_mixin.py:188} INFO - [2024-03-23T04:11:17.686+0000] {dag.py:3047} INFO - Sync 1 DAGs
[2024-03-23T04:11:17.695+0000] {logging_mixin.py:188} INFO - [2024-03-23T04:11:17.695+0000] {dag.py:3834} INFO - Setting next_dagrun for NamDAG to 2024-03-23 04:06:17.633313+00:00, run_after=2024-03-23 04:16:17.633313+00:00
[2024-03-23T04:11:17.705+0000] {processor.py:183} INFO - Processing /opt/airflow/dags/fit_news.py took 0.949 seconds
[2024-03-23T04:11:48.560+0000] {processor.py:161} INFO - Started process (PID=1434) to work on /opt/airflow/dags/fit_news.py
[2024-03-23T04:11:48.646+0000] {processor.py:830} INFO - Processing file /opt/airflow/dags/fit_news.py for tasks to queue
[2024-03-23T04:11:48.647+0000] {logging_mixin.py:188} INFO - [2024-03-23T04:11:48.647+0000] {dagbag.py:540} INFO - Filling up the DagBag from /opt/airflow/dags/fit_news.py
[2024-03-23T04:11:49.614+0000] {processor.py:840} INFO - DAG(s) 'NamDAG' retrieved from /opt/airflow/dags/fit_news.py
[2024-03-23T04:11:49.659+0000] {logging_mixin.py:188} INFO - [2024-03-23T04:11:49.659+0000] {dag.py:3047} INFO - Sync 1 DAGs
[2024-03-23T04:11:49.668+0000] {logging_mixin.py:188} INFO - [2024-03-23T04:11:49.668+0000] {dag.py:3834} INFO - Setting next_dagrun for NamDAG to 2024-03-23 04:06:49.612828+00:00, run_after=2024-03-23 04:16:49.612828+00:00
[2024-03-23T04:11:49.676+0000] {processor.py:183} INFO - Processing /opt/airflow/dags/fit_news.py took 1.122 seconds
[2024-03-23T04:13:51.518+0000] {processor.py:161} INFO - Started process (PID=1435) to work on /opt/airflow/dags/fit_news.py
[2024-03-23T04:13:51.519+0000] {processor.py:830} INFO - Processing file /opt/airflow/dags/fit_news.py for tasks to queue
[2024-03-23T04:13:51.521+0000] {logging_mixin.py:188} INFO - [2024-03-23T04:13:51.520+0000] {dagbag.py:540} INFO - Filling up the DagBag from /opt/airflow/dags/fit_news.py
[2024-03-23T04:13:52.935+0000] {processor.py:840} INFO - DAG(s) 'NamDAG' retrieved from /opt/airflow/dags/fit_news.py
[2024-03-23T04:13:52.982+0000] {logging_mixin.py:188} INFO - [2024-03-23T04:13:52.982+0000] {dag.py:3047} INFO - Sync 1 DAGs
[2024-03-23T04:13:52.991+0000] {logging_mixin.py:188} INFO - [2024-03-23T04:13:52.991+0000] {dag.py:3834} INFO - Setting next_dagrun for NamDAG to 2024-03-23 04:08:52.933856+00:00, run_after=2024-03-23 04:18:52.933856+00:00
[2024-03-23T04:13:53.000+0000] {processor.py:183} INFO - Processing /opt/airflow/dags/fit_news.py took 1.488 seconds
[2024-03-23T04:14:23.824+0000] {processor.py:161} INFO - Started process (PID=1502) to work on /opt/airflow/dags/fit_news.py
[2024-03-23T04:14:23.826+0000] {processor.py:830} INFO - Processing file /opt/airflow/dags/fit_news.py for tasks to queue
[2024-03-23T04:14:23.827+0000] {logging_mixin.py:188} INFO - [2024-03-23T04:14:23.827+0000] {dagbag.py:540} INFO - Filling up the DagBag from /opt/airflow/dags/fit_news.py
[2024-03-23T04:14:24.727+0000] {processor.py:840} INFO - DAG(s) 'NamDAG' retrieved from /opt/airflow/dags/fit_news.py
[2024-03-23T04:14:24.772+0000] {logging_mixin.py:188} INFO - [2024-03-23T04:14:24.772+0000] {dag.py:3047} INFO - Sync 1 DAGs
[2024-03-23T04:14:24.782+0000] {logging_mixin.py:188} INFO - [2024-03-23T04:14:24.782+0000] {dag.py:3834} INFO - Setting next_dagrun for NamDAG to 2024-03-23 04:09:24.725780+00:00, run_after=2024-03-23 04:19:24.725780+00:00
[2024-03-23T04:14:24.791+0000] {processor.py:183} INFO - Processing /opt/airflow/dags/fit_news.py took 0.974 seconds
[2024-03-23T04:17:07.440+0000] {processor.py:161} INFO - Started process (PID=1547) to work on /opt/airflow/dags/fit_news.py
[2024-03-23T04:17:07.443+0000] {processor.py:830} INFO - Processing file /opt/airflow/dags/fit_news.py for tasks to queue
[2024-03-23T04:17:07.444+0000] {logging_mixin.py:188} INFO - [2024-03-23T04:17:07.444+0000] {dagbag.py:540} INFO - Filling up the DagBag from /opt/airflow/dags/fit_news.py
[2024-03-23T04:17:09.119+0000] {processor.py:840} INFO - DAG(s) 'NamDAG' retrieved from /opt/airflow/dags/fit_news.py
[2024-03-23T04:17:09.185+0000] {logging_mixin.py:188} INFO - [2024-03-23T04:17:09.185+0000] {dag.py:3047} INFO - Sync 1 DAGs
[2024-03-23T04:17:09.196+0000] {logging_mixin.py:188} INFO - [2024-03-23T04:17:09.196+0000] {dag.py:3834} INFO - Setting next_dagrun for NamDAG to 2024-03-23 04:12:09.117308+00:00, run_after=2024-03-23 04:22:09.117308+00:00
[2024-03-23T04:17:09.213+0000] {processor.py:183} INFO - Processing /opt/airflow/dags/fit_news.py took 1.780 seconds
[2024-03-23T04:17:39.256+0000] {processor.py:161} INFO - Started process (PID=1615) to work on /opt/airflow/dags/fit_news.py
[2024-03-23T04:17:39.257+0000] {processor.py:830} INFO - Processing file /opt/airflow/dags/fit_news.py for tasks to queue
[2024-03-23T04:17:39.258+0000] {logging_mixin.py:188} INFO - [2024-03-23T04:17:39.257+0000] {dagbag.py:540} INFO - Filling up the DagBag from /opt/airflow/dags/fit_news.py
[2024-03-23T04:17:40.252+0000] {processor.py:840} INFO - DAG(s) 'NamDAG' retrieved from /opt/airflow/dags/fit_news.py
[2024-03-23T04:17:40.304+0000] {logging_mixin.py:188} INFO - [2024-03-23T04:17:40.304+0000] {dag.py:3047} INFO - Sync 1 DAGs
[2024-03-23T04:17:40.316+0000] {logging_mixin.py:188} INFO - [2024-03-23T04:17:40.315+0000] {dag.py:3834} INFO - Setting next_dagrun for NamDAG to 2024-03-23 04:12:40.251601+00:00, run_after=2024-03-23 04:22:40.251601+00:00
[2024-03-23T04:17:40.327+0000] {processor.py:183} INFO - Processing /opt/airflow/dags/fit_news.py took 1.075 seconds
[2024-03-23T04:18:11.186+0000] {processor.py:161} INFO - Started process (PID=1685) to work on /opt/airflow/dags/fit_news.py
[2024-03-23T04:18:11.187+0000] {processor.py:830} INFO - Processing file /opt/airflow/dags/fit_news.py for tasks to queue
[2024-03-23T04:18:11.189+0000] {logging_mixin.py:188} INFO - [2024-03-23T04:18:11.188+0000] {dagbag.py:540} INFO - Filling up the DagBag from /opt/airflow/dags/fit_news.py
[2024-03-23T04:18:12.174+0000] {processor.py:840} INFO - DAG(s) 'NamDAG' retrieved from /opt/airflow/dags/fit_news.py
[2024-03-23T04:18:12.216+0000] {logging_mixin.py:188} INFO - [2024-03-23T04:18:12.216+0000] {dag.py:3047} INFO - Sync 1 DAGs
[2024-03-23T04:18:12.226+0000] {logging_mixin.py:188} INFO - [2024-03-23T04:18:12.225+0000] {dag.py:3834} INFO - Setting next_dagrun for NamDAG to 2024-03-23 04:13:12.173190+00:00, run_after=2024-03-23 04:23:12.173190+00:00
[2024-03-23T04:18:12.234+0000] {processor.py:183} INFO - Processing /opt/airflow/dags/fit_news.py took 1.052 seconds
[2024-03-23T04:18:42.566+0000] {processor.py:161} INFO - Started process (PID=1744) to work on /opt/airflow/dags/fit_news.py
[2024-03-23T04:18:42.568+0000] {processor.py:830} INFO - Processing file /opt/airflow/dags/fit_news.py for tasks to queue
[2024-03-23T04:18:42.570+0000] {logging_mixin.py:188} INFO - [2024-03-23T04:18:42.569+0000] {dagbag.py:540} INFO - Filling up the DagBag from /opt/airflow/dags/fit_news.py
[2024-03-23T04:18:43.501+0000] {processor.py:840} INFO - DAG(s) 'NamDAG' retrieved from /opt/airflow/dags/fit_news.py
[2024-03-23T04:18:43.550+0000] {logging_mixin.py:188} INFO - [2024-03-23T04:18:43.550+0000] {dag.py:3047} INFO - Sync 1 DAGs
[2024-03-23T04:18:43.562+0000] {logging_mixin.py:188} INFO - [2024-03-23T04:18:43.562+0000] {dag.py:3834} INFO - Setting next_dagrun for NamDAG to 2024-03-23 04:13:43.500215+00:00, run_after=2024-03-23 04:23:43.500215+00:00
[2024-03-23T04:18:43.573+0000] {processor.py:183} INFO - Processing /opt/airflow/dags/fit_news.py took 1.012 seconds
[2024-03-23T04:19:13.835+0000] {processor.py:161} INFO - Started process (PID=1800) to work on /opt/airflow/dags/fit_news.py
[2024-03-23T04:19:13.836+0000] {processor.py:830} INFO - Processing file /opt/airflow/dags/fit_news.py for tasks to queue
[2024-03-23T04:19:13.838+0000] {logging_mixin.py:188} INFO - [2024-03-23T04:19:13.837+0000] {dagbag.py:540} INFO - Filling up the DagBag from /opt/airflow/dags/fit_news.py
[2024-03-23T04:19:14.706+0000] {processor.py:840} INFO - DAG(s) 'NamDAG' retrieved from /opt/airflow/dags/fit_news.py
[2024-03-23T04:19:14.753+0000] {logging_mixin.py:188} INFO - [2024-03-23T04:19:14.753+0000] {dag.py:3047} INFO - Sync 1 DAGs
[2024-03-23T04:19:14.764+0000] {logging_mixin.py:188} INFO - [2024-03-23T04:19:14.764+0000] {dag.py:3834} INFO - Setting next_dagrun for NamDAG to 2024-03-23 04:14:14.705548+00:00, run_after=2024-03-23 04:24:14.705548+00:00
[2024-03-23T04:19:14.775+0000] {processor.py:183} INFO - Processing /opt/airflow/dags/fit_news.py took 0.946 seconds
[2024-03-23T04:19:45.486+0000] {processor.py:161} INFO - Started process (PID=1867) to work on /opt/airflow/dags/fit_news.py
[2024-03-23T04:19:45.487+0000] {processor.py:830} INFO - Processing file /opt/airflow/dags/fit_news.py for tasks to queue
[2024-03-23T04:19:45.488+0000] {logging_mixin.py:188} INFO - [2024-03-23T04:19:45.488+0000] {dagbag.py:540} INFO - Filling up the DagBag from /opt/airflow/dags/fit_news.py
[2024-03-23T04:19:46.642+0000] {processor.py:840} INFO - DAG(s) 'NamDAG' retrieved from /opt/airflow/dags/fit_news.py
[2024-03-23T04:19:46.684+0000] {logging_mixin.py:188} INFO - [2024-03-23T04:19:46.684+0000] {dag.py:3047} INFO - Sync 1 DAGs
[2024-03-23T04:19:46.693+0000] {logging_mixin.py:188} INFO - [2024-03-23T04:19:46.693+0000] {dag.py:3834} INFO - Setting next_dagrun for NamDAG to 2024-03-23 04:14:46.640749+00:00, run_after=2024-03-23 04:24:46.640749+00:00
[2024-03-23T04:19:46.702+0000] {processor.py:183} INFO - Processing /opt/airflow/dags/fit_news.py took 1.219 seconds
[2024-03-23T04:20:16.903+0000] {processor.py:161} INFO - Started process (PID=1927) to work on /opt/airflow/dags/fit_news.py
[2024-03-23T04:20:16.905+0000] {processor.py:830} INFO - Processing file /opt/airflow/dags/fit_news.py for tasks to queue
[2024-03-23T04:20:16.907+0000] {logging_mixin.py:188} INFO - [2024-03-23T04:20:16.906+0000] {dagbag.py:540} INFO - Filling up the DagBag from /opt/airflow/dags/fit_news.py
[2024-03-23T04:20:17.844+0000] {processor.py:840} INFO - DAG(s) 'NamDAG' retrieved from /opt/airflow/dags/fit_news.py
[2024-03-23T04:20:17.886+0000] {logging_mixin.py:188} INFO - [2024-03-23T04:20:17.886+0000] {dag.py:3047} INFO - Sync 1 DAGs
[2024-03-23T04:20:17.896+0000] {logging_mixin.py:188} INFO - [2024-03-23T04:20:17.895+0000] {dag.py:3834} INFO - Setting next_dagrun for NamDAG to 2024-03-23 04:15:17.843109+00:00, run_after=2024-03-23 04:25:17.843109+00:00
[2024-03-23T04:20:17.904+0000] {processor.py:183} INFO - Processing /opt/airflow/dags/fit_news.py took 1.006 seconds
[2024-03-23T04:20:48.132+0000] {processor.py:161} INFO - Started process (PID=1987) to work on /opt/airflow/dags/fit_news.py
[2024-03-23T04:20:48.133+0000] {processor.py:830} INFO - Processing file /opt/airflow/dags/fit_news.py for tasks to queue
[2024-03-23T04:20:48.134+0000] {logging_mixin.py:188} INFO - [2024-03-23T04:20:48.134+0000] {dagbag.py:540} INFO - Filling up the DagBag from /opt/airflow/dags/fit_news.py
[2024-03-23T04:20:49.030+0000] {processor.py:840} INFO - DAG(s) 'NamDAG' retrieved from /opt/airflow/dags/fit_news.py
[2024-03-23T04:20:49.086+0000] {logging_mixin.py:188} INFO - [2024-03-23T04:20:49.086+0000] {dag.py:3047} INFO - Sync 1 DAGs
[2024-03-23T04:20:49.100+0000] {logging_mixin.py:188} INFO - [2024-03-23T04:20:49.100+0000] {dag.py:3834} INFO - Setting next_dagrun for NamDAG to 2024-03-23 04:15:49.028921+00:00, run_after=2024-03-23 04:25:49.028921+00:00
[2024-03-23T04:20:49.115+0000] {processor.py:183} INFO - Processing /opt/airflow/dags/fit_news.py took 0.986 seconds
[2024-03-23T04:21:19.427+0000] {processor.py:161} INFO - Started process (PID=2043) to work on /opt/airflow/dags/fit_news.py
[2024-03-23T04:21:19.428+0000] {processor.py:830} INFO - Processing file /opt/airflow/dags/fit_news.py for tasks to queue
[2024-03-23T04:21:19.430+0000] {logging_mixin.py:188} INFO - [2024-03-23T04:21:19.429+0000] {dagbag.py:540} INFO - Filling up the DagBag from /opt/airflow/dags/fit_news.py
[2024-03-23T04:21:20.286+0000] {processor.py:840} INFO - DAG(s) 'NamDAG' retrieved from /opt/airflow/dags/fit_news.py
[2024-03-23T04:21:20.331+0000] {logging_mixin.py:188} INFO - [2024-03-23T04:21:20.331+0000] {dag.py:3047} INFO - Sync 1 DAGs
[2024-03-23T04:21:20.341+0000] {logging_mixin.py:188} INFO - [2024-03-23T04:21:20.340+0000] {dag.py:3834} INFO - Setting next_dagrun for NamDAG to 2024-03-23 04:16:20.284774+00:00, run_after=2024-03-23 04:26:20.284774+00:00
[2024-03-23T04:21:20.350+0000] {processor.py:183} INFO - Processing /opt/airflow/dags/fit_news.py took 0.928 seconds
[2024-03-23T04:21:51.201+0000] {processor.py:161} INFO - Started process (PID=2098) to work on /opt/airflow/dags/fit_news.py
[2024-03-23T04:21:51.203+0000] {processor.py:830} INFO - Processing file /opt/airflow/dags/fit_news.py for tasks to queue
[2024-03-23T04:21:51.204+0000] {logging_mixin.py:188} INFO - [2024-03-23T04:21:51.204+0000] {dagbag.py:540} INFO - Filling up the DagBag from /opt/airflow/dags/fit_news.py
[2024-03-23T04:21:51.965+0000] {processor.py:840} INFO - DAG(s) 'NamDAG' retrieved from /opt/airflow/dags/fit_news.py
[2024-03-23T04:21:52.006+0000] {logging_mixin.py:188} INFO - [2024-03-23T04:21:52.006+0000] {dag.py:3047} INFO - Sync 1 DAGs
[2024-03-23T04:21:52.014+0000] {logging_mixin.py:188} INFO - [2024-03-23T04:21:52.014+0000] {dag.py:3834} INFO - Setting next_dagrun for NamDAG to 2024-03-23 04:16:51.964443+00:00, run_after=2024-03-23 04:26:51.964443+00:00
[2024-03-23T04:21:52.022+0000] {processor.py:183} INFO - Processing /opt/airflow/dags/fit_news.py took 0.826 seconds
[2024-03-23T04:22:22.731+0000] {processor.py:161} INFO - Started process (PID=2154) to work on /opt/airflow/dags/fit_news.py
[2024-03-23T04:22:22.732+0000] {processor.py:830} INFO - Processing file /opt/airflow/dags/fit_news.py for tasks to queue
[2024-03-23T04:22:22.733+0000] {logging_mixin.py:188} INFO - [2024-03-23T04:22:22.733+0000] {dagbag.py:540} INFO - Filling up the DagBag from /opt/airflow/dags/fit_news.py
[2024-03-23T04:22:23.453+0000] {processor.py:840} INFO - DAG(s) 'NamDAG' retrieved from /opt/airflow/dags/fit_news.py
[2024-03-23T04:22:23.492+0000] {logging_mixin.py:188} INFO - [2024-03-23T04:22:23.491+0000] {dag.py:3047} INFO - Sync 1 DAGs
[2024-03-23T04:22:23.499+0000] {logging_mixin.py:188} INFO - [2024-03-23T04:22:23.499+0000] {dag.py:3834} INFO - Setting next_dagrun for NamDAG to 2024-03-23 04:17:23.452681+00:00, run_after=2024-03-23 04:27:23.452681+00:00
[2024-03-23T04:22:23.508+0000] {processor.py:183} INFO - Processing /opt/airflow/dags/fit_news.py took 0.779 seconds
[2024-03-23T04:22:54.329+0000] {processor.py:161} INFO - Started process (PID=2216) to work on /opt/airflow/dags/fit_news.py
[2024-03-23T04:22:54.331+0000] {processor.py:830} INFO - Processing file /opt/airflow/dags/fit_news.py for tasks to queue
[2024-03-23T04:22:54.333+0000] {logging_mixin.py:188} INFO - [2024-03-23T04:22:54.333+0000] {dagbag.py:540} INFO - Filling up the DagBag from /opt/airflow/dags/fit_news.py
[2024-03-23T04:22:55.084+0000] {processor.py:840} INFO - DAG(s) 'NamDAG' retrieved from /opt/airflow/dags/fit_news.py
[2024-03-23T04:22:55.126+0000] {logging_mixin.py:188} INFO - [2024-03-23T04:22:55.126+0000] {dag.py:3047} INFO - Sync 1 DAGs
[2024-03-23T04:22:55.135+0000] {logging_mixin.py:188} INFO - [2024-03-23T04:22:55.135+0000] {dag.py:3834} INFO - Setting next_dagrun for NamDAG to 2024-03-23 04:17:55.082968+00:00, run_after=2024-03-23 04:27:55.082968+00:00
[2024-03-23T04:22:55.143+0000] {processor.py:183} INFO - Processing /opt/airflow/dags/fit_news.py took 0.819 seconds
[2024-03-23T04:23:25.215+0000] {processor.py:161} INFO - Started process (PID=2272) to work on /opt/airflow/dags/fit_news.py
[2024-03-23T04:23:25.217+0000] {processor.py:830} INFO - Processing file /opt/airflow/dags/fit_news.py for tasks to queue
[2024-03-23T04:23:25.219+0000] {logging_mixin.py:188} INFO - [2024-03-23T04:23:25.218+0000] {dagbag.py:540} INFO - Filling up the DagBag from /opt/airflow/dags/fit_news.py
[2024-03-23T04:23:25.978+0000] {processor.py:840} INFO - DAG(s) 'NamDAG' retrieved from /opt/airflow/dags/fit_news.py
[2024-03-23T04:23:26.017+0000] {logging_mixin.py:188} INFO - [2024-03-23T04:23:26.017+0000] {dag.py:3047} INFO - Sync 1 DAGs
[2024-03-23T04:23:26.025+0000] {logging_mixin.py:188} INFO - [2024-03-23T04:23:26.025+0000] {dag.py:3834} INFO - Setting next_dagrun for NamDAG to 2024-03-23 04:18:25.977097+00:00, run_after=2024-03-23 04:28:25.977097+00:00
[2024-03-23T04:23:26.034+0000] {processor.py:183} INFO - Processing /opt/airflow/dags/fit_news.py took 0.825 seconds
[2024-03-23T04:23:56.135+0000] {processor.py:161} INFO - Started process (PID=2328) to work on /opt/airflow/dags/fit_news.py
[2024-03-23T04:23:56.138+0000] {processor.py:830} INFO - Processing file /opt/airflow/dags/fit_news.py for tasks to queue
[2024-03-23T04:23:56.139+0000] {logging_mixin.py:188} INFO - [2024-03-23T04:23:56.139+0000] {dagbag.py:540} INFO - Filling up the DagBag from /opt/airflow/dags/fit_news.py
[2024-03-23T04:23:56.890+0000] {processor.py:840} INFO - DAG(s) 'NamDAG' retrieved from /opt/airflow/dags/fit_news.py
[2024-03-23T04:23:56.931+0000] {logging_mixin.py:188} INFO - [2024-03-23T04:23:56.930+0000] {dag.py:3047} INFO - Sync 1 DAGs
[2024-03-23T04:23:56.939+0000] {logging_mixin.py:188} INFO - [2024-03-23T04:23:56.939+0000] {dag.py:3834} INFO - Setting next_dagrun for NamDAG to 2024-03-23 04:18:56.889493+00:00, run_after=2024-03-23 04:28:56.889493+00:00
[2024-03-23T04:23:56.947+0000] {processor.py:183} INFO - Processing /opt/airflow/dags/fit_news.py took 0.817 seconds
[2024-03-23T04:24:26.999+0000] {processor.py:161} INFO - Started process (PID=2384) to work on /opt/airflow/dags/fit_news.py
[2024-03-23T04:24:27.000+0000] {processor.py:830} INFO - Processing file /opt/airflow/dags/fit_news.py for tasks to queue
[2024-03-23T04:24:27.002+0000] {logging_mixin.py:188} INFO - [2024-03-23T04:24:27.001+0000] {dagbag.py:540} INFO - Filling up the DagBag from /opt/airflow/dags/fit_news.py
[2024-03-23T04:24:27.785+0000] {processor.py:840} INFO - DAG(s) 'NamDAG' retrieved from /opt/airflow/dags/fit_news.py
[2024-03-23T04:24:27.824+0000] {logging_mixin.py:188} INFO - [2024-03-23T04:24:27.824+0000] {dag.py:3047} INFO - Sync 1 DAGs
[2024-03-23T04:24:27.833+0000] {logging_mixin.py:188} INFO - [2024-03-23T04:24:27.832+0000] {dag.py:3834} INFO - Setting next_dagrun for NamDAG to 2024-03-23 04:19:27.784622+00:00, run_after=2024-03-23 04:29:27.784622+00:00
[2024-03-23T04:24:27.840+0000] {processor.py:183} INFO - Processing /opt/airflow/dags/fit_news.py took 0.847 seconds
[2024-03-23T04:24:58.635+0000] {processor.py:161} INFO - Started process (PID=2439) to work on /opt/airflow/dags/fit_news.py
[2024-03-23T04:24:58.638+0000] {processor.py:830} INFO - Processing file /opt/airflow/dags/fit_news.py for tasks to queue
[2024-03-23T04:24:58.639+0000] {logging_mixin.py:188} INFO - [2024-03-23T04:24:58.639+0000] {dagbag.py:540} INFO - Filling up the DagBag from /opt/airflow/dags/fit_news.py
[2024-03-23T04:24:59.376+0000] {processor.py:840} INFO - DAG(s) 'NamDAG' retrieved from /opt/airflow/dags/fit_news.py
[2024-03-23T04:24:59.414+0000] {logging_mixin.py:188} INFO - [2024-03-23T04:24:59.414+0000] {dag.py:3047} INFO - Sync 1 DAGs
[2024-03-23T04:24:59.422+0000] {logging_mixin.py:188} INFO - [2024-03-23T04:24:59.422+0000] {dag.py:3834} INFO - Setting next_dagrun for NamDAG to 2024-03-23 04:19:59.375138+00:00, run_after=2024-03-23 04:29:59.375138+00:00
[2024-03-23T04:24:59.430+0000] {processor.py:183} INFO - Processing /opt/airflow/dags/fit_news.py took 0.800 seconds
[2024-03-23T04:25:30.232+0000] {processor.py:161} INFO - Started process (PID=2495) to work on /opt/airflow/dags/fit_news.py
[2024-03-23T04:25:30.233+0000] {processor.py:830} INFO - Processing file /opt/airflow/dags/fit_news.py for tasks to queue
[2024-03-23T04:25:30.234+0000] {logging_mixin.py:188} INFO - [2024-03-23T04:25:30.234+0000] {dagbag.py:540} INFO - Filling up the DagBag from /opt/airflow/dags/fit_news.py
[2024-03-23T04:25:30.969+0000] {processor.py:840} INFO - DAG(s) 'NamDAG' retrieved from /opt/airflow/dags/fit_news.py
[2024-03-23T04:25:31.008+0000] {logging_mixin.py:188} INFO - [2024-03-23T04:25:31.008+0000] {dag.py:3047} INFO - Sync 1 DAGs
[2024-03-23T04:25:31.017+0000] {logging_mixin.py:188} INFO - [2024-03-23T04:25:31.017+0000] {dag.py:3834} INFO - Setting next_dagrun for NamDAG to 2024-03-23 04:20:30.967710+00:00, run_after=2024-03-23 04:30:30.967710+00:00
[2024-03-23T04:25:31.025+0000] {processor.py:183} INFO - Processing /opt/airflow/dags/fit_news.py took 0.796 seconds
[2024-03-23T04:26:01.124+0000] {processor.py:161} INFO - Started process (PID=2551) to work on /opt/airflow/dags/fit_news.py
[2024-03-23T04:26:01.125+0000] {processor.py:830} INFO - Processing file /opt/airflow/dags/fit_news.py for tasks to queue
[2024-03-23T04:26:01.127+0000] {logging_mixin.py:188} INFO - [2024-03-23T04:26:01.126+0000] {dagbag.py:540} INFO - Filling up the DagBag from /opt/airflow/dags/fit_news.py
[2024-03-23T04:26:01.898+0000] {processor.py:840} INFO - DAG(s) 'NamDAG' retrieved from /opt/airflow/dags/fit_news.py
[2024-03-23T04:26:01.941+0000] {logging_mixin.py:188} INFO - [2024-03-23T04:26:01.940+0000] {dag.py:3047} INFO - Sync 1 DAGs
[2024-03-23T04:26:01.950+0000] {logging_mixin.py:188} INFO - [2024-03-23T04:26:01.950+0000] {dag.py:3834} INFO - Setting next_dagrun for NamDAG to 2024-03-23 04:21:01.896945+00:00, run_after=2024-03-23 04:31:01.896945+00:00
[2024-03-23T04:26:01.960+0000] {processor.py:183} INFO - Processing /opt/airflow/dags/fit_news.py took 0.841 seconds
[2024-03-23T04:26:32.055+0000] {processor.py:161} INFO - Started process (PID=2606) to work on /opt/airflow/dags/fit_news.py
[2024-03-23T04:26:32.057+0000] {processor.py:830} INFO - Processing file /opt/airflow/dags/fit_news.py for tasks to queue
[2024-03-23T04:26:32.058+0000] {logging_mixin.py:188} INFO - [2024-03-23T04:26:32.058+0000] {dagbag.py:540} INFO - Filling up the DagBag from /opt/airflow/dags/fit_news.py
[2024-03-23T04:26:32.833+0000] {processor.py:840} INFO - DAG(s) 'NamDAG' retrieved from /opt/airflow/dags/fit_news.py
[2024-03-23T04:26:32.873+0000] {logging_mixin.py:188} INFO - [2024-03-23T04:26:32.873+0000] {dag.py:3047} INFO - Sync 1 DAGs
[2024-03-23T04:26:32.881+0000] {logging_mixin.py:188} INFO - [2024-03-23T04:26:32.881+0000] {dag.py:3834} INFO - Setting next_dagrun for NamDAG to 2024-03-23 04:21:32.832025+00:00, run_after=2024-03-23 04:31:32.832025+00:00
[2024-03-23T04:26:32.889+0000] {processor.py:183} INFO - Processing /opt/airflow/dags/fit_news.py took 0.839 seconds
[2024-03-23T04:27:02.941+0000] {processor.py:161} INFO - Started process (PID=2662) to work on /opt/airflow/dags/fit_news.py
[2024-03-23T04:27:02.944+0000] {processor.py:830} INFO - Processing file /opt/airflow/dags/fit_news.py for tasks to queue
[2024-03-23T04:27:02.945+0000] {logging_mixin.py:188} INFO - [2024-03-23T04:27:02.945+0000] {dagbag.py:540} INFO - Filling up the DagBag from /opt/airflow/dags/fit_news.py
[2024-03-23T04:27:03.690+0000] {processor.py:840} INFO - DAG(s) 'NamDAG' retrieved from /opt/airflow/dags/fit_news.py
[2024-03-23T04:27:03.729+0000] {logging_mixin.py:188} INFO - [2024-03-23T04:27:03.729+0000] {dag.py:3047} INFO - Sync 1 DAGs
[2024-03-23T04:27:03.737+0000] {logging_mixin.py:188} INFO - [2024-03-23T04:27:03.737+0000] {dag.py:3834} INFO - Setting next_dagrun for NamDAG to 2024-03-23 04:22:03.689145+00:00, run_after=2024-03-23 04:32:03.689145+00:00
[2024-03-23T04:27:03.745+0000] {processor.py:183} INFO - Processing /opt/airflow/dags/fit_news.py took 0.808 seconds
[2024-03-23T04:27:33.783+0000] {processor.py:161} INFO - Started process (PID=2718) to work on /opt/airflow/dags/fit_news.py
[2024-03-23T04:27:33.786+0000] {processor.py:830} INFO - Processing file /opt/airflow/dags/fit_news.py for tasks to queue
[2024-03-23T04:27:33.788+0000] {logging_mixin.py:188} INFO - [2024-03-23T04:27:33.788+0000] {dagbag.py:540} INFO - Filling up the DagBag from /opt/airflow/dags/fit_news.py
[2024-03-23T04:27:34.544+0000] {processor.py:840} INFO - DAG(s) 'NamDAG' retrieved from /opt/airflow/dags/fit_news.py
[2024-03-23T04:27:34.595+0000] {logging_mixin.py:188} INFO - [2024-03-23T04:27:34.595+0000] {dag.py:3047} INFO - Sync 1 DAGs
[2024-03-23T04:27:34.605+0000] {logging_mixin.py:188} INFO - [2024-03-23T04:27:34.605+0000] {dag.py:3834} INFO - Setting next_dagrun for NamDAG to 2024-03-23 04:22:34.543285+00:00, run_after=2024-03-23 04:32:34.543285+00:00
[2024-03-23T04:27:34.612+0000] {processor.py:183} INFO - Processing /opt/airflow/dags/fit_news.py took 0.835 seconds
[2024-03-23T04:28:04.872+0000] {processor.py:161} INFO - Started process (PID=2774) to work on /opt/airflow/dags/fit_news.py
[2024-03-23T04:28:04.873+0000] {processor.py:830} INFO - Processing file /opt/airflow/dags/fit_news.py for tasks to queue
[2024-03-23T04:28:04.874+0000] {logging_mixin.py:188} INFO - [2024-03-23T04:28:04.874+0000] {dagbag.py:540} INFO - Filling up the DagBag from /opt/airflow/dags/fit_news.py
[2024-03-23T04:28:05.693+0000] {processor.py:840} INFO - DAG(s) 'NamDAG' retrieved from /opt/airflow/dags/fit_news.py
[2024-03-23T04:28:05.745+0000] {logging_mixin.py:188} INFO - [2024-03-23T04:28:05.744+0000] {dag.py:3047} INFO - Sync 1 DAGs
[2024-03-23T04:28:05.754+0000] {logging_mixin.py:188} INFO - [2024-03-23T04:28:05.754+0000] {dag.py:3834} INFO - Setting next_dagrun for NamDAG to 2024-03-23 04:23:05.692036+00:00, run_after=2024-03-23 04:33:05.692036+00:00
[2024-03-23T04:28:05.763+0000] {processor.py:183} INFO - Processing /opt/airflow/dags/fit_news.py took 0.894 seconds
[2024-03-23T04:28:35.868+0000] {processor.py:161} INFO - Started process (PID=2830) to work on /opt/airflow/dags/fit_news.py
[2024-03-23T04:28:35.870+0000] {processor.py:830} INFO - Processing file /opt/airflow/dags/fit_news.py for tasks to queue
[2024-03-23T04:28:35.871+0000] {logging_mixin.py:188} INFO - [2024-03-23T04:28:35.871+0000] {dagbag.py:540} INFO - Filling up the DagBag from /opt/airflow/dags/fit_news.py
[2024-03-23T04:28:37.632+0000] {processor.py:840} INFO - DAG(s) 'NamDAG' retrieved from /opt/airflow/dags/fit_news.py
[2024-03-23T04:28:37.687+0000] {logging_mixin.py:188} INFO - [2024-03-23T04:28:37.687+0000] {dag.py:3047} INFO - Sync 1 DAGs
[2024-03-23T04:28:37.699+0000] {logging_mixin.py:188} INFO - [2024-03-23T04:28:37.699+0000] {dag.py:3834} INFO - Setting next_dagrun for NamDAG to 2024-03-23 04:23:37.630674+00:00, run_after=2024-03-23 04:33:37.630674+00:00
[2024-03-23T04:28:37.708+0000] {processor.py:183} INFO - Processing /opt/airflow/dags/fit_news.py took 1.845 seconds
[2024-03-23T04:29:08.315+0000] {processor.py:161} INFO - Started process (PID=2886) to work on /opt/airflow/dags/fit_news.py
[2024-03-23T04:29:08.317+0000] {processor.py:830} INFO - Processing file /opt/airflow/dags/fit_news.py for tasks to queue
[2024-03-23T04:29:08.318+0000] {logging_mixin.py:188} INFO - [2024-03-23T04:29:08.318+0000] {dagbag.py:540} INFO - Filling up the DagBag from /opt/airflow/dags/fit_news.py
[2024-03-23T04:29:09.148+0000] {processor.py:840} INFO - DAG(s) 'NamDAG' retrieved from /opt/airflow/dags/fit_news.py
[2024-03-23T04:29:09.198+0000] {logging_mixin.py:188} INFO - [2024-03-23T04:29:09.198+0000] {dag.py:3047} INFO - Sync 1 DAGs
[2024-03-23T04:29:09.207+0000] {logging_mixin.py:188} INFO - [2024-03-23T04:29:09.207+0000] {dag.py:3834} INFO - Setting next_dagrun for NamDAG to 2024-03-23 04:24:09.146904+00:00, run_after=2024-03-23 04:34:09.146904+00:00
[2024-03-23T04:29:09.216+0000] {processor.py:183} INFO - Processing /opt/airflow/dags/fit_news.py took 0.907 seconds
[2024-03-23T04:29:39.385+0000] {processor.py:161} INFO - Started process (PID=2941) to work on /opt/airflow/dags/fit_news.py
[2024-03-23T04:29:39.388+0000] {processor.py:830} INFO - Processing file /opt/airflow/dags/fit_news.py for tasks to queue
[2024-03-23T04:29:39.389+0000] {logging_mixin.py:188} INFO - [2024-03-23T04:29:39.388+0000] {dagbag.py:540} INFO - Filling up the DagBag from /opt/airflow/dags/fit_news.py
[2024-03-23T04:29:40.120+0000] {processor.py:840} INFO - DAG(s) 'NamDAG' retrieved from /opt/airflow/dags/fit_news.py
[2024-03-23T04:29:40.161+0000] {logging_mixin.py:188} INFO - [2024-03-23T04:29:40.160+0000] {dag.py:3047} INFO - Sync 1 DAGs
[2024-03-23T04:29:40.168+0000] {logging_mixin.py:188} INFO - [2024-03-23T04:29:40.168+0000] {dag.py:3834} INFO - Setting next_dagrun for NamDAG to 2024-03-23 04:24:40.119084+00:00, run_after=2024-03-23 04:34:40.119084+00:00
[2024-03-23T04:29:40.176+0000] {processor.py:183} INFO - Processing /opt/airflow/dags/fit_news.py took 0.796 seconds
[2024-03-23T04:30:10.262+0000] {processor.py:161} INFO - Started process (PID=2997) to work on /opt/airflow/dags/fit_news.py
[2024-03-23T04:30:10.265+0000] {processor.py:830} INFO - Processing file /opt/airflow/dags/fit_news.py for tasks to queue
[2024-03-23T04:30:10.266+0000] {logging_mixin.py:188} INFO - [2024-03-23T04:30:10.266+0000] {dagbag.py:540} INFO - Filling up the DagBag from /opt/airflow/dags/fit_news.py
[2024-03-23T04:30:10.992+0000] {processor.py:840} INFO - DAG(s) 'NamDAG' retrieved from /opt/airflow/dags/fit_news.py
[2024-03-23T04:30:11.034+0000] {logging_mixin.py:188} INFO - [2024-03-23T04:30:11.034+0000] {dag.py:3047} INFO - Sync 1 DAGs
[2024-03-23T04:30:11.042+0000] {logging_mixin.py:188} INFO - [2024-03-23T04:30:11.042+0000] {dag.py:3834} INFO - Setting next_dagrun for NamDAG to 2024-03-23 04:25:10.991099+00:00, run_after=2024-03-23 04:35:10.991099+00:00
[2024-03-23T04:30:11.050+0000] {processor.py:183} INFO - Processing /opt/airflow/dags/fit_news.py took 0.792 seconds
[2024-03-23T04:30:41.911+0000] {processor.py:161} INFO - Started process (PID=3053) to work on /opt/airflow/dags/fit_news.py
[2024-03-23T04:30:41.913+0000] {processor.py:830} INFO - Processing file /opt/airflow/dags/fit_news.py for tasks to queue
[2024-03-23T04:30:41.914+0000] {logging_mixin.py:188} INFO - [2024-03-23T04:30:41.914+0000] {dagbag.py:540} INFO - Filling up the DagBag from /opt/airflow/dags/fit_news.py
[2024-03-23T04:30:42.640+0000] {processor.py:840} INFO - DAG(s) 'NamDAG' retrieved from /opt/airflow/dags/fit_news.py
[2024-03-23T04:30:42.683+0000] {logging_mixin.py:188} INFO - [2024-03-23T04:30:42.683+0000] {dag.py:3047} INFO - Sync 1 DAGs
[2024-03-23T04:30:42.691+0000] {logging_mixin.py:188} INFO - [2024-03-23T04:30:42.691+0000] {dag.py:3834} INFO - Setting next_dagrun for NamDAG to 2024-03-23 04:25:42.639428+00:00, run_after=2024-03-23 04:35:42.639428+00:00
[2024-03-23T04:30:42.699+0000] {processor.py:183} INFO - Processing /opt/airflow/dags/fit_news.py took 0.792 seconds
[2024-03-23T04:31:13.367+0000] {processor.py:161} INFO - Started process (PID=3109) to work on /opt/airflow/dags/fit_news.py
[2024-03-23T04:31:13.369+0000] {processor.py:830} INFO - Processing file /opt/airflow/dags/fit_news.py for tasks to queue
[2024-03-23T04:31:13.370+0000] {logging_mixin.py:188} INFO - [2024-03-23T04:31:13.370+0000] {dagbag.py:540} INFO - Filling up the DagBag from /opt/airflow/dags/fit_news.py
[2024-03-23T04:31:14.111+0000] {processor.py:840} INFO - DAG(s) 'NamDAG' retrieved from /opt/airflow/dags/fit_news.py
[2024-03-23T04:31:14.153+0000] {logging_mixin.py:188} INFO - [2024-03-23T04:31:14.153+0000] {dag.py:3047} INFO - Sync 1 DAGs
[2024-03-23T04:31:14.161+0000] {logging_mixin.py:188} INFO - [2024-03-23T04:31:14.161+0000] {dag.py:3834} INFO - Setting next_dagrun for NamDAG to 2024-03-23 04:26:14.110423+00:00, run_after=2024-03-23 04:36:14.110423+00:00
[2024-03-23T04:31:14.169+0000] {processor.py:183} INFO - Processing /opt/airflow/dags/fit_news.py took 0.808 seconds
[2024-03-23T04:31:44.936+0000] {processor.py:161} INFO - Started process (PID=3165) to work on /opt/airflow/dags/fit_news.py
[2024-03-23T04:31:44.938+0000] {processor.py:830} INFO - Processing file /opt/airflow/dags/fit_news.py for tasks to queue
[2024-03-23T04:31:44.939+0000] {logging_mixin.py:188} INFO - [2024-03-23T04:31:44.939+0000] {dagbag.py:540} INFO - Filling up the DagBag from /opt/airflow/dags/fit_news.py
[2024-03-23T04:31:45.665+0000] {processor.py:840} INFO - DAG(s) 'NamDAG' retrieved from /opt/airflow/dags/fit_news.py
[2024-03-23T04:31:45.707+0000] {logging_mixin.py:188} INFO - [2024-03-23T04:31:45.707+0000] {dag.py:3047} INFO - Sync 1 DAGs
[2024-03-23T04:31:45.715+0000] {logging_mixin.py:188} INFO - [2024-03-23T04:31:45.715+0000] {dag.py:3834} INFO - Setting next_dagrun for NamDAG to 2024-03-23 04:26:45.664086+00:00, run_after=2024-03-23 04:36:45.664086+00:00
[2024-03-23T04:31:45.723+0000] {processor.py:183} INFO - Processing /opt/airflow/dags/fit_news.py took 0.793 seconds
